{"metric": {"full191": 0.22448979591836735}}
{"metric": {"full191UAR": 0.159524}}
{"metric": {"full191f1": 0.161511}}
{"metric": {"full191wa": 0.381659}}
{"metric": {"full191": 0.3469387755102041}}
{"metric": {"full191UAR": 0.190336}}
{"metric": {"full191f1": 0.179113}}
{"metric": {"full191wa": 0.693878}}
{"metric": {"full191UAR": 0.263946}}
{"metric": {"full191f1": 0.180506}}
{"metric": {"full191UAR": 0.289189}}
{"metric": {"full191wa": 0.747151}}
{"metric": {"full191": 0.3469387755102041}}
{"metric": {"full191f1": 0.207374}}
{"metric": {"full191wa": 0.775325}}
{"metric": {"full191wa": 0.79181}}
{"metric": {"full191": 0.3469387755102041}}
{"metric": {"full191wa": 0.840843}}
{"metric": {"full191": 0.3469387755102041}}
{"metric": {"full191wa": 0.884972}}
{"metric": {"full191wa": 0.900212}}
{"metric": {"zhong": 0.14285714285714285}}
{"metric": {"zhongUAR": 0.109524}}
{"metric": {"zhongf1": 0.09216}}
{"metric": {"zhongwa": 0.19454}}
{"metric": {"zhong": 0.14285714285714285}}
{"metric": {"zhongUAR": 0.113445}}
{"metric": {"zhong": 0.20408163265306123}}
{"metric": {"zhongf1": 0.107927}}
{"metric": {"zhongwa": 0.268752}}
{"metric": {"zhong": 0.22448979591836735}}
{"metric": {"zhongUAR": 0.116124}}
{"metric": {"zhongf1": 0.116356}}
{"metric": {"zhongwa": 0.299231}}
{"metric": {"zhong": 0.22448979591836735}}
{"metric": {"zhongwa": 0.341373}}
{"metric": {"zhong": 0.22448979591836735}}
{"metric": {"zhongwa": 0.353035}}
{"metric": {"zhong": 0.32653061224489793}}
{"metric": {"zhongUAR": 0.116916}}
{"metric": {"zhongf1": 0.143409}}
{"metric": {"zhongwa": 0.520541}}
{"metric": {"zhong": 0.3469387755102041}}
{"metric": {"zhongUAR": 0.12212}}
{"metric": {"zhongf1": 0.144375}}
{"metric": {"zhongwa": 0.630665}}
{"metric": {"zhong": 0.3673469387755102}}
{"metric": {"zhongUAR": 0.125}}
{"metric": {"zhongf1": 0.149068}}
{"metric": {"zhongwa": 0.693347}}
{"metric": {"zhong": 0.3673469387755102}}
{"metric": {"zhongUAR": 0.136134}}
{"metric": {"zhongf1": 0.153061}}
{"metric": {"zhongwa": 0.706069}}
{"metric": {"zhongwa": 0.713226}}
{"metric": {"zhongwa": 0.722502}}
{"metric": {"zhong": 0.3673469387755102}}
{"metric": {"zhongwa": 0.734694}}
{"metric": {"zhong": 0.3673469387755102}}
{"metric": {"zhong": 0.3673469387755102}}
{"metric": {"zhong": 0.3673469387755102}}
{"metric": {"zhongf1": 0.153175}}
{"metric": {"zhong": 0.3877551020408163}}
{"metric": {"zhongf1": 0.161002}}
{"metric": {"zhong": 0.40816326530612246}}
{"metric": {"zhongf1": 0.170408}}
{"metric": {"full191": 0.12244897959183673}}
{"metric": {"full191UAR": 0.064874}}
{"metric": {"full191f1": 0.075048}}
{"metric": {"full191wa": 0.270607}}
{"metric": {"full191UAR": 0.072318}}
{"metric": {"full191f1": 0.076479}}
{"metric": {"full191": 0.14285714285714285}}
{"metric": {"full191UAR": 0.101921}}
{"metric": {"full191f1": 0.120629}}
{"metric": {"full191wa": 0.433077}}
{"metric": {"full191UAR": 0.205556}}
{"metric": {"full191": 0.16326530612244897}}
{"metric": {"full191": 0.22448979591836735}}
{"metric": {"full191f1": 0.17995}}
{"metric": {"full191": 0.24489795918367346}}
{"metric": {"full191f1": 0.216004}}
{"metric": {"full191wa": 0.456454}}
{"metric": {"full191": 0.24489795918367346}}
{"metric": {"full191UAR": 0.247619}}
{"metric": {"full191": 0.2857142857142857}}
{"metric": {"full191wa": 0.505645}}
{"metric": {"full191UAR": 0.283163}}
{"metric": {"full191wa": 0.533793}}
{"metric": {"full191UAR": 0.289286}}
{"metric": {"full191": 0.2857142857142857}}
{"metric": {"full191": 0.2857142857142857}}
{"metric": {"full191": 0.3469387755102041}}
{"metric": {"full191UAR": 0.388209}}
{"metric": {"full191f1": 0.275081}}
{"metric": {"full191UAR": 0.492063}}
{"metric": {"full191f1": 0.283851}}
{"metric": {"full191wa": 0.596329}}
{"metric": {"full191": 0.3469387755102041}}
{"metric": {"zhong": 0.1836734693877551}}
{"metric": {"zhongUAR": 0.123995}}
{"metric": {"zhongf1": 0.124717}}
{"metric": {"zhongwa": 0.298834}}
{"metric": {"zhong": 0.22448979591836735}}
{"metric": {"zhongwa": 0.423469}}
{"metric": {"zhong": 0.22448979591836735}}
{"metric": {"zhongUAR": 0.126531}}
{"metric": {"zhong": 0.22448979591836735}}
{"metric": {"zhong": 0.22448979591836735}}
{"metric": {"zhong": 0.24489795918367346}}
{"metric": {"zhongwa": 0.423986}}
{"metric": {"zhong": 0.24489795918367346}}
{"metric": {"zhong": 0.2653061224489796}}
{"metric": {"zhongf1": 0.130027}}
{"metric": {"zhong": 0.2653061224489796}}
{"metric": {"zhongf1": 0.135033}}
{"metric": {"zhong": 0.2653061224489796}}
{"metric": {"zhongf1": 0.136084}}
{"metric": {"zhong": 0.2653061224489796}}
{"metric": {"zhong": 0.2653061224489796}}
{"metric": {"zhong": 0.2857142857142857}}
{"metric": {"zhongf1": 0.145068}}
{"metric": {"zhong": 0.30612244897959184}}
{"metric": {"zhongUAR": 0.130357}}
{"metric": {"zhongf1": 0.152315}}
{"metric": {"zhongwa": 0.425391}}
{"metric": {"zhong": 0.30612244897959184}}
{"metric": {"zhong": 0.30612244897959184}}
{"metric": {"zhongwa": 0.434429}}
{"metric": {"zhong": 0.30612244897959184}}
{"metric": {"zhong": 0.30612244897959184}}
{"metric": {"zhong": 0.30612244897959184}}
{"metric": {"zhong": 0.30612244897959184}}
{"metric": {"zhongUAR": 0.196825}}
{"metric": {"zhongf1": 0.177167}}
{"metric": {"zhong": 0.30612244897959184}}
{"metric": {"zhong": 0.32653061224489793}}
{"metric": {"zhongUAR": 0.204945}}
{"metric": {"zhongf1": 0.185948}}
{"metric": {"zhong": 0.32653061224489793}}
{"metric": {"zhongUAR": 0.20703}}
{"metric": {"zhongf1": 0.187049}}
{"metric": {"zhong": 0.3469387755102041}}
{"metric": {"zhongUAR": 0.225813}}
{"metric": {"zhongf1": 0.207833}}
{"metric": {"zhongwa": 0.447416}}
{"metric": {"zhong": 0.3469387755102041}}
{"metric": {"zhong": 0.3469387755102041}}
{"metric": {"zhongUAR": 0.228355}}
{"metric": {"zhong": 0.3469387755102041}}
{"metric": {"zhongUAR": 0.303985}}
{"metric": {"zhongf1": 0.21649}}
{"metric": {"zhong": 0.3877551020408163}}
{"metric": {"zhongUAR": 0.319902}}
{"metric": {"zhongf1": 0.237245}}
{"metric": {"zhongwa": 0.483488}}
{"metric": {"zhong": 0.3877551020408163}}
{"metric": {"zhong": 0.40816326530612246}}
{"metric": {"zhongUAR": 0.335682}}
{"metric": {"zhongf1": 0.256452}}
{"metric": {"zhongwa": 0.51789}}
{"metric": {"zhong": 0.40816326530612246}}
{"metric": {"zhong": 0.40816326530612246}}
{"metric": {"zhong": 0.40816326530612246}}
{"metric": {"zhong": 0.40816326530612246}}
{"metric": {"zhong": 0.40816326530612246}}
{"metric": {"zhongwa": 0.530135}}
{"metric": {"zhong": 0.40816326530612246}}
{"metric": {"zhong": 0.40816326530612246}}
{"metric": {"zhong": 0.42857142857142855}}
{"metric": {"zhongUAR": 0.345696}}
{"metric": {"zhongf1": 0.269608}}
{"metric": {"zhongwa": 0.576782}}
{"metric": {"zhong": 0.42857142857142855}}
{"metric": {"zhong": 0.42857142857142855}}
{"metric": {"zhong": 0.42857142857142855}}
{"metric": {"zhong": 0.42857142857142855}}
{"metric": {"zhong": 0.42857142857142855}}
{"metric": {"zhong": 0.42857142857142855}}
{"metric": {"zhong": 0.42857142857142855}}
{"metric": {"zhong": 0.42857142857142855}}
{"metric": {"zhong": 0.42857142857142855}}
{"metric": {"zhong": 0.42857142857142855}}
{"metric": {"zhong": 0.42857142857142855}}
{"metric": {"zhong": 0.42857142857142855}}
{"metric": {"zhong": 0.42857142857142855}}
{"metric": {"zhong": 0.42857142857142855}}
{"metric": {"zhong": 0.42857142857142855}}
{"metric": {"zhong": 0.42857142857142855}}
{"metric": {"zhong": 0.42857142857142855}}
{"metric": {"zhong": 0.42857142857142855}}
{"metric": {"zhong": 0.42857142857142855}}
{"metric": {"zhong": 0.42857142857142855}}
{"metric": {"zhong": 0.42857142857142855}}
{"metric": {"zhong": 0.42857142857142855}}
{"metric": {"zhong": 0.42857142857142855}}
{"metric": {"zhong": 0.42857142857142855}}
{"metric": {"zhong": 0.42857142857142855}}
{"metric": {"zhong": 0.42857142857142855}}
{"metric": {"zhong": 0.42857142857142855}}
{"metric": {"zhong": 0.42857142857142855}}
{"metric": {"zhong": 0.42857142857142855}}
{"metric": {"zhong": 0.42857142857142855}}
{"metric": {"zhong": 0.42857142857142855}}
{"metric": {"zhong": 0.42857142857142855}}
{"metric": {"zhong": 0.42857142857142855}}
{"metric": {"zhong": 0.42857142857142855}}
{"metric": {"zhong": 0.42857142857142855}}
{"metric": {"zhong": 0.42857142857142855}}
{"metric": {"zhong": 0.42857142857142855}}
{"metric": {"zhong": 0.42857142857142855}}
{"metric": {"zhong": 0.42857142857142855}}
{"metric": {"zhong": 0.42857142857142855}}
