Step:1	{"loss": {"full191train_loss": 0.04300204543180244}, "step": 1}
Step:1	{"loss": {"full191test_loss": 0.03984986519326969}, "step": 1}
Step:2	{"loss": {"full191train_loss": 0.0442806177361067}, "step": 2}
Step:2	{"loss": {"full191test_loss": 0.03981726023615623}, "step": 2}
Step:3	{"loss": {"full191train_loss": 0.04299381167389626}, "step": 3}
Step:3	{"loss": {"full191test_loss": 0.03810046157058405}, "step": 3}
Step:4	{"loss": {"full191train_loss": 0.043359958848287895}, "step": 4}
Step:4	{"loss": {"full191test_loss": 0.03873405407886116}, "step": 4}
Step:5	{"loss": {"full191train_loss": 0.043343300043150436}, "step": 5}
Step:5	{"loss": {"full191test_loss": 0.039618788933267396}, "step": 5}
Step:6	{"loss": {"full191train_loss": 0.04328119200329448}, "step": 6}
Step:6	{"loss": {"full191test_loss": 0.03952981014640964}, "step": 6}
Step:7	{"loss": {"full191train_loss": 0.044199377991432365}, "step": 7}
Step:7	{"loss": {"full191test_loss": 0.0389253484959505}, "step": 7}
Step:8	{"loss": {"full191train_loss": 0.043360482814700105}, "step": 8}
Step:8	{"loss": {"full191test_loss": 0.03923037830664187}, "step": 8}
Step:9	{"loss": {"full191train_loss": 0.044186775074448695}, "step": 9}
Step:9	{"loss": {"full191test_loss": 0.03983427310476498}, "step": 9}
Step:10	{"loss": {"full191train_loss": 0.043142534965692564}, "step": 10}
Step:10	{"loss": {"full191test_loss": 0.03957671291974126}, "step": 10}
Step:11	{"loss": {"full191train_loss": 0.04435987527980361}, "step": 11}
Step:11	{"loss": {"full191test_loss": 0.040085753616021604}, "step": 11}
Step:12	{"loss": {"full191train_loss": 0.04224141531212385}, "step": 12}
Step:12	{"loss": {"full191test_loss": 0.04001447375939817}, "step": 12}
Step:13	{"loss": {"full191train_loss": 0.045719634654910066}, "step": 13}
Step:13	{"loss": {"full191test_loss": 0.03826487064361572}, "step": 13}
Step:14	{"loss": {"full191train_loss": 0.04340990476830061}, "step": 14}
Step:14	{"loss": {"full191test_loss": 0.03917567097410864}, "step": 14}
Step:15	{"loss": {"full191train_loss": 0.0433694650960523}, "step": 15}
Step:15	{"loss": {"full191test_loss": 0.03897636763903559}, "step": 15}
Step:16	{"loss": {"full191train_loss": 0.043030201002608896}, "step": 16}
Step:16	{"loss": {"full191test_loss": 0.0391430562856246}, "step": 16}
Step:17	{"loss": {"full191train_loss": 0.043498829353687374}, "step": 17}
Step:17	{"loss": {"full191test_loss": 0.03865341264374402}, "step": 17}
Step:18	{"loss": {"full191train_loss": 0.04364957643109699}, "step": 18}
Step:18	{"loss": {"full191test_loss": 0.039626715134601205}, "step": 18}
Step:19	{"loss": {"full191train_loss": 0.042998158654501274}, "step": 19}
Step:19	{"loss": {"full191test_loss": 0.039265542614216706}, "step": 19}
Step:20	{"loss": {"full191train_loss": 0.044070984041968055}, "step": 20}
Step:20	{"loss": {"full191test_loss": 0.03926511200106874}, "step": 20}
Step:21	{"loss": {"full191train_loss": 0.04348633178444796}, "step": 21}
Step:21	{"loss": {"full191test_loss": 0.038993392671857564}, "step": 21}
Step:22	{"loss": {"full191train_loss": 0.04399773963662081}, "step": 22}
Step:22	{"loss": {"full191test_loss": 0.039904616316970516}, "step": 22}
Step:23	{"loss": {"full191train_loss": 0.04286018083261889}, "step": 23}
Step:23	{"loss": {"full191test_loss": 0.039092976219800055}, "step": 23}
Step:24	{"loss": {"full191train_loss": 0.04323975984440293}, "step": 24}
Step:24	{"loss": {"full191test_loss": 0.03931465197582634}, "step": 24}
Step:25	{"loss": {"full191train_loss": 0.04352614491484886}, "step": 25}
Step:25	{"loss": {"full191test_loss": 0.039626880567900986}, "step": 25}
Step:26	{"loss": {"full191train_loss": 0.042644126470698866}, "step": 26}
Step:26	{"loss": {"full191test_loss": 0.03967426990976139}, "step": 26}
Step:27	{"loss": {"full191train_loss": 0.04279453532640324}, "step": 27}
Step:27	{"loss": {"full191test_loss": 0.03896975273988685}, "step": 27}
Step:28	{"loss": {"full191train_loss": 0.04183498371479123}, "step": 28}
Step:28	{"loss": {"full191test_loss": 0.03933077442402742}, "step": 28}
Step:29	{"loss": {"full191train_loss": 0.04398993835892788}, "step": 29}
Step:29	{"loss": {"full191test_loss": 0.038903684032206634}, "step": 29}
Step:30	{"loss": {"full191train_loss": 0.0437302034954692}, "step": 30}
Step:30	{"loss": {"full191test_loss": 0.03902123169023163}, "step": 30}
Step:31	{"loss": {"full191train_loss": 0.043627919152725576}, "step": 31}
Step:31	{"loss": {"full191test_loss": 0.03873460390129868}, "step": 31}
Step:32	{"loss": {"full191train_loss": 0.04248924033586369}, "step": 32}
Step:32	{"loss": {"full191test_loss": 0.039229607095523755}, "step": 32}
Step:33	{"loss": {"full191train_loss": 0.04485990834790607}, "step": 33}
Step:33	{"loss": {"full191test_loss": 0.03947220529828753}, "step": 33}
Step:34	{"loss": {"full191train_loss": 0.04359887367071107}, "step": 34}
Step:34	{"loss": {"full191test_loss": 0.03856582301003592}, "step": 34}
Step:35	{"loss": {"full191train_loss": 0.0434601999992548}, "step": 35}
Step:35	{"loss": {"full191test_loss": 0.039357379991181045}, "step": 35}
Step:36	{"loss": {"full191train_loss": 0.04349908440612083}, "step": 36}
Step:36	{"loss": {"full191test_loss": 0.03994005796860675}, "step": 36}
Step:37	{"loss": {"full191train_loss": 0.042796719905941985}, "step": 37}
Step:37	{"loss": {"full191test_loss": 0.03976108103382344}, "step": 37}
Step:38	{"loss": {"full191train_loss": 0.04259189339571221}, "step": 38}
Step:38	{"loss": {"full191test_loss": 0.03939017714286337}, "step": 38}
Step:39	{"loss": {"full191train_loss": 0.04306678439295569}, "step": 39}
Step:39	{"loss": {"full191test_loss": 0.03883589287193454}, "step": 39}
Step:40	{"loss": {"full191train_loss": 0.04291138260863548}, "step": 40}
Step:40	{"loss": {"full191test_loss": 0.038200468433146575}, "step": 40}
Step:41	{"loss": {"full191train_loss": 0.04335017814192661}, "step": 41}
Step:41	{"loss": {"full191test_loss": 0.03938014409979995}, "step": 41}
Step:42	{"loss": {"full191train_loss": 0.04243918075117954}, "step": 42}
Step:42	{"loss": {"full191test_loss": 0.03846185304680649}, "step": 42}
Step:43	{"loss": {"full191train_loss": 0.04242657228957775}, "step": 43}
Step:43	{"loss": {"full191test_loss": 0.0396593054946588}, "step": 43}
Step:44	{"loss": {"full191train_loss": 0.043498285981111745}, "step": 44}
Step:44	{"loss": {"full191test_loss": 0.03951655845252835}, "step": 44}
Step:45	{"loss": {"full191train_loss": 0.04283828790797744}, "step": 45}
Step:45	{"loss": {"full191test_loss": 0.039049433202159645}, "step": 45}
Step:46	{"loss": {"full191train_loss": 0.04258436380430709}, "step": 46}
Step:46	{"loss": {"full191test_loss": 0.040067658132436325}, "step": 46}
Step:47	{"loss": {"full191train_loss": 0.043128576389578885}, "step": 47}
Step:47	{"loss": {"full191test_loss": 0.0383320511603842}, "step": 47}
Step:48	{"loss": {"full191train_loss": 0.04208123961160349}, "step": 48}
Step:48	{"loss": {"full191test_loss": 0.039384785963564505}, "step": 48}
Step:49	{"loss": {"full191train_loss": 0.04187172235444535}, "step": 49}
Step:49	{"loss": {"full191test_loss": 0.03908737824887645}, "step": 49}
Step:50	{"loss": {"full191train_loss": 0.041667569515316985}, "step": 50}
Step:50	{"loss": {"full191test_loss": 0.039342371784910866}, "step": 50}
Step:51	{"loss": {"full191train_loss": 0.04277810939522677}, "step": 51}
Step:51	{"loss": {"full191test_loss": 0.03875753830890266}, "step": 51}
Step:52	{"loss": {"full191train_loss": 0.04238130602725716}, "step": 52}
Step:52	{"loss": {"full191test_loss": 0.03915940742103421}, "step": 52}
Step:53	{"loss": {"full191train_loss": 0.04392735902653184}, "step": 53}
Step:53	{"loss": {"full191test_loss": 0.03932717138407182}, "step": 53}
Step:54	{"loss": {"full191train_loss": 0.04279591870862384}, "step": 54}
Step:54	{"loss": {"full191test_loss": 0.03846110373127217}, "step": 54}
Step:55	{"loss": {"full191train_loss": 0.04107664906701376}, "step": 55}
Step:55	{"loss": {"full191test_loss": 0.039170289526180346}, "step": 55}
Step:56	{"loss": {"full191train_loss": 0.04126890870027764}, "step": 56}
Step:56	{"loss": {"full191test_loss": 0.03878106146442647}, "step": 56}
Step:57	{"loss": {"full191train_loss": 0.04261189837788427}, "step": 57}
Step:57	{"loss": {"full191test_loss": 0.03848130848942971}, "step": 57}
Step:58	{"loss": {"full191train_loss": 0.04287179126295933}, "step": 58}
Step:58	{"loss": {"full191test_loss": 0.03988791485222019}, "step": 58}
Step:59	{"loss": {"full191train_loss": 0.041962022005125534}, "step": 59}
Step:59	{"loss": {"full191test_loss": 0.038666630277828296}, "step": 59}
Step:60	{"loss": {"full191train_loss": 0.04216671544452046}, "step": 60}
Step:60	{"loss": {"full191test_loss": 0.03809615543910435}, "step": 60}
Step:61	{"loss": {"full191train_loss": 0.04257059097290039}, "step": 61}
Step:61	{"loss": {"full191test_loss": 0.0389716844169461}, "step": 61}
Step:62	{"loss": {"full191train_loss": 0.04204251877097196}, "step": 62}
Step:62	{"loss": {"full191test_loss": 0.039397300506124694}, "step": 62}
Step:63	{"loss": {"full191train_loss": 0.04258863038794939}, "step": 63}
Step:63	{"loss": {"full191test_loss": 0.038218588245158294}, "step": 63}
Step:64	{"loss": {"full191train_loss": 0.0425329374712567}, "step": 64}
Step:64	{"loss": {"full191test_loss": 0.03987432985889668}, "step": 64}
Step:65	{"loss": {"full191train_loss": 0.043272478635921034}, "step": 65}
Step:65	{"loss": {"full191test_loss": 0.038576744040664364}, "step": 65}
Step:66	{"loss": {"full191train_loss": 0.04266176390093426}, "step": 66}
Step:66	{"loss": {"full191test_loss": 0.038788912247638314}, "step": 66}
Step:67	{"loss": {"full191train_loss": 0.041878212329953216}, "step": 67}
Step:67	{"loss": {"full191test_loss": 0.039671450245137116}, "step": 67}
Step:68	{"loss": {"full191train_loss": 0.04107498568157817}, "step": 68}
Step:68	{"loss": {"full191test_loss": 0.04014515633485755}, "step": 68}
Step:69	{"loss": {"full191train_loss": 0.04197437818660293}, "step": 69}
Step:69	{"loss": {"full191test_loss": 0.03930027630864358}, "step": 69}
Step:70	{"loss": {"full191train_loss": 0.04127478045086528}, "step": 70}
Step:70	{"loss": {"full191test_loss": 0.04024920658189423}, "step": 70}
Step:71	{"loss": {"full191train_loss": 0.04148145609123762}, "step": 71}
Step:71	{"loss": {"full191test_loss": 0.039256008303895286}, "step": 71}
Step:72	{"loss": {"full191train_loss": 0.0413946273714997}, "step": 72}
Step:72	{"loss": {"full191test_loss": 0.038683883997858784}, "step": 72}
Step:73	{"loss": {"full191train_loss": 0.042044434436531955}, "step": 73}
Step:73	{"loss": {"full191test_loss": 0.038864357130868096}, "step": 73}
Step:74	{"loss": {"full191train_loss": 0.04115943298783413}, "step": 74}
Step:74	{"loss": {"full191test_loss": 0.038836807620768646}, "step": 74}
Step:75	{"loss": {"full191train_loss": 0.04184172874273256}, "step": 75}
Step:75	{"loss": {"full191test_loss": 0.03867872637145373}, "step": 75}
Step:76	{"loss": {"full191train_loss": 0.04222110260364621}, "step": 76}
Step:76	{"loss": {"full191test_loss": 0.03842291053460569}, "step": 76}
Step:77	{"loss": {"full191train_loss": 0.04099028886750687}, "step": 77}
Step:77	{"loss": {"full191test_loss": 0.03909385934167979}, "step": 77}
Step:78	{"loss": {"full191train_loss": 0.04101175485655319}, "step": 78}
Step:78	{"loss": {"full191test_loss": 0.039734782004842956}, "step": 78}
Step:79	{"loss": {"full191train_loss": 0.04211448791415193}, "step": 79}
Step:79	{"loss": {"full191test_loss": 0.03888964896299401}, "step": 79}
Step:80	{"loss": {"full191train_loss": 0.041307770928671196}, "step": 80}
Step:80	{"loss": {"full191test_loss": 0.03887207654057717}, "step": 80}
Step:81	{"loss": {"full191train_loss": 0.041717418404512624}, "step": 81}
Step:81	{"loss": {"full191test_loss": 0.038718617692285656}, "step": 81}
Step:82	{"loss": {"full191train_loss": 0.04179761021636253}, "step": 82}
Step:82	{"loss": {"full191test_loss": 0.039596715751959354}, "step": 82}
Step:83	{"loss": {"full191train_loss": 0.041447916696237964}, "step": 83}
Step:83	{"loss": {"full191test_loss": 0.03884964573140047}, "step": 83}
Step:84	{"loss": {"full191train_loss": 0.04027640265087749}, "step": 84}
Step:84	{"loss": {"full191test_loss": 0.03841542224494778}, "step": 84}
Step:85	{"loss": {"full191train_loss": 0.04216453086498172}, "step": 85}
Step:85	{"loss": {"full191test_loss": 0.03922497739597243}, "step": 85}
Step:86	{"loss": {"full191train_loss": 0.04349450177924578}, "step": 86}
Step:86	{"loss": {"full191test_loss": 0.03883599505132558}, "step": 86}
Step:87	{"loss": {"full191train_loss": 0.041479859241219455}, "step": 87}
Step:87	{"loss": {"full191test_loss": 0.039386252967678774}, "step": 87}
Step:88	{"loss": {"full191train_loss": 0.04280854380407999}, "step": 88}
Step:88	{"loss": {"full191test_loss": 0.039808837734923073}, "step": 88}
Step:89	{"loss": {"full191train_loss": 0.04244786362315333}, "step": 89}
Step:89	{"loss": {"full191test_loss": 0.03902111248094208}, "step": 89}
Step:90	{"loss": {"full191train_loss": 0.04228881348011106}, "step": 90}
Step:90	{"loss": {"full191test_loss": 0.03957966639071095}, "step": 90}
Step:91	{"loss": {"full191train_loss": 0.04177910782570063}, "step": 91}
Step:91	{"loss": {"full191test_loss": 0.03947720965560602}, "step": 91}
Step:92	{"loss": {"full191train_loss": 0.04172753178796103}, "step": 92}
Step:92	{"loss": {"full191test_loss": 0.03981564239579804}, "step": 92}
Step:93	{"loss": {"full191train_loss": 0.0416590224864871}, "step": 93}
Step:93	{"loss": {"full191test_loss": 0.039773018992677024}, "step": 93}
Step:94	{"loss": {"full191train_loss": 0.04252391360526861}, "step": 94}
Step:94	{"loss": {"full191test_loss": 0.03926524337457151}, "step": 94}
Step:95	{"loss": {"full191train_loss": 0.041444722996201624}, "step": 95}
Step:95	{"loss": {"full191test_loss": 0.03985114243565774}, "step": 95}
Step:96	{"loss": {"full191train_loss": 0.04206586161325144}, "step": 96}
Step:96	{"loss": {"full191test_loss": 0.0394923735638054}, "step": 96}
Step:97	{"loss": {"full191train_loss": 0.04169187712114911}, "step": 97}
Step:97	{"loss": {"full191test_loss": 0.038943864861313175}, "step": 97}
Step:98	{"loss": {"full191train_loss": 0.040839716445568}, "step": 98}
Step:98	{"loss": {"full191test_loss": 0.03906390861589081}, "step": 98}
Step:99	{"loss": {"full191train_loss": 0.04206145918646524}, "step": 99}
Step:99	{"loss": {"full191test_loss": 0.038322125162397115}, "step": 99}
Step:100	{"loss": {"full191train_loss": 0.04139647650164227}, "step": 100}
Step:100	{"loss": {"full191test_loss": 0.03924193917488565}, "step": 100}
Step:1	{"loss": {"zhongtrain_loss": 0.04811434413111487}, "step": 1}
Step:1	{"loss": {"zhongtest_loss": 0.041312752937784}, "step": 1}
Step:2	{"loss": {"zhongtrain_loss": 0.04536546108334563}, "step": 2}
Step:2	{"loss": {"zhongtest_loss": 0.04078967230660575}, "step": 2}
Step:3	{"loss": {"zhongtrain_loss": 0.04290595165518827}, "step": 3}
Step:3	{"loss": {"zhongtest_loss": 0.04042332756276033}, "step": 3}
Step:4	{"loss": {"zhongtrain_loss": 0.040699542954910635}, "step": 4}
Step:4	{"loss": {"zhongtest_loss": 0.0401702170469323}, "step": 4}
Step:5	{"loss": {"zhongtrain_loss": 0.03871750277142192}, "step": 5}
Step:5	{"loss": {"zhongtest_loss": 0.04000271339805759}, "step": 5}
Step:6	{"loss": {"zhongtrain_loss": 0.036921722944392714}, "step": 6}
Step:6	{"loss": {"zhongtest_loss": 0.039888138673743426}, "step": 6}
Step:7	{"loss": {"zhongtrain_loss": 0.035275961077490516}, "step": 7}
Step:7	{"loss": {"zhongtest_loss": 0.03980166571480887}, "step": 7}
Step:8	{"loss": {"zhongtrain_loss": 0.03374953048173771}, "step": 8}
Step:8	{"loss": {"zhongtest_loss": 0.03974039700566506}, "step": 8}
Step:9	{"loss": {"zhongtrain_loss": 0.03232151408528173}, "step": 9}
Step:9	{"loss": {"zhongtest_loss": 0.03968363878678302}, "step": 9}
Step:10	{"loss": {"zhongtrain_loss": 0.030974338220995525}, "step": 10}
Step:10	{"loss": {"zhongtest_loss": 0.03963049090638453}, "step": 10}
Step:11	{"loss": {"zhongtrain_loss": 0.02969078684962073}, "step": 11}
Step:11	{"loss": {"zhongtest_loss": 0.03957476664562615}, "step": 11}
Step:12	{"loss": {"zhongtrain_loss": 0.028451467669287394}, "step": 12}
Step:12	{"loss": {"zhongtest_loss": 0.03950551091408243}, "step": 12}
Step:13	{"loss": {"zhongtrain_loss": 0.02725884526274925}, "step": 13}
Step:13	{"loss": {"zhongtest_loss": 0.03943174225943429}, "step": 13}
Step:14	{"loss": {"zhongtrain_loss": 0.026095861612364303}, "step": 14}
Step:14	{"loss": {"zhongtest_loss": 0.03934427913354368}, "step": 14}
Step:15	{"loss": {"zhongtrain_loss": 0.024960761846498}, "step": 15}
Step:15	{"loss": {"zhongtest_loss": 0.03925237363698531}, "step": 15}
Step:16	{"loss": {"zhongtrain_loss": 0.023852678232414777}, "step": 16}
Step:16	{"loss": {"zhongtest_loss": 0.039160859828092615}, "step": 16}
Step:17	{"loss": {"zhongtrain_loss": 0.02277422782986663}, "step": 17}
Step:17	{"loss": {"zhongtest_loss": 0.039065013126451144}, "step": 17}
Step:18	{"loss": {"zhongtrain_loss": 0.02172819958176724}, "step": 18}
Step:18	{"loss": {"zhongtest_loss": 0.03897427052867656}, "step": 18}
Step:19	{"loss": {"zhongtrain_loss": 0.02071593112723772}, "step": 19}
Step:19	{"loss": {"zhongtest_loss": 0.03889283598685751}, "step": 19}
Step:20	{"loss": {"zhongtrain_loss": 0.019741988459298778}, "step": 20}
Step:20	{"loss": {"zhongtest_loss": 0.03881294143443205}, "step": 20}
Step:21	{"loss": {"zhongtrain_loss": 0.018811644509781237}, "step": 21}
Step:21	{"loss": {"zhongtest_loss": 0.03874590932106485}, "step": 21}
Step:22	{"loss": {"zhongtrain_loss": 0.018047390982162122}, "step": 22}
Step:22	{"loss": {"zhongtest_loss": 0.03868889078801992}, "step": 22}
Step:23	{"loss": {"zhongtrain_loss": 0.017309199932009675}, "step": 23}
Step:23	{"loss": {"zhongtest_loss": 0.038635752638992}, "step": 23}
Step:24	{"loss": {"zhongtrain_loss": 0.016598618307779003}, "step": 24}
Step:24	{"loss": {"zhongtest_loss": 0.03858244175813636}, "step": 24}
Step:25	{"loss": {"zhongtrain_loss": 0.015921122806016787}, "step": 25}
Step:25	{"loss": {"zhongtest_loss": 0.03853196027327557}, "step": 25}
Step:26	{"loss": {"zhongtrain_loss": 0.015267728373061779}, "step": 26}
Step:26	{"loss": {"zhongtest_loss": 0.03848191670009068}, "step": 26}
Step:27	{"loss": {"zhongtrain_loss": 0.014637891636338345}, "step": 27}
Step:27	{"loss": {"zhongtest_loss": 0.038430401257106235}, "step": 27}
Step:28	{"loss": {"zhongtrain_loss": 0.014032584290171778}, "step": 28}
Step:28	{"loss": {"zhongtest_loss": 0.038371888958677956}, "step": 28}
Step:29	{"loss": {"zhongtrain_loss": 0.013448487880618074}, "step": 29}
Step:29	{"loss": {"zhongtest_loss": 0.038315347262791226}, "step": 29}
Step:30	{"loss": {"zhongtrain_loss": 0.012885937857073407}, "step": 30}
Step:30	{"loss": {"zhongtest_loss": 0.038256698725174884}, "step": 30}
Step:31	{"loss": {"zhongtrain_loss": 0.012343577174253242}, "step": 31}
Step:31	{"loss": {"zhongtest_loss": 0.03819538379202084}, "step": 31}
Step:32	{"loss": {"zhongtrain_loss": 0.011822552181953607}, "step": 32}
Step:32	{"loss": {"zhongtest_loss": 0.038132502108204125}, "step": 32}
Step:33	{"loss": {"zhongtrain_loss": 0.011320903550746829}, "step": 33}
Step:33	{"loss": {"zhongtest_loss": 0.038069681245453506}, "step": 33}
Step:34	{"loss": {"zhongtrain_loss": 0.010838588309842486}, "step": 34}
Step:34	{"loss": {"zhongtest_loss": 0.038007969758948504}, "step": 34}
Step:35	{"loss": {"zhongtrain_loss": 0.010376494291216828}, "step": 35}
Step:35	{"loss": {"zhongtest_loss": 0.03795619886748645}, "step": 35}
Step:36	{"loss": {"zhongtrain_loss": 0.00994029155997343}, "step": 36}
Step:36	{"loss": {"zhongtest_loss": 0.037906233145266165}, "step": 36}
Step:37	{"loss": {"zhongtrain_loss": 0.009519023257632589}, "step": 37}
Step:37	{"loss": {"zhongtest_loss": 0.037859488506706396}, "step": 37}
Step:38	{"loss": {"zhongtrain_loss": 0.009119040744249211}, "step": 38}
Step:38	{"loss": {"zhongtest_loss": 0.0378166777747018}, "step": 38}
Step:39	{"loss": {"zhongtrain_loss": 0.00873873885287795}, "step": 39}
Step:39	{"loss": {"zhongtest_loss": 0.03778042112077985}, "step": 39}
Step:40	{"loss": {"zhongtrain_loss": 0.008379713740459708}, "step": 40}
Step:40	{"loss": {"zhongtest_loss": 0.03774804485087492}, "step": 40}
Step:41	{"loss": {"zhongtrain_loss": 0.008037670407184335}, "step": 41}
Step:41	{"loss": {"zhongtest_loss": 0.03772499853250932}, "step": 41}
Step:42	{"loss": {"zhongtrain_loss": 0.007755368947982788}, "step": 42}
Step:42	{"loss": {"zhongtest_loss": 0.03770083553937017}, "step": 42}
Step:43	{"loss": {"zhongtrain_loss": 0.007487278345019319}, "step": 43}
Step:43	{"loss": {"zhongtest_loss": 0.03768398080553327}, "step": 43}
Step:44	{"loss": {"zhongtrain_loss": 0.007232832354168559}, "step": 44}
Step:44	{"loss": {"zhongtest_loss": 0.0376617567879813}, "step": 44}
Step:45	{"loss": {"zhongtrain_loss": 0.006991435622060021}, "step": 45}
Step:45	{"loss": {"zhongtest_loss": 0.03765180646156778}, "step": 45}
Step:46	{"loss": {"zhongtrain_loss": 0.006757652343705643}, "step": 46}
Step:46	{"loss": {"zhongtest_loss": 0.03763513175808653}, "step": 46}
Step:47	{"loss": {"zhongtrain_loss": 0.0065362848514734315}, "step": 47}
Step:47	{"loss": {"zhongtest_loss": 0.03761608260018485}, "step": 47}
Step:48	{"loss": {"zhongtrain_loss": 0.006325682235318561}, "step": 48}
Step:48	{"loss": {"zhongtest_loss": 0.037606343931081344}, "step": 48}
Step:49	{"loss": {"zhongtrain_loss": 0.00612403764281162}, "step": 49}
Step:49	{"loss": {"zhongtest_loss": 0.03759166415856809}, "step": 49}
Step:50	{"loss": {"zhongtrain_loss": 0.005931400282438411}, "step": 50}
Step:50	{"loss": {"zhongtest_loss": 0.03757794779174182}, "step": 50}
Step:51	{"loss": {"zhongtrain_loss": 0.005747149503508279}, "step": 51}
Step:51	{"loss": {"zhongtest_loss": 0.03756336776577696}, "step": 51}
Step:52	{"loss": {"zhongtrain_loss": 0.005570376681727033}, "step": 52}
Step:52	{"loss": {"zhongtest_loss": 0.03754762484102833}, "step": 52}
Step:53	{"loss": {"zhongtrain_loss": 0.005403218920840774}, "step": 53}
Step:53	{"loss": {"zhongtest_loss": 0.03753232469364089}, "step": 53}
Step:54	{"loss": {"zhongtrain_loss": 0.005242187269898348}, "step": 54}
Step:54	{"loss": {"zhongtest_loss": 0.037522242993724586}, "step": 54}
Step:55	{"loss": {"zhongtrain_loss": 0.00508820629397104}, "step": 55}
Step:55	{"loss": {"zhongtest_loss": 0.03751089134994818}, "step": 55}
Step:56	{"loss": {"zhongtrain_loss": 0.004941107921822127}, "step": 56}
Step:56	{"loss": {"zhongtest_loss": 0.037493866317126215}, "step": 56}
Step:57	{"loss": {"zhongtrain_loss": 0.004799476196599561}, "step": 57}
Step:57	{"loss": {"zhongtest_loss": 0.037482427091014625}, "step": 57}
Step:58	{"loss": {"zhongtrain_loss": 0.004664249198381291}, "step": 58}
Step:58	{"loss": {"zhongtest_loss": 0.03747040641551115}, "step": 58}
Step:59	{"loss": {"zhongtrain_loss": 0.004534844049187594}, "step": 59}
Step:59	{"loss": {"zhongtest_loss": 0.03745719607995481}, "step": 59}
Step:60	{"loss": {"zhongtrain_loss": 0.004411367136378621}, "step": 60}
Step:60	{"loss": {"zhongtest_loss": 0.03745323054644526}, "step": 60}
Step:61	{"loss": {"zhongtrain_loss": 0.0042925858220388725}, "step": 61}
Step:61	{"loss": {"zhongtest_loss": 0.03744468640307991}, "step": 61}
Step:62	{"loss": {"zhongtrain_loss": 0.004193893352220225}, "step": 62}
Step:62	{"loss": {"zhongtest_loss": 0.03743487718153973}, "step": 62}
Step:63	{"loss": {"zhongtrain_loss": 0.0040988353795783465}, "step": 63}
Step:63	{"loss": {"zhongtest_loss": 0.03743083379706558}, "step": 63}
Step:64	{"loss": {"zhongtrain_loss": 0.004007520370705183}, "step": 64}
Step:64	{"loss": {"zhongtest_loss": 0.03742711398066306}, "step": 64}
Step:65	{"loss": {"zhongtrain_loss": 0.003919387279554855}, "step": 65}
Step:65	{"loss": {"zhongtest_loss": 0.03742553020010189}, "step": 65}
Step:66	{"loss": {"zhongtrain_loss": 0.0038339707047440287}, "step": 66}
Step:66	{"loss": {"zhongtest_loss": 0.03742498524334966}, "step": 66}
Step:67	{"loss": {"zhongtrain_loss": 0.0037519398123718973}, "step": 67}
Step:67	{"loss": {"zhongtest_loss": 0.03742640359061105}, "step": 67}
Step:68	{"loss": {"zhongtrain_loss": 0.0036730076684508214}, "step": 68}
Step:68	{"loss": {"zhongtest_loss": 0.03742230181791344}, "step": 68}
Step:69	{"loss": {"zhongtrain_loss": 0.0035956453445345855}, "step": 69}
Step:69	{"loss": {"zhongtest_loss": 0.037421620621973156}, "step": 69}
Step:70	{"loss": {"zhongtrain_loss": 0.0035219313793404157}, "step": 70}
Step:70	{"loss": {"zhongtest_loss": 0.03742404130040383}, "step": 70}
Step:71	{"loss": {"zhongtrain_loss": 0.0034498759480409845}, "step": 71}
Step:71	{"loss": {"zhongtest_loss": 0.03742697774147501}, "step": 71}
Step:72	{"loss": {"zhongtrain_loss": 0.003380558171937632}, "step": 72}
Step:72	{"loss": {"zhongtest_loss": 0.037434677688442934}, "step": 72}
Step:73	{"loss": {"zhongtrain_loss": 0.003313545917355737}, "step": 73}
Step:73	{"loss": {"zhongtest_loss": 0.037442652546629616}, "step": 73}
Step:74	{"loss": {"zhongtrain_loss": 0.003248063284297322}, "step": 74}
Step:74	{"loss": {"zhongtest_loss": 0.037449591013849995}, "step": 74}
Step:75	{"loss": {"zhongtrain_loss": 0.0031850171643634175}, "step": 75}
Step:75	{"loss": {"zhongtest_loss": 0.03745451508736124}, "step": 75}
Step:76	{"loss": {"zhongtrain_loss": 0.003123132641925368}, "step": 76}
Step:76	{"loss": {"zhongtest_loss": 0.03746065558219443}, "step": 76}
Step:77	{"loss": {"zhongtrain_loss": 0.0030646258315374683}, "step": 77}
Step:77	{"loss": {"zhongtest_loss": 0.037468496634035696}, "step": 77}
Step:78	{"loss": {"zhongtrain_loss": 0.0030071028443269953}, "step": 78}
Step:78	{"loss": {"zhongtest_loss": 0.03747940793329356}, "step": 78}
Step:79	{"loss": {"zhongtrain_loss": 0.002951329184132953}, "step": 79}
Step:79	{"loss": {"zhongtest_loss": 0.037485631144776634}, "step": 79}
Step:80	{"loss": {"zhongtrain_loss": 0.0028966748437216114}, "step": 80}
Step:80	{"loss": {"zhongtest_loss": 0.0374895699170171}, "step": 80}
Step:81	{"loss": {"zhongtrain_loss": 0.002844050006811009}, "step": 81}
Step:81	{"loss": {"zhongtest_loss": 0.037495746904489945}, "step": 81}
Step:82	{"loss": {"zhongtrain_loss": 0.0028000553680020707}, "step": 82}
Step:82	{"loss": {"zhongtest_loss": 0.03750235450511076}, "step": 82}
Step:83	{"loss": {"zhongtrain_loss": 0.0027572176484174505}, "step": 83}
Step:83	{"loss": {"zhongtest_loss": 0.037508675030299594}, "step": 83}
Step:84	{"loss": {"zhongtrain_loss": 0.0027146857491759367}, "step": 84}
Step:84	{"loss": {"zhongtest_loss": 0.03751765708534085}, "step": 84}
Step:85	{"loss": {"zhongtrain_loss": 0.0026743820933408514}, "step": 85}
Step:85	{"loss": {"zhongtest_loss": 0.037524172237941196}, "step": 85}
Step:86	{"loss": {"zhongtrain_loss": 0.002634654211443524}, "step": 86}
Step:86	{"loss": {"zhongtest_loss": 0.03753254121663619}, "step": 86}
Step:87	{"loss": {"zhongtrain_loss": 0.0025955449010050574}, "step": 87}
Step:87	{"loss": {"zhongtest_loss": 0.03753781805233079}, "step": 87}
Step:88	{"loss": {"zhongtrain_loss": 0.0025576559263606404}, "step": 88}
Step:88	{"loss": {"zhongtest_loss": 0.037544033965285946}, "step": 88}
Step:89	{"loss": {"zhongtrain_loss": 0.002520678868127424}, "step": 89}
Step:89	{"loss": {"zhongtest_loss": 0.037549887384687154}, "step": 89}
Step:90	{"loss": {"zhongtrain_loss": 0.0024845464978107187}, "step": 90}
Step:90	{"loss": {"zhongtest_loss": 0.03755216695824448}, "step": 90}
Step:91	{"loss": {"zhongtrain_loss": 0.002449037377224412}, "step": 91}
Step:91	{"loss": {"zhongtest_loss": 0.037555504818351904}, "step": 91}
Step:92	{"loss": {"zhongtrain_loss": 0.0024141336596289345}, "step": 92}
Step:92	{"loss": {"zhongtest_loss": 0.03756090816186399}, "step": 92}
Step:93	{"loss": {"zhongtrain_loss": 0.002380683844865755}, "step": 93}
Step:93	{"loss": {"zhongtest_loss": 0.03757005808304767}, "step": 93}
Step:94	{"loss": {"zhongtrain_loss": 0.002347529974094657}, "step": 94}
Step:94	{"loss": {"zhongtest_loss": 0.0375748264546297}, "step": 94}
Step:95	{"loss": {"zhongtrain_loss": 0.0023154900517574576}, "step": 95}
Step:95	{"loss": {"zhongtest_loss": 0.03758407612236179}, "step": 95}
Step:96	{"loss": {"zhongtrain_loss": 0.002283841371536255}, "step": 96}
Step:96	{"loss": {"zhongtest_loss": 0.037590610737703284}, "step": 96}
Step:97	{"loss": {"zhongtrain_loss": 0.002252606631711472}, "step": 97}
Step:97	{"loss": {"zhongtest_loss": 0.03759340120821583}, "step": 97}
Step:98	{"loss": {"zhongtrain_loss": 0.002222333709860957}, "step": 98}
Step:98	{"loss": {"zhongtest_loss": 0.037599590359901895}, "step": 98}
Step:99	{"loss": {"zhongtrain_loss": 0.0021926220073256383}, "step": 99}
Step:99	{"loss": {"zhongtest_loss": 0.037605078852906516}, "step": 99}
Step:100	{"loss": {"zhongtrain_loss": 0.0021634382563968037}, "step": 100}
Step:100	{"loss": {"zhongtest_loss": 0.037608650265907755}, "step": 100}
Step:1	{"loss": {"full191train_loss": 0.03647759131022862}, "step": 1}
Step:1	{"loss": {"full191test_loss": 0.04191778630626445}, "step": 1}
Step:2	{"loss": {"full191train_loss": 0.03672665357589722}, "step": 2}
Step:2	{"loss": {"full191test_loss": 0.04056607947057607}, "step": 2}
Step:3	{"loss": {"full191train_loss": 0.03636962175369263}, "step": 3}
Step:3	{"loss": {"full191test_loss": 0.04139134835223762}, "step": 3}
Step:4	{"loss": {"full191train_loss": 0.036573014089039395}, "step": 4}
Step:4	{"loss": {"full191test_loss": 0.04311816546381736}, "step": 4}
Step:5	{"loss": {"full191train_loss": 0.03685764755521502}, "step": 5}
Step:5	{"loss": {"full191test_loss": 0.04082608709529954}, "step": 5}
Step:6	{"loss": {"full191train_loss": 0.03588580659457615}, "step": 6}
Step:6	{"loss": {"full191test_loss": 0.041467111937853754}, "step": 6}
Step:7	{"loss": {"full191train_loss": 0.03738859295845032}, "step": 7}
Step:7	{"loss": {"full191test_loss": 0.04097415476429219}, "step": 7}
Step:8	{"loss": {"full191train_loss": 0.036229223012924194}, "step": 8}
Step:8	{"loss": {"full191test_loss": 0.042183282423992545}, "step": 8}
Step:9	{"loss": {"full191train_loss": 0.03632798790931702}, "step": 9}
Step:9	{"loss": {"full191test_loss": 0.04039803573063442}, "step": 9}
Step:10	{"loss": {"full191train_loss": 0.03684874517577035}, "step": 10}
Step:10	{"loss": {"full191test_loss": 0.04075900875792211}, "step": 10}
Step:11	{"loss": {"full191train_loss": 0.0358016916683742}, "step": 11}
Step:11	{"loss": {"full191test_loss": 0.040889078257035236}, "step": 11}
Step:12	{"loss": {"full191train_loss": 0.036669909954071045}, "step": 12}
Step:12	{"loss": {"full191test_loss": 0.040968364598799725}, "step": 12}
Step:13	{"loss": {"full191train_loss": 0.03613741908754621}, "step": 13}
Step:13	{"loss": {"full191test_loss": 0.041876437712688834}, "step": 13}
Step:14	{"loss": {"full191train_loss": 0.03624814323016575}, "step": 14}
Step:14	{"loss": {"full191test_loss": 0.04120950309597716}, "step": 14}
Step:15	{"loss": {"full191train_loss": 0.03604118738855634}, "step": 15}
Step:15	{"loss": {"full191test_loss": 0.04142012888071488}, "step": 15}
Step:16	{"loss": {"full191train_loss": 0.03605333822114127}, "step": 16}
Step:16	{"loss": {"full191test_loss": 0.04079766176184829}, "step": 16}
Step:17	{"loss": {"full191train_loss": 0.036892052207674296}, "step": 17}
Step:17	{"loss": {"full191test_loss": 0.04210690089634487}, "step": 17}
Step:18	{"loss": {"full191train_loss": 0.035135160599436076}, "step": 18}
Step:18	{"loss": {"full191test_loss": 0.04066119631942438}, "step": 18}
Step:19	{"loss": {"full191train_loss": 0.036026098898478916}, "step": 19}
Step:19	{"loss": {"full191test_loss": 0.041023020841637434}, "step": 19}
Step:20	{"loss": {"full191train_loss": 0.03573504941804068}, "step": 20}
Step:20	{"loss": {"full191test_loss": 0.04126634403150909}, "step": 20}
Step:21	{"loss": {"full191train_loss": 0.03609051874705723}, "step": 21}
Step:21	{"loss": {"full191test_loss": 0.040484082942106286}, "step": 21}
Step:22	{"loss": {"full191train_loss": 0.03568906230585916}, "step": 22}
Step:22	{"loss": {"full191test_loss": 0.040048117540320574}, "step": 22}
Step:23	{"loss": {"full191train_loss": 0.0359667922769274}, "step": 23}
Step:23	{"loss": {"full191test_loss": 0.040865513743186484}, "step": 23}
Step:24	{"loss": {"full191train_loss": 0.03514847372259412}, "step": 24}
Step:24	{"loss": {"full191test_loss": 0.040817727847975126}, "step": 24}
Step:25	{"loss": {"full191train_loss": 0.03619013939585004}, "step": 25}
Step:25	{"loss": {"full191test_loss": 0.04022763699901347}, "step": 25}
Step:26	{"loss": {"full191train_loss": 0.03579426237515041}, "step": 26}
Step:26	{"loss": {"full191test_loss": 0.04146444067663076}, "step": 26}
Step:27	{"loss": {"full191train_loss": 0.03541545995644161}, "step": 27}
Step:27	{"loss": {"full191test_loss": 0.03928169668937216}, "step": 27}
Step:28	{"loss": {"full191train_loss": 0.03590518236160278}, "step": 28}
Step:28	{"loss": {"full191test_loss": 0.0412851839649434}, "step": 28}
Step:29	{"loss": {"full191train_loss": 0.03610702497618539}, "step": 29}
Step:29	{"loss": {"full191test_loss": 0.039853704218961755}, "step": 29}
Step:30	{"loss": {"full191train_loss": 0.034354139651571004}, "step": 30}
Step:30	{"loss": {"full191test_loss": 0.03983907796898667}, "step": 30}
Step:31	{"loss": {"full191train_loss": 0.03560569243771689}, "step": 31}
Step:31	{"loss": {"full191test_loss": 0.040321783143646865}, "step": 31}
Step:32	{"loss": {"full191train_loss": 0.035217657685279846}, "step": 32}
Step:32	{"loss": {"full191test_loss": 0.04066694269374925}, "step": 32}
Step:33	{"loss": {"full191train_loss": 0.03509433567523956}, "step": 33}
Step:33	{"loss": {"full191test_loss": 0.04114318867118991}, "step": 33}
Step:34	{"loss": {"full191train_loss": 0.034390656011445184}, "step": 34}
Step:34	{"loss": {"full191test_loss": 0.03990291332711979}, "step": 34}
Step:35	{"loss": {"full191train_loss": 0.035508822117533}, "step": 35}
Step:35	{"loss": {"full191test_loss": 0.040771537897538165}, "step": 35}
Step:36	{"loss": {"full191train_loss": 0.03553879473890577}, "step": 36}
Step:36	{"loss": {"full191test_loss": 0.040014108833001584}, "step": 36}
Step:37	{"loss": {"full191train_loss": 0.03562416987759726}, "step": 37}
Step:37	{"loss": {"full191test_loss": 0.04034344760739073}, "step": 37}
Step:38	{"loss": {"full191train_loss": 0.03436976245471409}, "step": 38}
Step:38	{"loss": {"full191test_loss": 0.039288737335983585}, "step": 38}
Step:39	{"loss": {"full191train_loss": 0.03511434154851096}, "step": 39}
Step:39	{"loss": {"full191test_loss": 0.04056116026275012}, "step": 39}
Step:40	{"loss": {"full191train_loss": 0.03443608752318791}, "step": 40}
Step:40	{"loss": {"full191test_loss": 0.03875580612494021}, "step": 40}
Step:41	{"loss": {"full191train_loss": 0.034410719360624044}, "step": 41}
Step:41	{"loss": {"full191test_loss": 0.04066715435105927}, "step": 41}
Step:42	{"loss": {"full191train_loss": 0.03527345189026424}, "step": 42}
Step:42	{"loss": {"full191test_loss": 0.03936851511196214}, "step": 42}
Step:43	{"loss": {"full191train_loss": 0.03454047654356275}, "step": 43}
Step:43	{"loss": {"full191test_loss": 0.039967186596928814}, "step": 43}
Step:44	{"loss": {"full191train_loss": 0.03417844644614628}, "step": 44}
Step:44	{"loss": {"full191test_loss": 0.040305767740522115}, "step": 44}
Step:45	{"loss": {"full191train_loss": 0.034676664641925266}, "step": 45}
Step:45	{"loss": {"full191test_loss": 0.039009184253459075}, "step": 45}
Step:46	{"loss": {"full191train_loss": 0.03423719108104706}, "step": 46}
Step:46	{"loss": {"full191test_loss": 0.040868330974968115}, "step": 46}
Step:47	{"loss": {"full191train_loss": 0.033729387181145806}, "step": 47}
Step:47	{"loss": {"full191test_loss": 0.03992392578903509}, "step": 47}
Step:48	{"loss": {"full191train_loss": 0.034294032624789646}, "step": 48}
Step:48	{"loss": {"full191test_loss": 0.0394017404439498}, "step": 48}
Step:49	{"loss": {"full191train_loss": 0.034848032253129144}, "step": 49}
Step:49	{"loss": {"full191test_loss": 0.03930598862317144}, "step": 49}
Step:50	{"loss": {"full191train_loss": 0.034027310354369025}, "step": 50}
Step:50	{"loss": {"full191test_loss": 0.040905850274222236}, "step": 50}
Step:51	{"loss": {"full191train_loss": 0.03534299986703055}, "step": 51}
Step:51	{"loss": {"full191test_loss": 0.038591280275461624}, "step": 51}
Step:52	{"loss": {"full191train_loss": 0.033678644469806125}, "step": 52}
Step:52	{"loss": {"full191test_loss": 0.03926471788056043}, "step": 52}
Step:53	{"loss": {"full191train_loss": 0.03395844783101763}, "step": 53}
Step:53	{"loss": {"full191test_loss": 0.03864671746078802}, "step": 53}
Step:54	{"loss": {"full191train_loss": 0.03370839995997293}, "step": 54}
Step:54	{"loss": {"full191test_loss": 0.039804935455322266}, "step": 54}
Step:55	{"loss": {"full191train_loss": 0.03417144502912249}, "step": 55}
Step:55	{"loss": {"full191test_loss": 0.04006171469785729}, "step": 55}
Step:56	{"loss": {"full191train_loss": 0.0338615072625024}, "step": 56}
Step:56	{"loss": {"full191test_loss": 0.04109958239964077}, "step": 56}
Step:57	{"loss": {"full191train_loss": 0.03413421341351101}, "step": 57}
Step:57	{"loss": {"full191test_loss": 0.03927505502895433}, "step": 57}
Step:58	{"loss": {"full191train_loss": 0.03468868775027139}, "step": 58}
Step:58	{"loss": {"full191test_loss": 0.039280256446526975}, "step": 58}
Step:59	{"loss": {"full191train_loss": 0.03403953356402261}, "step": 59}
Step:59	{"loss": {"full191test_loss": 0.03861536541763617}, "step": 59}
Step:60	{"loss": {"full191train_loss": 0.034023052879742215}, "step": 60}
Step:60	{"loss": {"full191test_loss": 0.039072807954282175}, "step": 60}
Step:61	{"loss": {"full191train_loss": 0.03370910244328635}, "step": 61}
Step:61	{"loss": {"full191test_loss": 0.039496660232543945}, "step": 61}
Step:62	{"loss": {"full191train_loss": 0.03484232297965458}, "step": 62}
Step:62	{"loss": {"full191test_loss": 0.040792625777575434}, "step": 62}
Step:63	{"loss": {"full191train_loss": 0.03367708197661808}, "step": 63}
Step:63	{"loss": {"full191test_loss": 0.03971640674435362}, "step": 63}
Step:64	{"loss": {"full191train_loss": 0.034045715417180746}, "step": 64}
Step:64	{"loss": {"full191test_loss": 0.03856453117059202}, "step": 64}
Step:65	{"loss": {"full191train_loss": 0.03367947041988373}, "step": 65}
Step:65	{"loss": {"full191test_loss": 0.03994558295425104}, "step": 65}
Step:66	{"loss": {"full191train_loss": 0.033117522086415975}, "step": 66}
Step:66	{"loss": {"full191test_loss": 0.038809377319958746}, "step": 66}
Step:67	{"loss": {"full191train_loss": 0.033360566411699565}, "step": 67}
Step:67	{"loss": {"full191test_loss": 0.039097126649350535}, "step": 67}
Step:68	{"loss": {"full191train_loss": 0.03261147013732365}, "step": 68}
Step:68	{"loss": {"full191test_loss": 0.04045283551118812}, "step": 68}
Step:69	{"loss": {"full191train_loss": 0.03322783751147134}, "step": 69}
Step:69	{"loss": {"full191test_loss": 0.03906100866745929}, "step": 69}
Step:70	{"loss": {"full191train_loss": 0.03410384271826063}, "step": 70}
Step:70	{"loss": {"full191test_loss": 0.03876580754104925}, "step": 70}
Step:71	{"loss": {"full191train_loss": 0.0344309572662626}, "step": 71}
Step:71	{"loss": {"full191test_loss": 0.038143440168731065}, "step": 71}
Step:72	{"loss": {"full191train_loss": 0.03399375081062317}, "step": 72}
Step:72	{"loss": {"full191test_loss": 0.039063156867513854}, "step": 72}
Step:73	{"loss": {"full191train_loss": 0.03367909150464194}, "step": 73}
Step:73	{"loss": {"full191test_loss": 0.03926004438984151}, "step": 73}
Step:74	{"loss": {"full191train_loss": 0.03379061818122864}, "step": 74}
Step:74	{"loss": {"full191test_loss": 0.03765949181147984}, "step": 74}
Step:75	{"loss": {"full191train_loss": 0.033480129071644375}, "step": 75}
Step:75	{"loss": {"full191test_loss": 0.03681664320887351}, "step": 75}
Step:76	{"loss": {"full191train_loss": 0.03371308743953705}, "step": 76}
Step:76	{"loss": {"full191test_loss": 0.0380253402554259}, "step": 76}
Step:77	{"loss": {"full191train_loss": 0.03345942923000881}, "step": 77}
Step:77	{"loss": {"full191test_loss": 0.039364841519569864}, "step": 77}
Step:78	{"loss": {"full191train_loss": 0.03309135138988495}, "step": 78}
Step:78	{"loss": {"full191test_loss": 0.03910750515606939}, "step": 78}
Step:79	{"loss": {"full191train_loss": 0.03393957657473428}, "step": 79}
Step:79	{"loss": {"full191test_loss": 0.038219619770439306}, "step": 79}
Step:80	{"loss": {"full191train_loss": 0.03265414706298283}, "step": 80}
Step:80	{"loss": {"full191test_loss": 0.03875928752276362}, "step": 80}
Step:81	{"loss": {"full191train_loss": 0.03378414681979588}, "step": 81}
Step:81	{"loss": {"full191test_loss": 0.03828128503293407}, "step": 81}
Step:82	{"loss": {"full191train_loss": 0.033003277012280056}, "step": 82}
Step:82	{"loss": {"full191test_loss": 0.0383762705082796}, "step": 82}
Step:83	{"loss": {"full191train_loss": 0.03365619267736163}, "step": 83}
Step:83	{"loss": {"full191test_loss": 0.03785756169533243}, "step": 83}
Step:84	{"loss": {"full191train_loss": 0.03345794550010136}, "step": 84}
Step:84	{"loss": {"full191test_loss": 0.03843772168062171}, "step": 84}
Step:85	{"loss": {"full191train_loss": 0.033461887921605794}, "step": 85}
Step:85	{"loss": {"full191test_loss": 0.037801504135131836}, "step": 85}
Step:86	{"loss": {"full191train_loss": 0.032479631049292426}, "step": 86}
Step:86	{"loss": {"full191test_loss": 0.0385921488002855}, "step": 86}
Step:87	{"loss": {"full191train_loss": 0.03289524572236197}, "step": 87}
Step:87	{"loss": {"full191test_loss": 0.03847335795966946}, "step": 87}
Step:88	{"loss": {"full191train_loss": 0.03327422056879316}, "step": 88}
Step:88	{"loss": {"full191test_loss": 0.03966027863171636}, "step": 88}
Step:89	{"loss": {"full191train_loss": 0.03353636179651533}, "step": 89}
Step:89	{"loss": {"full191test_loss": 0.03895062329817792}, "step": 89}
Step:90	{"loss": {"full191train_loss": 0.03308260866573879}, "step": 90}
Step:90	{"loss": {"full191test_loss": 0.038489675035282056}, "step": 90}
Step:91	{"loss": {"full191train_loss": 0.03258828393050602}, "step": 91}
Step:91	{"loss": {"full191test_loss": 0.03691771808935671}, "step": 91}
Step:92	{"loss": {"full191train_loss": 0.03227370125906808}, "step": 92}
Step:92	{"loss": {"full191test_loss": 0.03812001675975566}, "step": 92}
Step:93	{"loss": {"full191train_loss": 0.033236731375966756}, "step": 93}
Step:93	{"loss": {"full191test_loss": 0.037860809540262025}, "step": 93}
Step:94	{"loss": {"full191train_loss": 0.033313206263950894}, "step": 94}
Step:94	{"loss": {"full191test_loss": 0.03783870716484226}, "step": 94}
Step:95	{"loss": {"full191train_loss": 0.03236498364380428}, "step": 95}
Step:95	{"loss": {"full191test_loss": 0.03757579959168726}, "step": 95}
Step:96	{"loss": {"full191train_loss": 0.03351221340043204}, "step": 96}
Step:96	{"loss": {"full191test_loss": 0.03903353214263916}, "step": 96}
Step:97	{"loss": {"full191train_loss": 0.033663096172469}, "step": 97}
Step:97	{"loss": {"full191test_loss": 0.03942107911012611}, "step": 97}
Step:98	{"loss": {"full191train_loss": 0.03233941963740757}, "step": 98}
Step:98	{"loss": {"full191test_loss": 0.0383827053770727}, "step": 98}
Step:99	{"loss": {"full191train_loss": 0.032020745532853265}, "step": 99}
Step:99	{"loss": {"full191test_loss": 0.037241490519776634}, "step": 99}
Step:100	{"loss": {"full191train_loss": 0.032575592398643494}, "step": 100}
Step:100	{"loss": {"full191test_loss": 0.038123911740828534}, "step": 100}
Step:1	{"loss": {"zhongtrain_loss": 0.036429988486426215}, "step": 1}
Step:1	{"loss": {"zhongtest_loss": 0.03907076436646131}, "step": 1}
Step:2	{"loss": {"zhongtrain_loss": 0.034649095364979336}, "step": 2}
Step:2	{"loss": {"zhongtest_loss": 0.03827446334216059}, "step": 2}
Step:3	{"loss": {"zhongtrain_loss": 0.033140867948532104}, "step": 3}
Step:3	{"loss": {"zhongtest_loss": 0.037800428818683236}, "step": 3}
Step:4	{"loss": {"zhongtrain_loss": 0.03186925819941929}, "step": 4}
Step:4	{"loss": {"zhongtest_loss": 0.03758039523144158}, "step": 4}
Step:5	{"loss": {"zhongtrain_loss": 0.030766489250319346}, "step": 5}
Step:5	{"loss": {"zhongtest_loss": 0.037551118403064965}, "step": 5}
Step:6	{"loss": {"zhongtrain_loss": 0.029804747019495283}, "step": 6}
Step:6	{"loss": {"zhongtest_loss": 0.03763275487082345}, "step": 6}
Step:7	{"loss": {"zhongtrain_loss": 0.028929899845804487}, "step": 7}
Step:7	{"loss": {"zhongtest_loss": 0.03777486937386649}, "step": 7}
Step:8	{"loss": {"zhongtrain_loss": 0.0281132310628891}, "step": 8}
Step:8	{"loss": {"zhongtest_loss": 0.03792380313484036}, "step": 8}
Step:9	{"loss": {"zhongtrain_loss": 0.027328182544027056}, "step": 9}
Step:9	{"loss": {"zhongtest_loss": 0.038050199041561206}, "step": 9}
Step:10	{"loss": {"zhongtrain_loss": 0.0265589782169887}, "step": 10}
Step:10	{"loss": {"zhongtest_loss": 0.038131991211248904}, "step": 10}
Step:11	{"loss": {"zhongtrain_loss": 0.02579398878983089}, "step": 11}
Step:11	{"loss": {"zhongtest_loss": 0.03814882891518729}, "step": 11}
Step:12	{"loss": {"zhongtrain_loss": 0.025026359728404453}, "step": 12}
Step:12	{"loss": {"zhongtest_loss": 0.03809882670032735}, "step": 12}
Step:13	{"loss": {"zhongtrain_loss": 0.024256252816745212}, "step": 13}
Step:13	{"loss": {"zhongtest_loss": 0.037984159527992715}, "step": 13}
Step:14	{"loss": {"zhongtrain_loss": 0.02348852583340236}, "step": 14}
Step:14	{"loss": {"zhongtest_loss": 0.037803859126811126}, "step": 14}
Step:15	{"loss": {"zhongtrain_loss": 0.02273124030658177}, "step": 15}
Step:15	{"loss": {"zhongtest_loss": 0.037580380634385714}, "step": 15}
Step:16	{"loss": {"zhongtrain_loss": 0.02198337869984763}, "step": 16}
Step:16	{"loss": {"zhongtest_loss": 0.03732467670829929}, "step": 16}
Step:17	{"loss": {"zhongtrain_loss": 0.021250377808298384}, "step": 17}
Step:17	{"loss": {"zhongtest_loss": 0.03704414319018928}, "step": 17}
Step:18	{"loss": {"zhongtrain_loss": 0.020538651517459323}, "step": 18}
Step:18	{"loss": {"zhongtest_loss": 0.03676622011223618}, "step": 18}
Step:19	{"loss": {"zhongtrain_loss": 0.019845064197267805}, "step": 19}
Step:19	{"loss": {"zhongtest_loss": 0.036493834184140574}, "step": 19}
Step:20	{"loss": {"zhongtrain_loss": 0.01917757306780134}, "step": 20}
Step:20	{"loss": {"zhongtest_loss": 0.03624000597973259}, "step": 20}
Step:21	{"loss": {"zhongtrain_loss": 0.01852875735078539}, "step": 21}
Step:21	{"loss": {"zhongtest_loss": 0.03603862986272695}, "step": 21}
Step:22	{"loss": {"zhongtrain_loss": 0.01798985472747258}, "step": 22}
Step:22	{"loss": {"zhongtest_loss": 0.03585691597996926}, "step": 22}
Step:23	{"loss": {"zhongtrain_loss": 0.0174650815980775}, "step": 23}
Step:23	{"loss": {"zhongtest_loss": 0.035700250645073095}, "step": 23}
Step:24	{"loss": {"zhongtrain_loss": 0.016954733857086728}, "step": 24}
Step:24	{"loss": {"zhongtest_loss": 0.03556207004858523}, "step": 24}
Step:25	{"loss": {"zhongtrain_loss": 0.01645521500280925}, "step": 25}
Step:25	{"loss": {"zhongtest_loss": 0.035436199635875465}, "step": 25}
Step:26	{"loss": {"zhongtrain_loss": 0.01596866867371968}, "step": 26}
Step:26	{"loss": {"zhongtest_loss": 0.035333022779347946}, "step": 26}
Step:27	{"loss": {"zhongtrain_loss": 0.015493819756167275}, "step": 27}
Step:27	{"loss": {"zhongtest_loss": 0.03523329082800417}, "step": 27}
Step:28	{"loss": {"zhongtrain_loss": 0.015029667743614741}, "step": 28}
Step:28	{"loss": {"zhongtest_loss": 0.035154077471519}, "step": 28}
Step:29	{"loss": {"zhongtrain_loss": 0.014573857188224792}, "step": 29}
Step:29	{"loss": {"zhongtest_loss": 0.03507347739472681}, "step": 29}
Step:30	{"loss": {"zhongtrain_loss": 0.014131758894239153}, "step": 30}
Step:30	{"loss": {"zhongtest_loss": 0.03499389424615977}, "step": 30}
Step:31	{"loss": {"zhongtrain_loss": 0.013698724763734}, "step": 31}
Step:31	{"loss": {"zhongtest_loss": 0.03492118144521908}, "step": 31}
Step:32	{"loss": {"zhongtrain_loss": 0.013277324182646615}, "step": 32}
Step:32	{"loss": {"zhongtest_loss": 0.03484827158402423}, "step": 32}
Step:33	{"loss": {"zhongtrain_loss": 0.01286539009639195}, "step": 33}
Step:33	{"loss": {"zhongtest_loss": 0.034773897151557764}, "step": 33}
Step:34	{"loss": {"zhongtrain_loss": 0.01246478727885655}, "step": 34}
Step:34	{"loss": {"zhongtest_loss": 0.034702527279756507}, "step": 34}
Step:35	{"loss": {"zhongtrain_loss": 0.012074839855943407}, "step": 35}
Step:35	{"loss": {"zhongtest_loss": 0.034635860092785895}, "step": 35}
Step:36	{"loss": {"zhongtrain_loss": 0.01169635887656893}, "step": 36}
Step:36	{"loss": {"zhongtest_loss": 0.034565122760072044}, "step": 36}
Step:37	{"loss": {"zhongtrain_loss": 0.011327673281942095}, "step": 37}
Step:37	{"loss": {"zhongtest_loss": 0.03449424432248485}, "step": 37}
Step:38	{"loss": {"zhongtrain_loss": 0.010972931981086731}, "step": 38}
Step:38	{"loss": {"zhongtest_loss": 0.0344329512849146}, "step": 38}
Step:39	{"loss": {"zhongtrain_loss": 0.010628232998507363}, "step": 39}
Step:39	{"loss": {"zhongtest_loss": 0.034372188607040714}, "step": 39}
Step:40	{"loss": {"zhongtrain_loss": 0.010290852614811488}, "step": 40}
Step:40	{"loss": {"zhongtest_loss": 0.034307903173018475}, "step": 40}
Step:41	{"loss": {"zhongtrain_loss": 0.009963176080158778}, "step": 41}
Step:41	{"loss": {"zhongtest_loss": 0.034259633142120986}, "step": 41}
Step:42	{"loss": {"zhongtrain_loss": 0.009692384728363581}, "step": 42}
Step:42	{"loss": {"zhongtest_loss": 0.0342128325481804}, "step": 42}
Step:43	{"loss": {"zhongtrain_loss": 0.009428625660283225}, "step": 43}
Step:43	{"loss": {"zhongtest_loss": 0.034166316596829165}, "step": 43}
Step:44	{"loss": {"zhongtrain_loss": 0.00917121661560876}, "step": 44}
Step:44	{"loss": {"zhongtest_loss": 0.03412235756309665}, "step": 44}
Step:45	{"loss": {"zhongtrain_loss": 0.008920781314373016}, "step": 45}
Step:45	{"loss": {"zhongtest_loss": 0.03407836690240977}, "step": 45}
Step:46	{"loss": {"zhongtrain_loss": 0.008679054145302092}, "step": 46}
Step:46	{"loss": {"zhongtest_loss": 0.034033113596390704}, "step": 46}
Step:47	{"loss": {"zhongtrain_loss": 0.008444556168147497}, "step": 47}
Step:47	{"loss": {"zhongtest_loss": 0.03398875314362195}, "step": 47}
Step:48	{"loss": {"zhongtrain_loss": 0.008215657834495817}, "step": 48}
Step:48	{"loss": {"zhongtest_loss": 0.03394238559567198}, "step": 48}
Step:49	{"loss": {"zhongtrain_loss": 0.007994809320994787}, "step": 49}
Step:49	{"loss": {"zhongtest_loss": 0.03389621997366146}, "step": 49}
Step:50	{"loss": {"zhongtrain_loss": 0.007779920207602637}, "step": 50}
Step:50	{"loss": {"zhongtest_loss": 0.033844461246412626}, "step": 50}
Step:51	{"loss": {"zhongtrain_loss": 0.007571123540401459}, "step": 51}
Step:51	{"loss": {"zhongtest_loss": 0.033791598008603464}, "step": 51}
Step:52	{"loss": {"zhongtrain_loss": 0.007369349045412881}, "step": 52}
Step:52	{"loss": {"zhongtest_loss": 0.03374334500760448}, "step": 52}
Step:53	{"loss": {"zhongtrain_loss": 0.007173805896724973}, "step": 53}
Step:53	{"loss": {"zhongtest_loss": 0.03369003655959149}, "step": 53}
Step:54	{"loss": {"zhongtrain_loss": 0.006985769207988467}, "step": 54}
Step:54	{"loss": {"zhongtest_loss": 0.0336402922260518}, "step": 54}
Step:55	{"loss": {"zhongtrain_loss": 0.0068026600139481684}, "step": 55}
Step:55	{"loss": {"zhongtest_loss": 0.03358327612584951}, "step": 55}
Step:56	{"loss": {"zhongtrain_loss": 0.006624557610069003}, "step": 56}
Step:56	{"loss": {"zhongtest_loss": 0.03353077294875165}, "step": 56}
Step:57	{"loss": {"zhongtrain_loss": 0.006451514682599476}, "step": 57}
Step:57	{"loss": {"zhongtest_loss": 0.03347908234109684}, "step": 57}
Step:58	{"loss": {"zhongtrain_loss": 0.006284976644175393}, "step": 58}
Step:58	{"loss": {"zhongtest_loss": 0.03342575929602798}, "step": 58}
Step:59	{"loss": {"zhongtrain_loss": 0.006123858903135572}, "step": 59}
Step:59	{"loss": {"zhongtest_loss": 0.03337445064466827}, "step": 59}
Step:60	{"loss": {"zhongtrain_loss": 0.005967160420758384}, "step": 60}
Step:60	{"loss": {"zhongtest_loss": 0.03332474523661088}, "step": 60}
Step:61	{"loss": {"zhongtrain_loss": 0.005816149924482618}, "step": 61}
Step:61	{"loss": {"zhongtest_loss": 0.03328206587810906}, "step": 61}
Step:62	{"loss": {"zhongtrain_loss": 0.005689579993486404}, "step": 62}
Step:62	{"loss": {"zhongtest_loss": 0.033246835883782834}, "step": 62}
Step:63	{"loss": {"zhongtrain_loss": 0.0055654650287968776}, "step": 63}
Step:63	{"loss": {"zhongtest_loss": 0.03320834344747115}, "step": 63}
Step:64	{"loss": {"zhongtrain_loss": 0.005446808146578925}, "step": 64}
Step:64	{"loss": {"zhongtest_loss": 0.033175047563046824}, "step": 64}
Step:65	{"loss": {"zhongtrain_loss": 0.005329896828957966}, "step": 65}
Step:65	{"loss": {"zhongtest_loss": 0.03313982973293382}, "step": 65}
Step:66	{"loss": {"zhongtrain_loss": 0.005217044481209346}, "step": 66}
Step:66	{"loss": {"zhongtest_loss": 0.03310926593079859}, "step": 66}
Step:67	{"loss": {"zhongtrain_loss": 0.0051076651683875495}, "step": 67}
Step:67	{"loss": {"zhongtest_loss": 0.033078363963535855}, "step": 67}
Step:68	{"loss": {"zhongtrain_loss": 0.005000734967844827}, "step": 68}
Step:68	{"loss": {"zhongtest_loss": 0.0330477101462228}, "step": 68}
Step:69	{"loss": {"zhongtrain_loss": 0.004896920706544604}, "step": 69}
Step:69	{"loss": {"zhongtest_loss": 0.03302132596774977}, "step": 69}
Step:70	{"loss": {"zhongtrain_loss": 0.00479488553745406}, "step": 70}
Step:70	{"loss": {"zhongtest_loss": 0.03299100058419364}, "step": 70}
Step:71	{"loss": {"zhongtrain_loss": 0.004697045045239585}, "step": 71}
Step:71	{"loss": {"zhongtest_loss": 0.03296330023785027}, "step": 71}
Step:72	{"loss": {"zhongtrain_loss": 0.004601810127496719}, "step": 72}
Step:72	{"loss": {"zhongtest_loss": 0.03293451970937301}, "step": 72}
Step:73	{"loss": {"zhongtrain_loss": 0.004508373460599354}, "step": 73}
Step:73	{"loss": {"zhongtest_loss": 0.03290392914596869}, "step": 73}
Step:74	{"loss": {"zhongtrain_loss": 0.0044182467141321725}, "step": 74}
Step:74	{"loss": {"zhongtest_loss": 0.03287836240262401}, "step": 74}
Step:75	{"loss": {"zhongtrain_loss": 0.0043305738696030206}, "step": 75}
Step:75	{"loss": {"zhongtest_loss": 0.032849932203487475}, "step": 75}
Step:76	{"loss": {"zhongtrain_loss": 0.004245183563658169}, "step": 76}
Step:76	{"loss": {"zhongtest_loss": 0.0328190667288644}, "step": 76}
Step:77	{"loss": {"zhongtrain_loss": 0.004162156156131199}, "step": 77}
Step:77	{"loss": {"zhongtest_loss": 0.032793178850290726}, "step": 77}
Step:78	{"loss": {"zhongtrain_loss": 0.004081418737769127}, "step": 78}
Step:78	{"loss": {"zhongtest_loss": 0.03276756101725053}, "step": 78}
Step:79	{"loss": {"zhongtrain_loss": 0.004002588934132031}, "step": 79}
Step:79	{"loss": {"zhongtest_loss": 0.03274186290040308}, "step": 79}
Step:80	{"loss": {"zhongtrain_loss": 0.003926313881363187}, "step": 80}
Step:80	{"loss": {"zhongtest_loss": 0.03271188784618767}, "step": 80}
Step:81	{"loss": {"zhongtrain_loss": 0.0038519594818353653}, "step": 81}
Step:81	{"loss": {"zhongtest_loss": 0.03269002875503229}, "step": 81}
Step:82	{"loss": {"zhongtrain_loss": 0.0037892673696790424}, "step": 82}
Step:82	{"loss": {"zhongtest_loss": 0.03266642774854388}, "step": 82}
Step:83	{"loss": {"zhongtrain_loss": 0.003727914233292852}, "step": 83}
Step:83	{"loss": {"zhongtest_loss": 0.032645108748455436}, "step": 83}
Step:84	{"loss": {"zhongtrain_loss": 0.003668490531189101}, "step": 84}
Step:84	{"loss": {"zhongtest_loss": 0.03261982421485745}, "step": 84}
Step:85	{"loss": {"zhongtrain_loss": 0.0036098544618913104}, "step": 85}
Step:85	{"loss": {"zhongtest_loss": 0.03259742503263512}, "step": 85}
Step:86	{"loss": {"zhongtrain_loss": 0.0035531015268393923}, "step": 86}
Step:86	{"loss": {"zhongtest_loss": 0.032574680386757364}, "step": 86}
Step:87	{"loss": {"zhongtrain_loss": 0.0034978525446993963}, "step": 87}
Step:87	{"loss": {"zhongtest_loss": 0.03255341977489238}, "step": 87}
Step:88	{"loss": {"zhongtrain_loss": 0.003443875749196325}, "step": 88}
Step:88	{"loss": {"zhongtest_loss": 0.03253113736911696}, "step": 88}
Step:89	{"loss": {"zhongtrain_loss": 0.00339066210602011}, "step": 89}
Step:89	{"loss": {"zhongtest_loss": 0.03250800103557353}, "step": 89}
Step:90	{"loss": {"zhongtrain_loss": 0.0033383829785244806}, "step": 90}
Step:90	{"loss": {"zhongtest_loss": 0.03248869399635159}, "step": 90}
Step:91	{"loss": {"zhongtrain_loss": 0.003287835046648979}, "step": 91}
Step:91	{"loss": {"zhongtest_loss": 0.03247332816221276}, "step": 91}
Step:92	{"loss": {"zhongtrain_loss": 0.0032384281179734637}, "step": 92}
Step:92	{"loss": {"zhongtest_loss": 0.03245326694177122}, "step": 92}
Step:93	{"loss": {"zhongtrain_loss": 0.00318990701011249}, "step": 93}
Step:93	{"loss": {"zhongtest_loss": 0.03243459974016462}, "step": 93}
Step:94	{"loss": {"zhongtrain_loss": 0.003142741375735828}, "step": 94}
Step:94	{"loss": {"zhongtest_loss": 0.032414100608047176}, "step": 94}
Step:95	{"loss": {"zhongtrain_loss": 0.0030956148569072995}, "step": 95}
Step:95	{"loss": {"zhongtest_loss": 0.03239687121644312}, "step": 95}
Step:96	{"loss": {"zhongtrain_loss": 0.003050051895635469}, "step": 96}
Step:96	{"loss": {"zhongtest_loss": 0.032380386274688096}, "step": 96}
Step:97	{"loss": {"zhongtrain_loss": 0.003005837489451681}, "step": 97}
Step:97	{"loss": {"zhongtest_loss": 0.032361745834350586}, "step": 97}
Step:98	{"loss": {"zhongtrain_loss": 0.0029620655945369174}, "step": 98}
Step:98	{"loss": {"zhongtest_loss": 0.03234315405086595}, "step": 98}
Step:99	{"loss": {"zhongtrain_loss": 0.002919653430581093}, "step": 99}
Step:99	{"loss": {"zhongtest_loss": 0.03232775658977275}, "step": 99}
Step:100	{"loss": {"zhongtrain_loss": 0.0028778884027685437}, "step": 100}
Step:100	{"loss": {"zhongtest_loss": 0.03231019146588384}, "step": 100}
