{"metric": {"full191": 0.30612244897959184}}
{"metric": {"full191UAR": 0.146032}}
{"metric": {"full191f1": 0.183871}}
{"metric": {"full191wa": 0.589981}}
{"metric": {"full191UAR": 0.176645}}
{"metric": {"full191wa": 0.593162}}
{"metric": {"full191UAR": 0.219716}}
{"metric": {"full191wa": 0.641399}}
{"metric": {"full191UAR": 0.24026}}
{"metric": {"full191f1": 0.21496}}
{"metric": {"full191UAR": 0.270449}}
{"metric": {"full191f1": 0.227106}}
{"metric": {"full191": 0.3673469387755102}}
{"metric": {"full191UAR": 0.335414}}
{"metric": {"full191f1": 0.299705}}
{"metric": {"full191": 0.3673469387755102}}
{"metric": {"full191": 0.40816326530612246}}
{"metric": {"full191": 0.42857142857142855}}
{"metric": {"full191UAR": 0.35034}}
{"metric": {"full191f1": 0.309001}}
{"metric": {"full191": 0.46938775510204084}}
{"metric": {"full191": 0.5306122448979592}}
{"metric": {"full191f1": 0.355181}}
{"metric": {"full191UAR": 0.369461}}
{"metric": {"full191f1": 0.370139}}
{"metric": {"full191UAR": 0.376623}}
{"metric": {"full191wa": 0.675325}}
{"metric": {"full191UAR": 0.403454}}
{"metric": {"full191f1": 0.37063}}
{"metric": {"full191UAR": 0.465246}}
{"metric": {"full191f1": 0.403103}}
{"metric": {"full191UAR": 0.472991}}
{"metric": {"full191wa": 0.694474}}
{"metric": {"full191wa": 0.710178}}
{"metric": {"full191f1": 0.409099}}
{"metric": {"full191": 0.5306122448979592}}
{"metric": {"full191UAR": 0.475765}}
{"metric": {"full191": 0.5306122448979592}}
{"metric": {"full191UAR": 0.485348}}
{"metric": {"full191f1": 0.425783}}
{"metric": {"full191": 0.5510204081632653}}
{"metric": {"full191UAR": 0.487866}}
{"metric": {"full191f1": 0.42928}}
{"metric": {"full191wa": 0.757222}}
{"metric": {"zhong": 0.32653061224489793}}
{"metric": {"zhongUAR": 0.184127}}
{"metric": {"zhongf1": 0.148668}}
{"metric": {"zhongwa": 0.879009}}
{"metric": {"zhongwa": 0.880466}}
{"metric": {"zhongwa": 0.956268}}
{"metric": {"zhongUAR": 0.20163}}
{"metric": {"zhongf1": 0.152381}}
{"metric": {"zhongUAR": 0.210848}}
{"metric": {"zhongf1": 0.162698}}
{"metric": {"zhongUAR": 0.360544}}
{"metric": {"zhongf1": 0.189413}}
{"metric": {"zhong": 0.3469387755102041}}
{"metric": {"zhongUAR": 0.419953}}
{"metric": {"zhongf1": 0.260488}}
{"metric": {"zhong": 0.3469387755102041}}
{"metric": {"zhong": 0.3469387755102041}}
{"metric": {"zhong": 0.3469387755102041}}
{"metric": {"zhong": 0.3673469387755102}}
{"metric": {"zhongf1": 0.261669}}
{"metric": {"zhong": 0.40816326530612246}}
{"metric": {"zhongf1": 0.299906}}
{"metric": {"full191": 0.24489795918367346}}
{"metric": {"full191UAR": 0.179634}}
{"metric": {"full191f1": 0.13026}}
{"metric": {"full191wa": 0.460853}}
{"metric": {"full191wa": 0.5}}
{"metric": {"full191wa": 0.731778}}
{"metric": {"full191": 0.30612244897959184}}
{"metric": {"full191f1": 0.156288}}
{"metric": {"full191": 0.30612244897959184}}
{"metric": {"full191wa": 0.830904}}
{"metric": {"full191": 0.30612244897959184}}
{"metric": {"full191UAR": 0.254658}}
{"metric": {"full191wa": 0.88484}}
{"metric": {"full191": 0.32653061224489793}}
{"metric": {"full191f1": 0.208288}}
{"metric": {"full191": 0.3469387755102041}}
{"metric": {"full191f1": 0.211756}}
{"metric": {"full191UAR": 0.268491}}
{"metric": {"full191f1": 0.247423}}
{"metric": {"full191UAR": 0.33325}}
{"metric": {"full191wa": 0.912059}}
{"metric": {"full191UAR": 0.385488}}
{"metric": {"full191f1": 0.261416}}
{"metric": {"full191": 0.3469387755102041}}
{"metric": {"full191": 0.3469387755102041}}
{"metric": {"full191": 0.42857142857142855}}
{"metric": {"full191f1": 0.271416}}
{"metric": {"full191": 0.4489795918367347}}
{"metric": {"full191": 0.4489795918367347}}
{"metric": {"full191f1": 0.271728}}
{"metric": {"full191": 0.4489795918367347}}
{"metric": {"full191f1": 0.292909}}
{"metric": {"full191UAR": 0.578571}}
{"metric": {"full191f1": 0.347022}}
{"metric": {"full191": 0.46938775510204084}}
{"metric": {"full191UAR": 0.645705}}
{"metric": {"full191f1": 0.45359}}
{"metric": {"full191": 0.4897959183673469}}
{"metric": {"full191": 0.5714285714285714}}
{"metric": {"full191f1": 0.510728}}
{"metric": {"full191": 0.5714285714285714}}
{"metric": {"full191": 0.5714285714285714}}
{"metric": {"full191": 0.5714285714285714}}
{"metric": {"full191": 0.5714285714285714}}
{"metric": {"full191": 0.5714285714285714}}
{"metric": {"full191": 0.5714285714285714}}
{"metric": {"full191": 0.5714285714285714}}
{"metric": {"full191": 0.5918367346938775}}
{"metric": {"full191": 0.5918367346938775}}
{"metric": {"zhong": 0.14285714285714285}}
{"metric": {"zhongUAR": 0.020408}}
{"metric": {"zhongf1": 0.035714}}
{"metric": {"zhongwa": 1.0}}
{"metric": {"zhong": 0.2653061224489796}}
{"metric": {"zhongUAR": 0.107753}}
{"metric": {"zhongf1": 0.119499}}
{"metric": {"zhongUAR": 0.144958}}
{"metric": {"zhongf1": 0.135065}}
{"metric": {"zhongUAR": 0.146104}}
{"metric": {"zhongf1": 0.146032}}
{"metric": {"zhong": 0.40816326530612246}}
{"metric": {"zhongUAR": 0.179592}}
{"metric": {"zhongf1": 0.224717}}
{"metric": {"zhongUAR": 0.190345}}
{"metric": {"zhong": 0.5102040816326531}}
{"metric": {"zhongUAR": 0.383946}}
{"metric": {"zhongf1": 0.369319}}
{"metric": {"zhong": 0.5714285714285714}}
{"metric": {"zhongUAR": 0.402726}}
{"metric": {"zhongf1": 0.434139}}
{"metric": {"zhongUAR": 0.41299}}
{"metric": {"zhongf1": 0.465515}}
{"metric": {"zhongUAR": 0.525903}}
{"metric": {"zhongf1": 0.467295}}
{"metric": {"zhongf1": 0.468537}}
{"metric": {"zhongUAR": 0.535289}}
{"metric": {"zhongf1": 0.492154}}
