Step:1	{"loss": {"full191train_loss": 0.03446782457417455}, "step": 1}
Step:1	{"loss": {"full191test_loss": 0.03721458571297782}, "step": 1}
Step:2	{"loss": {"full191train_loss": 0.032274316097127984}, "step": 2}
Step:2	{"loss": {"full191test_loss": 0.03763648441859654}, "step": 2}
Step:3	{"loss": {"full191train_loss": 0.03171694895316814}, "step": 3}
Step:3	{"loss": {"full191test_loss": 0.035814891056138644}, "step": 3}
Step:4	{"loss": {"full191train_loss": 0.03089492074374495}, "step": 4}
Step:4	{"loss": {"full191test_loss": 0.036639612548205316}, "step": 4}
Step:5	{"loss": {"full191train_loss": 0.02977609839932672}, "step": 5}
Step:5	{"loss": {"full191test_loss": 0.03529913328131851}, "step": 5}
Step:6	{"loss": {"full191train_loss": 0.02970704539068814}, "step": 6}
Step:6	{"loss": {"full191test_loss": 0.03573805945260184}, "step": 6}
Step:7	{"loss": {"full191train_loss": 0.02864995084959885}, "step": 7}
Step:7	{"loss": {"full191test_loss": 0.03492248788171885}, "step": 7}
Step:8	{"loss": {"full191train_loss": 0.02784709067180239}, "step": 8}
Step:8	{"loss": {"full191test_loss": 0.03472802103782187}, "step": 8}
Step:9	{"loss": {"full191train_loss": 0.027465530510606437}, "step": 9}
Step:9	{"loss": {"full191test_loss": 0.03614217164565106}, "step": 9}
Step:10	{"loss": {"full191train_loss": 0.02634063876908401}, "step": 10}
Step:10	{"loss": {"full191test_loss": 0.03503448865851577}, "step": 10}
Step:11	{"loss": {"full191train_loss": 0.02546762597971949}, "step": 11}
Step:11	{"loss": {"full191test_loss": 0.03327765756723832}, "step": 11}
Step:12	{"loss": {"full191train_loss": 0.024278009759968723}, "step": 12}
Step:12	{"loss": {"full191test_loss": 0.03391060050652952}, "step": 12}
Step:13	{"loss": {"full191train_loss": 0.0239281572144607}, "step": 13}
Step:13	{"loss": {"full191test_loss": 0.03401286504706558}, "step": 13}
Step:14	{"loss": {"full191train_loss": 0.02301447555936616}, "step": 14}
Step:14	{"loss": {"full191test_loss": 0.03202336175101144}, "step": 14}
Step:15	{"loss": {"full191train_loss": 0.021340884011367273}, "step": 15}
Step:15	{"loss": {"full191test_loss": 0.031274659293038506}, "step": 15}
Step:16	{"loss": {"full191train_loss": 0.020155325018126388}, "step": 16}
Step:16	{"loss": {"full191test_loss": 0.031113853259962434}, "step": 16}
Step:17	{"loss": {"full191train_loss": 0.019609169713382064}, "step": 17}
Step:17	{"loss": {"full191test_loss": 0.030093672324200064}, "step": 17}
Step:18	{"loss": {"full191train_loss": 0.018604147023168104}, "step": 18}
Step:18	{"loss": {"full191test_loss": 0.030059318153225646}, "step": 18}
Step:19	{"loss": {"full191train_loss": 0.01740886014083336}, "step": 19}
Step:19	{"loss": {"full191test_loss": 0.032770563145073095}, "step": 19}
Step:20	{"loss": {"full191train_loss": 0.01608053569135995}, "step": 20}
Step:20	{"loss": {"full191test_loss": 0.032451797504814306}, "step": 20}
Step:21	{"loss": {"full191train_loss": 0.015490900853584552}, "step": 21}
Step:21	{"loss": {"full191test_loss": 0.032707328699073016}, "step": 21}
Step:22	{"loss": {"full191train_loss": 0.014507346112152627}, "step": 22}
Step:22	{"loss": {"full191test_loss": 0.03234918993346545}, "step": 22}
Step:23	{"loss": {"full191train_loss": 0.013364538036543748}, "step": 23}
Step:23	{"loss": {"full191test_loss": 0.03325324399130685}, "step": 23}
Step:24	{"loss": {"full191train_loss": 0.013502979073031196}, "step": 24}
Step:24	{"loss": {"full191test_loss": 0.03092131079459677}, "step": 24}
Step:25	{"loss": {"full191train_loss": 0.01196552247836672}, "step": 25}
Step:25	{"loss": {"full191test_loss": 0.03252744188114089}, "step": 25}
Step:26	{"loss": {"full191train_loss": 0.011012985788542649}, "step": 26}
Step:26	{"loss": {"full191test_loss": 0.032424943787711005}, "step": 26}
Step:27	{"loss": {"full191train_loss": 0.011215334308558497}, "step": 27}
Step:27	{"loss": {"full191test_loss": 0.03253723163993991}, "step": 27}
Step:28	{"loss": {"full191train_loss": 0.0099403519054939}, "step": 28}
Step:28	{"loss": {"full191test_loss": 0.03324809852911501}, "step": 28}
Step:29	{"loss": {"full191train_loss": 0.009495116513350913}, "step": 29}
Step:29	{"loss": {"full191test_loss": 0.03274875757645587}, "step": 29}
Step:30	{"loss": {"full191train_loss": 0.008025185815219221}, "step": 30}
Step:30	{"loss": {"full191test_loss": 0.03699577097990075}, "step": 30}
Step:31	{"loss": {"full191train_loss": 0.009183503430465171}, "step": 31}
Step:31	{"loss": {"full191test_loss": 0.036056737510525454}, "step": 31}
Step:32	{"loss": {"full191train_loss": 0.007892695480379564}, "step": 32}
Step:32	{"loss": {"full191test_loss": 0.03928136582277259}, "step": 32}
Step:33	{"loss": {"full191train_loss": 0.007749062159965779}, "step": 33}
Step:33	{"loss": {"full191test_loss": 0.041528526617556204}, "step": 33}
Step:34	{"loss": {"full191train_loss": 0.006220605866662387}, "step": 34}
Step:34	{"loss": {"full191test_loss": 0.04311602942797602}, "step": 34}
Step:35	{"loss": {"full191train_loss": 0.005741395313164283}, "step": 35}
Step:35	{"loss": {"full191test_loss": 0.043275516860339105}, "step": 35}
Step:36	{"loss": {"full191train_loss": 0.005648179814733308}, "step": 36}
Step:36	{"loss": {"full191test_loss": 0.04166010447910854}, "step": 36}
Step:37	{"loss": {"full191train_loss": 0.005505020248478857}, "step": 37}
Step:37	{"loss": {"full191test_loss": 0.044455104944657306}, "step": 37}
Step:38	{"loss": {"full191train_loss": 0.0045095738665810944}, "step": 38}
Step:38	{"loss": {"full191test_loss": 0.04494348350836306}, "step": 38}
Step:39	{"loss": {"full191train_loss": 0.003877747161635037}, "step": 39}
Step:39	{"loss": {"full191test_loss": 0.05022876603262765}, "step": 39}
Step:40	{"loss": {"full191train_loss": 0.003522023301700066}, "step": 40}
Step:40	{"loss": {"full191test_loss": 0.04586773016014878}, "step": 40}
Step:41	{"loss": {"full191train_loss": 0.00365422614689531}, "step": 41}
Step:41	{"loss": {"full191test_loss": 0.054200221081169286}, "step": 41}
Step:42	{"loss": {"full191train_loss": 0.0027518906983835943}, "step": 42}
Step:42	{"loss": {"full191test_loss": 0.05334026959477639}, "step": 42}
Step:43	{"loss": {"full191train_loss": 0.002295303961326336}, "step": 43}
Step:43	{"loss": {"full191test_loss": 0.05059841214394083}, "step": 43}
Step:44	{"loss": {"full191train_loss": 0.002201849530483114}, "step": 44}
Step:44	{"loss": {"full191test_loss": 0.05397273083122409}, "step": 44}
Step:45	{"loss": {"full191train_loss": 0.002673267033593408}, "step": 45}
Step:45	{"loss": {"full191test_loss": 0.05864744283715073}, "step": 45}
Step:46	{"loss": {"full191train_loss": 0.0027257391604883917}, "step": 46}
Step:46	{"loss": {"full191test_loss": 0.05338368610459931}, "step": 46}
Step:47	{"loss": {"full191train_loss": 0.0015159237744479344}, "step": 47}
Step:47	{"loss": {"full191test_loss": 0.05328494675305425}, "step": 47}
Step:48	{"loss": {"full191train_loss": 0.0014957610903115108}, "step": 48}
Step:48	{"loss": {"full191test_loss": 0.05683631313090422}, "step": 48}
Step:49	{"loss": {"full191train_loss": 0.0014129613750967487}, "step": 49}
Step:49	{"loss": {"full191test_loss": 0.056108596373577506}, "step": 49}
Step:50	{"loss": {"full191train_loss": 0.0010970019060989906}, "step": 50}
Step:50	{"loss": {"full191test_loss": 0.052965071736549844}, "step": 50}
Step:51	{"loss": {"full191train_loss": 0.0013452341844295633}, "step": 51}
Step:51	{"loss": {"full191test_loss": 0.0534853205388906}, "step": 51}
Step:52	{"loss": {"full191train_loss": 0.0017117079475830342}, "step": 52}
Step:52	{"loss": {"full191test_loss": 0.05865702337148238}, "step": 52}
Step:53	{"loss": {"full191train_loss": 0.001355155146327512}, "step": 53}
Step:53	{"loss": {"full191test_loss": 0.058123880503128986}, "step": 53}
Step:54	{"loss": {"full191train_loss": 0.0009807558280640635}, "step": 54}
Step:54	{"loss": {"full191test_loss": 0.05918699867871343}, "step": 54}
Step:55	{"loss": {"full191train_loss": 0.0009675338735868191}, "step": 55}
Step:55	{"loss": {"full191test_loss": 0.06477690716179049}, "step": 55}
Step:56	{"loss": {"full191train_loss": 0.0008085799756748922}, "step": 56}
Step:56	{"loss": {"full191test_loss": 0.06324565167329749}, "step": 56}
Step:57	{"loss": {"full191train_loss": 0.0010122746743004896}, "step": 57}
Step:57	{"loss": {"full191test_loss": 0.06440431731087821}, "step": 57}
Step:58	{"loss": {"full191train_loss": 0.0012608306675121702}, "step": 58}
Step:58	{"loss": {"full191test_loss": 0.06225544579175054}, "step": 58}
Step:59	{"loss": {"full191train_loss": 0.000815388393299333}, "step": 59}
Step:59	{"loss": {"full191test_loss": 0.06575618471418108}, "step": 59}
Step:60	{"loss": {"full191train_loss": 0.00040737305093428185}, "step": 60}
Step:60	{"loss": {"full191test_loss": 0.0639127322605678}, "step": 60}
Step:61	{"loss": {"full191train_loss": 0.0007848258547741791}, "step": 61}
Step:61	{"loss": {"full191test_loss": 0.06657534716080646}, "step": 61}
Step:62	{"loss": {"full191train_loss": 0.0005534995861094573}, "step": 62}
Step:62	{"loss": {"full191test_loss": 0.06509647077443648}, "step": 62}
Step:63	{"loss": {"full191train_loss": 0.0006870734665928216}, "step": 63}
Step:63	{"loss": {"full191test_loss": 0.0648460290869888}, "step": 63}
Step:64	{"loss": {"full191train_loss": 0.00038224558249629775}, "step": 64}
Step:64	{"loss": {"full191test_loss": 0.06160699591344716}, "step": 64}
Step:65	{"loss": {"full191train_loss": 0.0006085060665319706}, "step": 65}
Step:65	{"loss": {"full191test_loss": 0.061108842187998245}, "step": 65}
Step:66	{"loss": {"full191train_loss": 0.00023464739708037213}, "step": 66}
Step:66	{"loss": {"full191test_loss": 0.0660227902081548}, "step": 66}
Step:67	{"loss": {"full191train_loss": 0.00031250609277651227}, "step": 67}
Step:67	{"loss": {"full191test_loss": 0.07013697526892837}, "step": 67}
Step:68	{"loss": {"full191train_loss": 0.00022316764205180365}, "step": 68}
Step:68	{"loss": {"full191test_loss": 0.07725115698211048}, "step": 68}
Step:69	{"loss": {"full191train_loss": 0.0003620445856760288}, "step": 69}
Step:69	{"loss": {"full191test_loss": 0.0733884840595479}, "step": 69}
Step:70	{"loss": {"full191train_loss": 0.00037423527703203}, "step": 70}
Step:70	{"loss": {"full191test_loss": 0.06889013854824767}, "step": 70}
Step:71	{"loss": {"full191train_loss": 0.00039394790756291356}, "step": 71}
Step:71	{"loss": {"full191test_loss": 0.07190082024554817}, "step": 71}
Step:72	{"loss": {"full191train_loss": 0.0002461344421166798}, "step": 72}
Step:72	{"loss": {"full191test_loss": 0.07183838377193529}, "step": 72}
Step:73	{"loss": {"full191train_loss": 0.00012402136906467635}, "step": 73}
Step:73	{"loss": {"full191test_loss": 0.06866102802510164}, "step": 73}
Step:74	{"loss": {"full191train_loss": 0.00037458510105979853}, "step": 74}
Step:74	{"loss": {"full191test_loss": 0.07014768464224679}, "step": 74}
Step:75	{"loss": {"full191train_loss": 0.00031360598473713315}, "step": 75}
Step:75	{"loss": {"full191test_loss": 0.07187398112550074}, "step": 75}
Step:76	{"loss": {"full191train_loss": 0.0001697339888276725}, "step": 76}
Step:76	{"loss": {"full191test_loss": 0.07759124892098564}, "step": 76}
Step:77	{"loss": {"full191train_loss": 0.0002867091960948089}, "step": 77}
Step:77	{"loss": {"full191test_loss": 0.06839398948513732}, "step": 77}
Step:78	{"loss": {"full191train_loss": 0.0001919578182800063}, "step": 78}
Step:78	{"loss": {"full191test_loss": 0.07534137550665408}, "step": 78}
Step:79	{"loss": {"full191train_loss": 0.0002221629376812228}, "step": 79}
Step:79	{"loss": {"full191test_loss": 0.07789899864975287}, "step": 79}
Step:80	{"loss": {"full191train_loss": 8.107509046536067e-05}, "step": 80}
Step:80	{"loss": {"full191test_loss": 0.08295606107127909}, "step": 80}
Step:81	{"loss": {"full191train_loss": 0.00017049240654912488}, "step": 81}
Step:81	{"loss": {"full191test_loss": 0.07470300246258171}, "step": 81}
Step:82	{"loss": {"full191train_loss": 0.00012593168026671326}, "step": 82}
Step:82	{"loss": {"full191test_loss": 0.08326431196563099}, "step": 82}
Step:83	{"loss": {"full191train_loss": 0.000380129713950486}, "step": 83}
Step:83	{"loss": {"full191test_loss": 0.07862449178890306}, "step": 83}
Step:84	{"loss": {"full191train_loss": 9.67389004754609e-05}, "step": 84}
Step:84	{"loss": {"full191test_loss": 0.07450339258933554}, "step": 84}
Step:85	{"loss": {"full191train_loss": 0.00026030152843430125}, "step": 85}
Step:85	{"loss": {"full191test_loss": 0.07800857874811912}, "step": 85}
Step:86	{"loss": {"full191train_loss": 9.58808633530962e-05}, "step": 86}
Step:86	{"loss": {"full191test_loss": 0.07253656095387984}, "step": 86}
Step:87	{"loss": {"full191train_loss": 0.0001379520279066316}, "step": 87}
Step:87	{"loss": {"full191test_loss": 0.06941667868166554}, "step": 87}
Step:88	{"loss": {"full191train_loss": 0.00014872881102150884}, "step": 88}
Step:88	{"loss": {"full191test_loss": 0.07028564141721141}, "step": 88}
Step:89	{"loss": {"full191train_loss": 0.000155542206404538}, "step": 89}
Step:89	{"loss": {"full191test_loss": 0.07297629239607831}, "step": 89}
Step:90	{"loss": {"full191train_loss": 8.468708055543488e-05}, "step": 90}
Step:90	{"loss": {"full191test_loss": 0.0661446221020757}, "step": 90}
Step:91	{"loss": {"full191train_loss": 0.00010011629362044663}, "step": 91}
Step:91	{"loss": {"full191test_loss": 0.06827612312472596}, "step": 91}
Step:92	{"loss": {"full191train_loss": 5.2628119411910405e-05}, "step": 92}
Step:92	{"loss": {"full191test_loss": 0.06750542776925224}, "step": 92}
Step:93	{"loss": {"full191train_loss": 4.959495031628115e-05}, "step": 93}
Step:93	{"loss": {"full191test_loss": 0.06586236856421646}, "step": 93}
Step:94	{"loss": {"full191train_loss": 0.00011263777309193693}, "step": 94}
Step:94	{"loss": {"full191test_loss": 0.07223539449730698}, "step": 94}
Step:95	{"loss": {"full191train_loss": 0.00022545540384177505}, "step": 95}
Step:95	{"loss": {"full191test_loss": 0.07133649320018534}, "step": 95}
Step:96	{"loss": {"full191train_loss": 0.0002014222233716784}, "step": 96}
Step:96	{"loss": {"full191test_loss": 0.07028457583213339}, "step": 96}
Step:97	{"loss": {"full191train_loss": 0.00012167784032122842}, "step": 97}
Step:97	{"loss": {"full191test_loss": 0.08119325735131089}, "step": 97}
Step:98	{"loss": {"full191train_loss": 0.00010885531885613655}, "step": 98}
Step:98	{"loss": {"full191test_loss": 0.07586711280199947}, "step": 98}
Step:99	{"loss": {"full191train_loss": 8.087263217773931e-05}, "step": 99}
Step:99	{"loss": {"full191test_loss": 0.071525155281534}, "step": 99}
Step:100	{"loss": {"full191train_loss": 7.544280479437318e-05}, "step": 100}
Step:100	{"loss": {"full191test_loss": 0.07085087348003777}, "step": 100}
Step:1	{"loss": {"zhongtrain_loss": 0.03531004642618114}, "step": 1}
Step:1	{"loss": {"zhongtest_loss": 0.13121616597078284}, "step": 1}
Step:2	{"loss": {"zhongtrain_loss": 0.08641184609511803}, "step": 2}
Step:2	{"loss": {"zhongtest_loss": 0.15886416727182817}, "step": 2}
Step:3	{"loss": {"zhongtrain_loss": 0.0789579358594171}, "step": 3}
Step:3	{"loss": {"zhongtest_loss": 0.14083522679854413}, "step": 3}
Step:4	{"loss": {"zhongtrain_loss": 0.08905196189880371}, "step": 4}
Step:4	{"loss": {"zhongtest_loss": 0.09782527417552714}, "step": 4}
Step:5	{"loss": {"zhongtrain_loss": 0.058994132896949505}, "step": 5}
Step:5	{"loss": {"zhongtest_loss": 0.10973472984469666}, "step": 5}
Step:6	{"loss": {"zhongtrain_loss": 0.03473748009780358}, "step": 6}
Step:6	{"loss": {"zhongtest_loss": 0.08769802171356823}, "step": 6}
Step:7	{"loss": {"zhongtrain_loss": 0.00591775158355976}, "step": 7}
Step:7	{"loss": {"zhongtest_loss": 0.11176669840909997}, "step": 7}
Step:8	{"loss": {"zhongtrain_loss": 0.010566227394959023}, "step": 8}
Step:8	{"loss": {"zhongtest_loss": 0.111160083692901}, "step": 8}
Step:9	{"loss": {"zhongtrain_loss": 0.0056800559676926715}, "step": 9}
Step:9	{"loss": {"zhongtest_loss": 0.09596820753447864}, "step": 9}
Step:10	{"loss": {"zhongtrain_loss": 0.0005432749488230409}, "step": 10}
Step:10	{"loss": {"zhongtest_loss": 0.0823814041760503}, "step": 10}
Step:11	{"loss": {"zhongtrain_loss": 0.0003161170873148688}, "step": 11}
Step:11	{"loss": {"zhongtest_loss": 0.09044678357182717}, "step": 11}
Step:12	{"loss": {"zhongtrain_loss": 0.0003661093269956523}, "step": 12}
Step:12	{"loss": {"zhongtest_loss": 0.11469747582260444}, "step": 12}
Step:13	{"loss": {"zhongtrain_loss": 0.0006040614740601901}, "step": 13}
Step:13	{"loss": {"zhongtest_loss": 0.12845512312285753}, "step": 13}
Step:14	{"loss": {"zhongtrain_loss": 0.0005891844630241394}, "step": 14}
Step:14	{"loss": {"zhongtest_loss": 0.1252789302748077}, "step": 14}
Step:15	{"loss": {"zhongtrain_loss": 0.00013079428403028128}, "step": 15}
Step:15	{"loss": {"zhongtest_loss": 0.11839735264680823}, "step": 15}
Step:16	{"loss": {"zhongtrain_loss": 3.930773778722204e-05}, "step": 16}
Step:16	{"loss": {"zhongtest_loss": 0.11058830728336257}, "step": 16}
Step:17	{"loss": {"zhongtrain_loss": 2.3923316520863567e-05}, "step": 17}
Step:17	{"loss": {"zhongtest_loss": 0.10335202119788345}, "step": 17}
Step:18	{"loss": {"zhongtrain_loss": 2.1680368608313387e-05}, "step": 18}
Step:18	{"loss": {"zhongtest_loss": 0.09937182251287967}, "step": 18}
Step:19	{"loss": {"zhongtrain_loss": 2.9009949528323166e-05}, "step": 19}
Step:19	{"loss": {"zhongtest_loss": 0.09679402137289242}, "step": 19}
Step:20	{"loss": {"zhongtrain_loss": 4.144080368609264e-05}, "step": 20}
Step:20	{"loss": {"zhongtest_loss": 0.09453016397904376}, "step": 20}
Step:21	{"loss": {"zhongtrain_loss": 4.862427133424529e-05}, "step": 21}
Step:21	{"loss": {"zhongtest_loss": 0.09350013732910156}, "step": 21}
Step:22	{"loss": {"zhongtrain_loss": 4.837575673671632e-05}, "step": 22}
Step:22	{"loss": {"zhongtest_loss": 0.09354460969263194}, "step": 22}
Step:23	{"loss": {"zhongtrain_loss": 4.077014304569055e-05}, "step": 23}
Step:23	{"loss": {"zhongtest_loss": 0.09404933695890466}, "step": 23}
Step:24	{"loss": {"zhongtrain_loss": 3.100904748486034e-05}, "step": 24}
Step:24	{"loss": {"zhongtest_loss": 0.09470629205509108}, "step": 24}
Step:25	{"loss": {"zhongtrain_loss": 2.410766219013724e-05}, "step": 25}
Step:25	{"loss": {"zhongtest_loss": 0.09522287213072485}, "step": 25}
Step:26	{"loss": {"zhongtrain_loss": 1.963291012136073e-05}, "step": 26}
Step:26	{"loss": {"zhongtest_loss": 0.09575525595217335}, "step": 26}
Step:27	{"loss": {"zhongtrain_loss": 1.569956456760651e-05}, "step": 27}
Step:27	{"loss": {"zhongtest_loss": 0.09619884101711974}, "step": 27}
Step:28	{"loss": {"zhongtrain_loss": 1.2670832300751374e-05}, "step": 28}
Step:28	{"loss": {"zhongtest_loss": 0.09687947253791654}, "step": 28}
Step:29	{"loss": {"zhongtrain_loss": 1.0411030259625666e-05}, "step": 29}
Step:29	{"loss": {"zhongtest_loss": 0.09795018604823522}, "step": 29}
Step:30	{"loss": {"zhongtrain_loss": 8.766287496184994e-06}, "step": 30}
Step:30	{"loss": {"zhongtest_loss": 0.09929015685100945}, "step": 30}
Step:31	{"loss": {"zhongtrain_loss": 7.694304101811401e-06}, "step": 31}
Step:31	{"loss": {"zhongtest_loss": 0.10076259107005839}, "step": 31}
Step:32	{"loss": {"zhongtrain_loss": 6.863255262503336e-06}, "step": 32}
Step:32	{"loss": {"zhongtest_loss": 0.10200445992606026}, "step": 32}
Step:33	{"loss": {"zhongtrain_loss": 6.044133473990549e-06}, "step": 33}
Step:33	{"loss": {"zhongtest_loss": 0.10296587068207409}, "step": 33}
Step:34	{"loss": {"zhongtrain_loss": 5.321126081980765e-06}, "step": 34}
Step:34	{"loss": {"zhongtest_loss": 0.10374837992142658}, "step": 34}
Step:35	{"loss": {"zhongtrain_loss": 4.644615069866694e-06}, "step": 35}
Step:35	{"loss": {"zhongtest_loss": 0.1043595586504255}, "step": 35}
Step:36	{"loss": {"zhongtrain_loss": 3.995096606025794e-06}, "step": 36}
Step:36	{"loss": {"zhongtest_loss": 0.10490273456184232}, "step": 36}
Step:37	{"loss": {"zhongtrain_loss": 3.461924969652218e-06}, "step": 37}
Step:37	{"loss": {"zhongtest_loss": 0.10535945697706572}, "step": 37}
Step:38	{"loss": {"zhongtrain_loss": 3.0387733392578004e-06}, "step": 38}
Step:38	{"loss": {"zhongtest_loss": 0.10565128131788604}, "step": 38}
Step:39	{"loss": {"zhongtrain_loss": 2.7132030889584588e-06}, "step": 39}
Step:39	{"loss": {"zhongtest_loss": 0.10593665376001475}, "step": 39}
Step:40	{"loss": {"zhongtrain_loss": 2.4488163662367856e-06}, "step": 40}
Step:40	{"loss": {"zhongtest_loss": 0.1061447201942911}, "step": 40}
Step:41	{"loss": {"zhongtrain_loss": 2.2384006899364037e-06}, "step": 41}
Step:41	{"loss": {"zhongtest_loss": 0.10634266600316884}, "step": 41}
Step:42	{"loss": {"zhongtrain_loss": 2.0902333399762625e-06}, "step": 42}
Step:42	{"loss": {"zhongtest_loss": 0.10644123505572883}, "step": 42}
Step:43	{"loss": {"zhongtrain_loss": 1.9612572063563457e-06}, "step": 43}
Step:43	{"loss": {"zhongtest_loss": 0.10656590364417251}, "step": 43}
Step:44	{"loss": {"zhongtrain_loss": 1.8500589970338704e-06}, "step": 44}
Step:44	{"loss": {"zhongtest_loss": 0.1066787388859963}, "step": 44}
Step:45	{"loss": {"zhongtrain_loss": 1.754480261548326e-06}, "step": 45}
Step:45	{"loss": {"zhongtest_loss": 0.10677320130017338}, "step": 45}
Step:46	{"loss": {"zhongtrain_loss": 1.6581209914373427e-06}, "step": 46}
Step:46	{"loss": {"zhongtest_loss": 0.10687533203436404}, "step": 46}
Step:47	{"loss": {"zhongtrain_loss": 1.5608768143434205e-06}, "step": 47}
Step:47	{"loss": {"zhongtest_loss": 0.10694613748667192}, "step": 47}
Step:48	{"loss": {"zhongtrain_loss": 1.4787572205211196e-06}, "step": 48}
Step:48	{"loss": {"zhongtest_loss": 0.10710058406907685}, "step": 48}
Step:49	{"loss": {"zhongtrain_loss": 1.4035088905325995e-06}, "step": 49}
Step:49	{"loss": {"zhongtest_loss": 0.10718632717521823}, "step": 49}
Step:50	{"loss": {"zhongtrain_loss": 1.3296789959362097e-06}, "step": 50}
Step:50	{"loss": {"zhongtest_loss": 0.10726184261088469}, "step": 50}
Step:51	{"loss": {"zhongtrain_loss": 1.2603110196229456e-06}, "step": 51}
Step:51	{"loss": {"zhongtest_loss": 0.1072840690612793}, "step": 51}
Step:52	{"loss": {"zhongtrain_loss": 1.1971070338843455e-06}, "step": 52}
Step:52	{"loss": {"zhongtest_loss": 0.10736096635156749}, "step": 52}
Step:53	{"loss": {"zhongtrain_loss": 1.1356734893493482e-06}, "step": 53}
Step:53	{"loss": {"zhongtest_loss": 0.10741437211328624}, "step": 53}
Step:54	{"loss": {"zhongtrain_loss": 1.0801559255924076e-06}, "step": 54}
Step:54	{"loss": {"zhongtest_loss": 0.10746806008475167}, "step": 54}
Step:55	{"loss": {"zhongtrain_loss": 1.026444618313188e-06}, "step": 55}
Step:55	{"loss": {"zhongtest_loss": 0.10748333833655532}, "step": 55}
Step:56	{"loss": {"zhongtrain_loss": 9.808105021185274e-07}, "step": 56}
Step:56	{"loss": {"zhongtest_loss": 0.10755967120735013}, "step": 56}
Step:57	{"loss": {"zhongtrain_loss": 9.343962903648358e-07}, "step": 57}
Step:57	{"loss": {"zhongtest_loss": 0.10764073352424466}, "step": 57}
Step:58	{"loss": {"zhongtrain_loss": 8.96556167421734e-07}, "step": 58}
Step:58	{"loss": {"zhongtest_loss": 0.10770134050018933}, "step": 58}
Step:59	{"loss": {"zhongtrain_loss": 8.605935551619543e-07}, "step": 59}
Step:59	{"loss": {"zhongtest_loss": 0.10773120607648577}, "step": 59}
Step:60	{"loss": {"zhongtrain_loss": 8.285987860290334e-07}, "step": 60}
Step:60	{"loss": {"zhongtest_loss": 0.10777759552001953}, "step": 60}
Step:61	{"loss": {"zhongtrain_loss": 7.989779235152849e-07}, "step": 61}
Step:61	{"loss": {"zhongtest_loss": 0.10781040970160037}, "step": 61}
Step:62	{"loss": {"zhongtrain_loss": 7.755575568118165e-07}, "step": 62}
Step:62	{"loss": {"zhongtest_loss": 0.10782304102060747}, "step": 62}
Step:63	{"loss": {"zhongtrain_loss": 7.544400934170097e-07}, "step": 63}
Step:63	{"loss": {"zhongtest_loss": 0.10781702703359175}, "step": 63}
Step:64	{"loss": {"zhongtrain_loss": 7.334642603005892e-07}, "step": 64}
Step:64	{"loss": {"zhongtest_loss": 0.10783154623849052}, "step": 64}
Step:65	{"loss": {"zhongtrain_loss": 7.122757308714991e-07}, "step": 65}
Step:65	{"loss": {"zhongtest_loss": 0.10786592717073401}, "step": 65}
Step:66	{"loss": {"zhongtrain_loss": 6.955869421603736e-07}, "step": 66}
Step:66	{"loss": {"zhongtest_loss": 0.1078710750657685}, "step": 66}
Step:67	{"loss": {"zhongtrain_loss": 6.780833716440047e-07}, "step": 67}
Step:67	{"loss": {"zhongtest_loss": 0.1079016315693758}, "step": 67}
Step:68	{"loss": {"zhongtrain_loss": 6.628473909523595e-07}, "step": 68}
Step:68	{"loss": {"zhongtest_loss": 0.10790058058135364}, "step": 68}
Step:69	{"loss": {"zhongtrain_loss": 6.483908158582475e-07}, "step": 69}
Step:69	{"loss": {"zhongtest_loss": 0.10790870627578424}, "step": 69}
Step:70	{"loss": {"zhongtrain_loss": 6.342176894922259e-07}, "step": 70}
Step:70	{"loss": {"zhongtest_loss": 0.10795217630814533}, "step": 70}
Step:71	{"loss": {"zhongtrain_loss": 6.217098165632644e-07}, "step": 71}
Step:71	{"loss": {"zhongtest_loss": 0.10795812217556701}, "step": 71}
Step:72	{"loss": {"zhongtrain_loss": 6.099815374031534e-07}, "step": 72}
Step:72	{"loss": {"zhongtest_loss": 0.10795786915993204}, "step": 72}
Step:73	{"loss": {"zhongtrain_loss": 5.983594495899462e-07}, "step": 73}
Step:73	{"loss": {"zhongtest_loss": 0.10793005690282705}, "step": 73}
Step:74	{"loss": {"zhongtrain_loss": 5.876232096162657e-07}, "step": 74}
Step:74	{"loss": {"zhongtest_loss": 0.10792126947519731}, "step": 74}
Step:75	{"loss": {"zhongtrain_loss": 5.772411707860963e-07}, "step": 75}
Step:75	{"loss": {"zhongtest_loss": 0.1079340564961336}, "step": 75}
Step:76	{"loss": {"zhongtrain_loss": 5.675324716541017e-07}, "step": 76}
Step:76	{"loss": {"zhongtest_loss": 0.10795233201007454}, "step": 76}
Step:77	{"loss": {"zhongtrain_loss": 5.576110762094373e-07}, "step": 77}
Step:77	{"loss": {"zhongtest_loss": 0.10795451183708346}, "step": 77}
Step:78	{"loss": {"zhongtrain_loss": 5.48327518807692e-07}, "step": 78}
Step:78	{"loss": {"zhongtest_loss": 0.10794619151524135}, "step": 78}
Step:79	{"loss": {"zhongtrain_loss": 5.399296837979285e-07}, "step": 79}
Step:79	{"loss": {"zhongtest_loss": 0.10794769987768056}, "step": 79}
Step:80	{"loss": {"zhongtrain_loss": 5.32134310623374e-07}, "step": 80}
Step:80	{"loss": {"zhongtest_loss": 0.10797885972626355}, "step": 80}
Step:81	{"loss": {"zhongtrain_loss": 5.249057408193415e-07}, "step": 81}
Step:81	{"loss": {"zhongtest_loss": 0.10797458765458087}, "step": 81}
Step:82	{"loss": {"zhongtrain_loss": 5.179962154843138e-07}, "step": 82}
Step:82	{"loss": {"zhongtest_loss": 0.10796774650106625}, "step": 82}
Step:83	{"loss": {"zhongtrain_loss": 5.125394040831076e-07}, "step": 83}
Step:83	{"loss": {"zhongtest_loss": 0.10795899799891881}, "step": 83}
Step:84	{"loss": {"zhongtrain_loss": 5.060904280479259e-07}, "step": 84}
Step:84	{"loss": {"zhongtest_loss": 0.10795761614429708}, "step": 84}
Step:85	{"loss": {"zhongtrain_loss": 4.998186780320448e-07}, "step": 85}
Step:85	{"loss": {"zhongtest_loss": 0.10796883641457071}, "step": 85}
Step:86	{"loss": {"zhongtrain_loss": 4.942554243888449e-07}, "step": 86}
Step:86	{"loss": {"zhongtest_loss": 0.10796845689111827}, "step": 86}
Step:87	{"loss": {"zhongtrain_loss": 4.881962452380885e-07}, "step": 87}
Step:87	{"loss": {"zhongtest_loss": 0.10796064260054608}, "step": 87}
Step:88	{"loss": {"zhongtrain_loss": 4.829165657705242e-07}, "step": 88}
Step:88	{"loss": {"zhongtest_loss": 0.10796163520034478}, "step": 88}
Step:89	{"loss": {"zhongtrain_loss": 4.776369803886186e-07}, "step": 89}
Step:89	{"loss": {"zhongtest_loss": 0.10798872733602718}, "step": 89}
Step:90	{"loss": {"zhongtrain_loss": 4.723572381972817e-07}, "step": 90}
Step:90	{"loss": {"zhongtest_loss": 0.10797722485600686}, "step": 90}
Step:91	{"loss": {"zhongtrain_loss": 4.6704208843634816e-07}, "step": 91}
Step:91	{"loss": {"zhongtest_loss": 0.10797709834818937}, "step": 91}
Step:92	{"loss": {"zhongtrain_loss": 4.616206532428523e-07}, "step": 92}
Step:92	{"loss": {"zhongtest_loss": 0.10797459738595146}, "step": 92}
Step:93	{"loss": {"zhongtrain_loss": 4.569787177325483e-07}, "step": 93}
Step:93	{"loss": {"zhongtest_loss": 0.10796928405761719}, "step": 93}
Step:94	{"loss": {"zhongtrain_loss": 4.5265582669124906e-07}, "step": 94}
Step:94	{"loss": {"zhongtest_loss": 0.10796482708989358}, "step": 94}
Step:95	{"loss": {"zhongtrain_loss": 4.48049330112428e-07}, "step": 95}
Step:95	{"loss": {"zhongtest_loss": 0.10798028050636758}, "step": 95}
Step:96	{"loss": {"zhongtrain_loss": 4.4344289625737946e-07}, "step": 96}
Step:96	{"loss": {"zhongtest_loss": 0.10797571649356764}, "step": 96}
Step:97	{"loss": {"zhongtrain_loss": 4.3961593072363657e-07}, "step": 97}
Step:97	{"loss": {"zhongtest_loss": 0.10796993605944576}, "step": 97}
Step:98	{"loss": {"zhongtrain_loss": 4.3508031200778124e-07}, "step": 98}
Step:98	{"loss": {"zhongtest_loss": 0.10797765303631218}, "step": 98}
Step:99	{"loss": {"zhongtrain_loss": 4.3164314335846375e-07}, "step": 99}
Step:99	{"loss": {"zhongtest_loss": 0.10797314741173569}, "step": 99}
Step:100	{"loss": {"zhongtrain_loss": 4.2742653774972686e-07}, "step": 100}
Step:100	{"loss": {"zhongtest_loss": 0.10797252460401885}, "step": 100}
Step:1	{"loss": {"full191train_loss": 0.05907698645107988}, "step": 1}
Step:1	{"loss": {"full191test_loss": 0.03896446617282167}, "step": 1}
Step:2	{"loss": {"full191train_loss": 0.05237017679905546}, "step": 2}
Step:2	{"loss": {"full191test_loss": 0.04030270479163345}, "step": 2}
Step:3	{"loss": {"full191train_loss": 0.06075469134510427}, "step": 3}
Step:3	{"loss": {"full191test_loss": 0.038628539260552854}, "step": 3}
Step:4	{"loss": {"full191train_loss": 0.05515134680098382}, "step": 4}
Step:4	{"loss": {"full191test_loss": 0.03866123909852943}, "step": 4}
Step:5	{"loss": {"full191train_loss": 0.05407204144242881}, "step": 5}
Step:5	{"loss": {"full191test_loss": 0.03727599309415233}, "step": 5}
Step:6	{"loss": {"full191train_loss": 0.053583381832509804}, "step": 6}
Step:6	{"loss": {"full191test_loss": 0.0362087293547027}, "step": 6}
Step:7	{"loss": {"full191train_loss": 0.05667464283929355}, "step": 7}
Step:7	{"loss": {"full191test_loss": 0.035327356688830316}, "step": 7}
Step:8	{"loss": {"full191train_loss": 0.04858949218971142}, "step": 8}
Step:8	{"loss": {"full191test_loss": 0.03319989418496891}, "step": 8}
Step:9	{"loss": {"full191train_loss": 0.04897116059842317}, "step": 9}
Step:9	{"loss": {"full191test_loss": 0.03199225299212397}, "step": 9}
Step:10	{"loss": {"full191train_loss": 0.04727707565694615}, "step": 10}
Step:10	{"loss": {"full191test_loss": 0.031673312187194824}, "step": 10}
Step:11	{"loss": {"full191train_loss": 0.04368779451950737}, "step": 11}
Step:11	{"loss": {"full191test_loss": 0.030585741510196607}, "step": 11}
Step:12	{"loss": {"full191train_loss": 0.04228080355602762}, "step": 12}
Step:12	{"loss": {"full191test_loss": 0.031028419124836823}, "step": 12}
Step:13	{"loss": {"full191train_loss": 0.03982343362725299}, "step": 13}
Step:13	{"loss": {"full191test_loss": 0.02937987385963907}, "step": 13}
Step:14	{"loss": {"full191train_loss": 0.040509942649067314}, "step": 14}
Step:14	{"loss": {"full191test_loss": 0.028582714041885064}, "step": 14}
Step:15	{"loss": {"full191train_loss": 0.0411281741183737}, "step": 15}
Step:15	{"loss": {"full191test_loss": 0.02860401844491764}, "step": 15}
Step:16	{"loss": {"full191train_loss": 0.037149446597997696}, "step": 16}
Step:16	{"loss": {"full191test_loss": 0.0275204205999569}, "step": 16}
Step:17	{"loss": {"full191train_loss": 0.03752498523048733}, "step": 17}
Step:17	{"loss": {"full191test_loss": 0.026137116004009635}, "step": 17}
Step:18	{"loss": {"full191train_loss": 0.033587839292443314}, "step": 18}
Step:18	{"loss": {"full191test_loss": 0.026047560633445273}, "step": 18}
Step:19	{"loss": {"full191train_loss": 0.03459362188975016}, "step": 19}
Step:19	{"loss": {"full191test_loss": 0.026822238552327057}, "step": 19}
Step:20	{"loss": {"full191train_loss": 0.037663449411806854}, "step": 20}
Step:20	{"loss": {"full191test_loss": 0.02656553229507135}, "step": 20}
Step:21	{"loss": {"full191train_loss": 0.0324109913646311}, "step": 21}
Step:21	{"loss": {"full191test_loss": 0.024724072339583417}, "step": 21}
Step:22	{"loss": {"full191train_loss": 0.032386648482170655}, "step": 22}
Step:22	{"loss": {"full191test_loss": 0.027089216271225288}, "step": 22}
Step:23	{"loss": {"full191train_loss": 0.028206593748452007}, "step": 23}
Step:23	{"loss": {"full191test_loss": 0.026909665185578014}, "step": 23}
Step:24	{"loss": {"full191train_loss": 0.03021818831347037}, "step": 24}
Step:24	{"loss": {"full191test_loss": 0.02869322835182657}, "step": 24}
Step:25	{"loss": {"full191train_loss": 0.03261174239974091}, "step": 25}
Step:25	{"loss": {"full191test_loss": 0.02909717997726129}, "step": 25}
Step:26	{"loss": {"full191train_loss": 0.023781470630479896}, "step": 26}
Step:26	{"loss": {"full191test_loss": 0.029529264995029995}, "step": 26}
Step:27	{"loss": {"full191train_loss": 0.051232522812442505}, "step": 27}
Step:27	{"loss": {"full191test_loss": 0.028184241178084393}, "step": 27}
Step:28	{"loss": {"full191train_loss": 0.03001687837683636}, "step": 28}
Step:28	{"loss": {"full191test_loss": 0.026171394756862094}, "step": 28}
Step:29	{"loss": {"full191train_loss": 0.028900898885035862}, "step": 29}
Step:29	{"loss": {"full191test_loss": 0.028634501963245625}, "step": 29}
Step:30	{"loss": {"full191train_loss": 0.027372092440508415}, "step": 30}
Step:30	{"loss": {"full191test_loss": 0.0312633465747444}, "step": 30}
Step:31	{"loss": {"full191train_loss": 0.027732674626336582}, "step": 31}
Step:31	{"loss": {"full191test_loss": 0.029114572369322484}, "step": 31}
Step:32	{"loss": {"full191train_loss": 0.02506482773932858}, "step": 32}
Step:32	{"loss": {"full191test_loss": 0.023854481930635413}, "step": 32}
Step:33	{"loss": {"full191train_loss": 0.020114102225372757}, "step": 33}
Step:33	{"loss": {"full191test_loss": 0.024745612728352448}, "step": 33}
Step:34	{"loss": {"full191train_loss": 0.020842629930247433}, "step": 34}
Step:34	{"loss": {"full191test_loss": 0.023446151188441684}, "step": 34}
Step:35	{"loss": {"full191train_loss": 0.029554456040479134}, "step": 35}
Step:35	{"loss": {"full191test_loss": 0.02635394553748929}, "step": 35}
Step:36	{"loss": {"full191train_loss": 0.025919036588807037}, "step": 36}
Step:36	{"loss": {"full191test_loss": 0.027601884335887675}, "step": 36}
Step:37	{"loss": {"full191train_loss": 0.027440797591554947}, "step": 37}
Step:37	{"loss": {"full191test_loss": 0.027116135675079967}, "step": 37}
Step:38	{"loss": {"full191train_loss": 0.039348988429359764}, "step": 38}
Step:38	{"loss": {"full191test_loss": 0.02840599965076057}, "step": 38}
Step:39	{"loss": {"full191train_loss": 0.021232713823733124}, "step": 39}
Step:39	{"loss": {"full191test_loss": 0.03237309747812699}, "step": 39}
Step:40	{"loss": {"full191train_loss": 0.022021649540334507}, "step": 40}
Step:40	{"loss": {"full191test_loss": 0.031621930550555795}, "step": 40}
Step:41	{"loss": {"full191train_loss": 0.028365470361018528}, "step": 41}
Step:41	{"loss": {"full191test_loss": 0.029826451321037447}, "step": 41}
Step:42	{"loss": {"full191train_loss": 0.023888156033944393}, "step": 42}
Step:42	{"loss": {"full191test_loss": 0.02698229283702617}, "step": 42}
Step:43	{"loss": {"full191train_loss": 0.02984229464461838}, "step": 43}
Step:43	{"loss": {"full191test_loss": 0.025492746002820074}, "step": 43}
Step:44	{"loss": {"full191train_loss": 0.024304205092830933}, "step": 44}
Step:44	{"loss": {"full191test_loss": 0.027524176908999075}, "step": 44}
Step:45	{"loss": {"full191train_loss": 0.01845617743505948}, "step": 45}
Step:45	{"loss": {"full191test_loss": 0.027321671953006665}, "step": 45}
Step:46	{"loss": {"full191train_loss": 0.023459332576696423}, "step": 46}
Step:46	{"loss": {"full191test_loss": 0.025982552645157794}, "step": 46}
Step:47	{"loss": {"full191train_loss": 0.016142558360445328}, "step": 47}
Step:47	{"loss": {"full191test_loss": 0.022253408723947952}, "step": 47}
Step:48	{"loss": {"full191train_loss": 0.014414558376091114}, "step": 48}
Step:48	{"loss": {"full191test_loss": 0.026251873191522092}, "step": 48}
Step:49	{"loss": {"full191train_loss": 0.014274866684623386}, "step": 49}
Step:49	{"loss": {"full191test_loss": 0.024199585525356993}, "step": 49}
Step:50	{"loss": {"full191train_loss": 0.019237098486527153}, "step": 50}
Step:50	{"loss": {"full191test_loss": 0.02446557064445651}, "step": 50}
Step:51	{"loss": {"full191train_loss": 0.015403459469477335}, "step": 51}
Step:51	{"loss": {"full191test_loss": 0.026174503929760992}, "step": 51}
Step:52	{"loss": {"full191train_loss": 0.017785431250281956}, "step": 52}
Step:52	{"loss": {"full191test_loss": 0.030244124178983728}, "step": 52}
Step:53	{"loss": {"full191train_loss": 0.011856057073758997}, "step": 53}
Step:53	{"loss": {"full191test_loss": 0.032331391256682725}, "step": 53}
Step:54	{"loss": {"full191train_loss": 0.020676539427992226}, "step": 54}
Step:54	{"loss": {"full191test_loss": 0.03303450710919439}, "step": 54}
Step:55	{"loss": {"full191train_loss": 0.010866281778916069}, "step": 55}
Step:55	{"loss": {"full191test_loss": 0.030569159254735828}, "step": 55}
Step:56	{"loss": {"full191train_loss": 0.009350111519081005}, "step": 56}
Step:56	{"loss": {"full191test_loss": 0.031675599059280087}, "step": 56}
Step:57	{"loss": {"full191train_loss": 0.02391437343929125}, "step": 57}
Step:57	{"loss": {"full191test_loss": 0.030820048585229992}, "step": 57}
Step:58	{"loss": {"full191train_loss": 0.009500698118970015}, "step": 58}
Step:58	{"loss": {"full191test_loss": 0.036987526076180596}, "step": 58}
Step:59	{"loss": {"full191train_loss": 0.012446655311446259}, "step": 59}
Step:59	{"loss": {"full191test_loss": 0.0324928736200138}, "step": 59}
Step:60	{"loss": {"full191train_loss": 0.013209428044332974}, "step": 60}
Step:60	{"loss": {"full191test_loss": 0.027359400476728166}, "step": 60}
Step:61	{"loss": {"full191train_loss": 0.030560751324114593}, "step": 61}
Step:61	{"loss": {"full191test_loss": 0.02872831237559416}, "step": 61}
Step:62	{"loss": {"full191train_loss": 0.012884150380673616}, "step": 62}
Step:62	{"loss": {"full191test_loss": 0.03794650398955053}, "step": 62}
Step:63	{"loss": {"full191train_loss": 0.01027337494103805}, "step": 63}
Step:63	{"loss": {"full191test_loss": 0.038740143483998825}, "step": 63}
Step:64	{"loss": {"full191train_loss": 0.011186924533567566}, "step": 64}
Step:64	{"loss": {"full191test_loss": 0.03751241430944326}, "step": 64}
Step:65	{"loss": {"full191train_loss": 0.01168768388637598}, "step": 65}
Step:65	{"loss": {"full191test_loss": 0.029674982538028638}, "step": 65}
Step:66	{"loss": {"full191train_loss": 0.007751241110373235}, "step": 66}
Step:66	{"loss": {"full191test_loss": 0.029002724861612126}, "step": 66}
Step:67	{"loss": {"full191train_loss": 0.010621748540712439}, "step": 67}
Step:67	{"loss": {"full191test_loss": 0.02788387999242666}, "step": 67}
Step:68	{"loss": {"full191train_loss": 0.015040021011794823}, "step": 68}
Step:68	{"loss": {"full191test_loss": 0.03425551190668223}, "step": 68}
Step:69	{"loss": {"full191train_loss": 0.008102571510750315}, "step": 69}
Step:69	{"loss": {"full191test_loss": 0.03986411191979233}, "step": 69}
Step:70	{"loss": {"full191train_loss": 0.009244232937909555}, "step": 70}
Step:70	{"loss": {"full191test_loss": 0.036604526091595084}, "step": 70}
Step:71	{"loss": {"full191train_loss": 0.014055056416470072}, "step": 71}
Step:71	{"loss": {"full191test_loss": 0.03836761202130999}, "step": 71}
Step:72	{"loss": {"full191train_loss": 0.009996792976407038}, "step": 72}
Step:72	{"loss": {"full191test_loss": 0.04021337567543497}, "step": 72}
Step:73	{"loss": {"full191train_loss": 0.00671217471793078}, "step": 73}
Step:73	{"loss": {"full191test_loss": 0.04072447942227733}, "step": 73}
Step:74	{"loss": {"full191train_loss": 0.007695556982703831}, "step": 74}
Step:74	{"loss": {"full191test_loss": 0.04107920490965551}, "step": 74}
Step:75	{"loss": {"full191train_loss": 0.007967114016629648}, "step": 75}
Step:75	{"loss": {"full191test_loss": 0.035917194522157005}, "step": 75}
Step:76	{"loss": {"full191train_loss": 0.017004607596259186}, "step": 76}
Step:76	{"loss": {"full191test_loss": 0.03454098896104462}, "step": 76}
Step:77	{"loss": {"full191train_loss": 0.02426049804341966}, "step": 77}
Step:77	{"loss": {"full191test_loss": 0.0322382571745892}, "step": 77}
Step:78	{"loss": {"full191train_loss": 0.004471351163110871}, "step": 78}
Step:78	{"loss": {"full191test_loss": 0.029962126089602102}, "step": 78}
Step:79	{"loss": {"full191train_loss": 0.006530000679734824}, "step": 79}
Step:79	{"loss": {"full191test_loss": 0.028455233087345044}, "step": 79}
Step:80	{"loss": {"full191train_loss": 0.012526224056879679}, "step": 80}
Step:80	{"loss": {"full191test_loss": 0.030588227875378668}, "step": 80}
Step:81	{"loss": {"full191train_loss": 0.007339955240056134}, "step": 81}
Step:81	{"loss": {"full191test_loss": 0.03540020086327378}, "step": 81}
Step:82	{"loss": {"full191train_loss": 0.008731851111287657}, "step": 82}
Step:82	{"loss": {"full191test_loss": 0.03378367180726966}, "step": 82}
Step:83	{"loss": {"full191train_loss": 0.009814910914586939}, "step": 83}
Step:83	{"loss": {"full191test_loss": 0.03268553042898373}, "step": 83}
Step:84	{"loss": {"full191train_loss": 0.01401697595914205}, "step": 84}
Step:84	{"loss": {"full191test_loss": 0.03069098628297144}, "step": 84}
Step:85	{"loss": {"full191train_loss": 0.005169652294421541}, "step": 85}
Step:85	{"loss": {"full191test_loss": 0.028796906373938735}, "step": 85}
Step:86	{"loss": {"full191train_loss": 0.0056870949009190435}, "step": 86}
Step:86	{"loss": {"full191test_loss": 0.03004842388386629}, "step": 86}
Step:87	{"loss": {"full191train_loss": 0.007654073013775591}, "step": 87}
Step:87	{"loss": {"full191test_loss": 0.0322500078045592}, "step": 87}
Step:88	{"loss": {"full191train_loss": 0.010068140384079754}, "step": 88}
Step:88	{"loss": {"full191test_loss": 0.03416158715072943}, "step": 88}
Step:89	{"loss": {"full191train_loss": 0.006052549334539884}, "step": 89}
Step:89	{"loss": {"full191test_loss": 0.03509353374948307}, "step": 89}
Step:90	{"loss": {"full191train_loss": 0.008481366910796234}, "step": 90}
Step:90	{"loss": {"full191test_loss": 0.0388006288178113}, "step": 90}
Step:91	{"loss": {"full191train_loss": 0.015488659558088883}, "step": 91}
Step:91	{"loss": {"full191test_loss": 0.039272926291640926}, "step": 91}
Step:92	{"loss": {"full191train_loss": 0.0073063334693079405}, "step": 92}
Step:92	{"loss": {"full191test_loss": 0.03520749296460833}, "step": 92}
Step:93	{"loss": {"full191train_loss": 0.012739054102828537}, "step": 93}
Step:93	{"loss": {"full191test_loss": 0.032788918942821266}, "step": 93}
Step:94	{"loss": {"full191train_loss": 0.003982697600039883}, "step": 94}
Step:94	{"loss": {"full191test_loss": 0.029234440959229762}, "step": 94}
Step:95	{"loss": {"full191train_loss": 0.018644390330798385}, "step": 95}
Step:95	{"loss": {"full191test_loss": 0.03325229761551837}, "step": 95}
Step:96	{"loss": {"full191train_loss": 0.01656239274619282}, "step": 96}
Step:96	{"loss": {"full191test_loss": 0.033751986464675594}, "step": 96}
Step:97	{"loss": {"full191train_loss": 0.011758460298828457}, "step": 97}
Step:97	{"loss": {"full191test_loss": 0.030412844249180386}, "step": 97}
Step:98	{"loss": {"full191train_loss": 0.005441464807676232}, "step": 98}
Step:98	{"loss": {"full191test_loss": 0.03455448637203294}, "step": 98}
Step:99	{"loss": {"full191train_loss": 0.004820160243822181}, "step": 99}
Step:99	{"loss": {"full191test_loss": 0.037076743281617454}, "step": 99}
Step:100	{"loss": {"full191train_loss": 0.014921133284983427}, "step": 100}
Step:100	{"loss": {"full191test_loss": 0.0431681506487788}, "step": 100}
Step:1	{"loss": {"zhongtrain_loss": 0.2034896629444067}, "step": 1}
Step:1	{"loss": {"zhongtest_loss": 0.14215763247742944}, "step": 1}
Step:2	{"loss": {"zhongtrain_loss": 0.13076532405355704}, "step": 2}
Step:2	{"loss": {"zhongtest_loss": 0.09354261476166394}, "step": 2}
Step:3	{"loss": {"zhongtrain_loss": 0.08087123649707739}, "step": 3}
Step:3	{"loss": {"zhongtest_loss": 0.0877838913275271}, "step": 3}
Step:4	{"loss": {"zhongtrain_loss": 0.04909039753070776}, "step": 4}
Step:4	{"loss": {"zhongtest_loss": 0.10717338445235272}, "step": 4}
Step:5	{"loss": {"zhongtrain_loss": 0.020729530656683273}, "step": 5}
Step:5	{"loss": {"zhongtest_loss": 0.05981517811210788}, "step": 5}
Step:6	{"loss": {"zhongtrain_loss": 0.02660672388214996}, "step": 6}
Step:6	{"loss": {"zhongtest_loss": 0.06857226819408183}, "step": 6}
Step:7	{"loss": {"zhongtrain_loss": 0.020775462838186733}, "step": 7}
Step:7	{"loss": {"zhongtest_loss": 0.05404555067724111}, "step": 7}
Step:8	{"loss": {"zhongtrain_loss": 0.00487202558281791}, "step": 8}
Step:8	{"loss": {"zhongtest_loss": 0.08450754321351343}, "step": 8}
Step:9	{"loss": {"zhongtrain_loss": 0.0176547148089478}, "step": 9}
Step:9	{"loss": {"zhongtest_loss": 0.08892030132060148}, "step": 9}
Step:10	{"loss": {"zhongtrain_loss": 0.003713084087855574}, "step": 10}
Step:10	{"loss": {"zhongtest_loss": 0.09438484542223873}, "step": 10}
Step:11	{"loss": {"zhongtrain_loss": 0.013249587213647539}, "step": 11}
Step:11	{"loss": {"zhongtest_loss": 0.08786317280360631}, "step": 11}
Step:12	{"loss": {"zhongtrain_loss": 0.0056682455798854}, "step": 12}
Step:12	{"loss": {"zhongtest_loss": 0.06360779003221162}, "step": 12}
Step:13	{"loss": {"zhongtrain_loss": 0.0012190660488778267}, "step": 13}
Step:13	{"loss": {"zhongtest_loss": 0.06363973325612593}, "step": 13}
Step:14	{"loss": {"zhongtrain_loss": 0.0006138096920778111}, "step": 14}
Step:14	{"loss": {"zhongtest_loss": 0.06345059433761908}, "step": 14}
Step:15	{"loss": {"zhongtrain_loss": 0.002750555350296739}, "step": 15}
Step:15	{"loss": {"zhongtest_loss": 0.06122306415012905}, "step": 15}
Step:16	{"loss": {"zhongtrain_loss": 0.0007705733018076938}, "step": 16}
Step:16	{"loss": {"zhongtest_loss": 0.06296184598183145}, "step": 16}
Step:17	{"loss": {"zhongtrain_loss": 0.00018380562761339587}, "step": 17}
Step:17	{"loss": {"zhongtest_loss": 0.06724498223285286}, "step": 17}
Step:18	{"loss": {"zhongtrain_loss": 0.000356810444129118}, "step": 18}
Step:18	{"loss": {"zhongtest_loss": 0.06777897659613162}, "step": 18}
Step:19	{"loss": {"zhongtrain_loss": 0.0002785239493528354}, "step": 19}
Step:19	{"loss": {"zhongtest_loss": 0.06584904145221321}, "step": 19}
Step:20	{"loss": {"zhongtrain_loss": 0.0002524987726971723}, "step": 20}
Step:20	{"loss": {"zhongtest_loss": 0.06187702684986348}, "step": 20}
Step:21	{"loss": {"zhongtrain_loss": 4.865104763640388e-05}, "step": 21}
Step:21	{"loss": {"zhongtest_loss": 0.057322910853794644}, "step": 21}
Step:22	{"loss": {"zhongtrain_loss": 3.8591092891073316e-05}, "step": 22}
Step:22	{"loss": {"zhongtest_loss": 0.05383032195422114}, "step": 22}
Step:23	{"loss": {"zhongtrain_loss": 2.7685271798754517e-05}, "step": 23}
Step:23	{"loss": {"zhongtest_loss": 0.051444953801680585}, "step": 23}
Step:24	{"loss": {"zhongtrain_loss": 2.3593520408199318e-05}, "step": 24}
Step:24	{"loss": {"zhongtest_loss": 0.049735307693481445}, "step": 24}
Step:25	{"loss": {"zhongtrain_loss": 1.83354747697603e-05}, "step": 25}
Step:25	{"loss": {"zhongtest_loss": 0.04859976379238829}, "step": 25}
Step:26	{"loss": {"zhongtrain_loss": 1.5945917002154864e-05}, "step": 26}
Step:26	{"loss": {"zhongtest_loss": 0.04791826617961027}, "step": 26}
Step:27	{"loss": {"zhongtrain_loss": 7.842499948363157e-06}, "step": 27}
Step:27	{"loss": {"zhongtest_loss": 0.0475387378614776}, "step": 27}
Step:28	{"loss": {"zhongtrain_loss": 7.442896763888606e-06}, "step": 28}
Step:28	{"loss": {"zhongtest_loss": 0.04737484211824378}, "step": 28}
Step:29	{"loss": {"zhongtrain_loss": 5.221697906761066e-06}, "step": 29}
Step:29	{"loss": {"zhongtest_loss": 0.04735400725384148}, "step": 29}
Step:30	{"loss": {"zhongtrain_loss": 4.550655949455888e-06}, "step": 30}
Step:30	{"loss": {"zhongtest_loss": 0.04742653029305594}, "step": 30}
Step:31	{"loss": {"zhongtrain_loss": 4.55726483884011e-06}, "step": 31}
Step:31	{"loss": {"zhongtest_loss": 0.04752548860043895}, "step": 31}
Step:32	{"loss": {"zhongtrain_loss": 3.7058102400582014e-06}, "step": 32}
Step:32	{"loss": {"zhongtest_loss": 0.04769427922307229}, "step": 32}
Step:33	{"loss": {"zhongtrain_loss": 7.149294580575889e-06}, "step": 33}
Step:33	{"loss": {"zhongtest_loss": 0.04787965696685168}, "step": 33}
Step:34	{"loss": {"zhongtrain_loss": 3.2707681068290104e-06}, "step": 34}
Step:34	{"loss": {"zhongtest_loss": 0.048142170419498365}, "step": 34}
Step:35	{"loss": {"zhongtrain_loss": 4.274885556525618e-06}, "step": 35}
Step:35	{"loss": {"zhongtest_loss": 0.04841015290240852}, "step": 35}
Step:36	{"loss": {"zhongtrain_loss": 4.932510015298275e-06}, "step": 36}
Step:36	{"loss": {"zhongtest_loss": 0.048687608874574}, "step": 36}
Step:37	{"loss": {"zhongtrain_loss": 3.623602463884036e-06}, "step": 37}
Step:37	{"loss": {"zhongtest_loss": 0.04893319947378976}, "step": 37}
Step:38	{"loss": {"zhongtrain_loss": 6.014718235456857e-06}, "step": 38}
Step:38	{"loss": {"zhongtest_loss": 0.04917136017157107}, "step": 38}
Step:39	{"loss": {"zhongtrain_loss": 4.454950111972141e-06}, "step": 39}
Step:39	{"loss": {"zhongtest_loss": 0.049380677086966376}, "step": 39}
Step:40	{"loss": {"zhongtrain_loss": 5.637280359540297e-06}, "step": 40}
Step:40	{"loss": {"zhongtest_loss": 0.04955052842899245}, "step": 40}
Step:41	{"loss": {"zhongtrain_loss": 2.4271307336385832e-06}, "step": 41}
Step:41	{"loss": {"zhongtest_loss": 0.049696168121026486}, "step": 41}
Step:42	{"loss": {"zhongtrain_loss": 3.5186374958172655e-06}, "step": 42}
Step:42	{"loss": {"zhongtest_loss": 0.049814511318596044}, "step": 42}
Step:43	{"loss": {"zhongtrain_loss": 3.209390421904138e-06}, "step": 43}
Step:43	{"loss": {"zhongtest_loss": 0.04993313672591229}, "step": 43}
Step:44	{"loss": {"zhongtrain_loss": 2.036351545847129e-06}, "step": 44}
Step:44	{"loss": {"zhongtest_loss": 0.05005654510186643}, "step": 44}
Step:45	{"loss": {"zhongtrain_loss": 2.3127798066116814e-06}, "step": 45}
Step:45	{"loss": {"zhongtest_loss": 0.050153868538992744}, "step": 45}
Step:46	{"loss": {"zhongtrain_loss": 3.2028830795805305e-06}, "step": 46}
Step:46	{"loss": {"zhongtest_loss": 0.050275243058496594}, "step": 46}
Step:47	{"loss": {"zhongtrain_loss": 3.454916135313502e-06}, "step": 47}
Step:47	{"loss": {"zhongtest_loss": 0.05040394043435856}, "step": 47}
Step:48	{"loss": {"zhongtrain_loss": 2.461848624448791e-06}, "step": 48}
Step:48	{"loss": {"zhongtest_loss": 0.05050964744723573}, "step": 48}
Step:49	{"loss": {"zhongtrain_loss": 3.7757849170610416e-06}, "step": 49}
Step:49	{"loss": {"zhongtest_loss": 0.050616497896155535}, "step": 49}
Step:50	{"loss": {"zhongtrain_loss": 1.6247012472772242e-06}, "step": 50}
Step:50	{"loss": {"zhongtest_loss": 0.05075110221395687}, "step": 50}
Step:51	{"loss": {"zhongtrain_loss": 2.013590267818907e-06}, "step": 51}
Step:51	{"loss": {"zhongtest_loss": 0.05085756340805365}, "step": 51}
Step:52	{"loss": {"zhongtrain_loss": 3.0173257033786047e-06}, "step": 52}
Step:52	{"loss": {"zhongtest_loss": 0.050988348162904075}, "step": 52}
Step:53	{"loss": {"zhongtrain_loss": 1.9954982828652566e-06}, "step": 53}
Step:53	{"loss": {"zhongtest_loss": 0.05111812572089993}, "step": 53}
Step:54	{"loss": {"zhongtrain_loss": 2.5649114041184276e-06}, "step": 54}
Step:54	{"loss": {"zhongtest_loss": 0.051248102771992585}, "step": 54}
Step:55	{"loss": {"zhongtrain_loss": 2.051036563647938e-06}, "step": 55}
Step:55	{"loss": {"zhongtest_loss": 0.05137555939810617}, "step": 55}
Step:56	{"loss": {"zhongtrain_loss": 1.4868593374874606e-06}, "step": 56}
Step:56	{"loss": {"zhongtest_loss": 0.051479801839711715}, "step": 56}
Step:57	{"loss": {"zhongtrain_loss": 2.0413265345901577e-06}, "step": 57}
Step:57	{"loss": {"zhongtest_loss": 0.0516016775248002}, "step": 57}
Step:58	{"loss": {"zhongtrain_loss": 1.9833510716283773e-06}, "step": 58}
Step:58	{"loss": {"zhongtest_loss": 0.05171683856419155}, "step": 58}
Step:59	{"loss": {"zhongtrain_loss": 1.1833064253669758e-06}, "step": 59}
Step:59	{"loss": {"zhongtest_loss": 0.05181216220466458}, "step": 59}
Step:60	{"loss": {"zhongtrain_loss": 2.2588797762274635e-06}, "step": 60}
Step:60	{"loss": {"zhongtest_loss": 0.051911373527682554}, "step": 60}
Step:61	{"loss": {"zhongtrain_loss": 2.9313436560029085e-06}, "step": 61}
Step:61	{"loss": {"zhongtest_loss": 0.051967878730929624}, "step": 61}
Step:62	{"loss": {"zhongtrain_loss": 2.5181440266179918e-06}, "step": 62}
Step:62	{"loss": {"zhongtest_loss": 0.0520346213360222}, "step": 62}
Step:63	{"loss": {"zhongtrain_loss": 2.4731668510366287e-06}, "step": 63}
Step:63	{"loss": {"zhongtest_loss": 0.052085516404132455}, "step": 63}
Step:64	{"loss": {"zhongtrain_loss": 2.6420102981121643e-06}, "step": 64}
Step:64	{"loss": {"zhongtest_loss": 0.05213957903336505}, "step": 64}
Step:65	{"loss": {"zhongtrain_loss": 1.2374860133327867e-06}, "step": 65}
Step:65	{"loss": {"zhongtest_loss": 0.05219450775457888}, "step": 65}
Step:66	{"loss": {"zhongtrain_loss": 2.3065822724543135e-06}, "step": 66}
Step:66	{"loss": {"zhongtest_loss": 0.052239096894556164}, "step": 66}
Step:67	{"loss": {"zhongtrain_loss": 1.7960267976614768e-06}, "step": 67}
Step:67	{"loss": {"zhongtest_loss": 0.05230233134055624}, "step": 67}
Step:68	{"loss": {"zhongtrain_loss": 1.5763993281364927e-06}, "step": 68}
Step:68	{"loss": {"zhongtest_loss": 0.052371458131439834}, "step": 68}
Step:69	{"loss": {"zhongtrain_loss": 1.2253028968268114e-06}, "step": 69}
Step:69	{"loss": {"zhongtest_loss": 0.052451595968129684}, "step": 69}
Step:70	{"loss": {"zhongtrain_loss": 1.0358971190146184e-06}, "step": 70}
Step:70	{"loss": {"zhongtest_loss": 0.052509920937674384}, "step": 70}
Step:71	{"loss": {"zhongtrain_loss": 1.7135735897286593e-06}, "step": 71}
Step:71	{"loss": {"zhongtest_loss": 0.0525669662319884}, "step": 71}
Step:72	{"loss": {"zhongtrain_loss": 1.75149066110506e-06}, "step": 72}
Step:72	{"loss": {"zhongtest_loss": 0.05261966646934042}, "step": 72}
Step:73	{"loss": {"zhongtrain_loss": 1.529186482767345e-06}, "step": 73}
Step:73	{"loss": {"zhongtest_loss": 0.052678740754419445}, "step": 73}
Step:74	{"loss": {"zhongtrain_loss": 1.466250978410244e-06}, "step": 74}
Step:74	{"loss": {"zhongtest_loss": 0.05273419983532964}, "step": 74}
Step:75	{"loss": {"zhongtrain_loss": 1.0769055233390974e-06}, "step": 75}
Step:75	{"loss": {"zhongtest_loss": 0.05279094345715581}, "step": 75}
Step:76	{"loss": {"zhongtrain_loss": 1.435997124855825e-06}, "step": 76}
Step:76	{"loss": {"zhongtest_loss": 0.05283785352901536}, "step": 76}
Step:77	{"loss": {"zhongtrain_loss": 1.177758573591574e-06}, "step": 77}
Step:77	{"loss": {"zhongtest_loss": 0.05288005361751634}, "step": 77}
Step:78	{"loss": {"zhongtrain_loss": 1.4800441377978448e-06}, "step": 78}
Step:78	{"loss": {"zhongtest_loss": 0.052936271745331435}, "step": 78}
Step:79	{"loss": {"zhongtrain_loss": 1.3830659040452347e-06}, "step": 79}
Step:79	{"loss": {"zhongtest_loss": 0.052990042433446766}, "step": 79}
Step:80	{"loss": {"zhongtrain_loss": 1.252478545791456e-06}, "step": 80}
Step:80	{"loss": {"zhongtest_loss": 0.053030957981031766}, "step": 80}
Step:81	{"loss": {"zhongtrain_loss": 1.3477886344501884e-06}, "step": 81}
Step:81	{"loss": {"zhongtest_loss": 0.05308116212183116}, "step": 81}
Step:82	{"loss": {"zhongtrain_loss": 1.491867885266876e-06}, "step": 82}
Step:82	{"loss": {"zhongtest_loss": 0.05312395095825195}, "step": 82}
Step:83	{"loss": {"zhongtrain_loss": 1.8137308897153623e-06}, "step": 83}
Step:83	{"loss": {"zhongtest_loss": 0.05318164825439453}, "step": 83}
Step:84	{"loss": {"zhongtrain_loss": 1.1838246659929121e-06}, "step": 84}
Step:84	{"loss": {"zhongtest_loss": 0.05322736623335858}, "step": 84}
Step:85	{"loss": {"zhongtrain_loss": 9.57189131177206e-07}, "step": 85}
Step:85	{"loss": {"zhongtest_loss": 0.05326528938449159}, "step": 85}
Step:86	{"loss": {"zhongtrain_loss": 1.145206782815006e-06}, "step": 86}
Step:86	{"loss": {"zhongtest_loss": 0.05330175283003827}, "step": 86}
Step:87	{"loss": {"zhongtrain_loss": 8.235380938867161e-07}, "step": 87}
Step:87	{"loss": {"zhongtest_loss": 0.0533471983306262}, "step": 87}
Step:88	{"loss": {"zhongtrain_loss": 1.4622605374535087e-06}, "step": 88}
Step:88	{"loss": {"zhongtest_loss": 0.053392162128370634}, "step": 88}
Step:89	{"loss": {"zhongtrain_loss": 7.191012786200229e-07}, "step": 89}
Step:89	{"loss": {"zhongtest_loss": 0.05342007169918138}, "step": 89}
Step:90	{"loss": {"zhongtrain_loss": 9.180412366665711e-07}, "step": 90}
Step:90	{"loss": {"zhongtest_loss": 0.053456228606554926}, "step": 90}
Step:91	{"loss": {"zhongtrain_loss": 1.5890901799455448e-06}, "step": 91}
Step:91	{"loss": {"zhongtest_loss": 0.05348362728041046}, "step": 91}
Step:92	{"loss": {"zhongtrain_loss": 1.1431459469072844e-06}, "step": 92}
Step:92	{"loss": {"zhongtest_loss": 0.05351529316026337}, "step": 92}
Step:93	{"loss": {"zhongtrain_loss": 8.291128482517746e-07}, "step": 93}
Step:93	{"loss": {"zhongtest_loss": 0.05354861337311414}, "step": 93}
Step:94	{"loss": {"zhongtrain_loss": 1.1387523229949283e-06}, "step": 94}
Step:94	{"loss": {"zhongtest_loss": 0.05356689861842564}, "step": 94}
Step:95	{"loss": {"zhongtrain_loss": 1.2489465428887447e-06}, "step": 95}
Step:95	{"loss": {"zhongtest_loss": 0.05358479947459941}, "step": 95}
Step:96	{"loss": {"zhongtrain_loss": 1.5300129893728518e-06}, "step": 96}
Step:96	{"loss": {"zhongtest_loss": 0.05360423302163883}, "step": 96}
Step:97	{"loss": {"zhongtrain_loss": 8.848251720495603e-07}, "step": 97}
Step:97	{"loss": {"zhongtest_loss": 0.05363688176991988}, "step": 97}
Step:98	{"loss": {"zhongtrain_loss": 1.1271295079495758e-06}, "step": 98}
Step:98	{"loss": {"zhongtest_loss": 0.05366521952103595}, "step": 98}
Step:99	{"loss": {"zhongtrain_loss": 1.54703372137864e-06}, "step": 99}
Step:99	{"loss": {"zhongtest_loss": 0.05369674429601552}, "step": 99}
Step:100	{"loss": {"zhongtrain_loss": 6.786092497982874e-07}, "step": 100}
Step:100	{"loss": {"zhongtest_loss": 0.05372551022743692}, "step": 100}
