Step:1	{"metric": {"full19train": {"acc": 0.12149532710280374}}, "step": 1}
Step:1	{"metric": {"full19test": {"acc": 0.2336448598130841}}, "step": 1}
Step:1	{"metric": {"full19test": {"UAR": 0.211789}}, "step": 1}
Step:1	{"metric": {"full19test": {"Macro_F1": 0.194031}}, "step": 1}
Step:1	{"metric": {"full19test": {"wa": 0.252514}}, "step": 1}
Step:2	{"metric": {"full19train": {"acc": 0.15186915887850466}}, "step": 2}
Step:2	{"metric": {"full19test": {"acc": 0.18691588785046728}}, "step": 2}
Step:2	{"metric": {"full19test": {"UAR": 0.129452}}, "step": 2}
Step:2	{"metric": {"full19test": {"Macro_F1": 0.133375}}, "step": 2}
Step:2	{"metric": {"full19test": {"wa": 0.206949}}, "step": 2}
Step:3	{"metric": {"full19train": {"acc": 0.23598130841121495}}, "step": 3}
Step:3	{"metric": {"full19test": {"acc": 0.2803738317757009}}, "step": 3}
Step:3	{"metric": {"full19test": {"UAR": 0.167155}}, "step": 3}
Step:3	{"metric": {"full19test": {"Macro_F1": 0.170522}}, "step": 3}
Step:3	{"metric": {"full19test": {"wa": 0.494437}}, "step": 3}
Step:4	{"metric": {"full19train": {"acc": 0.24766355140186916}}, "step": 4}
Step:4	{"metric": {"full19test": {"acc": 0.29906542056074764}}, "step": 4}
Step:4	{"metric": {"full19test": {"UAR": 0.233503}}, "step": 4}
Step:4	{"metric": {"full19test": {"Macro_F1": 0.174394}}, "step": 4}
Step:4	{"metric": {"full19test": {"wa": 0.726346}}, "step": 4}
Step:5	{"metric": {"full19train": {"acc": 0.2616822429906542}}, "step": 5}
Step:5	{"metric": {"full19test": {"acc": 0.2803738317757009}}, "step": 5}
Step:5	{"metric": {"full19test": {"UAR": 0.073308}}, "step": 5}
Step:5	{"metric": {"full19test": {"Macro_F1": 0.099386}}, "step": 5}
Step:5	{"metric": {"full19test": {"wa": 0.720427}}, "step": 5}
Step:6	{"metric": {"full19train": {"acc": 0.308411214953271}}, "step": 6}
Step:6	{"metric": {"full19test": {"acc": 0.3644859813084112}}, "step": 6}
Step:6	{"metric": {"full19test": {"UAR": 0.152273}}, "step": 6}
Step:6	{"metric": {"full19test": {"Macro_F1": 0.162686}}, "step": 6}
Step:6	{"metric": {"full19test": {"wa": 0.775701}}, "step": 6}
Step:7	{"metric": {"full19train": {"acc": 0.3411214953271028}}, "step": 7}
Step:7	{"metric": {"full19test": {"acc": 0.34579439252336447}}, "step": 7}
Step:7	{"metric": {"full19test": {"UAR": 0.189177}}, "step": 7}
Step:7	{"metric": {"full19test": {"Macro_F1": 0.181239}}, "step": 7}
Step:7	{"metric": {"full19test": {"wa": 0.670171}}, "step": 7}
Step:8	{"metric": {"full19train": {"acc": 0.3808411214953271}}, "step": 8}
Step:8	{"metric": {"full19test": {"acc": 0.411214953271028}}, "step": 8}
Step:8	{"metric": {"full19test": {"UAR": 0.346341}}, "step": 8}
Step:8	{"metric": {"full19test": {"Macro_F1": 0.247784}}, "step": 8}
Step:8	{"metric": {"full19test": {"wa": 0.6367}}, "step": 8}
Step:9	{"metric": {"full19train": {"acc": 0.3808411214953271}}, "step": 9}
Step:9	{"metric": {"full19test": {"acc": 0.40186915887850466}}, "step": 9}
Step:9	{"metric": {"full19test": {"UAR": 0.243669}}, "step": 9}
Step:9	{"metric": {"full19test": {"Macro_F1": 0.268126}}, "step": 9}
Step:9	{"metric": {"full19test": {"wa": 0.607343}}, "step": 9}
Step:10	{"metric": {"full19train": {"acc": 0.42289719626168226}}, "step": 10}
Step:10	{"metric": {"full19test": {"acc": 0.4953271028037383}}, "step": 10}
Step:10	{"metric": {"full19test": {"UAR": 0.311907}}, "step": 10}
Step:10	{"metric": {"full19test": {"Macro_F1": 0.334632}}, "step": 10}
Step:10	{"metric": {"full19test": {"wa": 0.643391}}, "step": 10}
Step:11	{"metric": {"full19train": {"acc": 0.43457943925233644}}, "step": 11}
Step:11	{"metric": {"full19test": {"acc": 0.4766355140186916}}, "step": 11}
Step:11	{"metric": {"full19test": {"UAR": 0.322955}}, "step": 11}
Step:11	{"metric": {"full19test": {"Macro_F1": 0.317777}}, "step": 11}
Step:11	{"metric": {"full19test": {"wa": 0.665241}}, "step": 11}
Step:12	{"metric": {"full19train": {"acc": 0.45794392523364486}}, "step": 12}
Step:12	{"metric": {"full19test": {"acc": 0.514018691588785}}, "step": 12}
Step:12	{"metric": {"full19test": {"UAR": 0.378042}}, "step": 12}
Step:12	{"metric": {"full19test": {"Macro_F1": 0.372836}}, "step": 12}
Step:12	{"metric": {"full19test": {"wa": 0.713731}}, "step": 12}
Step:13	{"metric": {"full19train": {"acc": 0.47897196261682246}}, "step": 13}
Step:13	{"metric": {"full19test": {"acc": 0.5327102803738317}}, "step": 13}
Step:13	{"metric": {"full19test": {"UAR": 0.429847}}, "step": 13}
Step:13	{"metric": {"full19test": {"Macro_F1": 0.423877}}, "step": 13}
Step:13	{"metric": {"full19test": {"wa": 0.57821}}, "step": 13}
Step:14	{"metric": {"full19train": {"acc": 0.5373831775700935}}, "step": 14}
Step:14	{"metric": {"full19test": {"acc": 0.5700934579439252}}, "step": 14}
Step:14	{"metric": {"full19test": {"UAR": 0.431528}}, "step": 14}
Step:14	{"metric": {"full19test": {"Macro_F1": 0.443512}}, "step": 14}
Step:14	{"metric": {"full19test": {"wa": 0.638588}}, "step": 14}
Step:15	{"metric": {"full19train": {"acc": 0.5560747663551402}}, "step": 15}
Step:15	{"metric": {"full19test": {"acc": 0.5420560747663551}}, "step": 15}
Step:15	{"metric": {"full19test": {"UAR": 0.450563}}, "step": 15}
Step:15	{"metric": {"full19test": {"Macro_F1": 0.443247}}, "step": 15}
Step:15	{"metric": {"full19test": {"wa": 0.649635}}, "step": 15}
Step:16	{"metric": {"full19train": {"acc": 0.5560747663551402}}, "step": 16}
Step:16	{"metric": {"full19test": {"acc": 0.5700934579439252}}, "step": 16}
Step:16	{"metric": {"full19test": {"UAR": 0.46613}}, "step": 16}
Step:16	{"metric": {"full19test": {"Macro_F1": 0.473408}}, "step": 16}
Step:16	{"metric": {"full19test": {"wa": 0.637635}}, "step": 16}
Step:17	{"metric": {"full19train": {"acc": 0.6074766355140186}}, "step": 17}
Step:17	{"metric": {"full19test": {"acc": 0.5233644859813084}}, "step": 17}
Step:17	{"metric": {"full19test": {"UAR": 0.475024}}, "step": 17}
Step:17	{"metric": {"full19test": {"Macro_F1": 0.455751}}, "step": 17}
Step:17	{"metric": {"full19test": {"wa": 0.614378}}, "step": 17}
Step:18	{"metric": {"full19train": {"acc": 0.6238317757009346}}, "step": 18}
Step:18	{"metric": {"full19test": {"acc": 0.6822429906542056}}, "step": 18}
Step:18	{"metric": {"full19test": {"UAR": 0.593635}}, "step": 18}
Step:18	{"metric": {"full19test": {"Macro_F1": 0.596527}}, "step": 18}
Step:18	{"metric": {"full19test": {"wa": 0.720282}}, "step": 18}
Step:19	{"metric": {"full19train": {"acc": 0.6144859813084113}}, "step": 19}
Step:19	{"metric": {"full19test": {"acc": 0.5607476635514018}}, "step": 19}
Step:19	{"metric": {"full19test": {"UAR": 0.497074}}, "step": 19}
Step:19	{"metric": {"full19test": {"Macro_F1": 0.47143}}, "step": 19}
Step:19	{"metric": {"full19test": {"wa": 0.61249}}, "step": 19}
Step:20	{"metric": {"full19train": {"acc": 0.6612149532710281}}, "step": 20}
Step:20	{"metric": {"full19test": {"acc": 0.6728971962616822}}, "step": 20}
Step:20	{"metric": {"full19test": {"UAR": 0.608976}}, "step": 20}
Step:20	{"metric": {"full19test": {"Macro_F1": 0.590269}}, "step": 20}
Step:20	{"metric": {"full19test": {"wa": 0.719807}}, "step": 20}
Step:21	{"metric": {"full19train": {"acc": 0.6728971962616822}}, "step": 21}
Step:21	{"metric": {"full19test": {"acc": 0.5607476635514018}}, "step": 21}
Step:21	{"metric": {"full19test": {"UAR": 0.538857}}, "step": 21}
Step:21	{"metric": {"full19test": {"Macro_F1": 0.500737}}, "step": 21}
Step:21	{"metric": {"full19test": {"wa": 0.613695}}, "step": 21}
Step:22	{"metric": {"full19train": {"acc": 0.7079439252336449}}, "step": 22}
Step:22	{"metric": {"full19test": {"acc": 0.6635514018691588}}, "step": 22}
Step:22	{"metric": {"full19test": {"UAR": 0.588643}}, "step": 22}
Step:22	{"metric": {"full19test": {"Macro_F1": 0.577948}}, "step": 22}
Step:22	{"metric": {"full19test": {"wa": 0.723197}}, "step": 22}
Step:23	{"metric": {"full19train": {"acc": 0.6682242990654206}}, "step": 23}
Step:23	{"metric": {"full19test": {"acc": 0.6635514018691588}}, "step": 23}
Step:23	{"metric": {"full19test": {"UAR": 0.59391}}, "step": 23}
Step:23	{"metric": {"full19test": {"Macro_F1": 0.580123}}, "step": 23}
Step:23	{"metric": {"full19test": {"wa": 0.719244}}, "step": 23}
Step:24	{"metric": {"full19train": {"acc": 0.705607476635514}}, "step": 24}
Step:24	{"metric": {"full19test": {"acc": 0.6542056074766355}}, "step": 24}
Step:24	{"metric": {"full19test": {"UAR": 0.640897}}, "step": 24}
Step:24	{"metric": {"full19test": {"Macro_F1": 0.596791}}, "step": 24}
Step:24	{"metric": {"full19test": {"wa": 0.691647}}, "step": 24}
Step:25	{"metric": {"full19train": {"acc": 0.7313084112149533}}, "step": 25}
Step:25	{"metric": {"full19test": {"acc": 0.7383177570093458}}, "step": 25}
Step:25	{"metric": {"full19test": {"UAR": 0.700981}}, "step": 25}
Step:25	{"metric": {"full19test": {"Macro_F1": 0.696554}}, "step": 25}
Step:25	{"metric": {"full19test": {"wa": 0.764606}}, "step": 25}
Step:26	{"metric": {"full19train": {"acc": 0.7593457943925234}}, "step": 26}
Step:26	{"metric": {"full19test": {"acc": 0.7009345794392523}}, "step": 26}
Step:26	{"metric": {"full19test": {"UAR": 0.670547}}, "step": 26}
Step:26	{"metric": {"full19test": {"Macro_F1": 0.664856}}, "step": 26}
Step:26	{"metric": {"full19test": {"wa": 0.707237}}, "step": 26}
Step:27	{"metric": {"full19train": {"acc": 0.75}}, "step": 27}
Step:27	{"metric": {"full19test": {"acc": 0.6542056074766355}}, "step": 27}
Step:27	{"metric": {"full19test": {"UAR": 0.625981}}, "step": 27}
Step:27	{"metric": {"full19test": {"Macro_F1": 0.602129}}, "step": 27}
Step:27	{"metric": {"full19test": {"wa": 0.688936}}, "step": 27}
Step:28	{"metric": {"full19train": {"acc": 0.7780373831775701}}, "step": 28}
Step:28	{"metric": {"full19test": {"acc": 0.6822429906542056}}, "step": 28}
Step:28	{"metric": {"full19test": {"UAR": 0.669248}}, "step": 28}
Step:28	{"metric": {"full19test": {"Macro_F1": 0.642305}}, "step": 28}
Step:28	{"metric": {"full19test": {"wa": 0.753083}}, "step": 28}
Step:29	{"metric": {"full19train": {"acc": 0.7780373831775701}}, "step": 29}
Step:29	{"metric": {"full19test": {"acc": 0.6728971962616822}}, "step": 29}
Step:29	{"metric": {"full19test": {"UAR": 0.625736}}, "step": 29}
Step:29	{"metric": {"full19test": {"Macro_F1": 0.615608}}, "step": 29}
Step:29	{"metric": {"full19test": {"wa": 0.721476}}, "step": 29}
Step:30	{"metric": {"full19train": {"acc": 0.8084112149532711}}, "step": 30}
Step:30	{"metric": {"full19test": {"acc": 0.6728971962616822}}, "step": 30}
Step:30	{"metric": {"full19test": {"UAR": 0.658755}}, "step": 30}
Step:30	{"metric": {"full19test": {"Macro_F1": 0.638394}}, "step": 30}
Step:30	{"metric": {"full19test": {"wa": 0.695005}}, "step": 30}
Step:31	{"metric": {"full19train": {"acc": 0.7920560747663551}}, "step": 31}
Step:31	{"metric": {"full19test": {"acc": 0.7009345794392523}}, "step": 31}
Step:31	{"metric": {"full19test": {"UAR": 0.651855}}, "step": 31}
Step:31	{"metric": {"full19test": {"Macro_F1": 0.651799}}, "step": 31}
Step:31	{"metric": {"full19test": {"wa": 0.723354}}, "step": 31}
Step:32	{"metric": {"full19train": {"acc": 0.8107476635514018}}, "step": 32}
Step:32	{"metric": {"full19test": {"acc": 0.7289719626168224}}, "step": 32}
Step:32	{"metric": {"full19test": {"UAR": 0.723781}}, "step": 32}
Step:32	{"metric": {"full19test": {"Macro_F1": 0.695623}}, "step": 32}
Step:32	{"metric": {"full19test": {"wa": 0.745553}}, "step": 32}
Step:33	{"metric": {"full19train": {"acc": 0.8317757009345794}}, "step": 33}
Step:33	{"metric": {"full19test": {"acc": 0.7289719626168224}}, "step": 33}
Step:33	{"metric": {"full19test": {"UAR": 0.6811}}, "step": 33}
Step:33	{"metric": {"full19test": {"Macro_F1": 0.667333}}, "step": 33}
Step:33	{"metric": {"full19test": {"wa": 0.784552}}, "step": 33}
Step:34	{"metric": {"full19train": {"acc": 0.8644859813084113}}, "step": 34}
Step:34	{"metric": {"full19test": {"acc": 0.7383177570093458}}, "step": 34}
Step:34	{"metric": {"full19test": {"UAR": 0.714309}}, "step": 34}
Step:34	{"metric": {"full19test": {"Macro_F1": 0.704277}}, "step": 34}
Step:34	{"metric": {"full19test": {"wa": 0.754995}}, "step": 34}
Step:35	{"metric": {"full19train": {"acc": 0.8574766355140186}}, "step": 35}
Step:35	{"metric": {"full19test": {"acc": 0.794392523364486}}, "step": 35}
Step:35	{"metric": {"full19test": {"UAR": 0.755034}}, "step": 35}
Step:35	{"metric": {"full19test": {"Macro_F1": 0.750908}}, "step": 35}
Step:35	{"metric": {"full19test": {"wa": 0.813574}}, "step": 35}
Step:36	{"metric": {"full19train": {"acc": 0.8621495327102804}}, "step": 36}
Step:36	{"metric": {"full19test": {"acc": 0.7570093457943925}}, "step": 36}
Step:36	{"metric": {"full19test": {"UAR": 0.713747}}, "step": 36}
Step:36	{"metric": {"full19test": {"Macro_F1": 0.69998}}, "step": 36}
Step:36	{"metric": {"full19test": {"wa": 0.778496}}, "step": 36}
Step:37	{"metric": {"full19train": {"acc": 0.8387850467289719}}, "step": 37}
Step:37	{"metric": {"full19test": {"acc": 0.7850467289719626}}, "step": 37}
Step:37	{"metric": {"full19test": {"UAR": 0.770567}}, "step": 37}
Step:37	{"metric": {"full19test": {"Macro_F1": 0.758147}}, "step": 37}
Step:37	{"metric": {"full19test": {"wa": 0.819557}}, "step": 37}
Step:38	{"metric": {"full19train": {"acc": 0.8738317757009346}}, "step": 38}
Step:38	{"metric": {"full19test": {"acc": 0.7009345794392523}}, "step": 38}
Step:38	{"metric": {"full19test": {"UAR": 0.739691}}, "step": 38}
Step:38	{"metric": {"full19test": {"Macro_F1": 0.671552}}, "step": 38}
Step:38	{"metric": {"full19test": {"wa": 0.782216}}, "step": 38}
Step:39	{"metric": {"full19train": {"acc": 0.8411214953271028}}, "step": 39}
Step:39	{"metric": {"full19test": {"acc": 0.822429906542056}}, "step": 39}
Step:39	{"metric": {"full19test": {"UAR": 0.795462}}, "step": 39}
Step:39	{"metric": {"full19test": {"Macro_F1": 0.77666}}, "step": 39}
Step:39	{"metric": {"full19test": {"wa": 0.870336}}, "step": 39}
Step:40	{"metric": {"full19train": {"acc": 0.883177570093458}}, "step": 40}
Step:40	{"metric": {"full19test": {"acc": 0.6915887850467289}}, "step": 40}
Step:40	{"metric": {"full19test": {"UAR": 0.682548}}, "step": 40}
Step:40	{"metric": {"full19test": {"Macro_F1": 0.660854}}, "step": 40}
Step:40	{"metric": {"full19test": {"wa": 0.70722}}, "step": 40}
Step:41	{"metric": {"full19train": {"acc": 0.8948598130841121}}, "step": 41}
Step:41	{"metric": {"full19test": {"acc": 0.7476635514018691}}, "step": 41}
Step:41	{"metric": {"full19test": {"UAR": 0.745498}}, "step": 41}
Step:41	{"metric": {"full19test": {"Macro_F1": 0.71588}}, "step": 41}
Step:41	{"metric": {"full19test": {"wa": 0.8157}}, "step": 41}
Step:42	{"metric": {"full19train": {"acc": 0.9182242990654206}}, "step": 42}
Step:42	{"metric": {"full19test": {"acc": 0.822429906542056}}, "step": 42}
Step:42	{"metric": {"full19test": {"UAR": 0.798611}}, "step": 42}
Step:42	{"metric": {"full19test": {"Macro_F1": 0.793222}}, "step": 42}
Step:42	{"metric": {"full19test": {"wa": 0.849631}}, "step": 42}
Step:43	{"metric": {"full19train": {"acc": 0.897196261682243}}, "step": 43}
Step:43	{"metric": {"full19test": {"acc": 0.7850467289719626}}, "step": 43}
Step:43	{"metric": {"full19test": {"UAR": 0.774526}}, "step": 43}
Step:43	{"metric": {"full19test": {"Macro_F1": 0.749728}}, "step": 43}
Step:43	{"metric": {"full19test": {"wa": 0.807557}}, "step": 43}
Step:44	{"metric": {"full19train": {"acc": 0.9065420560747663}}, "step": 44}
Step:44	{"metric": {"full19test": {"acc": 0.7663551401869159}}, "step": 44}
Step:44	{"metric": {"full19test": {"UAR": 0.761239}}, "step": 44}
Step:44	{"metric": {"full19test": {"Macro_F1": 0.739521}}, "step": 44}
Step:44	{"metric": {"full19test": {"wa": 0.815209}}, "step": 44}
Step:45	{"metric": {"full19train": {"acc": 0.9228971962616822}}, "step": 45}
Step:45	{"metric": {"full19test": {"acc": 0.8317757009345794}}, "step": 45}
Step:45	{"metric": {"full19test": {"UAR": 0.802653}}, "step": 45}
Step:45	{"metric": {"full19test": {"Macro_F1": 0.799142}}, "step": 45}
Step:45	{"metric": {"full19test": {"wa": 0.847978}}, "step": 45}
Step:46	{"metric": {"full19train": {"acc": 0.9252336448598131}}, "step": 46}
Step:46	{"metric": {"full19test": {"acc": 0.8598130841121495}}, "step": 46}
Step:46	{"metric": {"full19test": {"UAR": 0.828382}}, "step": 46}
Step:46	{"metric": {"full19test": {"Macro_F1": 0.838448}}, "step": 46}
Step:46	{"metric": {"full19test": {"wa": 0.877279}}, "step": 46}
Step:47	{"metric": {"full19train": {"acc": 0.9299065420560748}}, "step": 47}
Step:47	{"metric": {"full19test": {"acc": 0.7757009345794392}}, "step": 47}
Step:47	{"metric": {"full19test": {"UAR": 0.766271}}, "step": 47}
Step:47	{"metric": {"full19test": {"Macro_F1": 0.743034}}, "step": 47}
Step:47	{"metric": {"full19test": {"wa": 0.792811}}, "step": 47}
Step:48	{"metric": {"full19train": {"acc": 0.9345794392523364}}, "step": 48}
Step:48	{"metric": {"full19test": {"acc": 0.794392523364486}}, "step": 48}
Step:48	{"metric": {"full19test": {"UAR": 0.789824}}, "step": 48}
Step:48	{"metric": {"full19test": {"Macro_F1": 0.761754}}, "step": 48}
Step:48	{"metric": {"full19test": {"wa": 0.823241}}, "step": 48}
Step:49	{"metric": {"full19train": {"acc": 0.9088785046728972}}, "step": 49}
Step:49	{"metric": {"full19test": {"acc": 0.7289719626168224}}, "step": 49}
Step:49	{"metric": {"full19test": {"UAR": 0.733603}}, "step": 49}
Step:49	{"metric": {"full19test": {"Macro_F1": 0.70217}}, "step": 49}
Step:49	{"metric": {"full19test": {"wa": 0.794197}}, "step": 49}
Step:50	{"metric": {"full19train": {"acc": 0.927570093457944}}, "step": 50}
Step:50	{"metric": {"full19test": {"acc": 0.8130841121495327}}, "step": 50}
Step:50	{"metric": {"full19test": {"UAR": 0.802747}}, "step": 50}
Step:50	{"metric": {"full19test": {"Macro_F1": 0.782089}}, "step": 50}
Step:50	{"metric": {"full19test": {"wa": 0.847007}}, "step": 50}
Step:51	{"metric": {"full19train": {"acc": 0.9369158878504673}}, "step": 51}
Step:51	{"metric": {"full19test": {"acc": 0.7757009345794392}}, "step": 51}
Step:51	{"metric": {"full19test": {"UAR": 0.755355}}, "step": 51}
Step:51	{"metric": {"full19test": {"Macro_F1": 0.748173}}, "step": 51}
Step:51	{"metric": {"full19test": {"wa": 0.814483}}, "step": 51}
Step:52	{"metric": {"full19train": {"acc": 0.9415887850467289}}, "step": 52}
Step:52	{"metric": {"full19test": {"acc": 0.7757009345794392}}, "step": 52}
Step:52	{"metric": {"full19test": {"UAR": 0.745711}}, "step": 52}
Step:52	{"metric": {"full19test": {"Macro_F1": 0.744896}}, "step": 52}
Step:52	{"metric": {"full19test": {"wa": 0.81678}}, "step": 52}
Step:53	{"metric": {"full19train": {"acc": 0.9462616822429907}}, "step": 53}
Step:53	{"metric": {"full19test": {"acc": 0.7570093457943925}}, "step": 53}
Step:53	{"metric": {"full19test": {"UAR": 0.757614}}, "step": 53}
Step:53	{"metric": {"full19test": {"Macro_F1": 0.727068}}, "step": 53}
Step:53	{"metric": {"full19test": {"wa": 0.803449}}, "step": 53}
Step:54	{"metric": {"full19train": {"acc": 0.9509345794392523}}, "step": 54}
Step:54	{"metric": {"full19test": {"acc": 0.7663551401869159}}, "step": 54}
Step:54	{"metric": {"full19test": {"UAR": 0.772788}}, "step": 54}
Step:54	{"metric": {"full19test": {"Macro_F1": 0.732094}}, "step": 54}
Step:54	{"metric": {"full19test": {"wa": 0.790435}}, "step": 54}
Step:55	{"metric": {"full19train": {"acc": 0.9462616822429907}}, "step": 55}
Step:55	{"metric": {"full19test": {"acc": 0.8504672897196262}}, "step": 55}
Step:55	{"metric": {"full19test": {"UAR": 0.83055}}, "step": 55}
Step:55	{"metric": {"full19test": {"Macro_F1": 0.823826}}, "step": 55}
Step:55	{"metric": {"full19test": {"wa": 0.873339}}, "step": 55}
Step:56	{"metric": {"full19train": {"acc": 0.9415887850467289}}, "step": 56}
Step:56	{"metric": {"full19test": {"acc": 0.7757009345794392}}, "step": 56}
Step:56	{"metric": {"full19test": {"UAR": 0.77534}}, "step": 56}
Step:56	{"metric": {"full19test": {"Macro_F1": 0.733774}}, "step": 56}
Step:56	{"metric": {"full19test": {"wa": 0.805423}}, "step": 56}
Step:57	{"metric": {"full19train": {"acc": 0.9369158878504673}}, "step": 57}
Step:57	{"metric": {"full19test": {"acc": 0.794392523364486}}, "step": 57}
Step:57	{"metric": {"full19test": {"UAR": 0.755882}}, "step": 57}
Step:57	{"metric": {"full19test": {"Macro_F1": 0.761649}}, "step": 57}
Step:57	{"metric": {"full19test": {"wa": 0.812733}}, "step": 57}
Step:58	{"metric": {"full19train": {"acc": 0.955607476635514}}, "step": 58}
Step:58	{"metric": {"full19test": {"acc": 0.794392523364486}}, "step": 58}
Step:58	{"metric": {"full19test": {"UAR": 0.762472}}, "step": 58}
Step:58	{"metric": {"full19test": {"Macro_F1": 0.76305}}, "step": 58}
Step:58	{"metric": {"full19test": {"wa": 0.818508}}, "step": 58}
Step:59	{"metric": {"full19train": {"acc": 0.9602803738317757}}, "step": 59}
Step:59	{"metric": {"full19test": {"acc": 0.7850467289719626}}, "step": 59}
Step:59	{"metric": {"full19test": {"UAR": 0.793803}}, "step": 59}
Step:59	{"metric": {"full19test": {"Macro_F1": 0.751121}}, "step": 59}
Step:59	{"metric": {"full19test": {"wa": 0.834184}}, "step": 59}
Step:60	{"metric": {"full19train": {"acc": 0.9439252336448598}}, "step": 60}
Step:60	{"metric": {"full19test": {"acc": 0.7570093457943925}}, "step": 60}
Step:60	{"metric": {"full19test": {"UAR": 0.761796}}, "step": 60}
Step:60	{"metric": {"full19test": {"Macro_F1": 0.708756}}, "step": 60}
Step:60	{"metric": {"full19test": {"wa": 0.785964}}, "step": 60}
Step:61	{"metric": {"full19train": {"acc": 0.969626168224299}}, "step": 61}
Step:61	{"metric": {"full19test": {"acc": 0.7757009345794392}}, "step": 61}
Step:61	{"metric": {"full19test": {"UAR": 0.760691}}, "step": 61}
Step:61	{"metric": {"full19test": {"Macro_F1": 0.737719}}, "step": 61}
Step:61	{"metric": {"full19test": {"wa": 0.777516}}, "step": 61}
Step:62	{"metric": {"full19train": {"acc": 0.969626168224299}}, "step": 62}
Step:62	{"metric": {"full19test": {"acc": 0.8598130841121495}}, "step": 62}
Step:62	{"metric": {"full19test": {"UAR": 0.845765}}, "step": 62}
Step:62	{"metric": {"full19test": {"Macro_F1": 0.833386}}, "step": 62}
Step:62	{"metric": {"full19test": {"wa": 0.874297}}, "step": 62}
Step:63	{"metric": {"full19train": {"acc": 0.969626168224299}}, "step": 63}
Step:63	{"metric": {"full19test": {"acc": 0.7476635514018691}}, "step": 63}
Step:63	{"metric": {"full19test": {"UAR": 0.742761}}, "step": 63}
Step:63	{"metric": {"full19test": {"Macro_F1": 0.706606}}, "step": 63}
Step:63	{"metric": {"full19test": {"wa": 0.784732}}, "step": 63}
Step:64	{"metric": {"full19train": {"acc": 0.969626168224299}}, "step": 64}
Step:64	{"metric": {"full19test": {"acc": 0.822429906542056}}, "step": 64}
Step:64	{"metric": {"full19test": {"UAR": 0.80156}}, "step": 64}
Step:64	{"metric": {"full19test": {"Macro_F1": 0.794844}}, "step": 64}
Step:64	{"metric": {"full19test": {"wa": 0.850856}}, "step": 64}
Step:65	{"metric": {"full19train": {"acc": 0.9742990654205608}}, "step": 65}
Step:65	{"metric": {"full19test": {"acc": 0.822429906542056}}, "step": 65}
Step:65	{"metric": {"full19test": {"UAR": 0.804478}}, "step": 65}
Step:65	{"metric": {"full19test": {"Macro_F1": 0.798815}}, "step": 65}
Step:65	{"metric": {"full19test": {"wa": 0.853603}}, "step": 65}
Step:66	{"metric": {"full19train": {"acc": 0.9766355140186916}}, "step": 66}
Step:66	{"metric": {"full19test": {"acc": 0.794392523364486}}, "step": 66}
Step:66	{"metric": {"full19test": {"UAR": 0.785178}}, "step": 66}
Step:66	{"metric": {"full19test": {"Macro_F1": 0.768141}}, "step": 66}
Step:66	{"metric": {"full19test": {"wa": 0.827099}}, "step": 66}
Step:67	{"metric": {"full19train": {"acc": 0.9836448598130841}}, "step": 67}
Step:67	{"metric": {"full19test": {"acc": 0.822429906542056}}, "step": 67}
Step:67	{"metric": {"full19test": {"UAR": 0.800433}}, "step": 67}
Step:67	{"metric": {"full19test": {"Macro_F1": 0.80053}}, "step": 67}
Step:67	{"metric": {"full19test": {"wa": 0.852731}}, "step": 67}
Step:68	{"metric": {"full19train": {"acc": 0.9813084112149533}}, "step": 68}
Step:68	{"metric": {"full19test": {"acc": 0.7757009345794392}}, "step": 68}
Step:68	{"metric": {"full19test": {"UAR": 0.788224}}, "step": 68}
Step:68	{"metric": {"full19test": {"Macro_F1": 0.746173}}, "step": 68}
Step:68	{"metric": {"full19test": {"wa": 0.82833}}, "step": 68}
Step:69	{"metric": {"full19train": {"acc": 0.9649532710280374}}, "step": 69}
Step:69	{"metric": {"full19test": {"acc": 0.8317757009345794}}, "step": 69}
Step:69	{"metric": {"full19test": {"UAR": 0.809244}}, "step": 69}
Step:69	{"metric": {"full19test": {"Macro_F1": 0.791148}}, "step": 69}
Step:69	{"metric": {"full19test": {"wa": 0.85401}}, "step": 69}
Step:70	{"metric": {"full19train": {"acc": 0.969626168224299}}, "step": 70}
Step:70	{"metric": {"full19test": {"acc": 0.7570093457943925}}, "step": 70}
Step:70	{"metric": {"full19test": {"UAR": 0.724314}}, "step": 70}
Step:70	{"metric": {"full19test": {"Macro_F1": 0.721633}}, "step": 70}
Step:70	{"metric": {"full19test": {"wa": 0.773253}}, "step": 70}
Step:71	{"metric": {"full19train": {"acc": 0.9602803738317757}}, "step": 71}
Step:71	{"metric": {"full19test": {"acc": 0.7757009345794392}}, "step": 71}
Step:71	{"metric": {"full19test": {"UAR": 0.755195}}, "step": 71}
Step:71	{"metric": {"full19test": {"Macro_F1": 0.746639}}, "step": 71}
Step:71	{"metric": {"full19test": {"wa": 0.816294}}, "step": 71}
Step:72	{"metric": {"full19train": {"acc": 0.9742990654205608}}, "step": 72}
Step:72	{"metric": {"full19test": {"acc": 0.822429906542056}}, "step": 72}
Step:72	{"metric": {"full19test": {"UAR": 0.80068}}, "step": 72}
Step:72	{"metric": {"full19test": {"Macro_F1": 0.785253}}, "step": 72}
Step:72	{"metric": {"full19test": {"wa": 0.826422}}, "step": 72}
Step:73	{"metric": {"full19train": {"acc": 0.9742990654205608}}, "step": 73}
Step:73	{"metric": {"full19test": {"acc": 0.7757009345794392}}, "step": 73}
Step:73	{"metric": {"full19test": {"UAR": 0.754237}}, "step": 73}
Step:73	{"metric": {"full19test": {"Macro_F1": 0.751313}}, "step": 73}
Step:73	{"metric": {"full19test": {"wa": 0.799469}}, "step": 73}
Step:74	{"metric": {"full19train": {"acc": 0.9766355140186916}}, "step": 74}
Step:74	{"metric": {"full19test": {"acc": 0.8504672897196262}}, "step": 74}
Step:74	{"metric": {"full19test": {"UAR": 0.815787}}, "step": 74}
Step:74	{"metric": {"full19test": {"Macro_F1": 0.817348}}, "step": 74}
Step:74	{"metric": {"full19test": {"wa": 0.86365}}, "step": 74}
Step:75	{"metric": {"full19train": {"acc": 0.9883177570093458}}, "step": 75}
Step:75	{"metric": {"full19test": {"acc": 0.8037383177570093}}, "step": 75}
Step:75	{"metric": {"full19test": {"UAR": 0.770037}}, "step": 75}
Step:75	{"metric": {"full19test": {"Macro_F1": 0.771969}}, "step": 75}
Step:75	{"metric": {"full19test": {"wa": 0.836487}}, "step": 75}
Step:76	{"metric": {"full19train": {"acc": 0.9766355140186916}}, "step": 76}
Step:76	{"metric": {"full19test": {"acc": 0.794392523364486}}, "step": 76}
Step:76	{"metric": {"full19test": {"UAR": 0.775705}}, "step": 76}
Step:76	{"metric": {"full19test": {"Macro_F1": 0.746203}}, "step": 76}
Step:76	{"metric": {"full19test": {"wa": 0.812272}}, "step": 76}
Step:77	{"metric": {"full19train": {"acc": 0.9813084112149533}}, "step": 77}
Step:77	{"metric": {"full19test": {"acc": 0.8504672897196262}}, "step": 77}
Step:77	{"metric": {"full19test": {"UAR": 0.829098}}, "step": 77}
Step:77	{"metric": {"full19test": {"Macro_F1": 0.816577}}, "step": 77}
Step:77	{"metric": {"full19test": {"wa": 0.868702}}, "step": 77}
Step:78	{"metric": {"full19train": {"acc": 0.9719626168224299}}, "step": 78}
Step:78	{"metric": {"full19test": {"acc": 0.822429906542056}}, "step": 78}
Step:78	{"metric": {"full19test": {"UAR": 0.799969}}, "step": 78}
Step:78	{"metric": {"full19test": {"Macro_F1": 0.80067}}, "step": 78}
Step:78	{"metric": {"full19test": {"wa": 0.849733}}, "step": 78}
Step:79	{"metric": {"full19train": {"acc": 0.9836448598130841}}, "step": 79}
Step:79	{"metric": {"full19test": {"acc": 0.8691588785046729}}, "step": 79}
Step:79	{"metric": {"full19test": {"UAR": 0.829862}}, "step": 79}
Step:79	{"metric": {"full19test": {"Macro_F1": 0.837805}}, "step": 79}
Step:79	{"metric": {"full19test": {"wa": 0.878759}}, "step": 79}
Step:80	{"metric": {"full19train": {"acc": 0.9649532710280374}}, "step": 80}
Step:80	{"metric": {"full19test": {"acc": 0.8785046728971962}}, "step": 80}
Step:80	{"metric": {"full19test": {"UAR": 0.83496}}, "step": 80}
Step:80	{"metric": {"full19test": {"Macro_F1": 0.840446}}, "step": 80}
Step:80	{"metric": {"full19test": {"wa": 0.883997}}, "step": 80}
Step:81	{"metric": {"full19train": {"acc": 0.9766355140186916}}, "step": 81}
Step:81	{"metric": {"full19test": {"acc": 0.8130841121495327}}, "step": 81}
Step:81	{"metric": {"full19test": {"UAR": 0.798487}}, "step": 81}
Step:81	{"metric": {"full19test": {"Macro_F1": 0.757567}}, "step": 81}
Step:81	{"metric": {"full19test": {"wa": 0.845728}}, "step": 81}
Step:82	{"metric": {"full19train": {"acc": 0.985981308411215}}, "step": 82}
Step:82	{"metric": {"full19test": {"acc": 0.8130841121495327}}, "step": 82}
Step:82	{"metric": {"full19test": {"UAR": 0.797548}}, "step": 82}
Step:82	{"metric": {"full19test": {"Macro_F1": 0.782654}}, "step": 82}
Step:82	{"metric": {"full19test": {"wa": 0.832577}}, "step": 82}
Step:83	{"metric": {"full19train": {"acc": 0.9742990654205608}}, "step": 83}
Step:83	{"metric": {"full19test": {"acc": 0.8130841121495327}}, "step": 83}
Step:83	{"metric": {"full19test": {"UAR": 0.807421}}, "step": 83}
Step:83	{"metric": {"full19test": {"Macro_F1": 0.798888}}, "step": 83}
Step:83	{"metric": {"full19test": {"wa": 0.848161}}, "step": 83}
Step:84	{"metric": {"full19train": {"acc": 0.9883177570093458}}, "step": 84}
Step:84	{"metric": {"full19test": {"acc": 0.8130841121495327}}, "step": 84}
Step:84	{"metric": {"full19test": {"UAR": 0.789116}}, "step": 84}
Step:84	{"metric": {"full19test": {"Macro_F1": 0.775942}}, "step": 84}
Step:84	{"metric": {"full19test": {"wa": 0.832842}}, "step": 84}
Step:85	{"metric": {"full19train": {"acc": 0.9883177570093458}}, "step": 85}
Step:85	{"metric": {"full19test": {"acc": 0.8411214953271028}}, "step": 85}
Step:85	{"metric": {"full19test": {"UAR": 0.811401}}, "step": 85}
Step:85	{"metric": {"full19test": {"Macro_F1": 0.805753}}, "step": 85}
Step:85	{"metric": {"full19test": {"wa": 0.853983}}, "step": 85}
Step:86	{"metric": {"full19train": {"acc": 0.9906542056074766}}, "step": 86}
Step:86	{"metric": {"full19test": {"acc": 0.8504672897196262}}, "step": 86}
Step:86	{"metric": {"full19test": {"UAR": 0.806454}}, "step": 86}
Step:86	{"metric": {"full19test": {"Macro_F1": 0.803351}}, "step": 86}
Step:86	{"metric": {"full19test": {"wa": 0.861262}}, "step": 86}
Step:87	{"metric": {"full19train": {"acc": 0.9906542056074766}}, "step": 87}
Step:87	{"metric": {"full19test": {"acc": 0.8598130841121495}}, "step": 87}
Step:87	{"metric": {"full19test": {"UAR": 0.823413}}, "step": 87}
Step:87	{"metric": {"full19test": {"Macro_F1": 0.830894}}, "step": 87}
Step:87	{"metric": {"full19test": {"wa": 0.876674}}, "step": 87}
Step:88	{"metric": {"full19train": {"acc": 0.9929906542056075}}, "step": 88}
Step:88	{"metric": {"full19test": {"acc": 0.8411214953271028}}, "step": 88}
Step:88	{"metric": {"full19test": {"UAR": 0.827384}}, "step": 88}
Step:88	{"metric": {"full19test": {"Macro_F1": 0.815146}}, "step": 88}
Step:88	{"metric": {"full19test": {"wa": 0.857665}}, "step": 88}
Step:89	{"metric": {"full19train": {"acc": 0.9953271028037384}}, "step": 89}
Step:89	{"metric": {"full19test": {"acc": 0.822429906542056}}, "step": 89}
Step:89	{"metric": {"full19test": {"UAR": 0.807273}}, "step": 89}
Step:89	{"metric": {"full19test": {"Macro_F1": 0.789905}}, "step": 89}
Step:89	{"metric": {"full19test": {"wa": 0.829922}}, "step": 89}
Step:90	{"metric": {"full19train": {"acc": 0.985981308411215}}, "step": 90}
Step:90	{"metric": {"full19test": {"acc": 0.8785046728971962}}, "step": 90}
Step:90	{"metric": {"full19test": {"UAR": 0.848801}}, "step": 90}
Step:90	{"metric": {"full19test": {"Macro_F1": 0.849243}}, "step": 90}
Step:90	{"metric": {"full19test": {"wa": 0.884678}}, "step": 90}
Step:91	{"metric": {"full19train": {"acc": 0.9836448598130841}}, "step": 91}
Step:91	{"metric": {"full19test": {"acc": 0.794392523364486}}, "step": 91}
Step:91	{"metric": {"full19test": {"UAR": 0.756238}}, "step": 91}
Step:91	{"metric": {"full19test": {"Macro_F1": 0.739222}}, "step": 91}
Step:91	{"metric": {"full19test": {"wa": 0.801494}}, "step": 91}
Step:92	{"metric": {"full19train": {"acc": 0.9813084112149533}}, "step": 92}
Step:92	{"metric": {"full19test": {"acc": 0.8130841121495327}}, "step": 92}
Step:92	{"metric": {"full19test": {"UAR": 0.794843}}, "step": 92}
Step:92	{"metric": {"full19test": {"Macro_F1": 0.77973}}, "step": 92}
Step:92	{"metric": {"full19test": {"wa": 0.846188}}, "step": 92}
Step:93	{"metric": {"full19train": {"acc": 0.9766355140186916}}, "step": 93}
Step:93	{"metric": {"full19test": {"acc": 0.8691588785046729}}, "step": 93}
Step:93	{"metric": {"full19test": {"UAR": 0.842911}}, "step": 93}
Step:93	{"metric": {"full19test": {"Macro_F1": 0.841996}}, "step": 93}
Step:93	{"metric": {"full19test": {"wa": 0.883042}}, "step": 93}
Step:94	{"metric": {"full19train": {"acc": 0.9883177570093458}}, "step": 94}
Step:94	{"metric": {"full19test": {"acc": 0.897196261682243}}, "step": 94}
Step:94	{"metric": {"full19test": {"UAR": 0.869414}}, "step": 94}
Step:94	{"metric": {"full19test": {"Macro_F1": 0.8751}}, "step": 94}
Step:94	{"metric": {"full19test": {"wa": 0.902893}}, "step": 94}
Step:95	{"metric": {"full19train": {"acc": 0.985981308411215}}, "step": 95}
Step:95	{"metric": {"full19test": {"acc": 0.8130841121495327}}, "step": 95}
Step:95	{"metric": {"full19test": {"UAR": 0.784077}}, "step": 95}
Step:95	{"metric": {"full19test": {"Macro_F1": 0.775958}}, "step": 95}
Step:95	{"metric": {"full19test": {"wa": 0.83457}}, "step": 95}
Step:96	{"metric": {"full19train": {"acc": 0.9789719626168224}}, "step": 96}
Step:96	{"metric": {"full19test": {"acc": 0.822429906542056}}, "step": 96}
Step:96	{"metric": {"full19test": {"UAR": 0.781509}}, "step": 96}
Step:96	{"metric": {"full19test": {"Macro_F1": 0.784469}}, "step": 96}
Step:96	{"metric": {"full19test": {"wa": 0.836793}}, "step": 96}
Step:97	{"metric": {"full19train": {"acc": 0.9742990654205608}}, "step": 97}
Step:97	{"metric": {"full19test": {"acc": 0.8504672897196262}}, "step": 97}
Step:97	{"metric": {"full19test": {"UAR": 0.815061}}, "step": 97}
Step:97	{"metric": {"full19test": {"Macro_F1": 0.820947}}, "step": 97}
Step:97	{"metric": {"full19test": {"wa": 0.861382}}, "step": 97}
Step:98	{"metric": {"full19train": {"acc": 0.9929906542056075}}, "step": 98}
Step:98	{"metric": {"full19test": {"acc": 0.794392523364486}}, "step": 98}
Step:98	{"metric": {"full19test": {"UAR": 0.76435}}, "step": 98}
Step:98	{"metric": {"full19test": {"Macro_F1": 0.753656}}, "step": 98}
Step:98	{"metric": {"full19test": {"wa": 0.812817}}, "step": 98}
Step:99	{"metric": {"full19train": {"acc": 0.985981308411215}}, "step": 99}
Step:99	{"metric": {"full19test": {"acc": 0.8504672897196262}}, "step": 99}
Step:99	{"metric": {"full19test": {"UAR": 0.819584}}, "step": 99}
Step:99	{"metric": {"full19test": {"Macro_F1": 0.819597}}, "step": 99}
Step:99	{"metric": {"full19test": {"wa": 0.86808}}, "step": 99}
Step:100	{"metric": {"full19train": {"acc": 0.9929906542056075}}, "step": 100}
Step:100	{"metric": {"full19test": {"acc": 0.822429906542056}}, "step": 100}
Step:100	{"metric": {"full19test": {"UAR": 0.778912}}, "step": 100}
Step:100	{"metric": {"full19test": {"Macro_F1": 0.785074}}, "step": 100}
Step:100	{"metric": {"full19test": {"wa": 0.83377}}, "step": 100}
