Step:1	{"metric": {"full19train": {"acc": 0.3365732368896926}}, "step": 1}
Step:1	{"metric": {"full19test": {"acc": 0.3794037940379404}}, "step": 1}
Step:1	{"metric": {"full19test": {"UAR": 0.253955}}, "step": 1}
Step:1	{"metric": {"full19test": {"Macro_F1": 0.160042}}, "step": 1}
Step:1	{"metric": {"full19test": {"wa": 0.913611}}, "step": 1}
Step:2	{"metric": {"full19train": {"acc": 0.41659132007233274}}, "step": 2}
Step:2	{"metric": {"full19test": {"acc": 0.44354110207768743}}, "step": 2}
Step:2	{"metric": {"full19test": {"UAR": 0.340591}}, "step": 2}
Step:2	{"metric": {"full19test": {"Macro_F1": 0.358098}}, "step": 2}
Step:2	{"metric": {"full19test": {"wa": 0.494484}}, "step": 2}
Step:3	{"metric": {"full19train": {"acc": 0.4645117540687161}}, "step": 3}
Step:3	{"metric": {"full19test": {"acc": 0.4796747967479675}}, "step": 3}
Step:3	{"metric": {"full19test": {"UAR": 0.369376}}, "step": 3}
Step:3	{"metric": {"full19test": {"Macro_F1": 0.374836}}, "step": 3}
Step:3	{"metric": {"full19test": {"wa": 0.569626}}, "step": 3}
Step:4	{"metric": {"full19train": {"acc": 0.4642857142857143}}, "step": 4}
Step:4	{"metric": {"full19test": {"acc": 0.5031616982836495}}, "step": 4}
Step:4	{"metric": {"full19test": {"UAR": 0.386925}}, "step": 4}
Step:4	{"metric": {"full19test": {"Macro_F1": 0.405138}}, "step": 4}
Step:4	{"metric": {"full19test": {"wa": 0.561154}}, "step": 4}
Step:5	{"metric": {"full19train": {"acc": 0.48214285714285715}}, "step": 5}
Step:5	{"metric": {"full19test": {"acc": 0.4986449864498645}}, "step": 5}
Step:5	{"metric": {"full19test": {"UAR": 0.385141}}, "step": 5}
Step:5	{"metric": {"full19test": {"Macro_F1": 0.401576}}, "step": 5}
Step:5	{"metric": {"full19test": {"wa": 0.583388}}, "step": 5}
Step:6	{"metric": {"full19train": {"acc": 0.49841772151898733}}, "step": 6}
Step:6	{"metric": {"full19test": {"acc": 0.5121951219512195}}, "step": 6}
Step:6	{"metric": {"full19test": {"UAR": 0.39}}, "step": 6}
Step:6	{"metric": {"full19test": {"Macro_F1": 0.408283}}, "step": 6}
Step:6	{"metric": {"full19test": {"wa": 0.585086}}, "step": 6}
Step:7	{"metric": {"full19train": {"acc": 0.5040687160940326}}, "step": 7}
Step:7	{"metric": {"full19test": {"acc": 0.5284552845528455}}, "step": 7}
Step:7	{"metric": {"full19test": {"UAR": 0.402211}}, "step": 7}
Step:7	{"metric": {"full19test": {"Macro_F1": 0.422795}}, "step": 7}
Step:7	{"metric": {"full19test": {"wa": 0.594395}}, "step": 7}
Step:8	{"metric": {"full19train": {"acc": 0.5207956600361664}}, "step": 8}
Step:8	{"metric": {"full19test": {"acc": 0.5248419150858176}}, "step": 8}
Step:8	{"metric": {"full19test": {"UAR": 0.409473}}, "step": 8}
Step:8	{"metric": {"full19test": {"Macro_F1": 0.422776}}, "step": 8}
Step:8	{"metric": {"full19test": {"wa": 0.584085}}, "step": 8}
Step:9	{"metric": {"full19train": {"acc": 0.5232820976491862}}, "step": 9}
Step:9	{"metric": {"full19test": {"acc": 0.5645889792231256}}, "step": 9}
Step:9	{"metric": {"full19test": {"UAR": 0.510945}}, "step": 9}
Step:9	{"metric": {"full19test": {"Macro_F1": 0.454715}}, "step": 9}
Step:9	{"metric": {"full19test": {"wa": 0.62768}}, "step": 9}
Step:10	{"metric": {"full19train": {"acc": 0.534132007233273}}, "step": 10}
Step:10	{"metric": {"full19test": {"acc": 0.5365853658536586}}, "step": 10}
Step:10	{"metric": {"full19test": {"UAR": 0.465722}}, "step": 10}
Step:10	{"metric": {"full19test": {"Macro_F1": 0.425431}}, "step": 10}
Step:10	{"metric": {"full19test": {"wa": 0.662816}}, "step": 10}
Step:11	{"metric": {"full19train": {"acc": 0.5510849909584087}}, "step": 11}
Step:11	{"metric": {"full19test": {"acc": 0.5582655826558266}}, "step": 11}
Step:11	{"metric": {"full19test": {"UAR": 0.421056}}, "step": 11}
Step:11	{"metric": {"full19test": {"Macro_F1": 0.447574}}, "step": 11}
Step:11	{"metric": {"full19test": {"wa": 0.627205}}, "step": 11}
Step:12	{"metric": {"full19train": {"acc": 0.5537974683544303}}, "step": 12}
Step:12	{"metric": {"full19test": {"acc": 0.5745257452574526}}, "step": 12}
Step:12	{"metric": {"full19test": {"UAR": 0.516287}}, "step": 12}
Step:12	{"metric": {"full19test": {"Macro_F1": 0.492496}}, "step": 12}
Step:12	{"metric": {"full19test": {"wa": 0.616118}}, "step": 12}
Step:13	{"metric": {"full19train": {"acc": 0.5610307414104883}}, "step": 13}
Step:13	{"metric": {"full19test": {"acc": 0.5627822944896116}}, "step": 13}
Step:13	{"metric": {"full19test": {"UAR": 0.518861}}, "step": 13}
Step:13	{"metric": {"full19test": {"Macro_F1": 0.467845}}, "step": 13}
Step:13	{"metric": {"full19test": {"wa": 0.620048}}, "step": 13}
Step:14	{"metric": {"full19train": {"acc": 0.5745931283905967}}, "step": 14}
Step:14	{"metric": {"full19test": {"acc": 0.5636856368563685}}, "step": 14}
Step:14	{"metric": {"full19test": {"UAR": 0.512617}}, "step": 14}
Step:14	{"metric": {"full19test": {"Macro_F1": 0.487221}}, "step": 14}
Step:14	{"metric": {"full19test": {"wa": 0.604986}}, "step": 14}
Step:15	{"metric": {"full19train": {"acc": 0.5687160940325497}}, "step": 15}
Step:15	{"metric": {"full19test": {"acc": 0.5862691960252936}}, "step": 15}
Step:15	{"metric": {"full19test": {"UAR": 0.477625}}, "step": 15}
Step:15	{"metric": {"full19test": {"Macro_F1": 0.479772}}, "step": 15}
Step:15	{"metric": {"full19test": {"wa": 0.645163}}, "step": 15}
Step:16	{"metric": {"full19train": {"acc": 0.5698462929475587}}, "step": 16}
Step:16	{"metric": {"full19test": {"acc": 0.5862691960252936}}, "step": 16}
Step:16	{"metric": {"full19test": {"UAR": 0.541622}}, "step": 16}
Step:16	{"metric": {"full19test": {"Macro_F1": 0.490884}}, "step": 16}
Step:16	{"metric": {"full19test": {"wa": 0.641322}}, "step": 16}
Step:17	{"metric": {"full19train": {"acc": 0.5892857142857143}}, "step": 17}
Step:17	{"metric": {"full19test": {"acc": 0.5763324299909666}}, "step": 17}
Step:17	{"metric": {"full19test": {"UAR": 0.541721}}, "step": 17}
Step:17	{"metric": {"full19test": {"Macro_F1": 0.51248}}, "step": 17}
Step:17	{"metric": {"full19test": {"wa": 0.627159}}, "step": 17}
Step:18	{"metric": {"full19train": {"acc": 0.5985533453887885}}, "step": 18}
Step:18	{"metric": {"full19test": {"acc": 0.5916892502258356}}, "step": 18}
Step:18	{"metric": {"full19test": {"UAR": 0.519021}}, "step": 18}
Step:18	{"metric": {"full19test": {"Macro_F1": 0.482115}}, "step": 18}
Step:18	{"metric": {"full19test": {"wa": 0.658848}}, "step": 18}
Step:19	{"metric": {"full19train": {"acc": 0.6146021699819169}}, "step": 19}
Step:19	{"metric": {"full19test": {"acc": 0.5889792231255646}}, "step": 19}
Step:19	{"metric": {"full19test": {"UAR": 0.550017}}, "step": 19}
Step:19	{"metric": {"full19test": {"Macro_F1": 0.506084}}, "step": 19}
Step:19	{"metric": {"full19test": {"wa": 0.634774}}, "step": 19}
Step:20	{"metric": {"full19train": {"acc": 0.6116636528028933}}, "step": 20}
Step:20	{"metric": {"full19test": {"acc": 0.5925925925925926}}, "step": 20}
Step:20	{"metric": {"full19test": {"UAR": 0.506648}}, "step": 20}
Step:20	{"metric": {"full19test": {"Macro_F1": 0.484221}}, "step": 20}
Step:20	{"metric": {"full19test": {"wa": 0.652488}}, "step": 20}
Step:21	{"metric": {"full19train": {"acc": 0.6207052441229657}}, "step": 21}
Step:21	{"metric": {"full19test": {"acc": 0.6034327009936766}}, "step": 21}
Step:21	{"metric": {"full19test": {"UAR": 0.540543}}, "step": 21}
Step:21	{"metric": {"full19test": {"Macro_F1": 0.496406}}, "step": 21}
Step:21	{"metric": {"full19test": {"wa": 0.669188}}, "step": 21}
Step:22	{"metric": {"full19train": {"acc": 0.6123417721518988}}, "step": 22}
Step:22	{"metric": {"full19test": {"acc": 0.5880758807588076}}, "step": 22}
Step:22	{"metric": {"full19test": {"UAR": 0.531942}}, "step": 22}
Step:22	{"metric": {"full19test": {"Macro_F1": 0.498992}}, "step": 22}
Step:22	{"metric": {"full19test": {"wa": 0.636888}}, "step": 22}
Step:23	{"metric": {"full19train": {"acc": 0.6369801084990958}}, "step": 23}
Step:23	{"metric": {"full19test": {"acc": 0.5835591689250226}}, "step": 23}
Step:23	{"metric": {"full19test": {"UAR": 0.532444}}, "step": 23}
Step:23	{"metric": {"full19test": {"Macro_F1": 0.490354}}, "step": 23}
Step:23	{"metric": {"full19test": {"wa": 0.642363}}, "step": 23}
Step:24	{"metric": {"full19train": {"acc": 0.6392405063291139}}, "step": 24}
Step:24	{"metric": {"full19test": {"acc": 0.5925925925925926}}, "step": 24}
Step:24	{"metric": {"full19test": {"UAR": 0.558898}}, "step": 24}
Step:24	{"metric": {"full19test": {"Macro_F1": 0.508303}}, "step": 24}
Step:24	{"metric": {"full19test": {"wa": 0.646966}}, "step": 24}
Step:25	{"metric": {"full19train": {"acc": 0.6322332730560579}}, "step": 25}
Step:25	{"metric": {"full19test": {"acc": 0.5826558265582655}}, "step": 25}
Step:25	{"metric": {"full19test": {"UAR": 0.507408}}, "step": 25}
Step:25	{"metric": {"full19test": {"Macro_F1": 0.503583}}, "step": 25}
Step:25	{"metric": {"full19test": {"wa": 0.619752}}, "step": 25}
Step:26	{"metric": {"full19train": {"acc": 0.6261301989150091}}, "step": 26}
Step:26	{"metric": {"full19test": {"acc": 0.5898825654923215}}, "step": 26}
Step:26	{"metric": {"full19test": {"UAR": 0.546932}}, "step": 26}
Step:26	{"metric": {"full19test": {"Macro_F1": 0.500143}}, "step": 26}
Step:26	{"metric": {"full19test": {"wa": 0.650354}}, "step": 26}
Step:27	{"metric": {"full19train": {"acc": 0.6566455696202531}}, "step": 27}
Step:27	{"metric": {"full19test": {"acc": 0.5980126467931346}}, "step": 27}
Step:27	{"metric": {"full19test": {"UAR": 0.547124}}, "step": 27}
Step:27	{"metric": {"full19test": {"Macro_F1": 0.513474}}, "step": 27}
Step:27	{"metric": {"full19test": {"wa": 0.639911}}, "step": 27}
Step:28	{"metric": {"full19train": {"acc": 0.6561934900542495}}, "step": 28}
Step:28	{"metric": {"full19test": {"acc": 0.6224028906955736}}, "step": 28}
Step:28	{"metric": {"full19test": {"UAR": 0.550797}}, "step": 28}
Step:28	{"metric": {"full19test": {"Macro_F1": 0.51403}}, "step": 28}
Step:28	{"metric": {"full19test": {"wa": 0.697493}}, "step": 28}
Step:29	{"metric": {"full19train": {"acc": 0.658001808318264}}, "step": 29}
Step:29	{"metric": {"full19test": {"acc": 0.5853658536585366}}, "step": 29}
Step:29	{"metric": {"full19test": {"UAR": 0.550062}}, "step": 29}
Step:29	{"metric": {"full19test": {"Macro_F1": 0.492472}}, "step": 29}
Step:29	{"metric": {"full19test": {"wa": 0.6575}}, "step": 29}
Step:30	{"metric": {"full19train": {"acc": 0.6659132007233273}}, "step": 30}
Step:30	{"metric": {"full19test": {"acc": 0.6007226738934056}}, "step": 30}
Step:30	{"metric": {"full19test": {"UAR": 0.56078}}, "step": 30}
Step:30	{"metric": {"full19test": {"Macro_F1": 0.533398}}, "step": 30}
Step:30	{"metric": {"full19test": {"wa": 0.634283}}, "step": 30}
Step:31	{"metric": {"full19train": {"acc": 0.6738245931283906}}, "step": 31}
Step:31	{"metric": {"full19test": {"acc": 0.5880758807588076}}, "step": 31}
Step:31	{"metric": {"full19test": {"UAR": 0.515494}}, "step": 31}
Step:31	{"metric": {"full19test": {"Macro_F1": 0.493872}}, "step": 31}
Step:31	{"metric": {"full19test": {"wa": 0.634239}}, "step": 31}
Step:32	{"metric": {"full19train": {"acc": 0.6801537070524413}}, "step": 32}
Step:32	{"metric": {"full19test": {"acc": 0.6079494128274616}}, "step": 32}
Step:32	{"metric": {"full19test": {"UAR": 0.530813}}, "step": 32}
Step:32	{"metric": {"full19test": {"Macro_F1": 0.52664}}, "step": 32}
Step:32	{"metric": {"full19test": {"wa": 0.63555}}, "step": 32}
Step:33	{"metric": {"full19train": {"acc": 0.6735985533453888}}, "step": 33}
Step:33	{"metric": {"full19test": {"acc": 0.5691056910569106}}, "step": 33}
Step:33	{"metric": {"full19test": {"UAR": 0.538461}}, "step": 33}
Step:33	{"metric": {"full19test": {"Macro_F1": 0.528691}}, "step": 33}
Step:33	{"metric": {"full19test": {"wa": 0.574383}}, "step": 33}
Step:34	{"metric": {"full19train": {"acc": 0.671112115732369}}, "step": 34}
Step:34	{"metric": {"full19test": {"acc": 0.5989159891598916}}, "step": 34}
Step:34	{"metric": {"full19test": {"UAR": 0.556162}}, "step": 34}
Step:34	{"metric": {"full19test": {"Macro_F1": 0.527643}}, "step": 34}
Step:34	{"metric": {"full19test": {"wa": 0.634519}}, "step": 34}
Step:35	{"metric": {"full19train": {"acc": 0.6869349005424955}}, "step": 35}
Step:35	{"metric": {"full19test": {"acc": 0.5971093044263776}}, "step": 35}
Step:35	{"metric": {"full19test": {"UAR": 0.552515}}, "step": 35}
Step:35	{"metric": {"full19test": {"Macro_F1": 0.52411}}, "step": 35}
Step:35	{"metric": {"full19test": {"wa": 0.631131}}, "step": 35}
Step:36	{"metric": {"full19train": {"acc": 0.694620253164557}}, "step": 36}
Step:36	{"metric": {"full19test": {"acc": 0.6052393857271906}}, "step": 36}
Step:36	{"metric": {"full19test": {"UAR": 0.57468}}, "step": 36}
Step:36	{"metric": {"full19test": {"Macro_F1": 0.533647}}, "step": 36}
Step:36	{"metric": {"full19test": {"wa": 0.641383}}, "step": 36}
Step:37	{"metric": {"full19train": {"acc": 0.7090867992766727}}, "step": 37}
Step:37	{"metric": {"full19test": {"acc": 0.6061427280939476}}, "step": 37}
Step:37	{"metric": {"full19test": {"UAR": 0.555925}}, "step": 37}
Step:37	{"metric": {"full19test": {"Macro_F1": 0.53312}}, "step": 37}
Step:37	{"metric": {"full19test": {"wa": 0.635645}}, "step": 37}
Step:38	{"metric": {"full19train": {"acc": 0.7163200723327305}}, "step": 38}
Step:38	{"metric": {"full19test": {"acc": 0.5817524841915086}}, "step": 38}
Step:38	{"metric": {"full19test": {"UAR": 0.504262}}, "step": 38}
Step:38	{"metric": {"full19test": {"Macro_F1": 0.495189}}, "step": 38}
Step:38	{"metric": {"full19test": {"wa": 0.623096}}, "step": 38}
Step:39	{"metric": {"full19train": {"acc": 0.7160940325497287}}, "step": 39}
Step:39	{"metric": {"full19test": {"acc": 0.5980126467931346}}, "step": 39}
Step:39	{"metric": {"full19test": {"UAR": 0.543038}}, "step": 39}
Step:39	{"metric": {"full19test": {"Macro_F1": 0.52707}}, "step": 39}
Step:39	{"metric": {"full19test": {"wa": 0.63607}}, "step": 39}
Step:40	{"metric": {"full19train": {"acc": 0.7113471971066908}}, "step": 40}
Step:40	{"metric": {"full19test": {"acc": 0.5998193315266486}}, "step": 40}
Step:40	{"metric": {"full19test": {"UAR": 0.53997}}, "step": 40}
Step:40	{"metric": {"full19test": {"Macro_F1": 0.531575}}, "step": 40}
Step:40	{"metric": {"full19test": {"wa": 0.627839}}, "step": 40}
Step:41	{"metric": {"full19train": {"acc": 0.7269439421338155}}, "step": 41}
Step:41	{"metric": {"full19test": {"acc": 0.5953026196928636}}, "step": 41}
Step:41	{"metric": {"full19test": {"UAR": 0.575508}}, "step": 41}
Step:41	{"metric": {"full19test": {"Macro_F1": 0.529828}}, "step": 41}
Step:41	{"metric": {"full19test": {"wa": 0.633352}}, "step": 41}
Step:42	{"metric": {"full19train": {"acc": 0.7380198915009042}}, "step": 42}
Step:42	{"metric": {"full19test": {"acc": 0.6034327009936766}}, "step": 42}
Step:42	{"metric": {"full19test": {"UAR": 0.539913}}, "step": 42}
Step:42	{"metric": {"full19test": {"Macro_F1": 0.540932}}, "step": 42}
Step:42	{"metric": {"full19test": {"wa": 0.620152}}, "step": 42}
Step:43	{"metric": {"full19train": {"acc": 0.7396021699819169}}, "step": 43}
Step:43	{"metric": {"full19test": {"acc": 0.6016260162601627}}, "step": 43}
Step:43	{"metric": {"full19test": {"UAR": 0.526161}}, "step": 43}
Step:43	{"metric": {"full19test": {"Macro_F1": 0.516496}}, "step": 43}
Step:43	{"metric": {"full19test": {"wa": 0.635718}}, "step": 43}
Step:44	{"metric": {"full19train": {"acc": 0.7484177215189873}}, "step": 44}
Step:44	{"metric": {"full19test": {"acc": 0.6097560975609756}}, "step": 44}
Step:44	{"metric": {"full19test": {"UAR": 0.560555}}, "step": 44}
Step:44	{"metric": {"full19test": {"Macro_F1": 0.544877}}, "step": 44}
Step:44	{"metric": {"full19test": {"wa": 0.629324}}, "step": 44}
Step:45	{"metric": {"full19train": {"acc": 0.7549728752260397}}, "step": 45}
Step:45	{"metric": {"full19test": {"acc": 0.5835591689250226}}, "step": 45}
Step:45	{"metric": {"full19test": {"UAR": 0.54032}}, "step": 45}
Step:45	{"metric": {"full19test": {"Macro_F1": 0.544223}}, "step": 45}
Step:45	{"metric": {"full19test": {"wa": 0.580915}}, "step": 45}
Step:46	{"metric": {"full19train": {"acc": 0.7597197106690777}}, "step": 46}
Step:46	{"metric": {"full19test": {"acc": 0.6061427280939476}}, "step": 46}
Step:46	{"metric": {"full19test": {"UAR": 0.55848}}, "step": 46}
Step:46	{"metric": {"full19test": {"Macro_F1": 0.538332}}, "step": 46}
Step:46	{"metric": {"full19test": {"wa": 0.6317}}, "step": 46}
Step:47	{"metric": {"full19train": {"acc": 0.7644665461121157}}, "step": 47}
Step:47	{"metric": {"full19test": {"acc": 0.6151761517615176}}, "step": 47}
Step:47	{"metric": {"full19test": {"UAR": 0.543631}}, "step": 47}
Step:47	{"metric": {"full19test": {"Macro_F1": 0.53522}}, "step": 47}
Step:47	{"metric": {"full19test": {"wa": 0.643812}}, "step": 47}
Step:48	{"metric": {"full19train": {"acc": 0.765370705244123}}, "step": 48}
Step:48	{"metric": {"full19test": {"acc": 0.5971093044263776}}, "step": 48}
Step:48	{"metric": {"full19test": {"UAR": 0.543286}}, "step": 48}
Step:48	{"metric": {"full19test": {"Macro_F1": 0.535416}}, "step": 48}
Step:48	{"metric": {"full19test": {"wa": 0.609853}}, "step": 48}
Step:49	{"metric": {"full19train": {"acc": 0.7662748643761302}}, "step": 49}
Step:49	{"metric": {"full19test": {"acc": 0.5817524841915086}}, "step": 49}
Step:49	{"metric": {"full19test": {"UAR": 0.538145}}, "step": 49}
Step:49	{"metric": {"full19test": {"Macro_F1": 0.526984}}, "step": 49}
Step:49	{"metric": {"full19test": {"wa": 0.594015}}, "step": 49}
Step:50	{"metric": {"full19train": {"acc": 0.7637884267631103}}, "step": 50}
Step:50	{"metric": {"full19test": {"acc": 0.5962059620596206}}, "step": 50}
Step:50	{"metric": {"full19test": {"UAR": 0.535626}}, "step": 50}
Step:50	{"metric": {"full19test": {"Macro_F1": 0.528189}}, "step": 50}
Step:50	{"metric": {"full19test": {"wa": 0.612228}}, "step": 50}
Step:51	{"metric": {"full19train": {"acc": 0.7820976491862568}}, "step": 51}
Step:51	{"metric": {"full19test": {"acc": 0.6133694670280037}}, "step": 51}
Step:51	{"metric": {"full19test": {"UAR": 0.571123}}, "step": 51}
Step:51	{"metric": {"full19test": {"Macro_F1": 0.55184}}, "step": 51}
Step:51	{"metric": {"full19test": {"wa": 0.632565}}, "step": 51}
Step:52	{"metric": {"full19train": {"acc": 0.794755877034358}}, "step": 52}
Step:52	{"metric": {"full19test": {"acc": 0.5916892502258356}}, "step": 52}
Step:52	{"metric": {"full19test": {"UAR": 0.55862}}, "step": 52}
Step:52	{"metric": {"full19test": {"Macro_F1": 0.537489}}, "step": 52}
Step:52	{"metric": {"full19test": {"wa": 0.609499}}, "step": 52}
Step:53	{"metric": {"full19train": {"acc": 0.7958860759493671}}, "step": 53}
Step:53	{"metric": {"full19test": {"acc": 0.5980126467931346}}, "step": 53}
Step:53	{"metric": {"full19test": {"UAR": 0.548994}}, "step": 53}
Step:53	{"metric": {"full19test": {"Macro_F1": 0.539288}}, "step": 53}
Step:53	{"metric": {"full19test": {"wa": 0.608455}}, "step": 53}
Step:54	{"metric": {"full19train": {"acc": 0.8022151898734177}}, "step": 54}
Step:54	{"metric": {"full19test": {"acc": 0.6043360433604336}}, "step": 54}
Step:54	{"metric": {"full19test": {"UAR": 0.553705}}, "step": 54}
Step:54	{"metric": {"full19test": {"Macro_F1": 0.545124}}, "step": 54}
Step:54	{"metric": {"full19test": {"wa": 0.612382}}, "step": 54}
Step:55	{"metric": {"full19train": {"acc": 0.7850361663652803}}, "step": 55}
Step:55	{"metric": {"full19test": {"acc": 0.5916892502258356}}, "step": 55}
Step:55	{"metric": {"full19test": {"UAR": 0.545474}}, "step": 55}
Step:55	{"metric": {"full19test": {"Macro_F1": 0.527838}}, "step": 55}
Step:55	{"metric": {"full19test": {"wa": 0.607816}}, "step": 55}
Step:56	{"metric": {"full19train": {"acc": 0.7870705244122965}}, "step": 56}
Step:56	{"metric": {"full19test": {"acc": 0.5898825654923215}}, "step": 56}
Step:56	{"metric": {"full19test": {"UAR": 0.538307}}, "step": 56}
Step:56	{"metric": {"full19test": {"Macro_F1": 0.529437}}, "step": 56}
Step:56	{"metric": {"full19test": {"wa": 0.601995}}, "step": 56}
Step:57	{"metric": {"full19train": {"acc": 0.8141952983725136}}, "step": 57}
Step:57	{"metric": {"full19test": {"acc": 0.6016260162601627}}, "step": 57}
Step:57	{"metric": {"full19test": {"UAR": 0.537892}}, "step": 57}
Step:57	{"metric": {"full19test": {"Macro_F1": 0.505401}}, "step": 57}
Step:57	{"metric": {"full19test": {"wa": 0.656021}}, "step": 57}
Step:58	{"metric": {"full19train": {"acc": 0.8060578661844484}}, "step": 58}
Step:58	{"metric": {"full19test": {"acc": 0.6052393857271906}}, "step": 58}
Step:58	{"metric": {"full19test": {"UAR": 0.544916}}, "step": 58}
Step:58	{"metric": {"full19test": {"Macro_F1": 0.531851}}, "step": 58}
Step:58	{"metric": {"full19test": {"wa": 0.634834}}, "step": 58}
Step:59	{"metric": {"full19train": {"acc": 0.8166817359855335}}, "step": 59}
Step:59	{"metric": {"full19test": {"acc": 0.6160794941282746}}, "step": 59}
Step:59	{"metric": {"full19test": {"UAR": 0.573183}}, "step": 59}
Step:59	{"metric": {"full19test": {"Macro_F1": 0.557889}}, "step": 59}
Step:59	{"metric": {"full19test": {"wa": 0.626229}}, "step": 59}
Step:60	{"metric": {"full19train": {"acc": 0.8164556962025317}}, "step": 60}
Step:60	{"metric": {"full19test": {"acc": 0.6025293586269196}}, "step": 60}
Step:60	{"metric": {"full19test": {"UAR": 0.550685}}, "step": 60}
Step:60	{"metric": {"full19test": {"Macro_F1": 0.540098}}, "step": 60}
Step:60	{"metric": {"full19test": {"wa": 0.618329}}, "step": 60}
Step:61	{"metric": {"full19train": {"acc": 0.8372513562386981}}, "step": 61}
Step:61	{"metric": {"full19test": {"acc": 0.5871725383920506}}, "step": 61}
Step:61	{"metric": {"full19test": {"UAR": 0.538192}}, "step": 61}
Step:61	{"metric": {"full19test": {"Macro_F1": 0.539579}}, "step": 61}
Step:61	{"metric": {"full19test": {"wa": 0.582304}}, "step": 61}
Step:62	{"metric": {"full19train": {"acc": 0.8257233273056058}}, "step": 62}
Step:62	{"metric": {"full19test": {"acc": 0.5962059620596206}}, "step": 62}
Step:62	{"metric": {"full19test": {"UAR": 0.529934}}, "step": 62}
Step:62	{"metric": {"full19test": {"Macro_F1": 0.523478}}, "step": 62}
Step:62	{"metric": {"full19test": {"wa": 0.618612}}, "step": 62}
Step:63	{"metric": {"full19train": {"acc": 0.8422242314647378}}, "step": 63}
Step:63	{"metric": {"full19test": {"acc": 0.5889792231255646}}, "step": 63}
Step:63	{"metric": {"full19test": {"UAR": 0.535593}}, "step": 63}
Step:63	{"metric": {"full19test": {"Macro_F1": 0.533346}}, "step": 63}
Step:63	{"metric": {"full19test": {"wa": 0.59823}}, "step": 63}
Step:64	{"metric": {"full19train": {"acc": 0.8410940325497287}}, "step": 64}
Step:64	{"metric": {"full19test": {"acc": 0.5971093044263776}}, "step": 64}
Step:64	{"metric": {"full19test": {"UAR": 0.552522}}, "step": 64}
Step:64	{"metric": {"full19test": {"Macro_F1": 0.552687}}, "step": 64}
Step:64	{"metric": {"full19test": {"wa": 0.597634}}, "step": 64}
Step:65	{"metric": {"full19train": {"acc": 0.8426763110307414}}, "step": 65}
Step:65	{"metric": {"full19test": {"acc": 0.6016260162601627}}, "step": 65}
Step:65	{"metric": {"full19test": {"UAR": 0.551337}}, "step": 65}
Step:65	{"metric": {"full19test": {"Macro_F1": 0.547095}}, "step": 65}
Step:65	{"metric": {"full19test": {"wa": 0.607226}}, "step": 65}
Step:66	{"metric": {"full19train": {"acc": 0.8435804701627486}}, "step": 66}
Step:66	{"metric": {"full19test": {"acc": 0.6007226738934056}}, "step": 66}
Step:66	{"metric": {"full19test": {"UAR": 0.553055}}, "step": 66}
Step:66	{"metric": {"full19test": {"Macro_F1": 0.549664}}, "step": 66}
Step:66	{"metric": {"full19test": {"wa": 0.603404}}, "step": 66}
Step:67	{"metric": {"full19train": {"acc": 0.8496835443037974}}, "step": 67}
Step:67	{"metric": {"full19test": {"acc": 0.5898825654923215}}, "step": 67}
Step:67	{"metric": {"full19test": {"UAR": 0.532999}}, "step": 67}
Step:67	{"metric": {"full19test": {"Macro_F1": 0.518991}}, "step": 67}
Step:67	{"metric": {"full19test": {"wa": 0.607337}}, "step": 67}
Step:68	{"metric": {"full19train": {"acc": 0.8512658227848101}}, "step": 68}
Step:68	{"metric": {"full19test": {"acc": 0.6269196025293586}}, "step": 68}
Step:68	{"metric": {"full19test": {"UAR": 0.574403}}, "step": 68}
Step:68	{"metric": {"full19test": {"Macro_F1": 0.550039}}, "step": 68}
Step:68	{"metric": {"full19test": {"wa": 0.660091}}, "step": 68}
Step:69	{"metric": {"full19train": {"acc": 0.8560126582278481}}, "step": 69}
Step:69	{"metric": {"full19test": {"acc": 0.5754290876242095}}, "step": 69}
Step:69	{"metric": {"full19test": {"UAR": 0.507668}}, "step": 69}
Step:69	{"metric": {"full19test": {"Macro_F1": 0.50615}}, "step": 69}
Step:69	{"metric": {"full19test": {"wa": 0.586862}}, "step": 69}
Step:70	{"metric": {"full19train": {"acc": 0.8503616636528029}}, "step": 70}
Step:70	{"metric": {"full19test": {"acc": 0.5907859078590786}}, "step": 70}
Step:70	{"metric": {"full19test": {"UAR": 0.544675}}, "step": 70}
Step:70	{"metric": {"full19test": {"Macro_F1": 0.531636}}, "step": 70}
Step:70	{"metric": {"full19test": {"wa": 0.610356}}, "step": 70}
Step:71	{"metric": {"full19train": {"acc": 0.8700271247739603}}, "step": 71}
Step:71	{"metric": {"full19test": {"acc": 0.5989159891598916}}, "step": 71}
Step:71	{"metric": {"full19test": {"UAR": 0.555761}}, "step": 71}
Step:71	{"metric": {"full19test": {"Macro_F1": 0.540089}}, "step": 71}
Step:71	{"metric": {"full19test": {"wa": 0.618471}}, "step": 71}
Step:72	{"metric": {"full19train": {"acc": 0.8777124773960217}}, "step": 72}
Step:72	{"metric": {"full19test": {"acc": 0.5871725383920506}}, "step": 72}
Step:72	{"metric": {"full19test": {"UAR": 0.534896}}, "step": 72}
Step:72	{"metric": {"full19test": {"Macro_F1": 0.533899}}, "step": 72}
Step:72	{"metric": {"full19test": {"wa": 0.590862}}, "step": 72}
Step:73	{"metric": {"full19train": {"acc": 0.8539783001808319}}, "step": 73}
Step:73	{"metric": {"full19test": {"acc": 0.6070460704607046}}, "step": 73}
Step:73	{"metric": {"full19test": {"UAR": 0.535791}}, "step": 73}
Step:73	{"metric": {"full19test": {"Macro_F1": 0.538186}}, "step": 73}
Step:73	{"metric": {"full19test": {"wa": 0.618708}}, "step": 73}
Step:74	{"metric": {"full19train": {"acc": 0.8673146473779385}}, "step": 74}
Step:74	{"metric": {"full19test": {"acc": 0.5781391147244805}}, "step": 74}
Step:74	{"metric": {"full19test": {"UAR": 0.534097}}, "step": 74}
Step:74	{"metric": {"full19test": {"Macro_F1": 0.534283}}, "step": 74}
Step:74	{"metric": {"full19test": {"wa": 0.574463}}, "step": 74}
Step:75	{"metric": {"full19train": {"acc": 0.8874321880650995}}, "step": 75}
Step:75	{"metric": {"full19test": {"acc": 0.5916892502258356}}, "step": 75}
Step:75	{"metric": {"full19test": {"UAR": 0.533933}}, "step": 75}
Step:75	{"metric": {"full19test": {"Macro_F1": 0.533725}}, "step": 75}
Step:75	{"metric": {"full19test": {"wa": 0.591734}}, "step": 75}
Step:76	{"metric": {"full19train": {"acc": 0.8734177215189873}}, "step": 76}
Step:76	{"metric": {"full19test": {"acc": 0.5880758807588076}}, "step": 76}
Step:76	{"metric": {"full19test": {"UAR": 0.537324}}, "step": 76}
Step:76	{"metric": {"full19test": {"Macro_F1": 0.534824}}, "step": 76}
Step:76	{"metric": {"full19test": {"wa": 0.597724}}, "step": 76}
Step:77	{"metric": {"full19train": {"acc": 0.8804249547920434}}, "step": 77}
Step:77	{"metric": {"full19test": {"acc": 0.5953026196928636}}, "step": 77}
Step:77	{"metric": {"full19test": {"UAR": 0.547972}}, "step": 77}
Step:77	{"metric": {"full19test": {"Macro_F1": 0.54662}}, "step": 77}
Step:77	{"metric": {"full19test": {"wa": 0.591724}}, "step": 77}
Step:78	{"metric": {"full19train": {"acc": 0.8747739602169982}}, "step": 78}
Step:78	{"metric": {"full19test": {"acc": 0.5817524841915086}}, "step": 78}
Step:78	{"metric": {"full19test": {"UAR": 0.524186}}, "step": 78}
Step:78	{"metric": {"full19test": {"Macro_F1": 0.524876}}, "step": 78}
Step:78	{"metric": {"full19test": {"wa": 0.595228}}, "step": 78}
Step:79	{"metric": {"full19train": {"acc": 0.8919529837251357}}, "step": 79}
Step:79	{"metric": {"full19test": {"acc": 0.5880758807588076}}, "step": 79}
Step:79	{"metric": {"full19test": {"UAR": 0.540559}}, "step": 79}
Step:79	{"metric": {"full19test": {"Macro_F1": 0.528635}}, "step": 79}
Step:79	{"metric": {"full19test": {"wa": 0.60671}}, "step": 79}
Step:80	{"metric": {"full19train": {"acc": 0.8865280289330922}}, "step": 80}
Step:80	{"metric": {"full19test": {"acc": 0.5898825654923215}}, "step": 80}
Step:80	{"metric": {"full19test": {"UAR": 0.548861}}, "step": 80}
Step:80	{"metric": {"full19test": {"Macro_F1": 0.533346}}, "step": 80}
Step:80	{"metric": {"full19test": {"wa": 0.599575}}, "step": 80}
Step:81	{"metric": {"full19train": {"acc": 0.8869801084990958}}, "step": 81}
Step:81	{"metric": {"full19test": {"acc": 0.5998193315266486}}, "step": 81}
Step:81	{"metric": {"full19test": {"UAR": 0.55924}}, "step": 81}
Step:81	{"metric": {"full19test": {"Macro_F1": 0.551372}}, "step": 81}
Step:81	{"metric": {"full19test": {"wa": 0.600762}}, "step": 81}
Step:82	{"metric": {"full19train": {"acc": 0.902124773960217}}, "step": 82}
Step:82	{"metric": {"full19test": {"acc": 0.5709123757904245}}, "step": 82}
Step:82	{"metric": {"full19test": {"UAR": 0.530054}}, "step": 82}
Step:82	{"metric": {"full19test": {"Macro_F1": 0.523171}}, "step": 82}
Step:82	{"metric": {"full19test": {"wa": 0.568414}}, "step": 82}
Step:83	{"metric": {"full19train": {"acc": 0.9061934900542495}}, "step": 83}
Step:83	{"metric": {"full19test": {"acc": 0.5916892502258356}}, "step": 83}
Step:83	{"metric": {"full19test": {"UAR": 0.54412}}, "step": 83}
Step:83	{"metric": {"full19test": {"Macro_F1": 0.534562}}, "step": 83}
Step:83	{"metric": {"full19test": {"wa": 0.597443}}, "step": 83}
Step:84	{"metric": {"full19train": {"acc": 0.9023508137432188}}, "step": 84}
Step:84	{"metric": {"full19test": {"acc": 0.6043360433604336}}, "step": 84}
Step:84	{"metric": {"full19test": {"UAR": 0.558363}}, "step": 84}
Step:84	{"metric": {"full19test": {"Macro_F1": 0.554225}}, "step": 84}
Step:84	{"metric": {"full19test": {"wa": 0.611177}}, "step": 84}
Step:85	{"metric": {"full19train": {"acc": 0.8971518987341772}}, "step": 85}
Step:85	{"metric": {"full19test": {"acc": 0.5826558265582655}}, "step": 85}
Step:85	{"metric": {"full19test": {"UAR": 0.53679}}, "step": 85}
Step:85	{"metric": {"full19test": {"Macro_F1": 0.528002}}, "step": 85}
Step:85	{"metric": {"full19test": {"wa": 0.588144}}, "step": 85}
Step:86	{"metric": {"full19train": {"acc": 0.9066455696202531}}, "step": 86}
Step:86	{"metric": {"full19test": {"acc": 0.5907859078590786}}, "step": 86}
Step:86	{"metric": {"full19test": {"UAR": 0.540948}}, "step": 86}
Step:86	{"metric": {"full19test": {"Macro_F1": 0.533331}}, "step": 86}
Step:86	{"metric": {"full19test": {"wa": 0.604645}}, "step": 86}
Step:87	{"metric": {"full19train": {"acc": 0.9048372513562387}}, "step": 87}
Step:87	{"metric": {"full19test": {"acc": 0.5826558265582655}}, "step": 87}
Step:87	{"metric": {"full19test": {"UAR": 0.537401}}, "step": 87}
Step:87	{"metric": {"full19test": {"Macro_F1": 0.521026}}, "step": 87}
Step:87	{"metric": {"full19test": {"wa": 0.601595}}, "step": 87}
Step:88	{"metric": {"full19train": {"acc": 0.8939873417721519}}, "step": 88}
Step:88	{"metric": {"full19test": {"acc": 0.6097560975609756}}, "step": 88}
Step:88	{"metric": {"full19test": {"UAR": 0.571868}}, "step": 88}
Step:88	{"metric": {"full19test": {"Macro_F1": 0.559008}}, "step": 88}
Step:88	{"metric": {"full19test": {"wa": 0.624124}}, "step": 88}
Step:89	{"metric": {"full19train": {"acc": 0.9100361663652803}}, "step": 89}
Step:89	{"metric": {"full19test": {"acc": 0.5691056910569106}}, "step": 89}
Step:89	{"metric": {"full19test": {"UAR": 0.520526}}, "step": 89}
Step:89	{"metric": {"full19test": {"Macro_F1": 0.512137}}, "step": 89}
Step:89	{"metric": {"full19test": {"wa": 0.57635}}, "step": 89}
Step:90	{"metric": {"full19train": {"acc": 0.9107142857142857}}, "step": 90}
Step:90	{"metric": {"full19test": {"acc": 0.6043360433604336}}, "step": 90}
Step:90	{"metric": {"full19test": {"UAR": 0.556518}}, "step": 90}
Step:90	{"metric": {"full19test": {"Macro_F1": 0.543112}}, "step": 90}
Step:90	{"metric": {"full19test": {"wa": 0.621894}}, "step": 90}
Step:91	{"metric": {"full19train": {"acc": 0.9082278481012658}}, "step": 91}
Step:91	{"metric": {"full19test": {"acc": 0.5962059620596206}}, "step": 91}
Step:91	{"metric": {"full19test": {"UAR": 0.56323}}, "step": 91}
Step:91	{"metric": {"full19test": {"Macro_F1": 0.551455}}, "step": 91}
Step:91	{"metric": {"full19test": {"wa": 0.607467}}, "step": 91}
Step:92	{"metric": {"full19train": {"acc": 0.9152350813743219}}, "step": 92}
Step:92	{"metric": {"full19test": {"acc": 0.5754290876242095}}, "step": 92}
Step:92	{"metric": {"full19test": {"UAR": 0.519524}}, "step": 92}
Step:92	{"metric": {"full19test": {"Macro_F1": 0.521913}}, "step": 92}
Step:92	{"metric": {"full19test": {"wa": 0.578524}}, "step": 92}
Step:93	{"metric": {"full19train": {"acc": 0.9165913200723327}}, "step": 93}
Step:93	{"metric": {"full19test": {"acc": 0.5844625112917796}}, "step": 93}
Step:93	{"metric": {"full19test": {"UAR": 0.518582}}, "step": 93}
Step:93	{"metric": {"full19test": {"Macro_F1": 0.517962}}, "step": 93}
Step:93	{"metric": {"full19test": {"wa": 0.594993}}, "step": 93}
Step:94	{"metric": {"full19train": {"acc": 0.916365280289331}}, "step": 94}
Step:94	{"metric": {"full19test": {"acc": 0.6124661246612466}}, "step": 94}
Step:94	{"metric": {"full19test": {"UAR": 0.562965}}, "step": 94}
Step:94	{"metric": {"full19test": {"Macro_F1": 0.554273}}, "step": 94}
Step:94	{"metric": {"full19test": {"wa": 0.624663}}, "step": 94}
Step:95	{"metric": {"full19train": {"acc": 0.9147830018083183}}, "step": 95}
Step:95	{"metric": {"full19test": {"acc": 0.5925925925925926}}, "step": 95}
Step:95	{"metric": {"full19test": {"UAR": 0.523808}}, "step": 95}
Step:95	{"metric": {"full19test": {"Macro_F1": 0.523389}}, "step": 95}
Step:95	{"metric": {"full19test": {"wa": 0.603886}}, "step": 95}
Step:96	{"metric": {"full19train": {"acc": 0.9217902350813744}}, "step": 96}
Step:96	{"metric": {"full19test": {"acc": 0.5962059620596206}}, "step": 96}
Step:96	{"metric": {"full19test": {"UAR": 0.535451}}, "step": 96}
Step:96	{"metric": {"full19test": {"Macro_F1": 0.528714}}, "step": 96}
Step:96	{"metric": {"full19test": {"wa": 0.607405}}, "step": 96}
Step:97	{"metric": {"full19train": {"acc": 0.9287974683544303}}, "step": 97}
Step:97	{"metric": {"full19test": {"acc": 0.6016260162601627}}, "step": 97}
Step:97	{"metric": {"full19test": {"UAR": 0.556467}}, "step": 97}
Step:97	{"metric": {"full19test": {"Macro_F1": 0.55008}}, "step": 97}
Step:97	{"metric": {"full19test": {"wa": 0.60623}}, "step": 97}
Step:98	{"metric": {"full19train": {"acc": 0.9229204339963833}}, "step": 98}
Step:98	{"metric": {"full19test": {"acc": 0.5925925925925926}}, "step": 98}
Step:98	{"metric": {"full19test": {"UAR": 0.539573}}, "step": 98}
Step:98	{"metric": {"full19test": {"Macro_F1": 0.542004}}, "step": 98}
Step:98	{"metric": {"full19test": {"wa": 0.597314}}, "step": 98}
Step:99	{"metric": {"full19train": {"acc": 0.9290235081374322}}, "step": 99}
Step:99	{"metric": {"full19test": {"acc": 0.5835591689250226}}, "step": 99}
Step:99	{"metric": {"full19test": {"UAR": 0.534193}}, "step": 99}
Step:99	{"metric": {"full19test": {"Macro_F1": 0.530438}}, "step": 99}
Step:99	{"metric": {"full19test": {"wa": 0.585844}}, "step": 99}
Step:100	{"metric": {"full19train": {"acc": 0.9240506329113924}}, "step": 100}
Step:100	{"metric": {"full19test": {"acc": 0.6169828364950316}}, "step": 100}
Step:100	{"metric": {"full19test": {"UAR": 0.561364}}, "step": 100}
Step:100	{"metric": {"full19test": {"Macro_F1": 0.546471}}, "step": 100}
Step:100	{"metric": {"full19test": {"wa": 0.638224}}, "step": 100}
