Step:1	{"metric": {"full19train": {"acc": 0.1378504672897196}}, "step": 1}
Step:1	{"metric": {"full19test": {"acc": 0.17757009345794392}}, "step": 1}
Step:1	{"metric": {"full19test": {"UAR": 0.114864}}, "step": 1}
Step:1	{"metric": {"full19test": {"Macro_F1": 0.109307}}, "step": 1}
Step:1	{"metric": {"full19test": {"wa": 0.287314}}, "step": 1}
Step:2	{"metric": {"full19train": {"acc": 0.24065420560747663}}, "step": 2}
Step:2	{"metric": {"full19test": {"acc": 0.37383177570093457}}, "step": 2}
Step:2	{"metric": {"full19test": {"UAR": 0.174427}}, "step": 2}
Step:2	{"metric": {"full19test": {"Macro_F1": 0.204166}}, "step": 2}
Step:2	{"metric": {"full19test": {"wa": 0.553442}}, "step": 2}
Step:3	{"metric": {"full19train": {"acc": 0.35046728971962615}}, "step": 3}
Step:3	{"metric": {"full19test": {"acc": 0.3644859813084112}}, "step": 3}
Step:3	{"metric": {"full19test": {"UAR": 0.19727}}, "step": 3}
Step:3	{"metric": {"full19test": {"Macro_F1": 0.178691}}, "step": 3}
Step:3	{"metric": {"full19test": {"wa": 0.61155}}, "step": 3}
Step:4	{"metric": {"full19train": {"acc": 0.3598130841121495}}, "step": 4}
Step:4	{"metric": {"full19test": {"acc": 0.4766355140186916}}, "step": 4}
Step:4	{"metric": {"full19test": {"UAR": 0.323117}}, "step": 4}
Step:4	{"metric": {"full19test": {"Macro_F1": 0.330424}}, "step": 4}
Step:4	{"metric": {"full19test": {"wa": 0.715632}}, "step": 4}
Step:5	{"metric": {"full19train": {"acc": 0.397196261682243}}, "step": 5}
Step:5	{"metric": {"full19test": {"acc": 0.4672897196261682}}, "step": 5}
Step:5	{"metric": {"full19test": {"UAR": 0.313273}}, "step": 5}
Step:5	{"metric": {"full19test": {"Macro_F1": 0.329636}}, "step": 5}
Step:5	{"metric": {"full19test": {"wa": 0.634351}}, "step": 5}
Step:6	{"metric": {"full19train": {"acc": 0.441588785046729}}, "step": 6}
Step:6	{"metric": {"full19test": {"acc": 0.4392523364485981}}, "step": 6}
Step:6	{"metric": {"full19test": {"UAR": 0.295015}}, "step": 6}
Step:6	{"metric": {"full19test": {"Macro_F1": 0.314619}}, "step": 6}
Step:6	{"metric": {"full19test": {"wa": 0.540682}}, "step": 6}
Step:7	{"metric": {"full19train": {"acc": 0.4532710280373832}}, "step": 7}
Step:7	{"metric": {"full19test": {"acc": 0.5233644859813084}}, "step": 7}
Step:7	{"metric": {"full19test": {"UAR": 0.345601}}, "step": 7}
Step:7	{"metric": {"full19test": {"Macro_F1": 0.37837}}, "step": 7}
Step:7	{"metric": {"full19test": {"wa": 0.678143}}, "step": 7}
Step:8	{"metric": {"full19train": {"acc": 0.4742990654205608}}, "step": 8}
Step:8	{"metric": {"full19test": {"acc": 0.4672897196261682}}, "step": 8}
Step:8	{"metric": {"full19test": {"UAR": 0.32019}}, "step": 8}
Step:8	{"metric": {"full19test": {"Macro_F1": 0.322149}}, "step": 8}
Step:8	{"metric": {"full19test": {"wa": 0.630738}}, "step": 8}
Step:9	{"metric": {"full19train": {"acc": 0.48598130841121495}}, "step": 9}
Step:9	{"metric": {"full19test": {"acc": 0.5420560747663551}}, "step": 9}
Step:9	{"metric": {"full19test": {"UAR": 0.42838}}, "step": 9}
Step:9	{"metric": {"full19test": {"Macro_F1": 0.444603}}, "step": 9}
Step:9	{"metric": {"full19test": {"wa": 0.638227}}, "step": 9}
Step:10	{"metric": {"full19train": {"acc": 0.5327102803738317}}, "step": 10}
Step:10	{"metric": {"full19test": {"acc": 0.5420560747663551}}, "step": 10}
Step:10	{"metric": {"full19test": {"UAR": 0.433424}}, "step": 10}
Step:10	{"metric": {"full19test": {"Macro_F1": 0.429651}}, "step": 10}
Step:10	{"metric": {"full19test": {"wa": 0.652232}}, "step": 10}
Step:11	{"metric": {"full19train": {"acc": 0.5607476635514018}}, "step": 11}
Step:11	{"metric": {"full19test": {"acc": 0.5887850467289719}}, "step": 11}
Step:11	{"metric": {"full19test": {"UAR": 0.492197}}, "step": 11}
Step:11	{"metric": {"full19test": {"Macro_F1": 0.482446}}, "step": 11}
Step:11	{"metric": {"full19test": {"wa": 0.705175}}, "step": 11}
Step:12	{"metric": {"full19train": {"acc": 0.5514018691588785}}, "step": 12}
Step:12	{"metric": {"full19test": {"acc": 0.5981308411214953}}, "step": 12}
Step:12	{"metric": {"full19test": {"UAR": 0.50017}}, "step": 12}
Step:12	{"metric": {"full19test": {"Macro_F1": 0.508993}}, "step": 12}
Step:12	{"metric": {"full19test": {"wa": 0.685042}}, "step": 12}
Step:13	{"metric": {"full19train": {"acc": 0.6051401869158879}}, "step": 13}
Step:13	{"metric": {"full19test": {"acc": 0.5981308411214953}}, "step": 13}
Step:13	{"metric": {"full19test": {"UAR": 0.488208}}, "step": 13}
Step:13	{"metric": {"full19test": {"Macro_F1": 0.490398}}, "step": 13}
Step:13	{"metric": {"full19test": {"wa": 0.710762}}, "step": 13}
Step:14	{"metric": {"full19train": {"acc": 0.6098130841121495}}, "step": 14}
Step:14	{"metric": {"full19test": {"acc": 0.5794392523364486}}, "step": 14}
Step:14	{"metric": {"full19test": {"UAR": 0.495702}}, "step": 14}
Step:14	{"metric": {"full19test": {"Macro_F1": 0.487533}}, "step": 14}
Step:14	{"metric": {"full19test": {"wa": 0.689297}}, "step": 14}
Step:15	{"metric": {"full19train": {"acc": 0.5841121495327103}}, "step": 15}
Step:15	{"metric": {"full19test": {"acc": 0.5981308411214953}}, "step": 15}
Step:15	{"metric": {"full19test": {"UAR": 0.619382}}, "step": 15}
Step:15	{"metric": {"full19test": {"Macro_F1": 0.5126}}, "step": 15}
Step:15	{"metric": {"full19test": {"wa": 0.676678}}, "step": 15}
Step:16	{"metric": {"full19train": {"acc": 0.6682242990654206}}, "step": 16}
Step:16	{"metric": {"full19test": {"acc": 0.6448598130841121}}, "step": 16}
Step:16	{"metric": {"full19test": {"UAR": 0.665394}}, "step": 16}
Step:16	{"metric": {"full19test": {"Macro_F1": 0.570983}}, "step": 16}
Step:16	{"metric": {"full19test": {"wa": 0.732132}}, "step": 16}
Step:17	{"metric": {"full19train": {"acc": 0.6635514018691588}}, "step": 17}
Step:17	{"metric": {"full19test": {"acc": 0.6822429906542056}}, "step": 17}
Step:17	{"metric": {"full19test": {"UAR": 0.676886}}, "step": 17}
Step:17	{"metric": {"full19test": {"Macro_F1": 0.634575}}, "step": 17}
Step:17	{"metric": {"full19test": {"wa": 0.734647}}, "step": 17}
Step:18	{"metric": {"full19train": {"acc": 0.6985981308411215}}, "step": 18}
Step:18	{"metric": {"full19test": {"acc": 0.6822429906542056}}, "step": 18}
Step:18	{"metric": {"full19test": {"UAR": 0.697712}}, "step": 18}
Step:18	{"metric": {"full19test": {"Macro_F1": 0.633862}}, "step": 18}
Step:18	{"metric": {"full19test": {"wa": 0.737455}}, "step": 18}
Step:19	{"metric": {"full19train": {"acc": 0.6869158878504673}}, "step": 19}
Step:19	{"metric": {"full19test": {"acc": 0.7383177570093458}}, "step": 19}
Step:19	{"metric": {"full19test": {"UAR": 0.764481}}, "step": 19}
Step:19	{"metric": {"full19test": {"Macro_F1": 0.700178}}, "step": 19}
Step:19	{"metric": {"full19test": {"wa": 0.77506}}, "step": 19}
Step:20	{"metric": {"full19train": {"acc": 0.7266355140186916}}, "step": 20}
Step:20	{"metric": {"full19test": {"acc": 0.7289719626168224}}, "step": 20}
Step:20	{"metric": {"full19test": {"UAR": 0.701145}}, "step": 20}
Step:20	{"metric": {"full19test": {"Macro_F1": 0.69607}}, "step": 20}
Step:20	{"metric": {"full19test": {"wa": 0.731288}}, "step": 20}
Step:21	{"metric": {"full19train": {"acc": 0.7523364485981309}}, "step": 21}
Step:21	{"metric": {"full19test": {"acc": 0.7289719626168224}}, "step": 21}
Step:21	{"metric": {"full19test": {"UAR": 0.736559}}, "step": 21}
Step:21	{"metric": {"full19test": {"Macro_F1": 0.693348}}, "step": 21}
Step:21	{"metric": {"full19test": {"wa": 0.760416}}, "step": 21}
Step:22	{"metric": {"full19train": {"acc": 0.7990654205607477}}, "step": 22}
Step:22	{"metric": {"full19test": {"acc": 0.7757009345794392}}, "step": 22}
Step:22	{"metric": {"full19test": {"UAR": 0.774724}}, "step": 22}
Step:22	{"metric": {"full19test": {"Macro_F1": 0.743785}}, "step": 22}
Step:22	{"metric": {"full19test": {"wa": 0.79812}}, "step": 22}
Step:23	{"metric": {"full19train": {"acc": 0.780373831775701}}, "step": 23}
Step:23	{"metric": {"full19test": {"acc": 0.7570093457943925}}, "step": 23}
Step:23	{"metric": {"full19test": {"UAR": 0.73895}}, "step": 23}
Step:23	{"metric": {"full19test": {"Macro_F1": 0.722365}}, "step": 23}
Step:23	{"metric": {"full19test": {"wa": 0.797867}}, "step": 23}
Step:24	{"metric": {"full19train": {"acc": 0.8060747663551402}}, "step": 24}
Step:24	{"metric": {"full19test": {"acc": 0.7757009345794392}}, "step": 24}
Step:24	{"metric": {"full19test": {"UAR": 0.764414}}, "step": 24}
Step:24	{"metric": {"full19test": {"Macro_F1": 0.760372}}, "step": 24}
Step:24	{"metric": {"full19test": {"wa": 0.773705}}, "step": 24}
Step:25	{"metric": {"full19train": {"acc": 0.7967289719626168}}, "step": 25}
Step:25	{"metric": {"full19test": {"acc": 0.7570093457943925}}, "step": 25}
Step:25	{"metric": {"full19test": {"UAR": 0.762122}}, "step": 25}
Step:25	{"metric": {"full19test": {"Macro_F1": 0.747109}}, "step": 25}
Step:25	{"metric": {"full19test": {"wa": 0.776161}}, "step": 25}
Step:26	{"metric": {"full19train": {"acc": 0.8154205607476636}}, "step": 26}
Step:26	{"metric": {"full19test": {"acc": 0.7757009345794392}}, "step": 26}
Step:26	{"metric": {"full19test": {"UAR": 0.785038}}, "step": 26}
Step:26	{"metric": {"full19test": {"Macro_F1": 0.735278}}, "step": 26}
Step:26	{"metric": {"full19test": {"wa": 0.810839}}, "step": 26}
Step:27	{"metric": {"full19train": {"acc": 0.8294392523364486}}, "step": 27}
Step:27	{"metric": {"full19test": {"acc": 0.822429906542056}}, "step": 27}
Step:27	{"metric": {"full19test": {"UAR": 0.81349}}, "step": 27}
Step:27	{"metric": {"full19test": {"Macro_F1": 0.80533}}, "step": 27}
Step:27	{"metric": {"full19test": {"wa": 0.831929}}, "step": 27}
Step:28	{"metric": {"full19train": {"acc": 0.8317757009345794}}, "step": 28}
Step:28	{"metric": {"full19test": {"acc": 0.8037383177570093}}, "step": 28}
Step:28	{"metric": {"full19test": {"UAR": 0.798971}}, "step": 28}
Step:28	{"metric": {"full19test": {"Macro_F1": 0.788981}}, "step": 28}
Step:28	{"metric": {"full19test": {"wa": 0.826548}}, "step": 28}
Step:29	{"metric": {"full19train": {"acc": 0.8621495327102804}}, "step": 29}
Step:29	{"metric": {"full19test": {"acc": 0.794392523364486}}, "step": 29}
Step:29	{"metric": {"full19test": {"UAR": 0.782251}}, "step": 29}
Step:29	{"metric": {"full19test": {"Macro_F1": 0.769417}}, "step": 29}
Step:29	{"metric": {"full19test": {"wa": 0.816457}}, "step": 29}
Step:30	{"metric": {"full19train": {"acc": 0.8598130841121495}}, "step": 30}
Step:30	{"metric": {"full19test": {"acc": 0.794392523364486}}, "step": 30}
Step:30	{"metric": {"full19test": {"UAR": 0.788362}}, "step": 30}
Step:30	{"metric": {"full19test": {"Macro_F1": 0.78173}}, "step": 30}
Step:30	{"metric": {"full19test": {"wa": 0.796395}}, "step": 30}
Step:31	{"metric": {"full19train": {"acc": 0.883177570093458}}, "step": 31}
Step:31	{"metric": {"full19test": {"acc": 0.7476635514018691}}, "step": 31}
Step:31	{"metric": {"full19test": {"UAR": 0.739452}}, "step": 31}
Step:31	{"metric": {"full19test": {"Macro_F1": 0.730079}}, "step": 31}
Step:31	{"metric": {"full19test": {"wa": 0.750522}}, "step": 31}
Step:32	{"metric": {"full19train": {"acc": 0.8714953271028038}}, "step": 32}
Step:32	{"metric": {"full19test": {"acc": 0.7850467289719626}}, "step": 32}
Step:32	{"metric": {"full19test": {"UAR": 0.809788}}, "step": 32}
Step:32	{"metric": {"full19test": {"Macro_F1": 0.761296}}, "step": 32}
Step:32	{"metric": {"full19test": {"wa": 0.825013}}, "step": 32}
Step:33	{"metric": {"full19train": {"acc": 0.8364485981308412}}, "step": 33}
Step:33	{"metric": {"full19test": {"acc": 0.794392523364486}}, "step": 33}
Step:33	{"metric": {"full19test": {"UAR": 0.789606}}, "step": 33}
Step:33	{"metric": {"full19test": {"Macro_F1": 0.775693}}, "step": 33}
Step:33	{"metric": {"full19test": {"wa": 0.81547}}, "step": 33}
Step:34	{"metric": {"full19train": {"acc": 0.8481308411214953}}, "step": 34}
Step:34	{"metric": {"full19test": {"acc": 0.8411214953271028}}, "step": 34}
Step:34	{"metric": {"full19test": {"UAR": 0.821458}}, "step": 34}
Step:34	{"metric": {"full19test": {"Macro_F1": 0.822993}}, "step": 34}
Step:34	{"metric": {"full19test": {"wa": 0.845368}}, "step": 34}
Step:35	{"metric": {"full19train": {"acc": 0.8341121495327103}}, "step": 35}
Step:35	{"metric": {"full19test": {"acc": 0.822429906542056}}, "step": 35}
Step:35	{"metric": {"full19test": {"UAR": 0.818055}}, "step": 35}
Step:35	{"metric": {"full19test": {"Macro_F1": 0.805164}}, "step": 35}
Step:35	{"metric": {"full19test": {"wa": 0.835839}}, "step": 35}
Step:36	{"metric": {"full19train": {"acc": 0.8714953271028038}}, "step": 36}
Step:36	{"metric": {"full19test": {"acc": 0.8317757009345794}}, "step": 36}
Step:36	{"metric": {"full19test": {"UAR": 0.832565}}, "step": 36}
Step:36	{"metric": {"full19test": {"Macro_F1": 0.803414}}, "step": 36}
Step:36	{"metric": {"full19test": {"wa": 0.864146}}, "step": 36}
Step:37	{"metric": {"full19train": {"acc": 0.8855140186915887}}, "step": 37}
Step:37	{"metric": {"full19test": {"acc": 0.8130841121495327}}, "step": 37}
Step:37	{"metric": {"full19test": {"UAR": 0.815707}}, "step": 37}
Step:37	{"metric": {"full19test": {"Macro_F1": 0.806918}}, "step": 37}
Step:37	{"metric": {"full19test": {"wa": 0.825703}}, "step": 37}
Step:38	{"metric": {"full19train": {"acc": 0.8761682242990654}}, "step": 38}
Step:38	{"metric": {"full19test": {"acc": 0.8691588785046729}}, "step": 38}
Step:38	{"metric": {"full19test": {"UAR": 0.873408}}, "step": 38}
Step:38	{"metric": {"full19test": {"Macro_F1": 0.8682}}, "step": 38}
Step:38	{"metric": {"full19test": {"wa": 0.877892}}, "step": 38}
Step:39	{"metric": {"full19train": {"acc": 0.8948598130841121}}, "step": 39}
Step:39	{"metric": {"full19test": {"acc": 0.822429906542056}}, "step": 39}
Step:39	{"metric": {"full19test": {"UAR": 0.797108}}, "step": 39}
Step:39	{"metric": {"full19test": {"Macro_F1": 0.789792}}, "step": 39}
Step:39	{"metric": {"full19test": {"wa": 0.831712}}, "step": 39}
Step:40	{"metric": {"full19train": {"acc": 0.9065420560747663}}, "step": 40}
Step:40	{"metric": {"full19test": {"acc": 0.7850467289719626}}, "step": 40}
Step:40	{"metric": {"full19test": {"UAR": 0.792447}}, "step": 40}
Step:40	{"metric": {"full19test": {"Macro_F1": 0.764126}}, "step": 40}
Step:40	{"metric": {"full19test": {"wa": 0.817212}}, "step": 40}
Step:41	{"metric": {"full19train": {"acc": 0.9158878504672897}}, "step": 41}
Step:41	{"metric": {"full19test": {"acc": 0.822429906542056}}, "step": 41}
Step:41	{"metric": {"full19test": {"UAR": 0.809419}}, "step": 41}
Step:41	{"metric": {"full19test": {"Macro_F1": 0.800831}}, "step": 41}
Step:41	{"metric": {"full19test": {"wa": 0.83343}}, "step": 41}
Step:42	{"metric": {"full19train": {"acc": 0.9439252336448598}}, "step": 42}
Step:42	{"metric": {"full19test": {"acc": 0.8411214953271028}}, "step": 42}
Step:42	{"metric": {"full19test": {"UAR": 0.838685}}, "step": 42}
Step:42	{"metric": {"full19test": {"Macro_F1": 0.83249}}, "step": 42}
Step:42	{"metric": {"full19test": {"wa": 0.850281}}, "step": 42}
Step:43	{"metric": {"full19train": {"acc": 0.9602803738317757}}, "step": 43}
Step:43	{"metric": {"full19test": {"acc": 0.8504672897196262}}, "step": 43}
Step:43	{"metric": {"full19test": {"UAR": 0.861654}}, "step": 43}
Step:43	{"metric": {"full19test": {"Macro_F1": 0.84757}}, "step": 43}
Step:43	{"metric": {"full19test": {"wa": 0.870841}}, "step": 43}
Step:44	{"metric": {"full19train": {"acc": 0.9626168224299065}}, "step": 44}
Step:44	{"metric": {"full19test": {"acc": 0.7757009345794392}}, "step": 44}
Step:44	{"metric": {"full19test": {"UAR": 0.761784}}, "step": 44}
Step:44	{"metric": {"full19test": {"Macro_F1": 0.752427}}, "step": 44}
Step:44	{"metric": {"full19test": {"wa": 0.803076}}, "step": 44}
Step:45	{"metric": {"full19train": {"acc": 0.9369158878504673}}, "step": 45}
Step:45	{"metric": {"full19test": {"acc": 0.8037383177570093}}, "step": 45}
Step:45	{"metric": {"full19test": {"UAR": 0.804722}}, "step": 45}
Step:45	{"metric": {"full19test": {"Macro_F1": 0.789688}}, "step": 45}
Step:45	{"metric": {"full19test": {"wa": 0.807909}}, "step": 45}
Step:46	{"metric": {"full19train": {"acc": 0.9579439252336449}}, "step": 46}
Step:46	{"metric": {"full19test": {"acc": 0.8504672897196262}}, "step": 46}
Step:46	{"metric": {"full19test": {"UAR": 0.841643}}, "step": 46}
Step:46	{"metric": {"full19test": {"Macro_F1": 0.840096}}, "step": 46}
Step:46	{"metric": {"full19test": {"wa": 0.857178}}, "step": 46}
Step:47	{"metric": {"full19train": {"acc": 0.9439252336448598}}, "step": 47}
Step:47	{"metric": {"full19test": {"acc": 0.8785046728971962}}, "step": 47}
Step:47	{"metric": {"full19test": {"UAR": 0.872941}}, "step": 47}
Step:47	{"metric": {"full19test": {"Macro_F1": 0.867374}}, "step": 47}
Step:47	{"metric": {"full19test": {"wa": 0.893342}}, "step": 47}
Step:48	{"metric": {"full19train": {"acc": 0.9509345794392523}}, "step": 48}
Step:48	{"metric": {"full19test": {"acc": 0.794392523364486}}, "step": 48}
Step:48	{"metric": {"full19test": {"UAR": 0.791019}}, "step": 48}
Step:48	{"metric": {"full19test": {"Macro_F1": 0.775123}}, "step": 48}
Step:48	{"metric": {"full19test": {"wa": 0.804569}}, "step": 48}
Step:49	{"metric": {"full19train": {"acc": 0.9532710280373832}}, "step": 49}
Step:49	{"metric": {"full19test": {"acc": 0.7850467289719626}}, "step": 49}
Step:49	{"metric": {"full19test": {"UAR": 0.777095}}, "step": 49}
Step:49	{"metric": {"full19test": {"Macro_F1": 0.762886}}, "step": 49}
Step:49	{"metric": {"full19test": {"wa": 0.79508}}, "step": 49}
Step:50	{"metric": {"full19train": {"acc": 0.9415887850467289}}, "step": 50}
Step:50	{"metric": {"full19test": {"acc": 0.8785046728971962}}, "step": 50}
Step:50	{"metric": {"full19test": {"UAR": 0.870009}}, "step": 50}
Step:50	{"metric": {"full19test": {"Macro_F1": 0.865332}}, "step": 50}
Step:50	{"metric": {"full19test": {"wa": 0.894898}}, "step": 50}
Step:51	{"metric": {"full19train": {"acc": 0.9649532710280374}}, "step": 51}
Step:51	{"metric": {"full19test": {"acc": 0.8037383177570093}}, "step": 51}
Step:51	{"metric": {"full19test": {"UAR": 0.806912}}, "step": 51}
Step:51	{"metric": {"full19test": {"Macro_F1": 0.795573}}, "step": 51}
Step:51	{"metric": {"full19test": {"wa": 0.814246}}, "step": 51}
Step:52	{"metric": {"full19train": {"acc": 0.9509345794392523}}, "step": 52}
Step:52	{"metric": {"full19test": {"acc": 0.8411214953271028}}, "step": 52}
Step:52	{"metric": {"full19test": {"UAR": 0.838259}}, "step": 52}
Step:52	{"metric": {"full19test": {"Macro_F1": 0.817543}}, "step": 52}
Step:52	{"metric": {"full19test": {"wa": 0.861689}}, "step": 52}
Step:53	{"metric": {"full19train": {"acc": 0.9719626168224299}}, "step": 53}
Step:53	{"metric": {"full19test": {"acc": 0.8317757009345794}}, "step": 53}
Step:53	{"metric": {"full19test": {"UAR": 0.822392}}, "step": 53}
Step:53	{"metric": {"full19test": {"Macro_F1": 0.814177}}, "step": 53}
Step:53	{"metric": {"full19test": {"wa": 0.847548}}, "step": 53}
Step:54	{"metric": {"full19train": {"acc": 0.9719626168224299}}, "step": 54}
Step:54	{"metric": {"full19test": {"acc": 0.8598130841121495}}, "step": 54}
Step:54	{"metric": {"full19test": {"UAR": 0.844944}}, "step": 54}
Step:54	{"metric": {"full19test": {"Macro_F1": 0.848598}}, "step": 54}
Step:54	{"metric": {"full19test": {"wa": 0.863137}}, "step": 54}
Step:55	{"metric": {"full19train": {"acc": 0.9415887850467289}}, "step": 55}
Step:55	{"metric": {"full19test": {"acc": 0.8504672897196262}}, "step": 55}
Step:55	{"metric": {"full19test": {"UAR": 0.842764}}, "step": 55}
Step:55	{"metric": {"full19test": {"Macro_F1": 0.840362}}, "step": 55}
Step:55	{"metric": {"full19test": {"wa": 0.857779}}, "step": 55}
Step:56	{"metric": {"full19train": {"acc": 0.9649532710280374}}, "step": 56}
Step:56	{"metric": {"full19test": {"acc": 0.8411214953271028}}, "step": 56}
Step:56	{"metric": {"full19test": {"UAR": 0.836053}}, "step": 56}
Step:56	{"metric": {"full19test": {"Macro_F1": 0.834468}}, "step": 56}
Step:56	{"metric": {"full19test": {"wa": 0.861471}}, "step": 56}
Step:57	{"metric": {"full19train": {"acc": 0.9626168224299065}}, "step": 57}
Step:57	{"metric": {"full19test": {"acc": 0.8317757009345794}}, "step": 57}
Step:57	{"metric": {"full19test": {"UAR": 0.821285}}, "step": 57}
Step:57	{"metric": {"full19test": {"Macro_F1": 0.80671}}, "step": 57}
Step:57	{"metric": {"full19test": {"wa": 0.847142}}, "step": 57}
Step:58	{"metric": {"full19train": {"acc": 0.9485981308411215}}, "step": 58}
Step:58	{"metric": {"full19test": {"acc": 0.8598130841121495}}, "step": 58}
Step:58	{"metric": {"full19test": {"UAR": 0.851628}}, "step": 58}
Step:58	{"metric": {"full19test": {"Macro_F1": 0.84431}}, "step": 58}
Step:58	{"metric": {"full19test": {"wa": 0.866711}}, "step": 58}
Step:59	{"metric": {"full19train": {"acc": 0.9579439252336449}}, "step": 59}
Step:59	{"metric": {"full19test": {"acc": 0.8037383177570093}}, "step": 59}
Step:59	{"metric": {"full19test": {"UAR": 0.790559}}, "step": 59}
Step:59	{"metric": {"full19test": {"Macro_F1": 0.782698}}, "step": 59}
Step:59	{"metric": {"full19test": {"wa": 0.819217}}, "step": 59}
Step:60	{"metric": {"full19train": {"acc": 0.9813084112149533}}, "step": 60}
Step:60	{"metric": {"full19test": {"acc": 0.8504672897196262}}, "step": 60}
Step:60	{"metric": {"full19test": {"UAR": 0.843367}}, "step": 60}
Step:60	{"metric": {"full19test": {"Macro_F1": 0.839018}}, "step": 60}
Step:60	{"metric": {"full19test": {"wa": 0.861322}}, "step": 60}
Step:61	{"metric": {"full19train": {"acc": 0.9602803738317757}}, "step": 61}
Step:61	{"metric": {"full19test": {"acc": 0.8785046728971962}}, "step": 61}
Step:61	{"metric": {"full19test": {"UAR": 0.870994}}, "step": 61}
Step:61	{"metric": {"full19test": {"Macro_F1": 0.857768}}, "step": 61}
Step:61	{"metric": {"full19test": {"wa": 0.892403}}, "step": 61}
Step:62	{"metric": {"full19train": {"acc": 0.9672897196261683}}, "step": 62}
Step:62	{"metric": {"full19test": {"acc": 0.8130841121495327}}, "step": 62}
Step:62	{"metric": {"full19test": {"UAR": 0.822069}}, "step": 62}
Step:62	{"metric": {"full19test": {"Macro_F1": 0.813976}}, "step": 62}
Step:62	{"metric": {"full19test": {"wa": 0.838881}}, "step": 62}
Step:63	{"metric": {"full19train": {"acc": 0.9836448598130841}}, "step": 63}
Step:63	{"metric": {"full19test": {"acc": 0.8598130841121495}}, "step": 63}
Step:63	{"metric": {"full19test": {"UAR": 0.847619}}, "step": 63}
Step:63	{"metric": {"full19test": {"Macro_F1": 0.845084}}, "step": 63}
Step:63	{"metric": {"full19test": {"wa": 0.869447}}, "step": 63}
Step:64	{"metric": {"full19train": {"acc": 0.9789719626168224}}, "step": 64}
Step:64	{"metric": {"full19test": {"acc": 0.897196261682243}}, "step": 64}
Step:64	{"metric": {"full19test": {"UAR": 0.883367}}, "step": 64}
Step:64	{"metric": {"full19test": {"Macro_F1": 0.882798}}, "step": 64}
Step:64	{"metric": {"full19test": {"wa": 0.903336}}, "step": 64}
Step:65	{"metric": {"full19train": {"acc": 0.9813084112149533}}, "step": 65}
Step:65	{"metric": {"full19test": {"acc": 0.8504672897196262}}, "step": 65}
Step:65	{"metric": {"full19test": {"UAR": 0.841029}}, "step": 65}
Step:65	{"metric": {"full19test": {"Macro_F1": 0.8298}}, "step": 65}
Step:65	{"metric": {"full19test": {"wa": 0.868381}}, "step": 65}
Step:66	{"metric": {"full19train": {"acc": 0.9672897196261683}}, "step": 66}
Step:66	{"metric": {"full19test": {"acc": 0.8317757009345794}}, "step": 66}
Step:66	{"metric": {"full19test": {"UAR": 0.833591}}, "step": 66}
Step:66	{"metric": {"full19test": {"Macro_F1": 0.819107}}, "step": 66}
Step:66	{"metric": {"full19test": {"wa": 0.854214}}, "step": 66}
Step:67	{"metric": {"full19train": {"acc": 0.9742990654205608}}, "step": 67}
Step:67	{"metric": {"full19test": {"acc": 0.822429906542056}}, "step": 67}
Step:67	{"metric": {"full19test": {"UAR": 0.797325}}, "step": 67}
Step:67	{"metric": {"full19test": {"Macro_F1": 0.789271}}, "step": 67}
Step:67	{"metric": {"full19test": {"wa": 0.846296}}, "step": 67}
Step:68	{"metric": {"full19train": {"acc": 0.969626168224299}}, "step": 68}
Step:68	{"metric": {"full19test": {"acc": 0.822429906542056}}, "step": 68}
Step:68	{"metric": {"full19test": {"UAR": 0.818222}}, "step": 68}
Step:68	{"metric": {"full19test": {"Macro_F1": 0.81527}}, "step": 68}
Step:68	{"metric": {"full19test": {"wa": 0.831263}}, "step": 68}
Step:69	{"metric": {"full19train": {"acc": 0.985981308411215}}, "step": 69}
Step:69	{"metric": {"full19test": {"acc": 0.8130841121495327}}, "step": 69}
Step:69	{"metric": {"full19test": {"UAR": 0.805722}}, "step": 69}
Step:69	{"metric": {"full19test": {"Macro_F1": 0.785336}}, "step": 69}
Step:69	{"metric": {"full19test": {"wa": 0.847573}}, "step": 69}
Step:70	{"metric": {"full19train": {"acc": 0.9813084112149533}}, "step": 70}
Step:70	{"metric": {"full19test": {"acc": 0.8878504672897196}}, "step": 70}
Step:70	{"metric": {"full19test": {"UAR": 0.877751}}, "step": 70}
Step:70	{"metric": {"full19test": {"Macro_F1": 0.878894}}, "step": 70}
Step:70	{"metric": {"full19test": {"wa": 0.894852}}, "step": 70}
Step:71	{"metric": {"full19train": {"acc": 0.9766355140186916}}, "step": 71}
Step:71	{"metric": {"full19test": {"acc": 0.8691588785046729}}, "step": 71}
Step:71	{"metric": {"full19test": {"UAR": 0.861306}}, "step": 71}
Step:71	{"metric": {"full19test": {"Macro_F1": 0.861183}}, "step": 71}
Step:71	{"metric": {"full19test": {"wa": 0.873685}}, "step": 71}
Step:72	{"metric": {"full19train": {"acc": 0.9906542056074766}}, "step": 72}
Step:72	{"metric": {"full19test": {"acc": 0.8598130841121495}}, "step": 72}
Step:72	{"metric": {"full19test": {"UAR": 0.85283}}, "step": 72}
Step:72	{"metric": {"full19test": {"Macro_F1": 0.838805}}, "step": 72}
Step:72	{"metric": {"full19test": {"wa": 0.87368}}, "step": 72}
Step:73	{"metric": {"full19train": {"acc": 0.9813084112149533}}, "step": 73}
Step:73	{"metric": {"full19test": {"acc": 0.8130841121495327}}, "step": 73}
Step:73	{"metric": {"full19test": {"UAR": 0.816243}}, "step": 73}
Step:73	{"metric": {"full19test": {"Macro_F1": 0.785385}}, "step": 73}
Step:73	{"metric": {"full19test": {"wa": 0.856828}}, "step": 73}
Step:74	{"metric": {"full19train": {"acc": 0.9836448598130841}}, "step": 74}
Step:74	{"metric": {"full19test": {"acc": 0.8785046728971962}}, "step": 74}
Step:74	{"metric": {"full19test": {"UAR": 0.867223}}, "step": 74}
Step:74	{"metric": {"full19test": {"Macro_F1": 0.851911}}, "step": 74}
Step:74	{"metric": {"full19test": {"wa": 0.893075}}, "step": 74}
Step:75	{"metric": {"full19train": {"acc": 0.9883177570093458}}, "step": 75}
Step:75	{"metric": {"full19test": {"acc": 0.8411214953271028}}, "step": 75}
Step:75	{"metric": {"full19test": {"UAR": 0.826369}}, "step": 75}
Step:75	{"metric": {"full19test": {"Macro_F1": 0.812574}}, "step": 75}
Step:75	{"metric": {"full19test": {"wa": 0.855318}}, "step": 75}
Step:76	{"metric": {"full19train": {"acc": 0.9929906542056075}}, "step": 76}
Step:76	{"metric": {"full19test": {"acc": 0.8878504672897196}}, "step": 76}
Step:76	{"metric": {"full19test": {"UAR": 0.875063}}, "step": 76}
Step:76	{"metric": {"full19test": {"Macro_F1": 0.876315}}, "step": 76}
Step:76	{"metric": {"full19test": {"wa": 0.896995}}, "step": 76}
Step:77	{"metric": {"full19train": {"acc": 0.9953271028037384}}, "step": 77}
Step:77	{"metric": {"full19test": {"acc": 0.8411214953271028}}, "step": 77}
Step:77	{"metric": {"full19test": {"UAR": 0.843777}}, "step": 77}
Step:77	{"metric": {"full19test": {"Macro_F1": 0.822315}}, "step": 77}
Step:77	{"metric": {"full19test": {"wa": 0.862002}}, "step": 77}
Step:78	{"metric": {"full19train": {"acc": 0.9929906542056075}}, "step": 78}
Step:78	{"metric": {"full19test": {"acc": 0.8691588785046729}}, "step": 78}
Step:78	{"metric": {"full19test": {"UAR": 0.862159}}, "step": 78}
Step:78	{"metric": {"full19test": {"Macro_F1": 0.862942}}, "step": 78}
Step:78	{"metric": {"full19test": {"wa": 0.870156}}, "step": 78}
Step:79	{"metric": {"full19train": {"acc": 0.9929906542056075}}, "step": 79}
Step:79	{"metric": {"full19test": {"acc": 0.8878504672897196}}, "step": 79}
Step:79	{"metric": {"full19test": {"UAR": 0.879252}}, "step": 79}
Step:79	{"metric": {"full19test": {"Macro_F1": 0.869616}}, "step": 79}
Step:79	{"metric": {"full19test": {"wa": 0.905753}}, "step": 79}
Step:80	{"metric": {"full19train": {"acc": 0.9906542056074766}}, "step": 80}
Step:80	{"metric": {"full19test": {"acc": 0.8504672897196262}}, "step": 80}
Step:80	{"metric": {"full19test": {"UAR": 0.846094}}, "step": 80}
Step:80	{"metric": {"full19test": {"Macro_F1": 0.83256}}, "step": 80}
Step:80	{"metric": {"full19test": {"wa": 0.860343}}, "step": 80}
Step:81	{"metric": {"full19train": {"acc": 0.9953271028037384}}, "step": 81}
Step:81	{"metric": {"full19test": {"acc": 0.8504672897196262}}, "step": 81}
Step:81	{"metric": {"full19test": {"UAR": 0.839508}}, "step": 81}
Step:81	{"metric": {"full19test": {"Macro_F1": 0.829435}}, "step": 81}
Step:81	{"metric": {"full19test": {"wa": 0.87195}}, "step": 81}
Step:82	{"metric": {"full19train": {"acc": 0.985981308411215}}, "step": 82}
Step:82	{"metric": {"full19test": {"acc": 0.9252336448598131}}, "step": 82}
Step:82	{"metric": {"full19test": {"UAR": 0.919657}}, "step": 82}
Step:82	{"metric": {"full19test": {"Macro_F1": 0.920705}}, "step": 82}
Step:82	{"metric": {"full19test": {"wa": 0.927013}}, "step": 82}
Step:83	{"metric": {"full19train": {"acc": 0.9929906542056075}}, "step": 83}
Step:83	{"metric": {"full19test": {"acc": 0.8878504672897196}}, "step": 83}
Step:83	{"metric": {"full19test": {"UAR": 0.866743}}, "step": 83}
Step:83	{"metric": {"full19test": {"Macro_F1": 0.869561}}, "step": 83}
Step:83	{"metric": {"full19test": {"wa": 0.88791}}, "step": 83}
Step:84	{"metric": {"full19train": {"acc": 0.9953271028037384}}, "step": 84}
Step:84	{"metric": {"full19test": {"acc": 0.8785046728971962}}, "step": 84}
Step:84	{"metric": {"full19test": {"UAR": 0.864483}}, "step": 84}
Step:84	{"metric": {"full19test": {"Macro_F1": 0.862078}}, "step": 84}
Step:84	{"metric": {"full19test": {"wa": 0.888227}}, "step": 84}
Step:85	{"metric": {"full19train": {"acc": 0.9929906542056075}}, "step": 85}
Step:85	{"metric": {"full19test": {"acc": 0.8878504672897196}}, "step": 85}
Step:85	{"metric": {"full19test": {"UAR": 0.866396}}, "step": 85}
Step:85	{"metric": {"full19test": {"Macro_F1": 0.860612}}, "step": 85}
Step:85	{"metric": {"full19test": {"wa": 0.898075}}, "step": 85}
Step:86	{"metric": {"full19train": {"acc": 0.9976635514018691}}, "step": 86}
Step:86	{"metric": {"full19test": {"acc": 0.8598130841121495}}, "step": 86}
Step:86	{"metric": {"full19test": {"UAR": 0.8554}}, "step": 86}
Step:86	{"metric": {"full19test": {"Macro_F1": 0.840622}}, "step": 86}
Step:86	{"metric": {"full19test": {"wa": 0.882027}}, "step": 86}
Step:87	{"metric": {"full19train": {"acc": 0.9906542056074766}}, "step": 87}
Step:87	{"metric": {"full19test": {"acc": 0.8598130841121495}}, "step": 87}
Step:87	{"metric": {"full19test": {"UAR": 0.847506}}, "step": 87}
Step:87	{"metric": {"full19test": {"Macro_F1": 0.840093}}, "step": 87}
Step:87	{"metric": {"full19test": {"wa": 0.860603}}, "step": 87}
Step:88	{"metric": {"full19train": {"acc": 0.9906542056074766}}, "step": 88}
Step:88	{"metric": {"full19test": {"acc": 0.8411214953271028}}, "step": 88}
Step:88	{"metric": {"full19test": {"UAR": 0.832478}}, "step": 88}
Step:88	{"metric": {"full19test": {"Macro_F1": 0.814793}}, "step": 88}
Step:88	{"metric": {"full19test": {"wa": 0.86114}}, "step": 88}
Step:89	{"metric": {"full19train": {"acc": 0.9883177570093458}}, "step": 89}
Step:89	{"metric": {"full19test": {"acc": 0.8411214953271028}}, "step": 89}
Step:89	{"metric": {"full19test": {"UAR": 0.825795}}, "step": 89}
Step:89	{"metric": {"full19test": {"Macro_F1": 0.817569}}, "step": 89}
Step:89	{"metric": {"full19test": {"wa": 0.852452}}, "step": 89}
Step:90	{"metric": {"full19train": {"acc": 0.9953271028037384}}, "step": 90}
Step:90	{"metric": {"full19test": {"acc": 0.8785046728971962}}, "step": 90}
Step:90	{"metric": {"full19test": {"UAR": 0.865822}}, "step": 90}
Step:90	{"metric": {"full19test": {"Macro_F1": 0.867652}}, "step": 90}
Step:90	{"metric": {"full19test": {"wa": 0.883558}}, "step": 90}
Step:91	{"metric": {"full19train": {"acc": 0.9976635514018691}}, "step": 91}
Step:91	{"metric": {"full19test": {"acc": 0.794392523364486}}, "step": 91}
Step:91	{"metric": {"full19test": {"UAR": 0.792029}}, "step": 91}
Step:91	{"metric": {"full19test": {"Macro_F1": 0.781163}}, "step": 91}
Step:91	{"metric": {"full19test": {"wa": 0.814479}}, "step": 91}
Step:92	{"metric": {"full19train": {"acc": 0.9953271028037384}}, "step": 92}
Step:92	{"metric": {"full19test": {"acc": 0.8598130841121495}}, "step": 92}
Step:92	{"metric": {"full19test": {"UAR": 0.847156}}, "step": 92}
Step:92	{"metric": {"full19test": {"Macro_F1": 0.843705}}, "step": 92}
Step:92	{"metric": {"full19test": {"wa": 0.865068}}, "step": 92}
Step:93	{"metric": {"full19train": {"acc": 0.9929906542056075}}, "step": 93}
Step:93	{"metric": {"full19test": {"acc": 0.8504672897196262}}, "step": 93}
Step:93	{"metric": {"full19test": {"UAR": 0.857212}}, "step": 93}
Step:93	{"metric": {"full19test": {"Macro_F1": 0.844252}}, "step": 93}
Step:93	{"metric": {"full19test": {"wa": 0.866777}}, "step": 93}
Step:94	{"metric": {"full19train": {"acc": 0.9906542056074766}}, "step": 94}
Step:94	{"metric": {"full19test": {"acc": 0.8691588785046729}}, "step": 94}
Step:94	{"metric": {"full19test": {"UAR": 0.84826}}, "step": 94}
Step:94	{"metric": {"full19test": {"Macro_F1": 0.849406}}, "step": 94}
Step:94	{"metric": {"full19test": {"wa": 0.868864}}, "step": 94}
Step:95	{"metric": {"full19train": {"acc": 0.9906542056074766}}, "step": 95}
Step:95	{"metric": {"full19test": {"acc": 0.8598130841121495}}, "step": 95}
Step:95	{"metric": {"full19test": {"UAR": 0.85507}}, "step": 95}
Step:95	{"metric": {"full19test": {"Macro_F1": 0.84801}}, "step": 95}
Step:95	{"metric": {"full19test": {"wa": 0.862932}}, "step": 95}
Step:96	{"metric": {"full19train": {"acc": 0.9929906542056075}}, "step": 96}
Step:96	{"metric": {"full19test": {"acc": 0.8878504672897196}}, "step": 96}
Step:96	{"metric": {"full19test": {"UAR": 0.874681}}, "step": 96}
Step:96	{"metric": {"full19test": {"Macro_F1": 0.869901}}, "step": 96}
Step:96	{"metric": {"full19test": {"wa": 0.894438}}, "step": 96}
Step:97	{"metric": {"full19train": {"acc": 0.9929906542056075}}, "step": 97}
Step:97	{"metric": {"full19test": {"acc": 0.8598130841121495}}, "step": 97}
Step:97	{"metric": {"full19test": {"UAR": 0.861871}}, "step": 97}
Step:97	{"metric": {"full19test": {"Macro_F1": 0.857061}}, "step": 97}
Step:97	{"metric": {"full19test": {"wa": 0.873725}}, "step": 97}
Step:98	{"metric": {"full19train": {"acc": 0.9976635514018691}}, "step": 98}
Step:98	{"metric": {"full19test": {"acc": 0.8504672897196262}}, "step": 98}
Step:98	{"metric": {"full19test": {"UAR": 0.852666}}, "step": 98}
Step:98	{"metric": {"full19test": {"Macro_F1": 0.845142}}, "step": 98}
Step:98	{"metric": {"full19test": {"wa": 0.851758}}, "step": 98}
Step:99	{"metric": {"full19train": {"acc": 0.9976635514018691}}, "step": 99}
Step:99	{"metric": {"full19test": {"acc": 0.8878504672897196}}, "step": 99}
Step:99	{"metric": {"full19test": {"UAR": 0.871684}}, "step": 99}
Step:99	{"metric": {"full19test": {"Macro_F1": 0.868426}}, "step": 99}
Step:99	{"metric": {"full19test": {"wa": 0.891617}}, "step": 99}
Step:100	{"metric": {"full19train": {"acc": 1.0}}, "step": 100}
Step:100	{"metric": {"full19test": {"acc": 0.8878504672897196}}, "step": 100}
Step:100	{"metric": {"full19test": {"UAR": 0.873872}}, "step": 100}
Step:100	{"metric": {"full19test": {"Macro_F1": 0.876743}}, "step": 100}
Step:100	{"metric": {"full19test": {"wa": 0.889926}}, "step": 100}
