{"metric": {"full191": 0.2653061224489796}}
{"metric": {"full191UAR": 0.144558}}
{"metric": {"full191f1": 0.119615}}
{"metric": {"full191wa": 0.695627}}
{"metric": {"full191UAR": 0.180451}}
{"metric": {"full191": 0.2857142857142857}}
{"metric": {"full191wa": 0.842566}}
{"metric": {"full191": 0.30612244897959184}}
{"metric": {"full191": 0.32653061224489793}}
{"metric": {"full191UAR": 0.294218}}
{"metric": {"full191f1": 0.153628}}
{"metric": {"full191": 0.32653061224489793}}
{"metric": {"full191f1": 0.161616}}
{"metric": {"full191wa": 0.858163}}
{"metric": {"full191wa": 0.938776}}
{"metric": {"full191": 0.32653061224489793}}
{"metric": {"full191wa": 0.959184}}
{"metric": {"full191": 0.3469387755102041}}
{"metric": {"full191f1": 0.163492}}
{"metric": {"full191": 0.3673469387755102}}
{"metric": {"full191UAR": 0.382114}}
{"metric": {"full191f1": 0.205628}}
{"metric": {"zhong": 0.16326530612244897}}
{"metric": {"zhongUAR": 0.083333}}
{"metric": {"zhongf1": 0.108354}}
{"metric": {"zhongwa": 0.383846}}
{"metric": {"zhongwa": 0.392128}}
{"metric": {"zhong": 0.22448979591836735}}
{"metric": {"zhongUAR": 0.106888}}
{"metric": {"zhongf1": 0.131519}}
{"metric": {"zhongwa": 0.442857}}
{"metric": {"zhong": 0.22448979591836735}}
{"metric": {"zhongwa": 0.483236}}
{"metric": {"zhong": 0.22448979591836735}}
{"metric": {"zhong": 0.22448979591836735}}
{"metric": {"zhongwa": 0.484257}}
{"metric": {"zhong": 0.22448979591836735}}
{"metric": {"zhong": 0.24489795918367346}}
{"metric": {"zhongwa": 0.53688}}
{"metric": {"zhong": 0.24489795918367346}}
{"metric": {"zhong": 0.24489795918367346}}
{"metric": {"zhongwa": 0.548397}}
{"metric": {"zhong": 0.24489795918367346}}
{"metric": {"zhong": 0.24489795918367346}}
{"metric": {"zhong": 0.24489795918367346}}
{"metric": {"zhong": 0.24489795918367346}}
{"metric": {"zhong": 0.24489795918367346}}
{"metric": {"zhong": 0.24489795918367346}}
{"metric": {"zhong": 0.24489795918367346}}
{"metric": {"zhongwa": 0.551458}}
{"metric": {"zhong": 0.2653061224489796}}
{"metric": {"zhongwa": 0.610496}}
{"metric": {"zhong": 0.2653061224489796}}
{"metric": {"zhong": 0.2653061224489796}}
{"metric": {"zhong": 0.2857142857142857}}
{"metric": {"zhongUAR": 0.117216}}
{"metric": {"zhongf1": 0.139432}}
{"metric": {"zhongwa": 0.650583}}
{"metric": {"zhong": 0.2857142857142857}}
{"metric": {"zhong": 0.2857142857142857}}
{"metric": {"zhong": 0.30612244897959184}}
{"metric": {"zhongUAR": 0.121849}}
{"metric": {"zhongf1": 0.145858}}
{"metric": {"zhongwa": 0.708017}}
{"metric": {"zhong": 0.30612244897959184}}
{"metric": {"zhong": 0.30612244897959184}}
{"metric": {"zhong": 0.30612244897959184}}
{"metric": {"zhong": 0.30612244897959184}}
{"metric": {"zhong": 0.30612244897959184}}
{"metric": {"zhongwa": 0.714286}}
{"metric": {"zhong": 0.30612244897959184}}
{"metric": {"zhong": 0.30612244897959184}}
{"metric": {"zhong": 0.30612244897959184}}
{"metric": {"zhong": 0.30612244897959184}}
{"metric": {"zhong": 0.30612244897959184}}
{"metric": {"zhong": 0.30612244897959184}}
{"metric": {"zhong": 0.30612244897959184}}
{"metric": {"zhong": 0.30612244897959184}}
{"metric": {"zhong": 0.30612244897959184}}
{"metric": {"zhong": 0.30612244897959184}}
{"metric": {"zhong": 0.30612244897959184}}
{"metric": {"zhong": 0.30612244897959184}}
{"metric": {"zhong": 0.30612244897959184}}
{"metric": {"zhong": 0.30612244897959184}}
{"metric": {"zhong": 0.30612244897959184}}
{"metric": {"zhong": 0.30612244897959184}}
{"metric": {"zhong": 0.30612244897959184}}
{"metric": {"zhong": 0.30612244897959184}}
{"metric": {"zhong": 0.30612244897959184}}
{"metric": {"zhong": 0.30612244897959184}}
{"metric": {"zhong": 0.30612244897959184}}
{"metric": {"zhong": 0.30612244897959184}}
{"metric": {"zhong": 0.30612244897959184}}
{"metric": {"zhong": 0.30612244897959184}}
{"metric": {"zhong": 0.30612244897959184}}
{"metric": {"zhong": 0.30612244897959184}}
{"metric": {"zhong": 0.30612244897959184}}
{"metric": {"zhong": 0.30612244897959184}}
{"metric": {"zhong": 0.30612244897959184}}
{"metric": {"zhong": 0.30612244897959184}}
{"metric": {"zhong": 0.30612244897959184}}
{"metric": {"zhong": 0.30612244897959184}}
{"metric": {"zhong": 0.30612244897959184}}
{"metric": {"zhong": 0.32653061224489793}}
{"metric": {"zhongf1": 0.147222}}
{"metric": {"zhongwa": 0.751458}}
{"metric": {"zhong": 0.32653061224489793}}
{"metric": {"zhong": 0.32653061224489793}}
{"metric": {"zhong": 0.32653061224489793}}
{"metric": {"zhong": 0.32653061224489793}}
{"metric": {"zhong": 0.32653061224489793}}
{"metric": {"zhong": 0.32653061224489793}}
{"metric": {"zhong": 0.32653061224489793}}
{"metric": {"zhong": 0.32653061224489793}}
{"metric": {"zhong": 0.32653061224489793}}
{"metric": {"zhong": 0.32653061224489793}}
{"metric": {"zhong": 0.32653061224489793}}
{"metric": {"zhong": 0.32653061224489793}}
{"metric": {"zhong": 0.32653061224489793}}
{"metric": {"zhong": 0.32653061224489793}}
{"metric": {"zhong": 0.32653061224489793}}
{"metric": {"zhong": 0.32653061224489793}}
{"metric": {"zhong": 0.32653061224489793}}
{"metric": {"zhong": 0.32653061224489793}}
{"metric": {"zhong": 0.32653061224489793}}
{"metric": {"full191": 0.061224489795918366}}
{"metric": {"full191UAR": 0.00974}}
{"metric": {"full191f1": 0.017857}}
{"metric": {"full191wa": 0.673469}}
{"metric": {"full191": 0.08163265306122448}}
{"metric": {"full191UAR": 0.012422}}
{"metric": {"full191f1": 0.022857}}
{"metric": {"full191wa": 0.938776}}
{"metric": {"full191": 0.08163265306122448}}
{"metric": {"full191UAR": 0.038776}}
{"metric": {"full191f1": 0.066253}}
{"metric": {"full191": 0.12244897959183673}}
{"metric": {"full191UAR": 0.156794}}
{"metric": {"full191wa": 0.959184}}
{"metric": {"full191": 0.12244897959183673}}
{"metric": {"full191f1": 0.066667}}
{"metric": {"full191": 0.12244897959183673}}
{"metric": {"full191": 0.14285714285714285}}
{"metric": {"full191UAR": 0.283912}}
{"metric": {"full191f1": 0.118574}}
{"metric": {"full191": 0.14285714285714285}}
{"metric": {"full191": 0.14285714285714285}}
{"metric": {"full191": 0.14285714285714285}}
{"metric": {"full191": 0.14285714285714285}}
{"metric": {"full191UAR": 0.296992}}
{"metric": {"full191f1": 0.121088}}
{"metric": {"full191": 0.14285714285714285}}
{"metric": {"full191": 0.14285714285714285}}
{"metric": {"full191": 0.16326530612244897}}
{"metric": {"full191f1": 0.121545}}
{"metric": {"full191": 0.16326530612244897}}
{"metric": {"full191f1": 0.134667}}
{"metric": {"full191": 0.16326530612244897}}
{"metric": {"full191": 0.16326530612244897}}
{"metric": {"full191": 0.1836734693877551}}
{"metric": {"full191f1": 0.153424}}
{"metric": {"full191": 0.2653061224489796}}
{"metric": {"full191f1": 0.207217}}
{"metric": {"zhong": 0.24489795918367346}}
{"metric": {"zhongUAR": 0.147959}}
{"metric": {"zhongf1": 0.116029}}
{"metric": {"zhongwa": 0.527697}}
{"metric": {"zhong": 0.2857142857142857}}
{"metric": {"zhongUAR": 0.160272}}
{"metric": {"zhongf1": 0.174516}}
{"metric": {"zhongUAR": 0.169048}}
{"metric": {"zhongwa": 0.576385}}
{"metric": {"zhongUAR": 0.19246}}
{"metric": {"zhong": 0.2857142857142857}}
{"metric": {"zhongUAR": 0.265508}}
{"metric": {"zhongf1": 0.18389}}
{"metric": {"zhong": 0.2857142857142857}}
{"metric": {"zhongUAR": 0.268707}}
{"metric": {"zhong": 0.2857142857142857}}
{"metric": {"zhongUAR": 0.272351}}
{"metric": {"zhongf1": 0.184883}}
{"metric": {"zhong": 0.2857142857142857}}
{"metric": {"zhongUAR": 0.276411}}
{"metric": {"zhongUAR": 0.284461}}
{"metric": {"zhong": 0.2857142857142857}}
{"metric": {"zhongf1": 0.186964}}
{"metric": {"zhong": 0.2857142857142857}}
{"metric": {"zhong": 0.2857142857142857}}
{"metric": {"zhongwa": 0.58309}}
{"metric": {"zhongwa": 0.59242}}
{"metric": {"zhongwa": 0.608746}}
{"metric": {"zhongwa": 0.609913}}
{"metric": {"zhongUAR": 0.311508}}
{"metric": {"zhongwa": 0.614286}}
{"metric": {"zhong": 0.2857142857142857}}
{"metric": {"zhongf1": 0.194888}}
{"metric": {"zhongwa": 0.61895}}
{"metric": {"zhongwa": 0.74344}}
