Step:1	{"loss": {"full191train_loss": 0.04925557814146343}, "step": 1}
Step:1	{"loss": {"full191test_loss": 0.03860447358111946}, "step": 1}
Step:2	{"loss": {"full191train_loss": 0.04807595202797338}, "step": 2}
Step:2	{"loss": {"full191test_loss": 0.039001980606390506}, "step": 2}
Step:3	{"loss": {"full191train_loss": 0.04981912750946848}, "step": 3}
Step:3	{"loss": {"full191test_loss": 0.039074892900427996}, "step": 3}
Step:4	{"loss": {"full191train_loss": 0.050748972516310845}, "step": 4}
Step:4	{"loss": {"full191test_loss": 0.039041438881231814}, "step": 4}
Step:5	{"loss": {"full191train_loss": 0.04906471152054636}, "step": 5}
Step:5	{"loss": {"full191test_loss": 0.03791570420167884}, "step": 5}
Step:6	{"loss": {"full191train_loss": 0.04817014932632446}, "step": 6}
Step:6	{"loss": {"full191test_loss": 0.03905490223242312}, "step": 6}
Step:7	{"loss": {"full191train_loss": 0.049723650279798005}, "step": 7}
Step:7	{"loss": {"full191test_loss": 0.038915101362734426}, "step": 7}
Step:8	{"loss": {"full191train_loss": 0.0493649024712412}, "step": 8}
Step:8	{"loss": {"full191test_loss": 0.04026257748506507}, "step": 8}
Step:9	{"loss": {"full191train_loss": 0.049863990984464944}, "step": 9}
Step:9	{"loss": {"full191test_loss": 0.03943212908141467}, "step": 9}
Step:10	{"loss": {"full191train_loss": 0.04993179911061337}, "step": 10}
Step:10	{"loss": {"full191test_loss": 0.0389428795600424}, "step": 10}
Step:11	{"loss": {"full191train_loss": 0.0496894685845626}, "step": 11}
Step:11	{"loss": {"full191test_loss": 0.03880600053436902}, "step": 11}
Step:12	{"loss": {"full191train_loss": 0.04922245364440115}, "step": 12}
Step:12	{"loss": {"full191test_loss": 0.039783241797466666}, "step": 12}
Step:13	{"loss": {"full191train_loss": 0.050533991110952275}, "step": 13}
Step:13	{"loss": {"full191test_loss": 0.04010082750904317}, "step": 13}
Step:14	{"loss": {"full191train_loss": 0.04761404740182977}, "step": 14}
Step:14	{"loss": {"full191test_loss": 0.037656577265992454}, "step": 14}
Step:15	{"loss": {"full191train_loss": 0.04930266267374942}, "step": 15}
Step:15	{"loss": {"full191test_loss": 0.03830789789861562}, "step": 15}
Step:16	{"loss": {"full191train_loss": 0.047940536549216824}, "step": 16}
Step:16	{"loss": {"full191test_loss": 0.040678160531180244}, "step": 16}
Step:17	{"loss": {"full191train_loss": 0.048815015115235984}, "step": 17}
Step:17	{"loss": {"full191test_loss": 0.03870721009312844}, "step": 17}
Step:18	{"loss": {"full191train_loss": 0.048381378776148745}, "step": 18}
Step:18	{"loss": {"full191test_loss": 0.03961043455162827}, "step": 18}
Step:19	{"loss": {"full191train_loss": 0.048441946506500244}, "step": 19}
Step:19	{"loss": {"full191test_loss": 0.04002769625916773}, "step": 19}
Step:20	{"loss": {"full191train_loss": 0.04803781132949026}, "step": 20}
Step:20	{"loss": {"full191test_loss": 0.038576259904978226}, "step": 20}
Step:21	{"loss": {"full191train_loss": 0.04852262296174702}, "step": 21}
Step:21	{"loss": {"full191test_loss": 0.0396259779832801}, "step": 21}
Step:22	{"loss": {"full191train_loss": 0.048297850709212456}, "step": 22}
Step:22	{"loss": {"full191test_loss": 0.03894832912756472}, "step": 22}
Step:23	{"loss": {"full191train_loss": 0.04765420838406211}, "step": 23}
Step:23	{"loss": {"full191test_loss": 0.03901766757575833}, "step": 23}
Step:24	{"loss": {"full191train_loss": 0.0473949344534623}, "step": 24}
Step:24	{"loss": {"full191test_loss": 0.038453819800396354}, "step": 24}
Step:25	{"loss": {"full191train_loss": 0.04737896668283563}, "step": 25}
Step:25	{"loss": {"full191test_loss": 0.0383889018272867}, "step": 25}
Step:26	{"loss": {"full191train_loss": 0.046877371637444744}, "step": 26}
Step:26	{"loss": {"full191test_loss": 0.04016440012017075}, "step": 26}
Step:27	{"loss": {"full191train_loss": 0.04688043029684769}, "step": 27}
Step:27	{"loss": {"full191test_loss": 0.03896246637616839}, "step": 27}
Step:28	{"loss": {"full191train_loss": 0.047140930828295256}, "step": 28}
Step:28	{"loss": {"full191test_loss": 0.03777797854676539}, "step": 28}
Step:29	{"loss": {"full191train_loss": 0.04875618533084267}, "step": 29}
Step:29	{"loss": {"full191test_loss": 0.03997600565151292}, "step": 29}
Step:30	{"loss": {"full191train_loss": 0.04987568604318719}, "step": 30}
Step:30	{"loss": {"full191test_loss": 0.038563353674752374}, "step": 30}
Step:31	{"loss": {"full191train_loss": 0.04734529633271067}, "step": 31}
Step:31	{"loss": {"full191test_loss": 0.03829576287950788}, "step": 31}
Step:32	{"loss": {"full191train_loss": 0.04754007176349038}, "step": 32}
Step:32	{"loss": {"full191test_loss": 0.03998260108792052}, "step": 32}
Step:33	{"loss": {"full191train_loss": 0.047246029502467105}, "step": 33}
Step:33	{"loss": {"full191test_loss": 0.040031924539682816}, "step": 33}
Step:34	{"loss": {"full191train_loss": 0.048413643711491636}, "step": 34}
Step:34	{"loss": {"full191test_loss": 0.03957968098776681}, "step": 34}
Step:35	{"loss": {"full191train_loss": 0.04670539968892148}, "step": 35}
Step:35	{"loss": {"full191test_loss": 0.03905319194404446}, "step": 35}
Step:36	{"loss": {"full191train_loss": 0.04645689851359317}, "step": 36}
Step:36	{"loss": {"full191test_loss": 0.03774689898198964}, "step": 36}
Step:37	{"loss": {"full191train_loss": 0.04865897956647371}, "step": 37}
Step:37	{"loss": {"full191test_loss": 0.03827012315088389}, "step": 37}
Step:38	{"loss": {"full191train_loss": 0.04862812318299946}, "step": 38}
Step:38	{"loss": {"full191test_loss": 0.03718125820159912}, "step": 38}
Step:39	{"loss": {"full191train_loss": 0.047300206987481365}, "step": 39}
Step:39	{"loss": {"full191test_loss": 0.03833933022557473}, "step": 39}
Step:40	{"loss": {"full191train_loss": 0.04918824371538664}, "step": 40}
Step:40	{"loss": {"full191test_loss": 0.038768970236486316}, "step": 40}
Step:41	{"loss": {"full191train_loss": 0.047330693194740696}, "step": 41}
Step:41	{"loss": {"full191test_loss": 0.03783175653340865}, "step": 41}
Step:42	{"loss": {"full191train_loss": 0.047001277145586516}, "step": 42}
Step:42	{"loss": {"full191test_loss": 0.038273083920381507}, "step": 42}
Step:43	{"loss": {"full191train_loss": 0.04769669708452726}, "step": 43}
Step:43	{"loss": {"full191test_loss": 0.038123948233468194}, "step": 43}
Step:44	{"loss": {"full191train_loss": 0.046960655011628806}, "step": 44}
Step:44	{"loss": {"full191test_loss": 0.03837026138694919}, "step": 44}
Step:45	{"loss": {"full191train_loss": 0.047025018616726526}, "step": 45}
Step:45	{"loss": {"full191test_loss": 0.038232248656603754}, "step": 45}
Step:46	{"loss": {"full191train_loss": 0.04943592924820749}, "step": 46}
Step:46	{"loss": {"full191test_loss": 0.039359318966768225}, "step": 46}
Step:47	{"loss": {"full191train_loss": 0.04728169190256219}, "step": 47}
Step:47	{"loss": {"full191test_loss": 0.039617560347732235}, "step": 47}
Step:48	{"loss": {"full191train_loss": 0.047196538824784126}, "step": 48}
Step:48	{"loss": {"full191test_loss": 0.03894414220537458}, "step": 48}
Step:49	{"loss": {"full191train_loss": 0.04660597286726299}, "step": 49}
Step:49	{"loss": {"full191test_loss": 0.03895053328300009}, "step": 49}
Step:50	{"loss": {"full191train_loss": 0.047686787028061714}, "step": 50}
Step:50	{"loss": {"full191test_loss": 0.03861322938179483}, "step": 50}
Step:51	{"loss": {"full191train_loss": 0.0465326748396221}, "step": 51}
Step:51	{"loss": {"full191test_loss": 0.03821624055200694}, "step": 51}
Step:52	{"loss": {"full191train_loss": 0.04520152117076673}, "step": 52}
Step:52	{"loss": {"full191test_loss": 0.03861764255835085}, "step": 52}
Step:53	{"loss": {"full191train_loss": 0.046939379290530554}, "step": 53}
Step:53	{"loss": {"full191test_loss": 0.03964891482372673}, "step": 53}
Step:54	{"loss": {"full191train_loss": 0.04691947761334871}, "step": 54}
Step:54	{"loss": {"full191test_loss": 0.0382234660946593}, "step": 54}
Step:55	{"loss": {"full191train_loss": 0.04755908878226029}, "step": 55}
Step:55	{"loss": {"full191test_loss": 0.0392232135850556}, "step": 55}
Step:56	{"loss": {"full191train_loss": 0.047653151185888996}, "step": 56}
Step:56	{"loss": {"full191test_loss": 0.038978547466044525}, "step": 56}
Step:57	{"loss": {"full191train_loss": 0.046934937175951506}, "step": 57}
Step:57	{"loss": {"full191test_loss": 0.040054849215916226}, "step": 57}
Step:58	{"loss": {"full191train_loss": 0.04663641201822381}, "step": 58}
Step:58	{"loss": {"full191test_loss": 0.03870919285988321}, "step": 58}
Step:59	{"loss": {"full191train_loss": 0.04719223160492746}, "step": 59}
Step:59	{"loss": {"full191test_loss": 0.03785842778731366}, "step": 59}
Step:60	{"loss": {"full191train_loss": 0.04786872863769531}, "step": 60}
Step:60	{"loss": {"full191test_loss": 0.03844510779088857}, "step": 60}
Step:61	{"loss": {"full191train_loss": 0.046750194148013464}, "step": 61}
Step:61	{"loss": {"full191test_loss": 0.038221699850899835}, "step": 61}
Step:62	{"loss": {"full191train_loss": 0.046419344450298106}, "step": 62}
Step:62	{"loss": {"full191test_loss": 0.03929221386812171}, "step": 62}
Step:63	{"loss": {"full191train_loss": 0.0479440406749123}, "step": 63}
Step:63	{"loss": {"full191test_loss": 0.037837045533316474}, "step": 63}
Step:64	{"loss": {"full191train_loss": 0.047066845391926015}, "step": 64}
Step:64	{"loss": {"full191test_loss": 0.039550773951472065}, "step": 64}
Step:65	{"loss": {"full191train_loss": 0.047033109162983144}, "step": 65}
Step:65	{"loss": {"full191test_loss": 0.03955778053828648}, "step": 65}
Step:66	{"loss": {"full191train_loss": 0.04633119545484844}, "step": 66}
Step:66	{"loss": {"full191test_loss": 0.037817237328509896}, "step": 66}
Step:67	{"loss": {"full191train_loss": 0.04633936129118267}, "step": 67}
Step:67	{"loss": {"full191test_loss": 0.0385890007019043}, "step": 67}
Step:68	{"loss": {"full191train_loss": 0.04669265684328581}, "step": 68}
Step:68	{"loss": {"full191test_loss": 0.03956964551186075}, "step": 68}
Step:69	{"loss": {"full191train_loss": 0.04635813361720035}, "step": 69}
Step:69	{"loss": {"full191test_loss": 0.03909824818980937}, "step": 69}
Step:70	{"loss": {"full191train_loss": 0.04435613280848453}, "step": 70}
Step:70	{"loss": {"full191test_loss": 0.03825375255273313}, "step": 70}
Step:71	{"loss": {"full191train_loss": 0.04715151849545931}, "step": 71}
Step:71	{"loss": {"full191test_loss": 0.03862445208491111}, "step": 71}
Step:72	{"loss": {"full191train_loss": 0.044951874958841426}, "step": 72}
Step:72	{"loss": {"full191test_loss": 0.038075617381504605}, "step": 72}
Step:73	{"loss": {"full191train_loss": 0.045356966947254385}, "step": 73}
Step:73	{"loss": {"full191test_loss": 0.039552428284469913}, "step": 73}
Step:74	{"loss": {"full191train_loss": 0.04641347496133102}, "step": 74}
Step:74	{"loss": {"full191test_loss": 0.038931034049209286}, "step": 74}
Step:75	{"loss": {"full191train_loss": 0.045567092142607034}, "step": 75}
Step:75	{"loss": {"full191test_loss": 0.03750902049395503}, "step": 75}
Step:76	{"loss": {"full191train_loss": 0.045540611994893926}, "step": 76}
Step:76	{"loss": {"full191test_loss": 0.03876637439338528}, "step": 76}
Step:77	{"loss": {"full191train_loss": 0.04565281617014032}, "step": 77}
Step:77	{"loss": {"full191test_loss": 0.037766230349638025}, "step": 77}
Step:78	{"loss": {"full191train_loss": 0.04658217806565134}, "step": 78}
Step:78	{"loss": {"full191test_loss": 0.0388355693038629}, "step": 78}
Step:79	{"loss": {"full191train_loss": 0.04467582702636719}, "step": 79}
Step:79	{"loss": {"full191test_loss": 0.03893160333438796}, "step": 79}
Step:80	{"loss": {"full191train_loss": 0.04686406725331357}, "step": 80}
Step:80	{"loss": {"full191test_loss": 0.03819273929206692}, "step": 80}
Step:81	{"loss": {"full191train_loss": 0.048385789519862124}, "step": 81}
Step:81	{"loss": {"full191test_loss": 0.03780274001919493}, "step": 81}
Step:82	{"loss": {"full191train_loss": 0.04520845726916665}, "step": 82}
Step:82	{"loss": {"full191test_loss": 0.03960682178030209}, "step": 82}
Step:83	{"loss": {"full191train_loss": 0.04664740750664159}, "step": 83}
Step:83	{"loss": {"full191test_loss": 0.03713195421257798}, "step": 83}
Step:84	{"loss": {"full191train_loss": 0.04516906487314325}, "step": 84}
Step:84	{"loss": {"full191test_loss": 0.03819098764536332}, "step": 84}
Step:85	{"loss": {"full191train_loss": 0.04714161157608032}, "step": 85}
Step:85	{"loss": {"full191test_loss": 0.038472251016266494}, "step": 85}
Step:86	{"loss": {"full191train_loss": 0.04673960334376285}, "step": 86}
Step:86	{"loss": {"full191test_loss": 0.03823430440863784}, "step": 86}
Step:87	{"loss": {"full191train_loss": 0.04535744692149915}, "step": 87}
Step:87	{"loss": {"full191test_loss": 0.03793679938024404}, "step": 87}
Step:88	{"loss": {"full191train_loss": 0.045611908561304995}, "step": 88}
Step:88	{"loss": {"full191test_loss": 0.03781375349784384}, "step": 88}
Step:89	{"loss": {"full191train_loss": 0.044860312813206724}, "step": 89}
Step:89	{"loss": {"full191test_loss": 0.03814159850684964}, "step": 89}
Step:90	{"loss": {"full191train_loss": 0.045159951636665745}, "step": 90}
Step:90	{"loss": {"full191test_loss": 0.03849732145971181}, "step": 90}
Step:91	{"loss": {"full191train_loss": 0.04553179991872687}, "step": 91}
Step:91	{"loss": {"full191test_loss": 0.03834875262513453}, "step": 91}
Step:92	{"loss": {"full191train_loss": 0.04442810384850753}, "step": 92}
Step:92	{"loss": {"full191test_loss": 0.037169862766655126}, "step": 92}
Step:93	{"loss": {"full191train_loss": 0.04532441967412045}, "step": 93}
Step:93	{"loss": {"full191test_loss": 0.03973601545606341}, "step": 93}
Step:94	{"loss": {"full191train_loss": 0.04509224703437403}, "step": 94}
Step:94	{"loss": {"full191test_loss": 0.03893206314164765}, "step": 94}
Step:95	{"loss": {"full191train_loss": 0.04579835189016242}, "step": 95}
Step:95	{"loss": {"full191test_loss": 0.03809813334017384}, "step": 95}
Step:96	{"loss": {"full191train_loss": 0.047516308332744395}, "step": 96}
Step:96	{"loss": {"full191test_loss": 0.038195264582731286}, "step": 96}
Step:97	{"loss": {"full191train_loss": 0.045979364922172146}, "step": 97}
Step:97	{"loss": {"full191test_loss": 0.03831915952721421}, "step": 97}
Step:98	{"loss": {"full191train_loss": 0.04543753987864444}, "step": 98}
Step:98	{"loss": {"full191test_loss": 0.038205246536099184}, "step": 98}
Step:99	{"loss": {"full191train_loss": 0.044856212641063486}, "step": 99}
Step:99	{"loss": {"full191test_loss": 0.03827159745352609}, "step": 99}
Step:100	{"loss": {"full191train_loss": 0.045541662918893916}, "step": 100}
Step:100	{"loss": {"full191test_loss": 0.03776575107963718}, "step": 100}
Step:1	{"loss": {"zhongtrain_loss": 0.054477302651656304}, "step": 1}
Step:1	{"loss": {"zhongtest_loss": 0.040414919658583036}, "step": 1}
Step:2	{"loss": {"zhongtrain_loss": 0.05098886552609896}, "step": 2}
Step:2	{"loss": {"zhongtest_loss": 0.04015598735030817}, "step": 2}
Step:3	{"loss": {"zhongtrain_loss": 0.048040775876296196}, "step": 3}
Step:3	{"loss": {"zhongtest_loss": 0.040169988359723775}, "step": 3}
Step:4	{"loss": {"zhongtrain_loss": 0.045604326223072256}, "step": 4}
Step:4	{"loss": {"zhongtest_loss": 0.04037468044125304}, "step": 4}
Step:5	{"loss": {"zhongtrain_loss": 0.04359076525035657}, "step": 5}
Step:5	{"loss": {"zhongtest_loss": 0.04068328653063093}, "step": 5}
Step:6	{"loss": {"zhongtrain_loss": 0.04192108543295609}, "step": 6}
Step:6	{"loss": {"zhongtest_loss": 0.04103803634643555}, "step": 6}
Step:7	{"loss": {"zhongtrain_loss": 0.04050363678681223}, "step": 7}
Step:7	{"loss": {"zhongtest_loss": 0.04136689828366649}, "step": 7}
Step:8	{"loss": {"zhongtrain_loss": 0.0392526952843917}, "step": 8}
Step:8	{"loss": {"zhongtest_loss": 0.0416302389028121}, "step": 8}
Step:9	{"loss": {"zhongtrain_loss": 0.03809539581599988}, "step": 9}
Step:9	{"loss": {"zhongtest_loss": 0.04179462608025999}, "step": 9}
Step:10	{"loss": {"zhongtrain_loss": 0.03698036545201352}, "step": 10}
Step:10	{"loss": {"zhongtest_loss": 0.041845258401364695}, "step": 10}
Step:11	{"loss": {"zhongtrain_loss": 0.03584738154160349}, "step": 11}
Step:11	{"loss": {"zhongtest_loss": 0.04177888558835399}, "step": 11}
Step:12	{"loss": {"zhongtrain_loss": 0.03469267958088925}, "step": 12}
Step:12	{"loss": {"zhongtest_loss": 0.041602918079921176}, "step": 12}
Step:13	{"loss": {"zhongtrain_loss": 0.033510289694133555}, "step": 13}
Step:13	{"loss": {"zhongtest_loss": 0.04134723604941855}, "step": 13}
Step:14	{"loss": {"zhongtrain_loss": 0.03231401819931833}, "step": 14}
Step:14	{"loss": {"zhongtest_loss": 0.04102412048651247}, "step": 14}
Step:15	{"loss": {"zhongtrain_loss": 0.031124212239917955}, "step": 15}
Step:15	{"loss": {"zhongtest_loss": 0.040677712888133766}, "step": 15}
Step:16	{"loss": {"zhongtrain_loss": 0.029963844700863485}, "step": 16}
Step:16	{"loss": {"zhongtest_loss": 0.04031370853891178}, "step": 16}
Step:17	{"loss": {"zhongtrain_loss": 0.028845024736304032}, "step": 17}
Step:17	{"loss": {"zhongtest_loss": 0.0399655955178397}, "step": 17}
Step:18	{"loss": {"zhongtrain_loss": 0.027776087585248445}, "step": 18}
Step:18	{"loss": {"zhongtest_loss": 0.039628620050391375}, "step": 18}
Step:19	{"loss": {"zhongtrain_loss": 0.026754238103565416}, "step": 19}
Step:19	{"loss": {"zhongtest_loss": 0.03931780007420754}, "step": 19}
Step:20	{"loss": {"zhongtrain_loss": 0.02577606000398335}, "step": 20}
Step:20	{"loss": {"zhongtest_loss": 0.03903732494432099}, "step": 20}
Step:21	{"loss": {"zhongtrain_loss": 0.02483540616537395}, "step": 21}
Step:21	{"loss": {"zhongtest_loss": 0.03882567736567283}, "step": 21}
Step:22	{"loss": {"zhongtrain_loss": 0.024052138391293977}, "step": 22}
Step:22	{"loss": {"zhongtest_loss": 0.03863975953082649}, "step": 22}
Step:23	{"loss": {"zhongtrain_loss": 0.023284209401983964}, "step": 23}
Step:23	{"loss": {"zhongtest_loss": 0.03847379830418801}, "step": 23}
Step:24	{"loss": {"zhongtrain_loss": 0.022529821646840947}, "step": 24}
Step:24	{"loss": {"zhongtest_loss": 0.038339534584356814}, "step": 24}
Step:25	{"loss": {"zhongtrain_loss": 0.02179241650982907}, "step": 25}
Step:25	{"loss": {"zhongtest_loss": 0.03823019047172702}, "step": 25}
Step:26	{"loss": {"zhongtrain_loss": 0.02106128868303801}, "step": 26}
Step:26	{"loss": {"zhongtest_loss": 0.03815037863595145}, "step": 26}
Step:27	{"loss": {"zhongtrain_loss": 0.020347844613225835}, "step": 27}
Step:27	{"loss": {"zhongtest_loss": 0.038102147530536264}, "step": 27}
Step:28	{"loss": {"zhongtrain_loss": 0.01965103494493585}, "step": 28}
Step:28	{"loss": {"zhongtest_loss": 0.038077724223234216}, "step": 28}
Step:29	{"loss": {"zhongtrain_loss": 0.018972785849320262}, "step": 29}
Step:29	{"loss": {"zhongtest_loss": 0.03807812077658517}, "step": 29}
Step:30	{"loss": {"zhongtrain_loss": 0.01831933385447452}, "step": 30}
Step:30	{"loss": {"zhongtest_loss": 0.038100612406827966}, "step": 30}
Step:31	{"loss": {"zhongtrain_loss": 0.017681827670649478}, "step": 31}
Step:31	{"loss": {"zhongtest_loss": 0.03813552369876784}, "step": 31}
Step:32	{"loss": {"zhongtrain_loss": 0.017069145252830105}, "step": 32}
Step:32	{"loss": {"zhongtest_loss": 0.038175651005336216}, "step": 32}
Step:33	{"loss": {"zhongtrain_loss": 0.016475669647517958}, "step": 33}
Step:33	{"loss": {"zhongtest_loss": 0.03822199909054503}, "step": 33}
Step:34	{"loss": {"zhongtrain_loss": 0.015908305582247283}, "step": 34}
Step:34	{"loss": {"zhongtest_loss": 0.03826905513296322}, "step": 34}
Step:35	{"loss": {"zhongtrain_loss": 0.015360319300701744}, "step": 35}
Step:35	{"loss": {"zhongtest_loss": 0.038307856540290675}, "step": 35}
Step:36	{"loss": {"zhongtrain_loss": 0.014832237833424619}, "step": 36}
Step:36	{"loss": {"zhongtest_loss": 0.03833489272059226}, "step": 36}
Step:37	{"loss": {"zhongtrain_loss": 0.014323606302863673}, "step": 37}
Step:37	{"loss": {"zhongtest_loss": 0.038349387597064584}, "step": 37}
Step:38	{"loss": {"zhongtrain_loss": 0.013833954146033839}, "step": 38}
Step:38	{"loss": {"zhongtest_loss": 0.03834783544345778}, "step": 38}
Step:39	{"loss": {"zhongtrain_loss": 0.013362997456600792}, "step": 39}
Step:39	{"loss": {"zhongtest_loss": 0.03832809292540258}, "step": 39}
Step:40	{"loss": {"zhongtrain_loss": 0.012905960804537722}, "step": 40}
Step:40	{"loss": {"zhongtest_loss": 0.038296889285652}, "step": 40}
Step:41	{"loss": {"zhongtrain_loss": 0.012468036852384868}, "step": 41}
Step:41	{"loss": {"zhongtest_loss": 0.03826294139939911}, "step": 41}
Step:42	{"loss": {"zhongtrain_loss": 0.012102007865905762}, "step": 42}
Step:42	{"loss": {"zhongtest_loss": 0.03822208180719493}, "step": 42}
Step:43	{"loss": {"zhongtrain_loss": 0.011749440902157834}, "step": 43}
Step:43	{"loss": {"zhongtest_loss": 0.03817247857852858}, "step": 43}
Step:44	{"loss": {"zhongtrain_loss": 0.01140710711479187}, "step": 44}
Step:44	{"loss": {"zhongtest_loss": 0.03811469370005082}, "step": 44}
Step:45	{"loss": {"zhongtrain_loss": 0.011078139669016787}, "step": 45}
Step:45	{"loss": {"zhongtest_loss": 0.038058183631118465}, "step": 45}
Step:46	{"loss": {"zhongtrain_loss": 0.010760800618874399}, "step": 46}
Step:46	{"loss": {"zhongtest_loss": 0.038003023789853464}, "step": 46}
Step:47	{"loss": {"zhongtrain_loss": 0.010452669702078166}, "step": 47}
Step:47	{"loss": {"zhongtest_loss": 0.037951785690930426}, "step": 47}
Step:48	{"loss": {"zhongtrain_loss": 0.010156089538022092}, "step": 48}
Step:48	{"loss": {"zhongtest_loss": 0.03789741652352469}, "step": 48}
Step:49	{"loss": {"zhongtrain_loss": 0.00987002410386738}, "step": 49}
Step:49	{"loss": {"zhongtest_loss": 0.037849302194556414}, "step": 49}
Step:50	{"loss": {"zhongtrain_loss": 0.009591872754849885}, "step": 50}
Step:50	{"loss": {"zhongtest_loss": 0.0378077930333663}, "step": 50}
Step:51	{"loss": {"zhongtrain_loss": 0.009326556795521787}, "step": 51}
Step:51	{"loss": {"zhongtest_loss": 0.0377752634943748}, "step": 51}
Step:52	{"loss": {"zhongtrain_loss": 0.009069779201557762}, "step": 52}
Step:52	{"loss": {"zhongtest_loss": 0.0377473563564067}, "step": 52}
Step:53	{"loss": {"zhongtrain_loss": 0.008821599577602587}, "step": 53}
Step:53	{"loss": {"zhongtest_loss": 0.03773095413130157}, "step": 53}
Step:54	{"loss": {"zhongtrain_loss": 0.008583330794384605}, "step": 54}
Step:54	{"loss": {"zhongtest_loss": 0.0377226143467183}, "step": 54}
Step:55	{"loss": {"zhongtrain_loss": 0.00834934413433075}, "step": 55}
Step:55	{"loss": {"zhongtest_loss": 0.037716456821986606}, "step": 55}
Step:56	{"loss": {"zhongtrain_loss": 0.008125884752524527}, "step": 56}
Step:56	{"loss": {"zhongtest_loss": 0.03771784597513627}, "step": 56}
Step:57	{"loss": {"zhongtrain_loss": 0.00791074492429432}, "step": 57}
Step:57	{"loss": {"zhongtest_loss": 0.037723422050476074}, "step": 57}
Step:58	{"loss": {"zhongtrain_loss": 0.00770190671870583}, "step": 58}
Step:58	{"loss": {"zhongtest_loss": 0.03773996538045455}, "step": 58}
Step:59	{"loss": {"zhongtrain_loss": 0.007500984951069481}, "step": 59}
Step:59	{"loss": {"zhongtest_loss": 0.03775205417555206}, "step": 59}
Step:60	{"loss": {"zhongtrain_loss": 0.007306004825391267}, "step": 60}
Step:60	{"loss": {"zhongtest_loss": 0.037766145200145484}, "step": 60}
Step:61	{"loss": {"zhongtrain_loss": 0.007118329405784607}, "step": 61}
Step:61	{"loss": {"zhongtest_loss": 0.03778128234707579}, "step": 61}
Step:62	{"loss": {"zhongtrain_loss": 0.006961606835064135}, "step": 62}
Step:62	{"loss": {"zhongtest_loss": 0.0377957601936496}, "step": 62}
Step:63	{"loss": {"zhongtrain_loss": 0.006811114518265975}, "step": 63}
Step:63	{"loss": {"zhongtest_loss": 0.03781073677296541}, "step": 63}
Step:64	{"loss": {"zhongtrain_loss": 0.0066643208265304565}, "step": 64}
Step:64	{"loss": {"zhongtest_loss": 0.037820224859276594}, "step": 64}
Step:65	{"loss": {"zhongtrain_loss": 0.0065215124111426504}, "step": 65}
Step:65	{"loss": {"zhongtest_loss": 0.03783203874315534}, "step": 65}
Step:66	{"loss": {"zhongtrain_loss": 0.006383760979301051}, "step": 66}
Step:66	{"loss": {"zhongtest_loss": 0.03783670980103162}, "step": 66}
Step:67	{"loss": {"zhongtrain_loss": 0.006249903456160897}, "step": 67}
Step:67	{"loss": {"zhongtest_loss": 0.03784459707688312}, "step": 67}
Step:68	{"loss": {"zhongtrain_loss": 0.006120272372898303}, "step": 68}
Step:68	{"loss": {"zhongtest_loss": 0.03785161582791075}, "step": 68}
Step:69	{"loss": {"zhongtrain_loss": 0.0059945532365849145}, "step": 69}
Step:69	{"loss": {"zhongtest_loss": 0.037855391599694074}, "step": 69}
Step:70	{"loss": {"zhongtrain_loss": 0.005871321809919257}, "step": 70}
Step:70	{"loss": {"zhongtest_loss": 0.03786319372605304}, "step": 70}
Step:71	{"loss": {"zhongtrain_loss": 0.0057533465717968186}, "step": 71}
Step:71	{"loss": {"zhongtest_loss": 0.03785976098508251}, "step": 71}
Step:72	{"loss": {"zhongtrain_loss": 0.005636684596538544}, "step": 72}
Step:72	{"loss": {"zhongtest_loss": 0.03785745708309874}, "step": 72}
Step:73	{"loss": {"zhongtrain_loss": 0.005525153326360803}, "step": 73}
Step:73	{"loss": {"zhongtest_loss": 0.037855547301623285}, "step": 73}
Step:74	{"loss": {"zhongtrain_loss": 0.0054160023206158685}, "step": 74}
Step:74	{"loss": {"zhongtest_loss": 0.03785336260892907}, "step": 74}
Step:75	{"loss": {"zhongtrain_loss": 0.005309630773569408}, "step": 75}
Step:75	{"loss": {"zhongtest_loss": 0.03785221917288644}, "step": 75}
Step:76	{"loss": {"zhongtrain_loss": 0.005206738647661711}, "step": 76}
Step:76	{"loss": {"zhongtest_loss": 0.0378519564258809}, "step": 76}
Step:77	{"loss": {"zhongtrain_loss": 0.005106327172956969}, "step": 77}
Step:77	{"loss": {"zhongtest_loss": 0.03784997609196877}, "step": 77}
Step:78	{"loss": {"zhongtrain_loss": 0.00500935982716711}, "step": 78}
Step:78	{"loss": {"zhongtest_loss": 0.03784675014262297}, "step": 78}
Step:79	{"loss": {"zhongtrain_loss": 0.004915920135221984}, "step": 79}
Step:79	{"loss": {"zhongtest_loss": 0.03784371395500339}, "step": 79}
Step:80	{"loss": {"zhongtrain_loss": 0.0048228964993828225}, "step": 80}
Step:80	{"loss": {"zhongtest_loss": 0.03784137112753732}, "step": 80}
Step:81	{"loss": {"zhongtrain_loss": 0.0047329581881824295}, "step": 81}
Step:81	{"loss": {"zhongtest_loss": 0.03783731071316466}, "step": 81}
Step:82	{"loss": {"zhongtrain_loss": 0.00465801162155051}, "step": 82}
Step:82	{"loss": {"zhongtest_loss": 0.037839862765098105}, "step": 82}
Step:83	{"loss": {"zhongtrain_loss": 0.00458459673743499}, "step": 83}
Step:83	{"loss": {"zhongtest_loss": 0.03783584857473568}, "step": 83}
Step:84	{"loss": {"zhongtrain_loss": 0.004513696228203021}, "step": 84}
Step:84	{"loss": {"zhongtest_loss": 0.03783526469250115}, "step": 84}
Step:85	{"loss": {"zhongtrain_loss": 0.004444047024375514}, "step": 85}
Step:85	{"loss": {"zhongtest_loss": 0.037836444621183435}, "step": 85}
Step:86	{"loss": {"zhongtrain_loss": 0.004375278557601728}, "step": 86}
Step:86	{"loss": {"zhongtest_loss": 0.03783931537550323}, "step": 86}
Step:87	{"loss": {"zhongtrain_loss": 0.004308639780471199}, "step": 87}
Step:87	{"loss": {"zhongtest_loss": 0.03784107918642005}, "step": 87}
Step:88	{"loss": {"zhongtrain_loss": 0.0042431546669257315}, "step": 88}
Step:88	{"loss": {"zhongtest_loss": 0.03784288678850446}, "step": 88}
Step:89	{"loss": {"zhongtrain_loss": 0.0041792384887996475}, "step": 89}
Step:89	{"loss": {"zhongtest_loss": 0.03784983012141013}, "step": 89}
Step:90	{"loss": {"zhongtrain_loss": 0.004115957962839227}, "step": 90}
Step:90	{"loss": {"zhongtest_loss": 0.03785316068298963}, "step": 90}
Step:91	{"loss": {"zhongtrain_loss": 0.004054687525096692}, "step": 91}
Step:91	{"loss": {"zhongtest_loss": 0.03785339423588344}, "step": 91}
Step:92	{"loss": {"zhongtrain_loss": 0.003994777406516828}, "step": 92}
Step:92	{"loss": {"zhongtest_loss": 0.037859544462087204}, "step": 92}
Step:93	{"loss": {"zhongtrain_loss": 0.003935664107925014}, "step": 93}
Step:93	{"loss": {"zhongtest_loss": 0.03786484076052296}, "step": 93}
Step:94	{"loss": {"zhongtrain_loss": 0.003878661284321233}, "step": 94}
Step:94	{"loss": {"zhongtest_loss": 0.03787002758103974}, "step": 94}
Step:95	{"loss": {"zhongtrain_loss": 0.0038224443009025172}, "step": 95}
Step:95	{"loss": {"zhongtest_loss": 0.03787645515130491}, "step": 95}
Step:96	{"loss": {"zhongtrain_loss": 0.003766459461889769}, "step": 96}
Step:96	{"loss": {"zhongtest_loss": 0.0378786495753697}, "step": 96}
Step:97	{"loss": {"zhongtrain_loss": 0.0037126466631889343}, "step": 97}
Step:97	{"loss": {"zhongtest_loss": 0.03788542504213294}, "step": 97}
Step:98	{"loss": {"zhongtrain_loss": 0.0036591436517866035}, "step": 98}
Step:98	{"loss": {"zhongtest_loss": 0.03788916918696189}, "step": 98}
Step:99	{"loss": {"zhongtrain_loss": 0.0036075852419200694}, "step": 99}
Step:99	{"loss": {"zhongtest_loss": 0.03789392782717335}, "step": 99}
Step:100	{"loss": {"zhongtrain_loss": 0.0035573832298579967}, "step": 100}
Step:100	{"loss": {"zhongtest_loss": 0.03790143801241505}, "step": 100}
Step:1	{"loss": {"full191train_loss": 0.0603249643889951}, "step": 1}
Step:1	{"loss": {"full191test_loss": 0.042547493564839264}, "step": 1}
Step:2	{"loss": {"full191train_loss": 0.05867185391170878}, "step": 2}
Step:2	{"loss": {"full191test_loss": 0.042972744727621276}, "step": 2}
Step:3	{"loss": {"full191train_loss": 0.05678728264822087}, "step": 3}
Step:3	{"loss": {"full191test_loss": 0.04280495157047194}, "step": 3}
Step:4	{"loss": {"full191train_loss": 0.05758341265396333}, "step": 4}
Step:4	{"loss": {"full191test_loss": 0.04267352454516352}, "step": 4}
Step:5	{"loss": {"full191train_loss": 0.05884984513403664}, "step": 5}
Step:5	{"loss": {"full191test_loss": 0.04302694359604193}, "step": 5}
Step:6	{"loss": {"full191train_loss": 0.05833588855367311}, "step": 6}
Step:6	{"loss": {"full191test_loss": 0.04364163534981864}, "step": 6}
Step:7	{"loss": {"full191train_loss": 0.05502820518654837}, "step": 7}
Step:7	{"loss": {"full191test_loss": 0.04364600473520707}, "step": 7}
Step:8	{"loss": {"full191train_loss": 0.054393963075019945}, "step": 8}
Step:8	{"loss": {"full191test_loss": 0.043985118671339384}, "step": 8}
Step:9	{"loss": {"full191train_loss": 0.05736303665268589}, "step": 9}
Step:9	{"loss": {"full191test_loss": 0.043699819214489996}, "step": 9}
Step:10	{"loss": {"full191train_loss": 0.05744392603216037}, "step": 10}
Step:10	{"loss": {"full191test_loss": 0.044074851639416754}, "step": 10}
Step:11	{"loss": {"full191train_loss": 0.05592966247612322}, "step": 11}
Step:11	{"loss": {"full191test_loss": 0.042166636914623024}, "step": 11}
Step:12	{"loss": {"full191train_loss": 0.05803246229467258}, "step": 12}
Step:12	{"loss": {"full191test_loss": 0.04102031065493214}, "step": 12}
Step:13	{"loss": {"full191train_loss": 0.05782281848746286}, "step": 13}
Step:13	{"loss": {"full191test_loss": 0.04322967237355758}, "step": 13}
Step:14	{"loss": {"full191train_loss": 0.05422151928216639}, "step": 14}
Step:14	{"loss": {"full191test_loss": 0.04162523211265097}, "step": 14}
Step:15	{"loss": {"full191train_loss": 0.05641923823826749}, "step": 15}
Step:15	{"loss": {"full191test_loss": 0.043307795816538285}, "step": 15}
Step:16	{"loss": {"full191train_loss": 0.0567565467995657}, "step": 16}
Step:16	{"loss": {"full191test_loss": 0.04194269374925263}, "step": 16}
Step:17	{"loss": {"full191train_loss": 0.057374373288221765}, "step": 17}
Step:17	{"loss": {"full191test_loss": 0.04314398278995436}, "step": 17}
Step:18	{"loss": {"full191train_loss": 0.053476535098653445}, "step": 18}
Step:18	{"loss": {"full191test_loss": 0.04273581504821777}, "step": 18}
Step:19	{"loss": {"full191train_loss": 0.056076582048980285}, "step": 19}
Step:19	{"loss": {"full191test_loss": 0.042397971055945574}, "step": 19}
Step:20	{"loss": {"full191train_loss": 0.05609464477485334}, "step": 20}
Step:20	{"loss": {"full191test_loss": 0.0421784021416489}, "step": 20}
Step:21	{"loss": {"full191train_loss": 0.05731381496912997}, "step": 21}
Step:21	{"loss": {"full191test_loss": 0.04231952647773587}, "step": 21}
Step:22	{"loss": {"full191train_loss": 0.056153438460658976}, "step": 22}
Step:22	{"loss": {"full191test_loss": 0.04336985763238401}, "step": 22}
Step:23	{"loss": {"full191train_loss": 0.054213552407815425}, "step": 23}
Step:23	{"loss": {"full191test_loss": 0.04281029409291793}, "step": 23}
Step:24	{"loss": {"full191train_loss": 0.05397495921228973}, "step": 24}
Step:24	{"loss": {"full191test_loss": 0.04208569623986069}, "step": 24}
Step:25	{"loss": {"full191train_loss": 0.05150949115484533}, "step": 25}
Step:25	{"loss": {"full191test_loss": 0.04164339085014499}, "step": 25}
Step:26	{"loss": {"full191train_loss": 0.05902009278955594}, "step": 26}
Step:26	{"loss": {"full191test_loss": 0.04203080644412917}, "step": 26}
Step:27	{"loss": {"full191train_loss": 0.05737189675720645}, "step": 27}
Step:27	{"loss": {"full191test_loss": 0.04112678644608478}, "step": 27}
Step:28	{"loss": {"full191train_loss": 0.054965946036325375}, "step": 28}
Step:28	{"loss": {"full191test_loss": 0.04200006504448093}, "step": 28}
Step:29	{"loss": {"full191train_loss": 0.055002882447041254}, "step": 29}
Step:29	{"loss": {"full191test_loss": 0.04198090397581762}, "step": 29}
Step:30	{"loss": {"full191train_loss": 0.05586477064750564}, "step": 30}
Step:30	{"loss": {"full191test_loss": 0.041780685891910474}, "step": 30}
Step:31	{"loss": {"full191train_loss": 0.05714467881431042}, "step": 31}
Step:31	{"loss": {"full191test_loss": 0.041155148525627294}, "step": 31}
Step:32	{"loss": {"full191train_loss": 0.05568503493994054}, "step": 32}
Step:32	{"loss": {"full191test_loss": 0.04117696625845773}, "step": 32}
Step:33	{"loss": {"full191train_loss": 0.05636668708962454}, "step": 33}
Step:33	{"loss": {"full191test_loss": 0.04138408388410296}, "step": 33}
Step:34	{"loss": {"full191train_loss": 0.05321613499816035}, "step": 34}
Step:34	{"loss": {"full191test_loss": 0.041723188088864695}, "step": 34}
Step:35	{"loss": {"full191train_loss": 0.053584533677974215}, "step": 35}
Step:35	{"loss": {"full191test_loss": 0.04206844738551548}, "step": 35}
Step:36	{"loss": {"full191train_loss": 0.05369227369066695}, "step": 36}
Step:36	{"loss": {"full191test_loss": 0.04142864382996851}, "step": 36}
Step:37	{"loss": {"full191train_loss": 0.05415193631615437}, "step": 37}
Step:37	{"loss": {"full191test_loss": 0.04161751027009925}, "step": 37}
Step:38	{"loss": {"full191train_loss": 0.05297513411078655}, "step": 38}
Step:38	{"loss": {"full191test_loss": 0.042399849210466654}, "step": 38}
Step:39	{"loss": {"full191train_loss": 0.05604859305099702}, "step": 39}
Step:39	{"loss": {"full191test_loss": 0.04245754650660923}, "step": 39}
Step:40	{"loss": {"full191train_loss": 0.05547830588381055}, "step": 40}
Step:40	{"loss": {"full191test_loss": 0.04025807672617387}, "step": 40}
Step:41	{"loss": {"full191train_loss": 0.054259224676750074}, "step": 41}
Step:41	{"loss": {"full191test_loss": 0.04250948283137107}, "step": 41}
Step:42	{"loss": {"full191train_loss": 0.05279410053306902}, "step": 42}
Step:42	{"loss": {"full191test_loss": 0.04135407720293317}, "step": 42}
Step:43	{"loss": {"full191train_loss": 0.05376103898169289}, "step": 43}
Step:43	{"loss": {"full191test_loss": 0.04101652515177824}, "step": 43}
Step:44	{"loss": {"full191train_loss": 0.05424185034254907}, "step": 44}
Step:44	{"loss": {"full191test_loss": 0.04183989641617755}, "step": 44}
Step:45	{"loss": {"full191train_loss": 0.05597941640397193}, "step": 45}
Step:45	{"loss": {"full191test_loss": 0.04115605354309082}, "step": 45}
Step:46	{"loss": {"full191train_loss": 0.05507521562173333}, "step": 46}
Step:46	{"loss": {"full191test_loss": 0.041517549631546954}, "step": 46}
Step:47	{"loss": {"full191train_loss": 0.057525530667372156}, "step": 47}
Step:47	{"loss": {"full191test_loss": 0.04117484968535754}, "step": 47}
Step:48	{"loss": {"full191train_loss": 0.05401217097967443}, "step": 48}
Step:48	{"loss": {"full191test_loss": 0.04134204436321648}, "step": 48}
Step:49	{"loss": {"full191train_loss": 0.05204079184733646}, "step": 49}
Step:49	{"loss": {"full191test_loss": 0.04064605187396614}, "step": 49}
Step:50	{"loss": {"full191train_loss": 0.05403989133700519}, "step": 50}
Step:50	{"loss": {"full191test_loss": 0.04109163186988052}, "step": 50}
Step:51	{"loss": {"full191train_loss": 0.05147919520525865}, "step": 51}
Step:51	{"loss": {"full191test_loss": 0.04135884070882992}, "step": 51}
Step:52	{"loss": {"full191train_loss": 0.05436770680924537}, "step": 52}
Step:52	{"loss": {"full191test_loss": 0.0410480547924431}, "step": 52}
Step:53	{"loss": {"full191train_loss": 0.0509152781795448}, "step": 53}
Step:53	{"loss": {"full191test_loss": 0.040720922606331963}, "step": 53}
Step:54	{"loss": {"full191train_loss": 0.053307776719751496}, "step": 54}
Step:54	{"loss": {"full191test_loss": 0.04148061908021265}, "step": 54}
Step:55	{"loss": {"full191train_loss": 0.05188897461958335}, "step": 55}
Step:55	{"loss": {"full191test_loss": 0.04253789356776646}, "step": 55}
Step:56	{"loss": {"full191train_loss": 0.04988051300317469}, "step": 56}
Step:56	{"loss": {"full191test_loss": 0.04188849488083197}, "step": 56}
Step:57	{"loss": {"full191train_loss": 0.05490864162713709}, "step": 57}
Step:57	{"loss": {"full191test_loss": 0.04083678673724739}, "step": 57}
Step:58	{"loss": {"full191train_loss": 0.05462644973271329}, "step": 58}
Step:58	{"loss": {"full191test_loss": 0.04142028944832938}, "step": 58}
Step:59	{"loss": {"full191train_loss": 0.05434076886781505}, "step": 59}
Step:59	{"loss": {"full191test_loss": 0.041059693511651486}, "step": 59}
Step:60	{"loss": {"full191train_loss": 0.054902296670725645}, "step": 60}
Step:60	{"loss": {"full191test_loss": 0.04029240900156449}, "step": 60}
Step:61	{"loss": {"full191train_loss": 0.051419971694409004}, "step": 61}
Step:61	{"loss": {"full191test_loss": 0.04096904579474001}, "step": 61}
Step:62	{"loss": {"full191train_loss": 0.05222754747095242}, "step": 62}
Step:62	{"loss": {"full191test_loss": 0.04079188862625433}, "step": 62}
Step:63	{"loss": {"full191train_loss": 0.05290472843277622}, "step": 63}
Step:63	{"loss": {"full191test_loss": 0.04061063698359898}, "step": 63}
Step:64	{"loss": {"full191train_loss": 0.053605309674437614}, "step": 64}
Step:64	{"loss": {"full191test_loss": 0.0414397229953688}, "step": 64}
Step:65	{"loss": {"full191train_loss": 0.05031894462209352}, "step": 65}
Step:65	{"loss": {"full191test_loss": 0.0405093747742322}, "step": 65}
Step:66	{"loss": {"full191train_loss": 0.05360628517580704}, "step": 66}
Step:66	{"loss": {"full191test_loss": 0.04074935037262586}, "step": 66}
Step:67	{"loss": {"full191train_loss": 0.05355765450168663}, "step": 67}
Step:67	{"loss": {"full191test_loss": 0.04048763245952373}, "step": 67}
Step:68	{"loss": {"full191train_loss": 0.0493993406564417}, "step": 68}
Step:68	{"loss": {"full191test_loss": 0.040969264750577966}, "step": 68}
Step:69	{"loss": {"full191train_loss": 0.05242757394280232}, "step": 69}
Step:69	{"loss": {"full191test_loss": 0.041539386827118545}, "step": 69}
Step:70	{"loss": {"full191train_loss": 0.053845348492474625}, "step": 70}
Step:70	{"loss": {"full191test_loss": 0.04070525753254793}, "step": 70}
Step:71	{"loss": {"full191train_loss": 0.05248685789779878}, "step": 71}
Step:71	{"loss": {"full191test_loss": 0.04069153630003637}, "step": 71}
Step:72	{"loss": {"full191train_loss": 0.053309663920335364}, "step": 72}
Step:72	{"loss": {"full191test_loss": 0.04000249687506228}, "step": 72}
Step:73	{"loss": {"full191train_loss": 0.05201499227067115}, "step": 73}
Step:73	{"loss": {"full191test_loss": 0.04024067703558474}, "step": 73}
Step:74	{"loss": {"full191train_loss": 0.0534491522211424}, "step": 74}
Step:74	{"loss": {"full191test_loss": 0.041752299483941525}, "step": 74}
Step:75	{"loss": {"full191train_loss": 0.05096870744732064}, "step": 75}
Step:75	{"loss": {"full191test_loss": 0.03996512597920943}, "step": 75}
Step:76	{"loss": {"full191train_loss": 0.050440309752880684}, "step": 76}
Step:76	{"loss": {"full191test_loss": 0.04079374245234898}, "step": 76}
Step:77	{"loss": {"full191train_loss": 0.05216547301117803}, "step": 77}
Step:77	{"loss": {"full191test_loss": 0.04137019721829161}, "step": 77}
Step:78	{"loss": {"full191train_loss": 0.05544613952368078}, "step": 78}
Step:78	{"loss": {"full191test_loss": 0.04005668601211237}, "step": 78}
Step:79	{"loss": {"full191train_loss": 0.0513314512413992}, "step": 79}
Step:79	{"loss": {"full191test_loss": 0.04090078509583765}, "step": 79}
Step:80	{"loss": {"full191train_loss": 0.05310162188301624}, "step": 80}
Step:80	{"loss": {"full191test_loss": 0.041765427102847974}, "step": 80}
Step:81	{"loss": {"full191train_loss": 0.05417555822453029}, "step": 81}
Step:81	{"loss": {"full191test_loss": 0.0402612710485653}, "step": 81}
Step:82	{"loss": {"full191train_loss": 0.053713331759815484}, "step": 82}
Step:82	{"loss": {"full191test_loss": 0.04106864150689573}, "step": 82}
Step:83	{"loss": {"full191train_loss": 0.05302064687433377}, "step": 83}
Step:83	{"loss": {"full191test_loss": 0.040842995351674606}, "step": 83}
Step:84	{"loss": {"full191train_loss": 0.052628315670389524}, "step": 84}
Step:84	{"loss": {"full191test_loss": 0.04193525898213289}, "step": 84}
Step:85	{"loss": {"full191train_loss": 0.05256972514407735}, "step": 85}
Step:85	{"loss": {"full191test_loss": 0.040384698887260595}, "step": 85}
Step:86	{"loss": {"full191train_loss": 0.053916189032541195}, "step": 86}
Step:86	{"loss": {"full191test_loss": 0.04015511395979901}, "step": 86}
Step:87	{"loss": {"full191train_loss": 0.05309490250869536}, "step": 87}
Step:87	{"loss": {"full191test_loss": 0.04004535383107711}, "step": 87}
Step:88	{"loss": {"full191train_loss": 0.050920763485868215}, "step": 88}
Step:88	{"loss": {"full191test_loss": 0.0413267369173011}, "step": 88}
Step:89	{"loss": {"full191train_loss": 0.05628176642135835}, "step": 89}
Step:89	{"loss": {"full191test_loss": 0.03938254044980419}, "step": 89}
Step:90	{"loss": {"full191train_loss": 0.04760007287414981}, "step": 90}
Step:90	{"loss": {"full191test_loss": 0.04154666589230907}, "step": 90}
Step:91	{"loss": {"full191train_loss": 0.05274661493972993}, "step": 91}
Step:91	{"loss": {"full191test_loss": 0.04085189469006597}, "step": 91}
Step:92	{"loss": {"full191train_loss": 0.05349070421406921}, "step": 92}
Step:92	{"loss": {"full191test_loss": 0.039088541147660236}, "step": 92}
Step:93	{"loss": {"full191train_loss": 0.053897950011239926}, "step": 93}
Step:93	{"loss": {"full191test_loss": 0.04061471686071279}, "step": 93}
Step:94	{"loss": {"full191train_loss": 0.050460019581754445}, "step": 94}
Step:94	{"loss": {"full191test_loss": 0.039082602578766494}, "step": 94}
Step:95	{"loss": {"full191train_loss": 0.052154695484000195}, "step": 95}
Step:95	{"loss": {"full191test_loss": 0.04106661738181601}, "step": 95}
Step:96	{"loss": {"full191train_loss": 0.0483944768636999}, "step": 96}
Step:96	{"loss": {"full191test_loss": 0.03962810428775087}, "step": 96}
Step:97	{"loss": {"full191train_loss": 0.050729017862131895}, "step": 97}
Step:97	{"loss": {"full191test_loss": 0.040840474926695534}, "step": 97}
Step:98	{"loss": {"full191train_loss": 0.05427447674979626}, "step": 98}
Step:98	{"loss": {"full191test_loss": 0.0401585831934092}, "step": 98}
Step:99	{"loss": {"full191train_loss": 0.050477702852705836}, "step": 99}
Step:99	{"loss": {"full191test_loss": 0.04125215082752461}, "step": 99}
Step:100	{"loss": {"full191train_loss": 0.05196600396868209}, "step": 100}
Step:100	{"loss": {"full191test_loss": 0.040575942214654416}, "step": 100}
Step:1	{"loss": {"zhongtrain_loss": 0.05494593902372978}, "step": 1}
Step:1	{"loss": {"zhongtest_loss": 0.04202845631813516}, "step": 1}
Step:2	{"loss": {"zhongtrain_loss": 0.05211711265671421}, "step": 2}
Step:2	{"loss": {"zhongtest_loss": 0.04239498352517887}, "step": 2}
Step:3	{"loss": {"zhongtrain_loss": 0.05220786450614392}, "step": 3}
Step:3	{"loss": {"zhongtest_loss": 0.04298054442113759}, "step": 3}
Step:4	{"loss": {"zhongtrain_loss": 0.0455479621887207}, "step": 4}
Step:4	{"loss": {"zhongtest_loss": 0.04337306898467395}, "step": 4}
Step:5	{"loss": {"zhongtrain_loss": 0.04847056932852302}, "step": 5}
Step:5	{"loss": {"zhongtest_loss": 0.04351094304298868}, "step": 5}
Step:6	{"loss": {"zhongtrain_loss": 0.04451324570346886}, "step": 6}
Step:6	{"loss": {"zhongtest_loss": 0.04357504844665527}, "step": 6}
Step:7	{"loss": {"zhongtrain_loss": 0.04759625985588826}, "step": 7}
Step:7	{"loss": {"zhongtest_loss": 0.04351003315983987}, "step": 7}
Step:8	{"loss": {"zhongtrain_loss": 0.04731367507451017}, "step": 8}
Step:8	{"loss": {"zhongtest_loss": 0.04308517125188088}, "step": 8}
Step:9	{"loss": {"zhongtrain_loss": 0.04840407069300262}, "step": 9}
Step:9	{"loss": {"zhongtest_loss": 0.04243775289885852}, "step": 9}
Step:10	{"loss": {"zhongtrain_loss": 0.04424181118817397}, "step": 10}
Step:10	{"loss": {"zhongtest_loss": 0.04172547982663524}, "step": 10}
Step:11	{"loss": {"zhongtrain_loss": 0.04433597141588238}, "step": 11}
Step:11	{"loss": {"zhongtest_loss": 0.041218572733353595}, "step": 11}
Step:12	{"loss": {"zhongtrain_loss": 0.038624629168443274}, "step": 12}
Step:12	{"loss": {"zhongtest_loss": 0.040919547178307356}, "step": 12}
Step:13	{"loss": {"zhongtrain_loss": 0.03460583720408695}, "step": 13}
Step:13	{"loss": {"zhongtest_loss": 0.040698377453551}, "step": 13}
Step:14	{"loss": {"zhongtrain_loss": 0.038512624485391965}, "step": 14}
Step:14	{"loss": {"zhongtest_loss": 0.04062764498652244}, "step": 14}
Step:15	{"loss": {"zhongtrain_loss": 0.03452427286497304}, "step": 15}
Step:15	{"loss": {"zhongtest_loss": 0.04063387549653345}, "step": 15}
Step:16	{"loss": {"zhongtrain_loss": 0.031192224630167787}, "step": 16}
Step:16	{"loss": {"zhongtest_loss": 0.04076465538569859}, "step": 16}
Step:17	{"loss": {"zhongtrain_loss": 0.032814380148766746}, "step": 17}
Step:17	{"loss": {"zhongtest_loss": 0.04112318583897182}, "step": 17}
Step:18	{"loss": {"zhongtrain_loss": 0.03337366144422074}, "step": 18}
Step:18	{"loss": {"zhongtest_loss": 0.041538369898893396}, "step": 18}
Step:19	{"loss": {"zhongtrain_loss": 0.030828857086074184}, "step": 19}
Step:19	{"loss": {"zhongtest_loss": 0.041920219148908346}, "step": 19}
Step:20	{"loss": {"zhongtrain_loss": 0.03226801878969434}, "step": 20}
Step:20	{"loss": {"zhongtest_loss": 0.04229018639545051}, "step": 20}
Step:21	{"loss": {"zhongtrain_loss": 0.0270614162297316}, "step": 21}
Step:21	{"loss": {"zhongtest_loss": 0.042589046517196964}, "step": 21}
Step:22	{"loss": {"zhongtrain_loss": 0.027163399776942293}, "step": 22}
Step:22	{"loss": {"zhongtest_loss": 0.042768001556396484}, "step": 22}
Step:23	{"loss": {"zhongtrain_loss": 0.026113104652351057}, "step": 23}
Step:23	{"loss": {"zhongtest_loss": 0.042899676731654575}, "step": 23}
Step:24	{"loss": {"zhongtrain_loss": 0.026361462096093406}, "step": 24}
Step:24	{"loss": {"zhongtest_loss": 0.043147461754935126}, "step": 24}
Step:25	{"loss": {"zhongtrain_loss": 0.025423517529393584}, "step": 25}
Step:25	{"loss": {"zhongtest_loss": 0.04332503493951292}, "step": 25}
Step:26	{"loss": {"zhongtrain_loss": 0.02413857402935834}, "step": 26}
Step:26	{"loss": {"zhongtest_loss": 0.0433385080220748}, "step": 26}
Step:27	{"loss": {"zhongtrain_loss": 0.023845699471487125}, "step": 27}
Step:27	{"loss": {"zhongtest_loss": 0.043291695263921}, "step": 27}
Step:28	{"loss": {"zhongtrain_loss": 0.023964792909756512}, "step": 28}
Step:28	{"loss": {"zhongtest_loss": 0.04317748789884606}, "step": 28}
Step:29	{"loss": {"zhongtrain_loss": 0.02357364120617719}, "step": 29}
Step:29	{"loss": {"zhongtest_loss": 0.04306035139122788}, "step": 29}
Step:30	{"loss": {"zhongtrain_loss": 0.024085036465819453}, "step": 30}
Step:30	{"loss": {"zhongtest_loss": 0.042923250976873904}, "step": 30}
Step:31	{"loss": {"zhongtrain_loss": 0.022534900148149947}, "step": 31}
Step:31	{"loss": {"zhongtest_loss": 0.04267003584881218}, "step": 31}
Step:32	{"loss": {"zhongtrain_loss": 0.02312330125083386}, "step": 32}
Step:32	{"loss": {"zhongtest_loss": 0.04230216571262905}, "step": 32}
Step:33	{"loss": {"zhongtrain_loss": 0.019867401727488344}, "step": 33}
Step:33	{"loss": {"zhongtest_loss": 0.04198531715237364}, "step": 33}
Step:34	{"loss": {"zhongtrain_loss": 0.01895686774186685}, "step": 34}
Step:34	{"loss": {"zhongtest_loss": 0.04172700765181561}, "step": 34}
Step:35	{"loss": {"zhongtrain_loss": 0.020897752802136918}, "step": 35}
Step:35	{"loss": {"zhongtest_loss": 0.04145653393803811}, "step": 35}
Step:36	{"loss": {"zhongtrain_loss": 0.020134889743697475}, "step": 36}
Step:36	{"loss": {"zhongtest_loss": 0.04125613582377531}, "step": 36}
Step:37	{"loss": {"zhongtrain_loss": 0.017047853537008797}, "step": 37}
Step:37	{"loss": {"zhongtest_loss": 0.041190906446807236}, "step": 37}
Step:38	{"loss": {"zhongtrain_loss": 0.018287260767439723}, "step": 38}
Step:38	{"loss": {"zhongtest_loss": 0.04118924238243882}, "step": 38}
Step:39	{"loss": {"zhongtrain_loss": 0.016191627777798076}, "step": 39}
Step:39	{"loss": {"zhongtest_loss": 0.04122318053732113}, "step": 39}
Step:40	{"loss": {"zhongtrain_loss": 0.016603005604005197}, "step": 40}
Step:40	{"loss": {"zhongtest_loss": 0.04128129628239846}, "step": 40}
Step:41	{"loss": {"zhongtrain_loss": 0.016259195938916275}, "step": 41}
Step:41	{"loss": {"zhongtest_loss": 0.04136651389452876}, "step": 41}
Step:42	{"loss": {"zhongtrain_loss": 0.015415017873468533}, "step": 42}
Step:42	{"loss": {"zhongtest_loss": 0.041453497750418525}, "step": 42}
Step:43	{"loss": {"zhongtrain_loss": 0.014970282013987151}, "step": 43}
Step:43	{"loss": {"zhongtest_loss": 0.04146265983581543}, "step": 43}
Step:44	{"loss": {"zhongtrain_loss": 0.015272117836374633}, "step": 44}
Step:44	{"loss": {"zhongtest_loss": 0.04150562383690659}, "step": 44}
Step:45	{"loss": {"zhongtrain_loss": 0.01595677288485245}, "step": 45}
Step:45	{"loss": {"zhongtest_loss": 0.041609282396277605}, "step": 45}
Step:46	{"loss": {"zhongtrain_loss": 0.015437046406974256}, "step": 46}
Step:46	{"loss": {"zhongtest_loss": 0.04169668470110212}, "step": 46}
Step:47	{"loss": {"zhongtrain_loss": 0.014486711629679506}, "step": 47}
Step:47	{"loss": {"zhongtest_loss": 0.04169766756953025}, "step": 47}
Step:48	{"loss": {"zhongtrain_loss": 0.014570969091334813}, "step": 48}
Step:48	{"loss": {"zhongtest_loss": 0.04162657017610511}, "step": 48}
Step:49	{"loss": {"zhongtrain_loss": 0.01343483782150376}, "step": 49}
Step:49	{"loss": {"zhongtest_loss": 0.041565763707063635}, "step": 49}
Step:50	{"loss": {"zhongtrain_loss": 0.012633702704604243}, "step": 50}
Step:50	{"loss": {"zhongtest_loss": 0.04159447611594687}, "step": 50}
Step:51	{"loss": {"zhongtrain_loss": 0.013298362913266035}, "step": 51}
Step:51	{"loss": {"zhongtest_loss": 0.0417058175923873}, "step": 51}
Step:52	{"loss": {"zhongtrain_loss": 0.012086705842488249}, "step": 52}
Step:52	{"loss": {"zhongtest_loss": 0.04182586864549286}, "step": 52}
Step:53	{"loss": {"zhongtrain_loss": 0.012600461781864435}, "step": 53}
Step:53	{"loss": {"zhongtest_loss": 0.041902167456490655}, "step": 53}
Step:54	{"loss": {"zhongtrain_loss": 0.012522347376380168}, "step": 54}
Step:54	{"loss": {"zhongtest_loss": 0.041981950098154495}, "step": 54}
Step:55	{"loss": {"zhongtrain_loss": 0.01146681291956297}, "step": 55}
Step:55	{"loss": {"zhongtest_loss": 0.04203520988931461}, "step": 55}
Step:56	{"loss": {"zhongtrain_loss": 0.012870297045774862}, "step": 56}
Step:56	{"loss": {"zhongtest_loss": 0.04200552920905911}, "step": 56}
Step:57	{"loss": {"zhongtrain_loss": 0.01122562566273649}, "step": 57}
Step:57	{"loss": {"zhongtest_loss": 0.041910137448992045}, "step": 57}
Step:58	{"loss": {"zhongtrain_loss": 0.010780443607921332}, "step": 58}
Step:58	{"loss": {"zhongtest_loss": 0.04181719312862474}, "step": 58}
Step:59	{"loss": {"zhongtrain_loss": 0.011653670542676684}, "step": 59}
Step:59	{"loss": {"zhongtest_loss": 0.04173394611903599}, "step": 59}
Step:60	{"loss": {"zhongtrain_loss": 0.011084399592708533}, "step": 60}
Step:60	{"loss": {"zhongtest_loss": 0.041581533393081356}, "step": 60}
Step:61	{"loss": {"zhongtrain_loss": 0.011069668430677602}, "step": 61}
Step:61	{"loss": {"zhongtest_loss": 0.04138860410573531}, "step": 61}
Step:62	{"loss": {"zhongtrain_loss": 0.010288376203725035}, "step": 62}
Step:62	{"loss": {"zhongtest_loss": 0.04116668993112992}, "step": 62}
Step:63	{"loss": {"zhongtrain_loss": 0.010494743434476182}, "step": 63}
Step:63	{"loss": {"zhongtest_loss": 0.04095541701024892}, "step": 63}
Step:64	{"loss": {"zhongtrain_loss": 0.011313265897858311}, "step": 64}
Step:64	{"loss": {"zhongtest_loss": 0.04075791397873236}, "step": 64}
Step:65	{"loss": {"zhongtrain_loss": 0.010022511784459504}, "step": 65}
Step:65	{"loss": {"zhongtest_loss": 0.040517673200490524}, "step": 65}
Step:66	{"loss": {"zhongtrain_loss": 0.009449574729086647}, "step": 66}
Step:66	{"loss": {"zhongtest_loss": 0.04032769008558624}, "step": 66}
Step:67	{"loss": {"zhongtrain_loss": 0.009956008531677892}, "step": 67}
Step:67	{"loss": {"zhongtest_loss": 0.04028725137515944}, "step": 67}
Step:68	{"loss": {"zhongtrain_loss": 0.01033219275340228}, "step": 68}
Step:68	{"loss": {"zhongtest_loss": 0.04027982877225292}, "step": 68}
Step:69	{"loss": {"zhongtrain_loss": 0.01034493303634751}, "step": 69}
Step:69	{"loss": {"zhongtest_loss": 0.040235541304763485}, "step": 69}
Step:70	{"loss": {"zhongtrain_loss": 0.009665347320932738}, "step": 70}
Step:70	{"loss": {"zhongtest_loss": 0.04022149407133764}, "step": 70}
Step:71	{"loss": {"zhongtrain_loss": 0.009273360732575538}, "step": 71}
Step:71	{"loss": {"zhongtest_loss": 0.04025814727861054}, "step": 71}
Step:72	{"loss": {"zhongtrain_loss": 0.008592399073318697}, "step": 72}
Step:72	{"loss": {"zhongtest_loss": 0.04032351776045196}, "step": 72}
Step:73	{"loss": {"zhongtrain_loss": 0.009037038390065583}, "step": 73}
Step:73	{"loss": {"zhongtest_loss": 0.04039234287884771}, "step": 73}
Step:74	{"loss": {"zhongtrain_loss": 0.008342890252529735}, "step": 74}
Step:74	{"loss": {"zhongtest_loss": 0.04048604867896255}, "step": 74}
Step:75	{"loss": {"zhongtrain_loss": 0.008630840711190666}, "step": 75}
Step:75	{"loss": {"zhongtest_loss": 0.040659378985969385}, "step": 75}
Step:76	{"loss": {"zhongtrain_loss": 0.008740338641153256}, "step": 76}
Step:76	{"loss": {"zhongtest_loss": 0.04090775275716976}, "step": 76}
Step:77	{"loss": {"zhongtrain_loss": 0.00784081346552137}, "step": 77}
Step:77	{"loss": {"zhongtest_loss": 0.04115799008583536}, "step": 77}
Step:78	{"loss": {"zhongtrain_loss": 0.007766189709515639}, "step": 78}
Step:78	{"loss": {"zhongtest_loss": 0.04131477706286372}, "step": 78}
Step:79	{"loss": {"zhongtrain_loss": 0.007889894532485746}, "step": 79}
Step:79	{"loss": {"zhongtest_loss": 0.04134994623612384}, "step": 79}
Step:80	{"loss": {"zhongtrain_loss": 0.007252710386061333}, "step": 80}
Step:80	{"loss": {"zhongtest_loss": 0.04131845552094129}, "step": 80}
Step:81	{"loss": {"zhongtrain_loss": 0.007691607089109824}, "step": 81}
Step:81	{"loss": {"zhongtest_loss": 0.04125544489646445}, "step": 81}
Step:82	{"loss": {"zhongtrain_loss": 0.007899826261359202}, "step": 82}
Step:82	{"loss": {"zhongtest_loss": 0.04120024856255979}, "step": 82}
Step:83	{"loss": {"zhongtrain_loss": 0.00677026199622893}, "step": 83}
Step:83	{"loss": {"zhongtest_loss": 0.04119727562884895}, "step": 83}
Step:84	{"loss": {"zhongtrain_loss": 0.007858140157981657}, "step": 84}
Step:84	{"loss": {"zhongtest_loss": 0.04122053360452457}, "step": 84}
Step:85	{"loss": {"zhongtrain_loss": 0.006909982419349778}, "step": 85}
Step:85	{"loss": {"zhongtest_loss": 0.04125959046032964}, "step": 85}
Step:86	{"loss": {"zhongtrain_loss": 0.0069144645207364795}, "step": 86}
Step:86	{"loss": {"zhongtest_loss": 0.04134036570179219}, "step": 86}
Step:87	{"loss": {"zhongtrain_loss": 0.006784400050069245}, "step": 87}
Step:87	{"loss": {"zhongtest_loss": 0.041400340138649454}, "step": 87}
Step:88	{"loss": {"zhongtrain_loss": 0.007083561848586713}, "step": 88}
Step:88	{"loss": {"zhongtest_loss": 0.04144802872015505}, "step": 88}
Step:89	{"loss": {"zhongtrain_loss": 0.006948927968320712}, "step": 89}
Step:89	{"loss": {"zhongtest_loss": 0.041517729661902605}, "step": 89}
Step:90	{"loss": {"zhongtrain_loss": 0.006742964747925879}, "step": 90}
Step:90	{"loss": {"zhongtest_loss": 0.041582122141001175}, "step": 90}
Step:91	{"loss": {"zhongtrain_loss": 0.006333954317468992}, "step": 91}
Step:91	{"loss": {"zhongtest_loss": 0.04159887956113231}, "step": 91}
Step:92	{"loss": {"zhongtrain_loss": 0.006352815199905718}, "step": 92}
Step:92	{"loss": {"zhongtest_loss": 0.041600314938292214}, "step": 92}
Step:93	{"loss": {"zhongtrain_loss": 0.0061134452551183565}, "step": 93}
Step:93	{"loss": {"zhongtest_loss": 0.0416187266914212}, "step": 93}
Step:94	{"loss": {"zhongtrain_loss": 0.005956574225089919}, "step": 94}
Step:94	{"loss": {"zhongtest_loss": 0.041608523349372706}, "step": 94}
Step:95	{"loss": {"zhongtrain_loss": 0.0061527308024151225}, "step": 95}
Step:95	{"loss": {"zhongtest_loss": 0.04155835326837034}, "step": 95}
Step:96	{"loss": {"zhongtrain_loss": 0.00634467706713878}, "step": 96}
Step:96	{"loss": {"zhongtest_loss": 0.041483543357070614}, "step": 96}
Step:97	{"loss": {"zhongtrain_loss": 0.00571173156650973}, "step": 97}
Step:97	{"loss": {"zhongtest_loss": 0.0413926718186359}, "step": 97}
Step:98	{"loss": {"zhongtrain_loss": 0.00600229455551631}, "step": 98}
Step:98	{"loss": {"zhongtest_loss": 0.04132669312613351}, "step": 98}
Step:99	{"loss": {"zhongtrain_loss": 0.005645594546492671}, "step": 99}
Step:99	{"loss": {"zhongtest_loss": 0.041256208809054624}, "step": 99}
Step:100	{"loss": {"zhongtrain_loss": 0.0056155328179748965}, "step": 100}
Step:100	{"loss": {"zhongtest_loss": 0.041128202360503525}, "step": 100}
