Step:1	{"metric": {"zhongtrain": {"acc": 0.1748971193415638}}, "step": 1}
Step:1	{"metric": {"zhongtest": {"acc": 0.24489795918367346}}, "step": 1}
Step:1	{"metric": {"zhongtest": {"UAR": 0.062879}}, "step": 1}
Step:1	{"metric": {"zhongtest": {"Macro_F1": 0.085434}}, "step": 1}
Step:1	{"metric": {"zhongtest": {"wa": 0.621866}}, "step": 1}
Step:2	{"metric": {"zhongtrain": {"acc": 0.2777777777777778}}, "step": 2}
Step:2	{"metric": {"zhongtest": {"acc": 0.2857142857142857}}, "step": 2}
Step:2	{"metric": {"zhongtest": {"UAR": 0.089901}}, "step": 2}
Step:2	{"metric": {"zhongtest": {"Macro_F1": 0.12351}}, "step": 2}
Step:2	{"metric": {"zhongtest": {"wa": 0.611953}}, "step": 2}
Step:3	{"metric": {"zhongtrain": {"acc": 0.38477366255144035}}, "step": 3}
Step:3	{"metric": {"zhongtest": {"acc": 0.3673469387755102}}, "step": 3}
Step:3	{"metric": {"zhongtest": {"UAR": 0.222316}}, "step": 3}
Step:3	{"metric": {"zhongtest": {"Macro_F1": 0.233569}}, "step": 3}
Step:3	{"metric": {"zhongtest": {"wa": 0.530082}}, "step": 3}
Step:4	{"metric": {"zhongtrain": {"acc": 0.4711934156378601}}, "step": 4}
Step:4	{"metric": {"zhongtest": {"acc": 0.3673469387755102}}, "step": 4}
Step:4	{"metric": {"zhongtest": {"UAR": 0.278571}}, "step": 4}
Step:4	{"metric": {"zhongtest": {"Macro_F1": 0.247377}}, "step": 4}
Step:4	{"metric": {"zhongtest": {"wa": 0.54894}}, "step": 4}
Step:5	{"metric": {"zhongtrain": {"acc": 0.49382716049382713}}, "step": 5}
Step:5	{"metric": {"zhongtest": {"acc": 0.3673469387755102}}, "step": 5}
Step:5	{"metric": {"zhongtest": {"UAR": 0.312821}}, "step": 5}
Step:5	{"metric": {"zhongtest": {"Macro_F1": 0.221184}}, "step": 5}
Step:5	{"metric": {"zhongtest": {"wa": 0.67718}}, "step": 5}
Step:6	{"metric": {"zhongtrain": {"acc": 0.5473251028806584}}, "step": 6}
Step:6	{"metric": {"zhongtest": {"acc": 0.46938775510204084}}, "step": 6}
Step:6	{"metric": {"zhongtest": {"UAR": 0.4163}}, "step": 6}
Step:6	{"metric": {"zhongtest": {"Macro_F1": 0.356723}}, "step": 6}
Step:6	{"metric": {"zhongtest": {"wa": 0.58961}}, "step": 6}
Step:7	{"metric": {"zhongtrain": {"acc": 0.6234567901234568}}, "step": 7}
Step:7	{"metric": {"zhongtest": {"acc": 0.4897959183673469}}, "step": 7}
Step:7	{"metric": {"zhongtest": {"UAR": 0.435348}}, "step": 7}
Step:7	{"metric": {"zhongtest": {"Macro_F1": 0.37611}}, "step": 7}
Step:7	{"metric": {"zhongtest": {"wa": 0.599351}}, "step": 7}
Step:8	{"metric": {"zhongtrain": {"acc": 0.654320987654321}}, "step": 8}
Step:8	{"metric": {"zhongtest": {"acc": 0.46938775510204084}}, "step": 8}
Step:8	{"metric": {"zhongtest": {"UAR": 0.471596}}, "step": 8}
Step:8	{"metric": {"zhongtest": {"Macro_F1": 0.36583}}, "step": 8}
Step:8	{"metric": {"zhongtest": {"wa": 0.675272}}, "step": 8}
Step:9	{"metric": {"zhongtrain": {"acc": 0.6975308641975309}}, "step": 9}
Step:9	{"metric": {"zhongtest": {"acc": 0.5510204081632653}}, "step": 9}
Step:9	{"metric": {"zhongtest": {"UAR": 0.480464}}, "step": 9}
Step:9	{"metric": {"zhongtest": {"Macro_F1": 0.42215}}, "step": 9}
Step:9	{"metric": {"zhongtest": {"wa": 0.676199}}, "step": 9}
Step:10	{"metric": {"zhongtrain": {"acc": 0.7654320987654321}}, "step": 10}
Step:10	{"metric": {"zhongtest": {"acc": 0.4897959183673469}}, "step": 10}
Step:10	{"metric": {"zhongtest": {"UAR": 0.392756}}, "step": 10}
Step:10	{"metric": {"zhongtest": {"Macro_F1": 0.368707}}, "step": 10}
Step:10	{"metric": {"zhongtest": {"wa": 0.598383}}, "step": 10}
Step:11	{"metric": {"zhongtrain": {"acc": 0.8127572016460906}}, "step": 11}
Step:11	{"metric": {"zhongtest": {"acc": 0.4897959183673469}}, "step": 11}
Step:11	{"metric": {"zhongtest": {"UAR": 0.429612}}, "step": 11}
Step:11	{"metric": {"zhongtest": {"Macro_F1": 0.385253}}, "step": 11}
Step:11	{"metric": {"zhongtest": {"wa": 0.611357}}, "step": 11}
Step:12	{"metric": {"zhongtrain": {"acc": 0.8271604938271605}}, "step": 12}
Step:12	{"metric": {"zhongtest": {"acc": 0.5102040816326531}}, "step": 12}
Step:12	{"metric": {"zhongtest": {"UAR": 0.471858}}, "step": 12}
Step:12	{"metric": {"zhongtest": {"Macro_F1": 0.386436}}, "step": 12}
Step:12	{"metric": {"zhongtest": {"wa": 0.674397}}, "step": 12}
Step:13	{"metric": {"zhongtrain": {"acc": 0.831275720164609}}, "step": 13}
Step:13	{"metric": {"zhongtest": {"acc": 0.5510204081632653}}, "step": 13}
Step:13	{"metric": {"zhongtest": {"UAR": 0.485372}}, "step": 13}
Step:13	{"metric": {"zhongtest": {"Macro_F1": 0.422663}}, "step": 13}
Step:13	{"metric": {"zhongtest": {"wa": 0.684416}}, "step": 13}
Step:14	{"metric": {"zhongtrain": {"acc": 0.8518518518518519}}, "step": 14}
Step:14	{"metric": {"zhongtest": {"acc": 0.5510204081632653}}, "step": 14}
Step:14	{"metric": {"zhongtest": {"UAR": 0.517425}}, "step": 14}
Step:14	{"metric": {"zhongtest": {"Macro_F1": 0.419888}}, "step": 14}
Step:14	{"metric": {"zhongtest": {"wa": 0.705023}}, "step": 14}
Step:15	{"metric": {"zhongtrain": {"acc": 0.8765432098765432}}, "step": 15}
Step:15	{"metric": {"zhongtest": {"acc": 0.5306122448979592}}, "step": 15}
Step:15	{"metric": {"zhongtest": {"UAR": 0.461451}}, "step": 15}
Step:15	{"metric": {"zhongtest": {"Macro_F1": 0.414027}}, "step": 15}
Step:15	{"metric": {"zhongtest": {"wa": 0.658667}}, "step": 15}
Step:16	{"metric": {"zhongtrain": {"acc": 0.8930041152263375}}, "step": 16}
Step:16	{"metric": {"zhongtest": {"acc": 0.5306122448979592}}, "step": 16}
Step:16	{"metric": {"zhongtest": {"UAR": 0.458639}}, "step": 16}
Step:16	{"metric": {"zhongtest": {"Macro_F1": 0.410178}}, "step": 16}
Step:16	{"metric": {"zhongtest": {"wa": 0.645786}}, "step": 16}
Step:17	{"metric": {"zhongtrain": {"acc": 0.897119341563786}}, "step": 17}
Step:17	{"metric": {"zhongtest": {"acc": 0.5306122448979592}}, "step": 17}
Step:17	{"metric": {"zhongtest": {"UAR": 0.440043}}, "step": 17}
Step:17	{"metric": {"zhongtest": {"Macro_F1": 0.401095}}, "step": 17}
Step:17	{"metric": {"zhongtest": {"wa": 0.657328}}, "step": 17}
Step:18	{"metric": {"zhongtrain": {"acc": 0.9176954732510288}}, "step": 18}
Step:18	{"metric": {"zhongtest": {"acc": 0.5306122448979592}}, "step": 18}
Step:18	{"metric": {"zhongtest": {"UAR": 0.492063}}, "step": 18}
Step:18	{"metric": {"zhongtest": {"Macro_F1": 0.417816}}, "step": 18}
Step:18	{"metric": {"zhongtest": {"wa": 0.647734}}, "step": 18}
Step:19	{"metric": {"zhongtrain": {"acc": 0.9320987654320988}}, "step": 19}
Step:19	{"metric": {"zhongtest": {"acc": 0.5510204081632653}}, "step": 19}
Step:19	{"metric": {"zhongtest": {"UAR": 0.487408}}, "step": 19}
Step:19	{"metric": {"zhongtest": {"Macro_F1": 0.442191}}, "step": 19}
Step:19	{"metric": {"zhongtest": {"wa": 0.62995}}, "step": 19}
Step:20	{"metric": {"zhongtrain": {"acc": 0.934156378600823}}, "step": 20}
Step:20	{"metric": {"zhongtest": {"acc": 0.5714285714285714}}, "step": 20}
Step:20	{"metric": {"zhongtest": {"UAR": 0.485088}}, "step": 20}
Step:20	{"metric": {"zhongtest": {"Macro_F1": 0.444107}}, "step": 20}
Step:20	{"metric": {"zhongtest": {"wa": 0.665584}}, "step": 20}
Step:21	{"metric": {"zhongtrain": {"acc": 0.9423868312757202}}, "step": 21}
Step:21	{"metric": {"zhongtest": {"acc": 0.5306122448979592}}, "step": 21}
Step:21	{"metric": {"zhongtest": {"UAR": 0.490608}}, "step": 21}
Step:21	{"metric": {"zhongtest": {"Macro_F1": 0.418182}}, "step": 21}
Step:21	{"metric": {"zhongtest": {"wa": 0.647442}}, "step": 21}
Step:22	{"metric": {"zhongtrain": {"acc": 0.9526748971193416}}, "step": 22}
Step:22	{"metric": {"zhongtest": {"acc": 0.5510204081632653}}, "step": 22}
Step:22	{"metric": {"zhongtest": {"UAR": 0.506116}}, "step": 22}
Step:22	{"metric": {"zhongtest": {"Macro_F1": 0.44428}}, "step": 22}
Step:22	{"metric": {"zhongtest": {"wa": 0.619017}}, "step": 22}
Step:23	{"metric": {"zhongtrain": {"acc": 0.9670781893004116}}, "step": 23}
Step:23	{"metric": {"zhongtest": {"acc": 0.5306122448979592}}, "step": 23}
Step:23	{"metric": {"zhongtest": {"UAR": 0.498298}}, "step": 23}
Step:23	{"metric": {"zhongtest": {"Macro_F1": 0.424886}}, "step": 23}
Step:23	{"metric": {"zhongtest": {"wa": 0.619017}}, "step": 23}
Step:24	{"metric": {"zhongtrain": {"acc": 0.9670781893004116}}, "step": 24}
Step:24	{"metric": {"zhongtest": {"acc": 0.5510204081632653}}, "step": 24}
Step:24	{"metric": {"zhongtest": {"UAR": 0.519013}}, "step": 24}
Step:24	{"metric": {"zhongtest": {"Macro_F1": 0.442927}}, "step": 24}
Step:24	{"metric": {"zhongtest": {"wa": 0.645256}}, "step": 24}
Step:25	{"metric": {"zhongtrain": {"acc": 0.9711934156378601}}, "step": 25}
Step:25	{"metric": {"zhongtest": {"acc": 0.5510204081632653}}, "step": 25}
Step:25	{"metric": {"zhongtest": {"UAR": 0.519013}}, "step": 25}
Step:25	{"metric": {"zhongtest": {"Macro_F1": 0.444535}}, "step": 25}
Step:25	{"metric": {"zhongtest": {"wa": 0.645985}}, "step": 25}
Step:26	{"metric": {"zhongtrain": {"acc": 0.9732510288065843}}, "step": 26}
Step:26	{"metric": {"zhongtest": {"acc": 0.5918367346938775}}, "step": 26}
Step:26	{"metric": {"zhongtest": {"UAR": 0.536075}}, "step": 26}
Step:26	{"metric": {"zhongtest": {"Macro_F1": 0.473106}}, "step": 26}
Step:26	{"metric": {"zhongtest": {"wa": 0.66528}}, "step": 26}
Step:27	{"metric": {"zhongtrain": {"acc": 0.9732510288065843}}, "step": 27}
Step:27	{"metric": {"zhongtest": {"acc": 0.5918367346938775}}, "step": 27}
Step:27	{"metric": {"zhongtest": {"UAR": 0.54121}}, "step": 27}
Step:27	{"metric": {"zhongtest": {"Macro_F1": 0.474666}}, "step": 27}
Step:27	{"metric": {"zhongtest": {"wa": 0.648516}}, "step": 27}
Step:28	{"metric": {"zhongtrain": {"acc": 0.9794238683127572}}, "step": 28}
Step:28	{"metric": {"zhongtest": {"acc": 0.5918367346938775}}, "step": 28}
Step:28	{"metric": {"zhongtest": {"UAR": 0.54121}}, "step": 28}
Step:28	{"metric": {"zhongtest": {"Macro_F1": 0.476274}}, "step": 28}
Step:28	{"metric": {"zhongtest": {"wa": 0.649245}}, "step": 28}
Step:29	{"metric": {"zhongtrain": {"acc": 0.9897119341563786}}, "step": 29}
Step:29	{"metric": {"zhongtest": {"acc": 0.5714285714285714}}, "step": 29}
Step:29	{"metric": {"zhongtest": {"UAR": 0.523972}}, "step": 29}
Step:29	{"metric": {"zhongtest": {"Macro_F1": 0.459201}}, "step": 29}
Step:29	{"metric": {"zhongtest": {"wa": 0.614856}}, "step": 29}
Step:30	{"metric": {"zhongtrain": {"acc": 0.9897119341563786}}, "step": 30}
Step:30	{"metric": {"zhongtest": {"acc": 0.5306122448979592}}, "step": 30}
Step:30	{"metric": {"zhongtest": {"UAR": 0.505441}}, "step": 30}
Step:30	{"metric": {"zhongtest": {"Macro_F1": 0.428855}}, "step": 30}
Step:30	{"metric": {"zhongtest": {"wa": 0.613915}}, "step": 30}
Step:31	{"metric": {"zhongtrain": {"acc": 0.9897119341563786}}, "step": 31}
Step:31	{"metric": {"zhongtest": {"acc": 0.5714285714285714}}, "step": 31}
Step:31	{"metric": {"zhongtest": {"UAR": 0.520202}}, "step": 31}
Step:31	{"metric": {"zhongtest": {"Macro_F1": 0.456622}}, "step": 31}
Step:31	{"metric": {"zhongtest": {"wa": 0.641823}}, "step": 31}
Step:32	{"metric": {"zhongtrain": {"acc": 0.9958847736625515}}, "step": 32}
Step:32	{"metric": {"zhongtest": {"acc": 0.5714285714285714}}, "step": 32}
Step:32	{"metric": {"zhongtest": {"UAR": 0.513433}}, "step": 32}
Step:32	{"metric": {"zhongtest": {"Macro_F1": 0.459697}}, "step": 32}
Step:32	{"metric": {"zhongtest": {"wa": 0.626517}}, "step": 32}
Step:33	{"metric": {"zhongtrain": {"acc": 0.9958847736625515}}, "step": 33}
Step:33	{"metric": {"zhongtest": {"acc": 0.5714285714285714}}, "step": 33}
Step:33	{"metric": {"zhongtest": {"UAR": 0.525337}}, "step": 33}
Step:33	{"metric": {"zhongtest": {"Macro_F1": 0.45979}}, "step": 33}
Step:33	{"metric": {"zhongtest": {"wa": 0.625788}}, "step": 33}
Step:34	{"metric": {"zhongtrain": {"acc": 1.0}}, "step": 34}
Step:34	{"metric": {"zhongtest": {"acc": 0.5714285714285714}}, "step": 34}
Step:34	{"metric": {"zhongtest": {"UAR": 0.525337}}, "step": 34}
Step:34	{"metric": {"zhongtest": {"Macro_F1": 0.45979}}, "step": 34}
Step:34	{"metric": {"zhongtest": {"wa": 0.625788}}, "step": 34}
Step:35	{"metric": {"zhongtrain": {"acc": 1.0}}, "step": 35}
Step:35	{"metric": {"zhongtest": {"acc": 0.5714285714285714}}, "step": 35}
Step:35	{"metric": {"zhongtest": {"UAR": 0.525337}}, "step": 35}
Step:35	{"metric": {"zhongtest": {"Macro_F1": 0.45979}}, "step": 35}
Step:35	{"metric": {"zhongtest": {"wa": 0.625788}}, "step": 35}
Step:36	{"metric": {"zhongtrain": {"acc": 1.0}}, "step": 36}
Step:36	{"metric": {"zhongtest": {"acc": 0.5714285714285714}}, "step": 36}
Step:36	{"metric": {"zhongtest": {"UAR": 0.525337}}, "step": 36}
Step:36	{"metric": {"zhongtest": {"Macro_F1": 0.45979}}, "step": 36}
Step:36	{"metric": {"zhongtest": {"wa": 0.625788}}, "step": 36}
Step:37	{"metric": {"zhongtrain": {"acc": 1.0}}, "step": 37}
Step:37	{"metric": {"zhongtest": {"acc": 0.5714285714285714}}, "step": 37}
Step:37	{"metric": {"zhongtest": {"UAR": 0.525337}}, "step": 37}
Step:37	{"metric": {"zhongtest": {"Macro_F1": 0.45979}}, "step": 37}
Step:37	{"metric": {"zhongtest": {"wa": 0.625788}}, "step": 37}
Step:38	{"metric": {"zhongtrain": {"acc": 1.0}}, "step": 38}
Step:38	{"metric": {"zhongtest": {"acc": 0.5714285714285714}}, "step": 38}
Step:38	{"metric": {"zhongtest": {"UAR": 0.525337}}, "step": 38}
Step:38	{"metric": {"zhongtest": {"Macro_F1": 0.45979}}, "step": 38}
Step:38	{"metric": {"zhongtest": {"wa": 0.625788}}, "step": 38}
Step:39	{"metric": {"zhongtrain": {"acc": 1.0}}, "step": 39}
Step:39	{"metric": {"zhongtest": {"acc": 0.5714285714285714}}, "step": 39}
Step:39	{"metric": {"zhongtest": {"UAR": 0.525337}}, "step": 39}
Step:39	{"metric": {"zhongtest": {"Macro_F1": 0.45979}}, "step": 39}
Step:39	{"metric": {"zhongtest": {"wa": 0.625788}}, "step": 39}
Step:40	{"metric": {"zhongtrain": {"acc": 1.0}}, "step": 40}
Step:40	{"metric": {"zhongtest": {"acc": 0.5714285714285714}}, "step": 40}
Step:40	{"metric": {"zhongtest": {"UAR": 0.525337}}, "step": 40}
Step:40	{"metric": {"zhongtest": {"Macro_F1": 0.45979}}, "step": 40}
Step:40	{"metric": {"zhongtest": {"wa": 0.625788}}, "step": 40}
Step:41	{"metric": {"zhongtrain": {"acc": 1.0}}, "step": 41}
Step:41	{"metric": {"zhongtest": {"acc": 0.5714285714285714}}, "step": 41}
Step:41	{"metric": {"zhongtest": {"UAR": 0.513433}}, "step": 41}
Step:41	{"metric": {"zhongtest": {"Macro_F1": 0.459697}}, "step": 41}
Step:41	{"metric": {"zhongtest": {"wa": 0.626517}}, "step": 41}
Step:42	{"metric": {"zhongtrain": {"acc": 1.0}}, "step": 42}
Step:42	{"metric": {"zhongtest": {"acc": 0.5714285714285714}}, "step": 42}
Step:42	{"metric": {"zhongtest": {"UAR": 0.525337}}, "step": 42}
Step:42	{"metric": {"zhongtest": {"Macro_F1": 0.45979}}, "step": 42}
Step:42	{"metric": {"zhongtest": {"wa": 0.625788}}, "step": 42}
Step:43	{"metric": {"zhongtrain": {"acc": 1.0}}, "step": 43}
Step:43	{"metric": {"zhongtest": {"acc": 0.5714285714285714}}, "step": 43}
Step:43	{"metric": {"zhongtest": {"UAR": 0.525337}}, "step": 43}
Step:43	{"metric": {"zhongtest": {"Macro_F1": 0.45979}}, "step": 43}
Step:43	{"metric": {"zhongtest": {"wa": 0.625788}}, "step": 43}
Step:44	{"metric": {"zhongtrain": {"acc": 1.0}}, "step": 44}
Step:44	{"metric": {"zhongtest": {"acc": 0.5714285714285714}}, "step": 44}
Step:44	{"metric": {"zhongtest": {"UAR": 0.525337}}, "step": 44}
Step:44	{"metric": {"zhongtest": {"Macro_F1": 0.45979}}, "step": 44}
Step:44	{"metric": {"zhongtest": {"wa": 0.625788}}, "step": 44}
Step:45	{"metric": {"zhongtrain": {"acc": 1.0}}, "step": 45}
Step:45	{"metric": {"zhongtest": {"acc": 0.5714285714285714}}, "step": 45}
Step:45	{"metric": {"zhongtest": {"UAR": 0.525337}}, "step": 45}
Step:45	{"metric": {"zhongtest": {"Macro_F1": 0.45979}}, "step": 45}
Step:45	{"metric": {"zhongtest": {"wa": 0.625788}}, "step": 45}
Step:46	{"metric": {"zhongtrain": {"acc": 1.0}}, "step": 46}
Step:46	{"metric": {"zhongtest": {"acc": 0.5714285714285714}}, "step": 46}
Step:46	{"metric": {"zhongtest": {"UAR": 0.525337}}, "step": 46}
Step:46	{"metric": {"zhongtest": {"Macro_F1": 0.45979}}, "step": 46}
Step:46	{"metric": {"zhongtest": {"wa": 0.625788}}, "step": 46}
Step:47	{"metric": {"zhongtrain": {"acc": 1.0}}, "step": 47}
Step:47	{"metric": {"zhongtest": {"acc": 0.5714285714285714}}, "step": 47}
Step:47	{"metric": {"zhongtest": {"UAR": 0.525337}}, "step": 47}
Step:47	{"metric": {"zhongtest": {"Macro_F1": 0.45979}}, "step": 47}
Step:47	{"metric": {"zhongtest": {"wa": 0.625788}}, "step": 47}
Step:48	{"metric": {"zhongtrain": {"acc": 1.0}}, "step": 48}
Step:48	{"metric": {"zhongtest": {"acc": 0.5714285714285714}}, "step": 48}
Step:48	{"metric": {"zhongtest": {"UAR": 0.525337}}, "step": 48}
Step:48	{"metric": {"zhongtest": {"Macro_F1": 0.45979}}, "step": 48}
Step:48	{"metric": {"zhongtest": {"wa": 0.625788}}, "step": 48}
Step:49	{"metric": {"zhongtrain": {"acc": 1.0}}, "step": 49}
Step:49	{"metric": {"zhongtest": {"acc": 0.5714285714285714}}, "step": 49}
Step:49	{"metric": {"zhongtest": {"UAR": 0.525337}}, "step": 49}
Step:49	{"metric": {"zhongtest": {"Macro_F1": 0.45979}}, "step": 49}
Step:49	{"metric": {"zhongtest": {"wa": 0.625788}}, "step": 49}
Step:50	{"metric": {"zhongtrain": {"acc": 1.0}}, "step": 50}
Step:50	{"metric": {"zhongtest": {"acc": 0.5714285714285714}}, "step": 50}
Step:50	{"metric": {"zhongtest": {"UAR": 0.525337}}, "step": 50}
Step:50	{"metric": {"zhongtest": {"Macro_F1": 0.45979}}, "step": 50}
Step:50	{"metric": {"zhongtest": {"wa": 0.625788}}, "step": 50}
Step:51	{"metric": {"zhongtrain": {"acc": 1.0}}, "step": 51}
Step:51	{"metric": {"zhongtest": {"acc": 0.5918367346938775}}, "step": 51}
Step:51	{"metric": {"zhongtest": {"UAR": 0.5345}}, "step": 51}
Step:51	{"metric": {"zhongtest": {"Macro_F1": 0.474326}}, "step": 51}
Step:51	{"metric": {"zhongtest": {"wa": 0.637291}}, "step": 51}
Step:52	{"metric": {"zhongtrain": {"acc": 1.0}}, "step": 52}
Step:52	{"metric": {"zhongtest": {"acc": 0.5714285714285714}}, "step": 52}
Step:52	{"metric": {"zhongtest": {"UAR": 0.525337}}, "step": 52}
Step:52	{"metric": {"zhongtest": {"Macro_F1": 0.45979}}, "step": 52}
Step:52	{"metric": {"zhongtest": {"wa": 0.625788}}, "step": 52}
Step:53	{"metric": {"zhongtrain": {"acc": 1.0}}, "step": 53}
Step:53	{"metric": {"zhongtest": {"acc": 0.5714285714285714}}, "step": 53}
Step:53	{"metric": {"zhongtest": {"UAR": 0.525337}}, "step": 53}
Step:53	{"metric": {"zhongtest": {"Macro_F1": 0.45979}}, "step": 53}
Step:53	{"metric": {"zhongtest": {"wa": 0.625788}}, "step": 53}
Step:54	{"metric": {"zhongtrain": {"acc": 1.0}}, "step": 54}
Step:54	{"metric": {"zhongtest": {"acc": 0.5714285714285714}}, "step": 54}
Step:54	{"metric": {"zhongtest": {"UAR": 0.525337}}, "step": 54}
Step:54	{"metric": {"zhongtest": {"Macro_F1": 0.45979}}, "step": 54}
Step:54	{"metric": {"zhongtest": {"wa": 0.625788}}, "step": 54}
Step:55	{"metric": {"zhongtrain": {"acc": 1.0}}, "step": 55}
Step:55	{"metric": {"zhongtest": {"acc": 0.5714285714285714}}, "step": 55}
Step:55	{"metric": {"zhongtest": {"UAR": 0.525337}}, "step": 55}
Step:55	{"metric": {"zhongtest": {"Macro_F1": 0.45979}}, "step": 55}
Step:55	{"metric": {"zhongtest": {"wa": 0.625788}}, "step": 55}
Step:56	{"metric": {"zhongtrain": {"acc": 1.0}}, "step": 56}
Step:56	{"metric": {"zhongtest": {"acc": 0.5918367346938775}}, "step": 56}
Step:56	{"metric": {"zhongtest": {"UAR": 0.5345}}, "step": 56}
Step:56	{"metric": {"zhongtest": {"Macro_F1": 0.474326}}, "step": 56}
Step:56	{"metric": {"zhongtest": {"wa": 0.637291}}, "step": 56}
Step:57	{"metric": {"zhongtrain": {"acc": 1.0}}, "step": 57}
Step:57	{"metric": {"zhongtest": {"acc": 0.5714285714285714}}, "step": 57}
Step:57	{"metric": {"zhongtest": {"UAR": 0.525337}}, "step": 57}
Step:57	{"metric": {"zhongtest": {"Macro_F1": 0.45979}}, "step": 57}
Step:57	{"metric": {"zhongtest": {"wa": 0.625788}}, "step": 57}
Step:58	{"metric": {"zhongtrain": {"acc": 1.0}}, "step": 58}
Step:58	{"metric": {"zhongtest": {"acc": 0.5714285714285714}}, "step": 58}
Step:58	{"metric": {"zhongtest": {"UAR": 0.525337}}, "step": 58}
Step:58	{"metric": {"zhongtest": {"Macro_F1": 0.45979}}, "step": 58}
Step:58	{"metric": {"zhongtest": {"wa": 0.625788}}, "step": 58}
Step:59	{"metric": {"zhongtrain": {"acc": 1.0}}, "step": 59}
Step:59	{"metric": {"zhongtest": {"acc": 0.5714285714285714}}, "step": 59}
Step:59	{"metric": {"zhongtest": {"UAR": 0.525337}}, "step": 59}
Step:59	{"metric": {"zhongtest": {"Macro_F1": 0.45979}}, "step": 59}
Step:59	{"metric": {"zhongtest": {"wa": 0.625788}}, "step": 59}
Step:60	{"metric": {"zhongtrain": {"acc": 1.0}}, "step": 60}
Step:60	{"metric": {"zhongtest": {"acc": 0.6122448979591837}}, "step": 60}
Step:60	{"metric": {"zhongtest": {"UAR": 0.544024}}, "step": 60}
Step:60	{"metric": {"zhongtest": {"Macro_F1": 0.488612}}, "step": 60}
Step:60	{"metric": {"zhongtest": {"wa": 0.652505}}, "step": 60}
Step:61	{"metric": {"zhongtrain": {"acc": 1.0}}, "step": 61}
Step:61	{"metric": {"zhongtest": {"acc": 0.5918367346938775}}, "step": 61}
Step:61	{"metric": {"zhongtest": {"UAR": 0.5345}}, "step": 61}
Step:61	{"metric": {"zhongtest": {"Macro_F1": 0.474326}}, "step": 61}
Step:61	{"metric": {"zhongtest": {"wa": 0.637291}}, "step": 61}
Step:62	{"metric": {"zhongtrain": {"acc": 1.0}}, "step": 62}
Step:62	{"metric": {"zhongtest": {"acc": 0.5714285714285714}}, "step": 62}
Step:62	{"metric": {"zhongtest": {"UAR": 0.525337}}, "step": 62}
Step:62	{"metric": {"zhongtest": {"Macro_F1": 0.45979}}, "step": 62}
Step:62	{"metric": {"zhongtest": {"wa": 0.625788}}, "step": 62}
Step:63	{"metric": {"zhongtrain": {"acc": 1.0}}, "step": 63}
Step:63	{"metric": {"zhongtest": {"acc": 0.5918367346938775}}, "step": 63}
Step:63	{"metric": {"zhongtest": {"UAR": 0.5345}}, "step": 63}
Step:63	{"metric": {"zhongtest": {"Macro_F1": 0.474326}}, "step": 63}
Step:63	{"metric": {"zhongtest": {"wa": 0.637291}}, "step": 63}
Step:64	{"metric": {"zhongtrain": {"acc": 1.0}}, "step": 64}
Step:64	{"metric": {"zhongtest": {"acc": 0.6122448979591837}}, "step": 64}
Step:64	{"metric": {"zhongtest": {"UAR": 0.544024}}, "step": 64}
Step:64	{"metric": {"zhongtest": {"Macro_F1": 0.488612}}, "step": 64}
Step:64	{"metric": {"zhongtest": {"wa": 0.652505}}, "step": 64}
Step:65	{"metric": {"zhongtrain": {"acc": 1.0}}, "step": 65}
Step:65	{"metric": {"zhongtest": {"acc": 0.6122448979591837}}, "step": 65}
Step:65	{"metric": {"zhongtest": {"UAR": 0.544024}}, "step": 65}
Step:65	{"metric": {"zhongtest": {"Macro_F1": 0.488612}}, "step": 65}
Step:65	{"metric": {"zhongtest": {"wa": 0.652505}}, "step": 65}
Step:66	{"metric": {"zhongtrain": {"acc": 1.0}}, "step": 66}
Step:66	{"metric": {"zhongtest": {"acc": 0.6122448979591837}}, "step": 66}
Step:66	{"metric": {"zhongtest": {"UAR": 0.544024}}, "step": 66}
Step:66	{"metric": {"zhongtest": {"Macro_F1": 0.488612}}, "step": 66}
Step:66	{"metric": {"zhongtest": {"wa": 0.652505}}, "step": 66}
Step:67	{"metric": {"zhongtrain": {"acc": 1.0}}, "step": 67}
Step:67	{"metric": {"zhongtest": {"acc": 0.6122448979591837}}, "step": 67}
Step:67	{"metric": {"zhongtest": {"UAR": 0.544024}}, "step": 67}
Step:67	{"metric": {"zhongtest": {"Macro_F1": 0.488612}}, "step": 67}
Step:67	{"metric": {"zhongtest": {"wa": 0.652505}}, "step": 67}
Step:68	{"metric": {"zhongtrain": {"acc": 1.0}}, "step": 68}
Step:68	{"metric": {"zhongtest": {"acc": 0.5714285714285714}}, "step": 68}
Step:68	{"metric": {"zhongtest": {"UAR": 0.525337}}, "step": 68}
Step:68	{"metric": {"zhongtest": {"Macro_F1": 0.45979}}, "step": 68}
Step:68	{"metric": {"zhongtest": {"wa": 0.625788}}, "step": 68}
Step:69	{"metric": {"zhongtrain": {"acc": 1.0}}, "step": 69}
Step:69	{"metric": {"zhongtest": {"acc": 0.5918367346938775}}, "step": 69}
Step:69	{"metric": {"zhongtest": {"UAR": 0.5345}}, "step": 69}
Step:69	{"metric": {"zhongtest": {"Macro_F1": 0.474326}}, "step": 69}
Step:69	{"metric": {"zhongtest": {"wa": 0.637291}}, "step": 69}
Step:70	{"metric": {"zhongtrain": {"acc": 1.0}}, "step": 70}
Step:70	{"metric": {"zhongtest": {"acc": 0.6122448979591837}}, "step": 70}
Step:70	{"metric": {"zhongtest": {"UAR": 0.544024}}, "step": 70}
Step:70	{"metric": {"zhongtest": {"Macro_F1": 0.488612}}, "step": 70}
Step:70	{"metric": {"zhongtest": {"wa": 0.652505}}, "step": 70}
Step:71	{"metric": {"zhongtrain": {"acc": 1.0}}, "step": 71}
Step:71	{"metric": {"zhongtest": {"acc": 0.6122448979591837}}, "step": 71}
Step:71	{"metric": {"zhongtest": {"UAR": 0.544024}}, "step": 71}
Step:71	{"metric": {"zhongtest": {"Macro_F1": 0.488612}}, "step": 71}
Step:71	{"metric": {"zhongtest": {"wa": 0.652505}}, "step": 71}
Step:72	{"metric": {"zhongtrain": {"acc": 1.0}}, "step": 72}
Step:72	{"metric": {"zhongtest": {"acc": 0.6122448979591837}}, "step": 72}
Step:72	{"metric": {"zhongtest": {"UAR": 0.544024}}, "step": 72}
Step:72	{"metric": {"zhongtest": {"Macro_F1": 0.488612}}, "step": 72}
Step:72	{"metric": {"zhongtest": {"wa": 0.652505}}, "step": 72}
Step:73	{"metric": {"zhongtrain": {"acc": 1.0}}, "step": 73}
Step:73	{"metric": {"zhongtest": {"acc": 0.6122448979591837}}, "step": 73}
Step:73	{"metric": {"zhongtest": {"UAR": 0.544024}}, "step": 73}
Step:73	{"metric": {"zhongtest": {"Macro_F1": 0.488612}}, "step": 73}
Step:73	{"metric": {"zhongtest": {"wa": 0.652505}}, "step": 73}
Step:74	{"metric": {"zhongtrain": {"acc": 1.0}}, "step": 74}
Step:74	{"metric": {"zhongtest": {"acc": 0.6122448979591837}}, "step": 74}
Step:74	{"metric": {"zhongtest": {"UAR": 0.544024}}, "step": 74}
Step:74	{"metric": {"zhongtest": {"Macro_F1": 0.488612}}, "step": 74}
Step:74	{"metric": {"zhongtest": {"wa": 0.652505}}, "step": 74}
Step:75	{"metric": {"zhongtrain": {"acc": 1.0}}, "step": 75}
Step:75	{"metric": {"zhongtest": {"acc": 0.6122448979591837}}, "step": 75}
Step:75	{"metric": {"zhongtest": {"UAR": 0.544024}}, "step": 75}
Step:75	{"metric": {"zhongtest": {"Macro_F1": 0.488612}}, "step": 75}
Step:75	{"metric": {"zhongtest": {"wa": 0.652505}}, "step": 75}
Step:76	{"metric": {"zhongtrain": {"acc": 1.0}}, "step": 76}
Step:76	{"metric": {"zhongtest": {"acc": 0.6122448979591837}}, "step": 76}
Step:76	{"metric": {"zhongtest": {"UAR": 0.544024}}, "step": 76}
Step:76	{"metric": {"zhongtest": {"Macro_F1": 0.488612}}, "step": 76}
Step:76	{"metric": {"zhongtest": {"wa": 0.652505}}, "step": 76}
Step:77	{"metric": {"zhongtrain": {"acc": 1.0}}, "step": 77}
Step:77	{"metric": {"zhongtest": {"acc": 0.6122448979591837}}, "step": 77}
Step:77	{"metric": {"zhongtest": {"UAR": 0.544024}}, "step": 77}
Step:77	{"metric": {"zhongtest": {"Macro_F1": 0.488612}}, "step": 77}
Step:77	{"metric": {"zhongtest": {"wa": 0.652505}}, "step": 77}
Step:78	{"metric": {"zhongtrain": {"acc": 1.0}}, "step": 78}
Step:78	{"metric": {"zhongtest": {"acc": 0.6122448979591837}}, "step": 78}
Step:78	{"metric": {"zhongtest": {"UAR": 0.544024}}, "step": 78}
Step:78	{"metric": {"zhongtest": {"Macro_F1": 0.488612}}, "step": 78}
Step:78	{"metric": {"zhongtest": {"wa": 0.652505}}, "step": 78}
Step:79	{"metric": {"zhongtrain": {"acc": 1.0}}, "step": 79}
Step:79	{"metric": {"zhongtest": {"acc": 0.6122448979591837}}, "step": 79}
Step:79	{"metric": {"zhongtest": {"UAR": 0.544024}}, "step": 79}
Step:79	{"metric": {"zhongtest": {"Macro_F1": 0.488612}}, "step": 79}
Step:79	{"metric": {"zhongtest": {"wa": 0.652505}}, "step": 79}
Step:80	{"metric": {"zhongtrain": {"acc": 1.0}}, "step": 80}
Step:80	{"metric": {"zhongtest": {"acc": 0.6122448979591837}}, "step": 80}
Step:80	{"metric": {"zhongtest": {"UAR": 0.544024}}, "step": 80}
Step:80	{"metric": {"zhongtest": {"Macro_F1": 0.488612}}, "step": 80}
Step:80	{"metric": {"zhongtest": {"wa": 0.652505}}, "step": 80}
Step:81	{"metric": {"zhongtrain": {"acc": 1.0}}, "step": 81}
Step:81	{"metric": {"zhongtest": {"acc": 0.6122448979591837}}, "step": 81}
Step:81	{"metric": {"zhongtest": {"UAR": 0.544024}}, "step": 81}
Step:81	{"metric": {"zhongtest": {"Macro_F1": 0.488612}}, "step": 81}
Step:81	{"metric": {"zhongtest": {"wa": 0.652505}}, "step": 81}
Step:82	{"metric": {"zhongtrain": {"acc": 1.0}}, "step": 82}
Step:82	{"metric": {"zhongtest": {"acc": 0.6122448979591837}}, "step": 82}
Step:82	{"metric": {"zhongtest": {"UAR": 0.544024}}, "step": 82}
Step:82	{"metric": {"zhongtest": {"Macro_F1": 0.488612}}, "step": 82}
Step:82	{"metric": {"zhongtest": {"wa": 0.652505}}, "step": 82}
Step:83	{"metric": {"zhongtrain": {"acc": 1.0}}, "step": 83}
Step:83	{"metric": {"zhongtest": {"acc": 0.6122448979591837}}, "step": 83}
Step:83	{"metric": {"zhongtest": {"UAR": 0.544024}}, "step": 83}
Step:83	{"metric": {"zhongtest": {"Macro_F1": 0.488612}}, "step": 83}
Step:83	{"metric": {"zhongtest": {"wa": 0.652505}}, "step": 83}
Step:84	{"metric": {"zhongtrain": {"acc": 1.0}}, "step": 84}
Step:84	{"metric": {"zhongtest": {"acc": 0.6122448979591837}}, "step": 84}
Step:84	{"metric": {"zhongtest": {"UAR": 0.53212}}, "step": 84}
Step:84	{"metric": {"zhongtest": {"Macro_F1": 0.488519}}, "step": 84}
Step:84	{"metric": {"zhongtest": {"wa": 0.653234}}, "step": 84}
Step:85	{"metric": {"zhongtrain": {"acc": 1.0}}, "step": 85}
Step:85	{"metric": {"zhongtest": {"acc": 0.6122448979591837}}, "step": 85}
Step:85	{"metric": {"zhongtest": {"UAR": 0.544024}}, "step": 85}
Step:85	{"metric": {"zhongtest": {"Macro_F1": 0.488612}}, "step": 85}
Step:85	{"metric": {"zhongtest": {"wa": 0.652505}}, "step": 85}
Step:86	{"metric": {"zhongtrain": {"acc": 1.0}}, "step": 86}
Step:86	{"metric": {"zhongtest": {"acc": 0.6122448979591837}}, "step": 86}
Step:86	{"metric": {"zhongtest": {"UAR": 0.544024}}, "step": 86}
Step:86	{"metric": {"zhongtest": {"Macro_F1": 0.488612}}, "step": 86}
Step:86	{"metric": {"zhongtest": {"wa": 0.652505}}, "step": 86}
Step:87	{"metric": {"zhongtrain": {"acc": 1.0}}, "step": 87}
Step:87	{"metric": {"zhongtest": {"acc": 0.6122448979591837}}, "step": 87}
Step:87	{"metric": {"zhongtest": {"UAR": 0.544024}}, "step": 87}
Step:87	{"metric": {"zhongtest": {"Macro_F1": 0.488612}}, "step": 87}
Step:87	{"metric": {"zhongtest": {"wa": 0.652505}}, "step": 87}
Step:88	{"metric": {"zhongtrain": {"acc": 1.0}}, "step": 88}
Step:88	{"metric": {"zhongtest": {"acc": 0.6122448979591837}}, "step": 88}
Step:88	{"metric": {"zhongtest": {"UAR": 0.544024}}, "step": 88}
Step:88	{"metric": {"zhongtest": {"Macro_F1": 0.488612}}, "step": 88}
Step:88	{"metric": {"zhongtest": {"wa": 0.652505}}, "step": 88}
Step:89	{"metric": {"zhongtrain": {"acc": 1.0}}, "step": 89}
Step:89	{"metric": {"zhongtest": {"acc": 0.6122448979591837}}, "step": 89}
Step:89	{"metric": {"zhongtest": {"UAR": 0.544024}}, "step": 89}
Step:89	{"metric": {"zhongtest": {"Macro_F1": 0.488612}}, "step": 89}
Step:89	{"metric": {"zhongtest": {"wa": 0.652505}}, "step": 89}
Step:90	{"metric": {"zhongtrain": {"acc": 1.0}}, "step": 90}
Step:90	{"metric": {"zhongtest": {"acc": 0.6122448979591837}}, "step": 90}
Step:90	{"metric": {"zhongtest": {"UAR": 0.544024}}, "step": 90}
Step:90	{"metric": {"zhongtest": {"Macro_F1": 0.488612}}, "step": 90}
Step:90	{"metric": {"zhongtest": {"wa": 0.652505}}, "step": 90}
Step:91	{"metric": {"zhongtrain": {"acc": 1.0}}, "step": 91}
Step:91	{"metric": {"zhongtest": {"acc": 0.6122448979591837}}, "step": 91}
Step:91	{"metric": {"zhongtest": {"UAR": 0.53212}}, "step": 91}
Step:91	{"metric": {"zhongtest": {"Macro_F1": 0.488519}}, "step": 91}
Step:91	{"metric": {"zhongtest": {"wa": 0.653234}}, "step": 91}
Step:92	{"metric": {"zhongtrain": {"acc": 1.0}}, "step": 92}
Step:92	{"metric": {"zhongtest": {"acc": 0.6122448979591837}}, "step": 92}
Step:92	{"metric": {"zhongtest": {"UAR": 0.53212}}, "step": 92}
Step:92	{"metric": {"zhongtest": {"Macro_F1": 0.488519}}, "step": 92}
Step:92	{"metric": {"zhongtest": {"wa": 0.653234}}, "step": 92}
Step:93	{"metric": {"zhongtrain": {"acc": 1.0}}, "step": 93}
Step:93	{"metric": {"zhongtest": {"acc": 0.6122448979591837}}, "step": 93}
Step:93	{"metric": {"zhongtest": {"UAR": 0.53212}}, "step": 93}
Step:93	{"metric": {"zhongtest": {"Macro_F1": 0.488519}}, "step": 93}
Step:93	{"metric": {"zhongtest": {"wa": 0.653234}}, "step": 93}
Step:94	{"metric": {"zhongtrain": {"acc": 1.0}}, "step": 94}
Step:94	{"metric": {"zhongtest": {"acc": 0.6122448979591837}}, "step": 94}
Step:94	{"metric": {"zhongtest": {"UAR": 0.53212}}, "step": 94}
Step:94	{"metric": {"zhongtest": {"Macro_F1": 0.488519}}, "step": 94}
Step:94	{"metric": {"zhongtest": {"wa": 0.653234}}, "step": 94}
Step:95	{"metric": {"zhongtrain": {"acc": 1.0}}, "step": 95}
Step:95	{"metric": {"zhongtest": {"acc": 0.6122448979591837}}, "step": 95}
Step:95	{"metric": {"zhongtest": {"UAR": 0.53212}}, "step": 95}
Step:95	{"metric": {"zhongtest": {"Macro_F1": 0.488519}}, "step": 95}
Step:95	{"metric": {"zhongtest": {"wa": 0.653234}}, "step": 95}
Step:96	{"metric": {"zhongtrain": {"acc": 1.0}}, "step": 96}
Step:96	{"metric": {"zhongtest": {"acc": 0.6122448979591837}}, "step": 96}
Step:96	{"metric": {"zhongtest": {"UAR": 0.53212}}, "step": 96}
Step:96	{"metric": {"zhongtest": {"Macro_F1": 0.488519}}, "step": 96}
Step:96	{"metric": {"zhongtest": {"wa": 0.653234}}, "step": 96}
Step:97	{"metric": {"zhongtrain": {"acc": 1.0}}, "step": 97}
Step:97	{"metric": {"zhongtest": {"acc": 0.6122448979591837}}, "step": 97}
Step:97	{"metric": {"zhongtest": {"UAR": 0.53212}}, "step": 97}
Step:97	{"metric": {"zhongtest": {"Macro_F1": 0.488519}}, "step": 97}
Step:97	{"metric": {"zhongtest": {"wa": 0.653234}}, "step": 97}
Step:98	{"metric": {"zhongtrain": {"acc": 1.0}}, "step": 98}
Step:98	{"metric": {"zhongtest": {"acc": 0.6122448979591837}}, "step": 98}
Step:98	{"metric": {"zhongtest": {"UAR": 0.53212}}, "step": 98}
Step:98	{"metric": {"zhongtest": {"Macro_F1": 0.488519}}, "step": 98}
Step:98	{"metric": {"zhongtest": {"wa": 0.653234}}, "step": 98}
Step:99	{"metric": {"zhongtrain": {"acc": 1.0}}, "step": 99}
Step:99	{"metric": {"zhongtest": {"acc": 0.6122448979591837}}, "step": 99}
Step:99	{"metric": {"zhongtest": {"UAR": 0.53212}}, "step": 99}
Step:99	{"metric": {"zhongtest": {"Macro_F1": 0.488519}}, "step": 99}
Step:99	{"metric": {"zhongtest": {"wa": 0.653234}}, "step": 99}
Step:100	{"metric": {"zhongtrain": {"acc": 1.0}}, "step": 100}
Step:100	{"metric": {"zhongtest": {"acc": 0.6122448979591837}}, "step": 100}
Step:100	{"metric": {"zhongtest": {"UAR": 0.53212}}, "step": 100}
Step:100	{"metric": {"zhongtest": {"Macro_F1": 0.488519}}, "step": 100}
Step:100	{"metric": {"zhongtest": {"wa": 0.653234}}, "step": 100}
