{"metric": {"full191": 0.08163265306122448}}
{"metric": {"full191UAR": 0.014652}}
{"metric": {"full191f1": 0.026578}}
{"metric": {"full191wa": 0.795918}}
{"metric": {"full191": 0.08163265306122448}}
{"metric": {"full191UAR": 0.153061}}
{"metric": {"full191f1": 0.042443}}
{"metric": {"full191": 0.08163265306122448}}
{"metric": {"full191f1": 0.05038}}
{"metric": {"full191": 0.10204081632653061}}
{"metric": {"full191f1": 0.056062}}
{"metric": {"full191wa": 0.883382}}
{"metric": {"full191UAR": 0.15444}}
{"metric": {"full191f1": 0.05662}}
{"metric": {"full191": 0.10204081632653061}}
{"metric": {"full191f1": 0.069084}}
{"metric": {"full191": 0.12244897959183673}}
{"metric": {"full191UAR": 0.269627}}
{"metric": {"full191f1": 0.116102}}
{"metric": {"full191": 0.12244897959183673}}
{"metric": {"full191": 0.14285714285714285}}
{"metric": {"full191wa": 0.895044}}
{"metric": {"full191": 0.14285714285714285}}
{"metric": {"full191f1": 0.117152}}
{"metric": {"full191": 0.20408163265306123}}
{"metric": {"full191f1": 0.172527}}
{"metric": {"full191": 0.20408163265306123}}
{"metric": {"full191f1": 0.230102}}
{"metric": {"full191": 0.22448979591836735}}
{"metric": {"full191UAR": 0.286207}}
{"metric": {"full191": 0.2857142857142857}}
{"metric": {"full191": 0.32653061224489793}}
{"metric": {"full191f1": 0.236158}}
{"metric": {"full191UAR": 0.304064}}
{"metric": {"zhong": 0.14285714285714285}}
{"metric": {"zhongUAR": 0.113872}}
{"metric": {"zhongf1": 0.109091}}
{"metric": {"zhongwa": 0.267638}}
{"metric": {"zhong": 0.1836734693877551}}
{"metric": {"zhongf1": 0.115018}}
{"metric": {"zhongwa": 0.317784}}
{"metric": {"zhong": 0.2653061224489796}}
{"metric": {"zhongUAR": 0.252834}}
{"metric": {"zhongf1": 0.194073}}
{"metric": {"zhongwa": 0.409184}}
{"metric": {"zhong": 0.2857142857142857}}
{"metric": {"zhongwa": 0.518367}}
{"metric": {"zhong": 0.30612244897959184}}
{"metric": {"zhongUAR": 0.267532}}
{"metric": {"zhong": 0.30612244897959184}}
{"metric": {"zhong": 0.30612244897959184}}
{"metric": {"zhongwa": 0.519746}}
{"metric": {"zhong": 0.30612244897959184}}
{"metric": {"zhongf1": 0.208893}}
{"metric": {"zhong": 0.32653061224489793}}
{"metric": {"zhongf1": 0.219788}}
{"metric": {"zhong": 0.3469387755102041}}
{"metric": {"zhongf1": 0.236599}}
{"metric": {"zhong": 0.3673469387755102}}
{"metric": {"zhongUAR": 0.284826}}
{"metric": {"zhongf1": 0.26679}}
{"metric": {"zhong": 0.3673469387755102}}
{"metric": {"zhong": 0.3877551020408163}}
{"metric": {"zhongUAR": 0.301773}}
{"metric": {"zhongf1": 0.288435}}
{"metric": {"zhong": 0.3877551020408163}}
{"metric": {"zhongf1": 0.288884}}
{"metric": {"zhong": 0.3877551020408163}}
{"metric": {"zhong": 0.40816326530612246}}
{"metric": {"zhongUAR": 0.445918}}
{"metric": {"zhongf1": 0.343072}}
{"metric": {"zhong": 0.42857142857142855}}
{"metric": {"zhongUAR": 0.463095}}
{"metric": {"zhongf1": 0.367787}}
{"metric": {"zhong": 0.42857142857142855}}
{"metric": {"zhong": 0.4489795918367347}}
{"metric": {"zhongUAR": 0.472619}}
{"metric": {"zhongf1": 0.387783}}
{"metric": {"zhong": 0.4489795918367347}}
{"metric": {"zhong": 0.4489795918367347}}
{"metric": {"zhong": 0.4489795918367347}}
{"metric": {"zhong": 0.4489795918367347}}
{"metric": {"zhong": 0.4489795918367347}}
{"metric": {"zhong": 0.4489795918367347}}
{"metric": {"zhong": 0.4489795918367347}}
{"metric": {"zhong": 0.4489795918367347}}
{"metric": {"zhong": 0.4489795918367347}}
{"metric": {"zhong": 0.4489795918367347}}
{"metric": {"zhong": 0.4489795918367347}}
{"metric": {"zhong": 0.4489795918367347}}
{"metric": {"zhong": 0.4489795918367347}}
{"metric": {"zhongUAR": 0.478571}}
{"metric": {"zhongf1": 0.390638}}
{"metric": {"zhong": 0.4489795918367347}}
{"metric": {"zhong": 0.4489795918367347}}
{"metric": {"zhong": 0.4489795918367347}}
{"metric": {"zhong": 0.4489795918367347}}
{"metric": {"zhongUAR": 0.47967}}
{"metric": {"zhongf1": 0.391719}}
{"metric": {"zhong": 0.4489795918367347}}
{"metric": {"zhongUAR": 0.505133}}
{"metric": {"zhongf1": 0.397468}}
{"metric": {"zhong": 0.4489795918367347}}
{"metric": {"zhongUAR": 0.509029}}
{"metric": {"zhong": 0.4489795918367347}}
{"metric": {"zhong": 0.4489795918367347}}
{"metric": {"zhong": 0.4489795918367347}}
{"metric": {"zhong": 0.4489795918367347}}
{"metric": {"zhong": 0.4489795918367347}}
{"metric": {"zhong": 0.4489795918367347}}
{"metric": {"zhong": 0.4489795918367347}}
{"metric": {"zhong": 0.4489795918367347}}
{"metric": {"zhong": 0.4489795918367347}}
{"metric": {"zhong": 0.4489795918367347}}
{"metric": {"zhong": 0.4489795918367347}}
{"metric": {"zhong": 0.4489795918367347}}
{"metric": {"zhong": 0.4489795918367347}}
{"metric": {"zhong": 0.4489795918367347}}
{"metric": {"zhong": 0.4489795918367347}}
{"metric": {"zhong": 0.4489795918367347}}
{"metric": {"zhong": 0.4489795918367347}}
{"metric": {"zhong": 0.4489795918367347}}
{"metric": {"zhong": 0.4489795918367347}}
{"metric": {"zhong": 0.4489795918367347}}
{"metric": {"zhong": 0.4489795918367347}}
{"metric": {"zhong": 0.4489795918367347}}
{"metric": {"zhong": 0.4489795918367347}}
{"metric": {"zhong": 0.4489795918367347}}
{"metric": {"zhong": 0.46938775510204084}}
{"metric": {"zhongwa": 0.52942}}
{"metric": {"zhong": 0.46938775510204084}}
{"metric": {"zhong": 0.46938775510204084}}
{"metric": {"zhong": 0.46938775510204084}}
{"metric": {"zhong": 0.46938775510204084}}
{"metric": {"zhong": 0.46938775510204084}}
{"metric": {"zhong": 0.46938775510204084}}
{"metric": {"zhong": 0.46938775510204084}}
{"metric": {"zhong": 0.46938775510204084}}
{"metric": {"zhong": 0.46938775510204084}}
{"metric": {"zhong": 0.46938775510204084}}
{"metric": {"zhongwa": 0.530877}}
{"metric": {"full191": 0.10204081632653061}}
{"metric": {"full191UAR": 0.075758}}
{"metric": {"full191f1": 0.089356}}
{"metric": {"full191wa": 0.784257}}
{"metric": {"full191": 0.10204081632653061}}
{"metric": {"full191": 0.10204081632653061}}
{"metric": {"full191UAR": 0.079365}}
{"metric": {"full191f1": 0.097527}}
{"metric": {"full191": 0.10204081632653061}}
{"metric": {"full191": 0.10204081632653061}}
{"metric": {"full191UAR": 0.192177}}
{"metric": {"full191": 0.10204081632653061}}
{"metric": {"full191": 0.12244897959183673}}
{"metric": {"full191UAR": 0.231973}}
{"metric": {"full191f1": 0.121542}}
{"metric": {"full191wa": 0.807978}}
{"metric": {"full191": 0.16326530612244897}}
{"metric": {"full191f1": 0.148677}}
{"metric": {"full191wa": 0.833819}}
{"metric": {"full191wa": 0.838192}}
{"metric": {"full191": 0.16326530612244897}}
{"metric": {"full191UAR": 0.236466}}
{"metric": {"full191UAR": 0.244306}}
{"metric": {"full191": 0.1836734693877551}}
{"metric": {"full191UAR": 0.357332}}
{"metric": {"full191f1": 0.163467}}
{"metric": {"full191f1": 0.17415}}
{"metric": {"zhong": 0.22448979591836735}}
{"metric": {"zhongUAR": 0.179041}}
{"metric": {"zhongf1": 0.142939}}
{"metric": {"zhongwa": 0.32616}}
{"metric": {"zhong": 0.22448979591836735}}
{"metric": {"zhongUAR": 0.188502}}
{"metric": {"zhongf1": 0.155306}}
{"metric": {"zhong": 0.24489795918367346}}
{"metric": {"zhongwa": 0.392128}}
{"metric": {"zhongwa": 0.405248}}
{"metric": {"zhong": 0.24489795918367346}}
{"metric": {"zhong": 0.24489795918367346}}
{"metric": {"zhongUAR": 0.19246}}
{"metric": {"zhongf1": 0.162172}}
{"metric": {"zhong": 0.2653061224489796}}
{"metric": {"zhongwa": 0.448317}}
{"metric": {"zhongwa": 0.477472}}
{"metric": {"zhong": 0.2653061224489796}}
{"metric": {"zhongwa": 0.575139}}
{"metric": {"zhong": 0.2653061224489796}}
{"metric": {"zhongwa": 0.610125}}
{"metric": {"zhong": 0.2857142857142857}}
{"metric": {"zhong": 0.30612244897959184}}
{"metric": {"zhongwa": 0.655447}}
{"metric": {"zhong": 0.30612244897959184}}
{"metric": {"zhongwa": 0.661277}}
{"metric": {"zhong": 0.30612244897959184}}
{"metric": {"zhongwa": 0.667108}}
{"metric": {"zhong": 0.30612244897959184}}
{"metric": {"zhong": 0.32653061224489793}}
{"metric": {"zhongUAR": 0.214286}}
{"metric": {"zhongwa": 0.76027}}
{"metric": {"zhong": 0.32653061224489793}}
{"metric": {"zhongUAR": 0.215539}}
{"metric": {"zhong": 0.3469387755102041}}
{"metric": {"zhongwa": 0.802544}}
{"metric": {"zhong": 0.3469387755102041}}
{"metric": {"zhongUAR": 0.235931}}
{"metric": {"zhongf1": 0.220985}}
{"metric": {"zhong": 0.3469387755102041}}
{"metric": {"zhongUAR": 0.243506}}
{"metric": {"zhongf1": 0.231267}}
{"metric": {"zhong": 0.3673469387755102}}
{"metric": {"zhongUAR": 0.277569}}
{"metric": {"zhongf1": 0.269035}}
{"metric": {"zhong": 0.3673469387755102}}
{"metric": {"zhongUAR": 0.280612}}
{"metric": {"zhongf1": 0.274437}}
{"metric": {"zhong": 0.3877551020408163}}
{"metric": {"zhongUAR": 0.301728}}
{"metric": {"zhongf1": 0.296349}}
{"metric": {"zhong": 0.3877551020408163}}
{"metric": {"zhong": 0.3877551020408163}}
{"metric": {"zhong": 0.40816326530612246}}
{"metric": {"zhong": 0.42857142857142855}}
{"metric": {"zhongUAR": 0.315168}}
{"metric": {"zhongf1": 0.316161}}
{"metric": {"zhong": 0.42857142857142855}}
{"metric": {"zhong": 0.42857142857142855}}
{"metric": {"zhong": 0.42857142857142855}}
{"metric": {"zhong": 0.42857142857142855}}
{"metric": {"zhong": 0.42857142857142855}}
{"metric": {"zhongUAR": 0.315923}}
{"metric": {"zhong": 0.4489795918367347}}
{"metric": {"zhongUAR": 0.328345}}
{"metric": {"zhongf1": 0.32707}}
{"metric": {"zhong": 0.4489795918367347}}
{"metric": {"zhong": 0.4489795918367347}}
{"metric": {"zhongf1": 0.329263}}
{"metric": {"zhong": 0.4489795918367347}}
{"metric": {"zhong": 0.4489795918367347}}
{"metric": {"zhongUAR": 0.328912}}
{"metric": {"zhongf1": 0.333022}}
{"metric": {"zhongUAR": 0.350733}}
{"metric": {"zhongf1": 0.340071}}
{"metric": {"zhongUAR": 0.352442}}
{"metric": {"zhongf1": 0.347096}}
{"metric": {"zhongUAR": 0.357653}}
{"metric": {"zhongf1": 0.350863}}
