Step:1	{"loss": {"full191train_loss": 0.03764807355814967}, "step": 1}
Step:1	{"loss": {"full191test_loss": 0.04430982044764927}, "step": 1}
Step:2	{"loss": {"full191train_loss": 0.037271906589639595}, "step": 2}
Step:2	{"loss": {"full191test_loss": 0.04388755194994868}, "step": 2}
Step:3	{"loss": {"full191train_loss": 0.03638794915429477}, "step": 3}
Step:3	{"loss": {"full191test_loss": 0.043059066850311904}, "step": 3}
Step:4	{"loss": {"full191train_loss": 0.03639249143929317}, "step": 4}
Step:4	{"loss": {"full191test_loss": 0.04360968239453374}, "step": 4}
Step:5	{"loss": {"full191train_loss": 0.0367346426536297}, "step": 5}
Step:5	{"loss": {"full191test_loss": 0.043608524361435246}, "step": 5}
Step:6	{"loss": {"full191train_loss": 0.036092745846715464}, "step": 6}
Step:6	{"loss": {"full191test_loss": 0.04391562208837392}, "step": 6}
Step:7	{"loss": {"full191train_loss": 0.036431649635578024}, "step": 7}
Step:7	{"loss": {"full191test_loss": 0.04419998246796277}, "step": 7}
Step:8	{"loss": {"full191train_loss": 0.03629297634650921}, "step": 8}
Step:8	{"loss": {"full191test_loss": 0.04378938188358229}, "step": 8}
Step:9	{"loss": {"full191train_loss": 0.035709364660854996}, "step": 9}
Step:9	{"loss": {"full191test_loss": 0.044687037565270246}, "step": 9}
Step:10	{"loss": {"full191train_loss": 0.03673704328208134}, "step": 10}
Step:10	{"loss": {"full191test_loss": 0.042059426404991926}, "step": 10}
Step:11	{"loss": {"full191train_loss": 0.036805954472772004}, "step": 11}
Step:11	{"loss": {"full191test_loss": 0.04326042837026168}, "step": 11}
Step:12	{"loss": {"full191train_loss": 0.036015453009769834}, "step": 12}
Step:12	{"loss": {"full191test_loss": 0.042374148660776566}, "step": 12}
Step:13	{"loss": {"full191train_loss": 0.03596217056800579}, "step": 13}
Step:13	{"loss": {"full191test_loss": 0.0432402990302261}, "step": 13}
Step:14	{"loss": {"full191train_loss": 0.03646926633242903}, "step": 14}
Step:14	{"loss": {"full191test_loss": 0.04184215409415109}, "step": 14}
Step:15	{"loss": {"full191train_loss": 0.03518372568590888}, "step": 15}
Step:15	{"loss": {"full191test_loss": 0.042550568677941145}, "step": 15}
Step:16	{"loss": {"full191train_loss": 0.03470215304144498}, "step": 16}
Step:16	{"loss": {"full191test_loss": 0.0422942151828688}, "step": 16}
Step:17	{"loss": {"full191train_loss": 0.0353080650855755}, "step": 17}
Step:17	{"loss": {"full191test_loss": 0.04239858413229183}, "step": 17}
Step:18	{"loss": {"full191train_loss": 0.034557317865305935}, "step": 18}
Step:18	{"loss": {"full191test_loss": 0.041328293936593194}, "step": 18}
Step:19	{"loss": {"full191train_loss": 0.03493972071285906}, "step": 19}
Step:19	{"loss": {"full191test_loss": 0.04202507953254544}, "step": 19}
Step:20	{"loss": {"full191train_loss": 0.03549044707725788}, "step": 20}
Step:20	{"loss": {"full191test_loss": 0.04215253615865902}, "step": 20}
Step:21	{"loss": {"full191train_loss": 0.03531220863605368}, "step": 21}
Step:21	{"loss": {"full191test_loss": 0.04114866256713867}, "step": 21}
Step:22	{"loss": {"full191train_loss": 0.034205385323228504}, "step": 22}
Step:22	{"loss": {"full191test_loss": 0.04155563335029446}, "step": 22}
Step:23	{"loss": {"full191train_loss": 0.03555336080748459}, "step": 23}
Step:23	{"loss": {"full191test_loss": 0.04147462942162339}, "step": 23}
Step:24	{"loss": {"full191train_loss": 0.03520975852834767}, "step": 24}
Step:24	{"loss": {"full191test_loss": 0.04158921631015077}, "step": 24}
Step:25	{"loss": {"full191train_loss": 0.0349009735830899}, "step": 25}
Step:25	{"loss": {"full191test_loss": 0.040600153864646445}, "step": 25}
Step:26	{"loss": {"full191train_loss": 0.033518499341504325}, "step": 26}
Step:26	{"loss": {"full191test_loss": 0.04108161342387297}, "step": 26}
Step:27	{"loss": {"full191train_loss": 0.034559282763250945}, "step": 27}
Step:27	{"loss": {"full191test_loss": 0.0414087675055679}, "step": 27}
Step:28	{"loss": {"full191train_loss": 0.03494889982815447}, "step": 28}
Step:28	{"loss": {"full191test_loss": 0.041023770157171756}, "step": 28}
Step:29	{"loss": {"full191train_loss": 0.033611369544062124}, "step": 29}
Step:29	{"loss": {"full191test_loss": 0.04101055982161542}, "step": 29}
Step:30	{"loss": {"full191train_loss": 0.034403794798357736}, "step": 30}
Step:30	{"loss": {"full191test_loss": 0.040216022608231525}, "step": 30}
Step:31	{"loss": {"full191train_loss": 0.03446213541359737}, "step": 31}
Step:31	{"loss": {"full191test_loss": 0.04128403566321548}, "step": 31}
Step:32	{"loss": {"full191train_loss": 0.03421883336428938}, "step": 32}
Step:32	{"loss": {"full191test_loss": 0.04102409615808604}, "step": 32}
Step:33	{"loss": {"full191train_loss": 0.03329186398407508}, "step": 33}
Step:33	{"loss": {"full191test_loss": 0.04150847512848523}, "step": 33}
Step:34	{"loss": {"full191train_loss": 0.03425774492066482}, "step": 34}
Step:34	{"loss": {"full191test_loss": 0.040871075221470425}, "step": 34}
Step:35	{"loss": {"full191train_loss": 0.03307820394121368}, "step": 35}
Step:35	{"loss": {"full191test_loss": 0.03989086589034723}, "step": 35}
Step:36	{"loss": {"full191train_loss": 0.03386726050541319}, "step": 36}
Step:36	{"loss": {"full191test_loss": 0.039790944177277236}, "step": 36}
Step:37	{"loss": {"full191train_loss": 0.033544328706017854}, "step": 37}
Step:37	{"loss": {"full191test_loss": 0.039884457782823214}, "step": 37}
Step:38	{"loss": {"full191train_loss": 0.03337370321668427}, "step": 38}
Step:38	{"loss": {"full191test_loss": 0.04127119025405573}, "step": 38}
Step:39	{"loss": {"full191train_loss": 0.03440348649847096}, "step": 39}
Step:39	{"loss": {"full191test_loss": 0.03988391282607098}, "step": 39}
Step:40	{"loss": {"full191train_loss": 0.033843959199971164}, "step": 40}
Step:40	{"loss": {"full191test_loss": 0.040445758371937035}, "step": 40}
Step:41	{"loss": {"full191train_loss": 0.03463982302567054}, "step": 41}
Step:41	{"loss": {"full191test_loss": 0.03892921671575429}, "step": 41}
Step:42	{"loss": {"full191train_loss": 0.03330829020204215}, "step": 42}
Step:42	{"loss": {"full191test_loss": 0.040360224490263025}, "step": 42}
Step:43	{"loss": {"full191train_loss": 0.033708689541652286}, "step": 43}
Step:43	{"loss": {"full191test_loss": 0.039905156408037455}, "step": 43}
Step:44	{"loss": {"full191train_loss": 0.03350586315681194}, "step": 44}
Step:44	{"loss": {"full191test_loss": 0.03973525397631587}, "step": 44}
Step:45	{"loss": {"full191train_loss": 0.033530393551135886}, "step": 45}
Step:45	{"loss": {"full191test_loss": 0.03901588186925771}, "step": 45}
Step:46	{"loss": {"full191train_loss": 0.03379880148788978}, "step": 46}
Step:46	{"loss": {"full191test_loss": 0.03925323243043861}, "step": 46}
Step:47	{"loss": {"full191train_loss": 0.03456981428738298}, "step": 47}
Step:47	{"loss": {"full191test_loss": 0.04068830791784792}, "step": 47}
Step:48	{"loss": {"full191train_loss": 0.03349967043975304}, "step": 48}
Step:48	{"loss": {"full191test_loss": 0.03965537888663156}, "step": 48}
Step:49	{"loss": {"full191train_loss": 0.033051675763623466}, "step": 49}
Step:49	{"loss": {"full191test_loss": 0.040831955111756614}, "step": 49}
Step:50	{"loss": {"full191train_loss": 0.03316374071713152}, "step": 50}
Step:50	{"loss": {"full191test_loss": 0.04031609759038808}, "step": 50}
Step:51	{"loss": {"full191train_loss": 0.032832324504852295}, "step": 51}
Step:51	{"loss": {"full191test_loss": 0.039699140860109915}, "step": 51}
Step:52	{"loss": {"full191train_loss": 0.033326701871280014}, "step": 52}
Step:52	{"loss": {"full191test_loss": 0.03882882059836874}, "step": 52}
Step:53	{"loss": {"full191train_loss": 0.03275979181815838}, "step": 53}
Step:53	{"loss": {"full191test_loss": 0.04003749818217998}, "step": 53}
Step:54	{"loss": {"full191train_loss": 0.03296533740800003}, "step": 54}
Step:54	{"loss": {"full191test_loss": 0.03949597173807572}, "step": 54}
Step:55	{"loss": {"full191train_loss": 0.03368067946927301}, "step": 55}
Step:55	{"loss": {"full191test_loss": 0.03941571225925368}, "step": 55}
Step:56	{"loss": {"full191train_loss": 0.03274488038030164}, "step": 56}
Step:56	{"loss": {"full191test_loss": 0.03955171546157526}, "step": 56}
Step:57	{"loss": {"full191train_loss": 0.03390532320943372}, "step": 57}
Step:57	{"loss": {"full191test_loss": 0.03983644076756069}, "step": 57}
Step:58	{"loss": {"full191train_loss": 0.03316377976845051}, "step": 58}
Step:58	{"loss": {"full191test_loss": 0.03998878780676394}, "step": 58}
Step:59	{"loss": {"full191train_loss": 0.03301734554356542}, "step": 59}
Step:59	{"loss": {"full191test_loss": 0.0391449684999427}, "step": 59}
Step:60	{"loss": {"full191train_loss": 0.0323963370816461}, "step": 60}
Step:60	{"loss": {"full191test_loss": 0.03876924028201979}, "step": 60}
Step:61	{"loss": {"full191train_loss": 0.03320512072793368}, "step": 61}
Step:61	{"loss": {"full191test_loss": 0.03903634937442079}, "step": 61}
Step:62	{"loss": {"full191train_loss": 0.03235011059662391}, "step": 62}
Step:62	{"loss": {"full191test_loss": 0.03967197817199084}, "step": 62}
Step:63	{"loss": {"full191train_loss": 0.033542978352513804}, "step": 63}
Step:63	{"loss": {"full191test_loss": 0.03941145235178422}, "step": 63}
Step:64	{"loss": {"full191train_loss": 0.0335659384727478}, "step": 64}
Step:64	{"loss": {"full191test_loss": 0.03970677512032645}, "step": 64}
Step:65	{"loss": {"full191train_loss": 0.03305249378598969}, "step": 65}
Step:65	{"loss": {"full191test_loss": 0.03894694484010035}, "step": 65}
Step:66	{"loss": {"full191train_loss": 0.0320309564985078}, "step": 66}
Step:66	{"loss": {"full191test_loss": 0.03920606691010144}, "step": 66}
Step:67	{"loss": {"full191train_loss": 0.03394294401694988}, "step": 67}
Step:67	{"loss": {"full191test_loss": 0.03916486915276975}, "step": 67}
Step:68	{"loss": {"full191train_loss": 0.03278955097856193}, "step": 68}
Step:68	{"loss": {"full191test_loss": 0.0396863976303412}, "step": 68}
Step:69	{"loss": {"full191train_loss": 0.03199267798456652}, "step": 69}
Step:69	{"loss": {"full191test_loss": 0.0386535610471453}, "step": 69}
Step:70	{"loss": {"full191train_loss": 0.033912710074720714}, "step": 70}
Step:70	{"loss": {"full191test_loss": 0.03973923410688128}, "step": 70}
Step:71	{"loss": {"full191train_loss": 0.03285189538166441}, "step": 71}
Step:71	{"loss": {"full191test_loss": 0.03910319172606176}, "step": 71}
Step:72	{"loss": {"full191train_loss": 0.032660213010064484}, "step": 72}
Step:72	{"loss": {"full191test_loss": 0.03899283068520682}, "step": 72}
Step:73	{"loss": {"full191train_loss": 0.032870128236967944}, "step": 73}
Step:73	{"loss": {"full191test_loss": 0.0390883343560355}, "step": 73}
Step:74	{"loss": {"full191train_loss": 0.03216921872106092}, "step": 74}
Step:74	{"loss": {"full191test_loss": 0.03966934583625015}, "step": 74}
Step:75	{"loss": {"full191train_loss": 0.03216460861008743}, "step": 75}
Step:75	{"loss": {"full191test_loss": 0.039165460333532215}, "step": 75}
Step:76	{"loss": {"full191train_loss": 0.032206794311260355}, "step": 76}
Step:76	{"loss": {"full191test_loss": 0.03914456708090646}, "step": 76}
Step:77	{"loss": {"full191train_loss": 0.03268792711455246}, "step": 77}
Step:77	{"loss": {"full191test_loss": 0.03712355360692861}, "step": 77}
Step:78	{"loss": {"full191train_loss": 0.03301273337725935}, "step": 78}
Step:78	{"loss": {"full191test_loss": 0.03830967144090302}, "step": 78}
Step:79	{"loss": {"full191train_loss": 0.03278809991376153}, "step": 79}
Step:79	{"loss": {"full191test_loss": 0.03954513218938088}, "step": 79}
Step:80	{"loss": {"full191train_loss": 0.03342067578743244}, "step": 80}
Step:80	{"loss": {"full191test_loss": 0.03883617264883859}, "step": 80}
Step:81	{"loss": {"full191train_loss": 0.03271987931481723}, "step": 81}
Step:81	{"loss": {"full191test_loss": 0.039384975725290726}, "step": 81}
Step:82	{"loss": {"full191train_loss": 0.032238166907737995}, "step": 82}
Step:82	{"loss": {"full191test_loss": 0.03973118869625792}, "step": 82}
Step:83	{"loss": {"full191train_loss": 0.032968767758073475}, "step": 83}
Step:83	{"loss": {"full191test_loss": 0.03902285439627511}, "step": 83}
Step:84	{"loss": {"full191train_loss": 0.03245722014328529}, "step": 84}
Step:84	{"loss": {"full191test_loss": 0.039246060410324406}, "step": 84}
Step:85	{"loss": {"full191train_loss": 0.03205312326036651}, "step": 85}
Step:85	{"loss": {"full191test_loss": 0.03871580532618931}, "step": 85}
Step:86	{"loss": {"full191train_loss": 0.032328217193998136}, "step": 86}
Step:86	{"loss": {"full191test_loss": 0.03891780425091179}, "step": 86}
Step:87	{"loss": {"full191train_loss": 0.03299877355838644}, "step": 87}
Step:87	{"loss": {"full191test_loss": 0.03873091327900789}, "step": 87}
Step:88	{"loss": {"full191train_loss": 0.03313958233800428}, "step": 88}
Step:88	{"loss": {"full191test_loss": 0.03840288094111851}, "step": 88}
Step:89	{"loss": {"full191train_loss": 0.0317054164820704}, "step": 89}
Step:89	{"loss": {"full191test_loss": 0.03909113699076127}, "step": 89}
Step:90	{"loss": {"full191train_loss": 0.032630022229819464}, "step": 90}
Step:90	{"loss": {"full191test_loss": 0.03875163866549122}, "step": 90}
Step:91	{"loss": {"full191train_loss": 0.032034672539809655}, "step": 91}
Step:91	{"loss": {"full191test_loss": 0.03847641604287284}, "step": 91}
Step:92	{"loss": {"full191train_loss": 0.032759002570448253}, "step": 92}
Step:92	{"loss": {"full191test_loss": 0.03858027409534065}, "step": 92}
Step:93	{"loss": {"full191train_loss": 0.03303384575350531}, "step": 93}
Step:93	{"loss": {"full191test_loss": 0.03888606538577956}, "step": 93}
Step:94	{"loss": {"full191train_loss": 0.032612198385699044}, "step": 94}
Step:94	{"loss": {"full191test_loss": 0.038729910947838606}, "step": 94}
Step:95	{"loss": {"full191train_loss": 0.0321690296304637}, "step": 95}
Step:95	{"loss": {"full191test_loss": 0.03810298929409105}, "step": 95}
Step:96	{"loss": {"full191train_loss": 0.031714063266227985}, "step": 96}
Step:96	{"loss": {"full191test_loss": 0.03903523269964724}, "step": 96}
Step:97	{"loss": {"full191train_loss": 0.032708879174857305}, "step": 97}
Step:97	{"loss": {"full191test_loss": 0.038758985850275776}, "step": 97}
Step:98	{"loss": {"full191train_loss": 0.032230447078573296}, "step": 98}
Step:98	{"loss": {"full191test_loss": 0.038955778491740325}, "step": 98}
Step:99	{"loss": {"full191train_loss": 0.03186283440425478}, "step": 99}
Step:99	{"loss": {"full191test_loss": 0.0377113624494903}, "step": 99}
Step:100	{"loss": {"full191train_loss": 0.0322454098997445}, "step": 100}
Step:100	{"loss": {"full191test_loss": 0.037873268127441406}, "step": 100}
Step:1	{"loss": {"zhongtrain_loss": 0.03529833514114906}, "step": 1}
Step:1	{"loss": {"zhongtest_loss": 0.039376470507407675}, "step": 1}
Step:2	{"loss": {"zhongtrain_loss": 0.033542417246719886}, "step": 2}
Step:2	{"loss": {"zhongtest_loss": 0.03829643920976288}, "step": 2}
Step:3	{"loss": {"zhongtrain_loss": 0.03200031148976293}, "step": 3}
Step:3	{"loss": {"zhongtest_loss": 0.037445627913183094}, "step": 3}
Step:4	{"loss": {"zhongtrain_loss": 0.030641115944961023}, "step": 4}
Step:4	{"loss": {"zhongtest_loss": 0.03674749208956349}, "step": 4}
Step:5	{"loss": {"zhongtrain_loss": 0.02941605962555984}, "step": 5}
Step:5	{"loss": {"zhongtest_loss": 0.0361766377273871}, "step": 5}
Step:6	{"loss": {"zhongtrain_loss": 0.028290995236100822}, "step": 6}
Step:6	{"loss": {"zhongtest_loss": 0.03569619509638572}, "step": 6}
Step:7	{"loss": {"zhongtrain_loss": 0.027250413236946894}, "step": 7}
Step:7	{"loss": {"zhongtest_loss": 0.03530094818193085}, "step": 7}
Step:8	{"loss": {"zhongtrain_loss": 0.02626213739658224}, "step": 8}
Step:8	{"loss": {"zhongtest_loss": 0.03497265796272122}, "step": 8}
Step:9	{"loss": {"zhongtrain_loss": 0.025327217989954454}, "step": 9}
Step:9	{"loss": {"zhongtest_loss": 0.034694126674107144}, "step": 9}
Step:10	{"loss": {"zhongtrain_loss": 0.024430988163783633}, "step": 10}
Step:10	{"loss": {"zhongtest_loss": 0.03447883956286372}, "step": 10}
Step:11	{"loss": {"zhongtrain_loss": 0.023572806654305292}, "step": 11}
Step:11	{"loss": {"zhongtest_loss": 0.03430605421260911}, "step": 11}
Step:12	{"loss": {"zhongtrain_loss": 0.0227559311636563}, "step": 12}
Step:12	{"loss": {"zhongtest_loss": 0.03416869591693489}, "step": 12}
Step:13	{"loss": {"zhongtrain_loss": 0.021967396653931718}, "step": 13}
Step:13	{"loss": {"zhongtest_loss": 0.03405854896623261}, "step": 13}
Step:14	{"loss": {"zhongtrain_loss": 0.021207920436201424}, "step": 14}
Step:14	{"loss": {"zhongtest_loss": 0.03396697676911646}, "step": 14}
Step:15	{"loss": {"zhongtrain_loss": 0.020473398011306237}, "step": 15}
Step:15	{"loss": {"zhongtest_loss": 0.03389206711126833}, "step": 15}
Step:16	{"loss": {"zhongtrain_loss": 0.019761769936002534}, "step": 16}
Step:16	{"loss": {"zhongtest_loss": 0.033825747820795796}, "step": 16}
Step:17	{"loss": {"zhongtrain_loss": 0.01907010736136601}, "step": 17}
Step:17	{"loss": {"zhongtest_loss": 0.033758397005042254}, "step": 17}
Step:18	{"loss": {"zhongtrain_loss": 0.018399427677023}, "step": 18}
Step:18	{"loss": {"zhongtest_loss": 0.033692734582083564}, "step": 18}
Step:19	{"loss": {"zhongtrain_loss": 0.017751218943760312}, "step": 19}
Step:19	{"loss": {"zhongtest_loss": 0.033614572213620554}, "step": 19}
Step:20	{"loss": {"zhongtrain_loss": 0.017119480618115128}, "step": 20}
Step:20	{"loss": {"zhongtest_loss": 0.03353262920768894}, "step": 20}
Step:21	{"loss": {"zhongtrain_loss": 0.016509120834284817}, "step": 21}
Step:21	{"loss": {"zhongtest_loss": 0.033458378850197305}, "step": 21}
Step:22	{"loss": {"zhongtrain_loss": 0.015996923734401834}, "step": 22}
Step:22	{"loss": {"zhongtest_loss": 0.033369061898212045}, "step": 22}
Step:23	{"loss": {"zhongtrain_loss": 0.01549786534802667}, "step": 23}
Step:23	{"loss": {"zhongtest_loss": 0.0332820074898856}, "step": 23}
Step:24	{"loss": {"zhongtrain_loss": 0.015010423701384971}, "step": 24}
Step:24	{"loss": {"zhongtest_loss": 0.033186581670021524}, "step": 24}
Step:25	{"loss": {"zhongtrain_loss": 0.014535280137226499}, "step": 25}
Step:25	{"loss": {"zhongtest_loss": 0.03308458474217629}, "step": 25}
Step:26	{"loss": {"zhongtrain_loss": 0.014076105479536385}, "step": 26}
Step:26	{"loss": {"zhongtest_loss": 0.032987781933375766}, "step": 26}
Step:27	{"loss": {"zhongtrain_loss": 0.013629661551837263}, "step": 27}
Step:27	{"loss": {"zhongtest_loss": 0.03288957050868443}, "step": 27}
Step:28	{"loss": {"zhongtrain_loss": 0.013198254437282168}, "step": 28}
Step:28	{"loss": {"zhongtest_loss": 0.03278620632327333}, "step": 28}
Step:29	{"loss": {"zhongtrain_loss": 0.012774291737326261}, "step": 29}
Step:29	{"loss": {"zhongtest_loss": 0.03269330579407361}, "step": 29}
Step:30	{"loss": {"zhongtrain_loss": 0.012365309328868472}, "step": 30}
Step:30	{"loss": {"zhongtest_loss": 0.03259981165126878}, "step": 30}
Step:31	{"loss": {"zhongtrain_loss": 0.011968986741427717}, "step": 31}
Step:31	{"loss": {"zhongtest_loss": 0.032518377109449735}, "step": 31}
Step:32	{"loss": {"zhongtrain_loss": 0.011585246900032306}, "step": 32}
Step:32	{"loss": {"zhongtest_loss": 0.03243856770651681}, "step": 32}
Step:33	{"loss": {"zhongtrain_loss": 0.011213926405742251}, "step": 33}
Step:33	{"loss": {"zhongtest_loss": 0.03236695455045116}, "step": 33}
Step:34	{"loss": {"zhongtrain_loss": 0.010855177353168356}, "step": 34}
Step:34	{"loss": {"zhongtest_loss": 0.032296241546163756}, "step": 34}
Step:35	{"loss": {"zhongtrain_loss": 0.010508991520980308}, "step": 35}
Step:35	{"loss": {"zhongtest_loss": 0.03223044288401701}, "step": 35}
Step:36	{"loss": {"zhongtrain_loss": 0.010170859509500963}, "step": 36}
Step:36	{"loss": {"zhongtest_loss": 0.03216711598999646}, "step": 36}
Step:37	{"loss": {"zhongtrain_loss": 0.009843471749075529}, "step": 37}
Step:37	{"loss": {"zhongtest_loss": 0.03211149147578648}, "step": 37}
Step:38	{"loss": {"zhongtrain_loss": 0.00952728452353642}, "step": 38}
Step:38	{"loss": {"zhongtest_loss": 0.03205756751858458}, "step": 38}
Step:39	{"loss": {"zhongtrain_loss": 0.00922279008503618}, "step": 39}
Step:39	{"loss": {"zhongtest_loss": 0.03200339054574772}, "step": 39}
Step:40	{"loss": {"zhongtrain_loss": 0.008925598243187213}, "step": 40}
Step:40	{"loss": {"zhongtest_loss": 0.031947897405040504}, "step": 40}
Step:41	{"loss": {"zhongtrain_loss": 0.00863916092905505}, "step": 41}
Step:41	{"loss": {"zhongtest_loss": 0.03189919432815241}, "step": 41}
Step:42	{"loss": {"zhongtrain_loss": 0.008401643613289142}, "step": 42}
Step:42	{"loss": {"zhongtest_loss": 0.03185658065640196}, "step": 42}
Step:43	{"loss": {"zhongtrain_loss": 0.008173318772480405}, "step": 43}
Step:43	{"loss": {"zhongtest_loss": 0.0318079019079403}, "step": 43}
Step:44	{"loss": {"zhongtrain_loss": 0.007949236138113614}, "step": 44}
Step:44	{"loss": {"zhongtest_loss": 0.03175958322018993}, "step": 44}
Step:45	{"loss": {"zhongtrain_loss": 0.007736397200617297}, "step": 45}
Step:45	{"loss": {"zhongtest_loss": 0.031713814151530365}, "step": 45}
Step:46	{"loss": {"zhongtrain_loss": 0.00752853576479287}, "step": 46}
Step:46	{"loss": {"zhongtest_loss": 0.03166902308561364}, "step": 46}
Step:47	{"loss": {"zhongtrain_loss": 0.007326684121427865}, "step": 47}
Step:47	{"loss": {"zhongtest_loss": 0.03162561387431865}, "step": 47}
Step:48	{"loss": {"zhongtrain_loss": 0.007132661753687365}, "step": 48}
Step:48	{"loss": {"zhongtest_loss": 0.03157667237885144}, "step": 48}
Step:49	{"loss": {"zhongtrain_loss": 0.00694360404179014}, "step": 49}
Step:49	{"loss": {"zhongtest_loss": 0.03153007857653559}, "step": 49}
Step:50	{"loss": {"zhongtrain_loss": 0.0067605874661741585}, "step": 50}
Step:50	{"loss": {"zhongtest_loss": 0.03148258705528415}, "step": 50}
Step:51	{"loss": {"zhongtrain_loss": 0.006583684477312812}, "step": 51}
Step:51	{"loss": {"zhongtest_loss": 0.031433171155501385}, "step": 51}
Step:52	{"loss": {"zhongtrain_loss": 0.006412297487258911}, "step": 52}
Step:52	{"loss": {"zhongtest_loss": 0.03138567476856465}, "step": 52}
Step:53	{"loss": {"zhongtrain_loss": 0.006246467088830882}, "step": 53}
Step:53	{"loss": {"zhongtest_loss": 0.031339453191173317}, "step": 53}
Step:54	{"loss": {"zhongtrain_loss": 0.006085636800733106}, "step": 54}
Step:54	{"loss": {"zhongtest_loss": 0.03129641133911756}, "step": 54}
Step:55	{"loss": {"zhongtrain_loss": 0.005929235754341915}, "step": 55}
Step:55	{"loss": {"zhongtest_loss": 0.031253116471426826}, "step": 55}
Step:56	{"loss": {"zhongtrain_loss": 0.0057778959644251855}, "step": 56}
Step:56	{"loss": {"zhongtest_loss": 0.03121161460876465}, "step": 56}
Step:57	{"loss": {"zhongtrain_loss": 0.0056318219365744755}, "step": 57}
Step:57	{"loss": {"zhongtest_loss": 0.031170964241027832}, "step": 57}
Step:58	{"loss": {"zhongtrain_loss": 0.005491414974475729}, "step": 58}
Step:58	{"loss": {"zhongtest_loss": 0.031131549757354115}, "step": 58}
Step:59	{"loss": {"zhongtrain_loss": 0.0053544810106014385}, "step": 59}
Step:59	{"loss": {"zhongtest_loss": 0.031091400555201938}, "step": 59}
Step:60	{"loss": {"zhongtrain_loss": 0.005222315932142323}, "step": 60}
Step:60	{"loss": {"zhongtest_loss": 0.03105441648132947}, "step": 60}
Step:61	{"loss": {"zhongtrain_loss": 0.005093946025289339}, "step": 61}
Step:61	{"loss": {"zhongtest_loss": 0.031022808989700005}, "step": 61}
Step:62	{"loss": {"zhongtrain_loss": 0.004986325728482214}, "step": 62}
Step:62	{"loss": {"zhongtest_loss": 0.0309888270436501}, "step": 62}
Step:63	{"loss": {"zhongtrain_loss": 0.004882911155963766}, "step": 63}
Step:63	{"loss": {"zhongtest_loss": 0.030957849658265407}, "step": 63}
Step:64	{"loss": {"zhongtrain_loss": 0.004781937290882242}, "step": 64}
Step:64	{"loss": {"zhongtest_loss": 0.030927395334049146}, "step": 64}
Step:65	{"loss": {"zhongtrain_loss": 0.004682598956700029}, "step": 65}
Step:65	{"loss": {"zhongtest_loss": 0.030898009027753557}, "step": 65}
Step:66	{"loss": {"zhongtrain_loss": 0.0045871318414293484}, "step": 66}
Step:66	{"loss": {"zhongtest_loss": 0.03086257467464525}, "step": 66}
Step:67	{"loss": {"zhongtrain_loss": 0.004494882863143395}, "step": 67}
Step:67	{"loss": {"zhongtest_loss": 0.030836402153482243}, "step": 67}
Step:68	{"loss": {"zhongtrain_loss": 0.004404278664753355}, "step": 68}
Step:68	{"loss": {"zhongtest_loss": 0.030803381180276677}, "step": 68}
Step:69	{"loss": {"zhongtrain_loss": 0.004316695805253653}, "step": 69}
Step:69	{"loss": {"zhongtest_loss": 0.030774590920428842}, "step": 69}
Step:70	{"loss": {"zhongtrain_loss": 0.0042312720726276265}, "step": 70}
Step:70	{"loss": {"zhongtest_loss": 0.03074437744763433}, "step": 70}
Step:71	{"loss": {"zhongtrain_loss": 0.00414737365369139}, "step": 71}
Step:71	{"loss": {"zhongtest_loss": 0.030715431485857283}, "step": 71}
Step:72	{"loss": {"zhongtrain_loss": 0.0040666779567455425}, "step": 72}
Step:72	{"loss": {"zhongtest_loss": 0.03068356368006492}, "step": 72}
Step:73	{"loss": {"zhongtrain_loss": 0.003987397356279965}, "step": 73}
Step:73	{"loss": {"zhongtest_loss": 0.030652520607928842}, "step": 73}
Step:74	{"loss": {"zhongtrain_loss": 0.003910439795461194}, "step": 74}
Step:74	{"loss": {"zhongtest_loss": 0.0306245891415343}, "step": 74}
Step:75	{"loss": {"zhongtrain_loss": 0.0038344091896353096}, "step": 75}
Step:75	{"loss": {"zhongtest_loss": 0.03059197931873555}, "step": 75}
Step:76	{"loss": {"zhongtrain_loss": 0.0037616773925978563}, "step": 76}
Step:76	{"loss": {"zhongtest_loss": 0.03055726995273512}, "step": 76}
Step:77	{"loss": {"zhongtrain_loss": 0.0036904991700731473}, "step": 77}
Step:77	{"loss": {"zhongtest_loss": 0.030525998193390514}, "step": 77}
Step:78	{"loss": {"zhongtrain_loss": 0.003621760627319073}, "step": 78}
Step:78	{"loss": {"zhongtest_loss": 0.030500081120705118}, "step": 78}
Step:79	{"loss": {"zhongtrain_loss": 0.0035535559572022536}, "step": 79}
Step:79	{"loss": {"zhongtest_loss": 0.030469704647453463}, "step": 79}
Step:80	{"loss": {"zhongtrain_loss": 0.003488518811505416}, "step": 80}
Step:80	{"loss": {"zhongtest_loss": 0.030437036436431263}, "step": 80}
Step:81	{"loss": {"zhongtrain_loss": 0.003424635478134813}, "step": 81}
Step:81	{"loss": {"zhongtest_loss": 0.03041151591709682}, "step": 81}
Step:82	{"loss": {"zhongtrain_loss": 0.003370673748953589}, "step": 82}
Step:82	{"loss": {"zhongtest_loss": 0.030388700718782385}, "step": 82}
Step:83	{"loss": {"zhongtrain_loss": 0.0033178545277694174}, "step": 83}
Step:83	{"loss": {"zhongtest_loss": 0.03036274715345733}, "step": 83}
Step:84	{"loss": {"zhongtrain_loss": 0.0032674058757979295}, "step": 84}
Step:84	{"loss": {"zhongtest_loss": 0.030338586593160823}, "step": 84}
Step:85	{"loss": {"zhongtrain_loss": 0.003216552066391912}, "step": 85}
Step:85	{"loss": {"zhongtest_loss": 0.030313007685602928}, "step": 85}
Step:86	{"loss": {"zhongtrain_loss": 0.0031676377201902456}, "step": 86}
Step:86	{"loss": {"zhongtest_loss": 0.030289175559063346}, "step": 86}
Step:87	{"loss": {"zhongtrain_loss": 0.0031196693408078163}, "step": 87}
Step:87	{"loss": {"zhongtest_loss": 0.03026483983409648}, "step": 87}
Step:88	{"loss": {"zhongtrain_loss": 0.003073081374168396}, "step": 88}
Step:88	{"loss": {"zhongtest_loss": 0.030243710595734264}, "step": 88}
Step:89	{"loss": {"zhongtrain_loss": 0.0030270213710850685}, "step": 89}
Step:89	{"loss": {"zhongtest_loss": 0.03021958166239213}, "step": 89}
Step:90	{"loss": {"zhongtrain_loss": 0.002982535238923698}, "step": 90}
Step:90	{"loss": {"zhongtest_loss": 0.03019845485687256}, "step": 90}
Step:91	{"loss": {"zhongtrain_loss": 0.0029385711612372563}, "step": 91}
Step:91	{"loss": {"zhongtest_loss": 0.03017788030663315}, "step": 91}
Step:92	{"loss": {"zhongtrain_loss": 0.0028954631295697443}, "step": 92}
Step:92	{"loss": {"zhongtest_loss": 0.03016240986026063}, "step": 92}
Step:93	{"loss": {"zhongtrain_loss": 0.0028535893251155986}, "step": 93}
Step:93	{"loss": {"zhongtest_loss": 0.03014105193468989}, "step": 93}
Step:94	{"loss": {"zhongtrain_loss": 0.0028121825949899083}, "step": 94}
Step:94	{"loss": {"zhongtest_loss": 0.030117716108049666}, "step": 94}
Step:95	{"loss": {"zhongtrain_loss": 0.0027722238466657443}, "step": 95}
Step:95	{"loss": {"zhongtest_loss": 0.030098063605172292}, "step": 95}
Step:96	{"loss": {"zhongtrain_loss": 0.0027323290705680847}, "step": 96}
Step:96	{"loss": {"zhongtest_loss": 0.03008069067585225}, "step": 96}
Step:97	{"loss": {"zhongtrain_loss": 0.002693911821677767}, "step": 97}
Step:97	{"loss": {"zhongtest_loss": 0.03005510933545171}, "step": 97}
Step:98	{"loss": {"zhongtrain_loss": 0.0026559891371891417}, "step": 98}
Step:98	{"loss": {"zhongtest_loss": 0.030036417805418675}, "step": 98}
Step:99	{"loss": {"zhongtrain_loss": 0.0026186853647232056}, "step": 99}
Step:99	{"loss": {"zhongtest_loss": 0.030016903974572007}, "step": 99}
Step:100	{"loss": {"zhongtrain_loss": 0.002582514851257719}, "step": 100}
Step:100	{"loss": {"zhongtest_loss": 0.02999837301215347}, "step": 100}
Step:1	{"loss": {"full191train_loss": 0.05848350559455761}, "step": 1}
Step:1	{"loss": {"full191test_loss": 0.04809252096682179}, "step": 1}
Step:2	{"loss": {"full191train_loss": 0.06296946691430133}, "step": 2}
Step:2	{"loss": {"full191test_loss": 0.04657861164637974}, "step": 2}
Step:3	{"loss": {"full191train_loss": 0.06236063570216082}, "step": 3}
Step:3	{"loss": {"full191test_loss": 0.04754858600850008}, "step": 3}
Step:4	{"loss": {"full191train_loss": 0.05779807463936184}, "step": 4}
Step:4	{"loss": {"full191test_loss": 0.047069476575267555}, "step": 4}
Step:5	{"loss": {"full191train_loss": 0.06701910668525143}, "step": 5}
Step:5	{"loss": {"full191test_loss": 0.04681719565878109}, "step": 5}
Step:6	{"loss": {"full191train_loss": 0.0649179548457049}, "step": 6}
Step:6	{"loss": {"full191test_loss": 0.046440698662582706}, "step": 6}
Step:7	{"loss": {"full191train_loss": 0.060859355373658997}, "step": 7}
Step:7	{"loss": {"full191test_loss": 0.04712733930470992}, "step": 7}
Step:8	{"loss": {"full191train_loss": 0.07065518697102864}, "step": 8}
Step:8	{"loss": {"full191test_loss": 0.04698438060526945}, "step": 8}
Step:9	{"loss": {"full191train_loss": 0.056888704714567764}, "step": 9}
Step:9	{"loss": {"full191test_loss": 0.046820499459091496}, "step": 9}
Step:10	{"loss": {"full191train_loss": 0.0635684849559397}, "step": 10}
Step:10	{"loss": {"full191test_loss": 0.04499137644865075}, "step": 10}
Step:11	{"loss": {"full191train_loss": 0.05824725697006004}, "step": 11}
Step:11	{"loss": {"full191test_loss": 0.0469238855400864}, "step": 11}
Step:12	{"loss": {"full191train_loss": 0.060079825097236084}, "step": 12}
Step:12	{"loss": {"full191test_loss": 0.04627264275842784}, "step": 12}
Step:13	{"loss": {"full191train_loss": 0.06107749800751175}, "step": 13}
Step:13	{"loss": {"full191test_loss": 0.04651393695753448}, "step": 13}
Step:14	{"loss": {"full191train_loss": 0.05988852874092434}, "step": 14}
Step:14	{"loss": {"full191test_loss": 0.0453707539305395}, "step": 14}
Step:15	{"loss": {"full191train_loss": 0.061590598977130394}, "step": 15}
Step:15	{"loss": {"full191test_loss": 0.04596582237555056}, "step": 15}
Step:16	{"loss": {"full191train_loss": 0.06369964281717937}, "step": 16}
Step:16	{"loss": {"full191test_loss": 0.044742511243236305}, "step": 16}
Step:17	{"loss": {"full191train_loss": 0.05937401453653971}, "step": 17}
Step:17	{"loss": {"full191test_loss": 0.04478425395732023}, "step": 17}
Step:18	{"loss": {"full191train_loss": 0.06177556687507076}, "step": 18}
Step:18	{"loss": {"full191test_loss": 0.0456436994124432}, "step": 18}
Step:19	{"loss": {"full191train_loss": 0.06314709221107373}, "step": 19}
Step:19	{"loss": {"full191test_loss": 0.044260574846851586}, "step": 19}
Step:20	{"loss": {"full191train_loss": 0.058574488197547805}, "step": 20}
Step:20	{"loss": {"full191test_loss": 0.04555776654457559}, "step": 20}
Step:21	{"loss": {"full191train_loss": 0.0585994737735693}, "step": 21}
Step:21	{"loss": {"full191test_loss": 0.04505997287983797}, "step": 21}
Step:22	{"loss": {"full191train_loss": 0.06471355410589688}, "step": 22}
Step:22	{"loss": {"full191test_loss": 0.04475743916569924}, "step": 22}
Step:23	{"loss": {"full191train_loss": 0.05841942109923432}, "step": 23}
Step:23	{"loss": {"full191test_loss": 0.04359092031206403}, "step": 23}
Step:24	{"loss": {"full191train_loss": 0.06067937698917113}, "step": 24}
Step:24	{"loss": {"full191test_loss": 0.04479970737379425}, "step": 24}
Step:25	{"loss": {"full191train_loss": 0.05610864231551903}, "step": 25}
Step:25	{"loss": {"full191test_loss": 0.04451059321967923}, "step": 25}
Step:26	{"loss": {"full191train_loss": 0.05705112305240355}, "step": 26}
Step:26	{"loss": {"full191test_loss": 0.044869773241938374}, "step": 26}
Step:27	{"loss": {"full191train_loss": 0.05411466826563296}, "step": 27}
Step:27	{"loss": {"full191test_loss": 0.04408892320126903}, "step": 27}
Step:28	{"loss": {"full191train_loss": 0.061297364856885826}, "step": 28}
Step:28	{"loss": {"full191test_loss": 0.044442069773771326}, "step": 28}
Step:29	{"loss": {"full191train_loss": 0.058251569236534226}, "step": 29}
Step:29	{"loss": {"full191test_loss": 0.044648238590785434}, "step": 29}
Step:30	{"loss": {"full191train_loss": 0.06823721139327339}, "step": 30}
Step:30	{"loss": {"full191test_loss": 0.04419614830795599}, "step": 30}
Step:31	{"loss": {"full191train_loss": 0.05699077550915704}, "step": 31}
Step:31	{"loss": {"full191test_loss": 0.045134534641188016}, "step": 31}
Step:32	{"loss": {"full191train_loss": 0.06252790879512178}, "step": 32}
Step:32	{"loss": {"full191test_loss": 0.04416340224596919}, "step": 32}
Step:33	{"loss": {"full191train_loss": 0.058296402295430504}, "step": 33}
Step:33	{"loss": {"full191test_loss": 0.044361362651902804}, "step": 33}
Step:34	{"loss": {"full191train_loss": 0.05702916435573412}, "step": 34}
Step:34	{"loss": {"full191test_loss": 0.04478735339884855}, "step": 34}
Step:35	{"loss": {"full191train_loss": 0.05759093208589416}, "step": 35}
Step:35	{"loss": {"full191test_loss": 0.04432878202321578}, "step": 35}
Step:36	{"loss": {"full191train_loss": 0.05807396812715392}, "step": 36}
Step:36	{"loss": {"full191test_loss": 0.04469794643168547}, "step": 36}
Step:37	{"loss": {"full191train_loss": 0.061702482942221824}, "step": 37}
Step:37	{"loss": {"full191test_loss": 0.04408510363831812}, "step": 37}
Step:38	{"loss": {"full191train_loss": 0.05871189849964087}, "step": 38}
Step:38	{"loss": {"full191test_loss": 0.04400109271613919}, "step": 38}
Step:39	{"loss": {"full191train_loss": 0.05745545331982599}, "step": 39}
Step:39	{"loss": {"full191test_loss": 0.04458957302327059}, "step": 39}
Step:40	{"loss": {"full191train_loss": 0.06054884454478388}, "step": 40}
Step:40	{"loss": {"full191test_loss": 0.043382041308344624}, "step": 40}
Step:41	{"loss": {"full191train_loss": 0.061001159142756806}, "step": 41}
Step:41	{"loss": {"full191test_loss": 0.044094523605035275}, "step": 41}
Step:42	{"loss": {"full191train_loss": 0.059791976127071655}, "step": 42}
Step:42	{"loss": {"full191test_loss": 0.043218904612015704}, "step": 42}
Step:43	{"loss": {"full191train_loss": 0.05899538164553435}, "step": 43}
Step:43	{"loss": {"full191test_loss": 0.04433707315094617}, "step": 43}
Step:44	{"loss": {"full191train_loss": 0.06419976897861647}, "step": 44}
Step:44	{"loss": {"full191test_loss": 0.04351764795731525}, "step": 44}
Step:45	{"loss": {"full191train_loss": 0.05690999825795492}, "step": 45}
Step:45	{"loss": {"full191test_loss": 0.04369431125874422}, "step": 45}
Step:46	{"loss": {"full191train_loss": 0.06014835316201915}, "step": 46}
Step:46	{"loss": {"full191test_loss": 0.0433944828656255}, "step": 46}
Step:47	{"loss": {"full191train_loss": 0.06225191683009051}, "step": 47}
Step:47	{"loss": {"full191test_loss": 0.04329673124819386}, "step": 47}
Step:48	{"loss": {"full191train_loss": 0.05929451748944711}, "step": 48}
Step:48	{"loss": {"full191test_loss": 0.044747834302941145}, "step": 48}
Step:49	{"loss": {"full191train_loss": 0.06307950227156929}, "step": 49}
Step:49	{"loss": {"full191test_loss": 0.04387131515814333}, "step": 49}
Step:50	{"loss": {"full191train_loss": 0.056995661362357765}, "step": 50}
Step:50	{"loss": {"full191test_loss": 0.04284745819714605}, "step": 50}
Step:51	{"loss": {"full191train_loss": 0.06237154939900274}, "step": 51}
Step:51	{"loss": {"full191test_loss": 0.043425078294715105}, "step": 51}
Step:52	{"loss": {"full191train_loss": 0.05384781049645465}, "step": 52}
Step:52	{"loss": {"full191test_loss": 0.042763422946540675}, "step": 52}
Step:53	{"loss": {"full191train_loss": 0.06204339213993238}, "step": 53}
Step:53	{"loss": {"full191test_loss": 0.04455262787488042}, "step": 53}
Step:54	{"loss": {"full191train_loss": 0.054358262946640236}, "step": 54}
Step:54	{"loss": {"full191test_loss": 0.0437551955787503}, "step": 54}
Step:55	{"loss": {"full191train_loss": 0.061400992282922714}, "step": 55}
Step:55	{"loss": {"full191test_loss": 0.042942840225842535}, "step": 55}
Step:56	{"loss": {"full191train_loss": 0.05715125712795534}, "step": 56}
Step:56	{"loss": {"full191test_loss": 0.043649050654197226}, "step": 56}
Step:57	{"loss": {"full191train_loss": 0.058937181597170624}, "step": 57}
Step:57	{"loss": {"full191test_loss": 0.04335698302911253}, "step": 57}
Step:58	{"loss": {"full191train_loss": 0.062071454697760986}, "step": 58}
Step:58	{"loss": {"full191test_loss": 0.04283028232808016}, "step": 58}
Step:59	{"loss": {"full191train_loss": 0.0579009643499402}, "step": 59}
Step:59	{"loss": {"full191test_loss": 0.042901817633181204}, "step": 59}
Step:60	{"loss": {"full191train_loss": 0.06027695061503977}, "step": 60}
Step:60	{"loss": {"full191test_loss": 0.04245142060883191}, "step": 60}
Step:61	{"loss": {"full191train_loss": 0.05570811983467876}, "step": 61}
Step:61	{"loss": {"full191test_loss": 0.04254242838645468}, "step": 61}
Step:62	{"loss": {"full191train_loss": 0.05494881712872049}, "step": 62}
Step:62	{"loss": {"full191test_loss": 0.042704163765420716}, "step": 62}
Step:63	{"loss": {"full191train_loss": 0.057737146598705345}, "step": 63}
Step:63	{"loss": {"full191test_loss": 0.042722507398955674}, "step": 63}
Step:64	{"loss": {"full191train_loss": 0.05662642700084741}, "step": 64}
Step:64	{"loss": {"full191test_loss": 0.04264745906907685}, "step": 64}
Step:65	{"loss": {"full191train_loss": 0.057263149731401085}, "step": 65}
Step:65	{"loss": {"full191test_loss": 0.042299713407244}, "step": 65}
Step:66	{"loss": {"full191train_loss": 0.058028735976288284}, "step": 66}
Step:66	{"loss": {"full191test_loss": 0.042265254624035895}, "step": 66}
Step:67	{"loss": {"full191train_loss": 0.06329881972160892}, "step": 67}
Step:67	{"loss": {"full191test_loss": 0.04184934557700644}, "step": 67}
Step:68	{"loss": {"full191train_loss": 0.06354020298391148}, "step": 68}
Step:68	{"loss": {"full191test_loss": 0.042432921273367744}, "step": 68}
Step:69	{"loss": {"full191train_loss": 0.06116631411123967}, "step": 69}
Step:69	{"loss": {"full191test_loss": 0.04391849284269372}, "step": 69}
Step:70	{"loss": {"full191train_loss": 0.05668557726818582}, "step": 70}
Step:70	{"loss": {"full191test_loss": 0.043435247576966575}, "step": 70}
Step:71	{"loss": {"full191train_loss": 0.05698859864386959}, "step": 71}
Step:71	{"loss": {"full191test_loss": 0.042374421139152685}, "step": 71}
Step:72	{"loss": {"full191train_loss": 0.056660460389178734}, "step": 72}
Step:72	{"loss": {"full191test_loss": 0.04246071893341687}, "step": 72}
Step:73	{"loss": {"full191train_loss": 0.05593523253565249}, "step": 73}
Step:73	{"loss": {"full191test_loss": 0.04287933816715163}, "step": 73}
Step:74	{"loss": {"full191train_loss": 0.056036000666411026}, "step": 74}
Step:74	{"loss": {"full191test_loss": 0.04339669188674616}, "step": 74}
Step:75	{"loss": {"full191train_loss": 0.05690866104070691}, "step": 75}
Step:75	{"loss": {"full191test_loss": 0.041823601236148755}, "step": 75}
Step:76	{"loss": {"full191train_loss": 0.056360443433125816}, "step": 76}
Step:76	{"loss": {"full191test_loss": 0.04183272439606336}, "step": 76}
Step:77	{"loss": {"full191train_loss": 0.05588916073674741}, "step": 77}
Step:77	{"loss": {"full191test_loss": 0.041674954550606866}, "step": 77}
Step:78	{"loss": {"full191train_loss": 0.05935652705206387}, "step": 78}
Step:78	{"loss": {"full191test_loss": 0.04215862799663933}, "step": 78}
Step:79	{"loss": {"full191train_loss": 0.06107005520143371}, "step": 79}
Step:79	{"loss": {"full191test_loss": 0.042392516622737964}, "step": 79}
Step:80	{"loss": {"full191train_loss": 0.057078168012093804}, "step": 80}
Step:80	{"loss": {"full191test_loss": 0.0422418263493752}, "step": 80}
Step:81	{"loss": {"full191train_loss": 0.05581664693528327}, "step": 81}
Step:81	{"loss": {"full191test_loss": 0.04257247399310676}, "step": 81}
Step:82	{"loss": {"full191train_loss": 0.05587321260701055}, "step": 82}
Step:82	{"loss": {"full191test_loss": 0.04197464183885224}, "step": 82}
Step:83	{"loss": {"full191train_loss": 0.058326004207998085}, "step": 83}
Step:83	{"loss": {"full191test_loss": 0.042884700152338764}, "step": 83}
Step:84	{"loss": {"full191train_loss": 0.05640158273171687}, "step": 84}
Step:84	{"loss": {"full191test_loss": 0.04200620553931411}, "step": 84}
Step:85	{"loss": {"full191train_loss": 0.05496592970861905}, "step": 85}
Step:85	{"loss": {"full191test_loss": 0.04160338032002352}, "step": 85}
Step:86	{"loss": {"full191train_loss": 0.05897832435110341}, "step": 86}
Step:86	{"loss": {"full191test_loss": 0.0425258461309939}, "step": 86}
Step:87	{"loss": {"full191train_loss": 0.057749762051347374}, "step": 87}
Step:87	{"loss": {"full191test_loss": 0.04228674149026676}, "step": 87}
Step:88	{"loss": {"full191train_loss": 0.05815642467443494}, "step": 88}
Step:88	{"loss": {"full191test_loss": 0.041555604156182736}, "step": 88}
Step:89	{"loss": {"full191train_loss": 0.05901095832603565}, "step": 89}
Step:89	{"loss": {"full191test_loss": 0.04310954346948741}, "step": 89}
Step:90	{"loss": {"full191train_loss": 0.058750000552854675}, "step": 90}
Step:90	{"loss": {"full191test_loss": 0.04302785347919075}, "step": 90}
Step:91	{"loss": {"full191train_loss": 0.0571552946947623}, "step": 91}
Step:91	{"loss": {"full191test_loss": 0.04079489805260483}, "step": 91}
Step:92	{"loss": {"full191train_loss": 0.05866067305855129}, "step": 92}
Step:92	{"loss": {"full191test_loss": 0.04202801840645926}, "step": 92}
Step:93	{"loss": {"full191train_loss": 0.05796972392261892}, "step": 93}
Step:93	{"loss": {"full191test_loss": 0.04230013185617875}, "step": 93}
Step:94	{"loss": {"full191train_loss": 0.05535713140515314}, "step": 94}
Step:94	{"loss": {"full191test_loss": 0.04096433581138144}, "step": 94}
Step:95	{"loss": {"full191train_loss": 0.05523738653763481}, "step": 95}
Step:95	{"loss": {"full191test_loss": 0.042553891940992704}, "step": 95}
Step:96	{"loss": {"full191train_loss": 0.056064882140228714}, "step": 96}
Step:96	{"loss": {"full191test_loss": 0.04182919190854442}, "step": 96}
Step:97	{"loss": {"full191train_loss": 0.05689086257547572}, "step": 97}
Step:97	{"loss": {"full191test_loss": 0.041637586087596656}, "step": 97}
Step:98	{"loss": {"full191train_loss": 0.05249409571937893}, "step": 98}
Step:98	{"loss": {"full191test_loss": 0.0416329880149997}, "step": 98}
Step:99	{"loss": {"full191train_loss": 0.05869723057401353}, "step": 99}
Step:99	{"loss": {"full191test_loss": 0.041723543283890704}, "step": 99}
Step:100	{"loss": {"full191train_loss": 0.0557525848996812}, "step": 100}
Step:100	{"loss": {"full191test_loss": 0.041406470902112066}, "step": 100}
Step:1	{"loss": {"zhongtrain_loss": 0.06041356100552324}, "step": 1}
Step:1	{"loss": {"zhongtest_loss": 0.03878715816809206}, "step": 1}
Step:2	{"loss": {"zhongtrain_loss": 0.05322456532630367}, "step": 2}
Step:2	{"loss": {"zhongtest_loss": 0.03867645166358169}, "step": 2}
Step:3	{"loss": {"zhongtrain_loss": 0.054435804270315864}, "step": 3}
Step:3	{"loss": {"zhongtest_loss": 0.038865987135439505}, "step": 3}
Step:4	{"loss": {"zhongtrain_loss": 0.04895256394925325}, "step": 4}
Step:4	{"loss": {"zhongtest_loss": 0.039018519070683697}, "step": 4}
Step:5	{"loss": {"zhongtrain_loss": 0.05369576854982238}, "step": 5}
Step:5	{"loss": {"zhongtest_loss": 0.038632952437108875}, "step": 5}
Step:6	{"loss": {"zhongtrain_loss": 0.048437921897224755}, "step": 6}
Step:6	{"loss": {"zhongtest_loss": 0.037940733286799214}, "step": 6}
Step:7	{"loss": {"zhongtrain_loss": 0.04580306143000506}, "step": 7}
Step:7	{"loss": {"zhongtest_loss": 0.03734709048757748}, "step": 7}
Step:8	{"loss": {"zhongtrain_loss": 0.045282904652581696}, "step": 8}
Step:8	{"loss": {"zhongtest_loss": 0.036856721858589014}, "step": 8}
Step:9	{"loss": {"zhongtrain_loss": 0.042574132698169655}, "step": 9}
Step:9	{"loss": {"zhongtest_loss": 0.03654542504524698}, "step": 9}
Step:10	{"loss": {"zhongtrain_loss": 0.041077496348947716}, "step": 10}
Step:10	{"loss": {"zhongtest_loss": 0.036371564378543775}, "step": 10}
Step:11	{"loss": {"zhongtrain_loss": 0.04494375767915145}, "step": 11}
Step:11	{"loss": {"zhongtest_loss": 0.03619413959736727}, "step": 11}
Step:12	{"loss": {"zhongtrain_loss": 0.0418435559756514}, "step": 12}
Step:12	{"loss": {"zhongtest_loss": 0.03608831580804319}, "step": 12}
Step:13	{"loss": {"zhongtrain_loss": 0.03852191178695015}, "step": 13}
Step:13	{"loss": {"zhongtest_loss": 0.03604796711279421}, "step": 13}
Step:14	{"loss": {"zhongtrain_loss": 0.04259912345720374}, "step": 14}
Step:14	{"loss": {"zhongtest_loss": 0.03598897554436509}, "step": 14}
Step:15	{"loss": {"zhongtrain_loss": 0.03471366046131521}, "step": 15}
Step:15	{"loss": {"zhongtest_loss": 0.03585293098371856}, "step": 15}
Step:16	{"loss": {"zhongtrain_loss": 0.040514439776323845}, "step": 16}
Step:16	{"loss": {"zhongtest_loss": 0.035767058936917055}, "step": 16}
Step:17	{"loss": {"zhongtrain_loss": 0.03006329743758492}, "step": 17}
Step:17	{"loss": {"zhongtest_loss": 0.035748189809371014}, "step": 17}
Step:18	{"loss": {"zhongtrain_loss": 0.037896161494047745}, "step": 18}
Step:18	{"loss": {"zhongtest_loss": 0.035766713473261616}, "step": 18}
Step:19	{"loss": {"zhongtrain_loss": 0.03176223022350366}, "step": 19}
Step:19	{"loss": {"zhongtest_loss": 0.03584658856294593}, "step": 19}
Step:20	{"loss": {"zhongtrain_loss": 0.03519383029661317}, "step": 20}
Step:20	{"loss": {"zhongtest_loss": 0.035991693029598315}, "step": 20}
Step:21	{"loss": {"zhongtrain_loss": 0.03174808923748956}, "step": 21}
Step:21	{"loss": {"zhongtest_loss": 0.03608720156611228}, "step": 21}
Step:22	{"loss": {"zhongtrain_loss": 0.03227666495502859}, "step": 22}
Step:22	{"loss": {"zhongtest_loss": 0.03605988560890665}, "step": 22}
Step:23	{"loss": {"zhongtrain_loss": 0.033225171807883445}, "step": 23}
Step:23	{"loss": {"zhongtest_loss": 0.03584386377918477}, "step": 23}
Step:24	{"loss": {"zhongtrain_loss": 0.032831731049910835}, "step": 24}
Step:24	{"loss": {"zhongtest_loss": 0.03556023081954645}, "step": 24}
Step:25	{"loss": {"zhongtrain_loss": 0.03171577833700871}, "step": 25}
Step:25	{"loss": {"zhongtest_loss": 0.03538649909350337}, "step": 25}
Step:26	{"loss": {"zhongtrain_loss": 0.028503901716591656}, "step": 26}
Step:26	{"loss": {"zhongtest_loss": 0.035246141102849224}, "step": 26}
Step:27	{"loss": {"zhongtrain_loss": 0.029278281806171803}, "step": 27}
Step:27	{"loss": {"zhongtest_loss": 0.03511637327622394}, "step": 27}
Step:28	{"loss": {"zhongtrain_loss": 0.02729584255080292}, "step": 28}
Step:28	{"loss": {"zhongtest_loss": 0.03496631797479124}, "step": 28}
Step:29	{"loss": {"zhongtrain_loss": 0.026404368704643803}, "step": 29}
Step:29	{"loss": {"zhongtest_loss": 0.034812968604418695}, "step": 29}
Step:30	{"loss": {"zhongtrain_loss": 0.025279280068217846}, "step": 30}
Step:30	{"loss": {"zhongtest_loss": 0.03467124578904132}, "step": 30}
Step:31	{"loss": {"zhongtrain_loss": 0.026762963205144024}, "step": 31}
Step:31	{"loss": {"zhongtest_loss": 0.034535164735755144}, "step": 31}
Step:32	{"loss": {"zhongtrain_loss": 0.023064442302869713}, "step": 32}
Step:32	{"loss": {"zhongtest_loss": 0.034391578362912546}, "step": 32}
Step:33	{"loss": {"zhongtrain_loss": 0.02548136918441109}, "step": 33}
Step:33	{"loss": {"zhongtest_loss": 0.03425135174576117}, "step": 33}
Step:34	{"loss": {"zhongtrain_loss": 0.02302332373632901}, "step": 34}
Step:34	{"loss": {"zhongtest_loss": 0.03419053311250648}, "step": 34}
Step:35	{"loss": {"zhongtrain_loss": 0.02394232369851375}, "step": 35}
Step:35	{"loss": {"zhongtest_loss": 0.034195140916474014}, "step": 35}
Step:36	{"loss": {"zhongtrain_loss": 0.024946415769881096}, "step": 36}
Step:36	{"loss": {"zhongtest_loss": 0.03424950278535181}, "step": 36}
Step:37	{"loss": {"zhongtrain_loss": 0.02363499783087468}, "step": 37}
Step:37	{"loss": {"zhongtest_loss": 0.03433208562889878}, "step": 37}
Step:38	{"loss": {"zhongtrain_loss": 0.020098308722178142}, "step": 38}
Step:38	{"loss": {"zhongtest_loss": 0.03439003350783368}, "step": 38}
Step:39	{"loss": {"zhongtrain_loss": 0.02345243744228197}, "step": 39}
Step:39	{"loss": {"zhongtest_loss": 0.03449026905760473}, "step": 39}
Step:40	{"loss": {"zhongtrain_loss": 0.021465929522030594}, "step": 40}
Step:40	{"loss": {"zhongtest_loss": 0.0347462357306967}, "step": 40}
Step:41	{"loss": {"zhongtrain_loss": 0.018417360989943794}, "step": 41}
Step:41	{"loss": {"zhongtest_loss": 0.03493390764508929}, "step": 41}
Step:42	{"loss": {"zhongtrain_loss": 0.019321890844815018}, "step": 42}
Step:42	{"loss": {"zhongtest_loss": 0.034986731957416146}, "step": 42}
Step:43	{"loss": {"zhongtrain_loss": 0.01763125865355782}, "step": 43}
Step:43	{"loss": {"zhongtest_loss": 0.035013639197057606}, "step": 43}
Step:44	{"loss": {"zhongtrain_loss": 0.024683513503143753}, "step": 44}
Step:44	{"loss": {"zhongtest_loss": 0.03498311675324732}, "step": 44}
Step:45	{"loss": {"zhongtrain_loss": 0.01849351067473923}, "step": 45}
Step:45	{"loss": {"zhongtest_loss": 0.03486906265725895}, "step": 45}
Step:46	{"loss": {"zhongtrain_loss": 0.020493061646171238}, "step": 46}
Step:46	{"loss": {"zhongtest_loss": 0.03478468194299815}, "step": 46}
Step:47	{"loss": {"zhongtrain_loss": 0.01788171823473944}, "step": 47}
Step:47	{"loss": {"zhongtest_loss": 0.034740224176523636}, "step": 47}
Step:48	{"loss": {"zhongtrain_loss": 0.02299120633498482}, "step": 48}
Step:48	{"loss": {"zhongtest_loss": 0.03466415648557702}, "step": 48}
Step:49	{"loss": {"zhongtrain_loss": 0.01838189104328985}, "step": 49}
Step:49	{"loss": {"zhongtest_loss": 0.03452384228609046}, "step": 49}
Step:50	{"loss": {"zhongtrain_loss": 0.018408946369005287}, "step": 50}
Step:50	{"loss": {"zhongtest_loss": 0.034346663222020984}, "step": 50}
Step:51	{"loss": {"zhongtrain_loss": 0.017985252366549728}, "step": 51}
Step:51	{"loss": {"zhongtest_loss": 0.03421818723483962}, "step": 51}
Step:52	{"loss": {"zhongtrain_loss": 0.01623820740243663}, "step": 52}
Step:52	{"loss": {"zhongtest_loss": 0.03408634176059645}, "step": 52}
Step:53	{"loss": {"zhongtrain_loss": 0.018629818722821663}, "step": 53}
Step:53	{"loss": {"zhongtest_loss": 0.03398144001863441}, "step": 53}
Step:54	{"loss": {"zhongtrain_loss": 0.01657620893008467}, "step": 54}
Step:54	{"loss": {"zhongtest_loss": 0.03393300455443713}, "step": 54}
Step:55	{"loss": {"zhongtrain_loss": 0.01618908453678739}, "step": 55}
Step:55	{"loss": {"zhongtest_loss": 0.0338594913482666}, "step": 55}
Step:56	{"loss": {"zhongtrain_loss": 0.01733731446058854}, "step": 56}
Step:56	{"loss": {"zhongtest_loss": 0.03378212695219079}, "step": 56}
Step:57	{"loss": {"zhongtrain_loss": 0.017804081025330917}, "step": 57}
Step:57	{"loss": {"zhongtest_loss": 0.03375241707782356}, "step": 57}
Step:58	{"loss": {"zhongtrain_loss": 0.014088438472886017}, "step": 58}
Step:58	{"loss": {"zhongtest_loss": 0.03377966004974988}, "step": 58}
Step:59	{"loss": {"zhongtrain_loss": 0.015328835749971693}, "step": 59}
Step:59	{"loss": {"zhongtest_loss": 0.03374891135157371}, "step": 59}
Step:60	{"loss": {"zhongtrain_loss": 0.013384110685707867}, "step": 60}
Step:60	{"loss": {"zhongtest_loss": 0.03365011604464784}, "step": 60}
Step:61	{"loss": {"zhongtrain_loss": 0.012551510679549065}, "step": 61}
Step:61	{"loss": {"zhongtest_loss": 0.03359695600003612}, "step": 61}
Step:62	{"loss": {"zhongtrain_loss": 0.014145693917205368}, "step": 62}
Step:62	{"loss": {"zhongtest_loss": 0.03353332743352773}, "step": 62}
Step:63	{"loss": {"zhongtrain_loss": 0.014889646267545397}, "step": 63}
Step:63	{"loss": {"zhongtest_loss": 0.03344833364292067}, "step": 63}
Step:64	{"loss": {"zhongtrain_loss": 0.01301971207494321}, "step": 64}
Step:64	{"loss": {"zhongtest_loss": 0.033349190439496725}, "step": 64}
Step:65	{"loss": {"zhongtrain_loss": 0.012812668430632439}, "step": 65}
Step:65	{"loss": {"zhongtest_loss": 0.033257873690858177}, "step": 65}
Step:66	{"loss": {"zhongtrain_loss": 0.013349454903948134}, "step": 66}
Step:66	{"loss": {"zhongtest_loss": 0.03318269642031923}, "step": 66}
Step:67	{"loss": {"zhongtrain_loss": 0.012423436278882235}, "step": 67}
Step:67	{"loss": {"zhongtest_loss": 0.03311768356634646}, "step": 67}
Step:68	{"loss": {"zhongtrain_loss": 0.013787607351938883}, "step": 68}
Step:68	{"loss": {"zhongtest_loss": 0.03306313193574244}, "step": 68}
Step:69	{"loss": {"zhongtrain_loss": 0.012353552856307098}, "step": 69}
Step:69	{"loss": {"zhongtest_loss": 0.03299465957953005}, "step": 69}
Step:70	{"loss": {"zhongtrain_loss": 0.011221765608027361}, "step": 70}
Step:70	{"loss": {"zhongtest_loss": 0.03288920558228785}, "step": 70}
Step:71	{"loss": {"zhongtrain_loss": 0.013674869917441105}, "step": 71}
Step:71	{"loss": {"zhongtest_loss": 0.03280570798990678}, "step": 71}
Step:72	{"loss": {"zhongtrain_loss": 0.01339893582938374}, "step": 72}
Step:72	{"loss": {"zhongtest_loss": 0.032795923096793037}, "step": 72}
Step:73	{"loss": {"zhongtrain_loss": 0.01118627276973448}, "step": 73}
Step:73	{"loss": {"zhongtest_loss": 0.032787797402362436}, "step": 73}
Step:74	{"loss": {"zhongtrain_loss": 0.012260049149609995}, "step": 74}
Step:74	{"loss": {"zhongtest_loss": 0.032723555759507784}, "step": 74}
Step:75	{"loss": {"zhongtrain_loss": 0.013007275004317795}, "step": 75}
Step:75	{"loss": {"zhongtest_loss": 0.032679127187144996}, "step": 75}
Step:76	{"loss": {"zhongtrain_loss": 0.010946188284003216}, "step": 76}
Step:76	{"loss": {"zhongtest_loss": 0.03263503434706708}, "step": 76}
Step:77	{"loss": {"zhongtrain_loss": 0.00938749831655751}, "step": 77}
Step:77	{"loss": {"zhongtest_loss": 0.03256441865648542}, "step": 77}
Step:78	{"loss": {"zhongtrain_loss": 0.009986950003582499}, "step": 78}
Step:78	{"loss": {"zhongtest_loss": 0.032502524706782124}, "step": 78}
Step:79	{"loss": {"zhongtrain_loss": 0.011623845584150673}, "step": 79}
Step:79	{"loss": {"zhongtest_loss": 0.03250093849337831}, "step": 79}
Step:80	{"loss": {"zhongtrain_loss": 0.010549800551455954}, "step": 80}
Step:80	{"loss": {"zhongtest_loss": 0.03259525736983942}, "step": 80}
Step:81	{"loss": {"zhongtrain_loss": 0.010830312967300415}, "step": 81}
Step:81	{"loss": {"zhongtest_loss": 0.03270319529942104}, "step": 81}
Step:82	{"loss": {"zhongtrain_loss": 0.011770037637240644}, "step": 82}
Step:82	{"loss": {"zhongtest_loss": 0.03280083500609106}, "step": 82}
Step:83	{"loss": {"zhongtrain_loss": 0.009851626295974289}, "step": 83}
Step:83	{"loss": {"zhongtest_loss": 0.032890468227620026}, "step": 83}
Step:84	{"loss": {"zhongtrain_loss": 0.00984673137250154}, "step": 84}
Step:84	{"loss": {"zhongtest_loss": 0.03297243556197809}, "step": 84}
Step:85	{"loss": {"zhongtrain_loss": 0.009800621132919754}, "step": 85}
Step:85	{"loss": {"zhongtest_loss": 0.032994464952118545}, "step": 85}
Step:86	{"loss": {"zhongtrain_loss": 0.00932531728260759}, "step": 86}
Step:86	{"loss": {"zhongtest_loss": 0.03298096024260229}, "step": 86}
Step:87	{"loss": {"zhongtrain_loss": 0.008932629789131275}, "step": 87}
Step:87	{"loss": {"zhongtest_loss": 0.03297758588985521}, "step": 87}
Step:88	{"loss": {"zhongtrain_loss": 0.009637982085131216}, "step": 88}
Step:88	{"loss": {"zhongtest_loss": 0.032975123853099586}, "step": 88}
Step:89	{"loss": {"zhongtrain_loss": 0.009015683246695477}, "step": 89}
Step:89	{"loss": {"zhongtest_loss": 0.03298049313681466}, "step": 89}
Step:90	{"loss": {"zhongtrain_loss": 0.008579916712166607}, "step": 90}
Step:90	{"loss": {"zhongtest_loss": 0.03300926393392135}, "step": 90}
Step:91	{"loss": {"zhongtrain_loss": 0.008881323147511137}, "step": 91}
Step:91	{"loss": {"zhongtest_loss": 0.033033307717770945}, "step": 91}
Step:92	{"loss": {"zhongtrain_loss": 0.008737566678420357}, "step": 92}
Step:92	{"loss": {"zhongtest_loss": 0.033011662716768225}, "step": 92}
Step:93	{"loss": {"zhongtrain_loss": 0.009819012621174688}, "step": 93}
Step:93	{"loss": {"zhongtest_loss": 0.03295702350382902}, "step": 93}
Step:94	{"loss": {"zhongtrain_loss": 0.009953389565149942}, "step": 94}
Step:94	{"loss": {"zhongtest_loss": 0.032908069844148596}, "step": 94}
Step:95	{"loss": {"zhongtrain_loss": 0.008696709854015406}, "step": 95}
Step:95	{"loss": {"zhongtest_loss": 0.0328614565790916}, "step": 95}
Step:96	{"loss": {"zhongtrain_loss": 0.007771640584088754}, "step": 96}
Step:96	{"loss": {"zhongtest_loss": 0.03279730008572948}, "step": 96}
Step:97	{"loss": {"zhongtrain_loss": 0.009555009396179863}, "step": 97}
Step:97	{"loss": {"zhongtest_loss": 0.03273011470327572}, "step": 97}
Step:98	{"loss": {"zhongtrain_loss": 0.007817933092946592}, "step": 98}
Step:98	{"loss": {"zhongtest_loss": 0.03264815223460295}, "step": 98}
Step:99	{"loss": {"zhongtrain_loss": 0.008425947116768879}, "step": 99}
Step:99	{"loss": {"zhongtest_loss": 0.03257759979793003}, "step": 99}
Step:100	{"loss": {"zhongtrain_loss": 0.007100655116896698}, "step": 100}
Step:100	{"loss": {"zhongtest_loss": 0.032533755107801786}, "step": 100}
