{"metric": {"full191": 0.2857142857142857}}
{"metric": {"full191UAR": 0.085455}}
{"metric": {"full191f1": 0.111888}}
{"metric": {"full191wa": 0.540816}}
{"metric": {"full191wa": 0.577259}}
{"metric": {"full191wa": 0.605619}}
{"metric": {"full191": 0.2857142857142857}}
{"metric": {"full191UAR": 0.135065}}
{"metric": {"full191f1": 0.140346}}
{"metric": {"full191wa": 0.62828}}
{"metric": {"full191": 0.40816326530612246}}
{"metric": {"full191UAR": 0.190724}}
{"metric": {"full191f1": 0.218124}}
{"metric": {"full191wa": 0.641399}}
{"metric": {"full191UAR": 0.207046}}
{"metric": {"full191wa": 0.726743}}
{"metric": {"full191": 0.42857142857142855}}
{"metric": {"full191UAR": 0.233503}}
{"metric": {"full191f1": 0.232436}}
{"metric": {"full191wa": 0.77339}}
{"metric": {"full191": 0.46938775510204084}}
{"metric": {"full191wa": 0.831964}}
{"metric": {"full191": 0.5102040816326531}}
{"metric": {"full191f1": 0.257576}}
{"metric": {"full191": 0.5714285714285714}}
{"metric": {"full191UAR": 0.325549}}
{"metric": {"full191f1": 0.331293}}
{"metric": {"full191wa": 0.848343}}
{"metric": {"full191": 0.5918367346938775}}
{"metric": {"full191UAR": 0.333247}}
{"metric": {"full191f1": 0.342515}}
{"metric": {"full191wa": 0.874052}}
{"metric": {"full191": 0.6122448979591837}}
{"metric": {"full191wa": 0.930294}}
{"metric": {"full191": 0.6530612244897959}}
{"metric": {"full191UAR": 0.518776}}
{"metric": {"full191f1": 0.415829}}
{"metric": {"full191": 0.673469387755102}}
{"metric": {"full191UAR": 0.678571}}
{"metric": {"full191f1": 0.495636}}
{"metric": {"full191": 0.7346938775510204}}
{"metric": {"full191UAR": 0.723861}}
{"metric": {"full191f1": 0.55376}}
{"metric": {"full191": 0.7551020408163265}}
{"metric": {"full191f1": 0.575725}}
{"metric": {"full191": 0.7959183673469388}}
{"metric": {"full191UAR": 0.732095}}
{"metric": {"full191f1": 0.724273}}
{"metric": {"full191wa": 0.97551}}
{"metric": {"full191": 0.7959183673469388}}
{"metric": {"full191": 0.8163265306122449}}
{"metric": {"full191": 0.8775510204081632}}
{"metric": {"full191UAR": 0.756633}}
{"metric": {"full191": 0.8775510204081632}}
{"metric": {"full191UAR": 0.903061}}
{"metric": {"full191f1": 0.846753}}
{"metric": {"full191": 0.8775510204081632}}
{"metric": {"full191": 0.8979591836734694}}
{"metric": {"full191f1": 0.877413}}
{"metric": {"full191": 0.9795918367346939}}
{"metric": {"full191UAR": 0.971429}}
{"metric": {"full191f1": 0.973138}}
{"metric": {"full191wa": 0.982507}}
{"metric": {"full191": 1.0}}
{"metric": {"full191UAR": 1.0}}
{"metric": {"full191f1": 1.0}}
{"metric": {"full191wa": 1.0}}
{"metric": {"full191": 1.0}}
{"metric": {"full191": 1.0}}
{"metric": {"full191": 1.0}}
{"metric": {"full191": 1.0}}
{"metric": {"full191": 1.0}}
{"metric": {"full191": 1.0}}
{"metric": {"full191": 1.0}}
{"metric": {"full191": 1.0}}
{"metric": {"full191": 1.0}}
{"metric": {"full191": 1.0}}
{"metric": {"full191": 1.0}}
{"metric": {"full191": 1.0}}
{"metric": {"full191": 1.0}}
{"metric": {"full191": 1.0}}
{"metric": {"full191": 1.0}}
{"metric": {"full191": 1.0}}
{"metric": {"full191": 1.0}}
{"metric": {"full191": 1.0}}
{"metric": {"full191": 1.0}}
{"metric": {"full191": 1.0}}
{"metric": {"full191": 1.0}}
{"metric": {"full191": 1.0}}
{"metric": {"full191": 1.0}}
{"metric": {"full191": 1.0}}
{"metric": {"full191": 1.0}}
{"metric": {"full191": 1.0}}
{"metric": {"full191": 1.0}}
{"metric": {"full191": 1.0}}
{"metric": {"full191": 1.0}}
{"metric": {"full191": 1.0}}
{"metric": {"full191": 1.0}}
{"metric": {"full191": 1.0}}
{"metric": {"full191": 1.0}}
{"metric": {"full191": 1.0}}
{"metric": {"full191": 1.0}}
{"metric": {"full191": 1.0}}
{"metric": {"full191": 1.0}}
{"metric": {"full191": 1.0}}
{"metric": {"full191": 1.0}}
{"metric": {"zhong": 0.5102040816326531}}
{"metric": {"zhongUAR": 0.154187}}
{"metric": {"zhongf1": 0.196218}}
{"metric": {"zhongwa": 1.0}}
{"metric": {"zhongUAR": 0.327077}}
{"metric": {"zhongf1": 0.389143}}
{"metric": {"zhong": 0.5102040816326531}}
{"metric": {"zhongUAR": 0.42449}}
{"metric": {"zhongf1": 0.460254}}
{"metric": {"zhong": 0.7755102040816326}}
{"metric": {"zhongUAR": 0.785714}}
{"metric": {"zhongf1": 0.75342}}
{"metric": {"zhong": 0.9795918367346939}}
{"metric": {"zhongUAR": 0.982143}}
{"metric": {"zhongf1": 0.970068}}
{"metric": {"zhong": 1.0}}
{"metric": {"zhongUAR": 1.0}}
{"metric": {"zhongf1": 1.0}}
{"metric": {"zhong": 1.0}}
{"metric": {"zhong": 1.0}}
{"metric": {"zhong": 1.0}}
{"metric": {"zhong": 1.0}}
{"metric": {"zhong": 1.0}}
{"metric": {"zhong": 1.0}}
{"metric": {"zhong": 1.0}}
{"metric": {"zhong": 1.0}}
{"metric": {"zhong": 1.0}}
{"metric": {"zhong": 1.0}}
{"metric": {"zhong": 1.0}}
{"metric": {"zhong": 1.0}}
{"metric": {"zhong": 1.0}}
{"metric": {"zhong": 1.0}}
{"metric": {"zhong": 1.0}}
{"metric": {"zhong": 1.0}}
{"metric": {"zhong": 1.0}}
{"metric": {"zhong": 1.0}}
{"metric": {"zhong": 1.0}}
{"metric": {"zhong": 1.0}}
{"metric": {"zhong": 1.0}}
{"metric": {"zhong": 1.0}}
{"metric": {"zhong": 1.0}}
{"metric": {"zhong": 1.0}}
{"metric": {"zhong": 1.0}}
{"metric": {"zhong": 1.0}}
{"metric": {"zhong": 1.0}}
{"metric": {"zhong": 1.0}}
{"metric": {"zhong": 1.0}}
{"metric": {"zhong": 1.0}}
{"metric": {"zhong": 1.0}}
{"metric": {"zhong": 1.0}}
{"metric": {"zhong": 1.0}}
{"metric": {"zhong": 1.0}}
{"metric": {"zhong": 1.0}}
{"metric": {"zhong": 1.0}}
{"metric": {"zhong": 1.0}}
{"metric": {"zhong": 1.0}}
{"metric": {"zhong": 1.0}}
{"metric": {"zhong": 1.0}}
{"metric": {"zhong": 1.0}}
{"metric": {"zhong": 1.0}}
{"metric": {"zhong": 1.0}}
{"metric": {"zhong": 1.0}}
{"metric": {"zhong": 1.0}}
{"metric": {"zhong": 1.0}}
{"metric": {"zhong": 1.0}}
{"metric": {"zhong": 1.0}}
{"metric": {"zhong": 1.0}}
{"metric": {"zhong": 1.0}}
{"metric": {"zhong": 1.0}}
{"metric": {"zhong": 1.0}}
{"metric": {"zhong": 1.0}}
{"metric": {"zhong": 1.0}}
{"metric": {"zhong": 1.0}}
{"metric": {"zhong": 1.0}}
{"metric": {"zhong": 1.0}}
{"metric": {"zhong": 1.0}}
{"metric": {"zhong": 1.0}}
{"metric": {"zhong": 1.0}}
{"metric": {"zhong": 1.0}}
{"metric": {"zhong": 1.0}}
{"metric": {"zhong": 1.0}}
{"metric": {"zhong": 1.0}}
{"metric": {"zhong": 1.0}}
{"metric": {"zhong": 1.0}}
{"metric": {"zhong": 1.0}}
{"metric": {"zhong": 1.0}}
{"metric": {"zhong": 1.0}}
{"metric": {"zhong": 1.0}}
{"metric": {"zhong": 1.0}}
{"metric": {"zhong": 1.0}}
{"metric": {"zhong": 1.0}}
{"metric": {"zhong": 1.0}}
{"metric": {"zhong": 1.0}}
{"metric": {"zhong": 1.0}}
{"metric": {"zhong": 1.0}}
{"metric": {"zhong": 1.0}}
{"metric": {"zhong": 1.0}}
{"metric": {"zhong": 1.0}}
{"metric": {"zhong": 1.0}}
{"metric": {"zhong": 1.0}}
{"metric": {"zhong": 1.0}}
{"metric": {"zhong": 1.0}}
{"metric": {"zhong": 1.0}}
{"metric": {"zhong": 1.0}}
{"metric": {"zhong": 1.0}}
{"metric": {"zhong": 1.0}}
{"metric": {"zhong": 1.0}}
{"metric": {"zhong": 1.0}}
{"metric": {"zhong": 1.0}}
{"metric": {"zhong": 1.0}}
{"metric": {"zhong": 1.0}}
