Step:1	{"loss": {"full191train_loss": 0.04055970785569171}, "step": 1}
Step:1	{"loss": {"full191test_loss": 0.035993386288078466}, "step": 1}
Step:2	{"loss": {"full191train_loss": 0.03731145664137237}, "step": 2}
Step:2	{"loss": {"full191test_loss": 0.0365080857763485}, "step": 2}
Step:3	{"loss": {"full191train_loss": 0.03651022667787513}, "step": 3}
Step:3	{"loss": {"full191test_loss": 0.035336664744785855}, "step": 3}
Step:4	{"loss": {"full191train_loss": 0.036299031607958734}, "step": 4}
Step:4	{"loss": {"full191test_loss": 0.03575716456588434}, "step": 4}
Step:5	{"loss": {"full191train_loss": 0.03511385528408751}, "step": 5}
Step:5	{"loss": {"full191test_loss": 0.03423268697699722}, "step": 5}
Step:6	{"loss": {"full191train_loss": 0.03557306649733563}, "step": 6}
Step:6	{"loss": {"full191test_loss": 0.03422621318272182}, "step": 6}
Step:7	{"loss": {"full191train_loss": 0.03493359380838822}, "step": 7}
Step:7	{"loss": {"full191test_loss": 0.034119557361213526}, "step": 7}
Step:8	{"loss": {"full191train_loss": 0.03424704074859619}, "step": 8}
Step:8	{"loss": {"full191test_loss": 0.032835512745137116}, "step": 8}
Step:9	{"loss": {"full191train_loss": 0.033506330178708445}, "step": 9}
Step:9	{"loss": {"full191test_loss": 0.03349430707036233}, "step": 9}
Step:10	{"loss": {"full191train_loss": 0.032313767744570364}, "step": 10}
Step:10	{"loss": {"full191test_loss": 0.031675229267198214}, "step": 10}
Step:11	{"loss": {"full191train_loss": 0.03139535991512999}, "step": 11}
Step:11	{"loss": {"full191test_loss": 0.030970079558236257}, "step": 11}
Step:12	{"loss": {"full191train_loss": 0.03046048660667575}, "step": 12}
Step:12	{"loss": {"full191test_loss": 0.030122708301154936}, "step": 12}
Step:13	{"loss": {"full191train_loss": 0.03071693741545385}, "step": 13}
Step:13	{"loss": {"full191test_loss": 0.02911292533485257}, "step": 13}
Step:14	{"loss": {"full191train_loss": 0.028462551078017876}, "step": 14}
Step:14	{"loss": {"full191test_loss": 0.028413244656154087}, "step": 14}
Step:15	{"loss": {"full191train_loss": 0.028286097001056283}, "step": 15}
Step:15	{"loss": {"full191test_loss": 0.026699168341500417}, "step": 15}
Step:16	{"loss": {"full191train_loss": 0.026349252584029217}, "step": 16}
Step:16	{"loss": {"full191test_loss": 0.026711991855076382}, "step": 16}
Step:17	{"loss": {"full191train_loss": 0.026196937171780333}, "step": 17}
Step:17	{"loss": {"full191test_loss": 0.024292945861816406}, "step": 17}
Step:18	{"loss": {"full191train_loss": 0.025890724999564036}, "step": 18}
Step:18	{"loss": {"full191test_loss": 0.024141905259112924}, "step": 18}
Step:19	{"loss": {"full191train_loss": 0.025091375623430525}, "step": 19}
Step:19	{"loss": {"full191test_loss": 0.023161883256873305}, "step": 19}
Step:20	{"loss": {"full191train_loss": 0.022597057478768483}, "step": 20}
Step:20	{"loss": {"full191test_loss": 0.02125164927268515}, "step": 20}
Step:21	{"loss": {"full191train_loss": 0.02271716935294015}, "step": 21}
Step:21	{"loss": {"full191test_loss": 0.021478859745726293}, "step": 21}
Step:22	{"loss": {"full191train_loss": 0.020736996008425344}, "step": 22}
Step:22	{"loss": {"full191test_loss": 0.020373406458874137}, "step": 22}
Step:23	{"loss": {"full191train_loss": 0.019370984057990873}, "step": 23}
Step:23	{"loss": {"full191test_loss": 0.020270803753210574}, "step": 23}
Step:24	{"loss": {"full191train_loss": 0.019271947899643257}, "step": 24}
Step:24	{"loss": {"full191test_loss": 0.018503927454656482}, "step": 24}
Step:25	{"loss": {"full191train_loss": 0.018707596525853992}, "step": 25}
Step:25	{"loss": {"full191test_loss": 0.01900307134706147}, "step": 25}
Step:26	{"loss": {"full191train_loss": 0.019142479312663177}, "step": 26}
Step:26	{"loss": {"full191test_loss": 0.017607190171066597}, "step": 26}
Step:27	{"loss": {"full191train_loss": 0.017293216014394954}, "step": 27}
Step:27	{"loss": {"full191test_loss": 0.01672563260915328}, "step": 27}
Step:28	{"loss": {"full191train_loss": 0.01677757744886437}, "step": 28}
Step:28	{"loss": {"full191test_loss": 0.01569069526633438}, "step": 28}
Step:29	{"loss": {"full191train_loss": 0.015194290754746417}, "step": 29}
Step:29	{"loss": {"full191test_loss": 0.014642556102908388}, "step": 29}
Step:30	{"loss": {"full191train_loss": 0.014610674916481485}, "step": 30}
Step:30	{"loss": {"full191test_loss": 0.01501924772651828}, "step": 30}
Step:31	{"loss": {"full191train_loss": 0.01334237444157503}, "step": 31}
Step:31	{"loss": {"full191test_loss": 0.01298579147883824}, "step": 31}
Step:32	{"loss": {"full191train_loss": 0.013491427411838454}, "step": 32}
Step:32	{"loss": {"full191test_loss": 0.011885437430167685}, "step": 32}
Step:33	{"loss": {"full191train_loss": 0.012396282079268475}, "step": 33}
Step:33	{"loss": {"full191test_loss": 0.012308433347818802}, "step": 33}
Step:34	{"loss": {"full191train_loss": 0.011699719088418143}, "step": 34}
Step:34	{"loss": {"full191test_loss": 0.01133822299996201}, "step": 34}
Step:35	{"loss": {"full191train_loss": 0.011607483941681531}, "step": 35}
Step:35	{"loss": {"full191test_loss": 0.011791564980331732}, "step": 35}
Step:36	{"loss": {"full191train_loss": 0.010739061297202597}, "step": 36}
Step:36	{"loss": {"full191test_loss": 0.00989504918760183}, "step": 36}
Step:37	{"loss": {"full191train_loss": 0.008975478459377679}, "step": 37}
Step:37	{"loss": {"full191test_loss": 0.00911275221377003}, "step": 37}
Step:38	{"loss": {"full191train_loss": 0.009295254945755005}, "step": 38}
Step:38	{"loss": {"full191test_loss": 0.008008070138035988}, "step": 38}
Step:39	{"loss": {"full191train_loss": 0.008865239060654933}, "step": 39}
Step:39	{"loss": {"full191test_loss": 0.008323116570102925}, "step": 39}
Step:40	{"loss": {"full191train_loss": 0.008235270271495896}, "step": 40}
Step:40	{"loss": {"full191test_loss": 0.0077965843434236485}, "step": 40}
Step:41	{"loss": {"full191train_loss": 0.006308387128674254}, "step": 41}
Step:41	{"loss": {"full191test_loss": 0.0072818672170444415}, "step": 41}
Step:42	{"loss": {"full191train_loss": 0.006934071681937393}, "step": 42}
Step:42	{"loss": {"full191test_loss": 0.004988339178416194}, "step": 42}
Step:43	{"loss": {"full191train_loss": 0.006237118828053377}, "step": 43}
Step:43	{"loss": {"full191test_loss": 0.005855891169333945}, "step": 43}
Step:44	{"loss": {"full191train_loss": 0.005950744662966047}, "step": 44}
Step:44	{"loss": {"full191test_loss": 0.005179990919268861}, "step": 44}
Step:45	{"loss": {"full191train_loss": 0.005160962440529648}, "step": 45}
Step:45	{"loss": {"full191test_loss": 0.004308480085158835}, "step": 45}
Step:46	{"loss": {"full191train_loss": 0.004809919060493002}, "step": 46}
Step:46	{"loss": {"full191test_loss": 0.005380343417732083}, "step": 46}
Step:47	{"loss": {"full191train_loss": 0.005420066264210915}, "step": 47}
Step:47	{"loss": {"full191test_loss": 0.0042559711300596895}, "step": 47}
Step:48	{"loss": {"full191train_loss": 0.0038117218990715183}, "step": 48}
Step:48	{"loss": {"full191test_loss": 0.002889915388457629}, "step": 48}
Step:49	{"loss": {"full191train_loss": 0.0036580127720930136}, "step": 49}
Step:49	{"loss": {"full191test_loss": 0.003163401873744264}, "step": 49}
Step:50	{"loss": {"full191train_loss": 0.0036983307527036083}, "step": 50}
Step:50	{"loss": {"full191test_loss": 0.00372949303412924}, "step": 50}
Step:51	{"loss": {"full191train_loss": 0.004225729679574772}, "step": 51}
Step:51	{"loss": {"full191test_loss": 0.0028417140853648284}, "step": 51}
Step:52	{"loss": {"full191train_loss": 0.002912292370990831}, "step": 52}
Step:52	{"loss": {"full191test_loss": 0.002796571169580732}, "step": 52}
Step:53	{"loss": {"full191train_loss": 0.0022488076772008625}, "step": 53}
Step:53	{"loss": {"full191test_loss": 0.0024323731052632233}, "step": 53}
Step:54	{"loss": {"full191train_loss": 0.0033077463811757614}, "step": 54}
Step:54	{"loss": {"full191test_loss": 0.0017883721358922062}, "step": 54}
Step:55	{"loss": {"full191train_loss": 0.0019437894225120544}, "step": 55}
Step:55	{"loss": {"full191test_loss": 0.003040025124744493}, "step": 55}
Step:56	{"loss": {"full191train_loss": 0.0022974727409226553}, "step": 56}
Step:56	{"loss": {"full191test_loss": 0.0032399199446853325}, "step": 56}
Step:57	{"loss": {"full191train_loss": 0.0022064327281348557}, "step": 57}
Step:57	{"loss": {"full191test_loss": 0.001689457315571454}, "step": 57}
Step:58	{"loss": {"full191train_loss": 0.0025634218235405124}, "step": 58}
Step:58	{"loss": {"full191test_loss": 0.0015631052000182016}, "step": 58}
Step:59	{"loss": {"full191train_loss": 0.0016493540333241833}, "step": 59}
Step:59	{"loss": {"full191test_loss": 0.001270713170572203}, "step": 59}
Step:60	{"loss": {"full191train_loss": 0.0013110909839065708}, "step": 60}
Step:60	{"loss": {"full191test_loss": 0.001482066451286783}, "step": 60}
Step:61	{"loss": {"full191train_loss": 0.0014069118365949514}, "step": 61}
Step:61	{"loss": {"full191test_loss": 0.0018893247660325498}, "step": 61}
Step:62	{"loss": {"full191train_loss": 0.001236096556697573}, "step": 62}
Step:62	{"loss": {"full191test_loss": 0.0013569021711544115}, "step": 62}
Step:63	{"loss": {"full191train_loss": 0.0012878007730659172}, "step": 63}
Step:63	{"loss": {"full191test_loss": 0.0006765255666508966}, "step": 63}
Step:64	{"loss": {"full191train_loss": 0.0010162639830793654}, "step": 64}
Step:64	{"loss": {"full191test_loss": 0.0008414171788157249}, "step": 64}
Step:65	{"loss": {"full191train_loss": 0.0016293329547862618}, "step": 65}
Step:65	{"loss": {"full191test_loss": 0.0008449423678067266}, "step": 65}
Step:66	{"loss": {"full191train_loss": 0.0011794180134121254}, "step": 66}
Step:66	{"loss": {"full191test_loss": 0.0007450125199191424}, "step": 66}
Step:67	{"loss": {"full191train_loss": 0.0009026352544220127}, "step": 67}
Step:67	{"loss": {"full191test_loss": 0.001163309021871917}, "step": 67}
Step:68	{"loss": {"full191train_loss": 0.0009016333033843916}, "step": 68}
Step:68	{"loss": {"full191test_loss": 0.0007139778867059825}, "step": 68}
Step:69	{"loss": {"full191train_loss": 0.0005010859090454724}, "step": 69}
Step:69	{"loss": {"full191test_loss": 0.0008274379889575802}, "step": 69}
Step:70	{"loss": {"full191train_loss": 0.00048083792991784153}, "step": 70}
Step:70	{"loss": {"full191test_loss": 0.0006846085342825676}, "step": 70}
Step:71	{"loss": {"full191train_loss": 0.00046239922545394116}, "step": 71}
Step:71	{"loss": {"full191test_loss": 0.0005372795371376738}, "step": 71}
Step:72	{"loss": {"full191train_loss": 0.0009877376106320595}, "step": 72}
Step:72	{"loss": {"full191test_loss": 0.0007477924227714539}, "step": 72}
Step:73	{"loss": {"full191train_loss": 0.0010344835416394838}, "step": 73}
Step:73	{"loss": {"full191test_loss": 0.0006049670735184027}, "step": 73}
Step:74	{"loss": {"full191train_loss": 0.0005207746384703383}, "step": 74}
Step:74	{"loss": {"full191test_loss": 0.0005594509444674667}, "step": 74}
Step:75	{"loss": {"full191train_loss": 0.0008474593716008323}, "step": 75}
Step:75	{"loss": {"full191test_loss": 0.0005286161844827691}, "step": 75}
Step:76	{"loss": {"full191train_loss": 0.0006355440282091803}, "step": 76}
Step:76	{"loss": {"full191test_loss": 0.0009164619354569182}, "step": 76}
Step:77	{"loss": {"full191train_loss": 0.0004258011372721925}, "step": 77}
Step:77	{"loss": {"full191test_loss": 0.00039534719318759683}, "step": 77}
Step:78	{"loss": {"full191train_loss": 0.0007587357291153499}, "step": 78}
Step:78	{"loss": {"full191test_loss": 0.0002856745707745455}, "step": 78}
Step:79	{"loss": {"full191train_loss": 0.0004947301836646333}, "step": 79}
Step:79	{"loss": {"full191test_loss": 0.001099005189477181}, "step": 79}
Step:80	{"loss": {"full191train_loss": 0.0012026748486927577}, "step": 80}
Step:80	{"loss": {"full191test_loss": 0.0005473374027986916}, "step": 80}
Step:81	{"loss": {"full191train_loss": 0.0005533507055774027}, "step": 81}
Step:81	{"loss": {"full191test_loss": 0.0003906552660830167}, "step": 81}
Step:82	{"loss": {"full191train_loss": 0.0006161235576989699}, "step": 82}
Step:82	{"loss": {"full191test_loss": 0.0003612347479377474}, "step": 82}
Step:83	{"loss": {"full191train_loss": 0.0011189198311494322}, "step": 83}
Step:83	{"loss": {"full191test_loss": 0.0005202448489714642}, "step": 83}
Step:84	{"loss": {"full191train_loss": 0.00024248100817203522}, "step": 84}
Step:84	{"loss": {"full191test_loss": 0.0003974908696753638}, "step": 84}
Step:85	{"loss": {"full191train_loss": 0.00038345595251540747}, "step": 85}
Step:85	{"loss": {"full191test_loss": 0.0003456945854182146}, "step": 85}
Step:86	{"loss": {"full191train_loss": 0.0004640049015989109}, "step": 86}
Step:86	{"loss": {"full191test_loss": 0.0006158642318783974}, "step": 86}
Step:87	{"loss": {"full191train_loss": 0.0004895772708922016}, "step": 87}
Step:87	{"loss": {"full191test_loss": 0.0002749548768814729}, "step": 87}
Step:88	{"loss": {"full191train_loss": 0.0003408073466651294}, "step": 88}
Step:88	{"loss": {"full191test_loss": 0.00034191968793771704}, "step": 88}
Step:89	{"loss": {"full191train_loss": 0.0005071907475286601}, "step": 89}
Step:89	{"loss": {"full191test_loss": 0.00038171696419618566}, "step": 89}
Step:90	{"loss": {"full191train_loss": 0.0003508967252410188}, "step": 90}
Step:90	{"loss": {"full191test_loss": 0.00023120253974077653}, "step": 90}
Step:91	{"loss": {"full191train_loss": 0.00027182907322231603}, "step": 91}
Step:91	{"loss": {"full191test_loss": 0.00023475998290339295}, "step": 91}
Step:92	{"loss": {"full191train_loss": 0.00027148750591643}, "step": 92}
Step:92	{"loss": {"full191test_loss": 0.0003620573528567139}, "step": 92}
Step:93	{"loss": {"full191train_loss": 0.0002468373550444233}, "step": 93}
Step:93	{"loss": {"full191test_loss": 0.00013454472265985546}, "step": 93}
Step:94	{"loss": {"full191train_loss": 0.00036269042412845456}, "step": 94}
Step:94	{"loss": {"full191test_loss": 0.0003885880720858671}, "step": 94}
Step:95	{"loss": {"full191train_loss": 0.000194647026305296}, "step": 95}
Step:95	{"loss": {"full191test_loss": 0.0002822116663565441}, "step": 95}
Step:96	{"loss": {"full191train_loss": 0.0003238603168604325}, "step": 96}
Step:96	{"loss": {"full191test_loss": 0.00028387970310084676}, "step": 96}
Step:97	{"loss": {"full191train_loss": 0.00021785083321892486}, "step": 97}
Step:97	{"loss": {"full191test_loss": 0.00020692729372151044}, "step": 97}
Step:98	{"loss": {"full191train_loss": 0.0002970091276326958}, "step": 98}
Step:98	{"loss": {"full191test_loss": 0.00011236275717311975}, "step": 98}
Step:99	{"loss": {"full191train_loss": 0.0002246734173018105}, "step": 99}
Step:99	{"loss": {"full191test_loss": 0.0003061620518565178}, "step": 99}
Step:100	{"loss": {"full191train_loss": 0.00029158048635842846}, "step": 100}
Step:100	{"loss": {"full191test_loss": 0.00023579646890260737}, "step": 100}
Step:1	{"loss": {"zhongtrain_loss": 0.04138210355019083}, "step": 1}
Step:1	{"loss": {"zhongtest_loss": 0.1421109218986667}, "step": 1}
Step:2	{"loss": {"zhongtrain_loss": 0.14211094136140784}, "step": 2}
Step:2	{"loss": {"zhongtest_loss": 0.06543230037299955}, "step": 2}
Step:3	{"loss": {"zhongtrain_loss": 0.06543229550731425}, "step": 3}
Step:3	{"loss": {"zhongtest_loss": 0.043544569794012576}, "step": 3}
Step:4	{"loss": {"zhongtrain_loss": 0.043544569794012576}, "step": 4}
Step:4	{"loss": {"zhongtest_loss": 0.014403950194923245}, "step": 4}
Step:5	{"loss": {"zhongtrain_loss": 0.014403950194923245}, "step": 5}
Step:5	{"loss": {"zhongtest_loss": 0.0027215444311803703}, "step": 5}
Step:6	{"loss": {"zhongtrain_loss": 0.0027215444311803703}, "step": 6}
Step:6	{"loss": {"zhongtest_loss": 0.004325575670417474}, "step": 6}
Step:7	{"loss": {"zhongtrain_loss": 0.004325574758101483}, "step": 7}
Step:7	{"loss": {"zhongtest_loss": 0.0004975561584745135}, "step": 7}
Step:8	{"loss": {"zhongtrain_loss": 0.0004975561584745135}, "step": 8}
Step:8	{"loss": {"zhongtest_loss": 0.00012079429603656944}, "step": 8}
Step:9	{"loss": {"zhongtrain_loss": 0.00012079432454644417}, "step": 9}
Step:9	{"loss": {"zhongtest_loss": 0.00024401514353800794}, "step": 9}
Step:10	{"loss": {"zhongtrain_loss": 0.00024401514353800794}, "step": 10}
Step:10	{"loss": {"zhongtest_loss": 0.0003461060779435294}, "step": 10}
Step:11	{"loss": {"zhongtrain_loss": 0.00034610600191719676}, "step": 11}
Step:11	{"loss": {"zhongtest_loss": 0.0001633239301795862}, "step": 11}
Step:12	{"loss": {"zhongtrain_loss": 0.00016332394918616938}, "step": 12}
Step:12	{"loss": {"zhongtest_loss": 0.00010483904874750547}, "step": 12}
Step:13	{"loss": {"zhongtrain_loss": 0.00010483905825079704}, "step": 13}
Step:13	{"loss": {"zhongtest_loss": 0.00011659557075828921}, "step": 13}
Step:14	{"loss": {"zhongtrain_loss": 0.00011659556125499764}, "step": 14}
Step:14	{"loss": {"zhongtest_loss": 8.724775279358941e-05}, "step": 14}
Step:15	{"loss": {"zhongtrain_loss": 8.724773378700626e-05}, "step": 15}
Step:15	{"loss": {"zhongtest_loss": 5.014458842271445e-05}, "step": 15}
Step:16	{"loss": {"zhongtrain_loss": 5.014457891942287e-05}, "step": 16}
Step:16	{"loss": {"zhongtest_loss": 3.64697129674712e-05}, "step": 16}
Step:17	{"loss": {"zhongtrain_loss": 3.646971771911699e-05}, "step": 17}
Step:17	{"loss": {"zhongtest_loss": 3.3178599551320076e-05}, "step": 17}
Step:18	{"loss": {"zhongtrain_loss": 3.317859479967429e-05}, "step": 18}
Step:18	{"loss": {"zhongtest_loss": 2.897761724129015e-05}, "step": 18}
Step:19	{"loss": {"zhongtrain_loss": 2.8977610113821468e-05}, "step": 19}
Step:19	{"loss": {"zhongtest_loss": 2.219329103447345e-05}, "step": 19}
Step:20	{"loss": {"zhongtrain_loss": 2.219329103447345e-05}, "step": 20}
Step:20	{"loss": {"zhongtest_loss": 1.6928419983964792e-05}, "step": 20}
Step:21	{"loss": {"zhongtrain_loss": 1.692842235978769e-05}, "step": 21}
Step:21	{"loss": {"zhongtest_loss": 1.442026613014085e-05}, "step": 21}
Step:22	{"loss": {"zhongtrain_loss": 1.442026613014085e-05}, "step": 22}
Step:22	{"loss": {"zhongtest_loss": 1.2400217962508299e-05}, "step": 22}
Step:23	{"loss": {"zhongtrain_loss": 1.2400216774596852e-05}, "step": 23}
Step:23	{"loss": {"zhongtest_loss": 1.0616045055568827e-05}, "step": 23}
Step:24	{"loss": {"zhongtrain_loss": 1.0616043867657379e-05}, "step": 24}
Step:24	{"loss": {"zhongtest_loss": 9.01610474102199e-06}, "step": 24}
Step:25	{"loss": {"zhongtrain_loss": 9.016104147066267e-06}, "step": 25}
Step:25	{"loss": {"zhongtest_loss": 7.6216594458614685e-06}, "step": 25}
Step:26	{"loss": {"zhongtrain_loss": 7.6216594458614685e-06}, "step": 26}
Step:26	{"loss": {"zhongtest_loss": 6.502256039720105e-06}, "step": 26}
Step:27	{"loss": {"zhongtrain_loss": 6.502256039720105e-06}, "step": 27}
Step:27	{"loss": {"zhongtest_loss": 5.583588879707517e-06}, "step": 27}
Step:28	{"loss": {"zhongtrain_loss": 5.583588879707517e-06}, "step": 28}
Step:28	{"loss": {"zhongtest_loss": 4.825426671863058e-06}, "step": 28}
Step:29	{"loss": {"zhongtrain_loss": 4.825426671863058e-06}, "step": 29}
Step:29	{"loss": {"zhongtest_loss": 4.22200566984485e-06}, "step": 29}
Step:30	{"loss": {"zhongtrain_loss": 4.222006263800574e-06}, "step": 30}
Step:30	{"loss": {"zhongtest_loss": 3.712303753543113e-06}, "step": 30}
Step:31	{"loss": {"zhongtrain_loss": 3.712303753543113e-06}, "step": 31}
Step:31	{"loss": {"zhongtest_loss": 3.293132568633526e-06}, "step": 31}
Step:32	{"loss": {"zhongtrain_loss": 3.293132568633526e-06}, "step": 32}
Step:32	{"loss": {"zhongtest_loss": 2.9219298419181486e-06}, "step": 32}
Step:33	{"loss": {"zhongtrain_loss": 2.9219295449402866e-06}, "step": 33}
Step:33	{"loss": {"zhongtest_loss": 2.6115015557758052e-06}, "step": 33}
Step:34	{"loss": {"zhongtrain_loss": 2.6115018527536673e-06}, "step": 34}
Step:34	{"loss": {"zhongtest_loss": 2.3433038185597682e-06}, "step": 34}
Step:35	{"loss": {"zhongtrain_loss": 2.3433038185597682e-06}, "step": 35}
Step:35	{"loss": {"zhongtest_loss": 2.10978834395658e-06}, "step": 35}
Step:36	{"loss": {"zhongtrain_loss": 2.109788492445511e-06}, "step": 36}
Step:36	{"loss": {"zhongtest_loss": 1.9052530085306843e-06}, "step": 36}
Step:37	{"loss": {"zhongtrain_loss": 1.905253305508546e-06}, "step": 37}
Step:37	{"loss": {"zhongtest_loss": 1.7291536003503264e-06}, "step": 37}
Step:38	{"loss": {"zhongtrain_loss": 1.7291538973281883e-06}, "step": 38}
Step:38	{"loss": {"zhongtest_loss": 1.5794553755953603e-06}, "step": 38}
Step:39	{"loss": {"zhongtrain_loss": 1.5794553755953603e-06}, "step": 39}
Step:39	{"loss": {"zhongtest_loss": 1.448217146241163e-06}, "step": 39}
Step:40	{"loss": {"zhongtrain_loss": 1.4482169977522323e-06}, "step": 40}
Step:40	{"loss": {"zhongtest_loss": 1.3356395208333828e-06}, "step": 40}
Step:41	{"loss": {"zhongtrain_loss": 1.335639372344452e-06}, "step": 41}
Step:41	{"loss": {"zhongtest_loss": 1.2530912573886465e-06}, "step": 41}
Step:42	{"loss": {"zhongtrain_loss": 1.2530912573886465e-06}, "step": 42}
Step:42	{"loss": {"zhongtest_loss": 1.1798735928949806e-06}, "step": 42}
Step:43	{"loss": {"zhongtrain_loss": 1.179873518650515e-06}, "step": 43}
Step:43	{"loss": {"zhongtest_loss": 1.112711158514555e-06}, "step": 43}
Step:44	{"loss": {"zhongtrain_loss": 1.112711158514555e-06}, "step": 44}
Step:44	{"loss": {"zhongtest_loss": 1.0536885161038336e-06}, "step": 44}
Step:45	{"loss": {"zhongtrain_loss": 1.05368873883723e-06}, "step": 45}
Step:45	{"loss": {"zhongtest_loss": 1.0028561518993229e-06}, "step": 45}
Step:46	{"loss": {"zhongtrain_loss": 1.0028563003882537e-06}, "step": 46}
Step:46	{"loss": {"zhongtest_loss": 9.555478012474368e-07}, "step": 46}
Step:47	{"loss": {"zhongtrain_loss": 9.555479497363676e-07}, "step": 47}
Step:47	{"loss": {"zhongtest_loss": 9.122599368886452e-07}, "step": 47}
Step:48	{"loss": {"zhongtrain_loss": 9.122599368886452e-07}, "step": 48}
Step:48	{"loss": {"zhongtest_loss": 8.747303990257562e-07}, "step": 48}
Step:49	{"loss": {"zhongtrain_loss": 8.747304732702216e-07}, "step": 49}
Step:49	{"loss": {"zhongtest_loss": 8.422143671813668e-07}, "step": 49}
Step:50	{"loss": {"zhongtrain_loss": 8.422142186924359e-07}, "step": 50}
Step:50	{"loss": {"zhongtest_loss": 8.089034740898606e-07}, "step": 50}
Step:51	{"loss": {"zhongtrain_loss": 8.089034740898606e-07}, "step": 51}
Step:51	{"loss": {"zhongtest_loss": 7.800109433818e-07}, "step": 51}
Step:52	{"loss": {"zhongtrain_loss": 7.800107948928691e-07}, "step": 52}
Step:52	{"loss": {"zhongtest_loss": 7.524089299722062e-07}, "step": 52}
Step:53	{"loss": {"zhongtrain_loss": 7.524087814832753e-07}, "step": 53}
Step:53	{"loss": {"zhongtest_loss": 7.278847208778773e-07}, "step": 53}
Step:54	{"loss": {"zhongtrain_loss": 7.278847208778773e-07}, "step": 54}
Step:54	{"loss": {"zhongtest_loss": 7.057928347161838e-07}, "step": 54}
Step:55	{"loss": {"zhongtrain_loss": 7.057927604717183e-07}, "step": 55}
Step:55	{"loss": {"zhongtest_loss": 6.849420190389668e-07}, "step": 55}
Step:56	{"loss": {"zhongtrain_loss": 6.849420190389668e-07}, "step": 56}
Step:56	{"loss": {"zhongtest_loss": 6.666726834254758e-07}, "step": 56}
Step:57	{"loss": {"zhongtrain_loss": 6.666726834254758e-07}, "step": 57}
Step:57	{"loss": {"zhongtest_loss": 6.500415519421578e-07}, "step": 57}
Step:58	{"loss": {"zhongtrain_loss": 6.500414776976924e-07}, "step": 58}
Step:58	{"loss": {"zhongtest_loss": 6.343041010894717e-07}, "step": 58}
Step:59	{"loss": {"zhongtrain_loss": 6.343039526005409e-07}, "step": 59}
Step:59	{"loss": {"zhongtest_loss": 6.17871276573373e-07}, "step": 59}
Step:60	{"loss": {"zhongtrain_loss": 6.178713508178385e-07}, "step": 60}
Step:60	{"loss": {"zhongtest_loss": 6.04764938209567e-07}, "step": 60}
Step:61	{"loss": {"zhongtrain_loss": 6.047648268428688e-07}, "step": 61}
Step:61	{"loss": {"zhongtest_loss": 5.928498894161526e-07}, "step": 61}
Step:62	{"loss": {"zhongtrain_loss": 5.92849963660618e-07}, "step": 62}
Step:62	{"loss": {"zhongtest_loss": 5.817788145837508e-07}, "step": 62}
Step:63	{"loss": {"zhongtrain_loss": 5.817788145837508e-07}, "step": 63}
Step:63	{"loss": {"zhongtest_loss": 5.706084749010411e-07}, "step": 63}
Step:64	{"loss": {"zhongtrain_loss": 5.706084006565756e-07}, "step": 64}
Step:64	{"loss": {"zhongtest_loss": 5.608777725256561e-07}, "step": 64}
Step:65	{"loss": {"zhongtrain_loss": 5.608778096478889e-07}, "step": 65}
Step:65	{"loss": {"zhongtest_loss": 5.519415601750608e-07}, "step": 65}
Step:66	{"loss": {"zhongtrain_loss": 5.519414859305953e-07}, "step": 66}
Step:66	{"loss": {"zhongtest_loss": 5.430547946384557e-07}, "step": 66}
Step:67	{"loss": {"zhongtrain_loss": 5.430548317606884e-07}, "step": 67}
Step:67	{"loss": {"zhongtest_loss": 5.352602765553308e-07}, "step": 67}
Step:68	{"loss": {"zhongtrain_loss": 5.352603507997962e-07}, "step": 68}
Step:68	{"loss": {"zhongtest_loss": 5.273167869522787e-07}, "step": 68}
Step:69	{"loss": {"zhongtrain_loss": 5.273168611967442e-07}, "step": 69}
Step:69	{"loss": {"zhongtest_loss": 5.199194396370832e-07}, "step": 69}
Step:70	{"loss": {"zhongtrain_loss": 5.199195138815486e-07}, "step": 70}
Step:70	{"loss": {"zhongtest_loss": 5.120752148843389e-07}, "step": 70}
Step:71	{"loss": {"zhongtrain_loss": 5.120753262510371e-07}, "step": 71}
Step:71	{"loss": {"zhongtest_loss": 5.053730184991597e-07}, "step": 71}
Step:72	{"loss": {"zhongtrain_loss": 5.053730556213924e-07}, "step": 72}
Step:72	{"loss": {"zhongtest_loss": 4.991174396959e-07}, "step": 72}
Step:73	{"loss": {"zhongtrain_loss": 4.991175139403655e-07}, "step": 73}
Step:73	{"loss": {"zhongtest_loss": 4.926137358891036e-07}, "step": 73}
Step:74	{"loss": {"zhongtrain_loss": 4.926137358891036e-07}, "step": 74}
Step:74	{"loss": {"zhongtest_loss": 4.864576075473154e-07}, "step": 74}
Step:75	{"loss": {"zhongtrain_loss": 4.864576075473154e-07}, "step": 75}
Step:75	{"loss": {"zhongtest_loss": 4.801524334411346e-07}, "step": 75}
Step:76	{"loss": {"zhongtrain_loss": 4.801523963189018e-07}, "step": 76}
Step:76	{"loss": {"zhongtest_loss": 4.7479057239073957e-07}, "step": 76}
Step:77	{"loss": {"zhongtrain_loss": 4.747904981462741e-07}, "step": 77}
Step:77	{"loss": {"zhongtest_loss": 4.690811729975691e-07}, "step": 77}
Step:78	{"loss": {"zhongtrain_loss": 4.6908109875310364e-07}, "step": 78}
Step:78	{"loss": {"zhongtest_loss": 4.640668131677168e-07}, "step": 78}
Step:79	{"loss": {"zhongtrain_loss": 4.6406677604548403e-07}, "step": 79}
Step:79	{"loss": {"zhongtest_loss": 4.590524904600972e-07}, "step": 79}
Step:80	{"loss": {"zhongtrain_loss": 4.5905234197116625e-07}, "step": 80}
Step:80	{"loss": {"zhongtest_loss": 4.539883868383928e-07}, "step": 80}
Step:81	{"loss": {"zhongtrain_loss": 4.539882754716946e-07}, "step": 81}
Step:81	{"loss": {"zhongtest_loss": 4.498676333947069e-07}, "step": 81}
Step:82	{"loss": {"zhongtrain_loss": 4.498675962724742e-07}, "step": 82}
Step:82	{"loss": {"zhongtest_loss": 4.462433898137236e-07}, "step": 82}
Step:83	{"loss": {"zhongtrain_loss": 4.462433526914909e-07}, "step": 83}
Step:83	{"loss": {"zhongtest_loss": 4.4182480469688167e-07}, "step": 83}
Step:84	{"loss": {"zhongtrain_loss": 4.418247675746489e-07}, "step": 84}
Step:84	{"loss": {"zhongtest_loss": 4.378033532257363e-07}, "step": 84}
Step:85	{"loss": {"zhongtrain_loss": 4.3780327898127083e-07}, "step": 85}
Step:85	{"loss": {"zhongtest_loss": 4.342783002505953e-07}, "step": 85}
Step:86	{"loss": {"zhongtrain_loss": 4.342782631283626e-07}, "step": 86}
Step:86	{"loss": {"zhongtest_loss": 4.302569230239154e-07}, "step": 86}
Step:87	{"loss": {"zhongtrain_loss": 4.302568116572172e-07}, "step": 87}
Step:87	{"loss": {"zhongtest_loss": 4.268312091435477e-07}, "step": 87}
Step:88	{"loss": {"zhongtrain_loss": 4.26831172021315e-07}, "step": 88}
Step:88	{"loss": {"zhongtest_loss": 4.2345523905503204e-07}, "step": 88}
Step:89	{"loss": {"zhongtrain_loss": 4.234551648105666e-07}, "step": 89}
Step:89	{"loss": {"zhongtest_loss": 4.200294880524316e-07}, "step": 89}
Step:90	{"loss": {"zhongtrain_loss": 4.200295251746643e-07}, "step": 90}
Step:90	{"loss": {"zhongtest_loss": 4.168024523616103e-07}, "step": 90}
Step:91	{"loss": {"zhongtrain_loss": 4.168023781171449e-07}, "step": 91}
Step:91	{"loss": {"zhongtest_loss": 4.132278040835482e-07}, "step": 91}
Step:92	{"loss": {"zhongtrain_loss": 4.132277669613155e-07}, "step": 92}
Step:92	{"loss": {"zhongtest_loss": 4.1005028945118267e-07}, "step": 92}
Step:93	{"loss": {"zhongtrain_loss": 4.1005028945118267e-07}, "step": 93}
Step:93	{"loss": {"zhongtest_loss": 4.070714530083636e-07}, "step": 93}
Step:94	{"loss": {"zhongtrain_loss": 4.070714530083636e-07}, "step": 94}
Step:94	{"loss": {"zhongtest_loss": 4.040429470181579e-07}, "step": 94}
Step:95	{"loss": {"zhongtrain_loss": 4.0404298414039066e-07}, "step": 95}
Step:95	{"loss": {"zhongtest_loss": 4.0076613041325186e-07}, "step": 95}
Step:96	{"loss": {"zhongtrain_loss": 4.007661675354846e-07}, "step": 96}
Step:96	{"loss": {"zhongtest_loss": 3.9773766154527894e-07}, "step": 96}
Step:97	{"loss": {"zhongtrain_loss": 3.9773766154527894e-07}, "step": 97}
Step:97	{"loss": {"zhongtest_loss": 3.949574290475409e-07}, "step": 97}
Step:98	{"loss": {"zhongtrain_loss": 3.949574661697736e-07}, "step": 98}
Step:98	{"loss": {"zhongtest_loss": 3.918792163877159e-07}, "step": 98}
Step:99	{"loss": {"zhongtrain_loss": 3.918792163877159e-07}, "step": 99}
Step:99	{"loss": {"zhongtest_loss": 3.889003799448968e-07}, "step": 99}
Step:100	{"loss": {"zhongtrain_loss": 3.889003799448968e-07}, "step": 100}
Step:100	{"loss": {"zhongtest_loss": 3.8616974275007995e-07}, "step": 100}
