Step:1	{"metric": {"full191Training": {"acc": 0.14285714285714285}}, "step": 1}
Step:1	{"metric": {"full191test": {"acc": 0.2857142857142857}}, "step": 1}
Step:1	{"metric": {"full191test": {"UAR": 0.085455}}, "step": 1}
Step:1	{"metric": {"full191test": {"Macro_F1": 0.111888}}, "step": 1}
Step:1	{"metric": {"full191test": {"wa": 0.540816}}, "step": 1}
Step:2	{"metric": {"full191Training": {"acc": 0.30612244897959184}}, "step": 2}
Step:2	{"metric": {"full191test": {"acc": 0.24489795918367346}}, "step": 2}
Step:2	{"metric": {"full191test": {"UAR": 0.072727}}, "step": 2}
Step:2	{"metric": {"full191test": {"Macro_F1": 0.091357}}, "step": 2}
Step:2	{"metric": {"full191test": {"wa": 0.577259}}, "step": 2}
Step:3	{"metric": {"full191Training": {"acc": 0.20408163265306123}}, "step": 3}
Step:3	{"metric": {"full191test": {"acc": 0.22448979591836735}}, "step": 3}
Step:3	{"metric": {"full191test": {"UAR": 0.059793}}, "step": 3}
Step:3	{"metric": {"full191test": {"Macro_F1": 0.078307}}, "step": 3}
Step:3	{"metric": {"full191test": {"wa": 0.605619}}, "step": 3}
Step:4	{"metric": {"full191Training": {"acc": 0.22448979591836735}}, "step": 4}
Step:4	{"metric": {"full191test": {"acc": 0.2857142857142857}}, "step": 4}
Step:4	{"metric": {"full191test": {"UAR": 0.135065}}, "step": 4}
Step:4	{"metric": {"full191test": {"Macro_F1": 0.140346}}, "step": 4}
Step:4	{"metric": {"full191test": {"wa": 0.62828}}, "step": 4}
Step:5	{"metric": {"full191Training": {"acc": 0.30612244897959184}}, "step": 5}
Step:5	{"metric": {"full191test": {"acc": 0.40816326530612246}}, "step": 5}
Step:5	{"metric": {"full191test": {"UAR": 0.190724}}, "step": 5}
Step:5	{"metric": {"full191test": {"Macro_F1": 0.218124}}, "step": 5}
Step:5	{"metric": {"full191test": {"wa": 0.641399}}, "step": 5}
Step:6	{"metric": {"full191Training": {"acc": 0.2857142857142857}}, "step": 6}
Step:6	{"metric": {"full191test": {"acc": 0.32653061224489793}}, "step": 6}
Step:6	{"metric": {"full191test": {"UAR": 0.140756}}, "step": 6}
Step:6	{"metric": {"full191test": {"Macro_F1": 0.165628}}, "step": 6}
Step:6	{"metric": {"full191test": {"wa": 0.510999}}, "step": 6}
Step:7	{"metric": {"full191Training": {"acc": 0.3877551020408163}}, "step": 7}
Step:7	{"metric": {"full191test": {"acc": 0.3673469387755102}}, "step": 7}
Step:7	{"metric": {"full191test": {"UAR": 0.207046}}, "step": 7}
Step:7	{"metric": {"full191test": {"Macro_F1": 0.190262}}, "step": 7}
Step:7	{"metric": {"full191test": {"wa": 0.726743}}, "step": 7}
Step:8	{"metric": {"full191Training": {"acc": 0.40816326530612246}}, "step": 8}
Step:8	{"metric": {"full191test": {"acc": 0.42857142857142855}}, "step": 8}
Step:8	{"metric": {"full191test": {"UAR": 0.233503}}, "step": 8}
Step:8	{"metric": {"full191test": {"Macro_F1": 0.232436}}, "step": 8}
Step:8	{"metric": {"full191test": {"wa": 0.77339}}, "step": 8}
Step:9	{"metric": {"full191Training": {"acc": 0.40816326530612246}}, "step": 9}
Step:9	{"metric": {"full191test": {"acc": 0.3673469387755102}}, "step": 9}
Step:9	{"metric": {"full191test": {"UAR": 0.196825}}, "step": 9}
Step:9	{"metric": {"full191test": {"Macro_F1": 0.191869}}, "step": 9}
Step:9	{"metric": {"full191test": {"wa": 0.66194}}, "step": 9}
Step:10	{"metric": {"full191Training": {"acc": 0.40816326530612246}}, "step": 10}
Step:10	{"metric": {"full191test": {"acc": 0.3673469387755102}}, "step": 10}
Step:10	{"metric": {"full191test": {"UAR": 0.1938}}, "step": 10}
Step:10	{"metric": {"full191test": {"Macro_F1": 0.203647}}, "step": 10}
Step:10	{"metric": {"full191test": {"wa": 0.636629}}, "step": 10}
Step:11	{"metric": {"full191Training": {"acc": 0.42857142857142855}}, "step": 11}
Step:11	{"metric": {"full191test": {"acc": 0.46938775510204084}}, "step": 11}
Step:11	{"metric": {"full191test": {"UAR": 0.20303}}, "step": 11}
Step:11	{"metric": {"full191test": {"Macro_F1": 0.230425}}, "step": 11}
Step:11	{"metric": {"full191test": {"wa": 0.831964}}, "step": 11}
Step:12	{"metric": {"full191Training": {"acc": 0.5102040816326531}}, "step": 12}
Step:12	{"metric": {"full191test": {"acc": 0.40816326530612246}}, "step": 12}
Step:12	{"metric": {"full191test": {"UAR": 0.161565}}, "step": 12}
Step:12	{"metric": {"full191test": {"Macro_F1": 0.191443}}, "step": 12}
Step:12	{"metric": {"full191test": {"wa": 0.720647}}, "step": 12}
Step:13	{"metric": {"full191Training": {"acc": 0.46938775510204084}}, "step": 13}
Step:13	{"metric": {"full191test": {"acc": 0.5102040816326531}}, "step": 13}
Step:13	{"metric": {"full191test": {"UAR": 0.22014}}, "step": 13}
Step:13	{"metric": {"full191test": {"Macro_F1": 0.257576}}, "step": 13}
Step:13	{"metric": {"full191test": {"wa": 0.806122}}, "step": 13}
Step:14	{"metric": {"full191Training": {"acc": 0.4897959183673469}}, "step": 14}
Step:14	{"metric": {"full191test": {"acc": 0.4897959183673469}}, "step": 14}
Step:14	{"metric": {"full191test": {"UAR": 0.193122}}, "step": 14}
Step:14	{"metric": {"full191test": {"Macro_F1": 0.226173}}, "step": 14}
Step:14	{"metric": {"full191test": {"wa": 0.823483}}, "step": 14}
Step:15	{"metric": {"full191Training": {"acc": 0.4897959183673469}}, "step": 15}
Step:15	{"metric": {"full191test": {"acc": 0.4897959183673469}}, "step": 15}
Step:15	{"metric": {"full191test": {"UAR": 0.197882}}, "step": 15}
Step:15	{"metric": {"full191test": {"Macro_F1": 0.237485}}, "step": 15}
Step:15	{"metric": {"full191test": {"wa": 0.783196}}, "step": 15}
Step:16	{"metric": {"full191Training": {"acc": 0.5510204081632653}}, "step": 16}
Step:16	{"metric": {"full191test": {"acc": 0.46938775510204084}}, "step": 16}
Step:16	{"metric": {"full191test": {"UAR": 0.190476}}, "step": 16}
Step:16	{"metric": {"full191test": {"Macro_F1": 0.225}}, "step": 16}
Step:16	{"metric": {"full191test": {"wa": 0.754042}}, "step": 16}
Step:17	{"metric": {"full191Training": {"acc": 0.4489795918367347}}, "step": 17}
Step:17	{"metric": {"full191test": {"acc": 0.5714285714285714}}, "step": 17}
Step:17	{"metric": {"full191test": {"UAR": 0.325549}}, "step": 17}
Step:17	{"metric": {"full191test": {"Macro_F1": 0.331293}}, "step": 17}
Step:17	{"metric": {"full191test": {"wa": 0.848343}}, "step": 17}
Step:18	{"metric": {"full191Training": {"acc": 0.4897959183673469}}, "step": 18}
Step:18	{"metric": {"full191test": {"acc": 0.5306122448979592}}, "step": 18}
Step:18	{"metric": {"full191test": {"UAR": 0.237143}}, "step": 18}
Step:18	{"metric": {"full191test": {"Macro_F1": 0.274422}}, "step": 18}
Step:18	{"metric": {"full191test": {"wa": 0.831434}}, "step": 18}
Step:19	{"metric": {"full191Training": {"acc": 0.5306122448979592}}, "step": 19}
Step:19	{"metric": {"full191test": {"acc": 0.5510204081632653}}, "step": 19}
Step:19	{"metric": {"full191test": {"UAR": 0.285714}}, "step": 19}
Step:19	{"metric": {"full191test": {"Macro_F1": 0.311968}}, "step": 19}
Step:19	{"metric": {"full191test": {"wa": 0.803658}}, "step": 19}
Step:20	{"metric": {"full191Training": {"acc": 0.5918367346938775}}, "step": 20}
Step:20	{"metric": {"full191test": {"acc": 0.5918367346938775}}, "step": 20}
Step:20	{"metric": {"full191test": {"UAR": 0.333247}}, "step": 20}
Step:20	{"metric": {"full191test": {"Macro_F1": 0.342515}}, "step": 20}
Step:20	{"metric": {"full191test": {"wa": 0.874052}}, "step": 20}
Step:21	{"metric": {"full191Training": {"acc": 0.5306122448979592}}, "step": 21}
Step:21	{"metric": {"full191test": {"acc": 0.5510204081632653}}, "step": 21}
Step:21	{"metric": {"full191test": {"UAR": 0.235556}}, "step": 21}
Step:21	{"metric": {"full191test": {"Macro_F1": 0.279762}}, "step": 21}
Step:21	{"metric": {"full191test": {"wa": 0.864034}}, "step": 21}
Step:22	{"metric": {"full191Training": {"acc": 0.6326530612244898}}, "step": 22}
Step:22	{"metric": {"full191test": {"acc": 0.6122448979591837}}, "step": 22}
Step:22	{"metric": {"full191test": {"UAR": 0.286107}}, "step": 22}
Step:22	{"metric": {"full191test": {"Macro_F1": 0.328571}}, "step": 22}
Step:22	{"metric": {"full191test": {"wa": 0.930294}}, "step": 22}
Step:23	{"metric": {"full191Training": {"acc": 0.6530612244897959}}, "step": 23}
Step:23	{"metric": {"full191test": {"acc": 0.5714285714285714}}, "step": 23}
Step:23	{"metric": {"full191test": {"UAR": 0.24359}}, "step": 23}
Step:23	{"metric": {"full191test": {"Macro_F1": 0.286081}}, "step": 23}
Step:23	{"metric": {"full191test": {"wa": 0.9022}}, "step": 23}
Step:24	{"metric": {"full191Training": {"acc": 0.5918367346938775}}, "step": 24}
Step:24	{"metric": {"full191test": {"acc": 0.6530612244897959}}, "step": 24}
Step:24	{"metric": {"full191test": {"UAR": 0.518776}}, "step": 24}
Step:24	{"metric": {"full191test": {"Macro_F1": 0.415829}}, "step": 24}
Step:24	{"metric": {"full191test": {"wa": 0.903472}}, "step": 24}
Step:25	{"metric": {"full191Training": {"acc": 0.5918367346938775}}, "step": 25}
Step:25	{"metric": {"full191test": {"acc": 0.5714285714285714}}, "step": 25}
Step:25	{"metric": {"full191test": {"UAR": 0.342435}}, "step": 25}
Step:25	{"metric": {"full191test": {"Macro_F1": 0.351623}}, "step": 25}
Step:25	{"metric": {"full191test": {"wa": 0.829155}}, "step": 25}
Step:26	{"metric": {"full191Training": {"acc": 0.5714285714285714}}, "step": 26}
Step:26	{"metric": {"full191test": {"acc": 0.6122448979591837}}, "step": 26}
Step:26	{"metric": {"full191test": {"UAR": 0.345568}}, "step": 26}
Step:26	{"metric": {"full191test": {"Macro_F1": 0.357666}}, "step": 26}
Step:26	{"metric": {"full191test": {"wa": 0.89287}}, "step": 26}
Step:27	{"metric": {"full191Training": {"acc": 0.6326530612244898}}, "step": 27}
Step:27	{"metric": {"full191test": {"acc": 0.673469387755102}}, "step": 27}
Step:27	{"metric": {"full191test": {"UAR": 0.678571}}, "step": 27}
Step:27	{"metric": {"full191test": {"Macro_F1": 0.495636}}, "step": 27}
Step:27	{"metric": {"full191test": {"wa": 0.862616}}, "step": 27}
Step:28	{"metric": {"full191Training": {"acc": 0.6530612244897959}}, "step": 28}
Step:28	{"metric": {"full191test": {"acc": 0.7346938775510204}}, "step": 28}
Step:28	{"metric": {"full191test": {"UAR": 0.723861}}, "step": 28}
Step:28	{"metric": {"full191test": {"Macro_F1": 0.55376}}, "step": 28}
Step:28	{"metric": {"full191test": {"wa": 0.912285}}, "step": 28}
Step:29	{"metric": {"full191Training": {"acc": 0.7142857142857143}}, "step": 29}
Step:29	{"metric": {"full191test": {"acc": 0.6938775510204082}}, "step": 29}
Step:29	{"metric": {"full191test": {"UAR": 0.575216}}, "step": 29}
Step:29	{"metric": {"full191test": {"Macro_F1": 0.507861}}, "step": 29}
Step:29	{"metric": {"full191test": {"wa": 0.890816}}, "step": 29}
Step:30	{"metric": {"full191Training": {"acc": 0.7551020408163265}}, "step": 30}
Step:30	{"metric": {"full191test": {"acc": 0.673469387755102}}, "step": 30}
Step:30	{"metric": {"full191test": {"UAR": 0.717909}}, "step": 30}
Step:30	{"metric": {"full191test": {"Macro_F1": 0.47276}}, "step": 30}
Step:30	{"metric": {"full191test": {"wa": 0.899722}}, "step": 30}
Step:31	{"metric": {"full191Training": {"acc": 0.7755102040816326}}, "step": 31}
Step:31	{"metric": {"full191test": {"acc": 0.7551020408163265}}, "step": 31}
Step:31	{"metric": {"full191test": {"UAR": 0.649481}}, "step": 31}
Step:31	{"metric": {"full191test": {"Macro_F1": 0.575725}}, "step": 31}
Step:31	{"metric": {"full191test": {"wa": 0.872886}}, "step": 31}
Step:32	{"metric": {"full191Training": {"acc": 0.7142857142857143}}, "step": 32}
Step:32	{"metric": {"full191test": {"acc": 0.7959183673469388}}, "step": 32}
Step:32	{"metric": {"full191test": {"UAR": 0.732095}}, "step": 32}
Step:32	{"metric": {"full191test": {"Macro_F1": 0.724273}}, "step": 32}
Step:32	{"metric": {"full191test": {"wa": 0.97551}}, "step": 32}
Step:33	{"metric": {"full191Training": {"acc": 0.7755102040816326}}, "step": 33}
Step:33	{"metric": {"full191test": {"acc": 0.7346938775510204}}, "step": 33}
Step:33	{"metric": {"full191test": {"UAR": 0.590446}}, "step": 33}
Step:33	{"metric": {"full191test": {"Macro_F1": 0.566865}}, "step": 33}
Step:33	{"metric": {"full191test": {"wa": 0.852412}}, "step": 33}
Step:34	{"metric": {"full191Training": {"acc": 0.8571428571428571}}, "step": 34}
Step:34	{"metric": {"full191test": {"acc": 0.7959183673469388}}, "step": 34}
Step:34	{"metric": {"full191test": {"UAR": 0.690023}}, "step": 34}
Step:34	{"metric": {"full191test": {"Macro_F1": 0.712126}}, "step": 34}
Step:34	{"metric": {"full191test": {"wa": 0.908892}}, "step": 34}
Step:35	{"metric": {"full191Training": {"acc": 0.7959183673469388}}, "step": 35}
Step:35	{"metric": {"full191test": {"acc": 0.8163265306122449}}, "step": 35}
Step:35	{"metric": {"full191test": {"UAR": 0.69686}}, "step": 35}
Step:35	{"metric": {"full191test": {"Macro_F1": 0.646379}}, "step": 35}
Step:35	{"metric": {"full191test": {"wa": 0.931778}}, "step": 35}
Step:36	{"metric": {"full191Training": {"acc": 0.8163265306122449}}, "step": 36}
Step:36	{"metric": {"full191test": {"acc": 0.8775510204081632}}, "step": 36}
Step:36	{"metric": {"full191test": {"UAR": 0.756633}}, "step": 36}
Step:36	{"metric": {"full191test": {"Macro_F1": 0.722845}}, "step": 36}
Step:36	{"metric": {"full191test": {"wa": 0.940525}}, "step": 36}
Step:37	{"metric": {"full191Training": {"acc": 0.8979591836734694}}, "step": 37}
Step:37	{"metric": {"full191test": {"acc": 0.8163265306122449}}, "step": 37}
Step:37	{"metric": {"full191test": {"UAR": 0.686791}}, "step": 37}
Step:37	{"metric": {"full191test": {"Macro_F1": 0.637651}}, "step": 37}
Step:37	{"metric": {"full191test": {"wa": 0.931778}}, "step": 37}
Step:38	{"metric": {"full191Training": {"acc": 0.7959183673469388}}, "step": 38}
Step:38	{"metric": {"full191test": {"acc": 0.8775510204081632}}, "step": 38}
Step:38	{"metric": {"full191test": {"UAR": 0.903061}}, "step": 38}
Step:38	{"metric": {"full191test": {"Macro_F1": 0.846753}}, "step": 38}
Step:38	{"metric": {"full191test": {"wa": 0.954519}}, "step": 38}
Step:39	{"metric": {"full191Training": {"acc": 0.8367346938775511}}, "step": 39}
Step:39	{"metric": {"full191test": {"acc": 0.8775510204081632}}, "step": 39}
Step:39	{"metric": {"full191test": {"UAR": 0.778361}}, "step": 39}
Step:39	{"metric": {"full191test": {"Macro_F1": 0.738494}}, "step": 39}
Step:39	{"metric": {"full191test": {"wa": 0.925219}}, "step": 39}
Step:40	{"metric": {"full191Training": {"acc": 0.8775510204081632}}, "step": 40}
Step:40	{"metric": {"full191test": {"acc": 0.8979591836734694}}, "step": 40}
Step:40	{"metric": {"full191test": {"UAR": 0.881973}}, "step": 40}
Step:40	{"metric": {"full191test": {"Macro_F1": 0.877413}}, "step": 40}
Step:40	{"metric": {"full191test": {"wa": 0.90379}}, "step": 40}
Step:41	{"metric": {"full191Training": {"acc": 0.9795918367346939}}, "step": 41}
Step:41	{"metric": {"full191test": {"acc": 0.8571428571428571}}, "step": 41}
Step:41	{"metric": {"full191test": {"UAR": 0.723748}}, "step": 41}
Step:41	{"metric": {"full191test": {"Macro_F1": 0.693776}}, "step": 41}
Step:41	{"metric": {"full191test": {"wa": 0.897959}}, "step": 41}
Step:42	{"metric": {"full191Training": {"acc": 0.8979591836734694}}, "step": 42}
Step:42	{"metric": {"full191test": {"acc": 0.9795918367346939}}, "step": 42}
Step:42	{"metric": {"full191test": {"UAR": 0.971429}}, "step": 42}
Step:42	{"metric": {"full191test": {"Macro_F1": 0.973138}}, "step": 42}
Step:42	{"metric": {"full191test": {"wa": 0.982507}}, "step": 42}
Step:43	{"metric": {"full191Training": {"acc": 0.9387755102040817}}, "step": 43}
Step:43	{"metric": {"full191test": {"acc": 0.9591836734693877}}, "step": 43}
Step:43	{"metric": {"full191test": {"UAR": 0.919048}}, "step": 43}
Step:43	{"metric": {"full191test": {"Macro_F1": 0.923645}}, "step": 43}
Step:43	{"metric": {"full191test": {"wa": 0.970845}}, "step": 43}
Step:44	{"metric": {"full191Training": {"acc": 0.9387755102040817}}, "step": 44}
Step:44	{"metric": {"full191test": {"acc": 0.8979591836734694}}, "step": 44}
Step:44	{"metric": {"full191test": {"UAR": 0.92381}}, "step": 44}
Step:44	{"metric": {"full191test": {"Macro_F1": 0.884193}}, "step": 44}
Step:44	{"metric": {"full191test": {"wa": 0.940525}}, "step": 44}
Step:45	{"metric": {"full191Training": {"acc": 0.9183673469387755}}, "step": 45}
Step:45	{"metric": {"full191test": {"acc": 0.9591836734693877}}, "step": 45}
Step:45	{"metric": {"full191test": {"UAR": 0.963203}}, "step": 45}
Step:45	{"metric": {"full191test": {"Macro_F1": 0.963037}}, "step": 45}
Step:45	{"metric": {"full191test": {"wa": 0.962099}}, "step": 45}
Step:46	{"metric": {"full191Training": {"acc": 0.9387755102040817}}, "step": 46}
Step:46	{"metric": {"full191test": {"acc": 0.9387755102040817}}, "step": 46}
Step:46	{"metric": {"full191test": {"UAR": 0.920068}}, "step": 46}
Step:46	{"metric": {"full191test": {"Macro_F1": 0.924088}}, "step": 46}
Step:46	{"metric": {"full191test": {"wa": 0.940631}}, "step": 46}
Step:47	{"metric": {"full191Training": {"acc": 0.9183673469387755}}, "step": 47}
Step:47	{"metric": {"full191test": {"acc": 0.9387755102040817}}, "step": 47}
Step:47	{"metric": {"full191test": {"UAR": 0.945578}}, "step": 47}
Step:47	{"metric": {"full191test": {"Macro_F1": 0.949598}}, "step": 47}
Step:47	{"metric": {"full191test": {"wa": 0.940631}}, "step": 47}
Step:48	{"metric": {"full191Training": {"acc": 0.9591836734693877}}, "step": 48}
Step:48	{"metric": {"full191test": {"acc": 1.0}}, "step": 48}
Step:48	{"metric": {"full191test": {"UAR": 1.0}}, "step": 48}
Step:48	{"metric": {"full191test": {"Macro_F1": 1.0}}, "step": 48}
Step:48	{"metric": {"full191test": {"wa": 1.0}}, "step": 48}
Step:49	{"metric": {"full191Training": {"acc": 0.9591836734693877}}, "step": 49}
Step:49	{"metric": {"full191test": {"acc": 0.9795918367346939}}, "step": 49}
Step:49	{"metric": {"full191test": {"UAR": 0.990476}}, "step": 49}
Step:49	{"metric": {"full191test": {"Macro_F1": 0.984085}}, "step": 49}
Step:49	{"metric": {"full191test": {"wa": 0.982507}}, "step": 49}
Step:50	{"metric": {"full191Training": {"acc": 0.9387755102040817}}, "step": 50}
Step:50	{"metric": {"full191test": {"acc": 0.9591836734693877}}, "step": 50}
Step:50	{"metric": {"full191test": {"UAR": 0.953571}}, "step": 50}
Step:50	{"metric": {"full191test": {"Macro_F1": 0.955102}}, "step": 50}
Step:50	{"metric": {"full191test": {"wa": 0.961039}}, "step": 50}
Step:51	{"metric": {"full191Training": {"acc": 0.9183673469387755}}, "step": 51}
Step:51	{"metric": {"full191test": {"acc": 0.9795918367346939}}, "step": 51}
Step:51	{"metric": {"full191test": {"UAR": 0.982143}}, "step": 51}
Step:51	{"metric": {"full191test": {"Macro_F1": 0.974603}}, "step": 51}
Step:51	{"metric": {"full191test": {"wa": 0.983673}}, "step": 51}
Step:52	{"metric": {"full191Training": {"acc": 0.9795918367346939}}, "step": 52}
Step:52	{"metric": {"full191test": {"acc": 0.9795918367346939}}, "step": 52}
Step:52	{"metric": {"full191test": {"UAR": 0.982143}}, "step": 52}
Step:52	{"metric": {"full191test": {"Macro_F1": 0.985185}}, "step": 52}
Step:52	{"metric": {"full191test": {"wa": 0.98105}}, "step": 52}
Step:53	{"metric": {"full191Training": {"acc": 0.9591836734693877}}, "step": 53}
Step:53	{"metric": {"full191test": {"acc": 0.9795918367346939}}, "step": 53}
Step:53	{"metric": {"full191test": {"UAR": 0.988095}}, "step": 53}
Step:53	{"metric": {"full191test": {"Macro_F1": 0.977916}}, "step": 53}
Step:53	{"metric": {"full191test": {"wa": 0.983673}}, "step": 53}
Step:54	{"metric": {"full191Training": {"acc": 0.9591836734693877}}, "step": 54}
Step:54	{"metric": {"full191test": {"acc": 1.0}}, "step": 54}
Step:54	{"metric": {"full191test": {"UAR": 1.0}}, "step": 54}
Step:54	{"metric": {"full191test": {"Macro_F1": 1.0}}, "step": 54}
Step:54	{"metric": {"full191test": {"wa": 1.0}}, "step": 54}
Step:55	{"metric": {"full191Training": {"acc": 1.0}}, "step": 55}
Step:55	{"metric": {"full191test": {"acc": 0.9591836734693877}}, "step": 55}
Step:55	{"metric": {"full191test": {"UAR": 0.958333}}, "step": 55}
Step:55	{"metric": {"full191test": {"Macro_F1": 0.950278}}, "step": 55}
Step:55	{"metric": {"full191test": {"wa": 0.966141}}, "step": 55}
Step:56	{"metric": {"full191Training": {"acc": 1.0}}, "step": 56}
Step:56	{"metric": {"full191test": {"acc": 0.9795918367346939}}, "step": 56}
Step:56	{"metric": {"full191test": {"UAR": 0.982143}}, "step": 56}
Step:56	{"metric": {"full191test": {"Macro_F1": 0.970068}}, "step": 56}
Step:56	{"metric": {"full191test": {"wa": 0.984694}}, "step": 56}
Step:57	{"metric": {"full191Training": {"acc": 1.0}}, "step": 57}
Step:57	{"metric": {"full191test": {"acc": 1.0}}, "step": 57}
Step:57	{"metric": {"full191test": {"UAR": 1.0}}, "step": 57}
Step:57	{"metric": {"full191test": {"Macro_F1": 1.0}}, "step": 57}
Step:57	{"metric": {"full191test": {"wa": 1.0}}, "step": 57}
Step:58	{"metric": {"full191Training": {"acc": 1.0}}, "step": 58}
Step:58	{"metric": {"full191test": {"acc": 0.9795918367346939}}, "step": 58}
Step:58	{"metric": {"full191test": {"UAR": 0.988095}}, "step": 58}
Step:58	{"metric": {"full191test": {"Macro_F1": 0.977916}}, "step": 58}
Step:58	{"metric": {"full191test": {"wa": 0.983673}}, "step": 58}
Step:59	{"metric": {"full191Training": {"acc": 0.9795918367346939}}, "step": 59}
Step:59	{"metric": {"full191test": {"acc": 1.0}}, "step": 59}
Step:59	{"metric": {"full191test": {"UAR": 1.0}}, "step": 59}
Step:59	{"metric": {"full191test": {"Macro_F1": 1.0}}, "step": 59}
Step:59	{"metric": {"full191test": {"wa": 1.0}}, "step": 59}
Step:60	{"metric": {"full191Training": {"acc": 1.0}}, "step": 60}
Step:60	{"metric": {"full191test": {"acc": 0.9795918367346939}}, "step": 60}
Step:60	{"metric": {"full191test": {"UAR": 0.988095}}, "step": 60}
Step:60	{"metric": {"full191test": {"Macro_F1": 0.977916}}, "step": 60}
Step:60	{"metric": {"full191test": {"wa": 0.983673}}, "step": 60}
Step:61	{"metric": {"full191Training": {"acc": 0.9795918367346939}}, "step": 61}
Step:61	{"metric": {"full191test": {"acc": 0.9795918367346939}}, "step": 61}
Step:61	{"metric": {"full191test": {"UAR": 0.988095}}, "step": 61}
Step:61	{"metric": {"full191test": {"Macro_F1": 0.977916}}, "step": 61}
Step:61	{"metric": {"full191test": {"wa": 0.983673}}, "step": 61}
Step:62	{"metric": {"full191Training": {"acc": 1.0}}, "step": 62}
Step:62	{"metric": {"full191test": {"acc": 1.0}}, "step": 62}
Step:62	{"metric": {"full191test": {"UAR": 1.0}}, "step": 62}
Step:62	{"metric": {"full191test": {"Macro_F1": 1.0}}, "step": 62}
Step:62	{"metric": {"full191test": {"wa": 1.0}}, "step": 62}
Step:63	{"metric": {"full191Training": {"acc": 1.0}}, "step": 63}
Step:63	{"metric": {"full191test": {"acc": 1.0}}, "step": 63}
Step:63	{"metric": {"full191test": {"UAR": 1.0}}, "step": 63}
Step:63	{"metric": {"full191test": {"Macro_F1": 1.0}}, "step": 63}
Step:63	{"metric": {"full191test": {"wa": 1.0}}, "step": 63}
Step:64	{"metric": {"full191Training": {"acc": 1.0}}, "step": 64}
Step:64	{"metric": {"full191test": {"acc": 1.0}}, "step": 64}
Step:64	{"metric": {"full191test": {"UAR": 1.0}}, "step": 64}
Step:64	{"metric": {"full191test": {"Macro_F1": 1.0}}, "step": 64}
Step:64	{"metric": {"full191test": {"wa": 1.0}}, "step": 64}
Step:65	{"metric": {"full191Training": {"acc": 1.0}}, "step": 65}
Step:65	{"metric": {"full191test": {"acc": 1.0}}, "step": 65}
Step:65	{"metric": {"full191test": {"UAR": 1.0}}, "step": 65}
Step:65	{"metric": {"full191test": {"Macro_F1": 1.0}}, "step": 65}
Step:65	{"metric": {"full191test": {"wa": 1.0}}, "step": 65}
Step:66	{"metric": {"full191Training": {"acc": 1.0}}, "step": 66}
Step:66	{"metric": {"full191test": {"acc": 1.0}}, "step": 66}
Step:66	{"metric": {"full191test": {"UAR": 1.0}}, "step": 66}
Step:66	{"metric": {"full191test": {"Macro_F1": 1.0}}, "step": 66}
Step:66	{"metric": {"full191test": {"wa": 1.0}}, "step": 66}
Step:67	{"metric": {"full191Training": {"acc": 1.0}}, "step": 67}
Step:67	{"metric": {"full191test": {"acc": 1.0}}, "step": 67}
Step:67	{"metric": {"full191test": {"UAR": 1.0}}, "step": 67}
Step:67	{"metric": {"full191test": {"Macro_F1": 1.0}}, "step": 67}
Step:67	{"metric": {"full191test": {"wa": 1.0}}, "step": 67}
Step:68	{"metric": {"full191Training": {"acc": 1.0}}, "step": 68}
Step:68	{"metric": {"full191test": {"acc": 1.0}}, "step": 68}
Step:68	{"metric": {"full191test": {"UAR": 1.0}}, "step": 68}
Step:68	{"metric": {"full191test": {"Macro_F1": 1.0}}, "step": 68}
Step:68	{"metric": {"full191test": {"wa": 1.0}}, "step": 68}
Step:69	{"metric": {"full191Training": {"acc": 1.0}}, "step": 69}
Step:69	{"metric": {"full191test": {"acc": 1.0}}, "step": 69}
Step:69	{"metric": {"full191test": {"UAR": 1.0}}, "step": 69}
Step:69	{"metric": {"full191test": {"Macro_F1": 1.0}}, "step": 69}
Step:69	{"metric": {"full191test": {"wa": 1.0}}, "step": 69}
Step:70	{"metric": {"full191Training": {"acc": 1.0}}, "step": 70}
Step:70	{"metric": {"full191test": {"acc": 1.0}}, "step": 70}
Step:70	{"metric": {"full191test": {"UAR": 1.0}}, "step": 70}
Step:70	{"metric": {"full191test": {"Macro_F1": 1.0}}, "step": 70}
Step:70	{"metric": {"full191test": {"wa": 1.0}}, "step": 70}
Step:71	{"metric": {"full191Training": {"acc": 1.0}}, "step": 71}
Step:71	{"metric": {"full191test": {"acc": 1.0}}, "step": 71}
Step:71	{"metric": {"full191test": {"UAR": 1.0}}, "step": 71}
Step:71	{"metric": {"full191test": {"Macro_F1": 1.0}}, "step": 71}
Step:71	{"metric": {"full191test": {"wa": 1.0}}, "step": 71}
Step:72	{"metric": {"full191Training": {"acc": 1.0}}, "step": 72}
Step:72	{"metric": {"full191test": {"acc": 0.9795918367346939}}, "step": 72}
Step:72	{"metric": {"full191test": {"UAR": 0.982143}}, "step": 72}
Step:72	{"metric": {"full191test": {"Macro_F1": 0.970068}}, "step": 72}
Step:72	{"metric": {"full191test": {"wa": 0.984694}}, "step": 72}
Step:73	{"metric": {"full191Training": {"acc": 0.9795918367346939}}, "step": 73}
Step:73	{"metric": {"full191test": {"acc": 1.0}}, "step": 73}
Step:73	{"metric": {"full191test": {"UAR": 1.0}}, "step": 73}
Step:73	{"metric": {"full191test": {"Macro_F1": 1.0}}, "step": 73}
Step:73	{"metric": {"full191test": {"wa": 1.0}}, "step": 73}
Step:74	{"metric": {"full191Training": {"acc": 1.0}}, "step": 74}
Step:74	{"metric": {"full191test": {"acc": 1.0}}, "step": 74}
Step:74	{"metric": {"full191test": {"UAR": 1.0}}, "step": 74}
Step:74	{"metric": {"full191test": {"Macro_F1": 1.0}}, "step": 74}
Step:74	{"metric": {"full191test": {"wa": 1.0}}, "step": 74}
Step:75	{"metric": {"full191Training": {"acc": 1.0}}, "step": 75}
Step:75	{"metric": {"full191test": {"acc": 1.0}}, "step": 75}
Step:75	{"metric": {"full191test": {"UAR": 1.0}}, "step": 75}
Step:75	{"metric": {"full191test": {"Macro_F1": 1.0}}, "step": 75}
Step:75	{"metric": {"full191test": {"wa": 1.0}}, "step": 75}
Step:76	{"metric": {"full191Training": {"acc": 1.0}}, "step": 76}
Step:76	{"metric": {"full191test": {"acc": 1.0}}, "step": 76}
Step:76	{"metric": {"full191test": {"UAR": 1.0}}, "step": 76}
Step:76	{"metric": {"full191test": {"Macro_F1": 1.0}}, "step": 76}
Step:76	{"metric": {"full191test": {"wa": 1.0}}, "step": 76}
Step:77	{"metric": {"full191Training": {"acc": 1.0}}, "step": 77}
Step:77	{"metric": {"full191test": {"acc": 1.0}}, "step": 77}
Step:77	{"metric": {"full191test": {"UAR": 1.0}}, "step": 77}
Step:77	{"metric": {"full191test": {"Macro_F1": 1.0}}, "step": 77}
Step:77	{"metric": {"full191test": {"wa": 1.0}}, "step": 77}
Step:78	{"metric": {"full191Training": {"acc": 0.9795918367346939}}, "step": 78}
Step:78	{"metric": {"full191test": {"acc": 1.0}}, "step": 78}
Step:78	{"metric": {"full191test": {"UAR": 1.0}}, "step": 78}
Step:78	{"metric": {"full191test": {"Macro_F1": 1.0}}, "step": 78}
Step:78	{"metric": {"full191test": {"wa": 1.0}}, "step": 78}
Step:79	{"metric": {"full191Training": {"acc": 1.0}}, "step": 79}
Step:79	{"metric": {"full191test": {"acc": 0.9795918367346939}}, "step": 79}
Step:79	{"metric": {"full191test": {"UAR": 0.990476}}, "step": 79}
Step:79	{"metric": {"full191test": {"Macro_F1": 0.984085}}, "step": 79}
Step:79	{"metric": {"full191test": {"wa": 0.982507}}, "step": 79}
Step:80	{"metric": {"full191Training": {"acc": 0.9795918367346939}}, "step": 80}
Step:80	{"metric": {"full191test": {"acc": 1.0}}, "step": 80}
Step:80	{"metric": {"full191test": {"UAR": 1.0}}, "step": 80}
Step:80	{"metric": {"full191test": {"Macro_F1": 1.0}}, "step": 80}
Step:80	{"metric": {"full191test": {"wa": 1.0}}, "step": 80}
Step:81	{"metric": {"full191Training": {"acc": 1.0}}, "step": 81}
Step:81	{"metric": {"full191test": {"acc": 1.0}}, "step": 81}
Step:81	{"metric": {"full191test": {"UAR": 1.0}}, "step": 81}
Step:81	{"metric": {"full191test": {"Macro_F1": 1.0}}, "step": 81}
Step:81	{"metric": {"full191test": {"wa": 1.0}}, "step": 81}
Step:82	{"metric": {"full191Training": {"acc": 1.0}}, "step": 82}
Step:82	{"metric": {"full191test": {"acc": 1.0}}, "step": 82}
Step:82	{"metric": {"full191test": {"UAR": 1.0}}, "step": 82}
Step:82	{"metric": {"full191test": {"Macro_F1": 1.0}}, "step": 82}
Step:82	{"metric": {"full191test": {"wa": 1.0}}, "step": 82}
Step:83	{"metric": {"full191Training": {"acc": 1.0}}, "step": 83}
Step:83	{"metric": {"full191test": {"acc": 0.9795918367346939}}, "step": 83}
Step:83	{"metric": {"full191test": {"UAR": 0.97619}}, "step": 83}
Step:83	{"metric": {"full191test": {"Macro_F1": 0.98021}}, "step": 83}
Step:83	{"metric": {"full191test": {"wa": 0.981447}}, "step": 83}
Step:84	{"metric": {"full191Training": {"acc": 1.0}}, "step": 84}
Step:84	{"metric": {"full191test": {"acc": 1.0}}, "step": 84}
Step:84	{"metric": {"full191test": {"UAR": 1.0}}, "step": 84}
Step:84	{"metric": {"full191test": {"Macro_F1": 1.0}}, "step": 84}
Step:84	{"metric": {"full191test": {"wa": 1.0}}, "step": 84}
Step:85	{"metric": {"full191Training": {"acc": 1.0}}, "step": 85}
Step:85	{"metric": {"full191test": {"acc": 1.0}}, "step": 85}
Step:85	{"metric": {"full191test": {"UAR": 1.0}}, "step": 85}
Step:85	{"metric": {"full191test": {"Macro_F1": 1.0}}, "step": 85}
Step:85	{"metric": {"full191test": {"wa": 1.0}}, "step": 85}
Step:86	{"metric": {"full191Training": {"acc": 1.0}}, "step": 86}
Step:86	{"metric": {"full191test": {"acc": 1.0}}, "step": 86}
Step:86	{"metric": {"full191test": {"UAR": 1.0}}, "step": 86}
Step:86	{"metric": {"full191test": {"Macro_F1": 1.0}}, "step": 86}
Step:86	{"metric": {"full191test": {"wa": 1.0}}, "step": 86}
Step:87	{"metric": {"full191Training": {"acc": 1.0}}, "step": 87}
Step:87	{"metric": {"full191test": {"acc": 1.0}}, "step": 87}
Step:87	{"metric": {"full191test": {"UAR": 1.0}}, "step": 87}
Step:87	{"metric": {"full191test": {"Macro_F1": 1.0}}, "step": 87}
Step:87	{"metric": {"full191test": {"wa": 1.0}}, "step": 87}
Step:88	{"metric": {"full191Training": {"acc": 1.0}}, "step": 88}
Step:88	{"metric": {"full191test": {"acc": 1.0}}, "step": 88}
Step:88	{"metric": {"full191test": {"UAR": 1.0}}, "step": 88}
Step:88	{"metric": {"full191test": {"Macro_F1": 1.0}}, "step": 88}
Step:88	{"metric": {"full191test": {"wa": 1.0}}, "step": 88}
Step:89	{"metric": {"full191Training": {"acc": 1.0}}, "step": 89}
Step:89	{"metric": {"full191test": {"acc": 1.0}}, "step": 89}
Step:89	{"metric": {"full191test": {"UAR": 1.0}}, "step": 89}
Step:89	{"metric": {"full191test": {"Macro_F1": 1.0}}, "step": 89}
Step:89	{"metric": {"full191test": {"wa": 1.0}}, "step": 89}
Step:90	{"metric": {"full191Training": {"acc": 1.0}}, "step": 90}
Step:90	{"metric": {"full191test": {"acc": 1.0}}, "step": 90}
Step:90	{"metric": {"full191test": {"UAR": 1.0}}, "step": 90}
Step:90	{"metric": {"full191test": {"Macro_F1": 1.0}}, "step": 90}
Step:90	{"metric": {"full191test": {"wa": 1.0}}, "step": 90}
Step:91	{"metric": {"full191Training": {"acc": 1.0}}, "step": 91}
Step:91	{"metric": {"full191test": {"acc": 1.0}}, "step": 91}
Step:91	{"metric": {"full191test": {"UAR": 1.0}}, "step": 91}
Step:91	{"metric": {"full191test": {"Macro_F1": 1.0}}, "step": 91}
Step:91	{"metric": {"full191test": {"wa": 1.0}}, "step": 91}
Step:92	{"metric": {"full191Training": {"acc": 1.0}}, "step": 92}
Step:92	{"metric": {"full191test": {"acc": 1.0}}, "step": 92}
Step:92	{"metric": {"full191test": {"UAR": 1.0}}, "step": 92}
Step:92	{"metric": {"full191test": {"Macro_F1": 1.0}}, "step": 92}
Step:92	{"metric": {"full191test": {"wa": 1.0}}, "step": 92}
Step:93	{"metric": {"full191Training": {"acc": 1.0}}, "step": 93}
Step:93	{"metric": {"full191test": {"acc": 1.0}}, "step": 93}
Step:93	{"metric": {"full191test": {"UAR": 1.0}}, "step": 93}
Step:93	{"metric": {"full191test": {"Macro_F1": 1.0}}, "step": 93}
Step:93	{"metric": {"full191test": {"wa": 1.0}}, "step": 93}
Step:94	{"metric": {"full191Training": {"acc": 1.0}}, "step": 94}
Step:94	{"metric": {"full191test": {"acc": 1.0}}, "step": 94}
Step:94	{"metric": {"full191test": {"UAR": 1.0}}, "step": 94}
Step:94	{"metric": {"full191test": {"Macro_F1": 1.0}}, "step": 94}
Step:94	{"metric": {"full191test": {"wa": 1.0}}, "step": 94}
Step:95	{"metric": {"full191Training": {"acc": 1.0}}, "step": 95}
Step:95	{"metric": {"full191test": {"acc": 1.0}}, "step": 95}
Step:95	{"metric": {"full191test": {"UAR": 1.0}}, "step": 95}
Step:95	{"metric": {"full191test": {"Macro_F1": 1.0}}, "step": 95}
Step:95	{"metric": {"full191test": {"wa": 1.0}}, "step": 95}
Step:96	{"metric": {"full191Training": {"acc": 1.0}}, "step": 96}
Step:96	{"metric": {"full191test": {"acc": 1.0}}, "step": 96}
Step:96	{"metric": {"full191test": {"UAR": 1.0}}, "step": 96}
Step:96	{"metric": {"full191test": {"Macro_F1": 1.0}}, "step": 96}
Step:96	{"metric": {"full191test": {"wa": 1.0}}, "step": 96}
Step:97	{"metric": {"full191Training": {"acc": 1.0}}, "step": 97}
Step:97	{"metric": {"full191test": {"acc": 1.0}}, "step": 97}
Step:97	{"metric": {"full191test": {"UAR": 1.0}}, "step": 97}
Step:97	{"metric": {"full191test": {"Macro_F1": 1.0}}, "step": 97}
Step:97	{"metric": {"full191test": {"wa": 1.0}}, "step": 97}
Step:98	{"metric": {"full191Training": {"acc": 1.0}}, "step": 98}
Step:98	{"metric": {"full191test": {"acc": 1.0}}, "step": 98}
Step:98	{"metric": {"full191test": {"UAR": 1.0}}, "step": 98}
Step:98	{"metric": {"full191test": {"Macro_F1": 1.0}}, "step": 98}
Step:98	{"metric": {"full191test": {"wa": 1.0}}, "step": 98}
Step:99	{"metric": {"full191Training": {"acc": 1.0}}, "step": 99}
Step:99	{"metric": {"full191test": {"acc": 1.0}}, "step": 99}
Step:99	{"metric": {"full191test": {"UAR": 1.0}}, "step": 99}
Step:99	{"metric": {"full191test": {"Macro_F1": 1.0}}, "step": 99}
Step:99	{"metric": {"full191test": {"wa": 1.0}}, "step": 99}
Step:100	{"metric": {"full191Training": {"acc": 1.0}}, "step": 100}
Step:100	{"metric": {"full191test": {"acc": 1.0}}, "step": 100}
Step:100	{"metric": {"full191test": {"UAR": 1.0}}, "step": 100}
Step:100	{"metric": {"full191test": {"Macro_F1": 1.0}}, "step": 100}
Step:100	{"metric": {"full191test": {"wa": 1.0}}, "step": 100}
Step:1	{"metric": {"zhongTraining": {"acc": 0.12244897959183673}}, "step": 1}
Step:1	{"metric": {"zhongtest": {"acc": 0.5102040816326531}}, "step": 1}
Step:1	{"metric": {"zhongtest": {"UAR": 0.154187}}, "step": 1}
Step:1	{"metric": {"zhongtest": {"Macro_F1": 0.196218}}, "step": 1}
Step:1	{"metric": {"zhongtest": {"wa": 1.0}}, "step": 1}
Step:2	{"metric": {"zhongTraining": {"acc": 0.5102040816326531}}, "step": 2}
Step:2	{"metric": {"zhongtest": {"acc": 0.4489795918367347}}, "step": 2}
Step:2	{"metric": {"zhongtest": {"UAR": 0.327077}}, "step": 2}
Step:2	{"metric": {"zhongtest": {"Macro_F1": 0.389143}}, "step": 2}
Step:2	{"metric": {"zhongtest": {"wa": 0.970845}}, "step": 2}
Step:3	{"metric": {"zhongTraining": {"acc": 0.4489795918367347}}, "step": 3}
Step:3	{"metric": {"zhongtest": {"acc": 0.5102040816326531}}, "step": 3}
Step:3	{"metric": {"zhongtest": {"UAR": 0.42449}}, "step": 3}
Step:3	{"metric": {"zhongtest": {"Macro_F1": 0.460254}}, "step": 3}
Step:3	{"metric": {"zhongtest": {"wa": 0.982507}}, "step": 3}
Step:4	{"metric": {"zhongTraining": {"acc": 0.5102040816326531}}, "step": 4}
Step:4	{"metric": {"zhongtest": {"acc": 0.7755102040816326}}, "step": 4}
Step:4	{"metric": {"zhongtest": {"UAR": 0.785714}}, "step": 4}
Step:4	{"metric": {"zhongtest": {"Macro_F1": 0.75342}}, "step": 4}
Step:4	{"metric": {"zhongtest": {"wa": 0.91691}}, "step": 4}
Step:5	{"metric": {"zhongTraining": {"acc": 0.7755102040816326}}, "step": 5}
Step:5	{"metric": {"zhongtest": {"acc": 0.9795918367346939}}, "step": 5}
Step:5	{"metric": {"zhongtest": {"UAR": 0.982143}}, "step": 5}
Step:5	{"metric": {"zhongtest": {"Macro_F1": 0.970068}}, "step": 5}
Step:5	{"metric": {"zhongtest": {"wa": 0.984694}}, "step": 5}
Step:6	{"metric": {"zhongTraining": {"acc": 0.9795918367346939}}, "step": 6}
Step:6	{"metric": {"zhongtest": {"acc": 0.9183673469387755}}, "step": 6}
Step:6	{"metric": {"zhongtest": {"UAR": 0.936508}}, "step": 6}
Step:6	{"metric": {"zhongtest": {"Macro_F1": 0.927438}}, "step": 6}
Step:6	{"metric": {"zhongtest": {"wa": 0.948052}}, "step": 6}
Step:7	{"metric": {"zhongTraining": {"acc": 0.9183673469387755}}, "step": 7}
Step:7	{"metric": {"zhongtest": {"acc": 1.0}}, "step": 7}
Step:7	{"metric": {"zhongtest": {"UAR": 1.0}}, "step": 7}
Step:7	{"metric": {"zhongtest": {"Macro_F1": 1.0}}, "step": 7}
Step:7	{"metric": {"zhongtest": {"wa": 1.0}}, "step": 7}
Step:8	{"metric": {"zhongTraining": {"acc": 1.0}}, "step": 8}
Step:8	{"metric": {"zhongtest": {"acc": 1.0}}, "step": 8}
Step:8	{"metric": {"zhongtest": {"UAR": 1.0}}, "step": 8}
Step:8	{"metric": {"zhongtest": {"Macro_F1": 1.0}}, "step": 8}
Step:8	{"metric": {"zhongtest": {"wa": 1.0}}, "step": 8}
Step:9	{"metric": {"zhongTraining": {"acc": 1.0}}, "step": 9}
Step:9	{"metric": {"zhongtest": {"acc": 1.0}}, "step": 9}
Step:9	{"metric": {"zhongtest": {"UAR": 1.0}}, "step": 9}
Step:9	{"metric": {"zhongtest": {"Macro_F1": 1.0}}, "step": 9}
Step:9	{"metric": {"zhongtest": {"wa": 1.0}}, "step": 9}
Step:10	{"metric": {"zhongTraining": {"acc": 1.0}}, "step": 10}
Step:10	{"metric": {"zhongtest": {"acc": 1.0}}, "step": 10}
Step:10	{"metric": {"zhongtest": {"UAR": 1.0}}, "step": 10}
Step:10	{"metric": {"zhongtest": {"Macro_F1": 1.0}}, "step": 10}
Step:10	{"metric": {"zhongtest": {"wa": 1.0}}, "step": 10}
Step:11	{"metric": {"zhongTraining": {"acc": 1.0}}, "step": 11}
Step:11	{"metric": {"zhongtest": {"acc": 1.0}}, "step": 11}
Step:11	{"metric": {"zhongtest": {"UAR": 1.0}}, "step": 11}
Step:11	{"metric": {"zhongtest": {"Macro_F1": 1.0}}, "step": 11}
Step:11	{"metric": {"zhongtest": {"wa": 1.0}}, "step": 11}
Step:12	{"metric": {"zhongTraining": {"acc": 1.0}}, "step": 12}
Step:12	{"metric": {"zhongtest": {"acc": 1.0}}, "step": 12}
Step:12	{"metric": {"zhongtest": {"UAR": 1.0}}, "step": 12}
Step:12	{"metric": {"zhongtest": {"Macro_F1": 1.0}}, "step": 12}
Step:12	{"metric": {"zhongtest": {"wa": 1.0}}, "step": 12}
Step:13	{"metric": {"zhongTraining": {"acc": 1.0}}, "step": 13}
Step:13	{"metric": {"zhongtest": {"acc": 1.0}}, "step": 13}
Step:13	{"metric": {"zhongtest": {"UAR": 1.0}}, "step": 13}
Step:13	{"metric": {"zhongtest": {"Macro_F1": 1.0}}, "step": 13}
Step:13	{"metric": {"zhongtest": {"wa": 1.0}}, "step": 13}
Step:14	{"metric": {"zhongTraining": {"acc": 1.0}}, "step": 14}
Step:14	{"metric": {"zhongtest": {"acc": 1.0}}, "step": 14}
Step:14	{"metric": {"zhongtest": {"UAR": 1.0}}, "step": 14}
Step:14	{"metric": {"zhongtest": {"Macro_F1": 1.0}}, "step": 14}
Step:14	{"metric": {"zhongtest": {"wa": 1.0}}, "step": 14}
Step:15	{"metric": {"zhongTraining": {"acc": 1.0}}, "step": 15}
Step:15	{"metric": {"zhongtest": {"acc": 1.0}}, "step": 15}
Step:15	{"metric": {"zhongtest": {"UAR": 1.0}}, "step": 15}
Step:15	{"metric": {"zhongtest": {"Macro_F1": 1.0}}, "step": 15}
Step:15	{"metric": {"zhongtest": {"wa": 1.0}}, "step": 15}
Step:16	{"metric": {"zhongTraining": {"acc": 1.0}}, "step": 16}
Step:16	{"metric": {"zhongtest": {"acc": 1.0}}, "step": 16}
Step:16	{"metric": {"zhongtest": {"UAR": 1.0}}, "step": 16}
Step:16	{"metric": {"zhongtest": {"Macro_F1": 1.0}}, "step": 16}
Step:16	{"metric": {"zhongtest": {"wa": 1.0}}, "step": 16}
Step:17	{"metric": {"zhongTraining": {"acc": 1.0}}, "step": 17}
Step:17	{"metric": {"zhongtest": {"acc": 1.0}}, "step": 17}
Step:17	{"metric": {"zhongtest": {"UAR": 1.0}}, "step": 17}
Step:17	{"metric": {"zhongtest": {"Macro_F1": 1.0}}, "step": 17}
Step:17	{"metric": {"zhongtest": {"wa": 1.0}}, "step": 17}
Step:18	{"metric": {"zhongTraining": {"acc": 1.0}}, "step": 18}
Step:18	{"metric": {"zhongtest": {"acc": 1.0}}, "step": 18}
Step:18	{"metric": {"zhongtest": {"UAR": 1.0}}, "step": 18}
Step:18	{"metric": {"zhongtest": {"Macro_F1": 1.0}}, "step": 18}
Step:18	{"metric": {"zhongtest": {"wa": 1.0}}, "step": 18}
Step:19	{"metric": {"zhongTraining": {"acc": 1.0}}, "step": 19}
Step:19	{"metric": {"zhongtest": {"acc": 1.0}}, "step": 19}
Step:19	{"metric": {"zhongtest": {"UAR": 1.0}}, "step": 19}
Step:19	{"metric": {"zhongtest": {"Macro_F1": 1.0}}, "step": 19}
Step:19	{"metric": {"zhongtest": {"wa": 1.0}}, "step": 19}
Step:20	{"metric": {"zhongTraining": {"acc": 1.0}}, "step": 20}
Step:20	{"metric": {"zhongtest": {"acc": 1.0}}, "step": 20}
Step:20	{"metric": {"zhongtest": {"UAR": 1.0}}, "step": 20}
Step:20	{"metric": {"zhongtest": {"Macro_F1": 1.0}}, "step": 20}
Step:20	{"metric": {"zhongtest": {"wa": 1.0}}, "step": 20}
Step:21	{"metric": {"zhongTraining": {"acc": 1.0}}, "step": 21}
Step:21	{"metric": {"zhongtest": {"acc": 1.0}}, "step": 21}
Step:21	{"metric": {"zhongtest": {"UAR": 1.0}}, "step": 21}
Step:21	{"metric": {"zhongtest": {"Macro_F1": 1.0}}, "step": 21}
Step:21	{"metric": {"zhongtest": {"wa": 1.0}}, "step": 21}
Step:22	{"metric": {"zhongTraining": {"acc": 1.0}}, "step": 22}
Step:22	{"metric": {"zhongtest": {"acc": 1.0}}, "step": 22}
Step:22	{"metric": {"zhongtest": {"UAR": 1.0}}, "step": 22}
Step:22	{"metric": {"zhongtest": {"Macro_F1": 1.0}}, "step": 22}
Step:22	{"metric": {"zhongtest": {"wa": 1.0}}, "step": 22}
Step:23	{"metric": {"zhongTraining": {"acc": 1.0}}, "step": 23}
Step:23	{"metric": {"zhongtest": {"acc": 1.0}}, "step": 23}
Step:23	{"metric": {"zhongtest": {"UAR": 1.0}}, "step": 23}
Step:23	{"metric": {"zhongtest": {"Macro_F1": 1.0}}, "step": 23}
Step:23	{"metric": {"zhongtest": {"wa": 1.0}}, "step": 23}
Step:24	{"metric": {"zhongTraining": {"acc": 1.0}}, "step": 24}
Step:24	{"metric": {"zhongtest": {"acc": 1.0}}, "step": 24}
Step:24	{"metric": {"zhongtest": {"UAR": 1.0}}, "step": 24}
Step:24	{"metric": {"zhongtest": {"Macro_F1": 1.0}}, "step": 24}
Step:24	{"metric": {"zhongtest": {"wa": 1.0}}, "step": 24}
Step:25	{"metric": {"zhongTraining": {"acc": 1.0}}, "step": 25}
Step:25	{"metric": {"zhongtest": {"acc": 1.0}}, "step": 25}
Step:25	{"metric": {"zhongtest": {"UAR": 1.0}}, "step": 25}
Step:25	{"metric": {"zhongtest": {"Macro_F1": 1.0}}, "step": 25}
Step:25	{"metric": {"zhongtest": {"wa": 1.0}}, "step": 25}
Step:26	{"metric": {"zhongTraining": {"acc": 1.0}}, "step": 26}
Step:26	{"metric": {"zhongtest": {"acc": 1.0}}, "step": 26}
Step:26	{"metric": {"zhongtest": {"UAR": 1.0}}, "step": 26}
Step:26	{"metric": {"zhongtest": {"Macro_F1": 1.0}}, "step": 26}
Step:26	{"metric": {"zhongtest": {"wa": 1.0}}, "step": 26}
Step:27	{"metric": {"zhongTraining": {"acc": 1.0}}, "step": 27}
Step:27	{"metric": {"zhongtest": {"acc": 1.0}}, "step": 27}
Step:27	{"metric": {"zhongtest": {"UAR": 1.0}}, "step": 27}
Step:27	{"metric": {"zhongtest": {"Macro_F1": 1.0}}, "step": 27}
Step:27	{"metric": {"zhongtest": {"wa": 1.0}}, "step": 27}
Step:28	{"metric": {"zhongTraining": {"acc": 1.0}}, "step": 28}
Step:28	{"metric": {"zhongtest": {"acc": 1.0}}, "step": 28}
Step:28	{"metric": {"zhongtest": {"UAR": 1.0}}, "step": 28}
Step:28	{"metric": {"zhongtest": {"Macro_F1": 1.0}}, "step": 28}
Step:28	{"metric": {"zhongtest": {"wa": 1.0}}, "step": 28}
Step:29	{"metric": {"zhongTraining": {"acc": 1.0}}, "step": 29}
Step:29	{"metric": {"zhongtest": {"acc": 1.0}}, "step": 29}
Step:29	{"metric": {"zhongtest": {"UAR": 1.0}}, "step": 29}
Step:29	{"metric": {"zhongtest": {"Macro_F1": 1.0}}, "step": 29}
Step:29	{"metric": {"zhongtest": {"wa": 1.0}}, "step": 29}
Step:30	{"metric": {"zhongTraining": {"acc": 1.0}}, "step": 30}
Step:30	{"metric": {"zhongtest": {"acc": 1.0}}, "step": 30}
Step:30	{"metric": {"zhongtest": {"UAR": 1.0}}, "step": 30}
Step:30	{"metric": {"zhongtest": {"Macro_F1": 1.0}}, "step": 30}
Step:30	{"metric": {"zhongtest": {"wa": 1.0}}, "step": 30}
Step:31	{"metric": {"zhongTraining": {"acc": 1.0}}, "step": 31}
Step:31	{"metric": {"zhongtest": {"acc": 1.0}}, "step": 31}
Step:31	{"metric": {"zhongtest": {"UAR": 1.0}}, "step": 31}
Step:31	{"metric": {"zhongtest": {"Macro_F1": 1.0}}, "step": 31}
Step:31	{"metric": {"zhongtest": {"wa": 1.0}}, "step": 31}
Step:32	{"metric": {"zhongTraining": {"acc": 1.0}}, "step": 32}
Step:32	{"metric": {"zhongtest": {"acc": 1.0}}, "step": 32}
Step:32	{"metric": {"zhongtest": {"UAR": 1.0}}, "step": 32}
Step:32	{"metric": {"zhongtest": {"Macro_F1": 1.0}}, "step": 32}
Step:32	{"metric": {"zhongtest": {"wa": 1.0}}, "step": 32}
Step:33	{"metric": {"zhongTraining": {"acc": 1.0}}, "step": 33}
Step:33	{"metric": {"zhongtest": {"acc": 1.0}}, "step": 33}
Step:33	{"metric": {"zhongtest": {"UAR": 1.0}}, "step": 33}
Step:33	{"metric": {"zhongtest": {"Macro_F1": 1.0}}, "step": 33}
Step:33	{"metric": {"zhongtest": {"wa": 1.0}}, "step": 33}
Step:34	{"metric": {"zhongTraining": {"acc": 1.0}}, "step": 34}
Step:34	{"metric": {"zhongtest": {"acc": 1.0}}, "step": 34}
Step:34	{"metric": {"zhongtest": {"UAR": 1.0}}, "step": 34}
Step:34	{"metric": {"zhongtest": {"Macro_F1": 1.0}}, "step": 34}
Step:34	{"metric": {"zhongtest": {"wa": 1.0}}, "step": 34}
Step:35	{"metric": {"zhongTraining": {"acc": 1.0}}, "step": 35}
Step:35	{"metric": {"zhongtest": {"acc": 1.0}}, "step": 35}
Step:35	{"metric": {"zhongtest": {"UAR": 1.0}}, "step": 35}
Step:35	{"metric": {"zhongtest": {"Macro_F1": 1.0}}, "step": 35}
Step:35	{"metric": {"zhongtest": {"wa": 1.0}}, "step": 35}
Step:36	{"metric": {"zhongTraining": {"acc": 1.0}}, "step": 36}
Step:36	{"metric": {"zhongtest": {"acc": 1.0}}, "step": 36}
Step:36	{"metric": {"zhongtest": {"UAR": 1.0}}, "step": 36}
Step:36	{"metric": {"zhongtest": {"Macro_F1": 1.0}}, "step": 36}
Step:36	{"metric": {"zhongtest": {"wa": 1.0}}, "step": 36}
Step:37	{"metric": {"zhongTraining": {"acc": 1.0}}, "step": 37}
Step:37	{"metric": {"zhongtest": {"acc": 1.0}}, "step": 37}
Step:37	{"metric": {"zhongtest": {"UAR": 1.0}}, "step": 37}
Step:37	{"metric": {"zhongtest": {"Macro_F1": 1.0}}, "step": 37}
Step:37	{"metric": {"zhongtest": {"wa": 1.0}}, "step": 37}
Step:38	{"metric": {"zhongTraining": {"acc": 1.0}}, "step": 38}
Step:38	{"metric": {"zhongtest": {"acc": 1.0}}, "step": 38}
Step:38	{"metric": {"zhongtest": {"UAR": 1.0}}, "step": 38}
Step:38	{"metric": {"zhongtest": {"Macro_F1": 1.0}}, "step": 38}
Step:38	{"metric": {"zhongtest": {"wa": 1.0}}, "step": 38}
Step:39	{"metric": {"zhongTraining": {"acc": 1.0}}, "step": 39}
Step:39	{"metric": {"zhongtest": {"acc": 1.0}}, "step": 39}
Step:39	{"metric": {"zhongtest": {"UAR": 1.0}}, "step": 39}
Step:39	{"metric": {"zhongtest": {"Macro_F1": 1.0}}, "step": 39}
Step:39	{"metric": {"zhongtest": {"wa": 1.0}}, "step": 39}
Step:40	{"metric": {"zhongTraining": {"acc": 1.0}}, "step": 40}
Step:40	{"metric": {"zhongtest": {"acc": 1.0}}, "step": 40}
Step:40	{"metric": {"zhongtest": {"UAR": 1.0}}, "step": 40}
Step:40	{"metric": {"zhongtest": {"Macro_F1": 1.0}}, "step": 40}
Step:40	{"metric": {"zhongtest": {"wa": 1.0}}, "step": 40}
Step:41	{"metric": {"zhongTraining": {"acc": 1.0}}, "step": 41}
Step:41	{"metric": {"zhongtest": {"acc": 1.0}}, "step": 41}
Step:41	{"metric": {"zhongtest": {"UAR": 1.0}}, "step": 41}
Step:41	{"metric": {"zhongtest": {"Macro_F1": 1.0}}, "step": 41}
Step:41	{"metric": {"zhongtest": {"wa": 1.0}}, "step": 41}
Step:42	{"metric": {"zhongTraining": {"acc": 1.0}}, "step": 42}
Step:42	{"metric": {"zhongtest": {"acc": 1.0}}, "step": 42}
Step:42	{"metric": {"zhongtest": {"UAR": 1.0}}, "step": 42}
Step:42	{"metric": {"zhongtest": {"Macro_F1": 1.0}}, "step": 42}
Step:42	{"metric": {"zhongtest": {"wa": 1.0}}, "step": 42}
Step:43	{"metric": {"zhongTraining": {"acc": 1.0}}, "step": 43}
Step:43	{"metric": {"zhongtest": {"acc": 1.0}}, "step": 43}
Step:43	{"metric": {"zhongtest": {"UAR": 1.0}}, "step": 43}
Step:43	{"metric": {"zhongtest": {"Macro_F1": 1.0}}, "step": 43}
Step:43	{"metric": {"zhongtest": {"wa": 1.0}}, "step": 43}
Step:44	{"metric": {"zhongTraining": {"acc": 1.0}}, "step": 44}
Step:44	{"metric": {"zhongtest": {"acc": 1.0}}, "step": 44}
Step:44	{"metric": {"zhongtest": {"UAR": 1.0}}, "step": 44}
Step:44	{"metric": {"zhongtest": {"Macro_F1": 1.0}}, "step": 44}
Step:44	{"metric": {"zhongtest": {"wa": 1.0}}, "step": 44}
Step:45	{"metric": {"zhongTraining": {"acc": 1.0}}, "step": 45}
Step:45	{"metric": {"zhongtest": {"acc": 1.0}}, "step": 45}
Step:45	{"metric": {"zhongtest": {"UAR": 1.0}}, "step": 45}
Step:45	{"metric": {"zhongtest": {"Macro_F1": 1.0}}, "step": 45}
Step:45	{"metric": {"zhongtest": {"wa": 1.0}}, "step": 45}
Step:46	{"metric": {"zhongTraining": {"acc": 1.0}}, "step": 46}
Step:46	{"metric": {"zhongtest": {"acc": 1.0}}, "step": 46}
Step:46	{"metric": {"zhongtest": {"UAR": 1.0}}, "step": 46}
Step:46	{"metric": {"zhongtest": {"Macro_F1": 1.0}}, "step": 46}
Step:46	{"metric": {"zhongtest": {"wa": 1.0}}, "step": 46}
Step:47	{"metric": {"zhongTraining": {"acc": 1.0}}, "step": 47}
Step:47	{"metric": {"zhongtest": {"acc": 1.0}}, "step": 47}
Step:47	{"metric": {"zhongtest": {"UAR": 1.0}}, "step": 47}
Step:47	{"metric": {"zhongtest": {"Macro_F1": 1.0}}, "step": 47}
Step:47	{"metric": {"zhongtest": {"wa": 1.0}}, "step": 47}
Step:48	{"metric": {"zhongTraining": {"acc": 1.0}}, "step": 48}
Step:48	{"metric": {"zhongtest": {"acc": 1.0}}, "step": 48}
Step:48	{"metric": {"zhongtest": {"UAR": 1.0}}, "step": 48}
Step:48	{"metric": {"zhongtest": {"Macro_F1": 1.0}}, "step": 48}
Step:48	{"metric": {"zhongtest": {"wa": 1.0}}, "step": 48}
Step:49	{"metric": {"zhongTraining": {"acc": 1.0}}, "step": 49}
Step:49	{"metric": {"zhongtest": {"acc": 1.0}}, "step": 49}
Step:49	{"metric": {"zhongtest": {"UAR": 1.0}}, "step": 49}
Step:49	{"metric": {"zhongtest": {"Macro_F1": 1.0}}, "step": 49}
Step:49	{"metric": {"zhongtest": {"wa": 1.0}}, "step": 49}
Step:50	{"metric": {"zhongTraining": {"acc": 1.0}}, "step": 50}
Step:50	{"metric": {"zhongtest": {"acc": 1.0}}, "step": 50}
Step:50	{"metric": {"zhongtest": {"UAR": 1.0}}, "step": 50}
Step:50	{"metric": {"zhongtest": {"Macro_F1": 1.0}}, "step": 50}
Step:50	{"metric": {"zhongtest": {"wa": 1.0}}, "step": 50}
Step:51	{"metric": {"zhongTraining": {"acc": 1.0}}, "step": 51}
Step:51	{"metric": {"zhongtest": {"acc": 1.0}}, "step": 51}
Step:51	{"metric": {"zhongtest": {"UAR": 1.0}}, "step": 51}
Step:51	{"metric": {"zhongtest": {"Macro_F1": 1.0}}, "step": 51}
Step:51	{"metric": {"zhongtest": {"wa": 1.0}}, "step": 51}
Step:52	{"metric": {"zhongTraining": {"acc": 1.0}}, "step": 52}
Step:52	{"metric": {"zhongtest": {"acc": 1.0}}, "step": 52}
Step:52	{"metric": {"zhongtest": {"UAR": 1.0}}, "step": 52}
Step:52	{"metric": {"zhongtest": {"Macro_F1": 1.0}}, "step": 52}
Step:52	{"metric": {"zhongtest": {"wa": 1.0}}, "step": 52}
Step:53	{"metric": {"zhongTraining": {"acc": 1.0}}, "step": 53}
Step:53	{"metric": {"zhongtest": {"acc": 1.0}}, "step": 53}
Step:53	{"metric": {"zhongtest": {"UAR": 1.0}}, "step": 53}
Step:53	{"metric": {"zhongtest": {"Macro_F1": 1.0}}, "step": 53}
Step:53	{"metric": {"zhongtest": {"wa": 1.0}}, "step": 53}
Step:54	{"metric": {"zhongTraining": {"acc": 1.0}}, "step": 54}
Step:54	{"metric": {"zhongtest": {"acc": 1.0}}, "step": 54}
Step:54	{"metric": {"zhongtest": {"UAR": 1.0}}, "step": 54}
Step:54	{"metric": {"zhongtest": {"Macro_F1": 1.0}}, "step": 54}
Step:54	{"metric": {"zhongtest": {"wa": 1.0}}, "step": 54}
Step:55	{"metric": {"zhongTraining": {"acc": 1.0}}, "step": 55}
Step:55	{"metric": {"zhongtest": {"acc": 1.0}}, "step": 55}
Step:55	{"metric": {"zhongtest": {"UAR": 1.0}}, "step": 55}
Step:55	{"metric": {"zhongtest": {"Macro_F1": 1.0}}, "step": 55}
Step:55	{"metric": {"zhongtest": {"wa": 1.0}}, "step": 55}
Step:56	{"metric": {"zhongTraining": {"acc": 1.0}}, "step": 56}
Step:56	{"metric": {"zhongtest": {"acc": 1.0}}, "step": 56}
Step:56	{"metric": {"zhongtest": {"UAR": 1.0}}, "step": 56}
Step:56	{"metric": {"zhongtest": {"Macro_F1": 1.0}}, "step": 56}
Step:56	{"metric": {"zhongtest": {"wa": 1.0}}, "step": 56}
Step:57	{"metric": {"zhongTraining": {"acc": 1.0}}, "step": 57}
Step:57	{"metric": {"zhongtest": {"acc": 1.0}}, "step": 57}
Step:57	{"metric": {"zhongtest": {"UAR": 1.0}}, "step": 57}
Step:57	{"metric": {"zhongtest": {"Macro_F1": 1.0}}, "step": 57}
Step:57	{"metric": {"zhongtest": {"wa": 1.0}}, "step": 57}
Step:58	{"metric": {"zhongTraining": {"acc": 1.0}}, "step": 58}
Step:58	{"metric": {"zhongtest": {"acc": 1.0}}, "step": 58}
Step:58	{"metric": {"zhongtest": {"UAR": 1.0}}, "step": 58}
Step:58	{"metric": {"zhongtest": {"Macro_F1": 1.0}}, "step": 58}
Step:58	{"metric": {"zhongtest": {"wa": 1.0}}, "step": 58}
Step:59	{"metric": {"zhongTraining": {"acc": 1.0}}, "step": 59}
Step:59	{"metric": {"zhongtest": {"acc": 1.0}}, "step": 59}
Step:59	{"metric": {"zhongtest": {"UAR": 1.0}}, "step": 59}
Step:59	{"metric": {"zhongtest": {"Macro_F1": 1.0}}, "step": 59}
Step:59	{"metric": {"zhongtest": {"wa": 1.0}}, "step": 59}
Step:60	{"metric": {"zhongTraining": {"acc": 1.0}}, "step": 60}
Step:60	{"metric": {"zhongtest": {"acc": 1.0}}, "step": 60}
Step:60	{"metric": {"zhongtest": {"UAR": 1.0}}, "step": 60}
Step:60	{"metric": {"zhongtest": {"Macro_F1": 1.0}}, "step": 60}
Step:60	{"metric": {"zhongtest": {"wa": 1.0}}, "step": 60}
Step:61	{"metric": {"zhongTraining": {"acc": 1.0}}, "step": 61}
Step:61	{"metric": {"zhongtest": {"acc": 1.0}}, "step": 61}
Step:61	{"metric": {"zhongtest": {"UAR": 1.0}}, "step": 61}
Step:61	{"metric": {"zhongtest": {"Macro_F1": 1.0}}, "step": 61}
Step:61	{"metric": {"zhongtest": {"wa": 1.0}}, "step": 61}
Step:62	{"metric": {"zhongTraining": {"acc": 1.0}}, "step": 62}
Step:62	{"metric": {"zhongtest": {"acc": 1.0}}, "step": 62}
Step:62	{"metric": {"zhongtest": {"UAR": 1.0}}, "step": 62}
Step:62	{"metric": {"zhongtest": {"Macro_F1": 1.0}}, "step": 62}
Step:62	{"metric": {"zhongtest": {"wa": 1.0}}, "step": 62}
Step:63	{"metric": {"zhongTraining": {"acc": 1.0}}, "step": 63}
Step:63	{"metric": {"zhongtest": {"acc": 1.0}}, "step": 63}
Step:63	{"metric": {"zhongtest": {"UAR": 1.0}}, "step": 63}
Step:63	{"metric": {"zhongtest": {"Macro_F1": 1.0}}, "step": 63}
Step:63	{"metric": {"zhongtest": {"wa": 1.0}}, "step": 63}
Step:64	{"metric": {"zhongTraining": {"acc": 1.0}}, "step": 64}
Step:64	{"metric": {"zhongtest": {"acc": 1.0}}, "step": 64}
Step:64	{"metric": {"zhongtest": {"UAR": 1.0}}, "step": 64}
Step:64	{"metric": {"zhongtest": {"Macro_F1": 1.0}}, "step": 64}
Step:64	{"metric": {"zhongtest": {"wa": 1.0}}, "step": 64}
Step:65	{"metric": {"zhongTraining": {"acc": 1.0}}, "step": 65}
Step:65	{"metric": {"zhongtest": {"acc": 1.0}}, "step": 65}
Step:65	{"metric": {"zhongtest": {"UAR": 1.0}}, "step": 65}
Step:65	{"metric": {"zhongtest": {"Macro_F1": 1.0}}, "step": 65}
Step:65	{"metric": {"zhongtest": {"wa": 1.0}}, "step": 65}
Step:66	{"metric": {"zhongTraining": {"acc": 1.0}}, "step": 66}
Step:66	{"metric": {"zhongtest": {"acc": 1.0}}, "step": 66}
Step:66	{"metric": {"zhongtest": {"UAR": 1.0}}, "step": 66}
Step:66	{"metric": {"zhongtest": {"Macro_F1": 1.0}}, "step": 66}
Step:66	{"metric": {"zhongtest": {"wa": 1.0}}, "step": 66}
Step:67	{"metric": {"zhongTraining": {"acc": 1.0}}, "step": 67}
Step:67	{"metric": {"zhongtest": {"acc": 1.0}}, "step": 67}
Step:67	{"metric": {"zhongtest": {"UAR": 1.0}}, "step": 67}
Step:67	{"metric": {"zhongtest": {"Macro_F1": 1.0}}, "step": 67}
Step:67	{"metric": {"zhongtest": {"wa": 1.0}}, "step": 67}
Step:68	{"metric": {"zhongTraining": {"acc": 1.0}}, "step": 68}
Step:68	{"metric": {"zhongtest": {"acc": 1.0}}, "step": 68}
Step:68	{"metric": {"zhongtest": {"UAR": 1.0}}, "step": 68}
Step:68	{"metric": {"zhongtest": {"Macro_F1": 1.0}}, "step": 68}
Step:68	{"metric": {"zhongtest": {"wa": 1.0}}, "step": 68}
Step:69	{"metric": {"zhongTraining": {"acc": 1.0}}, "step": 69}
Step:69	{"metric": {"zhongtest": {"acc": 1.0}}, "step": 69}
Step:69	{"metric": {"zhongtest": {"UAR": 1.0}}, "step": 69}
Step:69	{"metric": {"zhongtest": {"Macro_F1": 1.0}}, "step": 69}
Step:69	{"metric": {"zhongtest": {"wa": 1.0}}, "step": 69}
Step:70	{"metric": {"zhongTraining": {"acc": 1.0}}, "step": 70}
Step:70	{"metric": {"zhongtest": {"acc": 1.0}}, "step": 70}
Step:70	{"metric": {"zhongtest": {"UAR": 1.0}}, "step": 70}
Step:70	{"metric": {"zhongtest": {"Macro_F1": 1.0}}, "step": 70}
Step:70	{"metric": {"zhongtest": {"wa": 1.0}}, "step": 70}
Step:71	{"metric": {"zhongTraining": {"acc": 1.0}}, "step": 71}
Step:71	{"metric": {"zhongtest": {"acc": 1.0}}, "step": 71}
Step:71	{"metric": {"zhongtest": {"UAR": 1.0}}, "step": 71}
Step:71	{"metric": {"zhongtest": {"Macro_F1": 1.0}}, "step": 71}
Step:71	{"metric": {"zhongtest": {"wa": 1.0}}, "step": 71}
Step:72	{"metric": {"zhongTraining": {"acc": 1.0}}, "step": 72}
Step:72	{"metric": {"zhongtest": {"acc": 1.0}}, "step": 72}
Step:72	{"metric": {"zhongtest": {"UAR": 1.0}}, "step": 72}
Step:72	{"metric": {"zhongtest": {"Macro_F1": 1.0}}, "step": 72}
Step:72	{"metric": {"zhongtest": {"wa": 1.0}}, "step": 72}
Step:73	{"metric": {"zhongTraining": {"acc": 1.0}}, "step": 73}
Step:73	{"metric": {"zhongtest": {"acc": 1.0}}, "step": 73}
Step:73	{"metric": {"zhongtest": {"UAR": 1.0}}, "step": 73}
Step:73	{"metric": {"zhongtest": {"Macro_F1": 1.0}}, "step": 73}
Step:73	{"metric": {"zhongtest": {"wa": 1.0}}, "step": 73}
Step:74	{"metric": {"zhongTraining": {"acc": 1.0}}, "step": 74}
Step:74	{"metric": {"zhongtest": {"acc": 1.0}}, "step": 74}
Step:74	{"metric": {"zhongtest": {"UAR": 1.0}}, "step": 74}
Step:74	{"metric": {"zhongtest": {"Macro_F1": 1.0}}, "step": 74}
Step:74	{"metric": {"zhongtest": {"wa": 1.0}}, "step": 74}
Step:75	{"metric": {"zhongTraining": {"acc": 1.0}}, "step": 75}
Step:75	{"metric": {"zhongtest": {"acc": 1.0}}, "step": 75}
Step:75	{"metric": {"zhongtest": {"UAR": 1.0}}, "step": 75}
Step:75	{"metric": {"zhongtest": {"Macro_F1": 1.0}}, "step": 75}
Step:75	{"metric": {"zhongtest": {"wa": 1.0}}, "step": 75}
Step:76	{"metric": {"zhongTraining": {"acc": 1.0}}, "step": 76}
Step:76	{"metric": {"zhongtest": {"acc": 1.0}}, "step": 76}
Step:76	{"metric": {"zhongtest": {"UAR": 1.0}}, "step": 76}
Step:76	{"metric": {"zhongtest": {"Macro_F1": 1.0}}, "step": 76}
Step:76	{"metric": {"zhongtest": {"wa": 1.0}}, "step": 76}
Step:77	{"metric": {"zhongTraining": {"acc": 1.0}}, "step": 77}
Step:77	{"metric": {"zhongtest": {"acc": 1.0}}, "step": 77}
Step:77	{"metric": {"zhongtest": {"UAR": 1.0}}, "step": 77}
Step:77	{"metric": {"zhongtest": {"Macro_F1": 1.0}}, "step": 77}
Step:77	{"metric": {"zhongtest": {"wa": 1.0}}, "step": 77}
Step:78	{"metric": {"zhongTraining": {"acc": 1.0}}, "step": 78}
Step:78	{"metric": {"zhongtest": {"acc": 1.0}}, "step": 78}
Step:78	{"metric": {"zhongtest": {"UAR": 1.0}}, "step": 78}
Step:78	{"metric": {"zhongtest": {"Macro_F1": 1.0}}, "step": 78}
Step:78	{"metric": {"zhongtest": {"wa": 1.0}}, "step": 78}
Step:79	{"metric": {"zhongTraining": {"acc": 1.0}}, "step": 79}
Step:79	{"metric": {"zhongtest": {"acc": 1.0}}, "step": 79}
Step:79	{"metric": {"zhongtest": {"UAR": 1.0}}, "step": 79}
Step:79	{"metric": {"zhongtest": {"Macro_F1": 1.0}}, "step": 79}
Step:79	{"metric": {"zhongtest": {"wa": 1.0}}, "step": 79}
Step:80	{"metric": {"zhongTraining": {"acc": 1.0}}, "step": 80}
Step:80	{"metric": {"zhongtest": {"acc": 1.0}}, "step": 80}
Step:80	{"metric": {"zhongtest": {"UAR": 1.0}}, "step": 80}
Step:80	{"metric": {"zhongtest": {"Macro_F1": 1.0}}, "step": 80}
Step:80	{"metric": {"zhongtest": {"wa": 1.0}}, "step": 80}
Step:81	{"metric": {"zhongTraining": {"acc": 1.0}}, "step": 81}
Step:81	{"metric": {"zhongtest": {"acc": 1.0}}, "step": 81}
Step:81	{"metric": {"zhongtest": {"UAR": 1.0}}, "step": 81}
Step:81	{"metric": {"zhongtest": {"Macro_F1": 1.0}}, "step": 81}
Step:81	{"metric": {"zhongtest": {"wa": 1.0}}, "step": 81}
Step:82	{"metric": {"zhongTraining": {"acc": 1.0}}, "step": 82}
Step:82	{"metric": {"zhongtest": {"acc": 1.0}}, "step": 82}
Step:82	{"metric": {"zhongtest": {"UAR": 1.0}}, "step": 82}
Step:82	{"metric": {"zhongtest": {"Macro_F1": 1.0}}, "step": 82}
Step:82	{"metric": {"zhongtest": {"wa": 1.0}}, "step": 82}
Step:83	{"metric": {"zhongTraining": {"acc": 1.0}}, "step": 83}
Step:83	{"metric": {"zhongtest": {"acc": 1.0}}, "step": 83}
Step:83	{"metric": {"zhongtest": {"UAR": 1.0}}, "step": 83}
Step:83	{"metric": {"zhongtest": {"Macro_F1": 1.0}}, "step": 83}
Step:83	{"metric": {"zhongtest": {"wa": 1.0}}, "step": 83}
Step:84	{"metric": {"zhongTraining": {"acc": 1.0}}, "step": 84}
Step:84	{"metric": {"zhongtest": {"acc": 1.0}}, "step": 84}
Step:84	{"metric": {"zhongtest": {"UAR": 1.0}}, "step": 84}
Step:84	{"metric": {"zhongtest": {"Macro_F1": 1.0}}, "step": 84}
Step:84	{"metric": {"zhongtest": {"wa": 1.0}}, "step": 84}
Step:85	{"metric": {"zhongTraining": {"acc": 1.0}}, "step": 85}
Step:85	{"metric": {"zhongtest": {"acc": 1.0}}, "step": 85}
Step:85	{"metric": {"zhongtest": {"UAR": 1.0}}, "step": 85}
Step:85	{"metric": {"zhongtest": {"Macro_F1": 1.0}}, "step": 85}
Step:85	{"metric": {"zhongtest": {"wa": 1.0}}, "step": 85}
Step:86	{"metric": {"zhongTraining": {"acc": 1.0}}, "step": 86}
Step:86	{"metric": {"zhongtest": {"acc": 1.0}}, "step": 86}
Step:86	{"metric": {"zhongtest": {"UAR": 1.0}}, "step": 86}
Step:86	{"metric": {"zhongtest": {"Macro_F1": 1.0}}, "step": 86}
Step:86	{"metric": {"zhongtest": {"wa": 1.0}}, "step": 86}
Step:87	{"metric": {"zhongTraining": {"acc": 1.0}}, "step": 87}
Step:87	{"metric": {"zhongtest": {"acc": 1.0}}, "step": 87}
Step:87	{"metric": {"zhongtest": {"UAR": 1.0}}, "step": 87}
Step:87	{"metric": {"zhongtest": {"Macro_F1": 1.0}}, "step": 87}
Step:87	{"metric": {"zhongtest": {"wa": 1.0}}, "step": 87}
Step:88	{"metric": {"zhongTraining": {"acc": 1.0}}, "step": 88}
Step:88	{"metric": {"zhongtest": {"acc": 1.0}}, "step": 88}
Step:88	{"metric": {"zhongtest": {"UAR": 1.0}}, "step": 88}
Step:88	{"metric": {"zhongtest": {"Macro_F1": 1.0}}, "step": 88}
Step:88	{"metric": {"zhongtest": {"wa": 1.0}}, "step": 88}
Step:89	{"metric": {"zhongTraining": {"acc": 1.0}}, "step": 89}
Step:89	{"metric": {"zhongtest": {"acc": 1.0}}, "step": 89}
Step:89	{"metric": {"zhongtest": {"UAR": 1.0}}, "step": 89}
Step:89	{"metric": {"zhongtest": {"Macro_F1": 1.0}}, "step": 89}
Step:89	{"metric": {"zhongtest": {"wa": 1.0}}, "step": 89}
Step:90	{"metric": {"zhongTraining": {"acc": 1.0}}, "step": 90}
Step:90	{"metric": {"zhongtest": {"acc": 1.0}}, "step": 90}
Step:90	{"metric": {"zhongtest": {"UAR": 1.0}}, "step": 90}
Step:90	{"metric": {"zhongtest": {"Macro_F1": 1.0}}, "step": 90}
Step:90	{"metric": {"zhongtest": {"wa": 1.0}}, "step": 90}
Step:91	{"metric": {"zhongTraining": {"acc": 1.0}}, "step": 91}
Step:91	{"metric": {"zhongtest": {"acc": 1.0}}, "step": 91}
Step:91	{"metric": {"zhongtest": {"UAR": 1.0}}, "step": 91}
Step:91	{"metric": {"zhongtest": {"Macro_F1": 1.0}}, "step": 91}
Step:91	{"metric": {"zhongtest": {"wa": 1.0}}, "step": 91}
Step:92	{"metric": {"zhongTraining": {"acc": 1.0}}, "step": 92}
Step:92	{"metric": {"zhongtest": {"acc": 1.0}}, "step": 92}
Step:92	{"metric": {"zhongtest": {"UAR": 1.0}}, "step": 92}
Step:92	{"metric": {"zhongtest": {"Macro_F1": 1.0}}, "step": 92}
Step:92	{"metric": {"zhongtest": {"wa": 1.0}}, "step": 92}
Step:93	{"metric": {"zhongTraining": {"acc": 1.0}}, "step": 93}
Step:93	{"metric": {"zhongtest": {"acc": 1.0}}, "step": 93}
Step:93	{"metric": {"zhongtest": {"UAR": 1.0}}, "step": 93}
Step:93	{"metric": {"zhongtest": {"Macro_F1": 1.0}}, "step": 93}
Step:93	{"metric": {"zhongtest": {"wa": 1.0}}, "step": 93}
Step:94	{"metric": {"zhongTraining": {"acc": 1.0}}, "step": 94}
Step:94	{"metric": {"zhongtest": {"acc": 1.0}}, "step": 94}
Step:94	{"metric": {"zhongtest": {"UAR": 1.0}}, "step": 94}
Step:94	{"metric": {"zhongtest": {"Macro_F1": 1.0}}, "step": 94}
Step:94	{"metric": {"zhongtest": {"wa": 1.0}}, "step": 94}
Step:95	{"metric": {"zhongTraining": {"acc": 1.0}}, "step": 95}
Step:95	{"metric": {"zhongtest": {"acc": 1.0}}, "step": 95}
Step:95	{"metric": {"zhongtest": {"UAR": 1.0}}, "step": 95}
Step:95	{"metric": {"zhongtest": {"Macro_F1": 1.0}}, "step": 95}
Step:95	{"metric": {"zhongtest": {"wa": 1.0}}, "step": 95}
Step:96	{"metric": {"zhongTraining": {"acc": 1.0}}, "step": 96}
Step:96	{"metric": {"zhongtest": {"acc": 1.0}}, "step": 96}
Step:96	{"metric": {"zhongtest": {"UAR": 1.0}}, "step": 96}
Step:96	{"metric": {"zhongtest": {"Macro_F1": 1.0}}, "step": 96}
Step:96	{"metric": {"zhongtest": {"wa": 1.0}}, "step": 96}
Step:97	{"metric": {"zhongTraining": {"acc": 1.0}}, "step": 97}
Step:97	{"metric": {"zhongtest": {"acc": 1.0}}, "step": 97}
Step:97	{"metric": {"zhongtest": {"UAR": 1.0}}, "step": 97}
Step:97	{"metric": {"zhongtest": {"Macro_F1": 1.0}}, "step": 97}
Step:97	{"metric": {"zhongtest": {"wa": 1.0}}, "step": 97}
Step:98	{"metric": {"zhongTraining": {"acc": 1.0}}, "step": 98}
Step:98	{"metric": {"zhongtest": {"acc": 1.0}}, "step": 98}
Step:98	{"metric": {"zhongtest": {"UAR": 1.0}}, "step": 98}
Step:98	{"metric": {"zhongtest": {"Macro_F1": 1.0}}, "step": 98}
Step:98	{"metric": {"zhongtest": {"wa": 1.0}}, "step": 98}
Step:99	{"metric": {"zhongTraining": {"acc": 1.0}}, "step": 99}
Step:99	{"metric": {"zhongtest": {"acc": 1.0}}, "step": 99}
Step:99	{"metric": {"zhongtest": {"UAR": 1.0}}, "step": 99}
Step:99	{"metric": {"zhongtest": {"Macro_F1": 1.0}}, "step": 99}
Step:99	{"metric": {"zhongtest": {"wa": 1.0}}, "step": 99}
Step:100	{"metric": {"zhongTraining": {"acc": 1.0}}, "step": 100}
Step:100	{"metric": {"zhongtest": {"acc": 1.0}}, "step": 100}
Step:100	{"metric": {"zhongtest": {"UAR": 1.0}}, "step": 100}
Step:100	{"metric": {"zhongtest": {"Macro_F1": 1.0}}, "step": 100}
Step:100	{"metric": {"zhongtest": {"wa": 1.0}}, "step": 100}
