{"metric": {"full191": 0.2857142857142857}}
{"metric": {"full191UAR": 0.200321}}
{"metric": {"full191f1": 0.190134}}
{"metric": {"full191wa": 0.351524}}
{"metric": {"full191": 0.2857142857142857}}
{"metric": {"full191wa": 0.436258}}
{"metric": {"full191": 0.32653061224489793}}
{"metric": {"full191UAR": 0.289286}}
{"metric": {"full191f1": 0.19547}}
{"metric": {"full191wa": 0.528492}}
{"metric": {"full191": 0.3469387755102041}}
{"metric": {"full191wa": 0.569414}}
{"metric": {"full191wa": 0.710787}}
{"metric": {"full191": 0.3673469387755102}}
{"metric": {"full191f1": 0.218224}}
{"metric": {"full191wa": 0.752319}}
{"metric": {"full191wa": 0.801484}}
{"metric": {"zhong": 0.08163265306122448}}
{"metric": {"zhongUAR": 0.07166}}
{"metric": {"zhongf1": 0.06945}}
{"metric": {"zhongwa": 0.082507}}
{"metric": {"zhong": 0.08163265306122448}}
{"metric": {"zhongwa": 0.092499}}
{"metric": {"zhong": 0.12244897959183673}}
{"metric": {"zhongUAR": 0.072403}}
{"metric": {"zhongf1": 0.080309}}
{"metric": {"zhongwa": 0.170236}}
{"metric": {"zhong": 0.12244897959183673}}
{"metric": {"zhongwa": 0.175192}}
{"metric": {"zhong": 0.22448979591836735}}
{"metric": {"zhongUAR": 0.101852}}
{"metric": {"zhongf1": 0.116512}}
{"metric": {"zhongwa": 0.391307}}
{"metric": {"zhong": 0.2857142857142857}}
{"metric": {"zhongUAR": 0.120408}}
{"metric": {"zhongf1": 0.120764}}
{"metric": {"zhongwa": 0.635993}}
{"metric": {"zhong": 0.2857142857142857}}
{"metric": {"zhongUAR": 0.130952}}
{"metric": {"zhongf1": 0.123333}}
{"metric": {"zhongwa": 0.649404}}
{"metric": {"zhongwa": 0.717201}}
{"metric": {"zhongwa": 0.85277}}
{"metric": {"zhong": 0.2857142857142857}}
{"metric": {"zhongUAR": 0.18323}}
{"metric": {"zhongwa": 0.874636}}
{"metric": {"zhong": 0.2857142857142857}}
{"metric": {"zhong": 0.2857142857142857}}
{"metric": {"zhong": 0.2857142857142857}}
{"metric": {"zhong": 0.2857142857142857}}
{"metric": {"zhong": 0.2857142857142857}}
{"metric": {"zhong": 0.2857142857142857}}
{"metric": {"zhong": 0.2857142857142857}}
{"metric": {"zhongUAR": 0.187075}}
{"metric": {"zhong": 0.32653061224489793}}
{"metric": {"zhongUAR": 0.29305}}
{"metric": {"zhongf1": 0.167217}}
{"metric": {"zhong": 0.32653061224489793}}
{"metric": {"zhong": 0.32653061224489793}}
{"metric": {"zhong": 0.32653061224489793}}
{"metric": {"zhong": 0.32653061224489793}}
{"metric": {"zhong": 0.32653061224489793}}
{"metric": {"zhong": 0.32653061224489793}}
{"metric": {"zhong": 0.3469387755102041}}
{"metric": {"zhongf1": 0.180556}}
{"metric": {"zhong": 0.3673469387755102}}
{"metric": {"zhongf1": 0.207729}}
{"metric": {"zhong": 0.3673469387755102}}
{"metric": {"zhongf1": 0.20998}}
{"metric": {"zhong": 0.3673469387755102}}
{"metric": {"zhongUAR": 0.309724}}
{"metric": {"zhongf1": 0.213435}}
{"metric": {"zhong": 0.3673469387755102}}
{"metric": {"zhong": 0.3877551020408163}}
{"metric": {"zhongf1": 0.235658}}
{"metric": {"zhong": 0.3877551020408163}}
{"metric": {"zhong": 0.3877551020408163}}
{"metric": {"zhong": 0.3877551020408163}}
{"metric": {"zhong": 0.3877551020408163}}
{"metric": {"zhongUAR": 0.314966}}
{"metric": {"zhongf1": 0.235946}}
{"metric": {"zhong": 0.3877551020408163}}
{"metric": {"zhong": 0.3877551020408163}}
{"metric": {"zhong": 0.3877551020408163}}
{"metric": {"zhong": 0.3877551020408163}}
{"metric": {"zhong": 0.3877551020408163}}
{"metric": {"zhong": 0.40816326530612246}}
{"metric": {"zhongf1": 0.252251}}
{"metric": {"zhong": 0.40816326530612246}}
{"metric": {"zhong": 0.40816326530612246}}
{"metric": {"zhong": 0.40816326530612246}}
{"metric": {"zhong": 0.40816326530612246}}
{"metric": {"zhong": 0.40816326530612246}}
{"metric": {"zhong": 0.40816326530612246}}
{"metric": {"zhong": 0.40816326530612246}}
{"metric": {"zhong": 0.40816326530612246}}
{"metric": {"zhong": 0.40816326530612246}}
{"metric": {"zhong": 0.40816326530612246}}
{"metric": {"zhong": 0.40816326530612246}}
{"metric": {"zhong": 0.40816326530612246}}
{"metric": {"zhong": 0.40816326530612246}}
{"metric": {"zhong": 0.40816326530612246}}
{"metric": {"zhong": 0.40816326530612246}}
{"metric": {"zhong": 0.40816326530612246}}
{"metric": {"zhong": 0.40816326530612246}}
{"metric": {"zhong": 0.40816326530612246}}
{"metric": {"zhong": 0.40816326530612246}}
{"metric": {"zhong": 0.40816326530612246}}
{"metric": {"zhong": 0.40816326530612246}}
{"metric": {"zhong": 0.40816326530612246}}
{"metric": {"zhong": 0.40816326530612246}}
{"metric": {"zhong": 0.40816326530612246}}
{"metric": {"zhong": 0.40816326530612246}}
{"metric": {"zhong": 0.40816326530612246}}
{"metric": {"zhong": 0.40816326530612246}}
{"metric": {"zhong": 0.40816326530612246}}
{"metric": {"zhong": 0.40816326530612246}}
{"metric": {"zhong": 0.40816326530612246}}
{"metric": {"zhong": 0.40816326530612246}}
{"metric": {"zhong": 0.40816326530612246}}
{"metric": {"zhongf1": 0.252706}}
{"metric": {"zhong": 0.40816326530612246}}
{"metric": {"zhong": 0.40816326530612246}}
{"metric": {"zhong": 0.40816326530612246}}
{"metric": {"zhong": 0.40816326530612246}}
{"metric": {"zhong": 0.40816326530612246}}
{"metric": {"zhong": 0.40816326530612246}}
{"metric": {"zhong": 0.40816326530612246}}
{"metric": {"zhong": 0.40816326530612246}}
{"metric": {"zhong": 0.40816326530612246}}
{"metric": {"zhong": 0.40816326530612246}}
{"metric": {"zhong": 0.40816326530612246}}
{"metric": {"zhong": 0.40816326530612246}}
{"metric": {"zhong": 0.40816326530612246}}
{"metric": {"zhong": 0.40816326530612246}}
{"metric": {"zhong": 0.40816326530612246}}
{"metric": {"zhong": 0.40816326530612246}}
{"metric": {"zhong": 0.40816326530612246}}
{"metric": {"zhong": 0.40816326530612246}}
{"metric": {"zhong": 0.40816326530612246}}
{"metric": {"zhong": 0.40816326530612246}}
{"metric": {"zhong": 0.40816326530612246}}
{"metric": {"zhong": 0.40816326530612246}}
{"metric": {"zhong": 0.40816326530612246}}
{"metric": {"zhong": 0.40816326530612246}}
{"metric": {"zhong": 0.40816326530612246}}
{"metric": {"zhong": 0.40816326530612246}}
{"metric": {"zhong": 0.40816326530612246}}
