Step:1	{"metric": {"full191Training": {"acc": 0.17142857142857143}}, "step": 1}
Step:1	{"metric": {"full191test": {"acc": 0.2857142857142857}}, "step": 1}
Step:1	{"metric": {"full191test": {"UAR": 0.200321}}, "step": 1}
Step:1	{"metric": {"full191test": {"Macro_F1": 0.190134}}, "step": 1}
Step:1	{"metric": {"full191test": {"wa": 0.351524}}, "step": 1}
Step:2	{"metric": {"full191Training": {"acc": 0.2857142857142857}}, "step": 2}
Step:2	{"metric": {"full191test": {"acc": 0.24489795918367346}}, "step": 2}
Step:2	{"metric": {"full191test": {"UAR": 0.135073}}, "step": 2}
Step:2	{"metric": {"full191test": {"Macro_F1": 0.147222}}, "step": 2}
Step:2	{"metric": {"full191test": {"wa": 0.336973}}, "step": 2}
Step:3	{"metric": {"full191Training": {"acc": 0.11428571428571428}}, "step": 3}
Step:3	{"metric": {"full191test": {"acc": 0.20408163265306123}}, "step": 3}
Step:3	{"metric": {"full191test": {"UAR": 0.125945}}, "step": 3}
Step:3	{"metric": {"full191test": {"Macro_F1": 0.134518}}, "step": 3}
Step:3	{"metric": {"full191test": {"wa": 0.34898}}, "step": 3}
Step:4	{"metric": {"full191Training": {"acc": 0.2}}, "step": 4}
Step:4	{"metric": {"full191test": {"acc": 0.20408163265306123}}, "step": 4}
Step:4	{"metric": {"full191test": {"UAR": 0.102165}}, "step": 4}
Step:4	{"metric": {"full191test": {"Macro_F1": 0.115201}}, "step": 4}
Step:4	{"metric": {"full191test": {"wa": 0.322104}}, "step": 4}
Step:5	{"metric": {"full191Training": {"acc": 0.14285714285714285}}, "step": 5}
Step:5	{"metric": {"full191test": {"acc": 0.12244897959183673}}, "step": 5}
Step:5	{"metric": {"full191test": {"UAR": 0.055329}}, "step": 5}
Step:5	{"metric": {"full191test": {"Macro_F1": 0.067347}}, "step": 5}
Step:5	{"metric": {"full191test": {"wa": 0.230983}}, "step": 5}
Step:6	{"metric": {"full191Training": {"acc": 0.2}}, "step": 6}
Step:6	{"metric": {"full191test": {"acc": 0.22448979591836735}}, "step": 6}
Step:6	{"metric": {"full191test": {"UAR": 0.108516}}, "step": 6}
Step:6	{"metric": {"full191test": {"Macro_F1": 0.120635}}, "step": 6}
Step:6	{"metric": {"full191test": {"wa": 0.289478}}, "step": 6}
Step:7	{"metric": {"full191Training": {"acc": 0.2857142857142857}}, "step": 7}
Step:7	{"metric": {"full191test": {"acc": 0.20408163265306123}}, "step": 7}
Step:7	{"metric": {"full191test": {"UAR": 0.127282}}, "step": 7}
Step:7	{"metric": {"full191test": {"Macro_F1": 0.122449}}, "step": 7}
Step:7	{"metric": {"full191test": {"wa": 0.296104}}, "step": 7}
Step:8	{"metric": {"full191Training": {"acc": 0.14285714285714285}}, "step": 8}
Step:8	{"metric": {"full191test": {"acc": 0.2857142857142857}}, "step": 8}
Step:8	{"metric": {"full191test": {"UAR": 0.150183}}, "step": 8}
Step:8	{"metric": {"full191test": {"Macro_F1": 0.148998}}, "step": 8}
Step:8	{"metric": {"full191test": {"wa": 0.436258}}, "step": 8}
Step:9	{"metric": {"full191Training": {"acc": 0.22857142857142856}}, "step": 9}
Step:9	{"metric": {"full191test": {"acc": 0.14285714285714285}}, "step": 9}
Step:9	{"metric": {"full191test": {"UAR": 0.064458}}, "step": 9}
Step:9	{"metric": {"full191test": {"Macro_F1": 0.075888}}, "step": 9}
Step:9	{"metric": {"full191test": {"wa": 0.203393}}, "step": 9}
Step:10	{"metric": {"full191Training": {"acc": 0.08571428571428572}}, "step": 10}
Step:10	{"metric": {"full191test": {"acc": 0.32653061224489793}}, "step": 10}
Step:10	{"metric": {"full191test": {"UAR": 0.289286}}, "step": 10}
Step:10	{"metric": {"full191test": {"Macro_F1": 0.19547}}, "step": 10}
Step:10	{"metric": {"full191test": {"wa": 0.528492}}, "step": 10}
Step:11	{"metric": {"full191Training": {"acc": 0.2571428571428571}}, "step": 11}
Step:11	{"metric": {"full191test": {"acc": 0.04081632653061224}}, "step": 11}
Step:11	{"metric": {"full191test": {"UAR": 0.014286}}, "step": 11}
Step:11	{"metric": {"full191test": {"Macro_F1": 0.016807}}, "step": 11}
Step:11	{"metric": {"full191test": {"wa": 0.058309}}, "step": 11}
Step:12	{"metric": {"full191Training": {"acc": 0.22857142857142856}}, "step": 12}
Step:12	{"metric": {"full191test": {"acc": 0.20408163265306123}}, "step": 12}
Step:12	{"metric": {"full191test": {"UAR": 0.085037}}, "step": 12}
Step:12	{"metric": {"full191test": {"Macro_F1": 0.099122}}, "step": 12}
Step:12	{"metric": {"full191test": {"wa": 0.316698}}, "step": 12}
Step:13	{"metric": {"full191Training": {"acc": 0.2857142857142857}}, "step": 13}
Step:13	{"metric": {"full191test": {"acc": 0.24489795918367346}}, "step": 13}
Step:13	{"metric": {"full191test": {"UAR": 0.09688}}, "step": 13}
Step:13	{"metric": {"full191test": {"Macro_F1": 0.100059}}, "step": 13}
Step:13	{"metric": {"full191test": {"wa": 0.445004}}, "step": 13}
Step:14	{"metric": {"full191Training": {"acc": 0.2571428571428571}}, "step": 14}
Step:14	{"metric": {"full191test": {"acc": 0.1836734693877551}}, "step": 14}
Step:14	{"metric": {"full191test": {"UAR": 0.086291}}, "step": 14}
Step:14	{"metric": {"full191test": {"Macro_F1": 0.104396}}, "step": 14}
Step:14	{"metric": {"full191test": {"wa": 0.27824}}, "step": 14}
Step:15	{"metric": {"full191Training": {"acc": 0.22857142857142856}}, "step": 15}
Step:15	{"metric": {"full191test": {"acc": 0.3469387755102041}}, "step": 15}
Step:15	{"metric": {"full191test": {"UAR": 0.173169}}, "step": 15}
Step:15	{"metric": {"full191test": {"Macro_F1": 0.186954}}, "step": 15}
Step:15	{"metric": {"full191test": {"wa": 0.569414}}, "step": 15}
Step:16	{"metric": {"full191Training": {"acc": 0.22857142857142856}}, "step": 16}
Step:16	{"metric": {"full191test": {"acc": 0.2653061224489796}}, "step": 16}
Step:16	{"metric": {"full191test": {"UAR": 0.143231}}, "step": 16}
Step:16	{"metric": {"full191test": {"Macro_F1": 0.161981}}, "step": 16}
Step:16	{"metric": {"full191test": {"wa": 0.369017}}, "step": 16}
Step:17	{"metric": {"full191Training": {"acc": 0.2571428571428571}}, "step": 17}
Step:17	{"metric": {"full191test": {"acc": 0.22448979591836735}}, "step": 17}
Step:17	{"metric": {"full191test": {"UAR": 0.131886}}, "step": 17}
Step:17	{"metric": {"full191test": {"Macro_F1": 0.134091}}, "step": 17}
Step:17	{"metric": {"full191test": {"wa": 0.341267}}, "step": 17}
Step:18	{"metric": {"full191Training": {"acc": 0.2571428571428571}}, "step": 18}
Step:18	{"metric": {"full191test": {"acc": 0.22448979591836735}}, "step": 18}
Step:18	{"metric": {"full191test": {"UAR": 0.107488}}, "step": 18}
Step:18	{"metric": {"full191test": {"Macro_F1": 0.109758}}, "step": 18}
Step:18	{"metric": {"full191test": {"wa": 0.330109}}, "step": 18}
Step:19	{"metric": {"full191Training": {"acc": 0.2}}, "step": 19}
Step:19	{"metric": {"full191test": {"acc": 0.14285714285714285}}, "step": 19}
Step:19	{"metric": {"full191test": {"UAR": 0.072677}}, "step": 19}
Step:19	{"metric": {"full191test": {"Macro_F1": 0.077694}}, "step": 19}
Step:19	{"metric": {"full191test": {"wa": 0.211026}}, "step": 19}
Step:20	{"metric": {"full191Training": {"acc": 0.08571428571428572}}, "step": 20}
Step:20	{"metric": {"full191test": {"acc": 0.20408163265306123}}, "step": 20}
Step:20	{"metric": {"full191test": {"UAR": 0.281746}}, "step": 20}
Step:20	{"metric": {"full191test": {"Macro_F1": 0.189463}}, "step": 20}
Step:20	{"metric": {"full191test": {"wa": 0.32278}}, "step": 20}
Step:21	{"metric": {"full191Training": {"acc": 0.3142857142857143}}, "step": 21}
Step:21	{"metric": {"full191test": {"acc": 0.2653061224489796}}, "step": 21}
Step:21	{"metric": {"full191test": {"UAR": 0.142072}}, "step": 21}
Step:21	{"metric": {"full191test": {"Macro_F1": 0.145238}}, "step": 21}
Step:21	{"metric": {"full191test": {"wa": 0.423377}}, "step": 21}
Step:22	{"metric": {"full191Training": {"acc": 0.2857142857142857}}, "step": 22}
Step:22	{"metric": {"full191test": {"acc": 0.1836734693877551}}, "step": 22}
Step:22	{"metric": {"full191test": {"UAR": 0.077237}}, "step": 22}
Step:22	{"metric": {"full191test": {"Macro_F1": 0.088847}}, "step": 22}
Step:22	{"metric": {"full191test": {"wa": 0.337026}}, "step": 22}
Step:23	{"metric": {"full191Training": {"acc": 0.2571428571428571}}, "step": 23}
Step:23	{"metric": {"full191test": {"acc": 0.16326530612244897}}, "step": 23}
Step:23	{"metric": {"full191test": {"UAR": 0.077381}}, "step": 23}
Step:23	{"metric": {"full191test": {"Macro_F1": 0.078606}}, "step": 23}
Step:23	{"metric": {"full191test": {"wa": 0.25656}}, "step": 23}
Step:24	{"metric": {"full191Training": {"acc": 0.22857142857142856}}, "step": 24}
Step:24	{"metric": {"full191test": {"acc": 0.2857142857142857}}, "step": 24}
Step:24	{"metric": {"full191test": {"UAR": 0.158071}}, "step": 24}
Step:24	{"metric": {"full191test": {"Macro_F1": 0.166821}}, "step": 24}
Step:24	{"metric": {"full191test": {"wa": 0.411662}}, "step": 24}
Step:25	{"metric": {"full191Training": {"acc": 0.17142857142857143}}, "step": 25}
Step:25	{"metric": {"full191test": {"acc": 0.30612244897959184}}, "step": 25}
Step:25	{"metric": {"full191test": {"UAR": 0.134632}}, "step": 25}
Step:25	{"metric": {"full191test": {"Macro_F1": 0.154422}}, "step": 25}
Step:25	{"metric": {"full191test": {"wa": 0.48529}}, "step": 25}
Step:26	{"metric": {"full191Training": {"acc": 0.2571428571428571}}, "step": 26}
Step:26	{"metric": {"full191test": {"acc": 0.14285714285714285}}, "step": 26}
Step:26	{"metric": {"full191test": {"UAR": 0.061409}}, "step": 26}
Step:26	{"metric": {"full191test": {"Macro_F1": 0.067204}}, "step": 26}
Step:26	{"metric": {"full191test": {"wa": 0.172807}}, "step": 26}
Step:27	{"metric": {"full191Training": {"acc": 0.2857142857142857}}, "step": 27}
Step:27	{"metric": {"full191test": {"acc": 0.20408163265306123}}, "step": 27}
Step:27	{"metric": {"full191test": {"UAR": 0.081429}}, "step": 27}
Step:27	{"metric": {"full191test": {"Macro_F1": 0.088683}}, "step": 27}
Step:27	{"metric": {"full191test": {"wa": 0.32123}}, "step": 27}
Step:28	{"metric": {"full191Training": {"acc": 0.2571428571428571}}, "step": 28}
Step:28	{"metric": {"full191test": {"acc": 0.1836734693877551}}, "step": 28}
Step:28	{"metric": {"full191test": {"UAR": 0.069555}}, "step": 28}
Step:28	{"metric": {"full191test": {"Macro_F1": 0.083377}}, "step": 28}
Step:28	{"metric": {"full191test": {"wa": 0.308534}}, "step": 28}
Step:29	{"metric": {"full191Training": {"acc": 0.2857142857142857}}, "step": 29}
Step:29	{"metric": {"full191test": {"acc": 0.24489795918367346}}, "step": 29}
Step:29	{"metric": {"full191test": {"UAR": 0.096939}}, "step": 29}
Step:29	{"metric": {"full191test": {"Macro_F1": 0.113684}}, "step": 29}
Step:29	{"metric": {"full191test": {"wa": 0.365757}}, "step": 29}
Step:30	{"metric": {"full191Training": {"acc": 0.3142857142857143}}, "step": 30}
Step:30	{"metric": {"full191test": {"acc": 0.2653061224489796}}, "step": 30}
Step:30	{"metric": {"full191test": {"UAR": 0.098639}}, "step": 30}
Step:30	{"metric": {"full191test": {"Macro_F1": 0.110884}}, "step": 30}
Step:30	{"metric": {"full191test": {"wa": 0.458256}}, "step": 30}
Step:31	{"metric": {"full191Training": {"acc": 0.2857142857142857}}, "step": 31}
Step:31	{"metric": {"full191test": {"acc": 0.14285714285714285}}, "step": 31}
Step:31	{"metric": {"full191test": {"UAR": 0.043478}}, "step": 31}
Step:31	{"metric": {"full191test": {"Macro_F1": 0.054054}}, "step": 31}
Step:31	{"metric": {"full191test": {"wa": 0.234694}}, "step": 31}
Step:32	{"metric": {"full191Training": {"acc": 0.2571428571428571}}, "step": 32}
Step:32	{"metric": {"full191test": {"acc": 0.2653061224489796}}, "step": 32}
Step:32	{"metric": {"full191test": {"UAR": 0.169048}}, "step": 32}
Step:32	{"metric": {"full191test": {"Macro_F1": 0.166947}}, "step": 32}
Step:32	{"metric": {"full191test": {"wa": 0.418765}}, "step": 32}
Step:33	{"metric": {"full191Training": {"acc": 0.22857142857142856}}, "step": 33}
Step:33	{"metric": {"full191test": {"acc": 0.24489795918367346}}, "step": 33}
Step:33	{"metric": {"full191test": {"UAR": 0.08975}}, "step": 33}
Step:33	{"metric": {"full191test": {"Macro_F1": 0.111976}}, "step": 33}
Step:33	{"metric": {"full191test": {"wa": 0.471985}}, "step": 33}
Step:34	{"metric": {"full191Training": {"acc": 0.2571428571428571}}, "step": 34}
Step:34	{"metric": {"full191test": {"acc": 0.20408163265306123}}, "step": 34}
Step:34	{"metric": {"full191test": {"UAR": 0.090886}}, "step": 34}
Step:34	{"metric": {"full191test": {"Macro_F1": 0.097365}}, "step": 34}
Step:34	{"metric": {"full191test": {"wa": 0.34026}}, "step": 34}
Step:35	{"metric": {"full191Training": {"acc": 0.2571428571428571}}, "step": 35}
Step:35	{"metric": {"full191test": {"acc": 0.16326530612244897}}, "step": 35}
Step:35	{"metric": {"full191test": {"UAR": 0.095482}}, "step": 35}
Step:35	{"metric": {"full191test": {"Macro_F1": 0.093155}}, "step": 35}
Step:35	{"metric": {"full191test": {"wa": 0.31516}}, "step": 35}
Step:36	{"metric": {"full191Training": {"acc": 0.17142857142857143}}, "step": 36}
Step:36	{"metric": {"full191test": {"acc": 0.12244897959183673}}, "step": 36}
Step:36	{"metric": {"full191test": {"UAR": 0.059461}}, "step": 36}
Step:36	{"metric": {"full191test": {"Macro_F1": 0.06993}}, "step": 36}
Step:36	{"metric": {"full191test": {"wa": 0.171402}}, "step": 36}
Step:37	{"metric": {"full191Training": {"acc": 0.22857142857142856}}, "step": 37}
Step:37	{"metric": {"full191test": {"acc": 0.1836734693877551}}, "step": 37}
Step:37	{"metric": {"full191test": {"UAR": 0.059307}}, "step": 37}
Step:37	{"metric": {"full191test": {"Macro_F1": 0.081169}}, "step": 37}
Step:37	{"metric": {"full191test": {"wa": 0.395918}}, "step": 37}
Step:38	{"metric": {"full191Training": {"acc": 0.22857142857142856}}, "step": 38}
Step:38	{"metric": {"full191test": {"acc": 0.24489795918367346}}, "step": 38}
Step:38	{"metric": {"full191test": {"UAR": 0.088412}}, "step": 38}
Step:38	{"metric": {"full191test": {"Macro_F1": 0.112987}}, "step": 38}
Step:38	{"metric": {"full191test": {"wa": 0.451312}}, "step": 38}
Step:39	{"metric": {"full191Training": {"acc": 0.3142857142857143}}, "step": 39}
Step:39	{"metric": {"full191test": {"acc": 0.22448979591836735}}, "step": 39}
Step:39	{"metric": {"full191test": {"UAR": 0.105064}}, "step": 39}
Step:39	{"metric": {"full191test": {"Macro_F1": 0.112469}}, "step": 39}
Step:39	{"metric": {"full191test": {"wa": 0.412059}}, "step": 39}
Step:40	{"metric": {"full191Training": {"acc": 0.3142857142857143}}, "step": 40}
Step:40	{"metric": {"full191test": {"acc": 0.2857142857142857}}, "step": 40}
Step:40	{"metric": {"full191test": {"UAR": 0.071995}}, "step": 40}
Step:40	{"metric": {"full191test": {"Macro_F1": 0.098095}}, "step": 40}
Step:40	{"metric": {"full191test": {"wa": 0.710787}}, "step": 40}
Step:41	{"metric": {"full191Training": {"acc": 0.2571428571428571}}, "step": 41}
Step:41	{"metric": {"full191test": {"acc": 0.32653061224489793}}, "step": 41}
Step:41	{"metric": {"full191test": {"UAR": 0.26945}}, "step": 41}
Step:41	{"metric": {"full191test": {"Macro_F1": 0.172619}}, "step": 41}
Step:41	{"metric": {"full191test": {"wa": 0.567824}}, "step": 41}
Step:42	{"metric": {"full191Training": {"acc": 0.22857142857142856}}, "step": 42}
Step:42	{"metric": {"full191test": {"acc": 0.20408163265306123}}, "step": 42}
Step:42	{"metric": {"full191test": {"UAR": 0.09024}}, "step": 42}
Step:42	{"metric": {"full191test": {"Macro_F1": 0.110934}}, "step": 42}
Step:42	{"metric": {"full191test": {"wa": 0.376173}}, "step": 42}
Step:43	{"metric": {"full191Training": {"acc": 0.2857142857142857}}, "step": 43}
Step:43	{"metric": {"full191test": {"acc": 0.2653061224489796}}, "step": 43}
Step:43	{"metric": {"full191test": {"UAR": 0.110078}}, "step": 43}
Step:43	{"metric": {"full191test": {"Macro_F1": 0.137973}}, "step": 43}
Step:43	{"metric": {"full191test": {"wa": 0.516777}}, "step": 43}
Step:44	{"metric": {"full191Training": {"acc": 0.3142857142857143}}, "step": 44}
Step:44	{"metric": {"full191test": {"acc": 0.22448979591836735}}, "step": 44}
Step:44	{"metric": {"full191test": {"UAR": 0.05763}}, "step": 44}
Step:44	{"metric": {"full191test": {"Macro_F1": 0.079969}}, "step": 44}
Step:44	{"metric": {"full191test": {"wa": 0.51137}}, "step": 44}
Step:45	{"metric": {"full191Training": {"acc": 0.2571428571428571}}, "step": 45}
Step:45	{"metric": {"full191test": {"acc": 0.2653061224489796}}, "step": 45}
Step:45	{"metric": {"full191test": {"UAR": 0.097024}}, "step": 45}
Step:45	{"metric": {"full191test": {"Macro_F1": 0.115528}}, "step": 45}
Step:45	{"metric": {"full191test": {"wa": 0.531407}}, "step": 45}
Step:46	{"metric": {"full191Training": {"acc": 0.2571428571428571}}, "step": 46}
Step:46	{"metric": {"full191test": {"acc": 0.24489795918367346}}, "step": 46}
Step:46	{"metric": {"full191test": {"UAR": 0.076389}}, "step": 46}
Step:46	{"metric": {"full191test": {"Macro_F1": 0.090683}}, "step": 46}
Step:46	{"metric": {"full191test": {"wa": 0.499867}}, "step": 46}
Step:47	{"metric": {"full191Training": {"acc": 0.2857142857142857}}, "step": 47}
Step:47	{"metric": {"full191test": {"acc": 0.30612244897959184}}, "step": 47}
Step:47	{"metric": {"full191test": {"UAR": 0.155416}}, "step": 47}
Step:47	{"metric": {"full191test": {"Macro_F1": 0.153741}}, "step": 47}
Step:47	{"metric": {"full191test": {"wa": 0.582189}}, "step": 47}
Step:48	{"metric": {"full191Training": {"acc": 0.2571428571428571}}, "step": 48}
Step:48	{"metric": {"full191test": {"acc": 0.3673469387755102}}, "step": 48}
Step:48	{"metric": {"full191test": {"UAR": 0.229524}}, "step": 48}
Step:48	{"metric": {"full191test": {"Macro_F1": 0.218224}}, "step": 48}
Step:48	{"metric": {"full191test": {"wa": 0.594991}}, "step": 48}
Step:49	{"metric": {"full191Training": {"acc": 0.22857142857142856}}, "step": 49}
Step:49	{"metric": {"full191test": {"acc": 0.2653061224489796}}, "step": 49}
Step:49	{"metric": {"full191test": {"UAR": 0.126531}}, "step": 49}
Step:49	{"metric": {"full191test": {"Macro_F1": 0.146259}}, "step": 49}
Step:49	{"metric": {"full191test": {"wa": 0.441558}}, "step": 49}
Step:50	{"metric": {"full191Training": {"acc": 0.2571428571428571}}, "step": 50}
Step:50	{"metric": {"full191test": {"acc": 0.30612244897959184}}, "step": 50}
Step:50	{"metric": {"full191test": {"UAR": 0.109845}}, "step": 50}
Step:50	{"metric": {"full191test": {"Macro_F1": 0.129762}}, "step": 50}
Step:50	{"metric": {"full191test": {"wa": 0.641346}}, "step": 50}
Step:51	{"metric": {"full191Training": {"acc": 0.34285714285714286}}, "step": 51}
Step:51	{"metric": {"full191test": {"acc": 0.3469387755102041}}, "step": 51}
Step:51	{"metric": {"full191test": {"UAR": 0.137532}}, "step": 51}
Step:51	{"metric": {"full191test": {"Macro_F1": 0.171425}}, "step": 51}
Step:51	{"metric": {"full191test": {"wa": 0.602359}}, "step": 51}
Step:52	{"metric": {"full191Training": {"acc": 0.34285714285714286}}, "step": 52}
Step:52	{"metric": {"full191test": {"acc": 0.22448979591836735}}, "step": 52}
Step:52	{"metric": {"full191test": {"UAR": 0.083033}}, "step": 52}
Step:52	{"metric": {"full191test": {"Macro_F1": 0.092857}}, "step": 52}
Step:52	{"metric": {"full191test": {"wa": 0.46088}}, "step": 52}
Step:53	{"metric": {"full191Training": {"acc": 0.2571428571428571}}, "step": 53}
Step:53	{"metric": {"full191test": {"acc": 0.2653061224489796}}, "step": 53}
Step:53	{"metric": {"full191test": {"UAR": 0.116327}}, "step": 53}
Step:53	{"metric": {"full191test": {"Macro_F1": 0.102235}}, "step": 53}
Step:53	{"metric": {"full191test": {"wa": 0.576067}}, "step": 53}
Step:54	{"metric": {"full191Training": {"acc": 0.2857142857142857}}, "step": 54}
Step:54	{"metric": {"full191test": {"acc": 0.20408163265306123}}, "step": 54}
Step:54	{"metric": {"full191test": {"UAR": 0.071429}}, "step": 54}
Step:54	{"metric": {"full191test": {"Macro_F1": 0.076299}}, "step": 54}
Step:54	{"metric": {"full191test": {"wa": 0.402862}}, "step": 54}
Step:55	{"metric": {"full191Training": {"acc": 0.37142857142857144}}, "step": 55}
Step:55	{"metric": {"full191test": {"acc": 0.2653061224489796}}, "step": 55}
Step:55	{"metric": {"full191test": {"UAR": 0.086565}}, "step": 55}
Step:55	{"metric": {"full191test": {"Macro_F1": 0.102925}}, "step": 55}
Step:55	{"metric": {"full191test": {"wa": 0.605009}}, "step": 55}
Step:56	{"metric": {"full191Training": {"acc": 0.37142857142857144}}, "step": 56}
Step:56	{"metric": {"full191test": {"acc": 0.22448979591836735}}, "step": 56}
Step:56	{"metric": {"full191test": {"UAR": 0.046218}}, "step": 56}
Step:56	{"metric": {"full191test": {"Macro_F1": 0.065476}}, "step": 56}
Step:56	{"metric": {"full191test": {"wa": 0.54519}}, "step": 56}
Step:57	{"metric": {"full191Training": {"acc": 0.2571428571428571}}, "step": 57}
Step:57	{"metric": {"full191test": {"acc": 0.2857142857142857}}, "step": 57}
Step:57	{"metric": {"full191test": {"UAR": 0.118437}}, "step": 57}
Step:57	{"metric": {"full191test": {"Macro_F1": 0.134694}}, "step": 57}
Step:57	{"metric": {"full191test": {"wa": 0.465836}}, "step": 57}
Step:58	{"metric": {"full191Training": {"acc": 0.14285714285714285}}, "step": 58}
Step:58	{"metric": {"full191test": {"acc": 0.24489795918367346}}, "step": 58}
Step:58	{"metric": {"full191test": {"UAR": 0.099702}}, "step": 58}
Step:58	{"metric": {"full191test": {"Macro_F1": 0.108562}}, "step": 58}
Step:58	{"metric": {"full191test": {"wa": 0.525205}}, "step": 58}
Step:59	{"metric": {"full191Training": {"acc": 0.22857142857142856}}, "step": 59}
Step:59	{"metric": {"full191test": {"acc": 0.20408163265306123}}, "step": 59}
Step:59	{"metric": {"full191test": {"UAR": 0.059369}}, "step": 59}
Step:59	{"metric": {"full191test": {"Macro_F1": 0.078521}}, "step": 59}
Step:59	{"metric": {"full191test": {"wa": 0.461516}}, "step": 59}
Step:60	{"metric": {"full191Training": {"acc": 0.2857142857142857}}, "step": 60}
Step:60	{"metric": {"full191test": {"acc": 0.32653061224489793}}, "step": 60}
Step:60	{"metric": {"full191test": {"UAR": 0.14966}}, "step": 60}
Step:60	{"metric": {"full191test": {"Macro_F1": 0.155129}}, "step": 60}
Step:60	{"metric": {"full191test": {"wa": 0.549907}}, "step": 60}
Step:61	{"metric": {"full191Training": {"acc": 0.3142857142857143}}, "step": 61}
Step:61	{"metric": {"full191test": {"acc": 0.2653061224489796}}, "step": 61}
Step:61	{"metric": {"full191test": {"UAR": 0.117187}}, "step": 61}
Step:61	{"metric": {"full191test": {"Macro_F1": 0.129347}}, "step": 61}
Step:61	{"metric": {"full191test": {"wa": 0.445799}}, "step": 61}
Step:62	{"metric": {"full191Training": {"acc": 0.34285714285714286}}, "step": 62}
Step:62	{"metric": {"full191test": {"acc": 0.2653061224489796}}, "step": 62}
Step:62	{"metric": {"full191test": {"UAR": 0.127976}}, "step": 62}
Step:62	{"metric": {"full191test": {"Macro_F1": 0.117014}}, "step": 62}
Step:62	{"metric": {"full191test": {"wa": 0.530294}}, "step": 62}
Step:63	{"metric": {"full191Training": {"acc": 0.3142857142857143}}, "step": 63}
Step:63	{"metric": {"full191test": {"acc": 0.2653061224489796}}, "step": 63}
Step:63	{"metric": {"full191test": {"UAR": 0.099567}}, "step": 63}
Step:63	{"metric": {"full191test": {"Macro_F1": 0.093356}}, "step": 63}
Step:63	{"metric": {"full191test": {"wa": 0.582825}}, "step": 63}
Step:64	{"metric": {"full191Training": {"acc": 0.2857142857142857}}, "step": 64}
Step:64	{"metric": {"full191test": {"acc": 0.22448979591836735}}, "step": 64}
Step:64	{"metric": {"full191test": {"UAR": 0.063988}}, "step": 64}
Step:64	{"metric": {"full191test": {"Macro_F1": 0.089514}}, "step": 64}
Step:64	{"metric": {"full191test": {"wa": 0.517784}}, "step": 64}
Step:65	{"metric": {"full191Training": {"acc": 0.2857142857142857}}, "step": 65}
Step:65	{"metric": {"full191test": {"acc": 0.2857142857142857}}, "step": 65}
Step:65	{"metric": {"full191test": {"UAR": 0.151948}}, "step": 65}
Step:65	{"metric": {"full191test": {"Macro_F1": 0.122552}}, "step": 65}
Step:65	{"metric": {"full191test": {"wa": 0.592367}}, "step": 65}
Step:66	{"metric": {"full191Training": {"acc": 0.2857142857142857}}, "step": 66}
Step:66	{"metric": {"full191test": {"acc": 0.2653061224489796}}, "step": 66}
Step:66	{"metric": {"full191test": {"UAR": 0.102165}}, "step": 66}
Step:66	{"metric": {"full191test": {"Macro_F1": 0.118506}}, "step": 66}
Step:66	{"metric": {"full191test": {"wa": 0.53639}}, "step": 66}
Step:67	{"metric": {"full191Training": {"acc": 0.2571428571428571}}, "step": 67}
Step:67	{"metric": {"full191test": {"acc": 0.24489795918367346}}, "step": 67}
Step:67	{"metric": {"full191test": {"UAR": 0.084975}}, "step": 67}
Step:67	{"metric": {"full191test": {"Macro_F1": 0.103461}}, "step": 67}
Step:67	{"metric": {"full191test": {"wa": 0.470236}}, "step": 67}
Step:68	{"metric": {"full191Training": {"acc": 0.3142857142857143}}, "step": 68}
Step:68	{"metric": {"full191test": {"acc": 0.32653061224489793}}, "step": 68}
Step:68	{"metric": {"full191test": {"UAR": 0.117347}}, "step": 68}
Step:68	{"metric": {"full191test": {"Macro_F1": 0.132945}}, "step": 68}
Step:68	{"metric": {"full191test": {"wa": 0.752319}}, "step": 68}
Step:69	{"metric": {"full191Training": {"acc": 0.37142857142857144}}, "step": 69}
Step:69	{"metric": {"full191test": {"acc": 0.30612244897959184}}, "step": 69}
Step:69	{"metric": {"full191test": {"UAR": 0.094805}}, "step": 69}
Step:69	{"metric": {"full191test": {"Macro_F1": 0.113765}}, "step": 69}
Step:69	{"metric": {"full191test": {"wa": 0.632918}}, "step": 69}
Step:70	{"metric": {"full191Training": {"acc": 0.34285714285714286}}, "step": 70}
Step:70	{"metric": {"full191test": {"acc": 0.2653061224489796}}, "step": 70}
Step:70	{"metric": {"full191test": {"UAR": 0.109299}}, "step": 70}
Step:70	{"metric": {"full191test": {"Macro_F1": 0.106122}}, "step": 70}
Step:70	{"metric": {"full191test": {"wa": 0.555712}}, "step": 70}
Step:71	{"metric": {"full191Training": {"acc": 0.3142857142857143}}, "step": 71}
Step:71	{"metric": {"full191test": {"acc": 0.32653061224489793}}, "step": 71}
Step:71	{"metric": {"full191test": {"UAR": 0.134025}}, "step": 71}
Step:71	{"metric": {"full191test": {"Macro_F1": 0.153875}}, "step": 71}
Step:71	{"metric": {"full191test": {"wa": 0.666287}}, "step": 71}
Step:72	{"metric": {"full191Training": {"acc": 0.34285714285714286}}, "step": 72}
Step:72	{"metric": {"full191test": {"acc": 0.32653061224489793}}, "step": 72}
Step:72	{"metric": {"full191test": {"UAR": 0.269048}}, "step": 72}
Step:72	{"metric": {"full191test": {"Macro_F1": 0.178774}}, "step": 72}
Step:72	{"metric": {"full191test": {"wa": 0.66194}}, "step": 72}
Step:73	{"metric": {"full191Training": {"acc": 0.34285714285714286}}, "step": 73}
Step:73	{"metric": {"full191test": {"acc": 0.2857142857142857}}, "step": 73}
Step:73	{"metric": {"full191test": {"UAR": 0.127731}}, "step": 73}
Step:73	{"metric": {"full191test": {"Macro_F1": 0.133333}}, "step": 73}
Step:73	{"metric": {"full191test": {"wa": 0.595812}}, "step": 73}
Step:74	{"metric": {"full191Training": {"acc": 0.34285714285714286}}, "step": 74}
Step:74	{"metric": {"full191test": {"acc": 0.2857142857142857}}, "step": 74}
Step:74	{"metric": {"full191test": {"UAR": 0.143991}}, "step": 74}
Step:74	{"metric": {"full191test": {"Macro_F1": 0.137221}}, "step": 74}
Step:74	{"metric": {"full191test": {"wa": 0.598516}}, "step": 74}
Step:75	{"metric": {"full191Training": {"acc": 0.2857142857142857}}, "step": 75}
Step:75	{"metric": {"full191test": {"acc": 0.32653061224489793}}, "step": 75}
Step:75	{"metric": {"full191test": {"UAR": 0.117965}}, "step": 75}
Step:75	{"metric": {"full191test": {"Macro_F1": 0.133789}}, "step": 75}
Step:75	{"metric": {"full191test": {"wa": 0.722582}}, "step": 75}
Step:76	{"metric": {"full191Training": {"acc": 0.42857142857142855}}, "step": 76}
Step:76	{"metric": {"full191test": {"acc": 0.3469387755102041}}, "step": 76}
Step:76	{"metric": {"full191test": {"UAR": 0.153571}}, "step": 76}
Step:76	{"metric": {"full191test": {"Macro_F1": 0.18022}}, "step": 76}
Step:76	{"metric": {"full191test": {"wa": 0.629102}}, "step": 76}
Step:77	{"metric": {"full191Training": {"acc": 0.2857142857142857}}, "step": 77}
Step:77	{"metric": {"full191test": {"acc": 0.30612244897959184}}, "step": 77}
Step:77	{"metric": {"full191test": {"UAR": 0.132224}}, "step": 77}
Step:77	{"metric": {"full191test": {"Macro_F1": 0.139752}}, "step": 77}
Step:77	{"metric": {"full191test": {"wa": 0.621468}}, "step": 77}
Step:78	{"metric": {"full191Training": {"acc": 0.42857142857142855}}, "step": 78}
Step:78	{"metric": {"full191test": {"acc": 0.24489795918367346}}, "step": 78}
Step:78	{"metric": {"full191test": {"UAR": 0.081933}}, "step": 78}
Step:78	{"metric": {"full191test": {"Macro_F1": 0.084524}}, "step": 78}
Step:78	{"metric": {"full191test": {"wa": 0.552611}}, "step": 78}
Step:79	{"metric": {"full191Training": {"acc": 0.34285714285714286}}, "step": 79}
Step:79	{"metric": {"full191test": {"acc": 0.22448979591836735}}, "step": 79}
Step:79	{"metric": {"full191test": {"UAR": 0.053922}}, "step": 79}
Step:79	{"metric": {"full191test": {"Macro_F1": 0.076331}}, "step": 79}
Step:79	{"metric": {"full191test": {"wa": 0.544606}}, "step": 79}
Step:80	{"metric": {"full191Training": {"acc": 0.3142857142857143}}, "step": 80}
Step:80	{"metric": {"full191test": {"acc": 0.2857142857142857}}, "step": 80}
Step:80	{"metric": {"full191test": {"UAR": 0.071995}}, "step": 80}
Step:80	{"metric": {"full191test": {"Macro_F1": 0.098095}}, "step": 80}
Step:80	{"metric": {"full191test": {"wa": 0.710787}}, "step": 80}
Step:81	{"metric": {"full191Training": {"acc": 0.34285714285714286}}, "step": 81}
Step:81	{"metric": {"full191test": {"acc": 0.32653061224489793}}, "step": 81}
Step:81	{"metric": {"full191test": {"UAR": 0.132313}}, "step": 81}
Step:81	{"metric": {"full191test": {"Macro_F1": 0.155782}}, "step": 81}
Step:81	{"metric": {"full191test": {"wa": 0.580705}}, "step": 81}
Step:82	{"metric": {"full191Training": {"acc": 0.3142857142857143}}, "step": 82}
Step:82	{"metric": {"full191test": {"acc": 0.30612244897959184}}, "step": 82}
Step:82	{"metric": {"full191test": {"UAR": 0.098901}}, "step": 82}
Step:82	{"metric": {"full191test": {"Macro_F1": 0.09588}}, "step": 82}
Step:82	{"metric": {"full191test": {"wa": 0.801484}}, "step": 82}
Step:83	{"metric": {"full191Training": {"acc": 0.3142857142857143}}, "step": 83}
Step:83	{"metric": {"full191test": {"acc": 0.2857142857142857}}, "step": 83}
Step:83	{"metric": {"full191test": {"UAR": 0.123649}}, "step": 83}
Step:83	{"metric": {"full191test": {"Macro_F1": 0.123016}}, "step": 83}
Step:83	{"metric": {"full191test": {"wa": 0.547575}}, "step": 83}
Step:84	{"metric": {"full191Training": {"acc": 0.2}}, "step": 84}
Step:84	{"metric": {"full191test": {"acc": 0.24489795918367346}}, "step": 84}
Step:84	{"metric": {"full191test": {"UAR": 0.05434}}, "step": 84}
Step:84	{"metric": {"full191test": {"Macro_F1": 0.078297}}, "step": 84}
Step:84	{"metric": {"full191test": {"wa": 0.654227}}, "step": 84}
Step:85	{"metric": {"full191Training": {"acc": 0.2857142857142857}}, "step": 85}
Step:85	{"metric": {"full191test": {"acc": 0.16326530612244897}}, "step": 85}
Step:85	{"metric": {"full191test": {"UAR": 0.053571}}, "step": 85}
Step:85	{"metric": {"full191test": {"Macro_F1": 0.062657}}, "step": 85}
Step:85	{"metric": {"full191test": {"wa": 0.300557}}, "step": 85}
Step:86	{"metric": {"full191Training": {"acc": 0.34285714285714286}}, "step": 86}
Step:86	{"metric": {"full191test": {"acc": 0.2857142857142857}}, "step": 86}
Step:86	{"metric": {"full191test": {"UAR": 0.12381}}, "step": 86}
Step:86	{"metric": {"full191test": {"Macro_F1": 0.121849}}, "step": 86}
Step:86	{"metric": {"full191test": {"wa": 0.514445}}, "step": 86}
Step:87	{"metric": {"full191Training": {"acc": 0.34285714285714286}}, "step": 87}
Step:87	{"metric": {"full191test": {"acc": 0.24489795918367346}}, "step": 87}
Step:87	{"metric": {"full191test": {"UAR": 0.231633}}, "step": 87}
Step:87	{"metric": {"full191test": {"Macro_F1": 0.128241}}, "step": 87}
Step:87	{"metric": {"full191test": {"wa": 0.461065}}, "step": 87}
Step:88	{"metric": {"full191Training": {"acc": 0.4}}, "step": 88}
Step:88	{"metric": {"full191test": {"acc": 0.2857142857142857}}, "step": 88}
Step:88	{"metric": {"full191test": {"UAR": 0.111111}}, "step": 88}
Step:88	{"metric": {"full191test": {"Macro_F1": 0.109388}}, "step": 88}
Step:88	{"metric": {"full191test": {"wa": 0.672038}}, "step": 88}
Step:89	{"metric": {"full191Training": {"acc": 0.2857142857142857}}, "step": 89}
Step:89	{"metric": {"full191test": {"acc": 0.32653061224489793}}, "step": 89}
Step:89	{"metric": {"full191test": {"UAR": 0.111765}}, "step": 89}
Step:89	{"metric": {"full191test": {"Macro_F1": 0.133333}}, "step": 89}
Step:89	{"metric": {"full191test": {"wa": 0.735224}}, "step": 89}
Step:90	{"metric": {"full191Training": {"acc": 0.37142857142857144}}, "step": 90}
Step:90	{"metric": {"full191test": {"acc": 0.32653061224489793}}, "step": 90}
Step:90	{"metric": {"full191test": {"UAR": 0.257653}}, "step": 90}
Step:90	{"metric": {"full191test": {"Macro_F1": 0.157867}}, "step": 90}
Step:90	{"metric": {"full191test": {"wa": 0.601643}}, "step": 90}
Step:91	{"metric": {"full191Training": {"acc": 0.2571428571428571}}, "step": 91}
Step:91	{"metric": {"full191test": {"acc": 0.2653061224489796}}, "step": 91}
Step:91	{"metric": {"full191test": {"UAR": 0.124675}}, "step": 91}
Step:91	{"metric": {"full191test": {"Macro_F1": 0.124179}}, "step": 91}
Step:91	{"metric": {"full191test": {"wa": 0.507156}}, "step": 91}
Step:92	{"metric": {"full191Training": {"acc": 0.34285714285714286}}, "step": 92}
Step:92	{"metric": {"full191test": {"acc": 0.32653061224489793}}, "step": 92}
Step:92	{"metric": {"full191test": {"UAR": 0.163946}}, "step": 92}
Step:92	{"metric": {"full191test": {"Macro_F1": 0.16346}}, "step": 92}
Step:92	{"metric": {"full191test": {"wa": 0.686271}}, "step": 92}
Step:93	{"metric": {"full191Training": {"acc": 0.34285714285714286}}, "step": 93}
Step:93	{"metric": {"full191test": {"acc": 0.2653061224489796}}, "step": 93}
Step:93	{"metric": {"full191test": {"UAR": 0.083333}}, "step": 93}
Step:93	{"metric": {"full191test": {"Macro_F1": 0.087619}}, "step": 93}
Step:93	{"metric": {"full191test": {"wa": 0.637159}}, "step": 93}
Step:94	{"metric": {"full191Training": {"acc": 0.42857142857142855}}, "step": 94}
Step:94	{"metric": {"full191test": {"acc": 0.2857142857142857}}, "step": 94}
Step:94	{"metric": {"full191test": {"UAR": 0.102551}}, "step": 94}
Step:94	{"metric": {"full191test": {"Macro_F1": 0.110996}}, "step": 94}
Step:94	{"metric": {"full191test": {"wa": 0.652319}}, "step": 94}
Step:95	{"metric": {"full191Training": {"acc": 0.3142857142857143}}, "step": 95}
Step:95	{"metric": {"full191test": {"acc": 0.30612244897959184}}, "step": 95}
Step:95	{"metric": {"full191test": {"UAR": 0.216327}}, "step": 95}
Step:95	{"metric": {"full191test": {"Macro_F1": 0.127389}}, "step": 95}
Step:95	{"metric": {"full191test": {"wa": 0.679168}}, "step": 95}
Step:96	{"metric": {"full191Training": {"acc": 0.3142857142857143}}, "step": 96}
Step:96	{"metric": {"full191test": {"acc": 0.24489795918367346}}, "step": 96}
Step:96	{"metric": {"full191test": {"UAR": 0.097959}}, "step": 96}
Step:96	{"metric": {"full191test": {"Macro_F1": 0.119666}}, "step": 96}
Step:96	{"metric": {"full191test": {"wa": 0.469282}}, "step": 96}
Step:97	{"metric": {"full191Training": {"acc": 0.34285714285714286}}, "step": 97}
Step:97	{"metric": {"full191test": {"acc": 0.30612244897959184}}, "step": 97}
Step:97	{"metric": {"full191test": {"UAR": 0.12398}}, "step": 97}
Step:97	{"metric": {"full191test": {"Macro_F1": 0.127663}}, "step": 97}
Step:97	{"metric": {"full191test": {"wa": 0.663451}}, "step": 97}
Step:98	{"metric": {"full191Training": {"acc": 0.2571428571428571}}, "step": 98}
Step:98	{"metric": {"full191test": {"acc": 0.2653061224489796}}, "step": 98}
Step:98	{"metric": {"full191test": {"UAR": 0.198052}}, "step": 98}
Step:98	{"metric": {"full191test": {"Macro_F1": 0.141089}}, "step": 98}
Step:98	{"metric": {"full191test": {"wa": 0.541691}}, "step": 98}
Step:99	{"metric": {"full191Training": {"acc": 0.2857142857142857}}, "step": 99}
Step:99	{"metric": {"full191test": {"acc": 0.24489795918367346}}, "step": 99}
Step:99	{"metric": {"full191test": {"UAR": 0.092017}}, "step": 99}
Step:99	{"metric": {"full191test": {"Macro_F1": 0.097619}}, "step": 99}
Step:99	{"metric": {"full191test": {"wa": 0.543864}}, "step": 99}
Step:100	{"metric": {"full191Training": {"acc": 0.4}}, "step": 100}
Step:100	{"metric": {"full191test": {"acc": 0.2653061224489796}}, "step": 100}
Step:100	{"metric": {"full191test": {"UAR": 0.073593}}, "step": 100}
Step:100	{"metric": {"full191test": {"Macro_F1": 0.102584}}, "step": 100}
Step:100	{"metric": {"full191test": {"wa": 0.61895}}, "step": 100}
Step:1	{"metric": {"zhongTraining": {"acc": 0.11428571428571428}}, "step": 1}
Step:1	{"metric": {"zhongtest": {"acc": 0.08163265306122448}}, "step": 1}
Step:1	{"metric": {"zhongtest": {"UAR": 0.07166}}, "step": 1}
Step:1	{"metric": {"zhongtest": {"Macro_F1": 0.06945}}, "step": 1}
Step:1	{"metric": {"zhongtest": {"wa": 0.082507}}, "step": 1}
Step:2	{"metric": {"zhongTraining": {"acc": 0.14285714285714285}}, "step": 2}
Step:2	{"metric": {"zhongtest": {"acc": 0.08163265306122448}}, "step": 2}
Step:2	{"metric": {"zhongtest": {"UAR": 0.053968}}, "step": 2}
Step:2	{"metric": {"zhongtest": {"Macro_F1": 0.055311}}, "step": 2}
Step:2	{"metric": {"zhongtest": {"wa": 0.092499}}, "step": 2}
Step:3	{"metric": {"zhongTraining": {"acc": 0.2}}, "step": 3}
Step:3	{"metric": {"zhongtest": {"acc": 0.12244897959183673}}, "step": 3}
Step:3	{"metric": {"zhongtest": {"UAR": 0.072403}}, "step": 3}
Step:3	{"metric": {"zhongtest": {"Macro_F1": 0.080309}}, "step": 3}
Step:3	{"metric": {"zhongtest": {"wa": 0.170236}}, "step": 3}
Step:4	{"metric": {"zhongTraining": {"acc": 0.3142857142857143}}, "step": 4}
Step:4	{"metric": {"zhongtest": {"acc": 0.12244897959183673}}, "step": 4}
Step:4	{"metric": {"zhongtest": {"UAR": 0.070238}}, "step": 4}
Step:4	{"metric": {"zhongtest": {"Macro_F1": 0.079919}}, "step": 4}
Step:4	{"metric": {"zhongtest": {"wa": 0.175192}}, "step": 4}
Step:5	{"metric": {"zhongTraining": {"acc": 0.45714285714285713}}, "step": 5}
Step:5	{"metric": {"zhongtest": {"acc": 0.22448979591836735}}, "step": 5}
Step:5	{"metric": {"zhongtest": {"UAR": 0.101852}}, "step": 5}
Step:5	{"metric": {"zhongtest": {"Macro_F1": 0.116512}}, "step": 5}
Step:5	{"metric": {"zhongtest": {"wa": 0.391307}}, "step": 5}
Step:6	{"metric": {"zhongTraining": {"acc": 0.5142857142857142}}, "step": 6}
Step:6	{"metric": {"zhongtest": {"acc": 0.2857142857142857}}, "step": 6}
Step:6	{"metric": {"zhongtest": {"UAR": 0.120408}}, "step": 6}
Step:6	{"metric": {"zhongtest": {"Macro_F1": 0.120764}}, "step": 6}
Step:6	{"metric": {"zhongtest": {"wa": 0.635993}}, "step": 6}
Step:7	{"metric": {"zhongTraining": {"acc": 0.5142857142857142}}, "step": 7}
Step:7	{"metric": {"zhongtest": {"acc": 0.2857142857142857}}, "step": 7}
Step:7	{"metric": {"zhongtest": {"UAR": 0.130952}}, "step": 7}
Step:7	{"metric": {"zhongtest": {"Macro_F1": 0.123333}}, "step": 7}
Step:7	{"metric": {"zhongtest": {"wa": 0.649404}}, "step": 7}
Step:8	{"metric": {"zhongTraining": {"acc": 0.5142857142857142}}, "step": 8}
Step:8	{"metric": {"zhongtest": {"acc": 0.24489795918367346}}, "step": 8}
Step:8	{"metric": {"zhongtest": {"UAR": 0.041812}}, "step": 8}
Step:8	{"metric": {"zhongtest": {"Macro_F1": 0.062338}}, "step": 8}
Step:8	{"metric": {"zhongtest": {"wa": 0.717201}}, "step": 8}
Step:9	{"metric": {"zhongTraining": {"acc": 0.5142857142857142}}, "step": 9}
Step:9	{"metric": {"zhongtest": {"acc": 0.2653061224489796}}, "step": 9}
Step:9	{"metric": {"zhongtest": {"UAR": 0.04127}}, "step": 9}
Step:9	{"metric": {"zhongtest": {"Macro_F1": 0.062954}}, "step": 9}
Step:9	{"metric": {"zhongtest": {"wa": 0.85277}}, "step": 9}
Step:10	{"metric": {"zhongTraining": {"acc": 0.5142857142857142}}, "step": 10}
Step:10	{"metric": {"zhongtest": {"acc": 0.2653061224489796}}, "step": 10}
Step:10	{"metric": {"zhongtest": {"UAR": 0.04127}}, "step": 10}
Step:10	{"metric": {"zhongtest": {"Macro_F1": 0.062954}}, "step": 10}
Step:10	{"metric": {"zhongtest": {"wa": 0.85277}}, "step": 10}
Step:11	{"metric": {"zhongTraining": {"acc": 0.5142857142857142}}, "step": 11}
Step:11	{"metric": {"zhongtest": {"acc": 0.2857142857142857}}, "step": 11}
Step:11	{"metric": {"zhongtest": {"UAR": 0.18323}}, "step": 11}
Step:11	{"metric": {"zhongtest": {"Macro_F1": 0.097619}}, "step": 11}
Step:11	{"metric": {"zhongtest": {"wa": 0.874636}}, "step": 11}
Step:12	{"metric": {"zhongTraining": {"acc": 0.5142857142857142}}, "step": 12}
Step:12	{"metric": {"zhongtest": {"acc": 0.2857142857142857}}, "step": 12}
Step:12	{"metric": {"zhongtest": {"UAR": 0.18323}}, "step": 12}
Step:12	{"metric": {"zhongtest": {"Macro_F1": 0.097619}}, "step": 12}
Step:12	{"metric": {"zhongtest": {"wa": 0.874636}}, "step": 12}
Step:13	{"metric": {"zhongTraining": {"acc": 0.5714285714285714}}, "step": 13}
Step:13	{"metric": {"zhongtest": {"acc": 0.2857142857142857}}, "step": 13}
Step:13	{"metric": {"zhongtest": {"UAR": 0.18323}}, "step": 13}
Step:13	{"metric": {"zhongtest": {"Macro_F1": 0.097619}}, "step": 13}
Step:13	{"metric": {"zhongtest": {"wa": 0.874636}}, "step": 13}
Step:14	{"metric": {"zhongTraining": {"acc": 0.6285714285714286}}, "step": 14}
Step:14	{"metric": {"zhongtest": {"acc": 0.2857142857142857}}, "step": 14}
Step:14	{"metric": {"zhongtest": {"UAR": 0.18323}}, "step": 14}
Step:14	{"metric": {"zhongtest": {"Macro_F1": 0.097619}}, "step": 14}
Step:14	{"metric": {"zhongtest": {"wa": 0.874636}}, "step": 14}
Step:15	{"metric": {"zhongTraining": {"acc": 0.6571428571428571}}, "step": 15}
Step:15	{"metric": {"zhongtest": {"acc": 0.2857142857142857}}, "step": 15}
Step:15	{"metric": {"zhongtest": {"UAR": 0.18323}}, "step": 15}
Step:15	{"metric": {"zhongtest": {"Macro_F1": 0.097619}}, "step": 15}
Step:15	{"metric": {"zhongtest": {"wa": 0.874636}}, "step": 15}
Step:16	{"metric": {"zhongTraining": {"acc": 0.7142857142857143}}, "step": 16}
Step:16	{"metric": {"zhongtest": {"acc": 0.2857142857142857}}, "step": 16}
Step:16	{"metric": {"zhongtest": {"UAR": 0.18323}}, "step": 16}
Step:16	{"metric": {"zhongtest": {"Macro_F1": 0.097619}}, "step": 16}
Step:16	{"metric": {"zhongtest": {"wa": 0.874636}}, "step": 16}
Step:17	{"metric": {"zhongTraining": {"acc": 0.8}}, "step": 17}
Step:17	{"metric": {"zhongtest": {"acc": 0.2857142857142857}}, "step": 17}
Step:17	{"metric": {"zhongtest": {"UAR": 0.18323}}, "step": 17}
Step:17	{"metric": {"zhongtest": {"Macro_F1": 0.097619}}, "step": 17}
Step:17	{"metric": {"zhongtest": {"wa": 0.874636}}, "step": 17}
Step:18	{"metric": {"zhongTraining": {"acc": 0.8571428571428571}}, "step": 18}
Step:18	{"metric": {"zhongtest": {"acc": 0.2857142857142857}}, "step": 18}
Step:18	{"metric": {"zhongtest": {"UAR": 0.187075}}, "step": 18}
Step:18	{"metric": {"zhongtest": {"Macro_F1": 0.102041}}, "step": 18}
Step:18	{"metric": {"zhongtest": {"wa": 0.798834}}, "step": 18}
Step:19	{"metric": {"zhongTraining": {"acc": 0.8857142857142857}}, "step": 19}
Step:19	{"metric": {"zhongtest": {"acc": 0.32653061224489793}}, "step": 19}
Step:19	{"metric": {"zhongtest": {"UAR": 0.29305}}, "step": 19}
Step:19	{"metric": {"zhongtest": {"Macro_F1": 0.167217}}, "step": 19}
Step:19	{"metric": {"zhongtest": {"wa": 0.721521}}, "step": 19}
Step:20	{"metric": {"zhongTraining": {"acc": 0.9142857142857143}}, "step": 20}
Step:20	{"metric": {"zhongtest": {"acc": 0.32653061224489793}}, "step": 20}
Step:20	{"metric": {"zhongtest": {"UAR": 0.270635}}, "step": 20}
Step:20	{"metric": {"zhongtest": {"Macro_F1": 0.163571}}, "step": 20}
Step:20	{"metric": {"zhongtest": {"wa": 0.706653}}, "step": 20}
Step:21	{"metric": {"zhongTraining": {"acc": 0.9714285714285714}}, "step": 21}
Step:21	{"metric": {"zhongtest": {"acc": 0.32653061224489793}}, "step": 21}
Step:21	{"metric": {"zhongtest": {"UAR": 0.270635}}, "step": 21}
Step:21	{"metric": {"zhongtest": {"Macro_F1": 0.163571}}, "step": 21}
Step:21	{"metric": {"zhongtest": {"wa": 0.706653}}, "step": 21}
Step:22	{"metric": {"zhongTraining": {"acc": 0.9714285714285714}}, "step": 22}
Step:22	{"metric": {"zhongtest": {"acc": 0.32653061224489793}}, "step": 22}
Step:22	{"metric": {"zhongtest": {"UAR": 0.270635}}, "step": 22}
Step:22	{"metric": {"zhongtest": {"Macro_F1": 0.163571}}, "step": 22}
Step:22	{"metric": {"zhongtest": {"wa": 0.706653}}, "step": 22}
Step:23	{"metric": {"zhongTraining": {"acc": 0.9714285714285714}}, "step": 23}
Step:23	{"metric": {"zhongtest": {"acc": 0.32653061224489793}}, "step": 23}
Step:23	{"metric": {"zhongtest": {"UAR": 0.270635}}, "step": 23}
Step:23	{"metric": {"zhongtest": {"Macro_F1": 0.163571}}, "step": 23}
Step:23	{"metric": {"zhongtest": {"wa": 0.706653}}, "step": 23}
Step:24	{"metric": {"zhongTraining": {"acc": 0.9714285714285714}}, "step": 24}
Step:24	{"metric": {"zhongtest": {"acc": 0.32653061224489793}}, "step": 24}
Step:24	{"metric": {"zhongtest": {"UAR": 0.270635}}, "step": 24}
Step:24	{"metric": {"zhongtest": {"Macro_F1": 0.163571}}, "step": 24}
Step:24	{"metric": {"zhongtest": {"wa": 0.706653}}, "step": 24}
Step:25	{"metric": {"zhongTraining": {"acc": 0.9714285714285714}}, "step": 25}
Step:25	{"metric": {"zhongtest": {"acc": 0.32653061224489793}}, "step": 25}
Step:25	{"metric": {"zhongtest": {"UAR": 0.267347}}, "step": 25}
Step:25	{"metric": {"zhongtest": {"Macro_F1": 0.164037}}, "step": 25}
Step:25	{"metric": {"zhongtest": {"wa": 0.689557}}, "step": 25}
Step:26	{"metric": {"zhongTraining": {"acc": 0.9714285714285714}}, "step": 26}
Step:26	{"metric": {"zhongtest": {"acc": 0.3469387755102041}}, "step": 26}
Step:26	{"metric": {"zhongtest": {"UAR": 0.285914}}, "step": 26}
Step:26	{"metric": {"zhongtest": {"Macro_F1": 0.180556}}, "step": 26}
Step:26	{"metric": {"zhongtest": {"wa": 0.685449}}, "step": 26}
Step:27	{"metric": {"zhongTraining": {"acc": 1.0}}, "step": 27}
Step:27	{"metric": {"zhongtest": {"acc": 0.3673469387755102}}, "step": 27}
Step:27	{"metric": {"zhongtest": {"UAR": 0.277423}}, "step": 27}
Step:27	{"metric": {"zhongtest": {"Macro_F1": 0.207729}}, "step": 27}
Step:27	{"metric": {"zhongtest": {"wa": 0.660376}}, "step": 27}
Step:28	{"metric": {"zhongTraining": {"acc": 1.0}}, "step": 28}
Step:28	{"metric": {"zhongtest": {"acc": 0.3673469387755102}}, "step": 28}
Step:28	{"metric": {"zhongtest": {"UAR": 0.28757}}, "step": 28}
Step:28	{"metric": {"zhongtest": {"Macro_F1": 0.20998}}, "step": 28}
Step:28	{"metric": {"zhongtest": {"wa": 0.675245}}, "step": 28}
Step:29	{"metric": {"zhongTraining": {"acc": 1.0}}, "step": 29}
Step:29	{"metric": {"zhongtest": {"acc": 0.3673469387755102}}, "step": 29}
Step:29	{"metric": {"zhongtest": {"UAR": 0.309724}}, "step": 29}
Step:29	{"metric": {"zhongtest": {"Macro_F1": 0.213435}}, "step": 29}
Step:29	{"metric": {"zhongtest": {"wa": 0.690114}}, "step": 29}
Step:30	{"metric": {"zhongTraining": {"acc": 1.0}}, "step": 30}
Step:30	{"metric": {"zhongtest": {"acc": 0.3673469387755102}}, "step": 30}
Step:30	{"metric": {"zhongtest": {"UAR": 0.309724}}, "step": 30}
Step:30	{"metric": {"zhongtest": {"Macro_F1": 0.213435}}, "step": 30}
Step:30	{"metric": {"zhongtest": {"wa": 0.690114}}, "step": 30}
Step:31	{"metric": {"zhongTraining": {"acc": 1.0}}, "step": 31}
Step:31	{"metric": {"zhongtest": {"acc": 0.3877551020408163}}, "step": 31}
Step:31	{"metric": {"zhongtest": {"UAR": 0.309724}}, "step": 31}
Step:31	{"metric": {"zhongtest": {"Macro_F1": 0.235658}}, "step": 31}
Step:31	{"metric": {"zhongtest": {"wa": 0.704691}}, "step": 31}
Step:32	{"metric": {"zhongTraining": {"acc": 1.0}}, "step": 32}
Step:32	{"metric": {"zhongtest": {"acc": 0.3877551020408163}}, "step": 32}
Step:32	{"metric": {"zhongtest": {"UAR": 0.309724}}, "step": 32}
Step:32	{"metric": {"zhongtest": {"Macro_F1": 0.235658}}, "step": 32}
Step:32	{"metric": {"zhongtest": {"wa": 0.704691}}, "step": 32}
Step:33	{"metric": {"zhongTraining": {"acc": 1.0}}, "step": 33}
Step:33	{"metric": {"zhongtest": {"acc": 0.3877551020408163}}, "step": 33}
Step:33	{"metric": {"zhongtest": {"UAR": 0.309724}}, "step": 33}
Step:33	{"metric": {"zhongtest": {"Macro_F1": 0.235658}}, "step": 33}
Step:33	{"metric": {"zhongtest": {"wa": 0.704691}}, "step": 33}
Step:34	{"metric": {"zhongTraining": {"acc": 1.0}}, "step": 34}
Step:34	{"metric": {"zhongtest": {"acc": 0.3877551020408163}}, "step": 34}
Step:34	{"metric": {"zhongtest": {"UAR": 0.309724}}, "step": 34}
Step:34	{"metric": {"zhongtest": {"Macro_F1": 0.235658}}, "step": 34}
Step:34	{"metric": {"zhongtest": {"wa": 0.704691}}, "step": 34}
Step:35	{"metric": {"zhongTraining": {"acc": 1.0}}, "step": 35}
Step:35	{"metric": {"zhongtest": {"acc": 0.3877551020408163}}, "step": 35}
Step:35	{"metric": {"zhongtest": {"UAR": 0.314966}}, "step": 35}
Step:35	{"metric": {"zhongtest": {"Macro_F1": 0.235946}}, "step": 35}
Step:35	{"metric": {"zhongtest": {"wa": 0.719931}}, "step": 35}
Step:36	{"metric": {"zhongTraining": {"acc": 1.0}}, "step": 36}
Step:36	{"metric": {"zhongtest": {"acc": 0.3877551020408163}}, "step": 36}
Step:36	{"metric": {"zhongtest": {"UAR": 0.314966}}, "step": 36}
Step:36	{"metric": {"zhongtest": {"Macro_F1": 0.235946}}, "step": 36}
Step:36	{"metric": {"zhongtest": {"wa": 0.719931}}, "step": 36}
Step:37	{"metric": {"zhongTraining": {"acc": 1.0}}, "step": 37}
Step:37	{"metric": {"zhongtest": {"acc": 0.3877551020408163}}, "step": 37}
Step:37	{"metric": {"zhongtest": {"UAR": 0.314966}}, "step": 37}
Step:37	{"metric": {"zhongtest": {"Macro_F1": 0.235946}}, "step": 37}
Step:37	{"metric": {"zhongtest": {"wa": 0.719931}}, "step": 37}
Step:38	{"metric": {"zhongTraining": {"acc": 1.0}}, "step": 38}
Step:38	{"metric": {"zhongtest": {"acc": 0.3877551020408163}}, "step": 38}
Step:38	{"metric": {"zhongtest": {"UAR": 0.314966}}, "step": 38}
Step:38	{"metric": {"zhongtest": {"Macro_F1": 0.235946}}, "step": 38}
Step:38	{"metric": {"zhongtest": {"wa": 0.719931}}, "step": 38}
Step:39	{"metric": {"zhongTraining": {"acc": 1.0}}, "step": 39}
Step:39	{"metric": {"zhongtest": {"acc": 0.3877551020408163}}, "step": 39}
Step:39	{"metric": {"zhongtest": {"UAR": 0.314966}}, "step": 39}
Step:39	{"metric": {"zhongtest": {"Macro_F1": 0.235946}}, "step": 39}
Step:39	{"metric": {"zhongtest": {"wa": 0.719931}}, "step": 39}
Step:40	{"metric": {"zhongTraining": {"acc": 1.0}}, "step": 40}
Step:40	{"metric": {"zhongtest": {"acc": 0.3877551020408163}}, "step": 40}
Step:40	{"metric": {"zhongtest": {"UAR": 0.292717}}, "step": 40}
Step:40	{"metric": {"zhongtest": {"Macro_F1": 0.232423}}, "step": 40}
Step:40	{"metric": {"zhongtest": {"wa": 0.705062}}, "step": 40}
Step:41	{"metric": {"zhongTraining": {"acc": 1.0}}, "step": 41}
Step:41	{"metric": {"zhongtest": {"acc": 0.40816326530612246}}, "step": 41}
Step:41	{"metric": {"zhongtest": {"UAR": 0.294372}}, "step": 41}
Step:41	{"metric": {"zhongtest": {"Macro_F1": 0.252251}}, "step": 41}
Step:41	{"metric": {"zhongtest": {"wa": 0.70652}}, "step": 41}
Step:42	{"metric": {"zhongTraining": {"acc": 1.0}}, "step": 42}
Step:42	{"metric": {"zhongtest": {"acc": 0.40816326530612246}}, "step": 42}
Step:42	{"metric": {"zhongtest": {"UAR": 0.294372}}, "step": 42}
Step:42	{"metric": {"zhongtest": {"Macro_F1": 0.252251}}, "step": 42}
Step:42	{"metric": {"zhongtest": {"wa": 0.70652}}, "step": 42}
Step:43	{"metric": {"zhongTraining": {"acc": 1.0}}, "step": 43}
Step:43	{"metric": {"zhongtest": {"acc": 0.40816326530612246}}, "step": 43}
Step:43	{"metric": {"zhongtest": {"UAR": 0.289328}}, "step": 43}
Step:43	{"metric": {"zhongtest": {"Macro_F1": 0.252102}}, "step": 43}
Step:43	{"metric": {"zhongtest": {"wa": 0.69128}}, "step": 43}
Step:44	{"metric": {"zhongTraining": {"acc": 1.0}}, "step": 44}
Step:44	{"metric": {"zhongtest": {"acc": 0.40816326530612246}}, "step": 44}
Step:44	{"metric": {"zhongtest": {"UAR": 0.289328}}, "step": 44}
Step:44	{"metric": {"zhongtest": {"Macro_F1": 0.252102}}, "step": 44}
Step:44	{"metric": {"zhongtest": {"wa": 0.69128}}, "step": 44}
Step:45	{"metric": {"zhongTraining": {"acc": 1.0}}, "step": 45}
Step:45	{"metric": {"zhongtest": {"acc": 0.40816326530612246}}, "step": 45}
Step:45	{"metric": {"zhongtest": {"UAR": 0.289328}}, "step": 45}
Step:45	{"metric": {"zhongtest": {"Macro_F1": 0.252102}}, "step": 45}
Step:45	{"metric": {"zhongtest": {"wa": 0.69128}}, "step": 45}
Step:46	{"metric": {"zhongTraining": {"acc": 1.0}}, "step": 46}
Step:46	{"metric": {"zhongtest": {"acc": 0.40816326530612246}}, "step": 46}
Step:46	{"metric": {"zhongtest": {"UAR": 0.289328}}, "step": 46}
Step:46	{"metric": {"zhongtest": {"Macro_F1": 0.252102}}, "step": 46}
Step:46	{"metric": {"zhongtest": {"wa": 0.69128}}, "step": 46}
Step:47	{"metric": {"zhongTraining": {"acc": 1.0}}, "step": 47}
Step:47	{"metric": {"zhongtest": {"acc": 0.40816326530612246}}, "step": 47}
Step:47	{"metric": {"zhongtest": {"UAR": 0.289328}}, "step": 47}
Step:47	{"metric": {"zhongtest": {"Macro_F1": 0.252102}}, "step": 47}
Step:47	{"metric": {"zhongtest": {"wa": 0.69128}}, "step": 47}
Step:48	{"metric": {"zhongTraining": {"acc": 1.0}}, "step": 48}
Step:48	{"metric": {"zhongtest": {"acc": 0.40816326530612246}}, "step": 48}
Step:48	{"metric": {"zhongtest": {"UAR": 0.289328}}, "step": 48}
Step:48	{"metric": {"zhongtest": {"Macro_F1": 0.252102}}, "step": 48}
Step:48	{"metric": {"zhongtest": {"wa": 0.69128}}, "step": 48}
Step:49	{"metric": {"zhongTraining": {"acc": 1.0}}, "step": 49}
Step:49	{"metric": {"zhongtest": {"acc": 0.40816326530612246}}, "step": 49}
Step:49	{"metric": {"zhongtest": {"UAR": 0.289328}}, "step": 49}
Step:49	{"metric": {"zhongtest": {"Macro_F1": 0.252102}}, "step": 49}
Step:49	{"metric": {"zhongtest": {"wa": 0.69128}}, "step": 49}
Step:50	{"metric": {"zhongTraining": {"acc": 1.0}}, "step": 50}
Step:50	{"metric": {"zhongtest": {"acc": 0.40816326530612246}}, "step": 50}
Step:50	{"metric": {"zhongtest": {"UAR": 0.289328}}, "step": 50}
Step:50	{"metric": {"zhongtest": {"Macro_F1": 0.252102}}, "step": 50}
Step:50	{"metric": {"zhongtest": {"wa": 0.69128}}, "step": 50}
Step:51	{"metric": {"zhongTraining": {"acc": 1.0}}, "step": 51}
Step:51	{"metric": {"zhongtest": {"acc": 0.40816326530612246}}, "step": 51}
Step:51	{"metric": {"zhongtest": {"UAR": 0.289328}}, "step": 51}
Step:51	{"metric": {"zhongtest": {"Macro_F1": 0.252102}}, "step": 51}
Step:51	{"metric": {"zhongtest": {"wa": 0.69128}}, "step": 51}
Step:52	{"metric": {"zhongTraining": {"acc": 1.0}}, "step": 52}
Step:52	{"metric": {"zhongtest": {"acc": 0.40816326530612246}}, "step": 52}
Step:52	{"metric": {"zhongtest": {"UAR": 0.289328}}, "step": 52}
Step:52	{"metric": {"zhongtest": {"Macro_F1": 0.252102}}, "step": 52}
Step:52	{"metric": {"zhongtest": {"wa": 0.69128}}, "step": 52}
Step:53	{"metric": {"zhongTraining": {"acc": 1.0}}, "step": 53}
Step:53	{"metric": {"zhongtest": {"acc": 0.40816326530612246}}, "step": 53}
Step:53	{"metric": {"zhongtest": {"UAR": 0.289328}}, "step": 53}
Step:53	{"metric": {"zhongtest": {"Macro_F1": 0.252102}}, "step": 53}
Step:53	{"metric": {"zhongtest": {"wa": 0.69128}}, "step": 53}
Step:54	{"metric": {"zhongTraining": {"acc": 1.0}}, "step": 54}
Step:54	{"metric": {"zhongtest": {"acc": 0.40816326530612246}}, "step": 54}
Step:54	{"metric": {"zhongtest": {"UAR": 0.289328}}, "step": 54}
Step:54	{"metric": {"zhongtest": {"Macro_F1": 0.252102}}, "step": 54}
Step:54	{"metric": {"zhongtest": {"wa": 0.69128}}, "step": 54}
Step:55	{"metric": {"zhongTraining": {"acc": 1.0}}, "step": 55}
Step:55	{"metric": {"zhongtest": {"acc": 0.40816326530612246}}, "step": 55}
Step:55	{"metric": {"zhongtest": {"UAR": 0.289328}}, "step": 55}
Step:55	{"metric": {"zhongtest": {"Macro_F1": 0.252102}}, "step": 55}
Step:55	{"metric": {"zhongtest": {"wa": 0.69128}}, "step": 55}
Step:56	{"metric": {"zhongTraining": {"acc": 1.0}}, "step": 56}
Step:56	{"metric": {"zhongtest": {"acc": 0.40816326530612246}}, "step": 56}
Step:56	{"metric": {"zhongtest": {"UAR": 0.289328}}, "step": 56}
Step:56	{"metric": {"zhongtest": {"Macro_F1": 0.252102}}, "step": 56}
Step:56	{"metric": {"zhongtest": {"wa": 0.69128}}, "step": 56}
Step:57	{"metric": {"zhongTraining": {"acc": 1.0}}, "step": 57}
Step:57	{"metric": {"zhongtest": {"acc": 0.40816326530612246}}, "step": 57}
Step:57	{"metric": {"zhongtest": {"UAR": 0.289328}}, "step": 57}
Step:57	{"metric": {"zhongtest": {"Macro_F1": 0.252102}}, "step": 57}
Step:57	{"metric": {"zhongtest": {"wa": 0.69128}}, "step": 57}
Step:58	{"metric": {"zhongTraining": {"acc": 1.0}}, "step": 58}
Step:58	{"metric": {"zhongtest": {"acc": 0.40816326530612246}}, "step": 58}
Step:58	{"metric": {"zhongtest": {"UAR": 0.289328}}, "step": 58}
Step:58	{"metric": {"zhongtest": {"Macro_F1": 0.252102}}, "step": 58}
Step:58	{"metric": {"zhongtest": {"wa": 0.69128}}, "step": 58}
Step:59	{"metric": {"zhongTraining": {"acc": 1.0}}, "step": 59}
Step:59	{"metric": {"zhongtest": {"acc": 0.40816326530612246}}, "step": 59}
Step:59	{"metric": {"zhongtest": {"UAR": 0.289328}}, "step": 59}
Step:59	{"metric": {"zhongtest": {"Macro_F1": 0.252102}}, "step": 59}
Step:59	{"metric": {"zhongtest": {"wa": 0.69128}}, "step": 59}
Step:60	{"metric": {"zhongTraining": {"acc": 1.0}}, "step": 60}
Step:60	{"metric": {"zhongtest": {"acc": 0.40816326530612246}}, "step": 60}
Step:60	{"metric": {"zhongtest": {"UAR": 0.289328}}, "step": 60}
Step:60	{"metric": {"zhongtest": {"Macro_F1": 0.252102}}, "step": 60}
Step:60	{"metric": {"zhongtest": {"wa": 0.69128}}, "step": 60}
Step:61	{"metric": {"zhongTraining": {"acc": 1.0}}, "step": 61}
Step:61	{"metric": {"zhongtest": {"acc": 0.40816326530612246}}, "step": 61}
Step:61	{"metric": {"zhongtest": {"UAR": 0.289328}}, "step": 61}
Step:61	{"metric": {"zhongtest": {"Macro_F1": 0.252102}}, "step": 61}
Step:61	{"metric": {"zhongtest": {"wa": 0.69128}}, "step": 61}
Step:62	{"metric": {"zhongTraining": {"acc": 1.0}}, "step": 62}
Step:62	{"metric": {"zhongtest": {"acc": 0.40816326530612246}}, "step": 62}
Step:62	{"metric": {"zhongtest": {"UAR": 0.289328}}, "step": 62}
Step:62	{"metric": {"zhongtest": {"Macro_F1": 0.252102}}, "step": 62}
Step:62	{"metric": {"zhongtest": {"wa": 0.69128}}, "step": 62}
Step:63	{"metric": {"zhongTraining": {"acc": 1.0}}, "step": 63}
Step:63	{"metric": {"zhongtest": {"acc": 0.40816326530612246}}, "step": 63}
Step:63	{"metric": {"zhongtest": {"UAR": 0.289328}}, "step": 63}
Step:63	{"metric": {"zhongtest": {"Macro_F1": 0.252102}}, "step": 63}
Step:63	{"metric": {"zhongtest": {"wa": 0.69128}}, "step": 63}
Step:64	{"metric": {"zhongTraining": {"acc": 1.0}}, "step": 64}
Step:64	{"metric": {"zhongtest": {"acc": 0.40816326530612246}}, "step": 64}
Step:64	{"metric": {"zhongtest": {"UAR": 0.289328}}, "step": 64}
Step:64	{"metric": {"zhongtest": {"Macro_F1": 0.252102}}, "step": 64}
Step:64	{"metric": {"zhongtest": {"wa": 0.69128}}, "step": 64}
Step:65	{"metric": {"zhongTraining": {"acc": 1.0}}, "step": 65}
Step:65	{"metric": {"zhongtest": {"acc": 0.40816326530612246}}, "step": 65}
Step:65	{"metric": {"zhongtest": {"UAR": 0.289328}}, "step": 65}
Step:65	{"metric": {"zhongtest": {"Macro_F1": 0.252102}}, "step": 65}
Step:65	{"metric": {"zhongtest": {"wa": 0.69128}}, "step": 65}
Step:66	{"metric": {"zhongTraining": {"acc": 1.0}}, "step": 66}
Step:66	{"metric": {"zhongtest": {"acc": 0.40816326530612246}}, "step": 66}
Step:66	{"metric": {"zhongtest": {"UAR": 0.289328}}, "step": 66}
Step:66	{"metric": {"zhongtest": {"Macro_F1": 0.252102}}, "step": 66}
Step:66	{"metric": {"zhongtest": {"wa": 0.69128}}, "step": 66}
Step:67	{"metric": {"zhongTraining": {"acc": 1.0}}, "step": 67}
Step:67	{"metric": {"zhongtest": {"acc": 0.40816326530612246}}, "step": 67}
Step:67	{"metric": {"zhongtest": {"UAR": 0.294372}}, "step": 67}
Step:67	{"metric": {"zhongtest": {"Macro_F1": 0.252251}}, "step": 67}
Step:67	{"metric": {"zhongtest": {"wa": 0.70652}}, "step": 67}
Step:68	{"metric": {"zhongTraining": {"acc": 1.0}}, "step": 68}
Step:68	{"metric": {"zhongtest": {"acc": 0.40816326530612246}}, "step": 68}
Step:68	{"metric": {"zhongtest": {"UAR": 0.294372}}, "step": 68}
Step:68	{"metric": {"zhongtest": {"Macro_F1": 0.252251}}, "step": 68}
Step:68	{"metric": {"zhongtest": {"wa": 0.70652}}, "step": 68}
Step:69	{"metric": {"zhongTraining": {"acc": 1.0}}, "step": 69}
Step:69	{"metric": {"zhongtest": {"acc": 0.40816326530612246}}, "step": 69}
Step:69	{"metric": {"zhongtest": {"UAR": 0.294372}}, "step": 69}
Step:69	{"metric": {"zhongtest": {"Macro_F1": 0.252251}}, "step": 69}
Step:69	{"metric": {"zhongtest": {"wa": 0.70652}}, "step": 69}
Step:70	{"metric": {"zhongTraining": {"acc": 1.0}}, "step": 70}
Step:70	{"metric": {"zhongtest": {"acc": 0.40816326530612246}}, "step": 70}
Step:70	{"metric": {"zhongtest": {"UAR": 0.294372}}, "step": 70}
Step:70	{"metric": {"zhongtest": {"Macro_F1": 0.252251}}, "step": 70}
Step:70	{"metric": {"zhongtest": {"wa": 0.70652}}, "step": 70}
Step:71	{"metric": {"zhongTraining": {"acc": 1.0}}, "step": 71}
Step:71	{"metric": {"zhongtest": {"acc": 0.40816326530612246}}, "step": 71}
Step:71	{"metric": {"zhongtest": {"UAR": 0.294372}}, "step": 71}
Step:71	{"metric": {"zhongtest": {"Macro_F1": 0.252251}}, "step": 71}
Step:71	{"metric": {"zhongtest": {"wa": 0.70652}}, "step": 71}
Step:72	{"metric": {"zhongTraining": {"acc": 1.0}}, "step": 72}
Step:72	{"metric": {"zhongtest": {"acc": 0.40816326530612246}}, "step": 72}
Step:72	{"metric": {"zhongtest": {"UAR": 0.294372}}, "step": 72}
Step:72	{"metric": {"zhongtest": {"Macro_F1": 0.252251}}, "step": 72}
Step:72	{"metric": {"zhongtest": {"wa": 0.70652}}, "step": 72}
Step:73	{"metric": {"zhongTraining": {"acc": 1.0}}, "step": 73}
Step:73	{"metric": {"zhongtest": {"acc": 0.40816326530612246}}, "step": 73}
Step:73	{"metric": {"zhongtest": {"UAR": 0.302241}}, "step": 73}
Step:73	{"metric": {"zhongtest": {"Macro_F1": 0.252706}}, "step": 73}
Step:73	{"metric": {"zhongtest": {"wa": 0.72176}}, "step": 73}
Step:74	{"metric": {"zhongTraining": {"acc": 1.0}}, "step": 74}
Step:74	{"metric": {"zhongtest": {"acc": 0.40816326530612246}}, "step": 74}
Step:74	{"metric": {"zhongtest": {"UAR": 0.302241}}, "step": 74}
Step:74	{"metric": {"zhongtest": {"Macro_F1": 0.252706}}, "step": 74}
Step:74	{"metric": {"zhongtest": {"wa": 0.72176}}, "step": 74}
Step:75	{"metric": {"zhongTraining": {"acc": 1.0}}, "step": 75}
Step:75	{"metric": {"zhongtest": {"acc": 0.40816326530612246}}, "step": 75}
Step:75	{"metric": {"zhongtest": {"UAR": 0.302241}}, "step": 75}
Step:75	{"metric": {"zhongtest": {"Macro_F1": 0.252706}}, "step": 75}
Step:75	{"metric": {"zhongtest": {"wa": 0.72176}}, "step": 75}
Step:76	{"metric": {"zhongTraining": {"acc": 1.0}}, "step": 76}
Step:76	{"metric": {"zhongtest": {"acc": 0.40816326530612246}}, "step": 76}
Step:76	{"metric": {"zhongtest": {"UAR": 0.302241}}, "step": 76}
Step:76	{"metric": {"zhongtest": {"Macro_F1": 0.252706}}, "step": 76}
Step:76	{"metric": {"zhongtest": {"wa": 0.72176}}, "step": 76}
Step:77	{"metric": {"zhongTraining": {"acc": 1.0}}, "step": 77}
Step:77	{"metric": {"zhongtest": {"acc": 0.40816326530612246}}, "step": 77}
Step:77	{"metric": {"zhongtest": {"UAR": 0.302241}}, "step": 77}
Step:77	{"metric": {"zhongtest": {"Macro_F1": 0.252706}}, "step": 77}
Step:77	{"metric": {"zhongtest": {"wa": 0.72176}}, "step": 77}
Step:78	{"metric": {"zhongTraining": {"acc": 1.0}}, "step": 78}
Step:78	{"metric": {"zhongtest": {"acc": 0.40816326530612246}}, "step": 78}
Step:78	{"metric": {"zhongtest": {"UAR": 0.302241}}, "step": 78}
Step:78	{"metric": {"zhongtest": {"Macro_F1": 0.252706}}, "step": 78}
Step:78	{"metric": {"zhongtest": {"wa": 0.72176}}, "step": 78}
Step:79	{"metric": {"zhongTraining": {"acc": 1.0}}, "step": 79}
Step:79	{"metric": {"zhongtest": {"acc": 0.40816326530612246}}, "step": 79}
Step:79	{"metric": {"zhongtest": {"UAR": 0.302241}}, "step": 79}
Step:79	{"metric": {"zhongtest": {"Macro_F1": 0.252706}}, "step": 79}
Step:79	{"metric": {"zhongtest": {"wa": 0.72176}}, "step": 79}
Step:80	{"metric": {"zhongTraining": {"acc": 1.0}}, "step": 80}
Step:80	{"metric": {"zhongtest": {"acc": 0.40816326530612246}}, "step": 80}
Step:80	{"metric": {"zhongtest": {"UAR": 0.302241}}, "step": 80}
Step:80	{"metric": {"zhongtest": {"Macro_F1": 0.252706}}, "step": 80}
Step:80	{"metric": {"zhongtest": {"wa": 0.72176}}, "step": 80}
Step:81	{"metric": {"zhongTraining": {"acc": 1.0}}, "step": 81}
Step:81	{"metric": {"zhongtest": {"acc": 0.40816326530612246}}, "step": 81}
Step:81	{"metric": {"zhongtest": {"UAR": 0.302241}}, "step": 81}
Step:81	{"metric": {"zhongtest": {"Macro_F1": 0.252706}}, "step": 81}
Step:81	{"metric": {"zhongtest": {"wa": 0.72176}}, "step": 81}
Step:82	{"metric": {"zhongTraining": {"acc": 1.0}}, "step": 82}
Step:82	{"metric": {"zhongtest": {"acc": 0.40816326530612246}}, "step": 82}
Step:82	{"metric": {"zhongtest": {"UAR": 0.302241}}, "step": 82}
Step:82	{"metric": {"zhongtest": {"Macro_F1": 0.252706}}, "step": 82}
Step:82	{"metric": {"zhongtest": {"wa": 0.72176}}, "step": 82}
Step:83	{"metric": {"zhongTraining": {"acc": 1.0}}, "step": 83}
Step:83	{"metric": {"zhongtest": {"acc": 0.40816326530612246}}, "step": 83}
Step:83	{"metric": {"zhongtest": {"UAR": 0.302241}}, "step": 83}
Step:83	{"metric": {"zhongtest": {"Macro_F1": 0.252706}}, "step": 83}
Step:83	{"metric": {"zhongtest": {"wa": 0.72176}}, "step": 83}
Step:84	{"metric": {"zhongTraining": {"acc": 1.0}}, "step": 84}
Step:84	{"metric": {"zhongtest": {"acc": 0.40816326530612246}}, "step": 84}
Step:84	{"metric": {"zhongtest": {"UAR": 0.302241}}, "step": 84}
Step:84	{"metric": {"zhongtest": {"Macro_F1": 0.252706}}, "step": 84}
Step:84	{"metric": {"zhongtest": {"wa": 0.72176}}, "step": 84}
Step:85	{"metric": {"zhongTraining": {"acc": 1.0}}, "step": 85}
Step:85	{"metric": {"zhongtest": {"acc": 0.40816326530612246}}, "step": 85}
Step:85	{"metric": {"zhongtest": {"UAR": 0.302241}}, "step": 85}
Step:85	{"metric": {"zhongtest": {"Macro_F1": 0.252706}}, "step": 85}
Step:85	{"metric": {"zhongtest": {"wa": 0.72176}}, "step": 85}
Step:86	{"metric": {"zhongTraining": {"acc": 1.0}}, "step": 86}
Step:86	{"metric": {"zhongtest": {"acc": 0.40816326530612246}}, "step": 86}
Step:86	{"metric": {"zhongtest": {"UAR": 0.302241}}, "step": 86}
Step:86	{"metric": {"zhongtest": {"Macro_F1": 0.252706}}, "step": 86}
Step:86	{"metric": {"zhongtest": {"wa": 0.72176}}, "step": 86}
Step:87	{"metric": {"zhongTraining": {"acc": 1.0}}, "step": 87}
Step:87	{"metric": {"zhongtest": {"acc": 0.40816326530612246}}, "step": 87}
Step:87	{"metric": {"zhongtest": {"UAR": 0.302241}}, "step": 87}
Step:87	{"metric": {"zhongtest": {"Macro_F1": 0.252706}}, "step": 87}
Step:87	{"metric": {"zhongtest": {"wa": 0.72176}}, "step": 87}
Step:88	{"metric": {"zhongTraining": {"acc": 1.0}}, "step": 88}
Step:88	{"metric": {"zhongtest": {"acc": 0.40816326530612246}}, "step": 88}
Step:88	{"metric": {"zhongtest": {"UAR": 0.302241}}, "step": 88}
Step:88	{"metric": {"zhongtest": {"Macro_F1": 0.252706}}, "step": 88}
Step:88	{"metric": {"zhongtest": {"wa": 0.72176}}, "step": 88}
Step:89	{"metric": {"zhongTraining": {"acc": 1.0}}, "step": 89}
Step:89	{"metric": {"zhongtest": {"acc": 0.40816326530612246}}, "step": 89}
Step:89	{"metric": {"zhongtest": {"UAR": 0.302241}}, "step": 89}
Step:89	{"metric": {"zhongtest": {"Macro_F1": 0.252706}}, "step": 89}
Step:89	{"metric": {"zhongtest": {"wa": 0.72176}}, "step": 89}
Step:90	{"metric": {"zhongTraining": {"acc": 1.0}}, "step": 90}
Step:90	{"metric": {"zhongtest": {"acc": 0.40816326530612246}}, "step": 90}
Step:90	{"metric": {"zhongtest": {"UAR": 0.302241}}, "step": 90}
Step:90	{"metric": {"zhongtest": {"Macro_F1": 0.252706}}, "step": 90}
Step:90	{"metric": {"zhongtest": {"wa": 0.72176}}, "step": 90}
Step:91	{"metric": {"zhongTraining": {"acc": 1.0}}, "step": 91}
Step:91	{"metric": {"zhongtest": {"acc": 0.40816326530612246}}, "step": 91}
Step:91	{"metric": {"zhongtest": {"UAR": 0.302241}}, "step": 91}
Step:91	{"metric": {"zhongtest": {"Macro_F1": 0.252706}}, "step": 91}
Step:91	{"metric": {"zhongtest": {"wa": 0.72176}}, "step": 91}
Step:92	{"metric": {"zhongTraining": {"acc": 1.0}}, "step": 92}
Step:92	{"metric": {"zhongtest": {"acc": 0.40816326530612246}}, "step": 92}
Step:92	{"metric": {"zhongtest": {"UAR": 0.302241}}, "step": 92}
Step:92	{"metric": {"zhongtest": {"Macro_F1": 0.252706}}, "step": 92}
Step:92	{"metric": {"zhongtest": {"wa": 0.72176}}, "step": 92}
Step:93	{"metric": {"zhongTraining": {"acc": 1.0}}, "step": 93}
Step:93	{"metric": {"zhongtest": {"acc": 0.40816326530612246}}, "step": 93}
Step:93	{"metric": {"zhongtest": {"UAR": 0.302241}}, "step": 93}
Step:93	{"metric": {"zhongtest": {"Macro_F1": 0.252706}}, "step": 93}
Step:93	{"metric": {"zhongtest": {"wa": 0.72176}}, "step": 93}
Step:94	{"metric": {"zhongTraining": {"acc": 1.0}}, "step": 94}
Step:94	{"metric": {"zhongtest": {"acc": 0.40816326530612246}}, "step": 94}
Step:94	{"metric": {"zhongtest": {"UAR": 0.302241}}, "step": 94}
Step:94	{"metric": {"zhongtest": {"Macro_F1": 0.252706}}, "step": 94}
Step:94	{"metric": {"zhongtest": {"wa": 0.72176}}, "step": 94}
Step:95	{"metric": {"zhongTraining": {"acc": 1.0}}, "step": 95}
Step:95	{"metric": {"zhongtest": {"acc": 0.40816326530612246}}, "step": 95}
Step:95	{"metric": {"zhongtest": {"UAR": 0.302241}}, "step": 95}
Step:95	{"metric": {"zhongtest": {"Macro_F1": 0.252706}}, "step": 95}
Step:95	{"metric": {"zhongtest": {"wa": 0.72176}}, "step": 95}
Step:96	{"metric": {"zhongTraining": {"acc": 1.0}}, "step": 96}
Step:96	{"metric": {"zhongtest": {"acc": 0.40816326530612246}}, "step": 96}
Step:96	{"metric": {"zhongtest": {"UAR": 0.302241}}, "step": 96}
Step:96	{"metric": {"zhongtest": {"Macro_F1": 0.252706}}, "step": 96}
Step:96	{"metric": {"zhongtest": {"wa": 0.72176}}, "step": 96}
Step:97	{"metric": {"zhongTraining": {"acc": 1.0}}, "step": 97}
Step:97	{"metric": {"zhongtest": {"acc": 0.40816326530612246}}, "step": 97}
Step:97	{"metric": {"zhongtest": {"UAR": 0.302241}}, "step": 97}
Step:97	{"metric": {"zhongtest": {"Macro_F1": 0.252706}}, "step": 97}
Step:97	{"metric": {"zhongtest": {"wa": 0.72176}}, "step": 97}
Step:98	{"metric": {"zhongTraining": {"acc": 1.0}}, "step": 98}
Step:98	{"metric": {"zhongtest": {"acc": 0.40816326530612246}}, "step": 98}
Step:98	{"metric": {"zhongtest": {"UAR": 0.302241}}, "step": 98}
Step:98	{"metric": {"zhongtest": {"Macro_F1": 0.252706}}, "step": 98}
Step:98	{"metric": {"zhongtest": {"wa": 0.72176}}, "step": 98}
Step:99	{"metric": {"zhongTraining": {"acc": 1.0}}, "step": 99}
Step:99	{"metric": {"zhongtest": {"acc": 0.40816326530612246}}, "step": 99}
Step:99	{"metric": {"zhongtest": {"UAR": 0.302241}}, "step": 99}
Step:99	{"metric": {"zhongtest": {"Macro_F1": 0.252706}}, "step": 99}
Step:99	{"metric": {"zhongtest": {"wa": 0.72176}}, "step": 99}
Step:100	{"metric": {"zhongTraining": {"acc": 1.0}}, "step": 100}
Step:100	{"metric": {"zhongtest": {"acc": 0.40816326530612246}}, "step": 100}
Step:100	{"metric": {"zhongtest": {"UAR": 0.302241}}, "step": 100}
Step:100	{"metric": {"zhongtest": {"Macro_F1": 0.252706}}, "step": 100}
Step:100	{"metric": {"zhongtest": {"wa": 0.72176}}, "step": 100}
