Step:1	{"metric": {"full19train": {"acc": 0.1658878504672897}}, "step": 1}
Step:1	{"metric": {"full19test": {"acc": 0.17757009345794392}}, "step": 1}
Step:1	{"metric": {"full19test": {"UAR": 0.055746}}, "step": 1}
Step:1	{"metric": {"full19test": {"Macro_F1": 0.087768}}, "step": 1}
Step:1	{"metric": {"full19test": {"wa": 0.752458}}, "step": 1}
Step:2	{"metric": {"full19train": {"acc": 0.23130841121495327}}, "step": 2}
Step:2	{"metric": {"full19test": {"acc": 0.3364485981308411}}, "step": 2}
Step:2	{"metric": {"full19test": {"UAR": 0.262789}}, "step": 2}
Step:2	{"metric": {"full19test": {"Macro_F1": 0.24821}}, "step": 2}
Step:2	{"metric": {"full19test": {"wa": 0.39998}}, "step": 2}
Step:3	{"metric": {"full19train": {"acc": 0.3691588785046729}}, "step": 3}
Step:3	{"metric": {"full19test": {"acc": 0.3925233644859813}}, "step": 3}
Step:3	{"metric": {"full19test": {"UAR": 0.246272}}, "step": 3}
Step:3	{"metric": {"full19test": {"Macro_F1": 0.220748}}, "step": 3}
Step:3	{"metric": {"full19test": {"wa": 0.615831}}, "step": 3}
Step:4	{"metric": {"full19train": {"acc": 0.4158878504672897}}, "step": 4}
Step:4	{"metric": {"full19test": {"acc": 0.3925233644859813}}, "step": 4}
Step:4	{"metric": {"full19test": {"UAR": 0.21295}}, "step": 4}
Step:4	{"metric": {"full19test": {"Macro_F1": 0.197139}}, "step": 4}
Step:4	{"metric": {"full19test": {"wa": 0.696911}}, "step": 4}
Step:5	{"metric": {"full19train": {"acc": 0.42990654205607476}}, "step": 5}
Step:5	{"metric": {"full19test": {"acc": 0.40186915887850466}}, "step": 5}
Step:5	{"metric": {"full19test": {"UAR": 0.257613}}, "step": 5}
Step:5	{"metric": {"full19test": {"Macro_F1": 0.239526}}, "step": 5}
Step:5	{"metric": {"full19test": {"wa": 0.651229}}, "step": 5}
Step:6	{"metric": {"full19train": {"acc": 0.45560747663551404}}, "step": 6}
Step:6	{"metric": {"full19test": {"acc": 0.411214953271028}}, "step": 6}
Step:6	{"metric": {"full19test": {"UAR": 0.207743}}, "step": 6}
Step:6	{"metric": {"full19test": {"Macro_F1": 0.229559}}, "step": 6}
Step:6	{"metric": {"full19test": {"wa": 0.676994}}, "step": 6}
Step:7	{"metric": {"full19train": {"acc": 0.48130841121495327}}, "step": 7}
Step:7	{"metric": {"full19test": {"acc": 0.411214953271028}}, "step": 7}
Step:7	{"metric": {"full19test": {"UAR": 0.256784}}, "step": 7}
Step:7	{"metric": {"full19test": {"Macro_F1": 0.259509}}, "step": 7}
Step:7	{"metric": {"full19test": {"wa": 0.64933}}, "step": 7}
Step:8	{"metric": {"full19train": {"acc": 0.5093457943925234}}, "step": 8}
Step:8	{"metric": {"full19test": {"acc": 0.48598130841121495}}, "step": 8}
Step:8	{"metric": {"full19test": {"UAR": 0.334369}}, "step": 8}
Step:8	{"metric": {"full19test": {"Macro_F1": 0.355502}}, "step": 8}
Step:8	{"metric": {"full19test": {"wa": 0.627419}}, "step": 8}
Step:9	{"metric": {"full19train": {"acc": 0.5654205607476636}}, "step": 9}
Step:9	{"metric": {"full19test": {"acc": 0.4485981308411215}}, "step": 9}
Step:9	{"metric": {"full19test": {"UAR": 0.327796}}, "step": 9}
Step:9	{"metric": {"full19test": {"Macro_F1": 0.338331}}, "step": 9}
Step:9	{"metric": {"full19test": {"wa": 0.620251}}, "step": 9}
Step:10	{"metric": {"full19train": {"acc": 0.5350467289719626}}, "step": 10}
Step:10	{"metric": {"full19test": {"acc": 0.5046728971962616}}, "step": 10}
Step:10	{"metric": {"full19test": {"UAR": 0.399922}}, "step": 10}
Step:10	{"metric": {"full19test": {"Macro_F1": 0.42081}}, "step": 10}
Step:10	{"metric": {"full19test": {"wa": 0.616195}}, "step": 10}
Step:11	{"metric": {"full19train": {"acc": 0.6004672897196262}}, "step": 11}
Step:11	{"metric": {"full19test": {"acc": 0.5046728971962616}}, "step": 11}
Step:11	{"metric": {"full19test": {"UAR": 0.40457}}, "step": 11}
Step:11	{"metric": {"full19test": {"Macro_F1": 0.385572}}, "step": 11}
Step:11	{"metric": {"full19test": {"wa": 0.64323}}, "step": 11}
Step:12	{"metric": {"full19train": {"acc": 0.6121495327102804}}, "step": 12}
Step:12	{"metric": {"full19test": {"acc": 0.5514018691588785}}, "step": 12}
Step:12	{"metric": {"full19test": {"UAR": 0.564698}}, "step": 12}
Step:12	{"metric": {"full19test": {"Macro_F1": 0.468206}}, "step": 12}
Step:12	{"metric": {"full19test": {"wa": 0.653538}}, "step": 12}
Step:13	{"metric": {"full19train": {"acc": 0.6261682242990654}}, "step": 13}
Step:13	{"metric": {"full19test": {"acc": 0.5700934579439252}}, "step": 13}
Step:13	{"metric": {"full19test": {"UAR": 0.582695}}, "step": 13}
Step:13	{"metric": {"full19test": {"Macro_F1": 0.506012}}, "step": 13}
Step:13	{"metric": {"full19test": {"wa": 0.624322}}, "step": 13}
Step:14	{"metric": {"full19train": {"acc": 0.6705607476635514}}, "step": 14}
Step:14	{"metric": {"full19test": {"acc": 0.45794392523364486}}, "step": 14}
Step:14	{"metric": {"full19test": {"UAR": 0.399114}}, "step": 14}
Step:14	{"metric": {"full19test": {"Macro_F1": 0.399185}}, "step": 14}
Step:14	{"metric": {"full19test": {"wa": 0.518822}}, "step": 14}
Step:15	{"metric": {"full19train": {"acc": 0.6355140186915887}}, "step": 15}
Step:15	{"metric": {"full19test": {"acc": 0.5420560747663551}}, "step": 15}
Step:15	{"metric": {"full19test": {"UAR": 0.571158}}, "step": 15}
Step:15	{"metric": {"full19test": {"Macro_F1": 0.483644}}, "step": 15}
Step:15	{"metric": {"full19test": {"wa": 0.61358}}, "step": 15}
Step:16	{"metric": {"full19train": {"acc": 0.6658878504672897}}, "step": 16}
Step:16	{"metric": {"full19test": {"acc": 0.616822429906542}}, "step": 16}
Step:16	{"metric": {"full19test": {"UAR": 0.582024}}, "step": 16}
Step:16	{"metric": {"full19test": {"Macro_F1": 0.568616}}, "step": 16}
Step:16	{"metric": {"full19test": {"wa": 0.6776}}, "step": 16}
Step:17	{"metric": {"full19train": {"acc": 0.6845794392523364}}, "step": 17}
Step:17	{"metric": {"full19test": {"acc": 0.5327102803738317}}, "step": 17}
Step:17	{"metric": {"full19test": {"UAR": 0.492384}}, "step": 17}
Step:17	{"metric": {"full19test": {"Macro_F1": 0.466726}}, "step": 17}
Step:17	{"metric": {"full19test": {"wa": 0.618151}}, "step": 17}
Step:18	{"metric": {"full19train": {"acc": 0.6705607476635514}}, "step": 18}
Step:18	{"metric": {"full19test": {"acc": 0.5794392523364486}}, "step": 18}
Step:18	{"metric": {"full19test": {"UAR": 0.633199}}, "step": 18}
Step:18	{"metric": {"full19test": {"Macro_F1": 0.563222}}, "step": 18}
Step:18	{"metric": {"full19test": {"wa": 0.619805}}, "step": 18}
Step:19	{"metric": {"full19train": {"acc": 0.7079439252336449}}, "step": 19}
Step:19	{"metric": {"full19test": {"acc": 0.6074766355140186}}, "step": 19}
Step:19	{"metric": {"full19test": {"UAR": 0.566409}}, "step": 19}
Step:19	{"metric": {"full19test": {"Macro_F1": 0.585391}}, "step": 19}
Step:19	{"metric": {"full19test": {"wa": 0.679704}}, "step": 19}
Step:20	{"metric": {"full19train": {"acc": 0.6845794392523364}}, "step": 20}
Step:20	{"metric": {"full19test": {"acc": 0.5420560747663551}}, "step": 20}
Step:20	{"metric": {"full19test": {"UAR": 0.53105}}, "step": 20}
Step:20	{"metric": {"full19test": {"Macro_F1": 0.48839}}, "step": 20}
Step:20	{"metric": {"full19test": {"wa": 0.575291}}, "step": 20}
Step:21	{"metric": {"full19train": {"acc": 0.7102803738317757}}, "step": 21}
Step:21	{"metric": {"full19test": {"acc": 0.5700934579439252}}, "step": 21}
Step:21	{"metric": {"full19test": {"UAR": 0.591704}}, "step": 21}
Step:21	{"metric": {"full19test": {"Macro_F1": 0.568963}}, "step": 21}
Step:21	{"metric": {"full19test": {"wa": 0.622522}}, "step": 21}
Step:22	{"metric": {"full19train": {"acc": 0.7780373831775701}}, "step": 22}
Step:22	{"metric": {"full19test": {"acc": 0.6448598130841121}}, "step": 22}
Step:22	{"metric": {"full19test": {"UAR": 0.633279}}, "step": 22}
Step:22	{"metric": {"full19test": {"Macro_F1": 0.626496}}, "step": 22}
Step:22	{"metric": {"full19test": {"wa": 0.682036}}, "step": 22}
Step:23	{"metric": {"full19train": {"acc": 0.8084112149532711}}, "step": 23}
Step:23	{"metric": {"full19test": {"acc": 0.6448598130841121}}, "step": 23}
Step:23	{"metric": {"full19test": {"UAR": 0.702569}}, "step": 23}
Step:23	{"metric": {"full19test": {"Macro_F1": 0.64073}}, "step": 23}
Step:23	{"metric": {"full19test": {"wa": 0.720425}}, "step": 23}
Step:24	{"metric": {"full19train": {"acc": 0.7850467289719626}}, "step": 24}
Step:24	{"metric": {"full19test": {"acc": 0.5607476635514018}}, "step": 24}
Step:24	{"metric": {"full19test": {"UAR": 0.561465}}, "step": 24}
Step:24	{"metric": {"full19test": {"Macro_F1": 0.547709}}, "step": 24}
Step:24	{"metric": {"full19test": {"wa": 0.617635}}, "step": 24}
Step:25	{"metric": {"full19train": {"acc": 0.7757009345794392}}, "step": 25}
Step:25	{"metric": {"full19test": {"acc": 0.6728971962616822}}, "step": 25}
Step:25	{"metric": {"full19test": {"UAR": 0.687616}}, "step": 25}
Step:25	{"metric": {"full19test": {"Macro_F1": 0.651731}}, "step": 25}
Step:25	{"metric": {"full19test": {"wa": 0.707529}}, "step": 25}
Step:26	{"metric": {"full19train": {"acc": 0.8107476635514018}}, "step": 26}
Step:26	{"metric": {"full19test": {"acc": 0.6355140186915887}}, "step": 26}
Step:26	{"metric": {"full19test": {"UAR": 0.651582}}, "step": 26}
Step:26	{"metric": {"full19test": {"Macro_F1": 0.63062}}, "step": 26}
Step:26	{"metric": {"full19test": {"wa": 0.689463}}, "step": 26}
Step:27	{"metric": {"full19train": {"acc": 0.8177570093457944}}, "step": 27}
Step:27	{"metric": {"full19test": {"acc": 0.6728971962616822}}, "step": 27}
Step:27	{"metric": {"full19test": {"UAR": 0.668823}}, "step": 27}
Step:27	{"metric": {"full19test": {"Macro_F1": 0.662939}}, "step": 27}
Step:27	{"metric": {"full19test": {"wa": 0.701577}}, "step": 27}
Step:28	{"metric": {"full19train": {"acc": 0.8107476635514018}}, "step": 28}
Step:28	{"metric": {"full19test": {"acc": 0.6822429906542056}}, "step": 28}
Step:28	{"metric": {"full19test": {"UAR": 0.651877}}, "step": 28}
Step:28	{"metric": {"full19test": {"Macro_F1": 0.647372}}, "step": 28}
Step:28	{"metric": {"full19test": {"wa": 0.713967}}, "step": 28}
Step:29	{"metric": {"full19train": {"acc": 0.8574766355140186}}, "step": 29}
Step:29	{"metric": {"full19test": {"acc": 0.6074766355140186}}, "step": 29}
Step:29	{"metric": {"full19test": {"UAR": 0.626428}}, "step": 29}
Step:29	{"metric": {"full19test": {"Macro_F1": 0.603466}}, "step": 29}
Step:29	{"metric": {"full19test": {"wa": 0.65815}}, "step": 29}
Step:30	{"metric": {"full19train": {"acc": 0.8434579439252337}}, "step": 30}
Step:30	{"metric": {"full19test": {"acc": 0.7289719626168224}}, "step": 30}
Step:30	{"metric": {"full19test": {"UAR": 0.724481}}, "step": 30}
Step:30	{"metric": {"full19test": {"Macro_F1": 0.699599}}, "step": 30}
Step:30	{"metric": {"full19test": {"wa": 0.774401}}, "step": 30}
Step:31	{"metric": {"full19train": {"acc": 0.8411214953271028}}, "step": 31}
Step:31	{"metric": {"full19test": {"acc": 0.6915887850467289}}, "step": 31}
Step:31	{"metric": {"full19test": {"UAR": 0.693435}}, "step": 31}
Step:31	{"metric": {"full19test": {"Macro_F1": 0.678873}}, "step": 31}
Step:31	{"metric": {"full19test": {"wa": 0.736283}}, "step": 31}
Step:32	{"metric": {"full19train": {"acc": 0.8387850467289719}}, "step": 32}
Step:32	{"metric": {"full19test": {"acc": 0.6635514018691588}}, "step": 32}
Step:32	{"metric": {"full19test": {"UAR": 0.678856}}, "step": 32}
Step:32	{"metric": {"full19test": {"Macro_F1": 0.663901}}, "step": 32}
Step:32	{"metric": {"full19test": {"wa": 0.699205}}, "step": 32}
Step:33	{"metric": {"full19train": {"acc": 0.8574766355140186}}, "step": 33}
Step:33	{"metric": {"full19test": {"acc": 0.7383177570093458}}, "step": 33}
Step:33	{"metric": {"full19test": {"UAR": 0.747153}}, "step": 33}
Step:33	{"metric": {"full19test": {"Macro_F1": 0.720945}}, "step": 33}
Step:33	{"metric": {"full19test": {"wa": 0.76501}}, "step": 33}
Step:34	{"metric": {"full19train": {"acc": 0.8551401869158879}}, "step": 34}
Step:34	{"metric": {"full19test": {"acc": 0.6635514018691588}}, "step": 34}
Step:34	{"metric": {"full19test": {"UAR": 0.685833}}, "step": 34}
Step:34	{"metric": {"full19test": {"Macro_F1": 0.669811}}, "step": 34}
Step:34	{"metric": {"full19test": {"wa": 0.713553}}, "step": 34}
Step:35	{"metric": {"full19train": {"acc": 0.8434579439252337}}, "step": 35}
Step:35	{"metric": {"full19test": {"acc": 0.6542056074766355}}, "step": 35}
Step:35	{"metric": {"full19test": {"UAR": 0.686817}}, "step": 35}
Step:35	{"metric": {"full19test": {"Macro_F1": 0.687107}}, "step": 35}
Step:35	{"metric": {"full19test": {"wa": 0.681424}}, "step": 35}
Step:36	{"metric": {"full19train": {"acc": 0.8621495327102804}}, "step": 36}
Step:36	{"metric": {"full19test": {"acc": 0.719626168224299}}, "step": 36}
Step:36	{"metric": {"full19test": {"UAR": 0.722882}}, "step": 36}
Step:36	{"metric": {"full19test": {"Macro_F1": 0.716263}}, "step": 36}
Step:36	{"metric": {"full19test": {"wa": 0.755998}}, "step": 36}
Step:37	{"metric": {"full19train": {"acc": 0.8855140186915887}}, "step": 37}
Step:37	{"metric": {"full19test": {"acc": 0.6822429906542056}}, "step": 37}
Step:37	{"metric": {"full19test": {"UAR": 0.725479}}, "step": 37}
Step:37	{"metric": {"full19test": {"Macro_F1": 0.698576}}, "step": 37}
Step:37	{"metric": {"full19test": {"wa": 0.716878}}, "step": 37}
Step:38	{"metric": {"full19train": {"acc": 0.8738317757009346}}, "step": 38}
Step:38	{"metric": {"full19test": {"acc": 0.7009345794392523}}, "step": 38}
Step:38	{"metric": {"full19test": {"UAR": 0.677062}}, "step": 38}
Step:38	{"metric": {"full19test": {"Macro_F1": 0.696247}}, "step": 38}
Step:38	{"metric": {"full19test": {"wa": 0.740423}}, "step": 38}
Step:39	{"metric": {"full19train": {"acc": 0.8411214953271028}}, "step": 39}
Step:39	{"metric": {"full19test": {"acc": 0.7009345794392523}}, "step": 39}
Step:39	{"metric": {"full19test": {"UAR": 0.718233}}, "step": 39}
Step:39	{"metric": {"full19test": {"Macro_F1": 0.688795}}, "step": 39}
Step:39	{"metric": {"full19test": {"wa": 0.792794}}, "step": 39}
Step:40	{"metric": {"full19train": {"acc": 0.8714953271028038}}, "step": 40}
Step:40	{"metric": {"full19test": {"acc": 0.719626168224299}}, "step": 40}
Step:40	{"metric": {"full19test": {"UAR": 0.701011}}, "step": 40}
Step:40	{"metric": {"full19test": {"Macro_F1": 0.696619}}, "step": 40}
Step:40	{"metric": {"full19test": {"wa": 0.738534}}, "step": 40}
Step:41	{"metric": {"full19train": {"acc": 0.883177570093458}}, "step": 41}
Step:41	{"metric": {"full19test": {"acc": 0.7383177570093458}}, "step": 41}
Step:41	{"metric": {"full19test": {"UAR": 0.724724}}, "step": 41}
Step:41	{"metric": {"full19test": {"Macro_F1": 0.734665}}, "step": 41}
Step:41	{"metric": {"full19test": {"wa": 0.769064}}, "step": 41}
Step:42	{"metric": {"full19train": {"acc": 0.9228971962616822}}, "step": 42}
Step:42	{"metric": {"full19test": {"acc": 0.7289719626168224}}, "step": 42}
Step:42	{"metric": {"full19test": {"UAR": 0.750987}}, "step": 42}
Step:42	{"metric": {"full19test": {"Macro_F1": 0.736577}}, "step": 42}
Step:42	{"metric": {"full19test": {"wa": 0.759321}}, "step": 42}
Step:43	{"metric": {"full19train": {"acc": 0.8901869158878505}}, "step": 43}
Step:43	{"metric": {"full19test": {"acc": 0.7570093457943925}}, "step": 43}
Step:43	{"metric": {"full19test": {"UAR": 0.74746}}, "step": 43}
Step:43	{"metric": {"full19test": {"Macro_F1": 0.752234}}, "step": 43}
Step:43	{"metric": {"full19test": {"wa": 0.787125}}, "step": 43}
Step:44	{"metric": {"full19train": {"acc": 0.9182242990654206}}, "step": 44}
Step:44	{"metric": {"full19test": {"acc": 0.7476635514018691}}, "step": 44}
Step:44	{"metric": {"full19test": {"UAR": 0.776293}}, "step": 44}
Step:44	{"metric": {"full19test": {"Macro_F1": 0.771443}}, "step": 44}
Step:44	{"metric": {"full19test": {"wa": 0.796785}}, "step": 44}
Step:45	{"metric": {"full19train": {"acc": 0.9205607476635514}}, "step": 45}
Step:45	{"metric": {"full19test": {"acc": 0.7757009345794392}}, "step": 45}
Step:45	{"metric": {"full19test": {"UAR": 0.787198}}, "step": 45}
Step:45	{"metric": {"full19test": {"Macro_F1": 0.78535}}, "step": 45}
Step:45	{"metric": {"full19test": {"wa": 0.790308}}, "step": 45}
Step:46	{"metric": {"full19train": {"acc": 0.9252336448598131}}, "step": 46}
Step:46	{"metric": {"full19test": {"acc": 0.794392523364486}}, "step": 46}
Step:46	{"metric": {"full19test": {"UAR": 0.809378}}, "step": 46}
Step:46	{"metric": {"full19test": {"Macro_F1": 0.811046}}, "step": 46}
Step:46	{"metric": {"full19test": {"wa": 0.811491}}, "step": 46}
Step:47	{"metric": {"full19train": {"acc": 0.9135514018691588}}, "step": 47}
Step:47	{"metric": {"full19test": {"acc": 0.6728971962616822}}, "step": 47}
Step:47	{"metric": {"full19test": {"UAR": 0.703571}}, "step": 47}
Step:47	{"metric": {"full19test": {"Macro_F1": 0.676346}}, "step": 47}
Step:47	{"metric": {"full19test": {"wa": 0.741744}}, "step": 47}
Step:48	{"metric": {"full19train": {"acc": 0.9018691588785047}}, "step": 48}
Step:48	{"metric": {"full19test": {"acc": 0.7102803738317757}}, "step": 48}
Step:48	{"metric": {"full19test": {"UAR": 0.718021}}, "step": 48}
Step:48	{"metric": {"full19test": {"Macro_F1": 0.717026}}, "step": 48}
Step:48	{"metric": {"full19test": {"wa": 0.741701}}, "step": 48}
Step:49	{"metric": {"full19train": {"acc": 0.9135514018691588}}, "step": 49}
Step:49	{"metric": {"full19test": {"acc": 0.7009345794392523}}, "step": 49}
Step:49	{"metric": {"full19test": {"UAR": 0.705999}}, "step": 49}
Step:49	{"metric": {"full19test": {"Macro_F1": 0.708417}}, "step": 49}
Step:49	{"metric": {"full19test": {"wa": 0.722036}}, "step": 49}
Step:50	{"metric": {"full19train": {"acc": 0.9369158878504673}}, "step": 50}
Step:50	{"metric": {"full19test": {"acc": 0.7383177570093458}}, "step": 50}
Step:50	{"metric": {"full19test": {"UAR": 0.758035}}, "step": 50}
Step:50	{"metric": {"full19test": {"Macro_F1": 0.738047}}, "step": 50}
Step:50	{"metric": {"full19test": {"wa": 0.75665}}, "step": 50}
Step:51	{"metric": {"full19train": {"acc": 0.9182242990654206}}, "step": 51}
Step:51	{"metric": {"full19test": {"acc": 0.7289719626168224}}, "step": 51}
Step:51	{"metric": {"full19test": {"UAR": 0.771287}}, "step": 51}
Step:51	{"metric": {"full19test": {"Macro_F1": 0.760964}}, "step": 51}
Step:51	{"metric": {"full19test": {"wa": 0.756896}}, "step": 51}
Step:52	{"metric": {"full19train": {"acc": 0.927570093457944}}, "step": 52}
Step:52	{"metric": {"full19test": {"acc": 0.7102803738317757}}, "step": 52}
Step:52	{"metric": {"full19test": {"UAR": 0.70066}}, "step": 52}
Step:52	{"metric": {"full19test": {"Macro_F1": 0.683975}}, "step": 52}
Step:52	{"metric": {"full19test": {"wa": 0.757407}}, "step": 52}
Step:53	{"metric": {"full19train": {"acc": 0.9322429906542056}}, "step": 53}
Step:53	{"metric": {"full19test": {"acc": 0.794392523364486}}, "step": 53}
Step:53	{"metric": {"full19test": {"UAR": 0.801353}}, "step": 53}
Step:53	{"metric": {"full19test": {"Macro_F1": 0.818527}}, "step": 53}
Step:53	{"metric": {"full19test": {"wa": 0.806159}}, "step": 53}
Step:54	{"metric": {"full19train": {"acc": 0.9205607476635514}}, "step": 54}
Step:54	{"metric": {"full19test": {"acc": 0.7476635514018691}}, "step": 54}
Step:54	{"metric": {"full19test": {"UAR": 0.761177}}, "step": 54}
Step:54	{"metric": {"full19test": {"Macro_F1": 0.753539}}, "step": 54}
Step:54	{"metric": {"full19test": {"wa": 0.764427}}, "step": 54}
Step:55	{"metric": {"full19train": {"acc": 0.9369158878504673}}, "step": 55}
Step:55	{"metric": {"full19test": {"acc": 0.7663551401869159}}, "step": 55}
Step:55	{"metric": {"full19test": {"UAR": 0.784605}}, "step": 55}
Step:55	{"metric": {"full19test": {"Macro_F1": 0.783664}}, "step": 55}
Step:55	{"metric": {"full19test": {"wa": 0.806511}}, "step": 55}
Step:56	{"metric": {"full19train": {"acc": 0.969626168224299}}, "step": 56}
Step:56	{"metric": {"full19test": {"acc": 0.794392523364486}}, "step": 56}
Step:56	{"metric": {"full19test": {"UAR": 0.784681}}, "step": 56}
Step:56	{"metric": {"full19test": {"Macro_F1": 0.794944}}, "step": 56}
Step:56	{"metric": {"full19test": {"wa": 0.810377}}, "step": 56}
Step:57	{"metric": {"full19train": {"acc": 0.9602803738317757}}, "step": 57}
Step:57	{"metric": {"full19test": {"acc": 0.794392523364486}}, "step": 57}
Step:57	{"metric": {"full19test": {"UAR": 0.80404}}, "step": 57}
Step:57	{"metric": {"full19test": {"Macro_F1": 0.807917}}, "step": 57}
Step:57	{"metric": {"full19test": {"wa": 0.813758}}, "step": 57}
Step:58	{"metric": {"full19train": {"acc": 0.9485981308411215}}, "step": 58}
Step:58	{"metric": {"full19test": {"acc": 0.7570093457943925}}, "step": 58}
Step:58	{"metric": {"full19test": {"UAR": 0.769987}}, "step": 58}
Step:58	{"metric": {"full19test": {"Macro_F1": 0.766298}}, "step": 58}
Step:58	{"metric": {"full19test": {"wa": 0.797781}}, "step": 58}
Step:59	{"metric": {"full19train": {"acc": 0.955607476635514}}, "step": 59}
Step:59	{"metric": {"full19test": {"acc": 0.7383177570093458}}, "step": 59}
Step:59	{"metric": {"full19test": {"UAR": 0.742605}}, "step": 59}
Step:59	{"metric": {"full19test": {"Macro_F1": 0.750899}}, "step": 59}
Step:59	{"metric": {"full19test": {"wa": 0.774164}}, "step": 59}
Step:60	{"metric": {"full19train": {"acc": 0.9439252336448598}}, "step": 60}
Step:60	{"metric": {"full19test": {"acc": 0.6915887850467289}}, "step": 60}
Step:60	{"metric": {"full19test": {"UAR": 0.722472}}, "step": 60}
Step:60	{"metric": {"full19test": {"Macro_F1": 0.719065}}, "step": 60}
Step:60	{"metric": {"full19test": {"wa": 0.761429}}, "step": 60}
Step:61	{"metric": {"full19train": {"acc": 0.9579439252336449}}, "step": 61}
Step:61	{"metric": {"full19test": {"acc": 0.7570093457943925}}, "step": 61}
Step:61	{"metric": {"full19test": {"UAR": 0.770204}}, "step": 61}
Step:61	{"metric": {"full19test": {"Macro_F1": 0.777305}}, "step": 61}
Step:61	{"metric": {"full19test": {"wa": 0.783734}}, "step": 61}
Step:62	{"metric": {"full19train": {"acc": 0.955607476635514}}, "step": 62}
Step:62	{"metric": {"full19test": {"acc": 0.7850467289719626}}, "step": 62}
Step:62	{"metric": {"full19test": {"UAR": 0.781435}}, "step": 62}
Step:62	{"metric": {"full19test": {"Macro_F1": 0.789437}}, "step": 62}
Step:62	{"metric": {"full19test": {"wa": 0.791444}}, "step": 62}
Step:63	{"metric": {"full19train": {"acc": 0.9719626168224299}}, "step": 63}
Step:63	{"metric": {"full19test": {"acc": 0.7663551401869159}}, "step": 63}
Step:63	{"metric": {"full19test": {"UAR": 0.76952}}, "step": 63}
Step:63	{"metric": {"full19test": {"Macro_F1": 0.778124}}, "step": 63}
Step:63	{"metric": {"full19test": {"wa": 0.787285}}, "step": 63}
Step:64	{"metric": {"full19train": {"acc": 0.9719626168224299}}, "step": 64}
Step:64	{"metric": {"full19test": {"acc": 0.7289719626168224}}, "step": 64}
Step:64	{"metric": {"full19test": {"UAR": 0.725908}}, "step": 64}
Step:64	{"metric": {"full19test": {"Macro_F1": 0.724374}}, "step": 64}
Step:64	{"metric": {"full19test": {"wa": 0.767582}}, "step": 64}
Step:65	{"metric": {"full19train": {"acc": 0.9719626168224299}}, "step": 65}
Step:65	{"metric": {"full19test": {"acc": 0.7850467289719626}}, "step": 65}
Step:65	{"metric": {"full19test": {"UAR": 0.792642}}, "step": 65}
Step:65	{"metric": {"full19test": {"Macro_F1": 0.799236}}, "step": 65}
Step:65	{"metric": {"full19test": {"wa": 0.823851}}, "step": 65}
Step:66	{"metric": {"full19train": {"acc": 0.9579439252336449}}, "step": 66}
Step:66	{"metric": {"full19test": {"acc": 0.7757009345794392}}, "step": 66}
Step:66	{"metric": {"full19test": {"UAR": 0.772761}}, "step": 66}
Step:66	{"metric": {"full19test": {"Macro_F1": 0.781668}}, "step": 66}
Step:66	{"metric": {"full19test": {"wa": 0.786908}}, "step": 66}
Step:67	{"metric": {"full19train": {"acc": 0.9509345794392523}}, "step": 67}
Step:67	{"metric": {"full19test": {"acc": 0.7757009345794392}}, "step": 67}
Step:67	{"metric": {"full19test": {"UAR": 0.746574}}, "step": 67}
Step:67	{"metric": {"full19test": {"Macro_F1": 0.760949}}, "step": 67}
Step:67	{"metric": {"full19test": {"wa": 0.804528}}, "step": 67}
Step:68	{"metric": {"full19train": {"acc": 0.9719626168224299}}, "step": 68}
Step:68	{"metric": {"full19test": {"acc": 0.7850467289719626}}, "step": 68}
Step:68	{"metric": {"full19test": {"UAR": 0.794423}}, "step": 68}
Step:68	{"metric": {"full19test": {"Macro_F1": 0.802815}}, "step": 68}
Step:68	{"metric": {"full19test": {"wa": 0.801895}}, "step": 68}
Step:69	{"metric": {"full19train": {"acc": 0.955607476635514}}, "step": 69}
Step:69	{"metric": {"full19test": {"acc": 0.7476635514018691}}, "step": 69}
Step:69	{"metric": {"full19test": {"UAR": 0.733145}}, "step": 69}
Step:69	{"metric": {"full19test": {"Macro_F1": 0.741529}}, "step": 69}
Step:69	{"metric": {"full19test": {"wa": 0.767685}}, "step": 69}
Step:70	{"metric": {"full19train": {"acc": 0.9649532710280374}}, "step": 70}
Step:70	{"metric": {"full19test": {"acc": 0.719626168224299}}, "step": 70}
Step:70	{"metric": {"full19test": {"UAR": 0.717124}}, "step": 70}
Step:70	{"metric": {"full19test": {"Macro_F1": 0.716445}}, "step": 70}
Step:70	{"metric": {"full19test": {"wa": 0.739475}}, "step": 70}
Step:71	{"metric": {"full19train": {"acc": 0.9719626168224299}}, "step": 71}
Step:71	{"metric": {"full19test": {"acc": 0.7850467289719626}}, "step": 71}
Step:71	{"metric": {"full19test": {"UAR": 0.791684}}, "step": 71}
Step:71	{"metric": {"full19test": {"Macro_F1": 0.778864}}, "step": 71}
Step:71	{"metric": {"full19test": {"wa": 0.813624}}, "step": 71}
Step:72	{"metric": {"full19train": {"acc": 0.9813084112149533}}, "step": 72}
Step:72	{"metric": {"full19test": {"acc": 0.7383177570093458}}, "step": 72}
Step:72	{"metric": {"full19test": {"UAR": 0.751319}}, "step": 72}
Step:72	{"metric": {"full19test": {"Macro_F1": 0.752784}}, "step": 72}
Step:72	{"metric": {"full19test": {"wa": 0.760896}}, "step": 72}
Step:73	{"metric": {"full19train": {"acc": 0.9649532710280374}}, "step": 73}
Step:73	{"metric": {"full19test": {"acc": 0.7476635514018691}}, "step": 73}
Step:73	{"metric": {"full19test": {"UAR": 0.751562}}, "step": 73}
Step:73	{"metric": {"full19test": {"Macro_F1": 0.75385}}, "step": 73}
Step:73	{"metric": {"full19test": {"wa": 0.772442}}, "step": 73}
Step:74	{"metric": {"full19train": {"acc": 0.9742990654205608}}, "step": 74}
Step:74	{"metric": {"full19test": {"acc": 0.7476635514018691}}, "step": 74}
Step:74	{"metric": {"full19test": {"UAR": 0.728025}}, "step": 74}
Step:74	{"metric": {"full19test": {"Macro_F1": 0.726726}}, "step": 74}
Step:74	{"metric": {"full19test": {"wa": 0.776787}}, "step": 74}
Step:75	{"metric": {"full19train": {"acc": 0.985981308411215}}, "step": 75}
Step:75	{"metric": {"full19test": {"acc": 0.7850467289719626}}, "step": 75}
Step:75	{"metric": {"full19test": {"UAR": 0.770983}}, "step": 75}
Step:75	{"metric": {"full19test": {"Macro_F1": 0.788133}}, "step": 75}
Step:75	{"metric": {"full19test": {"wa": 0.803411}}, "step": 75}
Step:76	{"metric": {"full19train": {"acc": 0.9719626168224299}}, "step": 76}
Step:76	{"metric": {"full19test": {"acc": 0.7476635514018691}}, "step": 76}
Step:76	{"metric": {"full19test": {"UAR": 0.750137}}, "step": 76}
Step:76	{"metric": {"full19test": {"Macro_F1": 0.746654}}, "step": 76}
Step:76	{"metric": {"full19test": {"wa": 0.773826}}, "step": 76}
Step:77	{"metric": {"full19train": {"acc": 0.9719626168224299}}, "step": 77}
Step:77	{"metric": {"full19test": {"acc": 0.7102803738317757}}, "step": 77}
Step:77	{"metric": {"full19test": {"UAR": 0.739764}}, "step": 77}
Step:77	{"metric": {"full19test": {"Macro_F1": 0.736301}}, "step": 77}
Step:77	{"metric": {"full19test": {"wa": 0.757805}}, "step": 77}
Step:78	{"metric": {"full19train": {"acc": 0.969626168224299}}, "step": 78}
Step:78	{"metric": {"full19test": {"acc": 0.7663551401869159}}, "step": 78}
Step:78	{"metric": {"full19test": {"UAR": 0.769615}}, "step": 78}
Step:78	{"metric": {"full19test": {"Macro_F1": 0.784982}}, "step": 78}
Step:78	{"metric": {"full19test": {"wa": 0.781901}}, "step": 78}
Step:79	{"metric": {"full19train": {"acc": 0.9602803738317757}}, "step": 79}
Step:79	{"metric": {"full19test": {"acc": 0.7383177570093458}}, "step": 79}
Step:79	{"metric": {"full19test": {"UAR": 0.786457}}, "step": 79}
Step:79	{"metric": {"full19test": {"Macro_F1": 0.768749}}, "step": 79}
Step:79	{"metric": {"full19test": {"wa": 0.776041}}, "step": 79}
Step:80	{"metric": {"full19train": {"acc": 0.9626168224299065}}, "step": 80}
Step:80	{"metric": {"full19test": {"acc": 0.7476635514018691}}, "step": 80}
Step:80	{"metric": {"full19test": {"UAR": 0.771568}}, "step": 80}
Step:80	{"metric": {"full19test": {"Macro_F1": 0.764091}}, "step": 80}
Step:80	{"metric": {"full19test": {"wa": 0.760974}}, "step": 80}
Step:81	{"metric": {"full19train": {"acc": 0.985981308411215}}, "step": 81}
Step:81	{"metric": {"full19test": {"acc": 0.719626168224299}}, "step": 81}
Step:81	{"metric": {"full19test": {"UAR": 0.719999}}, "step": 81}
Step:81	{"metric": {"full19test": {"Macro_F1": 0.722225}}, "step": 81}
Step:81	{"metric": {"full19test": {"wa": 0.74339}}, "step": 81}
Step:82	{"metric": {"full19train": {"acc": 0.955607476635514}}, "step": 82}
Step:82	{"metric": {"full19test": {"acc": 0.7476635514018691}}, "step": 82}
Step:82	{"metric": {"full19test": {"UAR": 0.75058}}, "step": 82}
Step:82	{"metric": {"full19test": {"Macro_F1": 0.751201}}, "step": 82}
Step:82	{"metric": {"full19test": {"wa": 0.777333}}, "step": 82}
Step:83	{"metric": {"full19train": {"acc": 0.9766355140186916}}, "step": 83}
Step:83	{"metric": {"full19test": {"acc": 0.7289719626168224}}, "step": 83}
Step:83	{"metric": {"full19test": {"UAR": 0.736513}}, "step": 83}
Step:83	{"metric": {"full19test": {"Macro_F1": 0.732289}}, "step": 83}
Step:83	{"metric": {"full19test": {"wa": 0.756311}}, "step": 83}
Step:84	{"metric": {"full19train": {"acc": 0.9883177570093458}}, "step": 84}
Step:84	{"metric": {"full19test": {"acc": 0.7663551401869159}}, "step": 84}
Step:84	{"metric": {"full19test": {"UAR": 0.783466}}, "step": 84}
Step:84	{"metric": {"full19test": {"Macro_F1": 0.782786}}, "step": 84}
Step:84	{"metric": {"full19test": {"wa": 0.773142}}, "step": 84}
Step:85	{"metric": {"full19train": {"acc": 0.9836448598130841}}, "step": 85}
Step:85	{"metric": {"full19test": {"acc": 0.7289719626168224}}, "step": 85}
Step:85	{"metric": {"full19test": {"UAR": 0.74633}}, "step": 85}
Step:85	{"metric": {"full19test": {"Macro_F1": 0.74964}}, "step": 85}
Step:85	{"metric": {"full19test": {"wa": 0.743493}}, "step": 85}
Step:86	{"metric": {"full19train": {"acc": 0.9789719626168224}}, "step": 86}
Step:86	{"metric": {"full19test": {"acc": 0.7757009345794392}}, "step": 86}
Step:86	{"metric": {"full19test": {"UAR": 0.786678}}, "step": 86}
Step:86	{"metric": {"full19test": {"Macro_F1": 0.796359}}, "step": 86}
Step:86	{"metric": {"full19test": {"wa": 0.796254}}, "step": 86}
Step:87	{"metric": {"full19train": {"acc": 0.9766355140186916}}, "step": 87}
Step:87	{"metric": {"full19test": {"acc": 0.8130841121495327}}, "step": 87}
Step:87	{"metric": {"full19test": {"UAR": 0.823803}}, "step": 87}
Step:87	{"metric": {"full19test": {"Macro_F1": 0.832737}}, "step": 87}
Step:87	{"metric": {"full19test": {"wa": 0.825385}}, "step": 87}
Step:88	{"metric": {"full19train": {"acc": 0.9813084112149533}}, "step": 88}
Step:88	{"metric": {"full19test": {"acc": 0.794392523364486}}, "step": 88}
Step:88	{"metric": {"full19test": {"UAR": 0.803925}}, "step": 88}
Step:88	{"metric": {"full19test": {"Macro_F1": 0.80404}}, "step": 88}
Step:88	{"metric": {"full19test": {"wa": 0.816068}}, "step": 88}
Step:89	{"metric": {"full19train": {"acc": 0.985981308411215}}, "step": 89}
Step:89	{"metric": {"full19test": {"acc": 0.794392523364486}}, "step": 89}
Step:89	{"metric": {"full19test": {"UAR": 0.814615}}, "step": 89}
Step:89	{"metric": {"full19test": {"Macro_F1": 0.81787}}, "step": 89}
Step:89	{"metric": {"full19test": {"wa": 0.800594}}, "step": 89}
Step:90	{"metric": {"full19train": {"acc": 0.9766355140186916}}, "step": 90}
Step:90	{"metric": {"full19test": {"acc": 0.7383177570093458}}, "step": 90}
Step:90	{"metric": {"full19test": {"UAR": 0.735574}}, "step": 90}
Step:90	{"metric": {"full19test": {"Macro_F1": 0.743818}}, "step": 90}
Step:90	{"metric": {"full19test": {"wa": 0.763785}}, "step": 90}
Step:91	{"metric": {"full19train": {"acc": 0.9906542056074766}}, "step": 91}
Step:91	{"metric": {"full19test": {"acc": 0.7757009345794392}}, "step": 91}
Step:91	{"metric": {"full19test": {"UAR": 0.753891}}, "step": 91}
Step:91	{"metric": {"full19test": {"Macro_F1": 0.766683}}, "step": 91}
Step:91	{"metric": {"full19test": {"wa": 0.789436}}, "step": 91}
Step:92	{"metric": {"full19train": {"acc": 0.9836448598130841}}, "step": 92}
Step:92	{"metric": {"full19test": {"acc": 0.8130841121495327}}, "step": 92}
Step:92	{"metric": {"full19test": {"UAR": 0.804999}}, "step": 92}
Step:92	{"metric": {"full19test": {"Macro_F1": 0.81756}}, "step": 92}
Step:92	{"metric": {"full19test": {"wa": 0.83127}}, "step": 92}
Step:93	{"metric": {"full19train": {"acc": 0.9836448598130841}}, "step": 93}
Step:93	{"metric": {"full19test": {"acc": 0.7289719626168224}}, "step": 93}
Step:93	{"metric": {"full19test": {"UAR": 0.744971}}, "step": 93}
Step:93	{"metric": {"full19test": {"Macro_F1": 0.742078}}, "step": 93}
Step:93	{"metric": {"full19test": {"wa": 0.741827}}, "step": 93}
Step:94	{"metric": {"full19train": {"acc": 0.9883177570093458}}, "step": 94}
Step:94	{"metric": {"full19test": {"acc": 0.7570093457943925}}, "step": 94}
Step:94	{"metric": {"full19test": {"UAR": 0.781379}}, "step": 94}
Step:94	{"metric": {"full19test": {"Macro_F1": 0.779606}}, "step": 94}
Step:94	{"metric": {"full19test": {"wa": 0.77603}}, "step": 94}
Step:95	{"metric": {"full19train": {"acc": 0.985981308411215}}, "step": 95}
Step:95	{"metric": {"full19test": {"acc": 0.794392523364486}}, "step": 95}
Step:95	{"metric": {"full19test": {"UAR": 0.800661}}, "step": 95}
Step:95	{"metric": {"full19test": {"Macro_F1": 0.806209}}, "step": 95}
Step:95	{"metric": {"full19test": {"wa": 0.803986}}, "step": 95}
Step:96	{"metric": {"full19train": {"acc": 0.9976635514018691}}, "step": 96}
Step:96	{"metric": {"full19test": {"acc": 0.794392523364486}}, "step": 96}
Step:96	{"metric": {"full19test": {"UAR": 0.799552}}, "step": 96}
Step:96	{"metric": {"full19test": {"Macro_F1": 0.798112}}, "step": 96}
Step:96	{"metric": {"full19test": {"wa": 0.81408}}, "step": 96}
Step:97	{"metric": {"full19train": {"acc": 0.9929906542056075}}, "step": 97}
Step:97	{"metric": {"full19test": {"acc": 0.794392523364486}}, "step": 97}
Step:97	{"metric": {"full19test": {"UAR": 0.776041}}, "step": 97}
Step:97	{"metric": {"full19test": {"Macro_F1": 0.779925}}, "step": 97}
Step:97	{"metric": {"full19test": {"wa": 0.814202}}, "step": 97}
Step:98	{"metric": {"full19train": {"acc": 0.9883177570093458}}, "step": 98}
Step:98	{"metric": {"full19test": {"acc": 0.7757009345794392}}, "step": 98}
Step:98	{"metric": {"full19test": {"UAR": 0.778704}}, "step": 98}
Step:98	{"metric": {"full19test": {"Macro_F1": 0.796238}}, "step": 98}
Step:98	{"metric": {"full19test": {"wa": 0.790787}}, "step": 98}
Step:99	{"metric": {"full19train": {"acc": 0.9883177570093458}}, "step": 99}
Step:99	{"metric": {"full19test": {"acc": 0.7850467289719626}}, "step": 99}
Step:99	{"metric": {"full19test": {"UAR": 0.794617}}, "step": 99}
Step:99	{"metric": {"full19test": {"Macro_F1": 0.785288}}, "step": 99}
Step:99	{"metric": {"full19test": {"wa": 0.798201}}, "step": 99}
Step:100	{"metric": {"full19train": {"acc": 0.9813084112149533}}, "step": 100}
Step:100	{"metric": {"full19test": {"acc": 0.8411214953271028}}, "step": 100}
Step:100	{"metric": {"full19test": {"UAR": 0.845177}}, "step": 100}
Step:100	{"metric": {"full19test": {"Macro_F1": 0.84559}}, "step": 100}
Step:100	{"metric": {"full19test": {"wa": 0.859838}}, "step": 100}
