{"metric": {"full191": 0.22448979591836735}}
{"metric": {"full191UAR": 0.088776}}
{"metric": {"full191f1": 0.108069}}
{"metric": {"full191wa": 0.558071}}
{"metric": {"full191f1": 0.111171}}
{"metric": {"full191": 0.2857142857142857}}
{"metric": {"full191UAR": 0.323598}}
{"metric": {"full191f1": 0.22449}}
{"metric": {"full191": 0.3673469387755102}}
{"metric": {"full191": 0.3877551020408163}}
{"metric": {"full191wa": 0.560164}}
{"metric": {"full191": 0.4489795918367347}}
{"metric": {"full191f1": 0.238342}}
{"metric": {"full191wa": 0.685529}}
{"metric": {"full191": 0.5102040816326531}}
{"metric": {"full191UAR": 0.463265}}
{"metric": {"full191f1": 0.290409}}
{"metric": {"full191wa": 0.762457}}
{"metric": {"full191": 0.5714285714285714}}
{"metric": {"full191UAR": 0.489116}}
{"metric": {"full191f1": 0.354283}}
{"metric": {"full191wa": 0.843732}}
{"metric": {"full191": 0.5918367346938775}}
{"metric": {"full191UAR": 0.541497}}
{"metric": {"full191f1": 0.432616}}
{"metric": {"full191": 0.5918367346938775}}
{"metric": {"full191f1": 0.473167}}
{"metric": {"full191": 0.5918367346938775}}
{"metric": {"full191": 0.5918367346938775}}
{"metric": {"full191f1": 0.478874}}
{"metric": {"full191": 0.6530612244897959}}
{"metric": {"full191UAR": 0.562925}}
{"metric": {"full191f1": 0.539251}}
{"metric": {"full191": 0.673469387755102}}
{"metric": {"full191UAR": 0.567347}}
{"metric": {"full191f1": 0.568777}}
{"metric": {"zhong": 0.14285714285714285}}
{"metric": {"zhongUAR": 0.210204}}
{"metric": {"zhongf1": 0.112201}}
{"metric": {"zhongwa": 0.669096}}
{"metric": {"zhong": 0.16326530612244897}}
{"metric": {"zhongwa": 1.0}}
{"metric": {"zhong": 0.24489795918367346}}
{"metric": {"zhongf1": 0.140336}}
{"metric": {"zhong": 0.3673469387755102}}
{"metric": {"zhongf1": 0.196174}}
{"metric": {"zhong": 0.3877551020408163}}
{"metric": {"zhongUAR": 0.333141}}
{"metric": {"zhongf1": 0.237407}}
{"metric": {"zhong": 0.42857142857142855}}
{"metric": {"zhongUAR": 0.399282}}
{"metric": {"zhongf1": 0.297537}}
{"metric": {"zhongUAR": 0.407834}}
{"metric": {"zhong": 0.42857142857142855}}
{"metric": {"zhong": 0.42857142857142855}}
{"metric": {"zhong": 0.42857142857142855}}
{"metric": {"zhong": 0.42857142857142855}}
{"metric": {"zhong": 0.42857142857142855}}
{"metric": {"zhong": 0.42857142857142855}}
{"metric": {"zhong": 0.42857142857142855}}
{"metric": {"zhong": 0.42857142857142855}}
{"metric": {"zhong": 0.42857142857142855}}
{"metric": {"zhong": 0.42857142857142855}}
{"metric": {"zhong": 0.42857142857142855}}
{"metric": {"zhong": 0.42857142857142855}}
{"metric": {"zhong": 0.42857142857142855}}
{"metric": {"zhong": 0.42857142857142855}}
{"metric": {"zhong": 0.42857142857142855}}
{"metric": {"zhong": 0.42857142857142855}}
{"metric": {"zhong": 0.42857142857142855}}
{"metric": {"zhong": 0.42857142857142855}}
{"metric": {"zhong": 0.42857142857142855}}
{"metric": {"zhong": 0.42857142857142855}}
{"metric": {"zhong": 0.42857142857142855}}
{"metric": {"zhong": 0.42857142857142855}}
{"metric": {"zhong": 0.42857142857142855}}
{"metric": {"zhong": 0.42857142857142855}}
{"metric": {"zhong": 0.42857142857142855}}
{"metric": {"zhong": 0.42857142857142855}}
{"metric": {"zhong": 0.42857142857142855}}
{"metric": {"zhong": 0.42857142857142855}}
{"metric": {"zhong": 0.42857142857142855}}
{"metric": {"zhong": 0.42857142857142855}}
{"metric": {"zhong": 0.42857142857142855}}
{"metric": {"zhong": 0.42857142857142855}}
{"metric": {"zhong": 0.42857142857142855}}
{"metric": {"zhong": 0.42857142857142855}}
{"metric": {"zhong": 0.42857142857142855}}
{"metric": {"zhong": 0.42857142857142855}}
{"metric": {"zhong": 0.42857142857142855}}
{"metric": {"zhong": 0.42857142857142855}}
{"metric": {"zhong": 0.42857142857142855}}
{"metric": {"zhong": 0.42857142857142855}}
{"metric": {"zhong": 0.42857142857142855}}
