Step:1	{"loss": {"full191train_loss": 0.03685879707336426}, "step": 1}
Step:1	{"loss": {"full191test_loss": 0.039327782027575434}, "step": 1}
Step:2	{"loss": {"full191train_loss": 0.03521233255212957}, "step": 2}
Step:2	{"loss": {"full191test_loss": 0.03879012866896026}, "step": 2}
Step:3	{"loss": {"full191train_loss": 0.03553955771706321}, "step": 3}
Step:3	{"loss": {"full191test_loss": 0.0386080230985369}, "step": 3}
Step:4	{"loss": {"full191train_loss": 0.03433805812488903}, "step": 4}
Step:4	{"loss": {"full191test_loss": 0.038943748084866274}, "step": 4}
Step:5	{"loss": {"full191train_loss": 0.03412718556144021}, "step": 5}
Step:5	{"loss": {"full191test_loss": 0.0374884556750862}, "step": 5}
Step:6	{"loss": {"full191train_loss": 0.033029545437205925}, "step": 6}
Step:6	{"loss": {"full191test_loss": 0.03661236227775107}, "step": 6}
Step:7	{"loss": {"full191train_loss": 0.03226906169544567}, "step": 7}
Step:7	{"loss": {"full191test_loss": 0.03508629604261749}, "step": 7}
Step:8	{"loss": {"full191train_loss": 0.030668226155367764}, "step": 8}
Step:8	{"loss": {"full191test_loss": 0.034115499379683514}, "step": 8}
Step:9	{"loss": {"full191train_loss": 0.028964716737920587}, "step": 9}
Step:9	{"loss": {"full191test_loss": 0.03294033177044927}, "step": 9}
Step:10	{"loss": {"full191train_loss": 0.027663157202980734}, "step": 10}
Step:10	{"loss": {"full191test_loss": 0.030846388972535426}, "step": 10}
Step:11	{"loss": {"full191train_loss": 0.026536579565568402}, "step": 11}
Step:11	{"loss": {"full191test_loss": 0.030223797778694}, "step": 11}
Step:12	{"loss": {"full191train_loss": 0.025344699079340154}, "step": 12}
Step:12	{"loss": {"full191test_loss": 0.02970013326528121}, "step": 12}
Step:13	{"loss": {"full191train_loss": 0.02345361276106401}, "step": 13}
Step:13	{"loss": {"full191test_loss": 0.02778760267763722}, "step": 13}
Step:14	{"loss": {"full191train_loss": 0.022795854915272105}, "step": 14}
Step:14	{"loss": {"full191test_loss": 0.028403209180248027}, "step": 14}
Step:15	{"loss": {"full191train_loss": 0.021443228288130327}, "step": 15}
Step:15	{"loss": {"full191test_loss": 0.026982582345300793}, "step": 15}
Step:16	{"loss": {"full191train_loss": 0.020671363310380414}, "step": 16}
Step:16	{"loss": {"full191test_loss": 0.026220078371009047}, "step": 16}
Step:17	{"loss": {"full191train_loss": 0.019250778718428178}, "step": 17}
Step:17	{"loss": {"full191test_loss": 0.025990400995526994}, "step": 17}
Step:18	{"loss": {"full191train_loss": 0.017753568562594326}, "step": 18}
Step:18	{"loss": {"full191test_loss": 0.02368177199850277}, "step": 18}
Step:19	{"loss": {"full191train_loss": 0.017527996410023082}, "step": 19}
Step:19	{"loss": {"full191test_loss": 0.02413961595418502}, "step": 19}
Step:20	{"loss": {"full191train_loss": 0.016648125648498536}, "step": 20}
Step:20	{"loss": {"full191test_loss": 0.024800088940834512}, "step": 20}
Step:21	{"loss": {"full191train_loss": 0.015323318134654653}, "step": 21}
Step:21	{"loss": {"full191test_loss": 0.02414848366562201}, "step": 21}
Step:22	{"loss": {"full191train_loss": 0.015225540507923473}, "step": 22}
Step:22	{"loss": {"full191test_loss": 0.02476343330071897}, "step": 22}
Step:23	{"loss": {"full191train_loss": 0.014690035039728338}, "step": 23}
Step:23	{"loss": {"full191test_loss": 0.02460062260530433}, "step": 23}
Step:24	{"loss": {"full191train_loss": 0.013359925963661888}, "step": 24}
Step:24	{"loss": {"full191test_loss": 0.021740716330859125}, "step": 24}
Step:25	{"loss": {"full191train_loss": 0.011658647927370938}, "step": 25}
Step:25	{"loss": {"full191test_loss": 0.024268332792788137}, "step": 25}
Step:26	{"loss": {"full191train_loss": 0.012693156979300759}, "step": 26}
Step:26	{"loss": {"full191test_loss": 0.02301519744250239}, "step": 26}
Step:27	{"loss": {"full191train_loss": 0.01212632330981168}, "step": 27}
Step:27	{"loss": {"full191test_loss": 0.02423425110018983}, "step": 27}
Step:28	{"loss": {"full191train_loss": 0.012572250582955101}, "step": 28}
Step:28	{"loss": {"full191test_loss": 0.025365165301731656}, "step": 28}
Step:29	{"loss": {"full191train_loss": 0.01235127015547319}, "step": 29}
Step:29	{"loss": {"full191test_loss": 0.025631456959004303}, "step": 29}
Step:30	{"loss": {"full191train_loss": 0.011215130849318071}, "step": 30}
Step:30	{"loss": {"full191test_loss": 0.02777548955411327}, "step": 30}
Step:31	{"loss": {"full191train_loss": 0.011187911033630371}, "step": 31}
Step:31	{"loss": {"full191test_loss": 0.02736321517399379}, "step": 31}
Step:32	{"loss": {"full191train_loss": 0.010289320078763094}, "step": 32}
Step:32	{"loss": {"full191test_loss": 0.025532425666341976}, "step": 32}
Step:33	{"loss": {"full191train_loss": 0.008601452003825795}, "step": 33}
Step:33	{"loss": {"full191test_loss": 0.030606783166223644}, "step": 33}
Step:34	{"loss": {"full191train_loss": 0.009570162946527655}, "step": 34}
Step:34	{"loss": {"full191test_loss": 0.030144852034899652}, "step": 34}
Step:35	{"loss": {"full191train_loss": 0.008581804687326606}, "step": 35}
Step:35	{"loss": {"full191test_loss": 0.02847060622001181}, "step": 35}
Step:36	{"loss": {"full191train_loss": 0.009099095517938787}, "step": 36}
Step:36	{"loss": {"full191test_loss": 0.025060388506675253}, "step": 36}
Step:37	{"loss": {"full191train_loss": 0.006402029774405739}, "step": 37}
Step:37	{"loss": {"full191test_loss": 0.025101929294819733}, "step": 37}
Step:38	{"loss": {"full191train_loss": 0.0078076335516842925}, "step": 38}
Step:38	{"loss": {"full191test_loss": 0.026279863046140085}, "step": 38}
Step:39	{"loss": {"full191train_loss": 0.007463623718781905}, "step": 39}
Step:39	{"loss": {"full191test_loss": 0.027585521036264847}, "step": 39}
Step:40	{"loss": {"full191train_loss": 0.0072693515907634385}, "step": 40}
Step:40	{"loss": {"full191test_loss": 0.027863546293608998}, "step": 40}
Step:41	{"loss": {"full191train_loss": 0.005968260765075684}, "step": 41}
Step:41	{"loss": {"full191test_loss": 0.029806560399580975}, "step": 41}
Step:42	{"loss": {"full191train_loss": 0.008019236001101408}, "step": 42}
Step:42	{"loss": {"full191test_loss": 0.03690132316277952}, "step": 42}
Step:43	{"loss": {"full191train_loss": 0.005051170154051347}, "step": 43}
Step:43	{"loss": {"full191test_loss": 0.03164662390339131}, "step": 43}
Step:44	{"loss": {"full191train_loss": 0.005590369484641335}, "step": 44}
Step:44	{"loss": {"full191test_loss": 0.030514595459918588}, "step": 44}
Step:45	{"loss": {"full191train_loss": 0.005932376059618863}, "step": 45}
Step:45	{"loss": {"full191test_loss": 0.02344398595848862}, "step": 45}
Step:46	{"loss": {"full191train_loss": 0.005067134445363825}, "step": 46}
Step:46	{"loss": {"full191test_loss": 0.02536517016741694}, "step": 46}
Step:47	{"loss": {"full191train_loss": 0.004088495536284013}, "step": 47}
Step:47	{"loss": {"full191test_loss": 0.028211569299503247}, "step": 47}
Step:48	{"loss": {"full191train_loss": 0.005422885309566151}, "step": 48}
Step:48	{"loss": {"full191test_loss": 0.029290196846942514}, "step": 48}
Step:49	{"loss": {"full191train_loss": 0.004789004000750455}, "step": 49}
Step:49	{"loss": {"full191test_loss": 0.03194320688442308}, "step": 49}
Step:50	{"loss": {"full191train_loss": 0.003265911340713501}, "step": 50}
Step:50	{"loss": {"full191test_loss": 0.031757235527038574}, "step": 50}
Step:51	{"loss": {"full191train_loss": 0.003347700834274292}, "step": 51}
Step:51	{"loss": {"full191test_loss": 0.03657567257783851}, "step": 51}
Step:52	{"loss": {"full191train_loss": 0.005184972828084772}, "step": 52}
Step:52	{"loss": {"full191test_loss": 0.039632522329992176}, "step": 52}
Step:53	{"loss": {"full191train_loss": 0.0028963219035755506}, "step": 53}
Step:53	{"loss": {"full191test_loss": 0.03577115584392937}, "step": 53}
Step:54	{"loss": {"full191train_loss": 0.003134153376926075}, "step": 54}
Step:54	{"loss": {"full191test_loss": 0.03147149085998535}, "step": 54}
Step:55	{"loss": {"full191train_loss": 0.0026897275989705865}, "step": 55}
Step:55	{"loss": {"full191test_loss": 0.03552547766237843}, "step": 55}
Step:56	{"loss": {"full191train_loss": 0.0027130313894965434}, "step": 56}
Step:56	{"loss": {"full191test_loss": 0.03384947290225905}, "step": 56}
Step:57	{"loss": {"full191train_loss": 0.002381228045983748}, "step": 57}
Step:57	{"loss": {"full191test_loss": 0.036523018564496725}, "step": 57}
Step:58	{"loss": {"full191train_loss": 0.0024151945655996147}, "step": 58}
Step:58	{"loss": {"full191test_loss": 0.028526452122902383}, "step": 58}
Step:59	{"loss": {"full191train_loss": 0.002088509500026703}, "step": 59}
Step:59	{"loss": {"full191test_loss": 0.0300656508426277}, "step": 59}
Step:60	{"loss": {"full191train_loss": 0.00316229137507352}, "step": 60}
Step:60	{"loss": {"full191test_loss": 0.029817126235183403}, "step": 60}
Step:61	{"loss": {"full191train_loss": 0.002005886218764565}, "step": 61}
Step:61	{"loss": {"full191test_loss": 0.03923287683603715}, "step": 61}
Step:62	{"loss": {"full191train_loss": 0.0020834175023165618}, "step": 62}
Step:62	{"loss": {"full191test_loss": 0.037798523902893066}, "step": 62}
Step:63	{"loss": {"full191train_loss": 0.0017681925134225326}, "step": 63}
Step:63	{"loss": {"full191test_loss": 0.052324791343844664}, "step": 63}
Step:64	{"loss": {"full191train_loss": 0.0033934143456545744}, "step": 64}
Step:64	{"loss": {"full191test_loss": 0.04353364633054149}, "step": 64}
Step:65	{"loss": {"full191train_loss": 0.0018452030691233547}, "step": 65}
Step:65	{"loss": {"full191test_loss": 0.04023827825273786}, "step": 65}
Step:66	{"loss": {"full191train_loss": 0.001678091287612915}, "step": 66}
Step:66	{"loss": {"full191test_loss": 0.03926481519426618}, "step": 66}
Step:67	{"loss": {"full191train_loss": 0.0018645315007729964}, "step": 67}
Step:67	{"loss": {"full191test_loss": 0.042604285843518316}, "step": 67}
Step:68	{"loss": {"full191train_loss": 0.004493745619600469}, "step": 68}
Step:68	{"loss": {"full191test_loss": 0.043528566555101046}, "step": 68}
Step:69	{"loss": {"full191train_loss": 0.0014904979955066334}, "step": 69}
Step:69	{"loss": {"full191test_loss": 0.04904882275328344}, "step": 69}
Step:70	{"loss": {"full191train_loss": 0.0025708008896220816}, "step": 70}
Step:70	{"loss": {"full191test_loss": 0.048085670081936586}, "step": 70}
Step:71	{"loss": {"full191train_loss": 0.002265400371768258}, "step": 71}
Step:71	{"loss": {"full191test_loss": 0.043654558609943}, "step": 71}
Step:72	{"loss": {"full191train_loss": 0.002006220275705511}, "step": 72}
Step:72	{"loss": {"full191test_loss": 0.034808518935223014}, "step": 72}
Step:73	{"loss": {"full191train_loss": 0.0019950714978304775}, "step": 73}
Step:73	{"loss": {"full191test_loss": 0.03163028249935228}, "step": 73}
Step:74	{"loss": {"full191train_loss": 0.002183960649100217}, "step": 74}
Step:74	{"loss": {"full191test_loss": 0.04146444554231605}, "step": 74}
Step:75	{"loss": {"full191train_loss": 0.0012945419008081609}, "step": 75}
Step:75	{"loss": {"full191test_loss": 0.03681521513024155}, "step": 75}
Step:76	{"loss": {"full191train_loss": 0.002787566455927762}, "step": 76}
Step:76	{"loss": {"full191test_loss": 0.03859015143647486}, "step": 76}
Step:77	{"loss": {"full191train_loss": 0.00132391249591654}, "step": 77}
Step:77	{"loss": {"full191test_loss": 0.03189024390006552}, "step": 77}
Step:78	{"loss": {"full191train_loss": 0.0012565844438292763}, "step": 78}
Step:78	{"loss": {"full191test_loss": 0.0372683977594181}, "step": 78}
Step:79	{"loss": {"full191train_loss": 0.0012432809580456127}, "step": 79}
Step:79	{"loss": {"full191test_loss": 0.03651887056778888}, "step": 79}
Step:80	{"loss": {"full191train_loss": 0.001206440275365656}, "step": 80}
Step:80	{"loss": {"full191test_loss": 0.0334876435143607}, "step": 80}
Step:81	{"loss": {"full191train_loss": 0.001623549380085685}, "step": 81}
Step:81	{"loss": {"full191test_loss": 0.04505429462510712}, "step": 81}
Step:82	{"loss": {"full191train_loss": 0.0010942662981423465}, "step": 82}
Step:82	{"loss": {"full191test_loss": 0.03875512736184256}, "step": 82}
Step:83	{"loss": {"full191train_loss": 0.001450222459706393}, "step": 83}
Step:83	{"loss": {"full191test_loss": 0.042906775766489456}, "step": 83}
Step:84	{"loss": {"full191train_loss": 0.0006424539468505166}, "step": 84}
Step:84	{"loss": {"full191test_loss": 0.041357984348219266}, "step": 84}
Step:85	{"loss": {"full191train_loss": 0.000584985383532264}, "step": 85}
Step:85	{"loss": {"full191test_loss": 0.039626060699929994}, "step": 85}
Step:86	{"loss": {"full191train_loss": 0.0015206136486747047}, "step": 86}
Step:86	{"loss": {"full191test_loss": 0.045593256853064715}, "step": 86}
Step:87	{"loss": {"full191train_loss": 0.0012281835079193115}, "step": 87}
Step:87	{"loss": {"full191test_loss": 0.03758003030504499}, "step": 87}
Step:88	{"loss": {"full191train_loss": 0.0006980140100825916}, "step": 88}
Step:88	{"loss": {"full191test_loss": 0.03680503854946214}, "step": 88}
Step:89	{"loss": {"full191train_loss": 0.00112180696292357}, "step": 89}
Step:89	{"loss": {"full191test_loss": 0.04921323912484305}, "step": 89}
Step:90	{"loss": {"full191train_loss": 0.0005238051441582767}, "step": 90}
Step:90	{"loss": {"full191test_loss": 0.0430507416627845}, "step": 90}
Step:91	{"loss": {"full191train_loss": 0.0013174968686970798}, "step": 91}
Step:91	{"loss": {"full191test_loss": 0.04397607336238939}, "step": 91}
Step:92	{"loss": {"full191train_loss": 0.0008867215703834187}, "step": 92}
Step:92	{"loss": {"full191test_loss": 0.041163653743510345}, "step": 92}
Step:93	{"loss": {"full191train_loss": 0.0005524717948653481}, "step": 93}
Step:93	{"loss": {"full191test_loss": 0.05110342161996024}, "step": 93}
Step:94	{"loss": {"full191train_loss": 0.0007862866602160713}, "step": 94}
Step:94	{"loss": {"full191test_loss": 0.050211239834221044}, "step": 94}
Step:95	{"loss": {"full191train_loss": 0.0005853765390136025}, "step": 95}
Step:95	{"loss": {"full191test_loss": 0.0499605840566207}, "step": 95}
Step:96	{"loss": {"full191train_loss": 0.00047610916874625466}, "step": 96}
Step:96	{"loss": {"full191test_loss": 0.045238421887767555}, "step": 96}
Step:97	{"loss": {"full191train_loss": 0.0006324488330971111}, "step": 97}
Step:97	{"loss": {"full191test_loss": 0.04565504619053432}, "step": 97}
Step:98	{"loss": {"full191train_loss": 0.00033780844374136493}, "step": 98}
Step:98	{"loss": {"full191test_loss": 0.04685321146128129}, "step": 98}
Step:99	{"loss": {"full191train_loss": 0.0005447590892965143}, "step": 99}
Step:99	{"loss": {"full191test_loss": 0.04399050011926768}, "step": 99}
Step:100	{"loss": {"full191train_loss": 0.00041240037164904855}, "step": 100}
Step:100	{"loss": {"full191test_loss": 0.055620743303882836}, "step": 100}
Step:1	{"loss": {"zhongtrain_loss": 0.036384781924161044}, "step": 1}
Step:1	{"loss": {"zhongtest_loss": 0.09618446778277961}, "step": 1}
Step:2	{"loss": {"zhongtrain_loss": 0.0677453647960316}, "step": 2}
Step:2	{"loss": {"zhongtest_loss": 0.15108277846355828}, "step": 2}
Step:3	{"loss": {"zhongtrain_loss": 0.11843596371737393}, "step": 3}
Step:3	{"loss": {"zhongtest_loss": 0.20169917904600806}, "step": 3}
Step:4	{"loss": {"zhongtrain_loss": 0.14474963274869052}, "step": 4}
Step:4	{"loss": {"zhongtest_loss": 0.1369593873315928}, "step": 4}
Step:5	{"loss": {"zhongtrain_loss": 0.08532168648459694}, "step": 5}
Step:5	{"loss": {"zhongtest_loss": 0.1553332270408163}, "step": 5}
Step:6	{"loss": {"zhongtrain_loss": 0.0687525055625222}, "step": 6}
Step:6	{"loss": {"zhongtest_loss": 0.07710546863322355}, "step": 6}
Step:7	{"loss": {"zhongtrain_loss": 0.039051272652365944}, "step": 7}
Step:7	{"loss": {"zhongtest_loss": 0.06696105003356934}, "step": 7}
Step:8	{"loss": {"zhongtrain_loss": 0.03199849995699796}, "step": 8}
Step:8	{"loss": {"zhongtest_loss": 0.051132776299301456}, "step": 8}
Step:9	{"loss": {"zhongtrain_loss": 0.009632522409612482}, "step": 9}
Step:9	{"loss": {"zhongtest_loss": 0.06396457127162389}, "step": 9}
Step:10	{"loss": {"zhongtrain_loss": 0.004588844017548994}, "step": 10}
Step:10	{"loss": {"zhongtest_loss": 0.06489983870058644}, "step": 10}
Step:11	{"loss": {"zhongtrain_loss": 0.0029865768822756682}, "step": 11}
Step:11	{"loss": {"zhongtest_loss": 0.0657216772741201}, "step": 11}
Step:12	{"loss": {"zhongtrain_loss": 0.002019204605709423}, "step": 12}
Step:12	{"loss": {"zhongtest_loss": 0.07223017361699319}, "step": 12}
Step:13	{"loss": {"zhongtrain_loss": 0.0007849274711175399}, "step": 13}
Step:13	{"loss": {"zhongtest_loss": 0.07485520109838369}, "step": 13}
Step:14	{"loss": {"zhongtrain_loss": 0.0009233688088980588}, "step": 14}
Step:14	{"loss": {"zhongtest_loss": 0.07244105241736587}, "step": 14}
Step:15	{"loss": {"zhongtrain_loss": 0.00024670860306783156}, "step": 15}
Step:15	{"loss": {"zhongtest_loss": 0.07120421467995157}, "step": 15}
Step:16	{"loss": {"zhongtrain_loss": 6.503284993496808e-05}, "step": 16}
Step:16	{"loss": {"zhongtest_loss": 0.07190782683236259}, "step": 16}
Step:17	{"loss": {"zhongtrain_loss": 4.6654752540317446e-05}, "step": 17}
Step:17	{"loss": {"zhongtest_loss": 0.07327580451965332}, "step": 17}
Step:18	{"loss": {"zhongtrain_loss": 4.760702140629292e-05}, "step": 18}
Step:18	{"loss": {"zhongtest_loss": 0.07541003519175005}, "step": 18}
Step:19	{"loss": {"zhongtrain_loss": 5.3096588023684244e-05}, "step": 19}
Step:19	{"loss": {"zhongtest_loss": 0.07779088312265825}, "step": 19}
Step:20	{"loss": {"zhongtrain_loss": 5.908359519459985e-05}, "step": 20}
Step:20	{"loss": {"zhongtest_loss": 0.07960463056758958}, "step": 20}
Step:21	{"loss": {"zhongtrain_loss": 6.163462742485784e-05}, "step": 21}
Step:21	{"loss": {"zhongtest_loss": 0.08057371937498754}, "step": 21}
Step:22	{"loss": {"zhongtrain_loss": 5.849187093024904e-05}, "step": 22}
Step:22	{"loss": {"zhongtest_loss": 0.0811655618706528}, "step": 22}
Step:23	{"loss": {"zhongtrain_loss": 4.8197695816105065e-05}, "step": 23}
Step:23	{"loss": {"zhongtest_loss": 0.08142159909618144}, "step": 23}
Step:24	{"loss": {"zhongtrain_loss": 3.737793304026127e-05}, "step": 24}
Step:24	{"loss": {"zhongtest_loss": 0.08140028739462093}, "step": 24}
Step:25	{"loss": {"zhongtrain_loss": 2.934506840326569e-05}, "step": 25}
Step:25	{"loss": {"zhongtest_loss": 0.08122953103513134}, "step": 25}
Step:26	{"loss": {"zhongtrain_loss": 2.3496872745454312e-05}, "step": 26}
Step:26	{"loss": {"zhongtest_loss": 0.08096212270308514}, "step": 26}
Step:27	{"loss": {"zhongtrain_loss": 1.9140596586194904e-05}, "step": 27}
Step:27	{"loss": {"zhongtest_loss": 0.08068606804828254}, "step": 27}
Step:28	{"loss": {"zhongtrain_loss": 1.5743224966255102e-05}, "step": 28}
Step:28	{"loss": {"zhongtest_loss": 0.08034103743884029}, "step": 28}
Step:29	{"loss": {"zhongtrain_loss": 1.3172674119811166e-05}, "step": 29}
Step:29	{"loss": {"zhongtest_loss": 0.07999262031243771}, "step": 29}
Step:30	{"loss": {"zhongtrain_loss": 1.12875311804766e-05}, "step": 30}
Step:30	{"loss": {"zhongtest_loss": 0.07965372533214335}, "step": 30}
Step:31	{"loss": {"zhongtrain_loss": 9.845316791060296e-06}, "step": 31}
Step:31	{"loss": {"zhongtest_loss": 0.07940129357941296}, "step": 31}
Step:32	{"loss": {"zhongtrain_loss": 8.731668772683902e-06}, "step": 32}
Step:32	{"loss": {"zhongtest_loss": 0.07929755716907735}, "step": 32}
Step:33	{"loss": {"zhongtrain_loss": 7.855147652497346e-06}, "step": 33}
Step:33	{"loss": {"zhongtest_loss": 0.07926337086424536}, "step": 33}
Step:34	{"loss": {"zhongtrain_loss": 7.15745157900859e-06}, "step": 34}
Step:34	{"loss": {"zhongtest_loss": 0.07929842812674386}, "step": 34}
Step:35	{"loss": {"zhongtrain_loss": 6.6128950989381835e-06}, "step": 35}
Step:35	{"loss": {"zhongtest_loss": 0.0793352662300577}, "step": 35}
Step:36	{"loss": {"zhongtrain_loss": 6.130478471856225e-06}, "step": 36}
Step:36	{"loss": {"zhongtest_loss": 0.07942496513833805}, "step": 36}
Step:37	{"loss": {"zhongtrain_loss": 5.68671596490524e-06}, "step": 37}
Step:37	{"loss": {"zhongtest_loss": 0.07949337180779904}, "step": 37}
Step:38	{"loss": {"zhongtrain_loss": 5.295855225995183e-06}, "step": 38}
Step:38	{"loss": {"zhongtest_loss": 0.07961021150861468}, "step": 38}
Step:39	{"loss": {"zhongtrain_loss": 4.899393322623589e-06}, "step": 39}
Step:39	{"loss": {"zhongtest_loss": 0.07966486775145239}, "step": 39}
Step:40	{"loss": {"zhongtrain_loss": 4.5391455800695855e-06}, "step": 40}
Step:40	{"loss": {"zhongtest_loss": 0.079780997062216}, "step": 40}
Step:41	{"loss": {"zhongtrain_loss": 4.206615267321468e-06}, "step": 41}
Step:41	{"loss": {"zhongtest_loss": 0.07986298385931521}, "step": 41}
Step:42	{"loss": {"zhongtrain_loss": 3.931910296986726e-06}, "step": 42}
Step:42	{"loss": {"zhongtest_loss": 0.07995399163693798}, "step": 42}
Step:43	{"loss": {"zhongtrain_loss": 3.676980321126228e-06}, "step": 43}
Step:43	{"loss": {"zhongtest_loss": 0.07997396527504434}, "step": 43}
Step:44	{"loss": {"zhongtrain_loss": 3.44450818374753e-06}, "step": 44}
Step:44	{"loss": {"zhongtest_loss": 0.08005112044665279}, "step": 44}
Step:45	{"loss": {"zhongtrain_loss": 3.2344049858776008e-06}, "step": 45}
Step:45	{"loss": {"zhongtest_loss": 0.08010254100877412}, "step": 45}
Step:46	{"loss": {"zhongtrain_loss": 3.036482799374922e-06}, "step": 46}
Step:46	{"loss": {"zhongtest_loss": 0.08015616572633082}, "step": 46}
Step:47	{"loss": {"zhongtrain_loss": 2.857012970542366e-06}, "step": 47}
Step:47	{"loss": {"zhongtest_loss": 0.08020048238793198}, "step": 47}
Step:48	{"loss": {"zhongtrain_loss": 2.688591220331463e-06}, "step": 48}
Step:48	{"loss": {"zhongtest_loss": 0.08023590457682707}, "step": 48}
Step:49	{"loss": {"zhongtrain_loss": 2.5379609062590383e-06}, "step": 49}
Step:49	{"loss": {"zhongtest_loss": 0.0802549391376729}, "step": 49}
Step:50	{"loss": {"zhongtrain_loss": 2.399724326096475e-06}, "step": 50}
Step:50	{"loss": {"zhongtest_loss": 0.08027097157069615}, "step": 50}
Step:51	{"loss": {"zhongtrain_loss": 2.2647068941627035e-06}, "step": 51}
Step:51	{"loss": {"zhongtest_loss": 0.08028598220980897}, "step": 51}
Step:52	{"loss": {"zhongtrain_loss": 2.1517815184779464e-06}, "step": 52}
Step:52	{"loss": {"zhongtest_loss": 0.08030526005491918}, "step": 52}
Step:53	{"loss": {"zhongtrain_loss": 2.0452319983054292e-06}, "step": 53}
Step:53	{"loss": {"zhongtest_loss": 0.08030515787552814}, "step": 53}
Step:54	{"loss": {"zhongtrain_loss": 1.9499055766077204e-06}, "step": 54}
Step:54	{"loss": {"zhongtest_loss": 0.08033343723842076}, "step": 54}
Step:55	{"loss": {"zhongtrain_loss": 1.8638726694255389e-06}, "step": 55}
Step:55	{"loss": {"zhongtest_loss": 0.08032847910511251}, "step": 55}
Step:56	{"loss": {"zhongtrain_loss": 1.7859122387810864e-06}, "step": 56}
Step:56	{"loss": {"zhongtest_loss": 0.08035915238516671}, "step": 56}
Step:57	{"loss": {"zhongtrain_loss": 1.7107473633421415e-06}, "step": 57}
Step:57	{"loss": {"zhongtest_loss": 0.08036959414579431}, "step": 57}
Step:58	{"loss": {"zhongtrain_loss": 1.6435388136993755e-06}, "step": 58}
Step:58	{"loss": {"zhongtest_loss": 0.0803473676953997}, "step": 58}
Step:59	{"loss": {"zhongtrain_loss": 1.5827504367652264e-06}, "step": 59}
Step:59	{"loss": {"zhongtest_loss": 0.0803288391658238}, "step": 59}
Step:60	{"loss": {"zhongtrain_loss": 1.523064301264557e-06}, "step": 60}
Step:60	{"loss": {"zhongtest_loss": 0.08032303926896076}, "step": 60}
Step:61	{"loss": {"zhongtrain_loss": 1.4720052025619556e-06}, "step": 61}
Step:61	{"loss": {"zhongtest_loss": 0.08033683348675164}, "step": 61}
Step:62	{"loss": {"zhongtrain_loss": 1.4315039152279496e-06}, "step": 62}
Step:62	{"loss": {"zhongtest_loss": 0.0803277638493752}, "step": 62}
Step:63	{"loss": {"zhongtrain_loss": 1.3901354660364715e-06}, "step": 63}
Step:63	{"loss": {"zhongtest_loss": 0.08031097723513234}, "step": 63}
Step:64	{"loss": {"zhongtrain_loss": 1.3553069121288981e-06}, "step": 64}
Step:64	{"loss": {"zhongtest_loss": 0.08027861069659797}, "step": 64}
Step:65	{"loss": {"zhongtrain_loss": 1.320556938563558e-06}, "step": 65}
Step:65	{"loss": {"zhongtest_loss": 0.08027931622096471}, "step": 65}
Step:66	{"loss": {"zhongtrain_loss": 1.2885251304727385e-06}, "step": 66}
Step:66	{"loss": {"zhongtest_loss": 0.08027715585669692}, "step": 66}
Step:67	{"loss": {"zhongtrain_loss": 1.2605120322074403e-06}, "step": 67}
Step:67	{"loss": {"zhongtest_loss": 0.08028053750797194}, "step": 67}
Step:68	{"loss": {"zhongtrain_loss": 1.232853074642745e-06}, "step": 68}
Step:68	{"loss": {"zhongtest_loss": 0.08026641728926678}, "step": 68}
Step:69	{"loss": {"zhongtrain_loss": 1.205154826906933e-06}, "step": 69}
Step:69	{"loss": {"zhongtest_loss": 0.08025653508244729}, "step": 69}
Step:70	{"loss": {"zhongtrain_loss": 1.1799778969196434e-06}, "step": 70}
Step:70	{"loss": {"zhongtest_loss": 0.08023676093743771}, "step": 70}
Step:71	{"loss": {"zhongtrain_loss": 1.1541703398424115e-06}, "step": 71}
Step:71	{"loss": {"zhongtest_loss": 0.0802143787851139}, "step": 71}
Step:72	{"loss": {"zhongtrain_loss": 1.132421179632233e-06}, "step": 72}
Step:72	{"loss": {"zhongtest_loss": 0.08020111006133411}, "step": 72}
Step:73	{"loss": {"zhongtrain_loss": 1.1107109127227556e-06}, "step": 73}
Step:73	{"loss": {"zhongtest_loss": 0.0802070072719029}, "step": 73}
Step:74	{"loss": {"zhongtrain_loss": 1.0901435003192588e-06}, "step": 74}
Step:74	{"loss": {"zhongtest_loss": 0.08020013692427655}, "step": 74}
Step:75	{"loss": {"zhongtrain_loss": 1.069969981802966e-06}, "step": 75}
Step:75	{"loss": {"zhongtest_loss": 0.08018831330902722}, "step": 75}
Step:76	{"loss": {"zhongtrain_loss": 1.0509782772384246e-06}, "step": 76}
Step:76	{"loss": {"zhongtest_loss": 0.08019358771187919}, "step": 76}
Step:77	{"loss": {"zhongtrain_loss": 1.032735136422244e-06}, "step": 77}
Step:77	{"loss": {"zhongtest_loss": 0.08018528685277822}, "step": 77}
Step:78	{"loss": {"zhongtrain_loss": 1.0148860217834062e-06}, "step": 78}
Step:78	{"loss": {"zhongtest_loss": 0.08017199866625728}, "step": 78}
Step:79	{"loss": {"zhongtrain_loss": 9.994011964987624e-07}, "step": 79}
Step:79	{"loss": {"zhongtest_loss": 0.08015528503729373}, "step": 79}
Step:80	{"loss": {"zhongtrain_loss": 9.829308758278123e-07}, "step": 80}
Step:80	{"loss": {"zhongtest_loss": 0.08014883313860212}, "step": 80}
Step:81	{"loss": {"zhongtrain_loss": 9.683912635823204e-07}, "step": 81}
Step:81	{"loss": {"zhongtest_loss": 0.08015786871618154}, "step": 81}
Step:82	{"loss": {"zhongtrain_loss": 9.5515212954276e-07}, "step": 82}
Step:82	{"loss": {"zhongtest_loss": 0.08015795143283143}, "step": 82}
Step:83	{"loss": {"zhongtrain_loss": 9.434494793161073e-07}, "step": 83}
Step:83	{"loss": {"zhongtest_loss": 0.08014877961606395}, "step": 83}
Step:84	{"loss": {"zhongtrain_loss": 9.317469613795931e-07}, "step": 84}
Step:84	{"loss": {"zhongtest_loss": 0.08011786791743064}, "step": 84}
Step:85	{"loss": {"zhongtrain_loss": 9.187440975272859e-07}, "step": 85}
Step:85	{"loss": {"zhongtest_loss": 0.080099918404404}, "step": 85}
Step:86	{"loss": {"zhongtrain_loss": 9.078688559715044e-07}, "step": 86}
Step:86	{"loss": {"zhongtest_loss": 0.08009351029687999}, "step": 86}
Step:87	{"loss": {"zhongtrain_loss": 8.964813208546151e-07}, "step": 87}
Step:87	{"loss": {"zhongtest_loss": 0.08007953118304817}, "step": 87}
Step:88	{"loss": {"zhongtrain_loss": 8.85290898044001e-07}, "step": 88}
Step:88	{"loss": {"zhongtest_loss": 0.0800698387379549}, "step": 88}
Step:89	{"loss": {"zhongtrain_loss": 8.755978673103858e-07}, "step": 89}
Step:89	{"loss": {"zhongtest_loss": 0.08007891324101662}, "step": 89}
Step:90	{"loss": {"zhongtrain_loss": 8.655104796740819e-07}, "step": 90}
Step:90	{"loss": {"zhongtest_loss": 0.08005321269132654}, "step": 90}
Step:91	{"loss": {"zhongtrain_loss": 8.560537852727893e-07}, "step": 91}
Step:91	{"loss": {"zhongtest_loss": 0.08005219576310138}, "step": 91}
Step:92	{"loss": {"zhongtrain_loss": 8.467151598200541e-07}, "step": 92}
Step:92	{"loss": {"zhongtest_loss": 0.08006798977754553}, "step": 92}
Step:93	{"loss": {"zhongtrain_loss": 8.368248844900253e-07}, "step": 93}
Step:93	{"loss": {"zhongtest_loss": 0.08005682302981007}, "step": 93}
Step:94	{"loss": {"zhongtrain_loss": 8.276439488823103e-07}, "step": 94}
Step:94	{"loss": {"zhongtest_loss": 0.08005001107040717}, "step": 94}
Step:95	{"loss": {"zhongtrain_loss": 8.193691345778378e-07}, "step": 95}
Step:95	{"loss": {"zhongtest_loss": 0.08003454792256258}, "step": 95}
Step:96	{"loss": {"zhongtrain_loss": 8.101093540476127e-07}, "step": 96}
Step:96	{"loss": {"zhongtest_loss": 0.08002292380041005}, "step": 96}
Step:97	{"loss": {"zhongtrain_loss": 8.019133846656504e-07}, "step": 97}
Step:97	{"loss": {"zhongtest_loss": 0.08003055806062659}, "step": 97}
Step:98	{"loss": {"zhongtrain_loss": 7.93638570361178e-07}, "step": 98}
Step:98	{"loss": {"zhongtest_loss": 0.08001968811969368}, "step": 98}
Step:99	{"loss": {"zhongtrain_loss": 7.8591533978893e-07}, "step": 99}
Step:99	{"loss": {"zhongtest_loss": 0.08000592309601452}, "step": 99}
Step:100	{"loss": {"zhongtrain_loss": 7.784681325905364e-07}, "step": 100}
Step:100	{"loss": {"zhongtest_loss": 0.07999643500970334}, "step": 100}
