Step:1	{"metric": {"full191Training": {"acc": 0.12727272727272726}}, "step": 1}
Step:1	{"metric": {"full191test": {"acc": 0.22448979591836735}}, "step": 1}
Step:1	{"metric": {"full191test": {"UAR": 0.088776}}, "step": 1}
Step:1	{"metric": {"full191test": {"Macro_F1": 0.108069}}, "step": 1}
Step:1	{"metric": {"full191test": {"wa": 0.558071}}, "step": 1}
Step:2	{"metric": {"full191Training": {"acc": 0.2909090909090909}}, "step": 2}
Step:2	{"metric": {"full191test": {"acc": 0.20408163265306123}}, "step": 2}
Step:2	{"metric": {"full191test": {"UAR": 0.073139}}, "step": 2}
Step:2	{"metric": {"full191test": {"Macro_F1": 0.094048}}, "step": 2}
Step:2	{"metric": {"full191test": {"wa": 0.479989}}, "step": 2}
Step:3	{"metric": {"full191Training": {"acc": 0.12727272727272726}}, "step": 3}
Step:3	{"metric": {"full191test": {"acc": 0.16326530612244897}}, "step": 3}
Step:3	{"metric": {"full191test": {"UAR": 0.064626}}, "step": 3}
Step:3	{"metric": {"full191test": {"Macro_F1": 0.083647}}, "step": 3}
Step:3	{"metric": {"full191test": {"wa": 0.303737}}, "step": 3}
Step:4	{"metric": {"full191Training": {"acc": 0.23636363636363636}}, "step": 4}
Step:4	{"metric": {"full191test": {"acc": 0.1836734693877551}}, "step": 4}
Step:4	{"metric": {"full191test": {"UAR": 0.086234}}, "step": 4}
Step:4	{"metric": {"full191test": {"Macro_F1": 0.111171}}, "step": 4}
Step:4	{"metric": {"full191test": {"wa": 0.341956}}, "step": 4}
Step:5	{"metric": {"full191Training": {"acc": 0.14545454545454545}}, "step": 5}
Step:5	{"metric": {"full191test": {"acc": 0.2857142857142857}}, "step": 5}
Step:5	{"metric": {"full191test": {"UAR": 0.323598}}, "step": 5}
Step:5	{"metric": {"full191test": {"Macro_F1": 0.22449}}, "step": 5}
Step:5	{"metric": {"full191test": {"wa": 0.526054}}, "step": 5}
Step:6	{"metric": {"full191Training": {"acc": 0.2727272727272727}}, "step": 6}
Step:6	{"metric": {"full191test": {"acc": 0.24489795918367346}}, "step": 6}
Step:6	{"metric": {"full191test": {"UAR": 0.189194}}, "step": 6}
Step:6	{"metric": {"full191test": {"Macro_F1": 0.181101}}, "step": 6}
Step:6	{"metric": {"full191test": {"wa": 0.475484}}, "step": 6}
Step:7	{"metric": {"full191Training": {"acc": 0.2727272727272727}}, "step": 7}
Step:7	{"metric": {"full191test": {"acc": 0.3673469387755102}}, "step": 7}
Step:7	{"metric": {"full191test": {"UAR": 0.196559}}, "step": 7}
Step:7	{"metric": {"full191test": {"Macro_F1": 0.210524}}, "step": 7}
Step:7	{"metric": {"full191test": {"wa": 0.445627}}, "step": 7}
Step:8	{"metric": {"full191Training": {"acc": 0.38181818181818183}}, "step": 8}
Step:8	{"metric": {"full191test": {"acc": 0.3877551020408163}}, "step": 8}
Step:8	{"metric": {"full191test": {"UAR": 0.178779}}, "step": 8}
Step:8	{"metric": {"full191test": {"Macro_F1": 0.204557}}, "step": 8}
Step:8	{"metric": {"full191test": {"wa": 0.560164}}, "step": 8}
Step:9	{"metric": {"full191Training": {"acc": 0.4}}, "step": 9}
Step:9	{"metric": {"full191test": {"acc": 0.3673469387755102}}, "step": 9}
Step:9	{"metric": {"full191test": {"UAR": 0.169726}}, "step": 9}
Step:9	{"metric": {"full191test": {"Macro_F1": 0.183983}}, "step": 9}
Step:9	{"metric": {"full191test": {"wa": 0.509409}}, "step": 9}
Step:10	{"metric": {"full191Training": {"acc": 0.43636363636363634}}, "step": 10}
Step:10	{"metric": {"full191test": {"acc": 0.4489795918367347}}, "step": 10}
Step:10	{"metric": {"full191test": {"UAR": 0.308081}}, "step": 10}
Step:10	{"metric": {"full191test": {"Macro_F1": 0.238342}}, "step": 10}
Step:10	{"metric": {"full191test": {"wa": 0.685529}}, "step": 10}
Step:11	{"metric": {"full191Training": {"acc": 0.4727272727272727}}, "step": 11}
Step:11	{"metric": {"full191test": {"acc": 0.5102040816326531}}, "step": 11}
Step:11	{"metric": {"full191test": {"UAR": 0.463265}}, "step": 11}
Step:11	{"metric": {"full191test": {"Macro_F1": 0.290409}}, "step": 11}
Step:11	{"metric": {"full191test": {"wa": 0.762457}}, "step": 11}
Step:12	{"metric": {"full191Training": {"acc": 0.45454545454545453}}, "step": 12}
Step:12	{"metric": {"full191test": {"acc": 0.4489795918367347}}, "step": 12}
Step:12	{"metric": {"full191test": {"UAR": 0.245614}}, "step": 12}
Step:12	{"metric": {"full191test": {"Macro_F1": 0.240404}}, "step": 12}
Step:12	{"metric": {"full191test": {"wa": 0.650808}}, "step": 12}
Step:13	{"metric": {"full191Training": {"acc": 0.5272727272727272}}, "step": 13}
Step:13	{"metric": {"full191test": {"acc": 0.5714285714285714}}, "step": 13}
Step:13	{"metric": {"full191test": {"UAR": 0.489116}}, "step": 13}
Step:13	{"metric": {"full191test": {"Macro_F1": 0.354283}}, "step": 13}
Step:13	{"metric": {"full191test": {"wa": 0.843732}}, "step": 13}
Step:14	{"metric": {"full191Training": {"acc": 0.5454545454545454}}, "step": 14}
Step:14	{"metric": {"full191test": {"acc": 0.5102040816326531}}, "step": 14}
Step:14	{"metric": {"full191test": {"UAR": 0.396599}}, "step": 14}
Step:14	{"metric": {"full191test": {"Macro_F1": 0.298403}}, "step": 14}
Step:14	{"metric": {"full191test": {"wa": 0.776054}}, "step": 14}
Step:15	{"metric": {"full191Training": {"acc": 0.509090909090909}}, "step": 15}
Step:15	{"metric": {"full191test": {"acc": 0.42857142857142855}}, "step": 15}
Step:15	{"metric": {"full191test": {"UAR": 0.340476}}, "step": 15}
Step:15	{"metric": {"full191test": {"Macro_F1": 0.262794}}, "step": 15}
Step:15	{"metric": {"full191test": {"wa": 0.56842}}, "step": 15}
Step:16	{"metric": {"full191Training": {"acc": 0.5272727272727272}}, "step": 16}
Step:16	{"metric": {"full191test": {"acc": 0.4897959183673469}}, "step": 16}
Step:16	{"metric": {"full191test": {"UAR": 0.373016}}, "step": 16}
Step:16	{"metric": {"full191test": {"Macro_F1": 0.335251}}, "step": 16}
Step:16	{"metric": {"full191test": {"wa": 0.603949}}, "step": 16}
Step:17	{"metric": {"full191Training": {"acc": 0.509090909090909}}, "step": 17}
Step:17	{"metric": {"full191test": {"acc": 0.42857142857142855}}, "step": 17}
Step:17	{"metric": {"full191test": {"UAR": 0.2125}}, "step": 17}
Step:17	{"metric": {"full191test": {"Macro_F1": 0.232634}}, "step": 17}
Step:17	{"metric": {"full191test": {"wa": 0.594818}}, "step": 17}
Step:18	{"metric": {"full191Training": {"acc": 0.6181818181818182}}, "step": 18}
Step:18	{"metric": {"full191test": {"acc": 0.5918367346938775}}, "step": 18}
Step:18	{"metric": {"full191test": {"UAR": 0.541497}}, "step": 18}
Step:18	{"metric": {"full191test": {"Macro_F1": 0.432616}}, "step": 18}
Step:18	{"metric": {"full191test": {"wa": 0.725285}}, "step": 18}
Step:19	{"metric": {"full191Training": {"acc": 0.5454545454545454}}, "step": 19}
Step:19	{"metric": {"full191test": {"acc": 0.42857142857142855}}, "step": 19}
Step:19	{"metric": {"full191test": {"UAR": 0.337302}}, "step": 19}
Step:19	{"metric": {"full191test": {"Macro_F1": 0.340659}}, "step": 19}
Step:19	{"metric": {"full191test": {"wa": 0.44026}}, "step": 19}
Step:20	{"metric": {"full191Training": {"acc": 0.6545454545454545}}, "step": 20}
Step:20	{"metric": {"full191test": {"acc": 0.46938775510204084}}, "step": 20}
Step:20	{"metric": {"full191test": {"UAR": 0.389881}}, "step": 20}
Step:20	{"metric": {"full191test": {"Macro_F1": 0.361678}}, "step": 20}
Step:20	{"metric": {"full191test": {"wa": 0.546117}}, "step": 20}
Step:21	{"metric": {"full191Training": {"acc": 0.6545454545454545}}, "step": 21}
Step:21	{"metric": {"full191test": {"acc": 0.5306122448979592}}, "step": 21}
Step:21	{"metric": {"full191test": {"UAR": 0.40805}}, "step": 21}
Step:21	{"metric": {"full191test": {"Macro_F1": 0.404304}}, "step": 21}
Step:21	{"metric": {"full191test": {"wa": 0.556533}}, "step": 21}
Step:22	{"metric": {"full191Training": {"acc": 0.6727272727272727}}, "step": 22}
Step:22	{"metric": {"full191test": {"acc": 0.4897959183673469}}, "step": 22}
Step:22	{"metric": {"full191test": {"UAR": 0.419615}}, "step": 22}
Step:22	{"metric": {"full191test": {"Macro_F1": 0.399134}}, "step": 22}
Step:22	{"metric": {"full191test": {"wa": 0.501922}}, "step": 22}
Step:23	{"metric": {"full191Training": {"acc": 0.7090909090909091}}, "step": 23}
Step:23	{"metric": {"full191test": {"acc": 0.46938775510204084}}, "step": 23}
Step:23	{"metric": {"full191test": {"UAR": 0.389848}}, "step": 23}
Step:23	{"metric": {"full191test": {"Macro_F1": 0.371716}}, "step": 23}
Step:23	{"metric": {"full191test": {"wa": 0.480493}}, "step": 23}
Step:24	{"metric": {"full191Training": {"acc": 0.7272727272727273}}, "step": 24}
Step:24	{"metric": {"full191test": {"acc": 0.5918367346938775}}, "step": 24}
Step:24	{"metric": {"full191test": {"UAR": 0.484168}}, "step": 24}
Step:24	{"metric": {"full191test": {"Macro_F1": 0.473167}}, "step": 24}
Step:24	{"metric": {"full191test": {"wa": 0.593294}}, "step": 24}
Step:25	{"metric": {"full191Training": {"acc": 0.7636363636363637}}, "step": 25}
Step:25	{"metric": {"full191test": {"acc": 0.5102040816326531}}, "step": 25}
Step:25	{"metric": {"full191test": {"UAR": 0.410034}}, "step": 25}
Step:25	{"metric": {"full191test": {"Macro_F1": 0.409354}}, "step": 25}
Step:25	{"metric": {"full191test": {"wa": 0.534614}}, "step": 25}
Step:26	{"metric": {"full191Training": {"acc": 0.7090909090909091}}, "step": 26}
Step:26	{"metric": {"full191test": {"acc": 0.5102040816326531}}, "step": 26}
Step:26	{"metric": {"full191test": {"UAR": 0.424361}}, "step": 26}
Step:26	{"metric": {"full191test": {"Macro_F1": 0.405749}}, "step": 26}
Step:26	{"metric": {"full191test": {"wa": 0.537291}}, "step": 26}
Step:27	{"metric": {"full191Training": {"acc": 0.7090909090909091}}, "step": 27}
Step:27	{"metric": {"full191test": {"acc": 0.5510204081632653}}, "step": 27}
Step:27	{"metric": {"full191test": {"UAR": 0.432573}}, "step": 27}
Step:27	{"metric": {"full191test": {"Macro_F1": 0.407832}}, "step": 27}
Step:27	{"metric": {"full191test": {"wa": 0.637}}, "step": 27}
Step:28	{"metric": {"full191Training": {"acc": 0.7454545454545455}}, "step": 28}
Step:28	{"metric": {"full191test": {"acc": 0.4489795918367347}}, "step": 28}
Step:28	{"metric": {"full191test": {"UAR": 0.417857}}, "step": 28}
Step:28	{"metric": {"full191test": {"Macro_F1": 0.367085}}, "step": 28}
Step:28	{"metric": {"full191test": {"wa": 0.427723}}, "step": 28}
Step:29	{"metric": {"full191Training": {"acc": 0.6909090909090909}}, "step": 29}
Step:29	{"metric": {"full191test": {"acc": 0.46938775510204084}}, "step": 29}
Step:29	{"metric": {"full191test": {"UAR": 0.369048}}, "step": 29}
Step:29	{"metric": {"full191test": {"Macro_F1": 0.362624}}, "step": 29}
Step:29	{"metric": {"full191test": {"wa": 0.50713}}, "step": 29}
Step:30	{"metric": {"full191Training": {"acc": 0.7090909090909091}}, "step": 30}
Step:30	{"metric": {"full191test": {"acc": 0.40816326530612246}}, "step": 30}
Step:30	{"metric": {"full191test": {"UAR": 0.370918}}, "step": 30}
Step:30	{"metric": {"full191test": {"Macro_F1": 0.334854}}, "step": 30}
Step:30	{"metric": {"full191test": {"wa": 0.399152}}, "step": 30}
Step:31	{"metric": {"full191Training": {"acc": 0.6909090909090909}}, "step": 31}
Step:31	{"metric": {"full191test": {"acc": 0.5510204081632653}}, "step": 31}
Step:31	{"metric": {"full191test": {"UAR": 0.504365}}, "step": 31}
Step:31	{"metric": {"full191test": {"Macro_F1": 0.419192}}, "step": 31}
Step:31	{"metric": {"full191test": {"wa": 0.610337}}, "step": 31}
Step:32	{"metric": {"full191Training": {"acc": 0.7818181818181819}}, "step": 32}
Step:32	{"metric": {"full191test": {"acc": 0.5510204081632653}}, "step": 32}
Step:32	{"metric": {"full191test": {"UAR": 0.454082}}, "step": 32}
Step:32	{"metric": {"full191test": {"Macro_F1": 0.432793}}, "step": 32}
Step:32	{"metric": {"full191test": {"wa": 0.546607}}, "step": 32}
Step:33	{"metric": {"full191Training": {"acc": 0.8545454545454545}}, "step": 33}
Step:33	{"metric": {"full191test": {"acc": 0.42857142857142855}}, "step": 33}
Step:33	{"metric": {"full191test": {"UAR": 0.394177}}, "step": 33}
Step:33	{"metric": {"full191test": {"Macro_F1": 0.349708}}, "step": 33}
Step:33	{"metric": {"full191test": {"wa": 0.479685}}, "step": 33}
Step:34	{"metric": {"full191Training": {"acc": 0.7272727272727273}}, "step": 34}
Step:34	{"metric": {"full191test": {"acc": 0.3877551020408163}}, "step": 34}
Step:34	{"metric": {"full191test": {"UAR": 0.337894}}, "step": 34}
Step:34	{"metric": {"full191test": {"Macro_F1": 0.327736}}, "step": 34}
Step:34	{"metric": {"full191test": {"wa": 0.386655}}, "step": 34}
Step:35	{"metric": {"full191Training": {"acc": 0.8181818181818182}}, "step": 35}
Step:35	{"metric": {"full191test": {"acc": 0.4489795918367347}}, "step": 35}
Step:35	{"metric": {"full191test": {"UAR": 0.415476}}, "step": 35}
Step:35	{"metric": {"full191test": {"Macro_F1": 0.363017}}, "step": 35}
Step:35	{"metric": {"full191test": {"wa": 0.423867}}, "step": 35}
Step:36	{"metric": {"full191Training": {"acc": 0.7818181818181819}}, "step": 36}
Step:36	{"metric": {"full191test": {"acc": 0.46938775510204084}}, "step": 36}
Step:36	{"metric": {"full191test": {"UAR": 0.41544}}, "step": 36}
Step:36	{"metric": {"full191test": {"Macro_F1": 0.382143}}, "step": 36}
Step:36	{"metric": {"full191test": {"wa": 0.510761}}, "step": 36}
Step:37	{"metric": {"full191Training": {"acc": 0.8909090909090909}}, "step": 37}
Step:37	{"metric": {"full191test": {"acc": 0.4897959183673469}}, "step": 37}
Step:37	{"metric": {"full191test": {"UAR": 0.400186}}, "step": 37}
Step:37	{"metric": {"full191test": {"Macro_F1": 0.376701}}, "step": 37}
Step:37	{"metric": {"full191test": {"wa": 0.504757}}, "step": 37}
Step:38	{"metric": {"full191Training": {"acc": 0.8545454545454545}}, "step": 38}
Step:38	{"metric": {"full191test": {"acc": 0.5918367346938775}}, "step": 38}
Step:38	{"metric": {"full191test": {"UAR": 0.504762}}, "step": 38}
Step:38	{"metric": {"full191test": {"Macro_F1": 0.469745}}, "step": 38}
Step:38	{"metric": {"full191test": {"wa": 0.640737}}, "step": 38}
Step:39	{"metric": {"full191Training": {"acc": 0.8363636363636363}}, "step": 39}
Step:39	{"metric": {"full191test": {"acc": 0.5918367346938775}}, "step": 39}
Step:39	{"metric": {"full191test": {"UAR": 0.506277}}, "step": 39}
Step:39	{"metric": {"full191test": {"Macro_F1": 0.478874}}, "step": 39}
Step:39	{"metric": {"full191test": {"wa": 0.600716}}, "step": 39}
Step:40	{"metric": {"full191Training": {"acc": 0.8363636363636363}}, "step": 40}
Step:40	{"metric": {"full191test": {"acc": 0.6530612244897959}}, "step": 40}
Step:40	{"metric": {"full191test": {"UAR": 0.562925}}, "step": 40}
Step:40	{"metric": {"full191test": {"Macro_F1": 0.539251}}, "step": 40}
Step:40	{"metric": {"full191test": {"wa": 0.669944}}, "step": 40}
Step:41	{"metric": {"full191Training": {"acc": 0.9090909090909091}}, "step": 41}
Step:41	{"metric": {"full191test": {"acc": 0.5714285714285714}}, "step": 41}
Step:41	{"metric": {"full191test": {"UAR": 0.503175}}, "step": 41}
Step:41	{"metric": {"full191test": {"Macro_F1": 0.492883}}, "step": 41}
Step:41	{"metric": {"full191test": {"wa": 0.586059}}, "step": 41}
Step:42	{"metric": {"full191Training": {"acc": 0.8363636363636363}}, "step": 42}
Step:42	{"metric": {"full191test": {"acc": 0.40816326530612246}}, "step": 42}
Step:42	{"metric": {"full191test": {"UAR": 0.369161}}, "step": 42}
Step:42	{"metric": {"full191test": {"Macro_F1": 0.336342}}, "step": 42}
Step:42	{"metric": {"full191test": {"wa": 0.419268}}, "step": 42}
Step:43	{"metric": {"full191Training": {"acc": 0.9090909090909091}}, "step": 43}
Step:43	{"metric": {"full191test": {"acc": 0.5510204081632653}}, "step": 43}
Step:43	{"metric": {"full191test": {"UAR": 0.467347}}, "step": 43}
Step:43	{"metric": {"full191test": {"Macro_F1": 0.446951}}, "step": 43}
Step:43	{"metric": {"full191test": {"wa": 0.554108}}, "step": 43}
Step:44	{"metric": {"full191Training": {"acc": 0.8727272727272727}}, "step": 44}
Step:44	{"metric": {"full191test": {"acc": 0.5714285714285714}}, "step": 44}
Step:44	{"metric": {"full191test": {"UAR": 0.46369}}, "step": 44}
Step:44	{"metric": {"full191test": {"Macro_F1": 0.44861}}, "step": 44}
Step:44	{"metric": {"full191test": {"wa": 0.589253}}, "step": 44}
Step:45	{"metric": {"full191Training": {"acc": 0.8727272727272727}}, "step": 45}
Step:45	{"metric": {"full191test": {"acc": 0.673469387755102}}, "step": 45}
Step:45	{"metric": {"full191test": {"UAR": 0.567347}}, "step": 45}
Step:45	{"metric": {"full191test": {"Macro_F1": 0.568777}}, "step": 45}
Step:45	{"metric": {"full191test": {"wa": 0.671535}}, "step": 45}
Step:46	{"metric": {"full191Training": {"acc": 0.9272727272727272}}, "step": 46}
Step:46	{"metric": {"full191test": {"acc": 0.5714285714285714}}, "step": 46}
Step:46	{"metric": {"full191test": {"UAR": 0.452494}}, "step": 46}
Step:46	{"metric": {"full191test": {"Macro_F1": 0.453741}}, "step": 46}
Step:46	{"metric": {"full191test": {"wa": 0.595097}}, "step": 46}
Step:47	{"metric": {"full191Training": {"acc": 0.9454545454545454}}, "step": 47}
Step:47	{"metric": {"full191test": {"acc": 0.5510204081632653}}, "step": 47}
Step:47	{"metric": {"full191test": {"UAR": 0.487013}}, "step": 47}
Step:47	{"metric": {"full191test": {"Macro_F1": 0.460187}}, "step": 47}
Step:47	{"metric": {"full191test": {"wa": 0.566472}}, "step": 47}
Step:48	{"metric": {"full191Training": {"acc": 0.9272727272727272}}, "step": 48}
Step:48	{"metric": {"full191test": {"acc": 0.5306122448979592}}, "step": 48}
Step:48	{"metric": {"full191test": {"UAR": 0.457143}}, "step": 48}
Step:48	{"metric": {"full191test": {"Macro_F1": 0.420642}}, "step": 48}
Step:48	{"metric": {"full191test": {"wa": 0.59454}}, "step": 48}
Step:49	{"metric": {"full191Training": {"acc": 0.9090909090909091}}, "step": 49}
Step:49	{"metric": {"full191test": {"acc": 0.42857142857142855}}, "step": 49}
Step:49	{"metric": {"full191test": {"UAR": 0.402742}}, "step": 49}
Step:49	{"metric": {"full191test": {"Macro_F1": 0.372086}}, "step": 49}
Step:49	{"metric": {"full191test": {"wa": 0.457752}}, "step": 49}
Step:50	{"metric": {"full191Training": {"acc": 0.9818181818181818}}, "step": 50}
Step:50	{"metric": {"full191test": {"acc": 0.4897959183673469}}, "step": 50}
Step:50	{"metric": {"full191test": {"UAR": 0.431205}}, "step": 50}
Step:50	{"metric": {"full191test": {"Macro_F1": 0.421245}}, "step": 50}
Step:50	{"metric": {"full191test": {"wa": 0.507633}}, "step": 50}
Step:51	{"metric": {"full191Training": {"acc": 0.9818181818181818}}, "step": 51}
Step:51	{"metric": {"full191test": {"acc": 0.46938775510204084}}, "step": 51}
Step:51	{"metric": {"full191test": {"UAR": 0.445996}}, "step": 51}
Step:51	{"metric": {"full191test": {"Macro_F1": 0.39739}}, "step": 51}
Step:51	{"metric": {"full191test": {"wa": 0.502942}}, "step": 51}
Step:52	{"metric": {"full191Training": {"acc": 0.8909090909090909}}, "step": 52}
Step:52	{"metric": {"full191test": {"acc": 0.4489795918367347}}, "step": 52}
Step:52	{"metric": {"full191test": {"UAR": 0.410328}}, "step": 52}
Step:52	{"metric": {"full191test": {"Macro_F1": 0.386968}}, "step": 52}
Step:52	{"metric": {"full191test": {"wa": 0.490167}}, "step": 52}
Step:53	{"metric": {"full191Training": {"acc": 0.9818181818181818}}, "step": 53}
Step:53	{"metric": {"full191test": {"acc": 0.4897959183673469}}, "step": 53}
Step:53	{"metric": {"full191test": {"UAR": 0.427664}}, "step": 53}
Step:53	{"metric": {"full191test": {"Macro_F1": 0.400231}}, "step": 53}
Step:53	{"metric": {"full191test": {"wa": 0.566075}}, "step": 53}
Step:54	{"metric": {"full191Training": {"acc": 0.9636363636363636}}, "step": 54}
Step:54	{"metric": {"full191test": {"acc": 0.5306122448979592}}, "step": 54}
Step:54	{"metric": {"full191test": {"UAR": 0.511472}}, "step": 54}
Step:54	{"metric": {"full191test": {"Macro_F1": 0.456681}}, "step": 54}
Step:54	{"metric": {"full191test": {"wa": 0.610814}}, "step": 54}
Step:55	{"metric": {"full191Training": {"acc": 0.9454545454545454}}, "step": 55}
Step:55	{"metric": {"full191test": {"acc": 0.4897959183673469}}, "step": 55}
Step:55	{"metric": {"full191test": {"UAR": 0.415118}}, "step": 55}
Step:55	{"metric": {"full191test": {"Macro_F1": 0.386415}}, "step": 55}
Step:55	{"metric": {"full191test": {"wa": 0.617612}}, "step": 55}
Step:56	{"metric": {"full191Training": {"acc": 0.9454545454545454}}, "step": 56}
Step:56	{"metric": {"full191test": {"acc": 0.5102040816326531}}, "step": 56}
Step:56	{"metric": {"full191test": {"UAR": 0.476964}}, "step": 56}
Step:56	{"metric": {"full191test": {"Macro_F1": 0.431509}}, "step": 56}
Step:56	{"metric": {"full191test": {"wa": 0.560085}}, "step": 56}
Step:57	{"metric": {"full191Training": {"acc": 0.9818181818181818}}, "step": 57}
Step:57	{"metric": {"full191test": {"acc": 0.46938775510204084}}, "step": 57}
Step:57	{"metric": {"full191test": {"UAR": 0.411255}}, "step": 57}
Step:57	{"metric": {"full191test": {"Macro_F1": 0.394347}}, "step": 57}
Step:57	{"metric": {"full191test": {"wa": 0.445296}}, "step": 57}
Step:58	{"metric": {"full191Training": {"acc": 0.9818181818181818}}, "step": 58}
Step:58	{"metric": {"full191test": {"acc": 0.6122448979591837}}, "step": 58}
Step:58	{"metric": {"full191test": {"UAR": 0.546877}}, "step": 58}
Step:58	{"metric": {"full191test": {"Macro_F1": 0.535331}}, "step": 58}
Step:58	{"metric": {"full191test": {"wa": 0.630466}}, "step": 58}
Step:59	{"metric": {"full191Training": {"acc": 0.9818181818181818}}, "step": 59}
Step:59	{"metric": {"full191test": {"acc": 0.6326530612244898}}, "step": 59}
Step:59	{"metric": {"full191test": {"UAR": 0.530102}}, "step": 59}
Step:59	{"metric": {"full191test": {"Macro_F1": 0.514267}}, "step": 59}
Step:59	{"metric": {"full191test": {"wa": 0.645083}}, "step": 59}
Step:60	{"metric": {"full191Training": {"acc": 0.9090909090909091}}, "step": 60}
Step:60	{"metric": {"full191test": {"acc": 0.6122448979591837}}, "step": 60}
Step:60	{"metric": {"full191test": {"UAR": 0.512302}}, "step": 60}
Step:60	{"metric": {"full191test": {"Macro_F1": 0.504329}}, "step": 60}
Step:60	{"metric": {"full191test": {"wa": 0.635834}}, "step": 60}
Step:61	{"metric": {"full191Training": {"acc": 0.9636363636363636}}, "step": 61}
Step:61	{"metric": {"full191test": {"acc": 0.4897959183673469}}, "step": 61}
Step:61	{"metric": {"full191test": {"UAR": 0.449137}}, "step": 61}
Step:61	{"metric": {"full191test": {"Macro_F1": 0.402393}}, "step": 61}
Step:61	{"metric": {"full191test": {"wa": 0.529473}}, "step": 61}
Step:62	{"metric": {"full191Training": {"acc": 0.9636363636363636}}, "step": 62}
Step:62	{"metric": {"full191test": {"acc": 0.5918367346938775}}, "step": 62}
Step:62	{"metric": {"full191test": {"UAR": 0.533333}}, "step": 62}
Step:62	{"metric": {"full191test": {"Macro_F1": 0.50174}}, "step": 62}
Step:62	{"metric": {"full191test": {"wa": 0.656374}}, "step": 62}
Step:63	{"metric": {"full191Training": {"acc": 0.9818181818181818}}, "step": 63}
Step:63	{"metric": {"full191test": {"acc": 0.4489795918367347}}, "step": 63}
Step:63	{"metric": {"full191test": {"UAR": 0.392084}}, "step": 63}
Step:63	{"metric": {"full191test": {"Macro_F1": 0.358973}}, "step": 63}
Step:63	{"metric": {"full191test": {"wa": 0.492539}}, "step": 63}
Step:64	{"metric": {"full191Training": {"acc": 0.9272727272727272}}, "step": 64}
Step:64	{"metric": {"full191test": {"acc": 0.4897959183673469}}, "step": 64}
Step:64	{"metric": {"full191test": {"UAR": 0.46685}}, "step": 64}
Step:64	{"metric": {"full191test": {"Macro_F1": 0.420574}}, "step": 64}
Step:64	{"metric": {"full191test": {"wa": 0.564803}}, "step": 64}
Step:65	{"metric": {"full191Training": {"acc": 0.9636363636363636}}, "step": 65}
Step:65	{"metric": {"full191test": {"acc": 0.4489795918367347}}, "step": 65}
Step:65	{"metric": {"full191test": {"UAR": 0.422017}}, "step": 65}
Step:65	{"metric": {"full191test": {"Macro_F1": 0.359952}}, "step": 65}
Step:65	{"metric": {"full191test": {"wa": 0.512271}}, "step": 65}
Step:66	{"metric": {"full191Training": {"acc": 0.9636363636363636}}, "step": 66}
Step:66	{"metric": {"full191test": {"acc": 0.5918367346938775}}, "step": 66}
Step:66	{"metric": {"full191test": {"UAR": 0.510137}}, "step": 66}
Step:66	{"metric": {"full191test": {"Macro_F1": 0.495367}}, "step": 66}
Step:66	{"metric": {"full191test": {"wa": 0.630321}}, "step": 66}
Step:67	{"metric": {"full191Training": {"acc": 0.9818181818181818}}, "step": 67}
Step:67	{"metric": {"full191test": {"acc": 0.5102040816326531}}, "step": 67}
Step:67	{"metric": {"full191test": {"UAR": 0.453685}}, "step": 67}
Step:67	{"metric": {"full191test": {"Macro_F1": 0.437384}}, "step": 67}
Step:67	{"metric": {"full191test": {"wa": 0.556295}}, "step": 67}
Step:68	{"metric": {"full191Training": {"acc": 0.9272727272727272}}, "step": 68}
Step:68	{"metric": {"full191test": {"acc": 0.5102040816326531}}, "step": 68}
Step:68	{"metric": {"full191test": {"UAR": 0.477737}}, "step": 68}
Step:68	{"metric": {"full191test": {"Macro_F1": 0.449913}}, "step": 68}
Step:68	{"metric": {"full191test": {"wa": 0.586973}}, "step": 68}
Step:69	{"metric": {"full191Training": {"acc": 0.9818181818181818}}, "step": 69}
Step:69	{"metric": {"full191test": {"acc": 0.4897959183673469}}, "step": 69}
Step:69	{"metric": {"full191test": {"UAR": 0.470238}}, "step": 69}
Step:69	{"metric": {"full191test": {"Macro_F1": 0.424176}}, "step": 69}
Step:69	{"metric": {"full191test": {"wa": 0.504108}}, "step": 69}
Step:70	{"metric": {"full191Training": {"acc": 0.9090909090909091}}, "step": 70}
Step:70	{"metric": {"full191test": {"acc": 0.5102040816326531}}, "step": 70}
Step:70	{"metric": {"full191test": {"UAR": 0.54304}}, "step": 70}
Step:70	{"metric": {"full191test": {"Macro_F1": 0.452944}}, "step": 70}
Step:70	{"metric": {"full191test": {"wa": 0.621654}}, "step": 70}
Step:71	{"metric": {"full191Training": {"acc": 0.9636363636363636}}, "step": 71}
Step:71	{"metric": {"full191test": {"acc": 0.4897959183673469}}, "step": 71}
Step:71	{"metric": {"full191test": {"UAR": 0.482937}}, "step": 71}
Step:71	{"metric": {"full191test": {"Macro_F1": 0.434678}}, "step": 71}
Step:71	{"metric": {"full191test": {"wa": 0.53472}}, "step": 71}
Step:72	{"metric": {"full191Training": {"acc": 0.9818181818181818}}, "step": 72}
Step:72	{"metric": {"full191test": {"acc": 0.5306122448979592}}, "step": 72}
Step:72	{"metric": {"full191test": {"UAR": 0.49632}}, "step": 72}
Step:72	{"metric": {"full191test": {"Macro_F1": 0.448571}}, "step": 72}
Step:72	{"metric": {"full191test": {"wa": 0.572913}}, "step": 72}
Step:73	{"metric": {"full191Training": {"acc": 0.9636363636363636}}, "step": 73}
Step:73	{"metric": {"full191test": {"acc": 0.5714285714285714}}, "step": 73}
Step:73	{"metric": {"full191test": {"UAR": 0.544063}}, "step": 73}
Step:73	{"metric": {"full191test": {"Macro_F1": 0.487013}}, "step": 73}
Step:73	{"metric": {"full191test": {"wa": 0.618208}}, "step": 73}
Step:74	{"metric": {"full191Training": {"acc": 0.9454545454545454}}, "step": 74}
Step:74	{"metric": {"full191test": {"acc": 0.5714285714285714}}, "step": 74}
Step:74	{"metric": {"full191test": {"UAR": 0.527381}}, "step": 74}
Step:74	{"metric": {"full191test": {"Macro_F1": 0.511107}}, "step": 74}
Step:74	{"metric": {"full191test": {"wa": 0.590445}}, "step": 74}
Step:75	{"metric": {"full191Training": {"acc": 0.9818181818181818}}, "step": 75}
Step:75	{"metric": {"full191test": {"acc": 0.5714285714285714}}, "step": 75}
Step:75	{"metric": {"full191test": {"UAR": 0.504927}}, "step": 75}
Step:75	{"metric": {"full191test": {"Macro_F1": 0.490765}}, "step": 75}
Step:75	{"metric": {"full191test": {"wa": 0.619825}}, "step": 75}
Step:76	{"metric": {"full191Training": {"acc": 0.9818181818181818}}, "step": 76}
Step:76	{"metric": {"full191test": {"acc": 0.5510204081632653}}, "step": 76}
Step:76	{"metric": {"full191test": {"UAR": 0.519913}}, "step": 76}
Step:76	{"metric": {"full191test": {"Macro_F1": 0.476041}}, "step": 76}
Step:76	{"metric": {"full191test": {"wa": 0.618407}}, "step": 76}
Step:77	{"metric": {"full191Training": {"acc": 0.9818181818181818}}, "step": 77}
Step:77	{"metric": {"full191test": {"acc": 0.5918367346938775}}, "step": 77}
Step:77	{"metric": {"full191test": {"UAR": 0.481169}}, "step": 77}
Step:77	{"metric": {"full191test": {"Macro_F1": 0.466127}}, "step": 77}
Step:77	{"metric": {"full191test": {"wa": 0.645958}}, "step": 77}
Step:78	{"metric": {"full191Training": {"acc": 1.0}}, "step": 78}
Step:78	{"metric": {"full191test": {"acc": 0.5102040816326531}}, "step": 78}
Step:78	{"metric": {"full191test": {"UAR": 0.464569}}, "step": 78}
Step:78	{"metric": {"full191test": {"Macro_F1": 0.446162}}, "step": 78}
Step:78	{"metric": {"full191test": {"wa": 0.511715}}, "step": 78}
Step:79	{"metric": {"full191Training": {"acc": 1.0}}, "step": 79}
Step:79	{"metric": {"full191test": {"acc": 0.5510204081632653}}, "step": 79}
Step:79	{"metric": {"full191test": {"UAR": 0.45872}}, "step": 79}
Step:79	{"metric": {"full191test": {"Macro_F1": 0.446712}}, "step": 79}
Step:79	{"metric": {"full191test": {"wa": 0.556706}}, "step": 79}
Step:80	{"metric": {"full191Training": {"acc": 1.0}}, "step": 80}
Step:80	{"metric": {"full191test": {"acc": 0.5714285714285714}}, "step": 80}
Step:80	{"metric": {"full191test": {"UAR": 0.52684}}, "step": 80}
Step:80	{"metric": {"full191test": {"Macro_F1": 0.477585}}, "step": 80}
Step:80	{"metric": {"full191test": {"wa": 0.589584}}, "step": 80}
Step:81	{"metric": {"full191Training": {"acc": 0.9636363636363636}}, "step": 81}
Step:81	{"metric": {"full191test": {"acc": 0.5102040816326531}}, "step": 81}
Step:81	{"metric": {"full191test": {"UAR": 0.469697}}, "step": 81}
Step:81	{"metric": {"full191test": {"Macro_F1": 0.425312}}, "step": 81}
Step:81	{"metric": {"full191test": {"wa": 0.540021}}, "step": 81}
Step:82	{"metric": {"full191Training": {"acc": 1.0}}, "step": 82}
Step:82	{"metric": {"full191test": {"acc": 0.5102040816326531}}, "step": 82}
Step:82	{"metric": {"full191test": {"UAR": 0.473639}}, "step": 82}
Step:82	{"metric": {"full191test": {"Macro_F1": 0.441352}}, "step": 82}
Step:82	{"metric": {"full191test": {"wa": 0.489292}}, "step": 82}
Step:83	{"metric": {"full191Training": {"acc": 0.9636363636363636}}, "step": 83}
Step:83	{"metric": {"full191test": {"acc": 0.5306122448979592}}, "step": 83}
Step:83	{"metric": {"full191test": {"UAR": 0.45924}}, "step": 83}
Step:83	{"metric": {"full191test": {"Macro_F1": 0.442402}}, "step": 83}
Step:83	{"metric": {"full191test": {"wa": 0.540922}}, "step": 83}
Step:84	{"metric": {"full191Training": {"acc": 0.9818181818181818}}, "step": 84}
Step:84	{"metric": {"full191test": {"acc": 0.5714285714285714}}, "step": 84}
Step:84	{"metric": {"full191test": {"UAR": 0.511688}}, "step": 84}
Step:84	{"metric": {"full191test": {"Macro_F1": 0.48254}}, "step": 84}
Step:84	{"metric": {"full191test": {"wa": 0.590326}}, "step": 84}
Step:85	{"metric": {"full191Training": {"acc": 1.0}}, "step": 85}
Step:85	{"metric": {"full191test": {"acc": 0.5102040816326531}}, "step": 85}
Step:85	{"metric": {"full191test": {"UAR": 0.466667}}, "step": 85}
Step:85	{"metric": {"full191test": {"Macro_F1": 0.427344}}, "step": 85}
Step:85	{"metric": {"full191test": {"wa": 0.518155}}, "step": 85}
Step:86	{"metric": {"full191Training": {"acc": 0.9818181818181818}}, "step": 86}
Step:86	{"metric": {"full191test": {"acc": 0.6122448979591837}}, "step": 86}
Step:86	{"metric": {"full191test": {"UAR": 0.518969}}, "step": 86}
Step:86	{"metric": {"full191test": {"Macro_F1": 0.509102}}, "step": 86}
Step:86	{"metric": {"full191test": {"wa": 0.613491}}, "step": 86}
Step:87	{"metric": {"full191Training": {"acc": 0.9818181818181818}}, "step": 87}
Step:87	{"metric": {"full191test": {"acc": 0.5306122448979592}}, "step": 87}
Step:87	{"metric": {"full191test": {"UAR": 0.511111}}, "step": 87}
Step:87	{"metric": {"full191test": {"Macro_F1": 0.463861}}, "step": 87}
Step:87	{"metric": {"full191test": {"wa": 0.599655}}, "step": 87}
Step:88	{"metric": {"full191Training": {"acc": 1.0}}, "step": 88}
Step:88	{"metric": {"full191test": {"acc": 0.5510204081632653}}, "step": 88}
Step:88	{"metric": {"full191test": {"UAR": 0.483333}}, "step": 88}
Step:88	{"metric": {"full191test": {"Macro_F1": 0.447305}}, "step": 88}
Step:88	{"metric": {"full191test": {"wa": 0.617811}}, "step": 88}
Step:89	{"metric": {"full191Training": {"acc": 0.9636363636363636}}, "step": 89}
Step:89	{"metric": {"full191test": {"acc": 0.4489795918367347}}, "step": 89}
Step:89	{"metric": {"full191test": {"UAR": 0.434704}}, "step": 89}
Step:89	{"metric": {"full191test": {"Macro_F1": 0.389756}}, "step": 89}
Step:89	{"metric": {"full191test": {"wa": 0.437861}}, "step": 89}
Step:90	{"metric": {"full191Training": {"acc": 1.0}}, "step": 90}
Step:90	{"metric": {"full191test": {"acc": 0.5918367346938775}}, "step": 90}
Step:90	{"metric": {"full191test": {"UAR": 0.538265}}, "step": 90}
Step:90	{"metric": {"full191test": {"Macro_F1": 0.503067}}, "step": 90}
Step:90	{"metric": {"full191test": {"wa": 0.645706}}, "step": 90}
Step:91	{"metric": {"full191Training": {"acc": 0.9636363636363636}}, "step": 91}
Step:91	{"metric": {"full191test": {"acc": 0.5102040816326531}}, "step": 91}
Step:91	{"metric": {"full191test": {"UAR": 0.503175}}, "step": 91}
Step:91	{"metric": {"full191test": {"Macro_F1": 0.448973}}, "step": 91}
Step:91	{"metric": {"full191test": {"wa": 0.555129}}, "step": 91}
Step:92	{"metric": {"full191Training": {"acc": 1.0}}, "step": 92}
Step:92	{"metric": {"full191test": {"acc": 0.5306122448979592}}, "step": 92}
Step:92	{"metric": {"full191test": {"UAR": 0.50671}}, "step": 92}
Step:92	{"metric": {"full191test": {"Macro_F1": 0.460225}}, "step": 92}
Step:92	{"metric": {"full191test": {"wa": 0.60644}}, "step": 92}
Step:93	{"metric": {"full191Training": {"acc": 1.0}}, "step": 93}
Step:93	{"metric": {"full191test": {"acc": 0.4897959183673469}}, "step": 93}
Step:93	{"metric": {"full191test": {"UAR": 0.475}}, "step": 93}
Step:93	{"metric": {"full191test": {"Macro_F1": 0.4306}}, "step": 93}
Step:93	{"metric": {"full191test": {"wa": 0.462709}}, "step": 93}
Step:94	{"metric": {"full191Training": {"acc": 0.9818181818181818}}, "step": 94}
Step:94	{"metric": {"full191test": {"acc": 0.46938775510204084}}, "step": 94}
Step:94	{"metric": {"full191test": {"UAR": 0.437302}}, "step": 94}
Step:94	{"metric": {"full191test": {"Macro_F1": 0.403751}}, "step": 94}
Step:94	{"metric": {"full191test": {"wa": 0.479526}}, "step": 94}
Step:95	{"metric": {"full191Training": {"acc": 1.0}}, "step": 95}
Step:95	{"metric": {"full191test": {"acc": 0.5306122448979592}}, "step": 95}
Step:95	{"metric": {"full191test": {"UAR": 0.542857}}, "step": 95}
Step:95	{"metric": {"full191test": {"Macro_F1": 0.466334}}, "step": 95}
Step:95	{"metric": {"full191test": {"wa": 0.673999}}, "step": 95}
Step:96	{"metric": {"full191Training": {"acc": 1.0}}, "step": 96}
Step:96	{"metric": {"full191test": {"acc": 0.5306122448979592}}, "step": 96}
Step:96	{"metric": {"full191test": {"UAR": 0.494568}}, "step": 96}
Step:96	{"metric": {"full191test": {"Macro_F1": 0.458788}}, "step": 96}
Step:96	{"metric": {"full191test": {"wa": 0.529526}}, "step": 96}
Step:97	{"metric": {"full191Training": {"acc": 1.0}}, "step": 97}
Step:97	{"metric": {"full191test": {"acc": 0.5714285714285714}}, "step": 97}
Step:97	{"metric": {"full191test": {"UAR": 0.513152}}, "step": 97}
Step:97	{"metric": {"full191test": {"Macro_F1": 0.489824}}, "step": 97}
Step:97	{"metric": {"full191test": {"wa": 0.631765}}, "step": 97}
Step:98	{"metric": {"full191Training": {"acc": 1.0}}, "step": 98}
Step:98	{"metric": {"full191test": {"acc": 0.5102040816326531}}, "step": 98}
Step:98	{"metric": {"full191test": {"UAR": 0.458277}}, "step": 98}
Step:98	{"metric": {"full191test": {"Macro_F1": 0.415666}}, "step": 98}
Step:98	{"metric": {"full191test": {"wa": 0.558097}}, "step": 98}
Step:99	{"metric": {"full191Training": {"acc": 1.0}}, "step": 99}
Step:99	{"metric": {"full191test": {"acc": 0.5306122448979592}}, "step": 99}
Step:99	{"metric": {"full191test": {"UAR": 0.516667}}, "step": 99}
Step:99	{"metric": {"full191test": {"Macro_F1": 0.454326}}, "step": 99}
Step:99	{"metric": {"full191test": {"wa": 0.620925}}, "step": 99}
Step:100	{"metric": {"full191Training": {"acc": 1.0}}, "step": 100}
Step:100	{"metric": {"full191test": {"acc": 0.46938775510204084}}, "step": 100}
Step:100	{"metric": {"full191test": {"UAR": 0.478005}}, "step": 100}
Step:100	{"metric": {"full191test": {"Macro_F1": 0.397457}}, "step": 100}
Step:100	{"metric": {"full191test": {"wa": 0.549298}}, "step": 100}
Step:1	{"metric": {"zhongTraining": {"acc": 0.14545454545454545}}, "step": 1}
Step:1	{"metric": {"zhongtest": {"acc": 0.14285714285714285}}, "step": 1}
Step:1	{"metric": {"zhongtest": {"UAR": 0.210204}}, "step": 1}
Step:1	{"metric": {"zhongtest": {"Macro_F1": 0.112201}}, "step": 1}
Step:1	{"metric": {"zhongtest": {"wa": 0.669096}}, "step": 1}
Step:2	{"metric": {"zhongTraining": {"acc": 0.509090909090909}}, "step": 2}
Step:2	{"metric": {"zhongtest": {"acc": 0.16326530612244897}}, "step": 2}
Step:2	{"metric": {"zhongtest": {"UAR": 0.046905}}, "step": 2}
Step:2	{"metric": {"zhongtest": {"Macro_F1": 0.069388}}, "step": 2}
Step:2	{"metric": {"zhongtest": {"wa": 0.528757}}, "step": 2}
Step:3	{"metric": {"zhongTraining": {"acc": 0.3090909090909091}}, "step": 3}
Step:3	{"metric": {"zhongtest": {"acc": 0.14285714285714285}}, "step": 3}
Step:3	{"metric": {"zhongtest": {"UAR": 0.020408}}, "step": 3}
Step:3	{"metric": {"zhongtest": {"Macro_F1": 0.035714}}, "step": 3}
Step:3	{"metric": {"zhongtest": {"wa": 1.0}}, "step": 3}
Step:4	{"metric": {"zhongTraining": {"acc": 0.14545454545454545}}, "step": 4}
Step:4	{"metric": {"zhongtest": {"acc": 0.24489795918367346}}, "step": 4}
Step:4	{"metric": {"zhongtest": {"UAR": 0.114662}}, "step": 4}
Step:4	{"metric": {"zhongtest": {"Macro_F1": 0.140336}}, "step": 4}
Step:4	{"metric": {"zhongtest": {"wa": 0.708455}}, "step": 4}
Step:5	{"metric": {"zhongTraining": {"acc": 0.36363636363636365}}, "step": 5}
Step:5	{"metric": {"zhongtest": {"acc": 0.08163265306122448}}, "step": 5}
Step:5	{"metric": {"zhongtest": {"UAR": 0.011662}}, "step": 5}
Step:5	{"metric": {"zhongtest": {"Macro_F1": 0.021563}}, "step": 5}
Step:5	{"metric": {"zhongtest": {"wa": 1.0}}, "step": 5}
Step:6	{"metric": {"zhongTraining": {"acc": 0.2545454545454545}}, "step": 6}
Step:6	{"metric": {"zhongtest": {"acc": 0.3673469387755102}}, "step": 6}
Step:6	{"metric": {"zhongtest": {"UAR": 0.178355}}, "step": 6}
Step:6	{"metric": {"zhongtest": {"Macro_F1": 0.196174}}, "step": 6}
Step:6	{"metric": {"zhongtest": {"wa": 0.666101}}, "step": 6}
Step:7	{"metric": {"zhongTraining": {"acc": 0.5818181818181818}}, "step": 7}
Step:7	{"metric": {"zhongtest": {"acc": 0.3877551020408163}}, "step": 7}
Step:7	{"metric": {"zhongtest": {"UAR": 0.333141}}, "step": 7}
Step:7	{"metric": {"zhongtest": {"Macro_F1": 0.237407}}, "step": 7}
Step:7	{"metric": {"zhongtest": {"wa": 0.697217}}, "step": 7}
Step:8	{"metric": {"zhongTraining": {"acc": 0.6545454545454545}}, "step": 8}
Step:8	{"metric": {"zhongtest": {"acc": 0.42857142857142855}}, "step": 8}
Step:8	{"metric": {"zhongtest": {"UAR": 0.399282}}, "step": 8}
Step:8	{"metric": {"zhongtest": {"Macro_F1": 0.297537}}, "step": 8}
Step:8	{"metric": {"zhongtest": {"wa": 0.729817}}, "step": 8}
Step:9	{"metric": {"zhongTraining": {"acc": 0.8181818181818182}}, "step": 9}
Step:9	{"metric": {"zhongtest": {"acc": 0.2653061224489796}}, "step": 9}
Step:9	{"metric": {"zhongtest": {"UAR": 0.286905}}, "step": 9}
Step:9	{"metric": {"zhongtest": {"Macro_F1": 0.176253}}, "step": 9}
Step:9	{"metric": {"zhongtest": {"wa": 0.905645}}, "step": 9}
Step:10	{"metric": {"zhongTraining": {"acc": 0.9454545454545454}}, "step": 10}
Step:10	{"metric": {"zhongtest": {"acc": 0.24489795918367346}}, "step": 10}
Step:10	{"metric": {"zhongtest": {"UAR": 0.370635}}, "step": 10}
Step:10	{"metric": {"zhongtest": {"Macro_F1": 0.180597}}, "step": 10}
Step:10	{"metric": {"zhongtest": {"wa": 0.78101}}, "step": 10}
Step:11	{"metric": {"zhongTraining": {"acc": 0.9090909090909091}}, "step": 11}
Step:11	{"metric": {"zhongtest": {"acc": 0.14285714285714285}}, "step": 11}
Step:11	{"metric": {"zhongtest": {"UAR": 0.218065}}, "step": 11}
Step:11	{"metric": {"zhongtest": {"Macro_F1": 0.111434}}, "step": 11}
Step:11	{"metric": {"zhongtest": {"wa": 0.368805}}, "step": 11}
Step:12	{"metric": {"zhongTraining": {"acc": 0.9818181818181818}}, "step": 12}
Step:12	{"metric": {"zhongtest": {"acc": 0.1836734693877551}}, "step": 12}
Step:12	{"metric": {"zhongtest": {"UAR": 0.197154}}, "step": 12}
Step:12	{"metric": {"zhongtest": {"Macro_F1": 0.131631}}, "step": 12}
Step:12	{"metric": {"zhongtest": {"wa": 0.374105}}, "step": 12}
Step:13	{"metric": {"zhongTraining": {"acc": 1.0}}, "step": 13}
Step:13	{"metric": {"zhongtest": {"acc": 0.2653061224489796}}, "step": 13}
Step:13	{"metric": {"zhongtest": {"UAR": 0.332857}}, "step": 13}
Step:13	{"metric": {"zhongtest": {"Macro_F1": 0.216279}}, "step": 13}
Step:13	{"metric": {"zhongtest": {"wa": 0.41039}}, "step": 13}
Step:14	{"metric": {"zhongTraining": {"acc": 0.9818181818181818}}, "step": 14}
Step:14	{"metric": {"zhongtest": {"acc": 0.24489795918367346}}, "step": 14}
Step:14	{"metric": {"zhongtest": {"UAR": 0.222789}}, "step": 14}
Step:14	{"metric": {"zhongtest": {"Macro_F1": 0.188467}}, "step": 14}
Step:14	{"metric": {"zhongtest": {"wa": 0.295243}}, "step": 14}
Step:15	{"metric": {"zhongTraining": {"acc": 1.0}}, "step": 15}
Step:15	{"metric": {"zhongtest": {"acc": 0.2653061224489796}}, "step": 15}
Step:15	{"metric": {"zhongtest": {"UAR": 0.242772}}, "step": 15}
Step:15	{"metric": {"zhongtest": {"Macro_F1": 0.206954}}, "step": 15}
Step:15	{"metric": {"zhongtest": {"wa": 0.279804}}, "step": 15}
Step:16	{"metric": {"zhongTraining": {"acc": 1.0}}, "step": 16}
Step:16	{"metric": {"zhongtest": {"acc": 0.24489795918367346}}, "step": 16}
Step:16	{"metric": {"zhongtest": {"UAR": 0.180556}}, "step": 16}
Step:16	{"metric": {"zhongtest": {"Macro_F1": 0.171419}}, "step": 16}
Step:16	{"metric": {"zhongtest": {"wa": 0.301405}}, "step": 16}
Step:17	{"metric": {"zhongTraining": {"acc": 1.0}}, "step": 17}
Step:17	{"metric": {"zhongtest": {"acc": 0.30612244897959184}}, "step": 17}
Step:17	{"metric": {"zhongtest": {"UAR": 0.197279}}, "step": 17}
Step:17	{"metric": {"zhongtest": {"Macro_F1": 0.194444}}, "step": 17}
Step:17	{"metric": {"zhongtest": {"wa": 0.417228}}, "step": 17}
Step:18	{"metric": {"zhongTraining": {"acc": 1.0}}, "step": 18}
Step:18	{"metric": {"zhongtest": {"acc": 0.3877551020408163}}, "step": 18}
Step:18	{"metric": {"zhongtest": {"UAR": 0.24329}}, "step": 18}
Step:18	{"metric": {"zhongtest": {"Macro_F1": 0.230794}}, "step": 18}
Step:18	{"metric": {"zhongtest": {"wa": 0.600557}}, "step": 18}
Step:19	{"metric": {"zhongTraining": {"acc": 1.0}}, "step": 19}
Step:19	{"metric": {"zhongtest": {"acc": 0.3673469387755102}}, "step": 19}
Step:19	{"metric": {"zhongtest": {"UAR": 0.233862}}, "step": 19}
Step:19	{"metric": {"zhongtest": {"Macro_F1": 0.218045}}, "step": 19}
Step:19	{"metric": {"zhongtest": {"wa": 0.612881}}, "step": 19}
Step:20	{"metric": {"zhongTraining": {"acc": 1.0}}, "step": 20}
Step:20	{"metric": {"zhongtest": {"acc": 0.3673469387755102}}, "step": 20}
Step:20	{"metric": {"zhongtest": {"UAR": 0.235215}}, "step": 20}
Step:20	{"metric": {"zhongtest": {"Macro_F1": 0.211194}}, "step": 20}
Step:20	{"metric": {"zhongtest": {"wa": 0.715452}}, "step": 20}
Step:21	{"metric": {"zhongTraining": {"acc": 1.0}}, "step": 21}
Step:21	{"metric": {"zhongtest": {"acc": 0.3469387755102041}}, "step": 21}
Step:21	{"metric": {"zhongtest": {"UAR": 0.225978}}, "step": 21}
Step:21	{"metric": {"zhongtest": {"Macro_F1": 0.19894}}, "step": 21}
Step:21	{"metric": {"zhongtest": {"wa": 0.718367}}, "step": 21}
Step:22	{"metric": {"zhongTraining": {"acc": 1.0}}, "step": 22}
Step:22	{"metric": {"zhongtest": {"acc": 0.3673469387755102}}, "step": 22}
Step:22	{"metric": {"zhongtest": {"UAR": 0.407834}}, "step": 22}
Step:22	{"metric": {"zhongtest": {"Macro_F1": 0.244125}}, "step": 22}
Step:22	{"metric": {"zhongtest": {"wa": 0.698542}}, "step": 22}
Step:23	{"metric": {"zhongTraining": {"acc": 1.0}}, "step": 23}
Step:23	{"metric": {"zhongtest": {"acc": 0.40816326530612246}}, "step": 23}
Step:23	{"metric": {"zhongtest": {"UAR": 0.379932}}, "step": 23}
Step:23	{"metric": {"zhongtest": {"Macro_F1": 0.259158}}, "step": 23}
Step:23	{"metric": {"zhongtest": {"wa": 0.686297}}, "step": 23}
Step:24	{"metric": {"zhongTraining": {"acc": 1.0}}, "step": 24}
Step:24	{"metric": {"zhongtest": {"acc": 0.40816326530612246}}, "step": 24}
Step:24	{"metric": {"zhongtest": {"UAR": 0.379932}}, "step": 24}
Step:24	{"metric": {"zhongtest": {"Macro_F1": 0.259158}}, "step": 24}
Step:24	{"metric": {"zhongtest": {"wa": 0.686297}}, "step": 24}
Step:25	{"metric": {"zhongTraining": {"acc": 1.0}}, "step": 25}
Step:25	{"metric": {"zhongtest": {"acc": 0.40816326530612246}}, "step": 25}
Step:25	{"metric": {"zhongtest": {"UAR": 0.379932}}, "step": 25}
Step:25	{"metric": {"zhongtest": {"Macro_F1": 0.259158}}, "step": 25}
Step:25	{"metric": {"zhongtest": {"wa": 0.686297}}, "step": 25}
Step:26	{"metric": {"zhongTraining": {"acc": 1.0}}, "step": 26}
Step:26	{"metric": {"zhongtest": {"acc": 0.40816326530612246}}, "step": 26}
Step:26	{"metric": {"zhongtest": {"UAR": 0.379932}}, "step": 26}
Step:26	{"metric": {"zhongtest": {"Macro_F1": 0.259158}}, "step": 26}
Step:26	{"metric": {"zhongtest": {"wa": 0.686297}}, "step": 26}
Step:27	{"metric": {"zhongTraining": {"acc": 1.0}}, "step": 27}
Step:27	{"metric": {"zhongtest": {"acc": 0.40816326530612246}}, "step": 27}
Step:27	{"metric": {"zhongtest": {"UAR": 0.379932}}, "step": 27}
Step:27	{"metric": {"zhongtest": {"Macro_F1": 0.259158}}, "step": 27}
Step:27	{"metric": {"zhongtest": {"wa": 0.686297}}, "step": 27}
Step:28	{"metric": {"zhongTraining": {"acc": 1.0}}, "step": 28}
Step:28	{"metric": {"zhongtest": {"acc": 0.42857142857142855}}, "step": 28}
Step:28	{"metric": {"zhongtest": {"UAR": 0.387205}}, "step": 28}
Step:28	{"metric": {"zhongtest": {"Macro_F1": 0.26985}}, "step": 28}
Step:28	{"metric": {"zhongtest": {"wa": 0.690671}}, "step": 28}
Step:29	{"metric": {"zhongTraining": {"acc": 1.0}}, "step": 29}
Step:29	{"metric": {"zhongtest": {"acc": 0.40816326530612246}}, "step": 29}
Step:29	{"metric": {"zhongtest": {"UAR": 0.354762}}, "step": 29}
Step:29	{"metric": {"zhongtest": {"Macro_F1": 0.255495}}, "step": 29}
Step:29	{"metric": {"zhongtest": {"wa": 0.621839}}, "step": 29}
Step:30	{"metric": {"zhongTraining": {"acc": 1.0}}, "step": 30}
Step:30	{"metric": {"zhongtest": {"acc": 0.3877551020408163}}, "step": 30}
Step:30	{"metric": {"zhongtest": {"UAR": 0.339234}}, "step": 30}
Step:30	{"metric": {"zhongtest": {"Macro_F1": 0.24541}}, "step": 30}
Step:30	{"metric": {"zhongtest": {"wa": 0.550225}}, "step": 30}
Step:31	{"metric": {"zhongTraining": {"acc": 1.0}}, "step": 31}
Step:31	{"metric": {"zhongtest": {"acc": 0.3877551020408163}}, "step": 31}
Step:31	{"metric": {"zhongtest": {"UAR": 0.339234}}, "step": 31}
Step:31	{"metric": {"zhongtest": {"Macro_F1": 0.24541}}, "step": 31}
Step:31	{"metric": {"zhongtest": {"wa": 0.550225}}, "step": 31}
Step:32	{"metric": {"zhongTraining": {"acc": 1.0}}, "step": 32}
Step:32	{"metric": {"zhongtest": {"acc": 0.3673469387755102}}, "step": 32}
Step:32	{"metric": {"zhongtest": {"UAR": 0.33102}}, "step": 32}
Step:32	{"metric": {"zhongtest": {"Macro_F1": 0.238985}}, "step": 32}
Step:32	{"metric": {"zhongtest": {"wa": 0.450252}}, "step": 32}
Step:33	{"metric": {"zhongTraining": {"acc": 1.0}}, "step": 33}
Step:33	{"metric": {"zhongtest": {"acc": 0.3673469387755102}}, "step": 33}
Step:33	{"metric": {"zhongtest": {"UAR": 0.327664}}, "step": 33}
Step:33	{"metric": {"zhongtest": {"Macro_F1": 0.238261}}, "step": 33}
Step:33	{"metric": {"zhongtest": {"wa": 0.448927}}, "step": 33}
Step:34	{"metric": {"zhongTraining": {"acc": 1.0}}, "step": 34}
Step:34	{"metric": {"zhongtest": {"acc": 0.3673469387755102}}, "step": 34}
Step:34	{"metric": {"zhongtest": {"UAR": 0.32549}}, "step": 34}
Step:34	{"metric": {"zhongtest": {"Macro_F1": 0.237909}}, "step": 34}
Step:34	{"metric": {"zhongtest": {"wa": 0.447601}}, "step": 34}
Step:35	{"metric": {"zhongTraining": {"acc": 1.0}}, "step": 35}
Step:35	{"metric": {"zhongtest": {"acc": 0.40816326530612246}}, "step": 35}
Step:35	{"metric": {"zhongtest": {"UAR": 0.33701}}, "step": 35}
Step:35	{"metric": {"zhongtest": {"Macro_F1": 0.253902}}, "step": 35}
Step:35	{"metric": {"zhongtest": {"wa": 0.507501}}, "step": 35}
Step:36	{"metric": {"zhongTraining": {"acc": 1.0}}, "step": 36}
Step:36	{"metric": {"zhongtest": {"acc": 0.40816326530612246}}, "step": 36}
Step:36	{"metric": {"zhongtest": {"UAR": 0.33701}}, "step": 36}
Step:36	{"metric": {"zhongtest": {"Macro_F1": 0.253902}}, "step": 36}
Step:36	{"metric": {"zhongtest": {"wa": 0.507501}}, "step": 36}
Step:37	{"metric": {"zhongTraining": {"acc": 1.0}}, "step": 37}
Step:37	{"metric": {"zhongtest": {"acc": 0.40816326530612246}}, "step": 37}
Step:37	{"metric": {"zhongtest": {"UAR": 0.334374}}, "step": 37}
Step:37	{"metric": {"zhongtest": {"Macro_F1": 0.252422}}, "step": 37}
Step:37	{"metric": {"zhongtest": {"wa": 0.502677}}, "step": 37}
Step:38	{"metric": {"zhongTraining": {"acc": 1.0}}, "step": 38}
Step:38	{"metric": {"zhongtest": {"acc": 0.40816326530612246}}, "step": 38}
Step:38	{"metric": {"zhongtest": {"UAR": 0.329705}}, "step": 38}
Step:38	{"metric": {"zhongtest": {"Macro_F1": 0.249542}}, "step": 38}
Step:38	{"metric": {"zhongtest": {"wa": 0.517254}}, "step": 38}
Step:39	{"metric": {"zhongTraining": {"acc": 1.0}}, "step": 39}
Step:39	{"metric": {"zhongtest": {"acc": 0.40816326530612246}}, "step": 39}
Step:39	{"metric": {"zhongtest": {"UAR": 0.329705}}, "step": 39}
Step:39	{"metric": {"zhongtest": {"Macro_F1": 0.249542}}, "step": 39}
Step:39	{"metric": {"zhongtest": {"wa": 0.517254}}, "step": 39}
Step:40	{"metric": {"zhongTraining": {"acc": 1.0}}, "step": 40}
Step:40	{"metric": {"zhongtest": {"acc": 0.42857142857142855}}, "step": 40}
Step:40	{"metric": {"zhongtest": {"UAR": 0.334467}}, "step": 40}
Step:40	{"metric": {"zhongtest": {"Macro_F1": 0.280397}}, "step": 40}
Step:40	{"metric": {"zhongtest": {"wa": 0.513014}}, "step": 40}
Step:41	{"metric": {"zhongTraining": {"acc": 1.0}}, "step": 41}
Step:41	{"metric": {"zhongtest": {"acc": 0.42857142857142855}}, "step": 41}
Step:41	{"metric": {"zhongtest": {"UAR": 0.334467}}, "step": 41}
Step:41	{"metric": {"zhongtest": {"Macro_F1": 0.280397}}, "step": 41}
Step:41	{"metric": {"zhongtest": {"wa": 0.513014}}, "step": 41}
Step:42	{"metric": {"zhongTraining": {"acc": 1.0}}, "step": 42}
Step:42	{"metric": {"zhongtest": {"acc": 0.42857142857142855}}, "step": 42}
Step:42	{"metric": {"zhongtest": {"UAR": 0.334467}}, "step": 42}
Step:42	{"metric": {"zhongtest": {"Macro_F1": 0.280397}}, "step": 42}
Step:42	{"metric": {"zhongtest": {"wa": 0.513014}}, "step": 42}
Step:43	{"metric": {"zhongTraining": {"acc": 1.0}}, "step": 43}
Step:43	{"metric": {"zhongtest": {"acc": 0.42857142857142855}}, "step": 43}
Step:43	{"metric": {"zhongtest": {"UAR": 0.334467}}, "step": 43}
Step:43	{"metric": {"zhongtest": {"Macro_F1": 0.280397}}, "step": 43}
Step:43	{"metric": {"zhongtest": {"wa": 0.513014}}, "step": 43}
Step:44	{"metric": {"zhongTraining": {"acc": 1.0}}, "step": 44}
Step:44	{"metric": {"zhongtest": {"acc": 0.42857142857142855}}, "step": 44}
Step:44	{"metric": {"zhongtest": {"UAR": 0.334467}}, "step": 44}
Step:44	{"metric": {"zhongtest": {"Macro_F1": 0.280397}}, "step": 44}
Step:44	{"metric": {"zhongtest": {"wa": 0.513014}}, "step": 44}
Step:45	{"metric": {"zhongTraining": {"acc": 1.0}}, "step": 45}
Step:45	{"metric": {"zhongtest": {"acc": 0.3877551020408163}}, "step": 45}
Step:45	{"metric": {"zhongtest": {"UAR": 0.313283}}, "step": 45}
Step:45	{"metric": {"zhongtest": {"Macro_F1": 0.25614}}, "step": 45}
Step:45	{"metric": {"zhongtest": {"wa": 0.465253}}, "step": 45}
Step:46	{"metric": {"zhongTraining": {"acc": 1.0}}, "step": 46}
Step:46	{"metric": {"zhongtest": {"acc": 0.3877551020408163}}, "step": 46}
Step:46	{"metric": {"zhongtest": {"UAR": 0.313283}}, "step": 46}
Step:46	{"metric": {"zhongtest": {"Macro_F1": 0.25614}}, "step": 46}
Step:46	{"metric": {"zhongtest": {"wa": 0.465253}}, "step": 46}
Step:47	{"metric": {"zhongTraining": {"acc": 1.0}}, "step": 47}
Step:47	{"metric": {"zhongtest": {"acc": 0.3877551020408163}}, "step": 47}
Step:47	{"metric": {"zhongtest": {"UAR": 0.313283}}, "step": 47}
Step:47	{"metric": {"zhongtest": {"Macro_F1": 0.25614}}, "step": 47}
Step:47	{"metric": {"zhongtest": {"wa": 0.465253}}, "step": 47}
Step:48	{"metric": {"zhongTraining": {"acc": 1.0}}, "step": 48}
Step:48	{"metric": {"zhongtest": {"acc": 0.3877551020408163}}, "step": 48}
Step:48	{"metric": {"zhongtest": {"UAR": 0.313283}}, "step": 48}
Step:48	{"metric": {"zhongtest": {"Macro_F1": 0.25614}}, "step": 48}
Step:48	{"metric": {"zhongtest": {"wa": 0.465253}}, "step": 48}
Step:49	{"metric": {"zhongTraining": {"acc": 1.0}}, "step": 49}
Step:49	{"metric": {"zhongtest": {"acc": 0.3877551020408163}}, "step": 49}
Step:49	{"metric": {"zhongtest": {"UAR": 0.313283}}, "step": 49}
Step:49	{"metric": {"zhongtest": {"Macro_F1": 0.25614}}, "step": 49}
Step:49	{"metric": {"zhongtest": {"wa": 0.465253}}, "step": 49}
Step:50	{"metric": {"zhongTraining": {"acc": 1.0}}, "step": 50}
Step:50	{"metric": {"zhongtest": {"acc": 0.3877551020408163}}, "step": 50}
Step:50	{"metric": {"zhongtest": {"UAR": 0.313283}}, "step": 50}
Step:50	{"metric": {"zhongtest": {"Macro_F1": 0.25614}}, "step": 50}
Step:50	{"metric": {"zhongtest": {"wa": 0.465253}}, "step": 50}
Step:51	{"metric": {"zhongTraining": {"acc": 1.0}}, "step": 51}
Step:51	{"metric": {"zhongtest": {"acc": 0.3877551020408163}}, "step": 51}
Step:51	{"metric": {"zhongtest": {"UAR": 0.313283}}, "step": 51}
Step:51	{"metric": {"zhongtest": {"Macro_F1": 0.25614}}, "step": 51}
Step:51	{"metric": {"zhongtest": {"wa": 0.465253}}, "step": 51}
Step:52	{"metric": {"zhongTraining": {"acc": 1.0}}, "step": 52}
Step:52	{"metric": {"zhongtest": {"acc": 0.3877551020408163}}, "step": 52}
Step:52	{"metric": {"zhongtest": {"UAR": 0.313283}}, "step": 52}
Step:52	{"metric": {"zhongtest": {"Macro_F1": 0.25614}}, "step": 52}
Step:52	{"metric": {"zhongtest": {"wa": 0.465253}}, "step": 52}
Step:53	{"metric": {"zhongTraining": {"acc": 1.0}}, "step": 53}
Step:53	{"metric": {"zhongtest": {"acc": 0.3877551020408163}}, "step": 53}
Step:53	{"metric": {"zhongtest": {"UAR": 0.313283}}, "step": 53}
Step:53	{"metric": {"zhongtest": {"Macro_F1": 0.25614}}, "step": 53}
Step:53	{"metric": {"zhongtest": {"wa": 0.465253}}, "step": 53}
Step:54	{"metric": {"zhongTraining": {"acc": 1.0}}, "step": 54}
Step:54	{"metric": {"zhongtest": {"acc": 0.3877551020408163}}, "step": 54}
Step:54	{"metric": {"zhongtest": {"UAR": 0.313283}}, "step": 54}
Step:54	{"metric": {"zhongtest": {"Macro_F1": 0.25614}}, "step": 54}
Step:54	{"metric": {"zhongtest": {"wa": 0.465253}}, "step": 54}
Step:55	{"metric": {"zhongTraining": {"acc": 1.0}}, "step": 55}
Step:55	{"metric": {"zhongtest": {"acc": 0.40816326530612246}}, "step": 55}
Step:55	{"metric": {"zhongtest": {"UAR": 0.324796}}, "step": 55}
Step:55	{"metric": {"zhongtest": {"Macro_F1": 0.26912}}, "step": 55}
Step:55	{"metric": {"zhongtest": {"wa": 0.490485}}, "step": 55}
Step:56	{"metric": {"zhongTraining": {"acc": 1.0}}, "step": 56}
Step:56	{"metric": {"zhongtest": {"acc": 0.40816326530612246}}, "step": 56}
Step:56	{"metric": {"zhongtest": {"UAR": 0.324796}}, "step": 56}
Step:56	{"metric": {"zhongtest": {"Macro_F1": 0.26912}}, "step": 56}
Step:56	{"metric": {"zhongtest": {"wa": 0.490485}}, "step": 56}
Step:57	{"metric": {"zhongTraining": {"acc": 1.0}}, "step": 57}
Step:57	{"metric": {"zhongtest": {"acc": 0.40816326530612246}}, "step": 57}
Step:57	{"metric": {"zhongtest": {"UAR": 0.324796}}, "step": 57}
Step:57	{"metric": {"zhongtest": {"Macro_F1": 0.26912}}, "step": 57}
Step:57	{"metric": {"zhongtest": {"wa": 0.490485}}, "step": 57}
Step:58	{"metric": {"zhongTraining": {"acc": 1.0}}, "step": 58}
Step:58	{"metric": {"zhongtest": {"acc": 0.40816326530612246}}, "step": 58}
Step:58	{"metric": {"zhongtest": {"UAR": 0.324796}}, "step": 58}
Step:58	{"metric": {"zhongtest": {"Macro_F1": 0.26912}}, "step": 58}
Step:58	{"metric": {"zhongtest": {"wa": 0.490485}}, "step": 58}
Step:59	{"metric": {"zhongTraining": {"acc": 1.0}}, "step": 59}
Step:59	{"metric": {"zhongtest": {"acc": 0.40816326530612246}}, "step": 59}
Step:59	{"metric": {"zhongtest": {"UAR": 0.324796}}, "step": 59}
Step:59	{"metric": {"zhongtest": {"Macro_F1": 0.26912}}, "step": 59}
Step:59	{"metric": {"zhongtest": {"wa": 0.490485}}, "step": 59}
Step:60	{"metric": {"zhongTraining": {"acc": 1.0}}, "step": 60}
Step:60	{"metric": {"zhongtest": {"acc": 0.40816326530612246}}, "step": 60}
Step:60	{"metric": {"zhongtest": {"UAR": 0.324796}}, "step": 60}
Step:60	{"metric": {"zhongtest": {"Macro_F1": 0.26912}}, "step": 60}
Step:60	{"metric": {"zhongtest": {"wa": 0.490485}}, "step": 60}
Step:61	{"metric": {"zhongTraining": {"acc": 1.0}}, "step": 61}
Step:61	{"metric": {"zhongtest": {"acc": 0.40816326530612246}}, "step": 61}
Step:61	{"metric": {"zhongtest": {"UAR": 0.324796}}, "step": 61}
Step:61	{"metric": {"zhongtest": {"Macro_F1": 0.26912}}, "step": 61}
Step:61	{"metric": {"zhongtest": {"wa": 0.490485}}, "step": 61}
Step:62	{"metric": {"zhongTraining": {"acc": 1.0}}, "step": 62}
Step:62	{"metric": {"zhongtest": {"acc": 0.40816326530612246}}, "step": 62}
Step:62	{"metric": {"zhongtest": {"UAR": 0.324796}}, "step": 62}
Step:62	{"metric": {"zhongtest": {"Macro_F1": 0.26912}}, "step": 62}
Step:62	{"metric": {"zhongtest": {"wa": 0.490485}}, "step": 62}
Step:63	{"metric": {"zhongTraining": {"acc": 1.0}}, "step": 63}
Step:63	{"metric": {"zhongtest": {"acc": 0.40816326530612246}}, "step": 63}
Step:63	{"metric": {"zhongtest": {"UAR": 0.324796}}, "step": 63}
Step:63	{"metric": {"zhongtest": {"Macro_F1": 0.26912}}, "step": 63}
Step:63	{"metric": {"zhongtest": {"wa": 0.490485}}, "step": 63}
Step:64	{"metric": {"zhongTraining": {"acc": 1.0}}, "step": 64}
Step:64	{"metric": {"zhongtest": {"acc": 0.40816326530612246}}, "step": 64}
Step:64	{"metric": {"zhongtest": {"UAR": 0.324796}}, "step": 64}
Step:64	{"metric": {"zhongtest": {"Macro_F1": 0.26912}}, "step": 64}
Step:64	{"metric": {"zhongtest": {"wa": 0.490485}}, "step": 64}
Step:65	{"metric": {"zhongTraining": {"acc": 1.0}}, "step": 65}
Step:65	{"metric": {"zhongtest": {"acc": 0.40816326530612246}}, "step": 65}
Step:65	{"metric": {"zhongtest": {"UAR": 0.324796}}, "step": 65}
Step:65	{"metric": {"zhongtest": {"Macro_F1": 0.26912}}, "step": 65}
Step:65	{"metric": {"zhongtest": {"wa": 0.490485}}, "step": 65}
Step:66	{"metric": {"zhongTraining": {"acc": 1.0}}, "step": 66}
Step:66	{"metric": {"zhongtest": {"acc": 0.42857142857142855}}, "step": 66}
Step:66	{"metric": {"zhongtest": {"UAR": 0.337093}}, "step": 66}
Step:66	{"metric": {"zhongtest": {"Macro_F1": 0.28202}}, "step": 66}
Step:66	{"metric": {"zhongtest": {"wa": 0.519428}}, "step": 66}
Step:67	{"metric": {"zhongTraining": {"acc": 1.0}}, "step": 67}
Step:67	{"metric": {"zhongtest": {"acc": 0.42857142857142855}}, "step": 67}
Step:67	{"metric": {"zhongtest": {"UAR": 0.337093}}, "step": 67}
Step:67	{"metric": {"zhongtest": {"Macro_F1": 0.28202}}, "step": 67}
Step:67	{"metric": {"zhongtest": {"wa": 0.519428}}, "step": 67}
Step:68	{"metric": {"zhongTraining": {"acc": 1.0}}, "step": 68}
Step:68	{"metric": {"zhongtest": {"acc": 0.42857142857142855}}, "step": 68}
Step:68	{"metric": {"zhongtest": {"UAR": 0.337093}}, "step": 68}
Step:68	{"metric": {"zhongtest": {"Macro_F1": 0.28202}}, "step": 68}
Step:68	{"metric": {"zhongtest": {"wa": 0.519428}}, "step": 68}
Step:69	{"metric": {"zhongTraining": {"acc": 1.0}}, "step": 69}
Step:69	{"metric": {"zhongtest": {"acc": 0.42857142857142855}}, "step": 69}
Step:69	{"metric": {"zhongtest": {"UAR": 0.337093}}, "step": 69}
Step:69	{"metric": {"zhongtest": {"Macro_F1": 0.28202}}, "step": 69}
Step:69	{"metric": {"zhongtest": {"wa": 0.519428}}, "step": 69}
Step:70	{"metric": {"zhongTraining": {"acc": 1.0}}, "step": 70}
Step:70	{"metric": {"zhongtest": {"acc": 0.42857142857142855}}, "step": 70}
Step:70	{"metric": {"zhongtest": {"UAR": 0.337093}}, "step": 70}
Step:70	{"metric": {"zhongtest": {"Macro_F1": 0.28202}}, "step": 70}
Step:70	{"metric": {"zhongtest": {"wa": 0.519428}}, "step": 70}
Step:71	{"metric": {"zhongTraining": {"acc": 1.0}}, "step": 71}
Step:71	{"metric": {"zhongtest": {"acc": 0.42857142857142855}}, "step": 71}
Step:71	{"metric": {"zhongtest": {"UAR": 0.337093}}, "step": 71}
Step:71	{"metric": {"zhongtest": {"Macro_F1": 0.28202}}, "step": 71}
Step:71	{"metric": {"zhongtest": {"wa": 0.519428}}, "step": 71}
Step:72	{"metric": {"zhongTraining": {"acc": 1.0}}, "step": 72}
Step:72	{"metric": {"zhongtest": {"acc": 0.42857142857142855}}, "step": 72}
Step:72	{"metric": {"zhongtest": {"UAR": 0.337093}}, "step": 72}
Step:72	{"metric": {"zhongtest": {"Macro_F1": 0.28202}}, "step": 72}
Step:72	{"metric": {"zhongtest": {"wa": 0.519428}}, "step": 72}
Step:73	{"metric": {"zhongTraining": {"acc": 1.0}}, "step": 73}
Step:73	{"metric": {"zhongtest": {"acc": 0.42857142857142855}}, "step": 73}
Step:73	{"metric": {"zhongtest": {"UAR": 0.337093}}, "step": 73}
Step:73	{"metric": {"zhongtest": {"Macro_F1": 0.28202}}, "step": 73}
Step:73	{"metric": {"zhongtest": {"wa": 0.519428}}, "step": 73}
Step:74	{"metric": {"zhongTraining": {"acc": 1.0}}, "step": 74}
Step:74	{"metric": {"zhongtest": {"acc": 0.42857142857142855}}, "step": 74}
Step:74	{"metric": {"zhongtest": {"UAR": 0.337093}}, "step": 74}
Step:74	{"metric": {"zhongtest": {"Macro_F1": 0.28202}}, "step": 74}
Step:74	{"metric": {"zhongtest": {"wa": 0.519428}}, "step": 74}
Step:75	{"metric": {"zhongTraining": {"acc": 1.0}}, "step": 75}
Step:75	{"metric": {"zhongtest": {"acc": 0.42857142857142855}}, "step": 75}
Step:75	{"metric": {"zhongtest": {"UAR": 0.337093}}, "step": 75}
Step:75	{"metric": {"zhongtest": {"Macro_F1": 0.28202}}, "step": 75}
Step:75	{"metric": {"zhongtest": {"wa": 0.519428}}, "step": 75}
Step:76	{"metric": {"zhongTraining": {"acc": 1.0}}, "step": 76}
Step:76	{"metric": {"zhongtest": {"acc": 0.42857142857142855}}, "step": 76}
Step:76	{"metric": {"zhongtest": {"UAR": 0.337093}}, "step": 76}
Step:76	{"metric": {"zhongtest": {"Macro_F1": 0.28202}}, "step": 76}
Step:76	{"metric": {"zhongtest": {"wa": 0.519428}}, "step": 76}
Step:77	{"metric": {"zhongTraining": {"acc": 1.0}}, "step": 77}
Step:77	{"metric": {"zhongtest": {"acc": 0.42857142857142855}}, "step": 77}
Step:77	{"metric": {"zhongtest": {"UAR": 0.337093}}, "step": 77}
Step:77	{"metric": {"zhongtest": {"Macro_F1": 0.28202}}, "step": 77}
Step:77	{"metric": {"zhongtest": {"wa": 0.519428}}, "step": 77}
Step:78	{"metric": {"zhongTraining": {"acc": 1.0}}, "step": 78}
Step:78	{"metric": {"zhongtest": {"acc": 0.42857142857142855}}, "step": 78}
Step:78	{"metric": {"zhongtest": {"UAR": 0.337093}}, "step": 78}
Step:78	{"metric": {"zhongtest": {"Macro_F1": 0.28202}}, "step": 78}
Step:78	{"metric": {"zhongtest": {"wa": 0.519428}}, "step": 78}
Step:79	{"metric": {"zhongTraining": {"acc": 1.0}}, "step": 79}
Step:79	{"metric": {"zhongtest": {"acc": 0.42857142857142855}}, "step": 79}
Step:79	{"metric": {"zhongtest": {"UAR": 0.337093}}, "step": 79}
Step:79	{"metric": {"zhongtest": {"Macro_F1": 0.28202}}, "step": 79}
Step:79	{"metric": {"zhongtest": {"wa": 0.519428}}, "step": 79}
Step:80	{"metric": {"zhongTraining": {"acc": 1.0}}, "step": 80}
Step:80	{"metric": {"zhongtest": {"acc": 0.42857142857142855}}, "step": 80}
Step:80	{"metric": {"zhongtest": {"UAR": 0.337093}}, "step": 80}
Step:80	{"metric": {"zhongtest": {"Macro_F1": 0.28202}}, "step": 80}
Step:80	{"metric": {"zhongtest": {"wa": 0.519428}}, "step": 80}
Step:81	{"metric": {"zhongTraining": {"acc": 1.0}}, "step": 81}
Step:81	{"metric": {"zhongtest": {"acc": 0.42857142857142855}}, "step": 81}
Step:81	{"metric": {"zhongtest": {"UAR": 0.337093}}, "step": 81}
Step:81	{"metric": {"zhongtest": {"Macro_F1": 0.28202}}, "step": 81}
Step:81	{"metric": {"zhongtest": {"wa": 0.519428}}, "step": 81}
Step:82	{"metric": {"zhongTraining": {"acc": 1.0}}, "step": 82}
Step:82	{"metric": {"zhongtest": {"acc": 0.42857142857142855}}, "step": 82}
Step:82	{"metric": {"zhongtest": {"UAR": 0.337093}}, "step": 82}
Step:82	{"metric": {"zhongtest": {"Macro_F1": 0.28202}}, "step": 82}
Step:82	{"metric": {"zhongtest": {"wa": 0.519428}}, "step": 82}
Step:83	{"metric": {"zhongTraining": {"acc": 1.0}}, "step": 83}
Step:83	{"metric": {"zhongtest": {"acc": 0.42857142857142855}}, "step": 83}
Step:83	{"metric": {"zhongtest": {"UAR": 0.337093}}, "step": 83}
Step:83	{"metric": {"zhongtest": {"Macro_F1": 0.28202}}, "step": 83}
Step:83	{"metric": {"zhongtest": {"wa": 0.519428}}, "step": 83}
Step:84	{"metric": {"zhongTraining": {"acc": 1.0}}, "step": 84}
Step:84	{"metric": {"zhongtest": {"acc": 0.42857142857142855}}, "step": 84}
Step:84	{"metric": {"zhongtest": {"UAR": 0.337093}}, "step": 84}
Step:84	{"metric": {"zhongtest": {"Macro_F1": 0.28202}}, "step": 84}
Step:84	{"metric": {"zhongtest": {"wa": 0.519428}}, "step": 84}
Step:85	{"metric": {"zhongTraining": {"acc": 1.0}}, "step": 85}
Step:85	{"metric": {"zhongtest": {"acc": 0.42857142857142855}}, "step": 85}
Step:85	{"metric": {"zhongtest": {"UAR": 0.337093}}, "step": 85}
Step:85	{"metric": {"zhongtest": {"Macro_F1": 0.28202}}, "step": 85}
Step:85	{"metric": {"zhongtest": {"wa": 0.519428}}, "step": 85}
Step:86	{"metric": {"zhongTraining": {"acc": 1.0}}, "step": 86}
Step:86	{"metric": {"zhongtest": {"acc": 0.42857142857142855}}, "step": 86}
Step:86	{"metric": {"zhongtest": {"UAR": 0.337093}}, "step": 86}
Step:86	{"metric": {"zhongtest": {"Macro_F1": 0.28202}}, "step": 86}
Step:86	{"metric": {"zhongtest": {"wa": 0.519428}}, "step": 86}
Step:87	{"metric": {"zhongTraining": {"acc": 1.0}}, "step": 87}
Step:87	{"metric": {"zhongtest": {"acc": 0.42857142857142855}}, "step": 87}
Step:87	{"metric": {"zhongtest": {"UAR": 0.337093}}, "step": 87}
Step:87	{"metric": {"zhongtest": {"Macro_F1": 0.28202}}, "step": 87}
Step:87	{"metric": {"zhongtest": {"wa": 0.519428}}, "step": 87}
Step:88	{"metric": {"zhongTraining": {"acc": 1.0}}, "step": 88}
Step:88	{"metric": {"zhongtest": {"acc": 0.42857142857142855}}, "step": 88}
Step:88	{"metric": {"zhongtest": {"UAR": 0.337093}}, "step": 88}
Step:88	{"metric": {"zhongtest": {"Macro_F1": 0.28202}}, "step": 88}
Step:88	{"metric": {"zhongtest": {"wa": 0.519428}}, "step": 88}
Step:89	{"metric": {"zhongTraining": {"acc": 1.0}}, "step": 89}
Step:89	{"metric": {"zhongtest": {"acc": 0.42857142857142855}}, "step": 89}
Step:89	{"metric": {"zhongtest": {"UAR": 0.337093}}, "step": 89}
Step:89	{"metric": {"zhongtest": {"Macro_F1": 0.28202}}, "step": 89}
Step:89	{"metric": {"zhongtest": {"wa": 0.519428}}, "step": 89}
Step:90	{"metric": {"zhongTraining": {"acc": 1.0}}, "step": 90}
Step:90	{"metric": {"zhongtest": {"acc": 0.42857142857142855}}, "step": 90}
Step:90	{"metric": {"zhongtest": {"UAR": 0.337093}}, "step": 90}
Step:90	{"metric": {"zhongtest": {"Macro_F1": 0.28202}}, "step": 90}
Step:90	{"metric": {"zhongtest": {"wa": 0.519428}}, "step": 90}
Step:91	{"metric": {"zhongTraining": {"acc": 1.0}}, "step": 91}
Step:91	{"metric": {"zhongtest": {"acc": 0.42857142857142855}}, "step": 91}
Step:91	{"metric": {"zhongtest": {"UAR": 0.337093}}, "step": 91}
Step:91	{"metric": {"zhongtest": {"Macro_F1": 0.28202}}, "step": 91}
Step:91	{"metric": {"zhongtest": {"wa": 0.519428}}, "step": 91}
Step:92	{"metric": {"zhongTraining": {"acc": 1.0}}, "step": 92}
Step:92	{"metric": {"zhongtest": {"acc": 0.42857142857142855}}, "step": 92}
Step:92	{"metric": {"zhongtest": {"UAR": 0.337093}}, "step": 92}
Step:92	{"metric": {"zhongtest": {"Macro_F1": 0.28202}}, "step": 92}
Step:92	{"metric": {"zhongtest": {"wa": 0.519428}}, "step": 92}
Step:93	{"metric": {"zhongTraining": {"acc": 1.0}}, "step": 93}
Step:93	{"metric": {"zhongtest": {"acc": 0.42857142857142855}}, "step": 93}
Step:93	{"metric": {"zhongtest": {"UAR": 0.337093}}, "step": 93}
Step:93	{"metric": {"zhongtest": {"Macro_F1": 0.28202}}, "step": 93}
Step:93	{"metric": {"zhongtest": {"wa": 0.519428}}, "step": 93}
Step:94	{"metric": {"zhongTraining": {"acc": 1.0}}, "step": 94}
Step:94	{"metric": {"zhongtest": {"acc": 0.42857142857142855}}, "step": 94}
Step:94	{"metric": {"zhongtest": {"UAR": 0.337093}}, "step": 94}
Step:94	{"metric": {"zhongtest": {"Macro_F1": 0.28202}}, "step": 94}
Step:94	{"metric": {"zhongtest": {"wa": 0.519428}}, "step": 94}
Step:95	{"metric": {"zhongTraining": {"acc": 1.0}}, "step": 95}
Step:95	{"metric": {"zhongtest": {"acc": 0.42857142857142855}}, "step": 95}
Step:95	{"metric": {"zhongtest": {"UAR": 0.337093}}, "step": 95}
Step:95	{"metric": {"zhongtest": {"Macro_F1": 0.28202}}, "step": 95}
Step:95	{"metric": {"zhongtest": {"wa": 0.519428}}, "step": 95}
Step:96	{"metric": {"zhongTraining": {"acc": 1.0}}, "step": 96}
Step:96	{"metric": {"zhongtest": {"acc": 0.42857142857142855}}, "step": 96}
Step:96	{"metric": {"zhongtest": {"UAR": 0.337093}}, "step": 96}
Step:96	{"metric": {"zhongtest": {"Macro_F1": 0.28202}}, "step": 96}
Step:96	{"metric": {"zhongtest": {"wa": 0.519428}}, "step": 96}
Step:97	{"metric": {"zhongTraining": {"acc": 1.0}}, "step": 97}
Step:97	{"metric": {"zhongtest": {"acc": 0.42857142857142855}}, "step": 97}
Step:97	{"metric": {"zhongtest": {"UAR": 0.337093}}, "step": 97}
Step:97	{"metric": {"zhongtest": {"Macro_F1": 0.28202}}, "step": 97}
Step:97	{"metric": {"zhongtest": {"wa": 0.519428}}, "step": 97}
Step:98	{"metric": {"zhongTraining": {"acc": 1.0}}, "step": 98}
Step:98	{"metric": {"zhongtest": {"acc": 0.42857142857142855}}, "step": 98}
Step:98	{"metric": {"zhongtest": {"UAR": 0.337093}}, "step": 98}
Step:98	{"metric": {"zhongtest": {"Macro_F1": 0.28202}}, "step": 98}
Step:98	{"metric": {"zhongtest": {"wa": 0.519428}}, "step": 98}
Step:99	{"metric": {"zhongTraining": {"acc": 1.0}}, "step": 99}
Step:99	{"metric": {"zhongtest": {"acc": 0.42857142857142855}}, "step": 99}
Step:99	{"metric": {"zhongtest": {"UAR": 0.337093}}, "step": 99}
Step:99	{"metric": {"zhongtest": {"Macro_F1": 0.28202}}, "step": 99}
Step:99	{"metric": {"zhongtest": {"wa": 0.519428}}, "step": 99}
Step:100	{"metric": {"zhongTraining": {"acc": 1.0}}, "step": 100}
Step:100	{"metric": {"zhongtest": {"acc": 0.42857142857142855}}, "step": 100}
Step:100	{"metric": {"zhongtest": {"UAR": 0.337093}}, "step": 100}
Step:100	{"metric": {"zhongtest": {"Macro_F1": 0.28202}}, "step": 100}
Step:100	{"metric": {"zhongtest": {"wa": 0.519428}}, "step": 100}
