Step:1	{"metric": {"full19train": {"acc": 0.1658878504672897}}, "step": 1}
Step:1	{"metric": {"full19test": {"acc": 0.2523364485981308}}, "step": 1}
Step:1	{"metric": {"full19test": {"UAR": 0.124954}}, "step": 1}
Step:1	{"metric": {"full19test": {"Macro_F1": 0.132577}}, "step": 1}
Step:1	{"metric": {"full19test": {"wa": 0.665272}}, "step": 1}
Step:2	{"metric": {"full19train": {"acc": 0.3247663551401869}}, "step": 2}
Step:2	{"metric": {"full19test": {"acc": 0.35514018691588783}}, "step": 2}
Step:2	{"metric": {"full19test": {"UAR": 0.135367}}, "step": 2}
Step:2	{"metric": {"full19test": {"Macro_F1": 0.180127}}, "step": 2}
Step:2	{"metric": {"full19test": {"wa": 0.730374}}, "step": 2}
Step:3	{"metric": {"full19train": {"acc": 0.37149532710280375}}, "step": 3}
Step:3	{"metric": {"full19test": {"acc": 0.40186915887850466}}, "step": 3}
Step:3	{"metric": {"full19test": {"UAR": 0.303704}}, "step": 3}
Step:3	{"metric": {"full19test": {"Macro_F1": 0.285294}}, "step": 3}
Step:3	{"metric": {"full19test": {"wa": 0.568134}}, "step": 3}
Step:4	{"metric": {"full19train": {"acc": 0.45794392523364486}}, "step": 4}
Step:4	{"metric": {"full19test": {"acc": 0.4953271028037383}}, "step": 4}
Step:4	{"metric": {"full19test": {"UAR": 0.474957}}, "step": 4}
Step:4	{"metric": {"full19test": {"Macro_F1": 0.385937}}, "step": 4}
Step:4	{"metric": {"full19test": {"wa": 0.655189}}, "step": 4}
Step:5	{"metric": {"full19train": {"acc": 0.4532710280373832}}, "step": 5}
Step:5	{"metric": {"full19test": {"acc": 0.4766355140186916}}, "step": 5}
Step:5	{"metric": {"full19test": {"UAR": 0.463894}}, "step": 5}
Step:5	{"metric": {"full19test": {"Macro_F1": 0.38416}}, "step": 5}
Step:5	{"metric": {"full19test": {"wa": 0.61183}}, "step": 5}
Step:6	{"metric": {"full19train": {"acc": 0.5}}, "step": 6}
Step:6	{"metric": {"full19test": {"acc": 0.4953271028037383}}, "step": 6}
Step:6	{"metric": {"full19test": {"UAR": 0.477063}}, "step": 6}
Step:6	{"metric": {"full19test": {"Macro_F1": 0.395002}}, "step": 6}
Step:6	{"metric": {"full19test": {"wa": 0.651435}}, "step": 6}
Step:7	{"metric": {"full19train": {"acc": 0.5257009345794392}}, "step": 7}
Step:7	{"metric": {"full19test": {"acc": 0.514018691588785}}, "step": 7}
Step:7	{"metric": {"full19test": {"UAR": 0.462788}}, "step": 7}
Step:7	{"metric": {"full19test": {"Macro_F1": 0.418957}}, "step": 7}
Step:7	{"metric": {"full19test": {"wa": 0.626152}}, "step": 7}
Step:8	{"metric": {"full19train": {"acc": 0.5233644859813084}}, "step": 8}
Step:8	{"metric": {"full19test": {"acc": 0.5233644859813084}}, "step": 8}
Step:8	{"metric": {"full19test": {"UAR": 0.453787}}, "step": 8}
Step:8	{"metric": {"full19test": {"Macro_F1": 0.42964}}, "step": 8}
Step:8	{"metric": {"full19test": {"wa": 0.651959}}, "step": 8}
Step:9	{"metric": {"full19train": {"acc": 0.5280373831775701}}, "step": 9}
Step:9	{"metric": {"full19test": {"acc": 0.5700934579439252}}, "step": 9}
Step:9	{"metric": {"full19test": {"UAR": 0.506475}}, "step": 9}
Step:9	{"metric": {"full19test": {"Macro_F1": 0.501305}}, "step": 9}
Step:9	{"metric": {"full19test": {"wa": 0.627014}}, "step": 9}
Step:10	{"metric": {"full19train": {"acc": 0.5817757009345794}}, "step": 10}
Step:10	{"metric": {"full19test": {"acc": 0.5514018691588785}}, "step": 10}
Step:10	{"metric": {"full19test": {"UAR": 0.614216}}, "step": 10}
Step:10	{"metric": {"full19test": {"Macro_F1": 0.488652}}, "step": 10}
Step:10	{"metric": {"full19test": {"wa": 0.648949}}, "step": 10}
Step:11	{"metric": {"full19train": {"acc": 0.6238317757009346}}, "step": 11}
Step:11	{"metric": {"full19test": {"acc": 0.5327102803738317}}, "step": 11}
Step:11	{"metric": {"full19test": {"UAR": 0.497997}}, "step": 11}
Step:11	{"metric": {"full19test": {"Macro_F1": 0.461474}}, "step": 11}
Step:11	{"metric": {"full19test": {"wa": 0.59388}}, "step": 11}
Step:12	{"metric": {"full19train": {"acc": 0.6261682242990654}}, "step": 12}
Step:12	{"metric": {"full19test": {"acc": 0.5233644859813084}}, "step": 12}
Step:12	{"metric": {"full19test": {"UAR": 0.49715}}, "step": 12}
Step:12	{"metric": {"full19test": {"Macro_F1": 0.470962}}, "step": 12}
Step:12	{"metric": {"full19test": {"wa": 0.595267}}, "step": 12}
Step:13	{"metric": {"full19train": {"acc": 0.6915887850467289}}, "step": 13}
Step:13	{"metric": {"full19test": {"acc": 0.5887850467289719}}, "step": 13}
Step:13	{"metric": {"full19test": {"UAR": 0.572147}}, "step": 13}
Step:13	{"metric": {"full19test": {"Macro_F1": 0.538313}}, "step": 13}
Step:13	{"metric": {"full19test": {"wa": 0.635047}}, "step": 13}
Step:14	{"metric": {"full19train": {"acc": 0.6962616822429907}}, "step": 14}
Step:14	{"metric": {"full19test": {"acc": 0.5981308411214953}}, "step": 14}
Step:14	{"metric": {"full19test": {"UAR": 0.575758}}, "step": 14}
Step:14	{"metric": {"full19test": {"Macro_F1": 0.531421}}, "step": 14}
Step:14	{"metric": {"full19test": {"wa": 0.70241}}, "step": 14}
Step:15	{"metric": {"full19train": {"acc": 0.7313084112149533}}, "step": 15}
Step:15	{"metric": {"full19test": {"acc": 0.6448598130841121}}, "step": 15}
Step:15	{"metric": {"full19test": {"UAR": 0.616241}}, "step": 15}
Step:15	{"metric": {"full19test": {"Macro_F1": 0.587511}}, "step": 15}
Step:15	{"metric": {"full19test": {"wa": 0.693614}}, "step": 15}
Step:16	{"metric": {"full19train": {"acc": 0.7149532710280374}}, "step": 16}
Step:16	{"metric": {"full19test": {"acc": 0.6728971962616822}}, "step": 16}
Step:16	{"metric": {"full19test": {"UAR": 0.70395}}, "step": 16}
Step:16	{"metric": {"full19test": {"Macro_F1": 0.641265}}, "step": 16}
Step:16	{"metric": {"full19test": {"wa": 0.733921}}, "step": 16}
Step:17	{"metric": {"full19train": {"acc": 0.7383177570093458}}, "step": 17}
Step:17	{"metric": {"full19test": {"acc": 0.7102803738317757}}, "step": 17}
Step:17	{"metric": {"full19test": {"UAR": 0.680692}}, "step": 17}
Step:17	{"metric": {"full19test": {"Macro_F1": 0.653549}}, "step": 17}
Step:17	{"metric": {"full19test": {"wa": 0.776681}}, "step": 17}
Step:18	{"metric": {"full19train": {"acc": 0.6962616822429907}}, "step": 18}
Step:18	{"metric": {"full19test": {"acc": 0.6822429906542056}}, "step": 18}
Step:18	{"metric": {"full19test": {"UAR": 0.648773}}, "step": 18}
Step:18	{"metric": {"full19test": {"Macro_F1": 0.641319}}, "step": 18}
Step:18	{"metric": {"full19test": {"wa": 0.720426}}, "step": 18}
Step:19	{"metric": {"full19train": {"acc": 0.7850467289719626}}, "step": 19}
Step:19	{"metric": {"full19test": {"acc": 0.6448598130841121}}, "step": 19}
Step:19	{"metric": {"full19test": {"UAR": 0.637008}}, "step": 19}
Step:19	{"metric": {"full19test": {"Macro_F1": 0.609311}}, "step": 19}
Step:19	{"metric": {"full19test": {"wa": 0.694453}}, "step": 19}
Step:20	{"metric": {"full19train": {"acc": 0.7850467289719626}}, "step": 20}
Step:20	{"metric": {"full19test": {"acc": 0.7476635514018691}}, "step": 20}
Step:20	{"metric": {"full19test": {"UAR": 0.725397}}, "step": 20}
Step:20	{"metric": {"full19test": {"Macro_F1": 0.710758}}, "step": 20}
Step:20	{"metric": {"full19test": {"wa": 0.798981}}, "step": 20}
Step:21	{"metric": {"full19train": {"acc": 0.8411214953271028}}, "step": 21}
Step:21	{"metric": {"full19test": {"acc": 0.7476635514018691}}, "step": 21}
Step:21	{"metric": {"full19test": {"UAR": 0.74152}}, "step": 21}
Step:21	{"metric": {"full19test": {"Macro_F1": 0.725751}}, "step": 21}
Step:21	{"metric": {"full19test": {"wa": 0.77373}}, "step": 21}
Step:22	{"metric": {"full19train": {"acc": 0.8107476635514018}}, "step": 22}
Step:22	{"metric": {"full19test": {"acc": 0.794392523364486}}, "step": 22}
Step:22	{"metric": {"full19test": {"UAR": 0.790223}}, "step": 22}
Step:22	{"metric": {"full19test": {"Macro_F1": 0.775302}}, "step": 22}
Step:22	{"metric": {"full19test": {"wa": 0.827117}}, "step": 22}
Step:23	{"metric": {"full19train": {"acc": 0.8294392523364486}}, "step": 23}
Step:23	{"metric": {"full19test": {"acc": 0.7289719626168224}}, "step": 23}
Step:23	{"metric": {"full19test": {"UAR": 0.717348}}, "step": 23}
Step:23	{"metric": {"full19test": {"Macro_F1": 0.71185}}, "step": 23}
Step:23	{"metric": {"full19test": {"wa": 0.746161}}, "step": 23}
Step:24	{"metric": {"full19train": {"acc": 0.883177570093458}}, "step": 24}
Step:24	{"metric": {"full19test": {"acc": 0.7757009345794392}}, "step": 24}
Step:24	{"metric": {"full19test": {"UAR": 0.769161}}, "step": 24}
Step:24	{"metric": {"full19test": {"Macro_F1": 0.750856}}, "step": 24}
Step:24	{"metric": {"full19test": {"wa": 0.827419}}, "step": 24}
Step:25	{"metric": {"full19train": {"acc": 0.8808411214953271}}, "step": 25}
Step:25	{"metric": {"full19test": {"acc": 0.822429906542056}}, "step": 25}
Step:25	{"metric": {"full19test": {"UAR": 0.813048}}, "step": 25}
Step:25	{"metric": {"full19test": {"Macro_F1": 0.804114}}, "step": 25}
Step:25	{"metric": {"full19test": {"wa": 0.844169}}, "step": 25}
Step:26	{"metric": {"full19train": {"acc": 0.8481308411214953}}, "step": 26}
Step:26	{"metric": {"full19test": {"acc": 0.7663551401869159}}, "step": 26}
Step:26	{"metric": {"full19test": {"UAR": 0.748582}}, "step": 26}
Step:26	{"metric": {"full19test": {"Macro_F1": 0.748799}}, "step": 26}
Step:26	{"metric": {"full19test": {"wa": 0.777663}}, "step": 26}
Step:27	{"metric": {"full19train": {"acc": 0.8738317757009346}}, "step": 27}
Step:27	{"metric": {"full19test": {"acc": 0.7663551401869159}}, "step": 27}
Step:27	{"metric": {"full19test": {"UAR": 0.763445}}, "step": 27}
Step:27	{"metric": {"full19test": {"Macro_F1": 0.742088}}, "step": 27}
Step:27	{"metric": {"full19test": {"wa": 0.804961}}, "step": 27}
Step:28	{"metric": {"full19train": {"acc": 0.8621495327102804}}, "step": 28}
Step:28	{"metric": {"full19test": {"acc": 0.8130841121495327}}, "step": 28}
Step:28	{"metric": {"full19test": {"UAR": 0.793622}}, "step": 28}
Step:28	{"metric": {"full19test": {"Macro_F1": 0.78768}}, "step": 28}
Step:28	{"metric": {"full19test": {"wa": 0.833057}}, "step": 28}
Step:29	{"metric": {"full19train": {"acc": 0.8761682242990654}}, "step": 29}
Step:29	{"metric": {"full19test": {"acc": 0.7757009345794392}}, "step": 29}
Step:29	{"metric": {"full19test": {"UAR": 0.769795}}, "step": 29}
Step:29	{"metric": {"full19test": {"Macro_F1": 0.757055}}, "step": 29}
Step:29	{"metric": {"full19test": {"wa": 0.794169}}, "step": 29}
Step:30	{"metric": {"full19train": {"acc": 0.9065420560747663}}, "step": 30}
Step:30	{"metric": {"full19test": {"acc": 0.794392523364486}}, "step": 30}
Step:30	{"metric": {"full19test": {"UAR": 0.791173}}, "step": 30}
Step:30	{"metric": {"full19test": {"Macro_F1": 0.790163}}, "step": 30}
Step:30	{"metric": {"full19test": {"wa": 0.809564}}, "step": 30}
Step:31	{"metric": {"full19train": {"acc": 0.883177570093458}}, "step": 31}
Step:31	{"metric": {"full19test": {"acc": 0.7850467289719626}}, "step": 31}
Step:31	{"metric": {"full19test": {"UAR": 0.772445}}, "step": 31}
Step:31	{"metric": {"full19test": {"Macro_F1": 0.753764}}, "step": 31}
Step:31	{"metric": {"full19test": {"wa": 0.838379}}, "step": 31}
Step:32	{"metric": {"full19train": {"acc": 0.8714953271028038}}, "step": 32}
Step:32	{"metric": {"full19test": {"acc": 0.794392523364486}}, "step": 32}
Step:32	{"metric": {"full19test": {"UAR": 0.780717}}, "step": 32}
Step:32	{"metric": {"full19test": {"Macro_F1": 0.774346}}, "step": 32}
Step:32	{"metric": {"full19test": {"wa": 0.79447}}, "step": 32}
Step:33	{"metric": {"full19train": {"acc": 0.8785046728971962}}, "step": 33}
Step:33	{"metric": {"full19test": {"acc": 0.7663551401869159}}, "step": 33}
Step:33	{"metric": {"full19test": {"UAR": 0.755608}}, "step": 33}
Step:33	{"metric": {"full19test": {"Macro_F1": 0.747838}}, "step": 33}
Step:33	{"metric": {"full19test": {"wa": 0.800054}}, "step": 33}
Step:34	{"metric": {"full19train": {"acc": 0.8995327102803738}}, "step": 34}
Step:34	{"metric": {"full19test": {"acc": 0.7757009345794392}}, "step": 34}
Step:34	{"metric": {"full19test": {"UAR": 0.752747}}, "step": 34}
Step:34	{"metric": {"full19test": {"Macro_F1": 0.753508}}, "step": 34}
Step:34	{"metric": {"full19test": {"wa": 0.788891}}, "step": 34}
Step:35	{"metric": {"full19train": {"acc": 0.9018691588785047}}, "step": 35}
Step:35	{"metric": {"full19test": {"acc": 0.8037383177570093}}, "step": 35}
Step:35	{"metric": {"full19test": {"UAR": 0.779844}}, "step": 35}
Step:35	{"metric": {"full19test": {"Macro_F1": 0.769478}}, "step": 35}
Step:35	{"metric": {"full19test": {"wa": 0.831868}}, "step": 35}
Step:36	{"metric": {"full19train": {"acc": 0.9415887850467289}}, "step": 36}
Step:36	{"metric": {"full19test": {"acc": 0.8037383177570093}}, "step": 36}
Step:36	{"metric": {"full19test": {"UAR": 0.789227}}, "step": 36}
Step:36	{"metric": {"full19test": {"Macro_F1": 0.777763}}, "step": 36}
Step:36	{"metric": {"full19test": {"wa": 0.827458}}, "step": 36}
Step:37	{"metric": {"full19train": {"acc": 0.9252336448598131}}, "step": 37}
Step:37	{"metric": {"full19test": {"acc": 0.8598130841121495}}, "step": 37}
Step:37	{"metric": {"full19test": {"UAR": 0.855599}}, "step": 37}
Step:37	{"metric": {"full19test": {"Macro_F1": 0.849655}}, "step": 37}
Step:37	{"metric": {"full19test": {"wa": 0.881702}}, "step": 37}
Step:38	{"metric": {"full19train": {"acc": 0.9439252336448598}}, "step": 38}
Step:38	{"metric": {"full19test": {"acc": 0.8130841121495327}}, "step": 38}
Step:38	{"metric": {"full19test": {"UAR": 0.791659}}, "step": 38}
Step:38	{"metric": {"full19test": {"Macro_F1": 0.790552}}, "step": 38}
Step:38	{"metric": {"full19test": {"wa": 0.825521}}, "step": 38}
Step:39	{"metric": {"full19train": {"acc": 0.9299065420560748}}, "step": 39}
Step:39	{"metric": {"full19test": {"acc": 0.8317757009345794}}, "step": 39}
Step:39	{"metric": {"full19test": {"UAR": 0.819478}}, "step": 39}
Step:39	{"metric": {"full19test": {"Macro_F1": 0.805611}}, "step": 39}
Step:39	{"metric": {"full19test": {"wa": 0.869291}}, "step": 39}
Step:40	{"metric": {"full19train": {"acc": 0.9299065420560748}}, "step": 40}
Step:40	{"metric": {"full19test": {"acc": 0.8037383177570093}}, "step": 40}
Step:40	{"metric": {"full19test": {"UAR": 0.78756}}, "step": 40}
Step:40	{"metric": {"full19test": {"Macro_F1": 0.778783}}, "step": 40}
Step:40	{"metric": {"full19test": {"wa": 0.829695}}, "step": 40}
Step:41	{"metric": {"full19train": {"acc": 0.9345794392523364}}, "step": 41}
Step:41	{"metric": {"full19test": {"acc": 0.7850467289719626}}, "step": 41}
Step:41	{"metric": {"full19test": {"UAR": 0.771374}}, "step": 41}
Step:41	{"metric": {"full19test": {"Macro_F1": 0.759378}}, "step": 41}
Step:41	{"metric": {"full19test": {"wa": 0.803085}}, "step": 41}
Step:42	{"metric": {"full19train": {"acc": 0.9415887850467289}}, "step": 42}
Step:42	{"metric": {"full19test": {"acc": 0.7850467289719626}}, "step": 42}
Step:42	{"metric": {"full19test": {"UAR": 0.783312}}, "step": 42}
Step:42	{"metric": {"full19test": {"Macro_F1": 0.764927}}, "step": 42}
Step:42	{"metric": {"full19test": {"wa": 0.807646}}, "step": 42}
Step:43	{"metric": {"full19train": {"acc": 0.969626168224299}}, "step": 43}
Step:43	{"metric": {"full19test": {"acc": 0.8130841121495327}}, "step": 43}
Step:43	{"metric": {"full19test": {"UAR": 0.808477}}, "step": 43}
Step:43	{"metric": {"full19test": {"Macro_F1": 0.79374}}, "step": 43}
Step:43	{"metric": {"full19test": {"wa": 0.848535}}, "step": 43}
Step:44	{"metric": {"full19train": {"acc": 0.9415887850467289}}, "step": 44}
Step:44	{"metric": {"full19test": {"acc": 0.8504672897196262}}, "step": 44}
Step:44	{"metric": {"full19test": {"UAR": 0.837161}}, "step": 44}
Step:44	{"metric": {"full19test": {"Macro_F1": 0.834943}}, "step": 44}
Step:44	{"metric": {"full19test": {"wa": 0.85004}}, "step": 44}
Step:45	{"metric": {"full19train": {"acc": 0.9579439252336449}}, "step": 45}
Step:45	{"metric": {"full19test": {"acc": 0.8504672897196262}}, "step": 45}
Step:45	{"metric": {"full19test": {"UAR": 0.851986}}, "step": 45}
Step:45	{"metric": {"full19test": {"Macro_F1": 0.836284}}, "step": 45}
Step:45	{"metric": {"full19test": {"wa": 0.873781}}, "step": 45}
Step:46	{"metric": {"full19train": {"acc": 0.9719626168224299}}, "step": 46}
Step:46	{"metric": {"full19test": {"acc": 0.8130841121495327}}, "step": 46}
Step:46	{"metric": {"full19test": {"UAR": 0.815153}}, "step": 46}
Step:46	{"metric": {"full19test": {"Macro_F1": 0.799035}}, "step": 46}
Step:46	{"metric": {"full19test": {"wa": 0.833768}}, "step": 46}
Step:47	{"metric": {"full19train": {"acc": 0.9626168224299065}}, "step": 47}
Step:47	{"metric": {"full19test": {"acc": 0.8598130841121495}}, "step": 47}
Step:47	{"metric": {"full19test": {"UAR": 0.850658}}, "step": 47}
Step:47	{"metric": {"full19test": {"Macro_F1": 0.849386}}, "step": 47}
Step:47	{"metric": {"full19test": {"wa": 0.868753}}, "step": 47}
Step:48	{"metric": {"full19train": {"acc": 0.9415887850467289}}, "step": 48}
Step:48	{"metric": {"full19test": {"acc": 0.8411214953271028}}, "step": 48}
Step:48	{"metric": {"full19test": {"UAR": 0.833295}}, "step": 48}
Step:48	{"metric": {"full19test": {"Macro_F1": 0.831511}}, "step": 48}
Step:48	{"metric": {"full19test": {"wa": 0.844294}}, "step": 48}
Step:49	{"metric": {"full19train": {"acc": 0.969626168224299}}, "step": 49}
Step:49	{"metric": {"full19test": {"acc": 0.8504672897196262}}, "step": 49}
Step:49	{"metric": {"full19test": {"UAR": 0.844038}}, "step": 49}
Step:49	{"metric": {"full19test": {"Macro_F1": 0.838439}}, "step": 49}
Step:49	{"metric": {"full19test": {"wa": 0.863094}}, "step": 49}
Step:50	{"metric": {"full19train": {"acc": 0.9579439252336449}}, "step": 50}
Step:50	{"metric": {"full19test": {"acc": 0.8130841121495327}}, "step": 50}
Step:50	{"metric": {"full19test": {"UAR": 0.799136}}, "step": 50}
Step:50	{"metric": {"full19test": {"Macro_F1": 0.793749}}, "step": 50}
Step:50	{"metric": {"full19test": {"wa": 0.834516}}, "step": 50}
Step:51	{"metric": {"full19train": {"acc": 0.9719626168224299}}, "step": 51}
Step:51	{"metric": {"full19test": {"acc": 0.8598130841121495}}, "step": 51}
Step:51	{"metric": {"full19test": {"UAR": 0.851114}}, "step": 51}
Step:51	{"metric": {"full19test": {"Macro_F1": 0.848174}}, "step": 51}
Step:51	{"metric": {"full19test": {"wa": 0.874134}}, "step": 51}
Step:52	{"metric": {"full19train": {"acc": 0.9485981308411215}}, "step": 52}
Step:52	{"metric": {"full19test": {"acc": 0.8317757009345794}}, "step": 52}
Step:52	{"metric": {"full19test": {"UAR": 0.824376}}, "step": 52}
Step:52	{"metric": {"full19test": {"Macro_F1": 0.817503}}, "step": 52}
Step:52	{"metric": {"full19test": {"wa": 0.838202}}, "step": 52}
Step:53	{"metric": {"full19train": {"acc": 0.9462616822429907}}, "step": 53}
Step:53	{"metric": {"full19test": {"acc": 0.8504672897196262}}, "step": 53}
Step:53	{"metric": {"full19test": {"UAR": 0.844803}}, "step": 53}
Step:53	{"metric": {"full19test": {"Macro_F1": 0.838806}}, "step": 53}
Step:53	{"metric": {"full19test": {"wa": 0.868514}}, "step": 53}
Step:54	{"metric": {"full19train": {"acc": 0.9532710280373832}}, "step": 54}
Step:54	{"metric": {"full19test": {"acc": 0.822429906542056}}, "step": 54}
Step:54	{"metric": {"full19test": {"UAR": 0.814653}}, "step": 54}
Step:54	{"metric": {"full19test": {"Macro_F1": 0.80427}}, "step": 54}
Step:54	{"metric": {"full19test": {"wa": 0.83393}}, "step": 54}
Step:55	{"metric": {"full19train": {"acc": 0.9719626168224299}}, "step": 55}
Step:55	{"metric": {"full19test": {"acc": 0.8317757009345794}}, "step": 55}
Step:55	{"metric": {"full19test": {"UAR": 0.81843}}, "step": 55}
Step:55	{"metric": {"full19test": {"Macro_F1": 0.815723}}, "step": 55}
Step:55	{"metric": {"full19test": {"wa": 0.855858}}, "step": 55}
Step:56	{"metric": {"full19train": {"acc": 0.9813084112149533}}, "step": 56}
Step:56	{"metric": {"full19test": {"acc": 0.822429906542056}}, "step": 56}
Step:56	{"metric": {"full19test": {"UAR": 0.805265}}, "step": 56}
Step:56	{"metric": {"full19test": {"Macro_F1": 0.804156}}, "step": 56}
Step:56	{"metric": {"full19test": {"wa": 0.823315}}, "step": 56}
Step:57	{"metric": {"full19train": {"acc": 0.985981308411215}}, "step": 57}
Step:57	{"metric": {"full19test": {"acc": 0.8504672897196262}}, "step": 57}
Step:57	{"metric": {"full19test": {"UAR": 0.842723}}, "step": 57}
Step:57	{"metric": {"full19test": {"Macro_F1": 0.839108}}, "step": 57}
Step:57	{"metric": {"full19test": {"wa": 0.866923}}, "step": 57}
Step:58	{"metric": {"full19train": {"acc": 0.9789719626168224}}, "step": 58}
Step:58	{"metric": {"full19test": {"acc": 0.8598130841121495}}, "step": 58}
Step:58	{"metric": {"full19test": {"UAR": 0.85164}}, "step": 58}
Step:58	{"metric": {"full19test": {"Macro_F1": 0.840538}}, "step": 58}
Step:58	{"metric": {"full19test": {"wa": 0.87741}}, "step": 58}
Step:59	{"metric": {"full19train": {"acc": 0.9742990654205608}}, "step": 59}
Step:59	{"metric": {"full19test": {"acc": 0.822429906542056}}, "step": 59}
Step:59	{"metric": {"full19test": {"UAR": 0.820011}}, "step": 59}
Step:59	{"metric": {"full19test": {"Macro_F1": 0.809596}}, "step": 59}
Step:59	{"metric": {"full19test": {"wa": 0.838585}}, "step": 59}
Step:60	{"metric": {"full19train": {"acc": 0.9532710280373832}}, "step": 60}
Step:60	{"metric": {"full19test": {"acc": 0.822429906542056}}, "step": 60}
Step:60	{"metric": {"full19test": {"UAR": 0.820368}}, "step": 60}
Step:60	{"metric": {"full19test": {"Macro_F1": 0.818614}}, "step": 60}
Step:60	{"metric": {"full19test": {"wa": 0.828004}}, "step": 60}
Step:61	{"metric": {"full19train": {"acc": 0.955607476635514}}, "step": 61}
Step:61	{"metric": {"full19test": {"acc": 0.8504672897196262}}, "step": 61}
Step:61	{"metric": {"full19test": {"UAR": 0.835891}}, "step": 61}
Step:61	{"metric": {"full19test": {"Macro_F1": 0.838107}}, "step": 61}
Step:61	{"metric": {"full19test": {"wa": 0.859741}}, "step": 61}
Step:62	{"metric": {"full19train": {"acc": 0.9439252336448598}}, "step": 62}
Step:62	{"metric": {"full19test": {"acc": 0.822429906542056}}, "step": 62}
Step:62	{"metric": {"full19test": {"UAR": 0.816881}}, "step": 62}
Step:62	{"metric": {"full19test": {"Macro_F1": 0.812077}}, "step": 62}
Step:62	{"metric": {"full19test": {"wa": 0.860623}}, "step": 62}
Step:63	{"metric": {"full19train": {"acc": 0.9672897196261683}}, "step": 63}
Step:63	{"metric": {"full19test": {"acc": 0.8130841121495327}}, "step": 63}
Step:63	{"metric": {"full19test": {"UAR": 0.807206}}, "step": 63}
Step:63	{"metric": {"full19test": {"Macro_F1": 0.799234}}, "step": 63}
Step:63	{"metric": {"full19test": {"wa": 0.816149}}, "step": 63}
Step:64	{"metric": {"full19train": {"acc": 0.9649532710280374}}, "step": 64}
Step:64	{"metric": {"full19test": {"acc": 0.8504672897196262}}, "step": 64}
Step:64	{"metric": {"full19test": {"UAR": 0.848724}}, "step": 64}
Step:64	{"metric": {"full19test": {"Macro_F1": 0.833797}}, "step": 64}
Step:64	{"metric": {"full19test": {"wa": 0.852131}}, "step": 64}
Step:65	{"metric": {"full19train": {"acc": 0.9742990654205608}}, "step": 65}
Step:65	{"metric": {"full19test": {"acc": 0.8691588785046729}}, "step": 65}
Step:65	{"metric": {"full19test": {"UAR": 0.857298}}, "step": 65}
Step:65	{"metric": {"full19test": {"Macro_F1": 0.857481}}, "step": 65}
Step:65	{"metric": {"full19test": {"wa": 0.880293}}, "step": 65}
Step:66	{"metric": {"full19train": {"acc": 0.9813084112149533}}, "step": 66}
Step:66	{"metric": {"full19test": {"acc": 0.8598130841121495}}, "step": 66}
Step:66	{"metric": {"full19test": {"UAR": 0.857888}}, "step": 66}
Step:66	{"metric": {"full19test": {"Macro_F1": 0.854397}}, "step": 66}
Step:66	{"metric": {"full19test": {"wa": 0.864822}}, "step": 66}
Step:67	{"metric": {"full19train": {"acc": 0.9906542056074766}}, "step": 67}
Step:67	{"metric": {"full19test": {"acc": 0.8598130841121495}}, "step": 67}
Step:67	{"metric": {"full19test": {"UAR": 0.851766}}, "step": 67}
Step:67	{"metric": {"full19test": {"Macro_F1": 0.846697}}, "step": 67}
Step:67	{"metric": {"full19test": {"wa": 0.869748}}, "step": 67}
Step:68	{"metric": {"full19train": {"acc": 0.9883177570093458}}, "step": 68}
Step:68	{"metric": {"full19test": {"acc": 0.8411214953271028}}, "step": 68}
Step:68	{"metric": {"full19test": {"UAR": 0.836287}}, "step": 68}
Step:68	{"metric": {"full19test": {"Macro_F1": 0.824418}}, "step": 68}
Step:68	{"metric": {"full19test": {"wa": 0.856191}}, "step": 68}
Step:69	{"metric": {"full19train": {"acc": 0.9883177570093458}}, "step": 69}
Step:69	{"metric": {"full19test": {"acc": 0.9065420560747663}}, "step": 69}
Step:69	{"metric": {"full19test": {"UAR": 0.892665}}, "step": 69}
Step:69	{"metric": {"full19test": {"Macro_F1": 0.893922}}, "step": 69}
Step:69	{"metric": {"full19test": {"wa": 0.916355}}, "step": 69}
Step:70	{"metric": {"full19train": {"acc": 0.9883177570093458}}, "step": 70}
Step:70	{"metric": {"full19test": {"acc": 0.8504672897196262}}, "step": 70}
Step:70	{"metric": {"full19test": {"UAR": 0.848071}}, "step": 70}
Step:70	{"metric": {"full19test": {"Macro_F1": 0.841922}}, "step": 70}
Step:70	{"metric": {"full19test": {"wa": 0.867326}}, "step": 70}
Step:71	{"metric": {"full19train": {"acc": 0.9836448598130841}}, "step": 71}
Step:71	{"metric": {"full19test": {"acc": 0.8504672897196262}}, "step": 71}
Step:71	{"metric": {"full19test": {"UAR": 0.857595}}, "step": 71}
Step:71	{"metric": {"full19test": {"Macro_F1": 0.830853}}, "step": 71}
Step:71	{"metric": {"full19test": {"wa": 0.881474}}, "step": 71}
Step:72	{"metric": {"full19train": {"acc": 0.9836448598130841}}, "step": 72}
Step:72	{"metric": {"full19test": {"acc": 0.822429906542056}}, "step": 72}
Step:72	{"metric": {"full19test": {"UAR": 0.825394}}, "step": 72}
Step:72	{"metric": {"full19test": {"Macro_F1": 0.81415}}, "step": 72}
Step:72	{"metric": {"full19test": {"wa": 0.836894}}, "step": 72}
Step:73	{"metric": {"full19train": {"acc": 0.9766355140186916}}, "step": 73}
Step:73	{"metric": {"full19test": {"acc": 0.8411214953271028}}, "step": 73}
Step:73	{"metric": {"full19test": {"UAR": 0.851678}}, "step": 73}
Step:73	{"metric": {"full19test": {"Macro_F1": 0.838666}}, "step": 73}
Step:73	{"metric": {"full19test": {"wa": 0.851425}}, "step": 73}
Step:74	{"metric": {"full19train": {"acc": 0.9789719626168224}}, "step": 74}
Step:74	{"metric": {"full19test": {"acc": 0.8504672897196262}}, "step": 74}
Step:74	{"metric": {"full19test": {"UAR": 0.855833}}, "step": 74}
Step:74	{"metric": {"full19test": {"Macro_F1": 0.852264}}, "step": 74}
Step:74	{"metric": {"full19test": {"wa": 0.867781}}, "step": 74}
Step:75	{"metric": {"full19train": {"acc": 0.9813084112149533}}, "step": 75}
Step:75	{"metric": {"full19test": {"acc": 0.8878504672897196}}, "step": 75}
Step:75	{"metric": {"full19test": {"UAR": 0.885798}}, "step": 75}
Step:75	{"metric": {"full19test": {"Macro_F1": 0.889368}}, "step": 75}
Step:75	{"metric": {"full19test": {"wa": 0.894115}}, "step": 75}
Step:76	{"metric": {"full19train": {"acc": 0.9883177570093458}}, "step": 76}
Step:76	{"metric": {"full19test": {"acc": 0.8785046728971962}}, "step": 76}
Step:76	{"metric": {"full19test": {"UAR": 0.86482}}, "step": 76}
Step:76	{"metric": {"full19test": {"Macro_F1": 0.863752}}, "step": 76}
Step:76	{"metric": {"full19test": {"wa": 0.8969}}, "step": 76}
Step:77	{"metric": {"full19train": {"acc": 0.9766355140186916}}, "step": 77}
Step:77	{"metric": {"full19test": {"acc": 0.8317757009345794}}, "step": 77}
Step:77	{"metric": {"full19test": {"UAR": 0.83268}}, "step": 77}
Step:77	{"metric": {"full19test": {"Macro_F1": 0.830737}}, "step": 77}
Step:77	{"metric": {"full19test": {"wa": 0.834919}}, "step": 77}
Step:78	{"metric": {"full19train": {"acc": 0.985981308411215}}, "step": 78}
Step:78	{"metric": {"full19test": {"acc": 0.8691588785046729}}, "step": 78}
Step:78	{"metric": {"full19test": {"UAR": 0.872373}}, "step": 78}
Step:78	{"metric": {"full19test": {"Macro_F1": 0.857719}}, "step": 78}
Step:78	{"metric": {"full19test": {"wa": 0.888778}}, "step": 78}
Step:79	{"metric": {"full19train": {"acc": 0.9953271028037384}}, "step": 79}
Step:79	{"metric": {"full19test": {"acc": 0.8504672897196262}}, "step": 79}
Step:79	{"metric": {"full19test": {"UAR": 0.850192}}, "step": 79}
Step:79	{"metric": {"full19test": {"Macro_F1": 0.847032}}, "step": 79}
Step:79	{"metric": {"full19test": {"wa": 0.857596}}, "step": 79}
Step:80	{"metric": {"full19train": {"acc": 0.9906542056074766}}, "step": 80}
Step:80	{"metric": {"full19test": {"acc": 0.897196261682243}}, "step": 80}
Step:80	{"metric": {"full19test": {"UAR": 0.889495}}, "step": 80}
Step:80	{"metric": {"full19test": {"Macro_F1": 0.885694}}, "step": 80}
Step:80	{"metric": {"full19test": {"wa": 0.908939}}, "step": 80}
Step:81	{"metric": {"full19train": {"acc": 0.9836448598130841}}, "step": 81}
Step:81	{"metric": {"full19test": {"acc": 0.897196261682243}}, "step": 81}
Step:81	{"metric": {"full19test": {"UAR": 0.889087}}, "step": 81}
Step:81	{"metric": {"full19test": {"Macro_F1": 0.883941}}, "step": 81}
Step:81	{"metric": {"full19test": {"wa": 0.909268}}, "step": 81}
Step:82	{"metric": {"full19train": {"acc": 0.9906542056074766}}, "step": 82}
Step:82	{"metric": {"full19test": {"acc": 0.8037383177570093}}, "step": 82}
Step:82	{"metric": {"full19test": {"UAR": 0.802707}}, "step": 82}
Step:82	{"metric": {"full19test": {"Macro_F1": 0.800524}}, "step": 82}
Step:82	{"metric": {"full19test": {"wa": 0.818659}}, "step": 82}
Step:83	{"metric": {"full19train": {"acc": 0.9766355140186916}}, "step": 83}
Step:83	{"metric": {"full19test": {"acc": 0.8878504672897196}}, "step": 83}
Step:83	{"metric": {"full19test": {"UAR": 0.890915}}, "step": 83}
Step:83	{"metric": {"full19test": {"Macro_F1": 0.888957}}, "step": 83}
Step:83	{"metric": {"full19test": {"wa": 0.900745}}, "step": 83}
Step:84	{"metric": {"full19train": {"acc": 0.9883177570093458}}, "step": 84}
Step:84	{"metric": {"full19test": {"acc": 0.8878504672897196}}, "step": 84}
Step:84	{"metric": {"full19test": {"UAR": 0.883244}}, "step": 84}
Step:84	{"metric": {"full19test": {"Macro_F1": 0.878383}}, "step": 84}
Step:84	{"metric": {"full19test": {"wa": 0.905024}}, "step": 84}
Step:85	{"metric": {"full19train": {"acc": 0.9976635514018691}}, "step": 85}
Step:85	{"metric": {"full19test": {"acc": 0.8878504672897196}}, "step": 85}
Step:85	{"metric": {"full19test": {"UAR": 0.873693}}, "step": 85}
Step:85	{"metric": {"full19test": {"Macro_F1": 0.874333}}, "step": 85}
Step:85	{"metric": {"full19test": {"wa": 0.893745}}, "step": 85}
Step:86	{"metric": {"full19train": {"acc": 0.9953271028037384}}, "step": 86}
Step:86	{"metric": {"full19test": {"acc": 0.8598130841121495}}, "step": 86}
Step:86	{"metric": {"full19test": {"UAR": 0.841879}}, "step": 86}
Step:86	{"metric": {"full19test": {"Macro_F1": 0.833754}}, "step": 86}
Step:86	{"metric": {"full19test": {"wa": 0.866438}}, "step": 86}
Step:87	{"metric": {"full19train": {"acc": 0.9976635514018691}}, "step": 87}
Step:87	{"metric": {"full19test": {"acc": 0.822429906542056}}, "step": 87}
Step:87	{"metric": {"full19test": {"UAR": 0.822581}}, "step": 87}
Step:87	{"metric": {"full19test": {"Macro_F1": 0.807006}}, "step": 87}
Step:87	{"metric": {"full19test": {"wa": 0.846641}}, "step": 87}
Step:88	{"metric": {"full19train": {"acc": 1.0}}, "step": 88}
Step:88	{"metric": {"full19test": {"acc": 0.8317757009345794}}, "step": 88}
Step:88	{"metric": {"full19test": {"UAR": 0.820569}}, "step": 88}
Step:88	{"metric": {"full19test": {"Macro_F1": 0.825636}}, "step": 88}
Step:88	{"metric": {"full19test": {"wa": 0.836665}}, "step": 88}
Step:89	{"metric": {"full19train": {"acc": 0.9953271028037384}}, "step": 89}
Step:89	{"metric": {"full19test": {"acc": 0.8785046728971962}}, "step": 89}
Step:89	{"metric": {"full19test": {"UAR": 0.887886}}, "step": 89}
Step:89	{"metric": {"full19test": {"Macro_F1": 0.872608}}, "step": 89}
Step:89	{"metric": {"full19test": {"wa": 0.901404}}, "step": 89}
Step:90	{"metric": {"full19train": {"acc": 0.9953271028037384}}, "step": 90}
Step:90	{"metric": {"full19test": {"acc": 0.8878504672897196}}, "step": 90}
Step:90	{"metric": {"full19test": {"UAR": 0.891515}}, "step": 90}
Step:90	{"metric": {"full19test": {"Macro_F1": 0.880958}}, "step": 90}
Step:90	{"metric": {"full19test": {"wa": 0.898306}}, "step": 90}
Step:91	{"metric": {"full19train": {"acc": 0.9906542056074766}}, "step": 91}
Step:91	{"metric": {"full19test": {"acc": 0.8785046728971962}}, "step": 91}
Step:91	{"metric": {"full19test": {"UAR": 0.867852}}, "step": 91}
Step:91	{"metric": {"full19test": {"Macro_F1": 0.866669}}, "step": 91}
Step:91	{"metric": {"full19test": {"wa": 0.882824}}, "step": 91}
Step:92	{"metric": {"full19train": {"acc": 0.9906542056074766}}, "step": 92}
Step:92	{"metric": {"full19test": {"acc": 0.8317757009345794}}, "step": 92}
Step:92	{"metric": {"full19test": {"UAR": 0.825281}}, "step": 92}
Step:92	{"metric": {"full19test": {"Macro_F1": 0.823791}}, "step": 92}
Step:92	{"metric": {"full19test": {"wa": 0.838424}}, "step": 92}
Step:93	{"metric": {"full19train": {"acc": 0.9929906542056075}}, "step": 93}
Step:93	{"metric": {"full19test": {"acc": 0.8598130841121495}}, "step": 93}
Step:93	{"metric": {"full19test": {"UAR": 0.860063}}, "step": 93}
Step:93	{"metric": {"full19test": {"Macro_F1": 0.852225}}, "step": 93}
Step:93	{"metric": {"full19test": {"wa": 0.865187}}, "step": 93}
Step:94	{"metric": {"full19train": {"acc": 0.9953271028037384}}, "step": 94}
Step:94	{"metric": {"full19test": {"acc": 0.8878504672897196}}, "step": 94}
Step:94	{"metric": {"full19test": {"UAR": 0.883978}}, "step": 94}
Step:94	{"metric": {"full19test": {"Macro_F1": 0.882717}}, "step": 94}
Step:94	{"metric": {"full19test": {"wa": 0.901983}}, "step": 94}
Step:95	{"metric": {"full19train": {"acc": 0.9906542056074766}}, "step": 95}
Step:95	{"metric": {"full19test": {"acc": 0.9158878504672897}}, "step": 95}
Step:95	{"metric": {"full19test": {"UAR": 0.914125}}, "step": 95}
Step:95	{"metric": {"full19test": {"Macro_F1": 0.90645}}, "step": 95}
Step:95	{"metric": {"full19test": {"wa": 0.922664}}, "step": 95}
Step:96	{"metric": {"full19train": {"acc": 0.9906542056074766}}, "step": 96}
Step:96	{"metric": {"full19test": {"acc": 0.8691588785046729}}, "step": 96}
Step:96	{"metric": {"full19test": {"UAR": 0.86766}}, "step": 96}
Step:96	{"metric": {"full19test": {"Macro_F1": 0.862516}}, "step": 96}
Step:96	{"metric": {"full19test": {"wa": 0.873754}}, "step": 96}
Step:97	{"metric": {"full19train": {"acc": 0.9976635514018691}}, "step": 97}
Step:97	{"metric": {"full19test": {"acc": 0.897196261682243}}, "step": 97}
Step:97	{"metric": {"full19test": {"UAR": 0.895852}}, "step": 97}
Step:97	{"metric": {"full19test": {"Macro_F1": 0.891116}}, "step": 97}
Step:97	{"metric": {"full19test": {"wa": 0.898505}}, "step": 97}
Step:98	{"metric": {"full19train": {"acc": 0.9906542056074766}}, "step": 98}
Step:98	{"metric": {"full19test": {"acc": 0.8598130841121495}}, "step": 98}
Step:98	{"metric": {"full19test": {"UAR": 0.861638}}, "step": 98}
Step:98	{"metric": {"full19test": {"Macro_F1": 0.860573}}, "step": 98}
Step:98	{"metric": {"full19test": {"wa": 0.872765}}, "step": 98}
Step:99	{"metric": {"full19train": {"acc": 0.9929906542056075}}, "step": 99}
Step:99	{"metric": {"full19test": {"acc": 0.8598130841121495}}, "step": 99}
Step:99	{"metric": {"full19test": {"UAR": 0.85761}}, "step": 99}
Step:99	{"metric": {"full19test": {"Macro_F1": 0.845557}}, "step": 99}
Step:99	{"metric": {"full19test": {"wa": 0.867608}}, "step": 99}
Step:100	{"metric": {"full19train": {"acc": 0.9953271028037384}}, "step": 100}
Step:100	{"metric": {"full19test": {"acc": 0.897196261682243}}, "step": 100}
Step:100	{"metric": {"full19test": {"UAR": 0.901884}}, "step": 100}
Step:100	{"metric": {"full19test": {"Macro_F1": 0.896169}}, "step": 100}
Step:100	{"metric": {"full19test": {"wa": 0.905902}}, "step": 100}
Step:101	{"metric": {"full19train": {"acc": 0.9906542056074766}}, "step": 101}
Step:101	{"metric": {"full19test": {"acc": 0.8598130841121495}}, "step": 101}
Step:101	{"metric": {"full19test": {"UAR": 0.847957}}, "step": 101}
Step:101	{"metric": {"full19test": {"Macro_F1": 0.846279}}, "step": 101}
Step:101	{"metric": {"full19test": {"wa": 0.873784}}, "step": 101}
Step:102	{"metric": {"full19train": {"acc": 0.9929906542056075}}, "step": 102}
Step:102	{"metric": {"full19test": {"acc": 0.8878504672897196}}, "step": 102}
Step:102	{"metric": {"full19test": {"UAR": 0.886636}}, "step": 102}
Step:102	{"metric": {"full19test": {"Macro_F1": 0.877552}}, "step": 102}
Step:102	{"metric": {"full19test": {"wa": 0.901446}}, "step": 102}
Step:103	{"metric": {"full19train": {"acc": 0.9953271028037384}}, "step": 103}
Step:103	{"metric": {"full19test": {"acc": 0.897196261682243}}, "step": 103}
Step:103	{"metric": {"full19test": {"UAR": 0.898709}}, "step": 103}
Step:103	{"metric": {"full19test": {"Macro_F1": 0.886867}}, "step": 103}
Step:103	{"metric": {"full19test": {"wa": 0.908387}}, "step": 103}
Step:104	{"metric": {"full19train": {"acc": 0.9929906542056075}}, "step": 104}
Step:104	{"metric": {"full19test": {"acc": 0.8878504672897196}}, "step": 104}
Step:104	{"metric": {"full19test": {"UAR": 0.881163}}, "step": 104}
Step:104	{"metric": {"full19test": {"Macro_F1": 0.874657}}, "step": 104}
Step:104	{"metric": {"full19test": {"wa": 0.889019}}, "step": 104}
Step:105	{"metric": {"full19train": {"acc": 0.985981308411215}}, "step": 105}
Step:105	{"metric": {"full19test": {"acc": 0.8691588785046729}}, "step": 105}
Step:105	{"metric": {"full19test": {"UAR": 0.854429}}, "step": 105}
Step:105	{"metric": {"full19test": {"Macro_F1": 0.856997}}, "step": 105}
Step:105	{"metric": {"full19test": {"wa": 0.874684}}, "step": 105}
Step:106	{"metric": {"full19train": {"acc": 0.9976635514018691}}, "step": 106}
Step:106	{"metric": {"full19test": {"acc": 0.8504672897196262}}, "step": 106}
Step:106	{"metric": {"full19test": {"UAR": 0.85594}}, "step": 106}
Step:106	{"metric": {"full19test": {"Macro_F1": 0.846309}}, "step": 106}
Step:106	{"metric": {"full19test": {"wa": 0.861489}}, "step": 106}
Step:107	{"metric": {"full19train": {"acc": 0.9953271028037384}}, "step": 107}
Step:107	{"metric": {"full19test": {"acc": 0.8504672897196262}}, "step": 107}
Step:107	{"metric": {"full19test": {"UAR": 0.849308}}, "step": 107}
Step:107	{"metric": {"full19test": {"Macro_F1": 0.840241}}, "step": 107}
Step:107	{"metric": {"full19test": {"wa": 0.853534}}, "step": 107}
Step:108	{"metric": {"full19train": {"acc": 0.9953271028037384}}, "step": 108}
Step:108	{"metric": {"full19test": {"acc": 0.8691588785046729}}, "step": 108}
Step:108	{"metric": {"full19test": {"UAR": 0.874195}}, "step": 108}
Step:108	{"metric": {"full19test": {"Macro_F1": 0.860892}}, "step": 108}
Step:108	{"metric": {"full19test": {"wa": 0.878735}}, "step": 108}
Step:109	{"metric": {"full19train": {"acc": 0.9976635514018691}}, "step": 109}
Step:109	{"metric": {"full19test": {"acc": 0.8691588785046729}}, "step": 109}
Step:109	{"metric": {"full19test": {"UAR": 0.868517}}, "step": 109}
Step:109	{"metric": {"full19test": {"Macro_F1": 0.857709}}, "step": 109}
Step:109	{"metric": {"full19test": {"wa": 0.869037}}, "step": 109}
Step:110	{"metric": {"full19train": {"acc": 1.0}}, "step": 110}
Step:110	{"metric": {"full19test": {"acc": 0.8504672897196262}}, "step": 110}
Step:110	{"metric": {"full19test": {"UAR": 0.852786}}, "step": 110}
Step:110	{"metric": {"full19test": {"Macro_F1": 0.84226}}, "step": 110}
Step:110	{"metric": {"full19test": {"wa": 0.85406}}, "step": 110}
Step:111	{"metric": {"full19train": {"acc": 0.9953271028037384}}, "step": 111}
Step:111	{"metric": {"full19test": {"acc": 0.8317757009345794}}, "step": 111}
Step:111	{"metric": {"full19test": {"UAR": 0.841279}}, "step": 111}
Step:111	{"metric": {"full19test": {"Macro_F1": 0.823195}}, "step": 111}
Step:111	{"metric": {"full19test": {"wa": 0.843121}}, "step": 111}
Step:112	{"metric": {"full19train": {"acc": 0.9929906542056075}}, "step": 112}
Step:112	{"metric": {"full19test": {"acc": 0.8598130841121495}}, "step": 112}
Step:112	{"metric": {"full19test": {"UAR": 0.848794}}, "step": 112}
Step:112	{"metric": {"full19test": {"Macro_F1": 0.840877}}, "step": 112}
Step:112	{"metric": {"full19test": {"wa": 0.872647}}, "step": 112}
Step:113	{"metric": {"full19train": {"acc": 0.9953271028037384}}, "step": 113}
Step:113	{"metric": {"full19test": {"acc": 0.8691588785046729}}, "step": 113}
Step:113	{"metric": {"full19test": {"UAR": 0.867993}}, "step": 113}
Step:113	{"metric": {"full19test": {"Macro_F1": 0.864989}}, "step": 113}
Step:113	{"metric": {"full19test": {"wa": 0.871778}}, "step": 113}
Step:114	{"metric": {"full19train": {"acc": 0.9742990654205608}}, "step": 114}
Step:114	{"metric": {"full19test": {"acc": 0.8785046728971962}}, "step": 114}
Step:114	{"metric": {"full19test": {"UAR": 0.867374}}, "step": 114}
Step:114	{"metric": {"full19test": {"Macro_F1": 0.863184}}, "step": 114}
Step:114	{"metric": {"full19test": {"wa": 0.887444}}, "step": 114}
Step:115	{"metric": {"full19train": {"acc": 0.9766355140186916}}, "step": 115}
Step:115	{"metric": {"full19test": {"acc": 0.8598130841121495}}, "step": 115}
Step:115	{"metric": {"full19test": {"UAR": 0.85229}}, "step": 115}
Step:115	{"metric": {"full19test": {"Macro_F1": 0.84042}}, "step": 115}
Step:115	{"metric": {"full19test": {"wa": 0.879669}}, "step": 115}
Step:116	{"metric": {"full19train": {"acc": 0.9836448598130841}}, "step": 116}
Step:116	{"metric": {"full19test": {"acc": 0.8504672897196262}}, "step": 116}
Step:116	{"metric": {"full19test": {"UAR": 0.85226}}, "step": 116}
Step:116	{"metric": {"full19test": {"Macro_F1": 0.839374}}, "step": 116}
Step:116	{"metric": {"full19test": {"wa": 0.856155}}, "step": 116}
Step:117	{"metric": {"full19train": {"acc": 0.9836448598130841}}, "step": 117}
Step:117	{"metric": {"full19test": {"acc": 0.8504672897196262}}, "step": 117}
Step:117	{"metric": {"full19test": {"UAR": 0.844235}}, "step": 117}
Step:117	{"metric": {"full19test": {"Macro_F1": 0.840742}}, "step": 117}
Step:117	{"metric": {"full19test": {"wa": 0.85381}}, "step": 117}
Step:118	{"metric": {"full19train": {"acc": 0.9953271028037384}}, "step": 118}
Step:118	{"metric": {"full19test": {"acc": 0.8691588785046729}}, "step": 118}
Step:118	{"metric": {"full19test": {"UAR": 0.859923}}, "step": 118}
Step:118	{"metric": {"full19test": {"Macro_F1": 0.865724}}, "step": 118}
Step:118	{"metric": {"full19test": {"wa": 0.878014}}, "step": 118}
Step:119	{"metric": {"full19train": {"acc": 0.9929906542056075}}, "step": 119}
Step:119	{"metric": {"full19test": {"acc": 0.8598130841121495}}, "step": 119}
Step:119	{"metric": {"full19test": {"UAR": 0.86194}}, "step": 119}
Step:119	{"metric": {"full19test": {"Macro_F1": 0.845329}}, "step": 119}
Step:119	{"metric": {"full19test": {"wa": 0.875728}}, "step": 119}
Step:120	{"metric": {"full19train": {"acc": 0.9836448598130841}}, "step": 120}
Step:120	{"metric": {"full19test": {"acc": 0.8504672897196262}}, "step": 120}
Step:120	{"metric": {"full19test": {"UAR": 0.853431}}, "step": 120}
Step:120	{"metric": {"full19test": {"Macro_F1": 0.846708}}, "step": 120}
Step:120	{"metric": {"full19test": {"wa": 0.863897}}, "step": 120}
Step:121	{"metric": {"full19train": {"acc": 0.9929906542056075}}, "step": 121}
Step:121	{"metric": {"full19test": {"acc": 0.897196261682243}}, "step": 121}
Step:121	{"metric": {"full19test": {"UAR": 0.905459}}, "step": 121}
Step:121	{"metric": {"full19test": {"Macro_F1": 0.894707}}, "step": 121}
Step:121	{"metric": {"full19test": {"wa": 0.905444}}, "step": 121}
Step:122	{"metric": {"full19train": {"acc": 0.9953271028037384}}, "step": 122}
Step:122	{"metric": {"full19test": {"acc": 0.8598130841121495}}, "step": 122}
Step:122	{"metric": {"full19test": {"UAR": 0.858084}}, "step": 122}
Step:122	{"metric": {"full19test": {"Macro_F1": 0.852948}}, "step": 122}
Step:122	{"metric": {"full19test": {"wa": 0.868966}}, "step": 122}
Step:123	{"metric": {"full19train": {"acc": 0.9836448598130841}}, "step": 123}
Step:123	{"metric": {"full19test": {"acc": 0.8504672897196262}}, "step": 123}
Step:123	{"metric": {"full19test": {"UAR": 0.860669}}, "step": 123}
Step:123	{"metric": {"full19test": {"Macro_F1": 0.835192}}, "step": 123}
Step:123	{"metric": {"full19test": {"wa": 0.884958}}, "step": 123}
Step:124	{"metric": {"full19train": {"acc": 0.9929906542056075}}, "step": 124}
Step:124	{"metric": {"full19test": {"acc": 0.8504672897196262}}, "step": 124}
Step:124	{"metric": {"full19test": {"UAR": 0.840201}}, "step": 124}
Step:124	{"metric": {"full19test": {"Macro_F1": 0.836865}}, "step": 124}
Step:124	{"metric": {"full19test": {"wa": 0.853307}}, "step": 124}
Step:125	{"metric": {"full19train": {"acc": 0.9906542056074766}}, "step": 125}
Step:125	{"metric": {"full19test": {"acc": 0.8598130841121495}}, "step": 125}
Step:125	{"metric": {"full19test": {"UAR": 0.859231}}, "step": 125}
Step:125	{"metric": {"full19test": {"Macro_F1": 0.860991}}, "step": 125}
Step:125	{"metric": {"full19test": {"wa": 0.867498}}, "step": 125}
Step:126	{"metric": {"full19train": {"acc": 0.9953271028037384}}, "step": 126}
Step:126	{"metric": {"full19test": {"acc": 0.8504672897196262}}, "step": 126}
Step:126	{"metric": {"full19test": {"UAR": 0.843683}}, "step": 126}
Step:126	{"metric": {"full19test": {"Macro_F1": 0.827239}}, "step": 126}
Step:126	{"metric": {"full19test": {"wa": 0.86462}}, "step": 126}
Step:127	{"metric": {"full19train": {"acc": 0.9976635514018691}}, "step": 127}
Step:127	{"metric": {"full19test": {"acc": 0.8504672897196262}}, "step": 127}
Step:127	{"metric": {"full19test": {"UAR": 0.85052}}, "step": 127}
Step:127	{"metric": {"full19test": {"Macro_F1": 0.838575}}, "step": 127}
Step:127	{"metric": {"full19test": {"wa": 0.868268}}, "step": 127}
Step:128	{"metric": {"full19train": {"acc": 1.0}}, "step": 128}
Step:128	{"metric": {"full19test": {"acc": 0.8691588785046729}}, "step": 128}
Step:128	{"metric": {"full19test": {"UAR": 0.857701}}, "step": 128}
Step:128	{"metric": {"full19test": {"Macro_F1": 0.854417}}, "step": 128}
Step:128	{"metric": {"full19test": {"wa": 0.881037}}, "step": 128}
Step:129	{"metric": {"full19train": {"acc": 0.9929906542056075}}, "step": 129}
Step:129	{"metric": {"full19test": {"acc": 0.8504672897196262}}, "step": 129}
Step:129	{"metric": {"full19test": {"UAR": 0.841802}}, "step": 129}
Step:129	{"metric": {"full19test": {"Macro_F1": 0.838372}}, "step": 129}
Step:129	{"metric": {"full19test": {"wa": 0.857765}}, "step": 129}
Step:130	{"metric": {"full19train": {"acc": 0.9976635514018691}}, "step": 130}
Step:130	{"metric": {"full19test": {"acc": 0.8785046728971962}}, "step": 130}
Step:130	{"metric": {"full19test": {"UAR": 0.876615}}, "step": 130}
Step:130	{"metric": {"full19test": {"Macro_F1": 0.870478}}, "step": 130}
Step:130	{"metric": {"full19test": {"wa": 0.883308}}, "step": 130}
Step:131	{"metric": {"full19train": {"acc": 0.9976635514018691}}, "step": 131}
Step:131	{"metric": {"full19test": {"acc": 0.8504672897196262}}, "step": 131}
Step:131	{"metric": {"full19test": {"UAR": 0.839866}}, "step": 131}
Step:131	{"metric": {"full19test": {"Macro_F1": 0.833565}}, "step": 131}
Step:131	{"metric": {"full19test": {"wa": 0.853594}}, "step": 131}
Step:132	{"metric": {"full19train": {"acc": 1.0}}, "step": 132}
Step:132	{"metric": {"full19test": {"acc": 0.8878504672897196}}, "step": 132}
Step:132	{"metric": {"full19test": {"UAR": 0.889737}}, "step": 132}
Step:132	{"metric": {"full19test": {"Macro_F1": 0.885171}}, "step": 132}
Step:132	{"metric": {"full19test": {"wa": 0.891798}}, "step": 132}
Step:133	{"metric": {"full19train": {"acc": 0.9953271028037384}}, "step": 133}
Step:133	{"metric": {"full19test": {"acc": 0.8878504672897196}}, "step": 133}
Step:133	{"metric": {"full19test": {"UAR": 0.891484}}, "step": 133}
Step:133	{"metric": {"full19test": {"Macro_F1": 0.889655}}, "step": 133}
Step:133	{"metric": {"full19test": {"wa": 0.901599}}, "step": 133}
Step:134	{"metric": {"full19train": {"acc": 1.0}}, "step": 134}
Step:134	{"metric": {"full19test": {"acc": 0.8878504672897196}}, "step": 134}
Step:134	{"metric": {"full19test": {"UAR": 0.883095}}, "step": 134}
Step:134	{"metric": {"full19test": {"Macro_F1": 0.863574}}, "step": 134}
Step:134	{"metric": {"full19test": {"wa": 0.898414}}, "step": 134}
Step:135	{"metric": {"full19train": {"acc": 0.9929906542056075}}, "step": 135}
Step:135	{"metric": {"full19test": {"acc": 0.897196261682243}}, "step": 135}
Step:135	{"metric": {"full19test": {"UAR": 0.898413}}, "step": 135}
Step:135	{"metric": {"full19test": {"Macro_F1": 0.897812}}, "step": 135}
Step:135	{"metric": {"full19test": {"wa": 0.900036}}, "step": 135}
Step:136	{"metric": {"full19train": {"acc": 0.9976635514018691}}, "step": 136}
Step:136	{"metric": {"full19test": {"acc": 0.8598130841121495}}, "step": 136}
Step:136	{"metric": {"full19test": {"UAR": 0.863907}}, "step": 136}
Step:136	{"metric": {"full19test": {"Macro_F1": 0.855061}}, "step": 136}
Step:136	{"metric": {"full19test": {"wa": 0.867707}}, "step": 136}
Step:137	{"metric": {"full19train": {"acc": 0.9929906542056075}}, "step": 137}
Step:137	{"metric": {"full19test": {"acc": 0.8878504672897196}}, "step": 137}
Step:137	{"metric": {"full19test": {"UAR": 0.891181}}, "step": 137}
Step:137	{"metric": {"full19test": {"Macro_F1": 0.876229}}, "step": 137}
Step:137	{"metric": {"full19test": {"wa": 0.903782}}, "step": 137}
Step:138	{"metric": {"full19train": {"acc": 1.0}}, "step": 138}
Step:138	{"metric": {"full19test": {"acc": 0.8504672897196262}}, "step": 138}
Step:138	{"metric": {"full19test": {"UAR": 0.851683}}, "step": 138}
Step:138	{"metric": {"full19test": {"Macro_F1": 0.835412}}, "step": 138}
Step:138	{"metric": {"full19test": {"wa": 0.865567}}, "step": 138}
Step:139	{"metric": {"full19train": {"acc": 1.0}}, "step": 139}
Step:139	{"metric": {"full19test": {"acc": 0.897196261682243}}, "step": 139}
Step:139	{"metric": {"full19test": {"UAR": 0.896369}}, "step": 139}
Step:139	{"metric": {"full19test": {"Macro_F1": 0.890313}}, "step": 139}
Step:139	{"metric": {"full19test": {"wa": 0.907858}}, "step": 139}
Step:140	{"metric": {"full19train": {"acc": 0.9953271028037384}}, "step": 140}
Step:140	{"metric": {"full19test": {"acc": 0.8878504672897196}}, "step": 140}
Step:140	{"metric": {"full19test": {"UAR": 0.876846}}, "step": 140}
Step:140	{"metric": {"full19test": {"Macro_F1": 0.87455}}, "step": 140}
Step:140	{"metric": {"full19test": {"wa": 0.889781}}, "step": 140}
Step:141	{"metric": {"full19train": {"acc": 0.9976635514018691}}, "step": 141}
Step:141	{"metric": {"full19test": {"acc": 0.8691588785046729}}, "step": 141}
Step:141	{"metric": {"full19test": {"UAR": 0.862877}}, "step": 141}
Step:141	{"metric": {"full19test": {"Macro_F1": 0.851372}}, "step": 141}
Step:141	{"metric": {"full19test": {"wa": 0.869626}}, "step": 141}
Step:142	{"metric": {"full19train": {"acc": 1.0}}, "step": 142}
Step:142	{"metric": {"full19test": {"acc": 0.8785046728971962}}, "step": 142}
Step:142	{"metric": {"full19test": {"UAR": 0.878002}}, "step": 142}
Step:142	{"metric": {"full19test": {"Macro_F1": 0.865904}}, "step": 142}
Step:142	{"metric": {"full19test": {"wa": 0.890301}}, "step": 142}
Step:143	{"metric": {"full19train": {"acc": 1.0}}, "step": 143}
Step:143	{"metric": {"full19test": {"acc": 0.8504672897196262}}, "step": 143}
Step:143	{"metric": {"full19test": {"UAR": 0.855004}}, "step": 143}
Step:143	{"metric": {"full19test": {"Macro_F1": 0.837849}}, "step": 143}
Step:143	{"metric": {"full19test": {"wa": 0.859196}}, "step": 143}
Step:144	{"metric": {"full19train": {"acc": 1.0}}, "step": 144}
Step:144	{"metric": {"full19test": {"acc": 0.8691588785046729}}, "step": 144}
Step:144	{"metric": {"full19test": {"UAR": 0.864786}}, "step": 144}
Step:144	{"metric": {"full19test": {"Macro_F1": 0.858365}}, "step": 144}
Step:144	{"metric": {"full19test": {"wa": 0.878229}}, "step": 144}
Step:145	{"metric": {"full19train": {"acc": 1.0}}, "step": 145}
Step:145	{"metric": {"full19test": {"acc": 0.8691588785046729}}, "step": 145}
Step:145	{"metric": {"full19test": {"UAR": 0.861122}}, "step": 145}
Step:145	{"metric": {"full19test": {"Macro_F1": 0.863003}}, "step": 145}
Step:145	{"metric": {"full19test": {"wa": 0.882906}}, "step": 145}
Step:146	{"metric": {"full19train": {"acc": 1.0}}, "step": 146}
Step:146	{"metric": {"full19test": {"acc": 0.8691588785046729}}, "step": 146}
Step:146	{"metric": {"full19test": {"UAR": 0.871576}}, "step": 146}
Step:146	{"metric": {"full19test": {"Macro_F1": 0.860487}}, "step": 146}
Step:146	{"metric": {"full19test": {"wa": 0.875663}}, "step": 146}
Step:147	{"metric": {"full19train": {"acc": 1.0}}, "step": 147}
Step:147	{"metric": {"full19test": {"acc": 0.8785046728971962}}, "step": 147}
Step:147	{"metric": {"full19test": {"UAR": 0.885791}}, "step": 147}
Step:147	{"metric": {"full19test": {"Macro_F1": 0.877224}}, "step": 147}
Step:147	{"metric": {"full19test": {"wa": 0.893015}}, "step": 147}
Step:148	{"metric": {"full19train": {"acc": 1.0}}, "step": 148}
Step:148	{"metric": {"full19test": {"acc": 0.897196261682243}}, "step": 148}
Step:148	{"metric": {"full19test": {"UAR": 0.887388}}, "step": 148}
Step:148	{"metric": {"full19test": {"Macro_F1": 0.88966}}, "step": 148}
Step:148	{"metric": {"full19test": {"wa": 0.904156}}, "step": 148}
Step:149	{"metric": {"full19train": {"acc": 1.0}}, "step": 149}
Step:149	{"metric": {"full19test": {"acc": 0.8504672897196262}}, "step": 149}
Step:149	{"metric": {"full19test": {"UAR": 0.851912}}, "step": 149}
Step:149	{"metric": {"full19test": {"Macro_F1": 0.838954}}, "step": 149}
Step:149	{"metric": {"full19test": {"wa": 0.857984}}, "step": 149}
Step:150	{"metric": {"full19train": {"acc": 1.0}}, "step": 150}
Step:150	{"metric": {"full19test": {"acc": 0.8785046728971962}}, "step": 150}
Step:150	{"metric": {"full19test": {"UAR": 0.869888}}, "step": 150}
Step:150	{"metric": {"full19test": {"Macro_F1": 0.867289}}, "step": 150}
Step:150	{"metric": {"full19test": {"wa": 0.886149}}, "step": 150}
Step:151	{"metric": {"full19train": {"acc": 1.0}}, "step": 151}
Step:151	{"metric": {"full19test": {"acc": 0.8411214953271028}}, "step": 151}
Step:151	{"metric": {"full19test": {"UAR": 0.839372}}, "step": 151}
Step:151	{"metric": {"full19test": {"Macro_F1": 0.831146}}, "step": 151}
Step:151	{"metric": {"full19test": {"wa": 0.845124}}, "step": 151}
Step:152	{"metric": {"full19train": {"acc": 0.9906542056074766}}, "step": 152}
Step:152	{"metric": {"full19test": {"acc": 0.8598130841121495}}, "step": 152}
Step:152	{"metric": {"full19test": {"UAR": 0.863517}}, "step": 152}
Step:152	{"metric": {"full19test": {"Macro_F1": 0.864528}}, "step": 152}
Step:152	{"metric": {"full19test": {"wa": 0.871035}}, "step": 152}
Step:153	{"metric": {"full19train": {"acc": 1.0}}, "step": 153}
Step:153	{"metric": {"full19test": {"acc": 0.8785046728971962}}, "step": 153}
Step:153	{"metric": {"full19test": {"UAR": 0.881508}}, "step": 153}
Step:153	{"metric": {"full19test": {"Macro_F1": 0.878025}}, "step": 153}
Step:153	{"metric": {"full19test": {"wa": 0.885832}}, "step": 153}
Step:154	{"metric": {"full19train": {"acc": 0.9836448598130841}}, "step": 154}
Step:154	{"metric": {"full19test": {"acc": 0.8598130841121495}}, "step": 154}
Step:154	{"metric": {"full19test": {"UAR": 0.856569}}, "step": 154}
Step:154	{"metric": {"full19test": {"Macro_F1": 0.843838}}, "step": 154}
Step:154	{"metric": {"full19test": {"wa": 0.867179}}, "step": 154}
Step:155	{"metric": {"full19train": {"acc": 1.0}}, "step": 155}
Step:155	{"metric": {"full19test": {"acc": 0.8878504672897196}}, "step": 155}
Step:155	{"metric": {"full19test": {"UAR": 0.889787}}, "step": 155}
Step:155	{"metric": {"full19test": {"Macro_F1": 0.879744}}, "step": 155}
Step:155	{"metric": {"full19test": {"wa": 0.903269}}, "step": 155}
Step:156	{"metric": {"full19train": {"acc": 0.9976635514018691}}, "step": 156}
Step:156	{"metric": {"full19test": {"acc": 0.8598130841121495}}, "step": 156}
Step:156	{"metric": {"full19test": {"UAR": 0.854905}}, "step": 156}
Step:156	{"metric": {"full19test": {"Macro_F1": 0.847509}}, "step": 156}
Step:156	{"metric": {"full19test": {"wa": 0.870571}}, "step": 156}
Step:157	{"metric": {"full19train": {"acc": 1.0}}, "step": 157}
Step:157	{"metric": {"full19test": {"acc": 0.8504672897196262}}, "step": 157}
Step:157	{"metric": {"full19test": {"UAR": 0.838049}}, "step": 157}
Step:157	{"metric": {"full19test": {"Macro_F1": 0.837826}}, "step": 157}
Step:157	{"metric": {"full19test": {"wa": 0.851821}}, "step": 157}
Step:158	{"metric": {"full19train": {"acc": 0.9976635514018691}}, "step": 158}
Step:158	{"metric": {"full19test": {"acc": 0.8691588785046729}}, "step": 158}
Step:158	{"metric": {"full19test": {"UAR": 0.862765}}, "step": 158}
Step:158	{"metric": {"full19test": {"Macro_F1": 0.857512}}, "step": 158}
Step:158	{"metric": {"full19test": {"wa": 0.886989}}, "step": 158}
Step:159	{"metric": {"full19train": {"acc": 0.9976635514018691}}, "step": 159}
Step:159	{"metric": {"full19test": {"acc": 0.9158878504672897}}, "step": 159}
Step:159	{"metric": {"full19test": {"UAR": 0.912034}}, "step": 159}
Step:159	{"metric": {"full19test": {"Macro_F1": 0.909573}}, "step": 159}
Step:159	{"metric": {"full19test": {"wa": 0.929033}}, "step": 159}
Step:160	{"metric": {"full19train": {"acc": 1.0}}, "step": 160}
Step:160	{"metric": {"full19test": {"acc": 0.9158878504672897}}, "step": 160}
Step:160	{"metric": {"full19test": {"UAR": 0.914404}}, "step": 160}
Step:160	{"metric": {"full19test": {"Macro_F1": 0.917203}}, "step": 160}
Step:160	{"metric": {"full19test": {"wa": 0.924516}}, "step": 160}
Step:161	{"metric": {"full19train": {"acc": 0.9976635514018691}}, "step": 161}
Step:161	{"metric": {"full19test": {"acc": 0.8691588785046729}}, "step": 161}
Step:161	{"metric": {"full19test": {"UAR": 0.864129}}, "step": 161}
Step:161	{"metric": {"full19test": {"Macro_F1": 0.854884}}, "step": 161}
Step:161	{"metric": {"full19test": {"wa": 0.884857}}, "step": 161}
Step:162	{"metric": {"full19train": {"acc": 1.0}}, "step": 162}
Step:162	{"metric": {"full19test": {"acc": 0.8317757009345794}}, "step": 162}
Step:162	{"metric": {"full19test": {"UAR": 0.823098}}, "step": 162}
Step:162	{"metric": {"full19test": {"Macro_F1": 0.812614}}, "step": 162}
Step:162	{"metric": {"full19test": {"wa": 0.858105}}, "step": 162}
Step:163	{"metric": {"full19train": {"acc": 0.9976635514018691}}, "step": 163}
Step:163	{"metric": {"full19test": {"acc": 0.9065420560747663}}, "step": 163}
Step:163	{"metric": {"full19test": {"UAR": 0.901772}}, "step": 163}
Step:163	{"metric": {"full19test": {"Macro_F1": 0.898566}}, "step": 163}
Step:163	{"metric": {"full19test": {"wa": 0.905695}}, "step": 163}
Step:164	{"metric": {"full19train": {"acc": 0.9953271028037384}}, "step": 164}
Step:164	{"metric": {"full19test": {"acc": 0.8691588785046729}}, "step": 164}
Step:164	{"metric": {"full19test": {"UAR": 0.856749}}, "step": 164}
Step:164	{"metric": {"full19test": {"Macro_F1": 0.850772}}, "step": 164}
Step:164	{"metric": {"full19test": {"wa": 0.881828}}, "step": 164}
Step:165	{"metric": {"full19train": {"acc": 1.0}}, "step": 165}
Step:165	{"metric": {"full19test": {"acc": 0.9065420560747663}}, "step": 165}
Step:165	{"metric": {"full19test": {"UAR": 0.903222}}, "step": 165}
Step:165	{"metric": {"full19test": {"Macro_F1": 0.906337}}, "step": 165}
Step:165	{"metric": {"full19test": {"wa": 0.913747}}, "step": 165}
Step:166	{"metric": {"full19train": {"acc": 0.9953271028037384}}, "step": 166}
Step:166	{"metric": {"full19test": {"acc": 0.8878504672897196}}, "step": 166}
Step:166	{"metric": {"full19test": {"UAR": 0.882887}}, "step": 166}
Step:166	{"metric": {"full19test": {"Macro_F1": 0.878982}}, "step": 166}
Step:166	{"metric": {"full19test": {"wa": 0.890006}}, "step": 166}
Step:167	{"metric": {"full19train": {"acc": 1.0}}, "step": 167}
Step:167	{"metric": {"full19test": {"acc": 0.8785046728971962}}, "step": 167}
Step:167	{"metric": {"full19test": {"UAR": 0.886817}}, "step": 167}
Step:167	{"metric": {"full19test": {"Macro_F1": 0.865856}}, "step": 167}
Step:167	{"metric": {"full19test": {"wa": 0.89454}}, "step": 167}
Step:168	{"metric": {"full19train": {"acc": 1.0}}, "step": 168}
Step:168	{"metric": {"full19test": {"acc": 0.9065420560747663}}, "step": 168}
Step:168	{"metric": {"full19test": {"UAR": 0.900844}}, "step": 168}
Step:168	{"metric": {"full19test": {"Macro_F1": 0.903751}}, "step": 168}
Step:168	{"metric": {"full19test": {"wa": 0.907944}}, "step": 168}
Step:169	{"metric": {"full19train": {"acc": 1.0}}, "step": 169}
Step:169	{"metric": {"full19test": {"acc": 0.9158878504672897}}, "step": 169}
Step:169	{"metric": {"full19test": {"UAR": 0.922024}}, "step": 169}
Step:169	{"metric": {"full19test": {"Macro_F1": 0.916351}}, "step": 169}
Step:169	{"metric": {"full19test": {"wa": 0.922552}}, "step": 169}
Step:170	{"metric": {"full19train": {"acc": 1.0}}, "step": 170}
Step:170	{"metric": {"full19test": {"acc": 0.9065420560747663}}, "step": 170}
Step:170	{"metric": {"full19test": {"UAR": 0.904046}}, "step": 170}
Step:170	{"metric": {"full19test": {"Macro_F1": 0.905153}}, "step": 170}
Step:170	{"metric": {"full19test": {"wa": 0.913756}}, "step": 170}
Step:171	{"metric": {"full19train": {"acc": 0.9976635514018691}}, "step": 171}
Step:171	{"metric": {"full19test": {"acc": 0.9252336448598131}}, "step": 171}
Step:171	{"metric": {"full19test": {"UAR": 0.924984}}, "step": 171}
Step:171	{"metric": {"full19test": {"Macro_F1": 0.925412}}, "step": 171}
Step:171	{"metric": {"full19test": {"wa": 0.92848}}, "step": 171}
Step:172	{"metric": {"full19train": {"acc": 0.9976635514018691}}, "step": 172}
Step:172	{"metric": {"full19test": {"acc": 0.8691588785046729}}, "step": 172}
Step:172	{"metric": {"full19test": {"UAR": 0.85557}}, "step": 172}
Step:172	{"metric": {"full19test": {"Macro_F1": 0.858731}}, "step": 172}
Step:172	{"metric": {"full19test": {"wa": 0.872464}}, "step": 172}
Step:173	{"metric": {"full19train": {"acc": 1.0}}, "step": 173}
Step:173	{"metric": {"full19test": {"acc": 0.9065420560747663}}, "step": 173}
Step:173	{"metric": {"full19test": {"UAR": 0.90591}}, "step": 173}
Step:173	{"metric": {"full19test": {"Macro_F1": 0.900373}}, "step": 173}
Step:173	{"metric": {"full19test": {"wa": 0.917031}}, "step": 173}
Step:174	{"metric": {"full19train": {"acc": 1.0}}, "step": 174}
Step:174	{"metric": {"full19test": {"acc": 0.8785046728971962}}, "step": 174}
Step:174	{"metric": {"full19test": {"UAR": 0.877488}}, "step": 174}
Step:174	{"metric": {"full19test": {"Macro_F1": 0.869808}}, "step": 174}
Step:174	{"metric": {"full19test": {"wa": 0.881402}}, "step": 174}
Step:175	{"metric": {"full19train": {"acc": 0.9976635514018691}}, "step": 175}
Step:175	{"metric": {"full19test": {"acc": 0.8691588785046729}}, "step": 175}
Step:175	{"metric": {"full19test": {"UAR": 0.874424}}, "step": 175}
Step:175	{"metric": {"full19test": {"Macro_F1": 0.858788}}, "step": 175}
Step:175	{"metric": {"full19test": {"wa": 0.886648}}, "step": 175}
Step:176	{"metric": {"full19train": {"acc": 0.9976635514018691}}, "step": 176}
Step:176	{"metric": {"full19test": {"acc": 0.8691588785046729}}, "step": 176}
Step:176	{"metric": {"full19test": {"UAR": 0.866377}}, "step": 176}
Step:176	{"metric": {"full19test": {"Macro_F1": 0.853496}}, "step": 176}
Step:176	{"metric": {"full19test": {"wa": 0.891137}}, "step": 176}
Step:177	{"metric": {"full19train": {"acc": 0.9976635514018691}}, "step": 177}
Step:177	{"metric": {"full19test": {"acc": 0.897196261682243}}, "step": 177}
Step:177	{"metric": {"full19test": {"UAR": 0.894017}}, "step": 177}
Step:177	{"metric": {"full19test": {"Macro_F1": 0.890675}}, "step": 177}
Step:177	{"metric": {"full19test": {"wa": 0.902882}}, "step": 177}
Step:178	{"metric": {"full19train": {"acc": 0.9976635514018691}}, "step": 178}
Step:178	{"metric": {"full19test": {"acc": 0.8691588785046729}}, "step": 178}
Step:178	{"metric": {"full19test": {"UAR": 0.870451}}, "step": 178}
Step:178	{"metric": {"full19test": {"Macro_F1": 0.86479}}, "step": 178}
Step:178	{"metric": {"full19test": {"wa": 0.880435}}, "step": 178}
Step:179	{"metric": {"full19train": {"acc": 1.0}}, "step": 179}
Step:179	{"metric": {"full19test": {"acc": 0.8691588785046729}}, "step": 179}
Step:179	{"metric": {"full19test": {"UAR": 0.859332}}, "step": 179}
Step:179	{"metric": {"full19test": {"Macro_F1": 0.856281}}, "step": 179}
Step:179	{"metric": {"full19test": {"wa": 0.874003}}, "step": 179}
Step:180	{"metric": {"full19train": {"acc": 0.9976635514018691}}, "step": 180}
Step:180	{"metric": {"full19test": {"acc": 0.8598130841121495}}, "step": 180}
Step:180	{"metric": {"full19test": {"UAR": 0.864927}}, "step": 180}
Step:180	{"metric": {"full19test": {"Macro_F1": 0.851072}}, "step": 180}
Step:180	{"metric": {"full19test": {"wa": 0.874244}}, "step": 180}
Step:181	{"metric": {"full19train": {"acc": 0.9976635514018691}}, "step": 181}
Step:181	{"metric": {"full19test": {"acc": 0.897196261682243}}, "step": 181}
Step:181	{"metric": {"full19test": {"UAR": 0.903003}}, "step": 181}
Step:181	{"metric": {"full19test": {"Macro_F1": 0.888546}}, "step": 181}
Step:181	{"metric": {"full19test": {"wa": 0.918429}}, "step": 181}
Step:182	{"metric": {"full19train": {"acc": 1.0}}, "step": 182}
Step:182	{"metric": {"full19test": {"acc": 0.9065420560747663}}, "step": 182}
Step:182	{"metric": {"full19test": {"UAR": 0.914052}}, "step": 182}
Step:182	{"metric": {"full19test": {"Macro_F1": 0.900837}}, "step": 182}
Step:182	{"metric": {"full19test": {"wa": 0.916171}}, "step": 182}
Step:183	{"metric": {"full19train": {"acc": 0.9976635514018691}}, "step": 183}
Step:183	{"metric": {"full19test": {"acc": 0.9065420560747663}}, "step": 183}
Step:183	{"metric": {"full19test": {"UAR": 0.900354}}, "step": 183}
Step:183	{"metric": {"full19test": {"Macro_F1": 0.900606}}, "step": 183}
Step:183	{"metric": {"full19test": {"wa": 0.912199}}, "step": 183}
Step:184	{"metric": {"full19train": {"acc": 1.0}}, "step": 184}
Step:184	{"metric": {"full19test": {"acc": 0.9065420560747663}}, "step": 184}
Step:184	{"metric": {"full19test": {"UAR": 0.906941}}, "step": 184}
Step:184	{"metric": {"full19test": {"Macro_F1": 0.898328}}, "step": 184}
Step:184	{"metric": {"full19test": {"wa": 0.917573}}, "step": 184}
Step:185	{"metric": {"full19train": {"acc": 0.9953271028037384}}, "step": 185}
Step:185	{"metric": {"full19test": {"acc": 0.8598130841121495}}, "step": 185}
Step:185	{"metric": {"full19test": {"UAR": 0.854769}}, "step": 185}
Step:185	{"metric": {"full19test": {"Macro_F1": 0.853182}}, "step": 185}
Step:185	{"metric": {"full19test": {"wa": 0.865223}}, "step": 185}
Step:186	{"metric": {"full19train": {"acc": 0.9953271028037384}}, "step": 186}
Step:186	{"metric": {"full19test": {"acc": 0.8878504672897196}}, "step": 186}
Step:186	{"metric": {"full19test": {"UAR": 0.894376}}, "step": 186}
Step:186	{"metric": {"full19test": {"Macro_F1": 0.878665}}, "step": 186}
Step:186	{"metric": {"full19test": {"wa": 0.911819}}, "step": 186}
Step:187	{"metric": {"full19train": {"acc": 0.9976635514018691}}, "step": 187}
Step:187	{"metric": {"full19test": {"acc": 0.8785046728971962}}, "step": 187}
Step:187	{"metric": {"full19test": {"UAR": 0.8765}}, "step": 187}
Step:187	{"metric": {"full19test": {"Macro_F1": 0.873342}}, "step": 187}
Step:187	{"metric": {"full19test": {"wa": 0.898856}}, "step": 187}
Step:188	{"metric": {"full19train": {"acc": 1.0}}, "step": 188}
Step:188	{"metric": {"full19test": {"acc": 0.8785046728971962}}, "step": 188}
Step:188	{"metric": {"full19test": {"UAR": 0.863905}}, "step": 188}
Step:188	{"metric": {"full19test": {"Macro_F1": 0.858816}}, "step": 188}
Step:188	{"metric": {"full19test": {"wa": 0.886821}}, "step": 188}
Step:189	{"metric": {"full19train": {"acc": 1.0}}, "step": 189}
Step:189	{"metric": {"full19test": {"acc": 0.8785046728971962}}, "step": 189}
Step:189	{"metric": {"full19test": {"UAR": 0.863772}}, "step": 189}
Step:189	{"metric": {"full19test": {"Macro_F1": 0.863601}}, "step": 189}
Step:189	{"metric": {"full19test": {"wa": 0.883645}}, "step": 189}
Step:190	{"metric": {"full19train": {"acc": 1.0}}, "step": 190}
Step:190	{"metric": {"full19test": {"acc": 0.8785046728971962}}, "step": 190}
Step:190	{"metric": {"full19test": {"UAR": 0.869937}}, "step": 190}
Step:190	{"metric": {"full19test": {"Macro_F1": 0.872628}}, "step": 190}
Step:190	{"metric": {"full19test": {"wa": 0.884998}}, "step": 190}
Step:191	{"metric": {"full19train": {"acc": 0.9976635514018691}}, "step": 191}
Step:191	{"metric": {"full19test": {"acc": 0.9065420560747663}}, "step": 191}
Step:191	{"metric": {"full19test": {"UAR": 0.903345}}, "step": 191}
Step:191	{"metric": {"full19test": {"Macro_F1": 0.90482}}, "step": 191}
Step:191	{"metric": {"full19test": {"wa": 0.91221}}, "step": 191}
Step:192	{"metric": {"full19train": {"acc": 1.0}}, "step": 192}
Step:192	{"metric": {"full19test": {"acc": 0.8878504672897196}}, "step": 192}
Step:192	{"metric": {"full19test": {"UAR": 0.894388}}, "step": 192}
Step:192	{"metric": {"full19test": {"Macro_F1": 0.888367}}, "step": 192}
Step:192	{"metric": {"full19test": {"wa": 0.893088}}, "step": 192}
Step:193	{"metric": {"full19train": {"acc": 0.9976635514018691}}, "step": 193}
Step:193	{"metric": {"full19test": {"acc": 0.8785046728971962}}, "step": 193}
Step:193	{"metric": {"full19test": {"UAR": 0.874071}}, "step": 193}
Step:193	{"metric": {"full19test": {"Macro_F1": 0.872483}}, "step": 193}
Step:193	{"metric": {"full19test": {"wa": 0.878816}}, "step": 193}
Step:194	{"metric": {"full19train": {"acc": 1.0}}, "step": 194}
Step:194	{"metric": {"full19test": {"acc": 0.897196261682243}}, "step": 194}
Step:194	{"metric": {"full19test": {"UAR": 0.891824}}, "step": 194}
Step:194	{"metric": {"full19test": {"Macro_F1": 0.882597}}, "step": 194}
Step:194	{"metric": {"full19test": {"wa": 0.903738}}, "step": 194}
Step:195	{"metric": {"full19train": {"acc": 1.0}}, "step": 195}
Step:195	{"metric": {"full19test": {"acc": 0.9158878504672897}}, "step": 195}
Step:195	{"metric": {"full19test": {"UAR": 0.91586}}, "step": 195}
Step:195	{"metric": {"full19test": {"Macro_F1": 0.918496}}, "step": 195}
Step:195	{"metric": {"full19test": {"wa": 0.920249}}, "step": 195}
Step:196	{"metric": {"full19train": {"acc": 0.9976635514018691}}, "step": 196}
Step:196	{"metric": {"full19test": {"acc": 0.8785046728971962}}, "step": 196}
Step:196	{"metric": {"full19test": {"UAR": 0.866414}}, "step": 196}
Step:196	{"metric": {"full19test": {"Macro_F1": 0.865078}}, "step": 196}
Step:196	{"metric": {"full19test": {"wa": 0.880386}}, "step": 196}
Step:197	{"metric": {"full19train": {"acc": 1.0}}, "step": 197}
Step:197	{"metric": {"full19test": {"acc": 0.8878504672897196}}, "step": 197}
Step:197	{"metric": {"full19test": {"UAR": 0.880247}}, "step": 197}
Step:197	{"metric": {"full19test": {"Macro_F1": 0.87384}}, "step": 197}
Step:197	{"metric": {"full19test": {"wa": 0.892404}}, "step": 197}
Step:198	{"metric": {"full19train": {"acc": 0.9953271028037384}}, "step": 198}
Step:198	{"metric": {"full19test": {"acc": 0.8785046728971962}}, "step": 198}
Step:198	{"metric": {"full19test": {"UAR": 0.865068}}, "step": 198}
Step:198	{"metric": {"full19test": {"Macro_F1": 0.863225}}, "step": 198}
Step:198	{"metric": {"full19test": {"wa": 0.880685}}, "step": 198}
Step:199	{"metric": {"full19train": {"acc": 0.9953271028037384}}, "step": 199}
Step:199	{"metric": {"full19test": {"acc": 0.897196261682243}}, "step": 199}
Step:199	{"metric": {"full19test": {"UAR": 0.914356}}, "step": 199}
Step:199	{"metric": {"full19test": {"Macro_F1": 0.906265}}, "step": 199}
Step:199	{"metric": {"full19test": {"wa": 0.899294}}, "step": 199}
Step:200	{"metric": {"full19train": {"acc": 0.9976635514018691}}, "step": 200}
Step:200	{"metric": {"full19test": {"acc": 0.897196261682243}}, "step": 200}
Step:200	{"metric": {"full19test": {"UAR": 0.898537}}, "step": 200}
Step:200	{"metric": {"full19test": {"Macro_F1": 0.880686}}, "step": 200}
Step:200	{"metric": {"full19test": {"wa": 0.920688}}, "step": 200}
