{"metric": {"full191": 0.12244897959183673}}
{"metric": {"full191UAR": 0.046485}}
{"metric": {"full191f1": 0.061071}}
{"metric": {"full191wa": 0.408534}}
{"metric": {"full191": 0.16326530612244897}}
{"metric": {"full191UAR": 0.131079}}
{"metric": {"full191f1": 0.127715}}
{"metric": {"full191wa": 0.454426}}
{"metric": {"full191": 0.20408163265306123}}
{"metric": {"full191wa": 0.635993}}
{"metric": {"full191wa": 0.67718}}
{"metric": {"full191UAR": 0.13733}}
{"metric": {"full191UAR": 0.203782}}
{"metric": {"full191": 0.22448979591836735}}
{"metric": {"full191f1": 0.138919}}
{"metric": {"full191": 0.2653061224489796}}
{"metric": {"full191UAR": 0.20937}}
{"metric": {"full191f1": 0.176855}}
{"metric": {"full191UAR": 0.213078}}
{"metric": {"full191": 0.3469387755102041}}
{"metric": {"full191UAR": 0.328968}}
{"metric": {"full191f1": 0.247593}}
{"metric": {"full191wa": 0.683939}}
{"metric": {"full191UAR": 0.349784}}
{"metric": {"full191": 0.40816326530612246}}
{"metric": {"full191UAR": 0.477159}}
{"metric": {"full191f1": 0.435238}}
{"metric": {"full191": 0.40816326530612246}}
{"metric": {"zhong": 0.14285714285714285}}
{"metric": {"zhongUAR": 0.058941}}
{"metric": {"zhongf1": 0.082166}}
{"metric": {"zhongwa": 0.327259}}
{"metric": {"zhong": 0.1836734693877551}}
{"metric": {"zhongUAR": 0.085714}}
{"metric": {"zhongf1": 0.101828}}
{"metric": {"zhongwa": 0.403393}}
{"metric": {"zhong": 0.1836734693877551}}
{"metric": {"zhongUAR": 0.105673}}
{"metric": {"zhongf1": 0.11086}}
{"metric": {"zhong": 0.1836734693877551}}
{"metric": {"zhongUAR": 0.119959}}
{"metric": {"zhongf1": 0.115189}}
{"metric": {"zhong": 0.22448979591836735}}
{"metric": {"zhongUAR": 0.176871}}
{"metric": {"zhongf1": 0.158009}}
{"metric": {"zhong": 0.22448979591836735}}
{"metric": {"zhong": 0.24489795918367346}}
{"metric": {"zhongUAR": 0.177579}}
{"metric": {"zhongf1": 0.169595}}
{"metric": {"zhong": 0.2857142857142857}}
{"metric": {"zhongUAR": 0.183726}}
{"metric": {"zhongf1": 0.18836}}
{"metric": {"zhongwa": 0.411609}}
{"metric": {"zhong": 0.2857142857142857}}
{"metric": {"zhongwa": 0.43374}}
{"metric": {"zhong": 0.2857142857142857}}
{"metric": {"zhongwa": 0.441757}}
{"metric": {"zhong": 0.32653061224489793}}
{"metric": {"zhongwa": 0.529486}}
{"metric": {"zhong": 0.32653061224489793}}
{"metric": {"zhongUAR": 0.183852}}
{"metric": {"zhong": 0.32653061224489793}}
{"metric": {"zhong": 0.3469387755102041}}
{"metric": {"zhongUAR": 0.322166}}
{"metric": {"zhongf1": 0.22483}}
{"metric": {"zhong": 0.3469387755102041}}
{"metric": {"zhong": 0.3469387755102041}}
{"metric": {"zhong": 0.3469387755102041}}
{"metric": {"zhong": 0.3469387755102041}}
{"metric": {"zhong": 0.3469387755102041}}
{"metric": {"zhongUAR": 0.322222}}
{"metric": {"zhongf1": 0.227381}}
{"metric": {"zhong": 0.3673469387755102}}
{"metric": {"zhongUAR": 0.356746}}
{"metric": {"zhongf1": 0.258208}}
{"metric": {"zhong": 0.3877551020408163}}
{"metric": {"zhongUAR": 0.358911}}
{"metric": {"zhongf1": 0.288367}}
{"metric": {"zhong": 0.3877551020408163}}
{"metric": {"zhong": 0.3877551020408163}}
{"metric": {"zhong": 0.40816326530612246}}
{"metric": {"zhong": 0.40816326530612246}}
{"metric": {"zhong": 0.40816326530612246}}
{"metric": {"zhong": 0.40816326530612246}}
{"metric": {"zhong": 0.40816326530612246}}
{"metric": {"zhong": 0.40816326530612246}}
{"metric": {"zhong": 0.40816326530612246}}
{"metric": {"zhong": 0.42857142857142855}}
{"metric": {"zhongwa": 0.54519}}
{"metric": {"zhong": 0.42857142857142855}}
{"metric": {"zhong": 0.4489795918367347}}
{"metric": {"zhongf1": 0.296558}}
{"metric": {"zhongwa": 0.560694}}
{"metric": {"zhong": 0.4489795918367347}}
{"metric": {"zhong": 0.4489795918367347}}
{"metric": {"zhong": 0.4489795918367347}}
{"metric": {"zhong": 0.4489795918367347}}
{"metric": {"zhong": 0.4489795918367347}}
{"metric": {"zhong": 0.4489795918367347}}
{"metric": {"zhong": 0.4489795918367347}}
{"metric": {"zhongf1": 0.312945}}
{"metric": {"zhong": 0.4489795918367347}}
{"metric": {"zhong": 0.4489795918367347}}
{"metric": {"zhong": 0.4489795918367347}}
{"metric": {"zhong": 0.4489795918367347}}
{"metric": {"zhong": 0.4489795918367347}}
{"metric": {"zhong": 0.4489795918367347}}
{"metric": {"zhong": 0.4489795918367347}}
{"metric": {"zhong": 0.4489795918367347}}
{"metric": {"zhong": 0.4489795918367347}}
{"metric": {"zhong": 0.4489795918367347}}
{"metric": {"zhong": 0.4489795918367347}}
{"metric": {"zhong": 0.4489795918367347}}
{"metric": {"zhong": 0.4489795918367347}}
{"metric": {"zhong": 0.4489795918367347}}
{"metric": {"zhong": 0.4489795918367347}}
{"metric": {"zhong": 0.4489795918367347}}
{"metric": {"zhong": 0.4489795918367347}}
{"metric": {"zhong": 0.4489795918367347}}
{"metric": {"zhong": 0.4489795918367347}}
{"metric": {"zhong": 0.4489795918367347}}
{"metric": {"zhong": 0.4489795918367347}}
{"metric": {"zhong": 0.4489795918367347}}
{"metric": {"zhong": 0.4489795918367347}}
{"metric": {"zhong": 0.4489795918367347}}
{"metric": {"zhong": 0.46938775510204084}}
{"metric": {"zhongUAR": 0.390527}}
{"metric": {"zhongf1": 0.35138}}
{"metric": {"zhong": 0.4897959183673469}}
{"metric": {"zhongUAR": 0.399113}}
{"metric": {"zhongf1": 0.363555}}
{"metric": {"zhong": 0.4897959183673469}}
{"metric": {"zhong": 0.4897959183673469}}
{"metric": {"zhong": 0.5102040816326531}}
{"metric": {"zhongUAR": 0.41627}}
{"metric": {"zhongf1": 0.387406}}
{"metric": {"zhong": 0.5102040816326531}}
{"metric": {"zhong": 0.5102040816326531}}
{"metric": {"zhong": 0.5102040816326531}}
{"metric": {"zhong": 0.5102040816326531}}
{"metric": {"zhong": 0.5102040816326531}}
{"metric": {"zhong": 0.5102040816326531}}
{"metric": {"zhong": 0.5102040816326531}}
{"metric": {"zhong": 0.5102040816326531}}
{"metric": {"zhong": 0.5102040816326531}}
{"metric": {"zhong": 0.5102040816326531}}
{"metric": {"zhong": 0.5102040816326531}}
{"metric": {"zhong": 0.5102040816326531}}
{"metric": {"zhong": 0.5102040816326531}}
{"metric": {"zhong": 0.5102040816326531}}
{"metric": {"zhong": 0.5102040816326531}}
{"metric": {"zhong": 0.5102040816326531}}
{"metric": {"zhong": 0.5102040816326531}}
{"metric": {"zhong": 0.5102040816326531}}
