Step:1	{"metric": {"full191Training": {"acc": 0.10909090909090909}}, "step": 1}
Step:1	{"metric": {"full191test": {"acc": 0.12244897959183673}}, "step": 1}
Step:1	{"metric": {"full191test": {"UAR": 0.046485}}, "step": 1}
Step:1	{"metric": {"full191test": {"Macro_F1": 0.061071}}, "step": 1}
Step:1	{"metric": {"full191test": {"wa": 0.408534}}, "step": 1}
Step:2	{"metric": {"full191Training": {"acc": 0.12727272727272726}}, "step": 2}
Step:2	{"metric": {"full191test": {"acc": 0.16326530612244897}}, "step": 2}
Step:2	{"metric": {"full191test": {"UAR": 0.131079}}, "step": 2}
Step:2	{"metric": {"full191test": {"Macro_F1": 0.127715}}, "step": 2}
Step:2	{"metric": {"full191test": {"wa": 0.454426}}, "step": 2}
Step:3	{"metric": {"full191Training": {"acc": 0.16363636363636364}}, "step": 3}
Step:3	{"metric": {"full191test": {"acc": 0.12244897959183673}}, "step": 3}
Step:3	{"metric": {"full191test": {"UAR": 0.107181}}, "step": 3}
Step:3	{"metric": {"full191test": {"Macro_F1": 0.10534}}, "step": 3}
Step:3	{"metric": {"full191test": {"wa": 0.30224}}, "step": 3}
Step:4	{"metric": {"full191Training": {"acc": 0.14545454545454545}}, "step": 4}
Step:4	{"metric": {"full191test": {"acc": 0.04081632653061224}}, "step": 4}
Step:4	{"metric": {"full191test": {"UAR": 0.017857}}, "step": 4}
Step:4	{"metric": {"full191test": {"Macro_F1": 0.021164}}, "step": 4}
Step:4	{"metric": {"full191test": {"wa": 0.059369}}, "step": 4}
Step:5	{"metric": {"full191Training": {"acc": 0.16363636363636364}}, "step": 5}
Step:5	{"metric": {"full191test": {"acc": 0.20408163265306123}}, "step": 5}
Step:5	{"metric": {"full191test": {"UAR": 0.067091}}, "step": 5}
Step:5	{"metric": {"full191test": {"Macro_F1": 0.094009}}, "step": 5}
Step:5	{"metric": {"full191test": {"wa": 0.635993}}, "step": 5}
Step:6	{"metric": {"full191Training": {"acc": 0.14545454545454545}}, "step": 6}
Step:6	{"metric": {"full191test": {"acc": 0.12244897959183673}}, "step": 6}
Step:6	{"metric": {"full191test": {"UAR": 0.03956}}, "step": 6}
Step:6	{"metric": {"full191test": {"Macro_F1": 0.0553}}, "step": 6}
Step:6	{"metric": {"full191test": {"wa": 0.360668}}, "step": 6}
Step:7	{"metric": {"full191Training": {"acc": 0.09090909090909091}}, "step": 7}
Step:7	{"metric": {"full191test": {"acc": 0.12244897959183673}}, "step": 7}
Step:7	{"metric": {"full191test": {"UAR": 0.095918}}, "step": 7}
Step:7	{"metric": {"full191test": {"Macro_F1": 0.108019}}, "step": 7}
Step:7	{"metric": {"full191test": {"wa": 0.316698}}, "step": 7}
Step:8	{"metric": {"full191Training": {"acc": 0.12727272727272726}}, "step": 8}
Step:8	{"metric": {"full191test": {"acc": 0.16326530612244897}}, "step": 8}
Step:8	{"metric": {"full191test": {"UAR": 0.076361}}, "step": 8}
Step:8	{"metric": {"full191test": {"Macro_F1": 0.093921}}, "step": 8}
Step:8	{"metric": {"full191test": {"wa": 0.425603}}, "step": 8}
Step:9	{"metric": {"full191Training": {"acc": 0.2}}, "step": 9}
Step:9	{"metric": {"full191test": {"acc": 0.12244897959183673}}, "step": 9}
Step:9	{"metric": {"full191test": {"UAR": 0.039116}}, "step": 9}
Step:9	{"metric": {"full191test": {"Macro_F1": 0.055419}}, "step": 9}
Step:9	{"metric": {"full191test": {"wa": 0.351763}}, "step": 9}
Step:10	{"metric": {"full191Training": {"acc": 0.2}}, "step": 10}
Step:10	{"metric": {"full191test": {"acc": 0.14285714285714285}}, "step": 10}
Step:10	{"metric": {"full191test": {"UAR": 0.078231}}, "step": 10}
Step:10	{"metric": {"full191test": {"Macro_F1": 0.092786}}, "step": 10}
Step:10	{"metric": {"full191test": {"wa": 0.291651}}, "step": 10}
Step:11	{"metric": {"full191Training": {"acc": 0.14545454545454545}}, "step": 11}
Step:11	{"metric": {"full191test": {"acc": 0.1836734693877551}}, "step": 11}
Step:11	{"metric": {"full191test": {"UAR": 0.060068}}, "step": 11}
Step:11	{"metric": {"full191test": {"Macro_F1": 0.085459}}, "step": 11}
Step:11	{"metric": {"full191test": {"wa": 0.67718}}, "step": 11}
Step:12	{"metric": {"full191Training": {"acc": 0.18181818181818182}}, "step": 12}
Step:12	{"metric": {"full191test": {"acc": 0.10204081632653061}}, "step": 12}
Step:12	{"metric": {"full191test": {"UAR": 0.077059}}, "step": 12}
Step:12	{"metric": {"full191test": {"Macro_F1": 0.064017}}, "step": 12}
Step:12	{"metric": {"full191test": {"wa": 0.47665}}, "step": 12}
Step:13	{"metric": {"full191Training": {"acc": 0.16363636363636364}}, "step": 13}
Step:13	{"metric": {"full191test": {"acc": 0.14285714285714285}}, "step": 13}
Step:13	{"metric": {"full191test": {"UAR": 0.117283}}, "step": 13}
Step:13	{"metric": {"full191test": {"Macro_F1": 0.11577}}, "step": 13}
Step:13	{"metric": {"full191test": {"wa": 0.39617}}, "step": 13}
Step:14	{"metric": {"full191Training": {"acc": 0.10909090909090909}}, "step": 14}
Step:14	{"metric": {"full191test": {"acc": 0.14285714285714285}}, "step": 14}
Step:14	{"metric": {"full191test": {"UAR": 0.130159}}, "step": 14}
Step:14	{"metric": {"full191test": {"Macro_F1": 0.118151}}, "step": 14}
Step:14	{"metric": {"full191test": {"wa": 0.410323}}, "step": 14}
Step:15	{"metric": {"full191Training": {"acc": 0.18181818181818182}}, "step": 15}
Step:15	{"metric": {"full191test": {"acc": 0.16326530612244897}}, "step": 15}
Step:15	{"metric": {"full191test": {"UAR": 0.13733}}, "step": 15}
Step:15	{"metric": {"full191test": {"Macro_F1": 0.114863}}, "step": 15}
Step:15	{"metric": {"full191test": {"wa": 0.449404}}, "step": 15}
Step:16	{"metric": {"full191Training": {"acc": 0.23636363636363636}}, "step": 16}
Step:16	{"metric": {"full191test": {"acc": 0.10204081632653061}}, "step": 16}
Step:16	{"metric": {"full191test": {"UAR": 0.037788}}, "step": 16}
Step:16	{"metric": {"full191test": {"Macro_F1": 0.04884}}, "step": 16}
Step:16	{"metric": {"full191test": {"wa": 0.336549}}, "step": 16}
Step:17	{"metric": {"full191Training": {"acc": 0.12727272727272726}}, "step": 17}
Step:17	{"metric": {"full191test": {"acc": 0.14285714285714285}}, "step": 17}
Step:17	{"metric": {"full191test": {"UAR": 0.203782}}, "step": 17}
Step:17	{"metric": {"full191test": {"Macro_F1": 0.091342}}, "step": 17}
Step:17	{"metric": {"full191test": {"wa": 0.309488}}, "step": 17}
Step:18	{"metric": {"full191Training": {"acc": 0.16363636363636364}}, "step": 18}
Step:18	{"metric": {"full191test": {"acc": 0.12244897959183673}}, "step": 18}
Step:18	{"metric": {"full191test": {"UAR": 0.039664}}, "step": 18}
Step:18	{"metric": {"full191test": {"Macro_F1": 0.058503}}, "step": 18}
Step:18	{"metric": {"full191test": {"wa": 0.471243}}, "step": 18}
Step:19	{"metric": {"full191Training": {"acc": 0.10909090909090909}}, "step": 19}
Step:19	{"metric": {"full191test": {"acc": 0.16326530612244897}}, "step": 19}
Step:19	{"metric": {"full191test": {"UAR": 0.079328}}, "step": 19}
Step:19	{"metric": {"full191test": {"Macro_F1": 0.093197}}, "step": 19}
Step:19	{"metric": {"full191test": {"wa": 0.446859}}, "step": 19}
Step:20	{"metric": {"full191Training": {"acc": 0.2909090909090909}}, "step": 20}
Step:20	{"metric": {"full191test": {"acc": 0.22448979591836735}}, "step": 20}
Step:20	{"metric": {"full191test": {"UAR": 0.115918}}, "step": 20}
Step:20	{"metric": {"full191test": {"Macro_F1": 0.138919}}, "step": 20}
Step:20	{"metric": {"full191test": {"wa": 0.453803}}, "step": 20}
Step:21	{"metric": {"full191Training": {"acc": 0.05454545454545454}}, "step": 21}
Step:21	{"metric": {"full191test": {"acc": 0.1836734693877551}}, "step": 21}
Step:21	{"metric": {"full191test": {"UAR": 0.096011}}, "step": 21}
Step:21	{"metric": {"full191test": {"Macro_F1": 0.115556}}, "step": 21}
Step:21	{"metric": {"full191test": {"wa": 0.419931}}, "step": 21}
Step:22	{"metric": {"full191Training": {"acc": 0.16363636363636364}}, "step": 22}
Step:22	{"metric": {"full191test": {"acc": 0.16326530612244897}}, "step": 22}
Step:22	{"metric": {"full191test": {"UAR": 0.082715}}, "step": 22}
Step:22	{"metric": {"full191test": {"Macro_F1": 0.091781}}, "step": 22}
Step:22	{"metric": {"full191test": {"wa": 0.386059}}, "step": 22}
Step:23	{"metric": {"full191Training": {"acc": 0.16363636363636364}}, "step": 23}
Step:23	{"metric": {"full191test": {"acc": 0.2653061224489796}}, "step": 23}
Step:23	{"metric": {"full191test": {"UAR": 0.20937}}, "step": 23}
Step:23	{"metric": {"full191test": {"Macro_F1": 0.176855}}, "step": 23}
Step:23	{"metric": {"full191test": {"wa": 0.634588}}, "step": 23}
Step:24	{"metric": {"full191Training": {"acc": 0.07272727272727272}}, "step": 24}
Step:24	{"metric": {"full191test": {"acc": 0.08163265306122448}}, "step": 24}
Step:24	{"metric": {"full191test": {"UAR": 0.03836}}, "step": 24}
Step:24	{"metric": {"full191test": {"Macro_F1": 0.048137}}, "step": 24}
Step:24	{"metric": {"full191test": {"wa": 0.268911}}, "step": 24}
Step:25	{"metric": {"full191Training": {"acc": 0.21818181818181817}}, "step": 25}
Step:25	{"metric": {"full191test": {"acc": 0.1836734693877551}}, "step": 25}
Step:25	{"metric": {"full191test": {"UAR": 0.107143}}, "step": 25}
Step:25	{"metric": {"full191test": {"Macro_F1": 0.130247}}, "step": 25}
Step:25	{"metric": {"full191test": {"wa": 0.400636}}, "step": 25}
Step:26	{"metric": {"full191Training": {"acc": 0.14545454545454545}}, "step": 26}
Step:26	{"metric": {"full191test": {"acc": 0.22448979591836735}}, "step": 26}
Step:26	{"metric": {"full191test": {"UAR": 0.108369}}, "step": 26}
Step:26	{"metric": {"full191test": {"Macro_F1": 0.133394}}, "step": 26}
Step:26	{"metric": {"full191test": {"wa": 0.488842}}, "step": 26}
Step:27	{"metric": {"full191Training": {"acc": 0.12727272727272726}}, "step": 27}
Step:27	{"metric": {"full191test": {"acc": 0.12244897959183673}}, "step": 27}
Step:27	{"metric": {"full191test": {"UAR": 0.072562}}, "step": 27}
Step:27	{"metric": {"full191test": {"Macro_F1": 0.080225}}, "step": 27}
Step:27	{"metric": {"full191test": {"wa": 0.174397}}, "step": 27}
Step:28	{"metric": {"full191Training": {"acc": 0.18181818181818182}}, "step": 28}
Step:28	{"metric": {"full191test": {"acc": 0.14285714285714285}}, "step": 28}
Step:28	{"metric": {"full191test": {"UAR": 0.213078}}, "step": 28}
Step:28	{"metric": {"full191test": {"Macro_F1": 0.105079}}, "step": 28}
Step:28	{"metric": {"full191test": {"wa": 0.370289}}, "step": 28}
Step:29	{"metric": {"full191Training": {"acc": 0.16363636363636364}}, "step": 29}
Step:29	{"metric": {"full191test": {"acc": 0.1836734693877551}}, "step": 29}
Step:29	{"metric": {"full191test": {"UAR": 0.106337}}, "step": 29}
Step:29	{"metric": {"full191test": {"Macro_F1": 0.120748}}, "step": 29}
Step:29	{"metric": {"full191test": {"wa": 0.315028}}, "step": 29}
Step:30	{"metric": {"full191Training": {"acc": 0.01818181818181818}}, "step": 30}
Step:30	{"metric": {"full191test": {"acc": 0.10204081632653061}}, "step": 30}
Step:30	{"metric": {"full191test": {"UAR": 0.037775}}, "step": 30}
Step:30	{"metric": {"full191test": {"Macro_F1": 0.050179}}, "step": 30}
Step:30	{"metric": {"full191test": {"wa": 0.301299}}, "step": 30}
Step:31	{"metric": {"full191Training": {"acc": 0.18181818181818182}}, "step": 31}
Step:31	{"metric": {"full191test": {"acc": 0.14285714285714285}}, "step": 31}
Step:31	{"metric": {"full191test": {"UAR": 0.049887}}, "step": 31}
Step:31	{"metric": {"full191test": {"Macro_F1": 0.069488}}, "step": 31}
Step:31	{"metric": {"full191test": {"wa": 0.341744}}, "step": 31}
Step:32	{"metric": {"full191Training": {"acc": 0.18181818181818182}}, "step": 32}
Step:32	{"metric": {"full191test": {"acc": 0.12244897959183673}}, "step": 32}
Step:32	{"metric": {"full191test": {"UAR": 0.191977}}, "step": 32}
Step:32	{"metric": {"full191test": {"Macro_F1": 0.117664}}, "step": 32}
Step:32	{"metric": {"full191test": {"wa": 0.284508}}, "step": 32}
Step:33	{"metric": {"full191Training": {"acc": 0.2}}, "step": 33}
Step:33	{"metric": {"full191test": {"acc": 0.12244897959183673}}, "step": 33}
Step:33	{"metric": {"full191test": {"UAR": 0.099924}}, "step": 33}
Step:33	{"metric": {"full191test": {"Macro_F1": 0.115646}}, "step": 33}
Step:33	{"metric": {"full191test": {"wa": 0.17824}}, "step": 33}
Step:34	{"metric": {"full191Training": {"acc": 0.14545454545454545}}, "step": 34}
Step:34	{"metric": {"full191test": {"acc": 0.3469387755102041}}, "step": 34}
Step:34	{"metric": {"full191test": {"UAR": 0.328968}}, "step": 34}
Step:34	{"metric": {"full191test": {"Macro_F1": 0.247593}}, "step": 34}
Step:34	{"metric": {"full191test": {"wa": 0.683939}}, "step": 34}
Step:35	{"metric": {"full191Training": {"acc": 0.21818181818181817}}, "step": 35}
Step:35	{"metric": {"full191test": {"acc": 0.20408163265306123}}, "step": 35}
Step:35	{"metric": {"full191test": {"UAR": 0.250992}}, "step": 35}
Step:35	{"metric": {"full191test": {"Macro_F1": 0.190884}}, "step": 35}
Step:35	{"metric": {"full191test": {"wa": 0.298675}}, "step": 35}
Step:36	{"metric": {"full191Training": {"acc": 0.23636363636363636}}, "step": 36}
Step:36	{"metric": {"full191test": {"acc": 0.16326530612244897}}, "step": 36}
Step:36	{"metric": {"full191test": {"UAR": 0.06732}}, "step": 36}
Step:36	{"metric": {"full191test": {"Macro_F1": 0.091637}}, "step": 36}
Step:36	{"metric": {"full191test": {"wa": 0.54678}}, "step": 36}
Step:37	{"metric": {"full191Training": {"acc": 0.16363636363636364}}, "step": 37}
Step:37	{"metric": {"full191test": {"acc": 0.12244897959183673}}, "step": 37}
Step:37	{"metric": {"full191test": {"UAR": 0.056777}}, "step": 37}
Step:37	{"metric": {"full191test": {"Macro_F1": 0.072414}}, "step": 37}
Step:37	{"metric": {"full191test": {"wa": 0.213888}}, "step": 37}
Step:38	{"metric": {"full191Training": {"acc": 0.16363636363636364}}, "step": 38}
Step:38	{"metric": {"full191test": {"acc": 0.22448979591836735}}, "step": 38}
Step:38	{"metric": {"full191test": {"UAR": 0.237897}}, "step": 38}
Step:38	{"metric": {"full191test": {"Macro_F1": 0.142738}}, "step": 38}
Step:38	{"metric": {"full191test": {"wa": 0.422661}}, "step": 38}
Step:39	{"metric": {"full191Training": {"acc": 0.14545454545454545}}, "step": 39}
Step:39	{"metric": {"full191test": {"acc": 0.24489795918367346}}, "step": 39}
Step:39	{"metric": {"full191test": {"UAR": 0.218141}}, "step": 39}
Step:39	{"metric": {"full191test": {"Macro_F1": 0.19532}}, "step": 39}
Step:39	{"metric": {"full191test": {"wa": 0.399178}}, "step": 39}
Step:40	{"metric": {"full191Training": {"acc": 0.18181818181818182}}, "step": 40}
Step:40	{"metric": {"full191test": {"acc": 0.1836734693877551}}, "step": 40}
Step:40	{"metric": {"full191test": {"UAR": 0.243123}}, "step": 40}
Step:40	{"metric": {"full191test": {"Macro_F1": 0.133741}}, "step": 40}
Step:40	{"metric": {"full191test": {"wa": 0.396263}}, "step": 40}
Step:41	{"metric": {"full191Training": {"acc": 0.18181818181818182}}, "step": 41}
Step:41	{"metric": {"full191test": {"acc": 0.2653061224489796}}, "step": 41}
Step:41	{"metric": {"full191test": {"UAR": 0.247118}}, "step": 41}
Step:41	{"metric": {"full191test": {"Macro_F1": 0.204192}}, "step": 41}
Step:41	{"metric": {"full191test": {"wa": 0.401471}}, "step": 41}
Step:42	{"metric": {"full191Training": {"acc": 0.16363636363636364}}, "step": 42}
Step:42	{"metric": {"full191test": {"acc": 0.16326530612244897}}, "step": 42}
Step:42	{"metric": {"full191test": {"UAR": 0.081014}}, "step": 42}
Step:42	{"metric": {"full191test": {"Macro_F1": 0.098529}}, "step": 42}
Step:42	{"metric": {"full191test": {"wa": 0.378267}}, "step": 42}
Step:43	{"metric": {"full191Training": {"acc": 0.16363636363636364}}, "step": 43}
Step:43	{"metric": {"full191test": {"acc": 0.14285714285714285}}, "step": 43}
Step:43	{"metric": {"full191test": {"UAR": 0.058287}}, "step": 43}
Step:43	{"metric": {"full191test": {"Macro_F1": 0.080223}}, "step": 43}
Step:43	{"metric": {"full191test": {"wa": 0.446117}}, "step": 43}
Step:44	{"metric": {"full191Training": {"acc": 0.12727272727272726}}, "step": 44}
Step:44	{"metric": {"full191test": {"acc": 0.1836734693877551}}, "step": 44}
Step:44	{"metric": {"full191test": {"UAR": 0.164286}}, "step": 44}
Step:44	{"metric": {"full191test": {"Macro_F1": 0.130436}}, "step": 44}
Step:44	{"metric": {"full191test": {"wa": 0.273893}}, "step": 44}
Step:45	{"metric": {"full191Training": {"acc": 0.09090909090909091}}, "step": 45}
Step:45	{"metric": {"full191test": {"acc": 0.12244897959183673}}, "step": 45}
Step:45	{"metric": {"full191test": {"UAR": 0.12619}}, "step": 45}
Step:45	{"metric": {"full191test": {"Macro_F1": 0.08675}}, "step": 45}
Step:45	{"metric": {"full191test": {"wa": 0.246753}}, "step": 45}
Step:46	{"metric": {"full191Training": {"acc": 0.23636363636363636}}, "step": 46}
Step:46	{"metric": {"full191test": {"acc": 0.2857142857142857}}, "step": 46}
Step:46	{"metric": {"full191test": {"UAR": 0.246429}}, "step": 46}
Step:46	{"metric": {"full191test": {"Macro_F1": 0.213315}}, "step": 46}
Step:46	{"metric": {"full191test": {"wa": 0.503909}}, "step": 46}
Step:47	{"metric": {"full191Training": {"acc": 0.18181818181818182}}, "step": 47}
Step:47	{"metric": {"full191test": {"acc": 0.2857142857142857}}, "step": 47}
Step:47	{"metric": {"full191test": {"UAR": 0.249194}}, "step": 47}
Step:47	{"metric": {"full191test": {"Macro_F1": 0.191526}}, "step": 47}
Step:47	{"metric": {"full191test": {"wa": 0.389928}}, "step": 47}
Step:48	{"metric": {"full191Training": {"acc": 0.34545454545454546}}, "step": 48}
Step:48	{"metric": {"full191test": {"acc": 0.16326530612244897}}, "step": 48}
Step:48	{"metric": {"full191test": {"UAR": 0.100992}}, "step": 48}
Step:48	{"metric": {"full191test": {"Macro_F1": 0.120475}}, "step": 48}
Step:48	{"metric": {"full191test": {"wa": 0.276875}}, "step": 48}
Step:49	{"metric": {"full191Training": {"acc": 0.09090909090909091}}, "step": 49}
Step:49	{"metric": {"full191test": {"acc": 0.22448979591836735}}, "step": 49}
Step:49	{"metric": {"full191test": {"UAR": 0.21746}}, "step": 49}
Step:49	{"metric": {"full191test": {"Macro_F1": 0.193239}}, "step": 49}
Step:49	{"metric": {"full191test": {"wa": 0.416221}}, "step": 49}
Step:50	{"metric": {"full191Training": {"acc": 0.14545454545454545}}, "step": 50}
Step:50	{"metric": {"full191test": {"acc": 0.20408163265306123}}, "step": 50}
Step:50	{"metric": {"full191test": {"UAR": 0.179641}}, "step": 50}
Step:50	{"metric": {"full191test": {"Macro_F1": 0.142354}}, "step": 50}
Step:50	{"metric": {"full191test": {"wa": 0.308283}}, "step": 50}
Step:51	{"metric": {"full191Training": {"acc": 0.23636363636363636}}, "step": 51}
Step:51	{"metric": {"full191test": {"acc": 0.20408163265306123}}, "step": 51}
Step:51	{"metric": {"full191test": {"UAR": 0.084014}}, "step": 51}
Step:51	{"metric": {"full191test": {"Macro_F1": 0.11408}}, "step": 51}
Step:51	{"metric": {"full191test": {"wa": 0.576464}}, "step": 51}
Step:52	{"metric": {"full191Training": {"acc": 0.2}}, "step": 52}
Step:52	{"metric": {"full191test": {"acc": 0.16326530612244897}}, "step": 52}
Step:52	{"metric": {"full191test": {"UAR": 0.22774}}, "step": 52}
Step:52	{"metric": {"full191test": {"Macro_F1": 0.121844}}, "step": 52}
Step:52	{"metric": {"full191test": {"wa": 0.317546}}, "step": 52}
Step:53	{"metric": {"full191Training": {"acc": 0.16363636363636364}}, "step": 53}
Step:53	{"metric": {"full191test": {"acc": 0.12244897959183673}}, "step": 53}
Step:53	{"metric": {"full191test": {"UAR": 0.108643}}, "step": 53}
Step:53	{"metric": {"full191test": {"Macro_F1": 0.070617}}, "step": 53}
Step:53	{"metric": {"full191test": {"wa": 0.258574}}, "step": 53}
Step:54	{"metric": {"full191Training": {"acc": 0.23636363636363636}}, "step": 54}
Step:54	{"metric": {"full191test": {"acc": 0.32653061224489793}}, "step": 54}
Step:54	{"metric": {"full191test": {"UAR": 0.262832}}, "step": 54}
Step:54	{"metric": {"full191test": {"Macro_F1": 0.242174}}, "step": 54}
Step:54	{"metric": {"full191test": {"wa": 0.410204}}, "step": 54}
Step:55	{"metric": {"full191Training": {"acc": 0.2727272727272727}}, "step": 55}
Step:55	{"metric": {"full191test": {"acc": 0.1836734693877551}}, "step": 55}
Step:55	{"metric": {"full191test": {"UAR": 0.151967}}, "step": 55}
Step:55	{"metric": {"full191test": {"Macro_F1": 0.114403}}, "step": 55}
Step:55	{"metric": {"full191test": {"wa": 0.413358}}, "step": 55}
Step:56	{"metric": {"full191Training": {"acc": 0.2}}, "step": 56}
Step:56	{"metric": {"full191test": {"acc": 0.2857142857142857}}, "step": 56}
Step:56	{"metric": {"full191test": {"UAR": 0.259341}}, "step": 56}
Step:56	{"metric": {"full191test": {"Macro_F1": 0.18381}}, "step": 56}
Step:56	{"metric": {"full191test": {"wa": 0.566658}}, "step": 56}
Step:57	{"metric": {"full191Training": {"acc": 0.21818181818181817}}, "step": 57}
Step:57	{"metric": {"full191test": {"acc": 0.1836734693877551}}, "step": 57}
Step:57	{"metric": {"full191test": {"UAR": 0.111264}}, "step": 57}
Step:57	{"metric": {"full191test": {"Macro_F1": 0.137607}}, "step": 57}
Step:57	{"metric": {"full191test": {"wa": 0.404506}}, "step": 57}
Step:58	{"metric": {"full191Training": {"acc": 0.2}}, "step": 58}
Step:58	{"metric": {"full191test": {"acc": 0.30612244897959184}}, "step": 58}
Step:58	{"metric": {"full191test": {"UAR": 0.284585}}, "step": 58}
Step:58	{"metric": {"full191test": {"Macro_F1": 0.231834}}, "step": 58}
Step:58	{"metric": {"full191test": {"wa": 0.607289}}, "step": 58}
Step:59	{"metric": {"full191Training": {"acc": 0.10909090909090909}}, "step": 59}
Step:59	{"metric": {"full191test": {"acc": 0.20408163265306123}}, "step": 59}
Step:59	{"metric": {"full191test": {"UAR": 0.192532}}, "step": 59}
Step:59	{"metric": {"full191test": {"Macro_F1": 0.161368}}, "step": 59}
Step:59	{"metric": {"full191test": {"wa": 0.333634}}, "step": 59}
Step:60	{"metric": {"full191Training": {"acc": 0.10909090909090909}}, "step": 60}
Step:60	{"metric": {"full191test": {"acc": 0.14285714285714285}}, "step": 60}
Step:60	{"metric": {"full191test": {"UAR": 0.199561}}, "step": 60}
Step:60	{"metric": {"full191test": {"Macro_F1": 0.095381}}, "step": 60}
Step:60	{"metric": {"full191test": {"wa": 0.272542}}, "step": 60}
Step:61	{"metric": {"full191Training": {"acc": 0.16363636363636364}}, "step": 61}
Step:61	{"metric": {"full191test": {"acc": 0.20408163265306123}}, "step": 61}
Step:61	{"metric": {"full191test": {"UAR": 0.235261}}, "step": 61}
Step:61	{"metric": {"full191test": {"Macro_F1": 0.130792}}, "step": 61}
Step:61	{"metric": {"full191test": {"wa": 0.374742}}, "step": 61}
Step:62	{"metric": {"full191Training": {"acc": 0.2727272727272727}}, "step": 62}
Step:62	{"metric": {"full191test": {"acc": 0.1836734693877551}}, "step": 62}
Step:62	{"metric": {"full191test": {"UAR": 0.192022}}, "step": 62}
Step:62	{"metric": {"full191test": {"Macro_F1": 0.157875}}, "step": 62}
Step:62	{"metric": {"full191test": {"wa": 0.267016}}, "step": 62}
Step:63	{"metric": {"full191Training": {"acc": 0.2}}, "step": 63}
Step:63	{"metric": {"full191test": {"acc": 0.22448979591836735}}, "step": 63}
Step:63	{"metric": {"full191test": {"UAR": 0.189101}}, "step": 63}
Step:63	{"metric": {"full191test": {"Macro_F1": 0.151163}}, "step": 63}
Step:63	{"metric": {"full191test": {"wa": 0.355049}}, "step": 63}
Step:64	{"metric": {"full191Training": {"acc": 0.12727272727272726}}, "step": 64}
Step:64	{"metric": {"full191test": {"acc": 0.1836734693877551}}, "step": 64}
Step:64	{"metric": {"full191test": {"UAR": 0.141497}}, "step": 64}
Step:64	{"metric": {"full191test": {"Macro_F1": 0.119637}}, "step": 64}
Step:64	{"metric": {"full191test": {"wa": 0.278823}}, "step": 64}
Step:65	{"metric": {"full191Training": {"acc": 0.21818181818181817}}, "step": 65}
Step:65	{"metric": {"full191test": {"acc": 0.2653061224489796}}, "step": 65}
Step:65	{"metric": {"full191test": {"UAR": 0.192857}}, "step": 65}
Step:65	{"metric": {"full191test": {"Macro_F1": 0.176865}}, "step": 65}
Step:65	{"metric": {"full191test": {"wa": 0.426186}}, "step": 65}
Step:66	{"metric": {"full191Training": {"acc": 0.2727272727272727}}, "step": 66}
Step:66	{"metric": {"full191test": {"acc": 0.2653061224489796}}, "step": 66}
Step:66	{"metric": {"full191test": {"UAR": 0.1765}}, "step": 66}
Step:66	{"metric": {"full191test": {"Macro_F1": 0.174459}}, "step": 66}
Step:66	{"metric": {"full191test": {"wa": 0.357143}}, "step": 66}
Step:67	{"metric": {"full191Training": {"acc": 0.2}}, "step": 67}
Step:67	{"metric": {"full191test": {"acc": 0.1836734693877551}}, "step": 67}
Step:67	{"metric": {"full191test": {"UAR": 0.128904}}, "step": 67}
Step:67	{"metric": {"full191test": {"Macro_F1": 0.122898}}, "step": 67}
Step:67	{"metric": {"full191test": {"wa": 0.347363}}, "step": 67}
Step:68	{"metric": {"full191Training": {"acc": 0.21818181818181817}}, "step": 68}
Step:68	{"metric": {"full191test": {"acc": 0.14285714285714285}}, "step": 68}
Step:68	{"metric": {"full191test": {"UAR": 0.139087}}, "step": 68}
Step:68	{"metric": {"full191test": {"Macro_F1": 0.103704}}, "step": 68}
Step:68	{"metric": {"full191test": {"wa": 0.267002}}, "step": 68}
Step:69	{"metric": {"full191Training": {"acc": 0.21818181818181817}}, "step": 69}
Step:69	{"metric": {"full191test": {"acc": 0.22448979591836735}}, "step": 69}
Step:69	{"metric": {"full191test": {"UAR": 0.184965}}, "step": 69}
Step:69	{"metric": {"full191test": {"Macro_F1": 0.154573}}, "step": 69}
Step:69	{"metric": {"full191test": {"wa": 0.342274}}, "step": 69}
Step:70	{"metric": {"full191Training": {"acc": 0.23636363636363636}}, "step": 70}
Step:70	{"metric": {"full191test": {"acc": 0.16326530612244897}}, "step": 70}
Step:70	{"metric": {"full191test": {"UAR": 0.169841}}, "step": 70}
Step:70	{"metric": {"full191test": {"Macro_F1": 0.118726}}, "step": 70}
Step:70	{"metric": {"full191test": {"wa": 0.22873}}, "step": 70}
Step:71	{"metric": {"full191Training": {"acc": 0.18181818181818182}}, "step": 71}
Step:71	{"metric": {"full191test": {"acc": 0.12244897959183673}}, "step": 71}
Step:71	{"metric": {"full191test": {"UAR": 0.084184}}, "step": 71}
Step:71	{"metric": {"full191test": {"Macro_F1": 0.079777}}, "step": 71}
Step:71	{"metric": {"full191test": {"wa": 0.157434}}, "step": 71}
Step:72	{"metric": {"full191Training": {"acc": 0.16363636363636364}}, "step": 72}
Step:72	{"metric": {"full191test": {"acc": 0.1836734693877551}}, "step": 72}
Step:72	{"metric": {"full191test": {"UAR": 0.228571}}, "step": 72}
Step:72	{"metric": {"full191test": {"Macro_F1": 0.158688}}, "step": 72}
Step:72	{"metric": {"full191test": {"wa": 0.238669}}, "step": 72}
Step:73	{"metric": {"full191Training": {"acc": 0.23636363636363636}}, "step": 73}
Step:73	{"metric": {"full191test": {"acc": 0.2653061224489796}}, "step": 73}
Step:73	{"metric": {"full191test": {"UAR": 0.349784}}, "step": 73}
Step:73	{"metric": {"full191test": {"Macro_F1": 0.228781}}, "step": 73}
Step:73	{"metric": {"full191test": {"wa": 0.401603}}, "step": 73}
Step:74	{"metric": {"full191Training": {"acc": 0.2}}, "step": 74}
Step:74	{"metric": {"full191test": {"acc": 0.24489795918367346}}, "step": 74}
Step:74	{"metric": {"full191test": {"UAR": 0.262045}}, "step": 74}
Step:74	{"metric": {"full191test": {"Macro_F1": 0.196072}}, "step": 74}
Step:74	{"metric": {"full191test": {"wa": 0.308137}}, "step": 74}
Step:75	{"metric": {"full191Training": {"acc": 0.23636363636363636}}, "step": 75}
Step:75	{"metric": {"full191test": {"acc": 0.2857142857142857}}, "step": 75}
Step:75	{"metric": {"full191test": {"UAR": 0.23966}}, "step": 75}
Step:75	{"metric": {"full191test": {"Macro_F1": 0.19097}}, "step": 75}
Step:75	{"metric": {"full191test": {"wa": 0.475802}}, "step": 75}
Step:76	{"metric": {"full191Training": {"acc": 0.2}}, "step": 76}
Step:76	{"metric": {"full191test": {"acc": 0.2653061224489796}}, "step": 76}
Step:76	{"metric": {"full191test": {"UAR": 0.290455}}, "step": 76}
Step:76	{"metric": {"full191test": {"Macro_F1": 0.211993}}, "step": 76}
Step:76	{"metric": {"full191test": {"wa": 0.33423}}, "step": 76}
Step:77	{"metric": {"full191Training": {"acc": 0.2}}, "step": 77}
Step:77	{"metric": {"full191test": {"acc": 0.2653061224489796}}, "step": 77}
Step:77	{"metric": {"full191test": {"UAR": 0.250628}}, "step": 77}
Step:77	{"metric": {"full191test": {"Macro_F1": 0.187159}}, "step": 77}
Step:77	{"metric": {"full191test": {"wa": 0.427485}}, "step": 77}
Step:78	{"metric": {"full191Training": {"acc": 0.16363636363636364}}, "step": 78}
Step:78	{"metric": {"full191test": {"acc": 0.40816326530612246}}, "step": 78}
Step:78	{"metric": {"full191test": {"UAR": 0.477159}}, "step": 78}
Step:78	{"metric": {"full191test": {"Macro_F1": 0.435238}}, "step": 78}
Step:78	{"metric": {"full191test": {"wa": 0.615028}}, "step": 78}
Step:79	{"metric": {"full191Training": {"acc": 0.23636363636363636}}, "step": 79}
Step:79	{"metric": {"full191test": {"acc": 0.20408163265306123}}, "step": 79}
Step:79	{"metric": {"full191test": {"UAR": 0.22619}}, "step": 79}
Step:79	{"metric": {"full191test": {"Macro_F1": 0.141216}}, "step": 79}
Step:79	{"metric": {"full191test": {"wa": 0.300133}}, "step": 79}
Step:80	{"metric": {"full191Training": {"acc": 0.2727272727272727}}, "step": 80}
Step:80	{"metric": {"full191test": {"acc": 0.2857142857142857}}, "step": 80}
Step:80	{"metric": {"full191test": {"UAR": 0.383673}}, "step": 80}
Step:80	{"metric": {"full191test": {"Macro_F1": 0.217603}}, "step": 80}
Step:80	{"metric": {"full191test": {"wa": 0.339783}}, "step": 80}
Step:81	{"metric": {"full191Training": {"acc": 0.2}}, "step": 81}
Step:81	{"metric": {"full191test": {"acc": 0.30612244897959184}}, "step": 81}
Step:81	{"metric": {"full191test": {"UAR": 0.243889}}, "step": 81}
Step:81	{"metric": {"full191test": {"Macro_F1": 0.209035}}, "step": 81}
Step:81	{"metric": {"full191test": {"wa": 0.345136}}, "step": 81}
Step:82	{"metric": {"full191Training": {"acc": 0.2545454545454545}}, "step": 82}
Step:82	{"metric": {"full191test": {"acc": 0.20408163265306123}}, "step": 82}
Step:82	{"metric": {"full191test": {"UAR": 0.137298}}, "step": 82}
Step:82	{"metric": {"full191test": {"Macro_F1": 0.125313}}, "step": 82}
Step:82	{"metric": {"full191test": {"wa": 0.283859}}, "step": 82}
Step:83	{"metric": {"full191Training": {"acc": 0.10909090909090909}}, "step": 83}
Step:83	{"metric": {"full191test": {"acc": 0.32653061224489793}}, "step": 83}
Step:83	{"metric": {"full191test": {"UAR": 0.217602}}, "step": 83}
Step:83	{"metric": {"full191test": {"Macro_F1": 0.214873}}, "step": 83}
Step:83	{"metric": {"full191test": {"wa": 0.457249}}, "step": 83}
Step:84	{"metric": {"full191Training": {"acc": 0.32727272727272727}}, "step": 84}
Step:84	{"metric": {"full191test": {"acc": 0.20408163265306123}}, "step": 84}
Step:84	{"metric": {"full191test": {"UAR": 0.140677}}, "step": 84}
Step:84	{"metric": {"full191test": {"Macro_F1": 0.138367}}, "step": 84}
Step:84	{"metric": {"full191test": {"wa": 0.258972}}, "step": 84}
Step:85	{"metric": {"full191Training": {"acc": 0.21818181818181817}}, "step": 85}
Step:85	{"metric": {"full191test": {"acc": 0.2653061224489796}}, "step": 85}
Step:85	{"metric": {"full191test": {"UAR": 0.243917}}, "step": 85}
Step:85	{"metric": {"full191test": {"Macro_F1": 0.208972}}, "step": 85}
Step:85	{"metric": {"full191test": {"wa": 0.434442}}, "step": 85}
Step:86	{"metric": {"full191Training": {"acc": 0.2545454545454545}}, "step": 86}
Step:86	{"metric": {"full191test": {"acc": 0.1836734693877551}}, "step": 86}
Step:86	{"metric": {"full191test": {"UAR": 0.150464}}, "step": 86}
Step:86	{"metric": {"full191test": {"Macro_F1": 0.1274}}, "step": 86}
Step:86	{"metric": {"full191test": {"wa": 0.235966}}, "step": 86}
Step:87	{"metric": {"full191Training": {"acc": 0.23636363636363636}}, "step": 87}
Step:87	{"metric": {"full191test": {"acc": 0.2653061224489796}}, "step": 87}
Step:87	{"metric": {"full191test": {"UAR": 0.185144}}, "step": 87}
Step:87	{"metric": {"full191test": {"Macro_F1": 0.188185}}, "step": 87}
Step:87	{"metric": {"full191test": {"wa": 0.439279}}, "step": 87}
Step:88	{"metric": {"full191Training": {"acc": 0.2}}, "step": 88}
Step:88	{"metric": {"full191test": {"acc": 0.24489795918367346}}, "step": 88}
Step:88	{"metric": {"full191test": {"UAR": 0.153602}}, "step": 88}
Step:88	{"metric": {"full191test": {"Macro_F1": 0.159682}}, "step": 88}
Step:88	{"metric": {"full191test": {"wa": 0.480679}}, "step": 88}
Step:89	{"metric": {"full191Training": {"acc": 0.23636363636363636}}, "step": 89}
Step:89	{"metric": {"full191test": {"acc": 0.2653061224489796}}, "step": 89}
Step:89	{"metric": {"full191test": {"UAR": 0.198776}}, "step": 89}
Step:89	{"metric": {"full191test": {"Macro_F1": 0.198954}}, "step": 89}
Step:89	{"metric": {"full191test": {"wa": 0.33863}}, "step": 89}
Step:90	{"metric": {"full191Training": {"acc": 0.2909090909090909}}, "step": 90}
Step:90	{"metric": {"full191test": {"acc": 0.2857142857142857}}, "step": 90}
Step:90	{"metric": {"full191test": {"UAR": 0.183883}}, "step": 90}
Step:90	{"metric": {"full191test": {"Macro_F1": 0.193937}}, "step": 90}
Step:90	{"metric": {"full191test": {"wa": 0.378585}}, "step": 90}
Step:91	{"metric": {"full191Training": {"acc": 0.21818181818181817}}, "step": 91}
Step:91	{"metric": {"full191test": {"acc": 0.2857142857142857}}, "step": 91}
Step:91	{"metric": {"full191test": {"UAR": 0.267986}}, "step": 91}
Step:91	{"metric": {"full191test": {"Macro_F1": 0.242354}}, "step": 91}
Step:91	{"metric": {"full191test": {"wa": 0.311609}}, "step": 91}
Step:92	{"metric": {"full191Training": {"acc": 0.12727272727272726}}, "step": 92}
Step:92	{"metric": {"full191test": {"acc": 0.30612244897959184}}, "step": 92}
Step:92	{"metric": {"full191test": {"UAR": 0.23254}}, "step": 92}
Step:92	{"metric": {"full191test": {"Macro_F1": 0.216988}}, "step": 92}
Step:92	{"metric": {"full191test": {"wa": 0.34886}}, "step": 92}
Step:93	{"metric": {"full191Training": {"acc": 0.21818181818181817}}, "step": 93}
Step:93	{"metric": {"full191test": {"acc": 0.2653061224489796}}, "step": 93}
Step:93	{"metric": {"full191test": {"UAR": 0.16804}}, "step": 93}
Step:93	{"metric": {"full191test": {"Macro_F1": 0.172501}}, "step": 93}
Step:93	{"metric": {"full191test": {"wa": 0.335807}}, "step": 93}
Step:94	{"metric": {"full191Training": {"acc": 0.32727272727272727}}, "step": 94}
Step:94	{"metric": {"full191test": {"acc": 0.2857142857142857}}, "step": 94}
Step:94	{"metric": {"full191test": {"UAR": 0.251465}}, "step": 94}
Step:94	{"metric": {"full191test": {"Macro_F1": 0.217489}}, "step": 94}
Step:94	{"metric": {"full191test": {"wa": 0.376941}}, "step": 94}
Step:95	{"metric": {"full191Training": {"acc": 0.2}}, "step": 95}
Step:95	{"metric": {"full191test": {"acc": 0.3469387755102041}}, "step": 95}
Step:95	{"metric": {"full191test": {"UAR": 0.221429}}, "step": 95}
Step:95	{"metric": {"full191test": {"Macro_F1": 0.223685}}, "step": 95}
Step:95	{"metric": {"full191test": {"wa": 0.464299}}, "step": 95}
Step:96	{"metric": {"full191Training": {"acc": 0.14545454545454545}}, "step": 96}
Step:96	{"metric": {"full191test": {"acc": 0.3469387755102041}}, "step": 96}
Step:96	{"metric": {"full191test": {"UAR": 0.298123}}, "step": 96}
Step:96	{"metric": {"full191test": {"Macro_F1": 0.271922}}, "step": 96}
Step:96	{"metric": {"full191test": {"wa": 0.484376}}, "step": 96}
Step:97	{"metric": {"full191Training": {"acc": 0.21818181818181817}}, "step": 97}
Step:97	{"metric": {"full191test": {"acc": 0.24489795918367346}}, "step": 97}
Step:97	{"metric": {"full191test": {"UAR": 0.194643}}, "step": 97}
Step:97	{"metric": {"full191test": {"Macro_F1": 0.176039}}, "step": 97}
Step:97	{"metric": {"full191test": {"wa": 0.371243}}, "step": 97}
Step:98	{"metric": {"full191Training": {"acc": 0.2909090909090909}}, "step": 98}
Step:98	{"metric": {"full191test": {"acc": 0.2653061224489796}}, "step": 98}
Step:98	{"metric": {"full191test": {"UAR": 0.321703}}, "step": 98}
Step:98	{"metric": {"full191test": {"Macro_F1": 0.305588}}, "step": 98}
Step:98	{"metric": {"full191test": {"wa": 0.412324}}, "step": 98}
Step:99	{"metric": {"full191Training": {"acc": 0.21818181818181817}}, "step": 99}
Step:99	{"metric": {"full191test": {"acc": 0.30612244897959184}}, "step": 99}
Step:99	{"metric": {"full191test": {"UAR": 0.246599}}, "step": 99}
Step:99	{"metric": {"full191test": {"Macro_F1": 0.217363}}, "step": 99}
Step:99	{"metric": {"full191test": {"wa": 0.556321}}, "step": 99}
Step:100	{"metric": {"full191Training": {"acc": 0.2909090909090909}}, "step": 100}
Step:100	{"metric": {"full191test": {"acc": 0.40816326530612246}}, "step": 100}
Step:100	{"metric": {"full191test": {"UAR": 0.31038}}, "step": 100}
Step:100	{"metric": {"full191test": {"Macro_F1": 0.303582}}, "step": 100}
Step:100	{"metric": {"full191test": {"wa": 0.547919}}, "step": 100}
Step:1	{"metric": {"zhongTraining": {"acc": 0.10909090909090909}}, "step": 1}
Step:1	{"metric": {"zhongtest": {"acc": 0.14285714285714285}}, "step": 1}
Step:1	{"metric": {"zhongtest": {"UAR": 0.058941}}, "step": 1}
Step:1	{"metric": {"zhongtest": {"Macro_F1": 0.082166}}, "step": 1}
Step:1	{"metric": {"zhongtest": {"wa": 0.327259}}, "step": 1}
Step:2	{"metric": {"zhongTraining": {"acc": 0.05454545454545454}}, "step": 2}
Step:2	{"metric": {"zhongtest": {"acc": 0.1836734693877551}}, "step": 2}
Step:2	{"metric": {"zhongtest": {"UAR": 0.085714}}, "step": 2}
Step:2	{"metric": {"zhongtest": {"Macro_F1": 0.101828}}, "step": 2}
Step:2	{"metric": {"zhongtest": {"wa": 0.403393}}, "step": 2}
Step:3	{"metric": {"zhongTraining": {"acc": 0.09090909090909091}}, "step": 3}
Step:3	{"metric": {"zhongtest": {"acc": 0.16326530612244897}}, "step": 3}
Step:3	{"metric": {"zhongtest": {"UAR": 0.083333}}, "step": 3}
Step:3	{"metric": {"zhongtest": {"Macro_F1": 0.093276}}, "step": 3}
Step:3	{"metric": {"zhongtest": {"wa": 0.394646}}, "step": 3}
Step:4	{"metric": {"zhongTraining": {"acc": 0.14545454545454545}}, "step": 4}
Step:4	{"metric": {"zhongtest": {"acc": 0.1836734693877551}}, "step": 4}
Step:4	{"metric": {"zhongtest": {"UAR": 0.105673}}, "step": 4}
Step:4	{"metric": {"zhongtest": {"Macro_F1": 0.11086}}, "step": 4}
Step:4	{"metric": {"zhongtest": {"wa": 0.389942}}, "step": 4}
Step:5	{"metric": {"zhongTraining": {"acc": 0.2}}, "step": 5}
Step:5	{"metric": {"zhongtest": {"acc": 0.1836734693877551}}, "step": 5}
Step:5	{"metric": {"zhongtest": {"UAR": 0.119959}}, "step": 5}
Step:5	{"metric": {"zhongtest": {"Macro_F1": 0.115189}}, "step": 5}
Step:5	{"metric": {"zhongtest": {"wa": 0.37828}}, "step": 5}
Step:6	{"metric": {"zhongTraining": {"acc": 0.2545454545454545}}, "step": 6}
Step:6	{"metric": {"zhongtest": {"acc": 0.22448979591836735}}, "step": 6}
Step:6	{"metric": {"zhongtest": {"UAR": 0.176871}}, "step": 6}
Step:6	{"metric": {"zhongtest": {"Macro_F1": 0.158009}}, "step": 6}
Step:6	{"metric": {"zhongtest": {"wa": 0.386562}}, "step": 6}
Step:7	{"metric": {"zhongTraining": {"acc": 0.38181818181818183}}, "step": 7}
Step:7	{"metric": {"zhongtest": {"acc": 0.22448979591836735}}, "step": 7}
Step:7	{"metric": {"zhongtest": {"UAR": 0.176871}}, "step": 7}
Step:7	{"metric": {"zhongtest": {"Macro_F1": 0.158009}}, "step": 7}
Step:7	{"metric": {"zhongtest": {"wa": 0.386562}}, "step": 7}
Step:8	{"metric": {"zhongTraining": {"acc": 0.4727272727272727}}, "step": 8}
Step:8	{"metric": {"zhongtest": {"acc": 0.24489795918367346}}, "step": 8}
Step:8	{"metric": {"zhongtest": {"UAR": 0.177579}}, "step": 8}
Step:8	{"metric": {"zhongtest": {"Macro_F1": 0.169595}}, "step": 8}
Step:8	{"metric": {"zhongtest": {"wa": 0.380732}}, "step": 8}
Step:9	{"metric": {"zhongTraining": {"acc": 0.5454545454545454}}, "step": 9}
Step:9	{"metric": {"zhongtest": {"acc": 0.2857142857142857}}, "step": 9}
Step:9	{"metric": {"zhongtest": {"UAR": 0.183726}}, "step": 9}
Step:9	{"metric": {"zhongtest": {"Macro_F1": 0.18836}}, "step": 9}
Step:9	{"metric": {"zhongtest": {"wa": 0.411609}}, "step": 9}
Step:10	{"metric": {"zhongTraining": {"acc": 0.6}}, "step": 10}
Step:10	{"metric": {"zhongtest": {"acc": 0.2653061224489796}}, "step": 10}
Step:10	{"metric": {"zhongtest": {"UAR": 0.155612}}, "step": 10}
Step:10	{"metric": {"zhongtest": {"Macro_F1": 0.16416}}, "step": 10}
Step:10	{"metric": {"zhongtest": {"wa": 0.40167}}, "step": 10}
Step:11	{"metric": {"zhongTraining": {"acc": 0.6727272727272727}}, "step": 11}
Step:11	{"metric": {"zhongtest": {"acc": 0.2857142857142857}}, "step": 11}
Step:11	{"metric": {"zhongtest": {"UAR": 0.160374}}, "step": 11}
Step:11	{"metric": {"zhongtest": {"Macro_F1": 0.17155}}, "step": 11}
Step:11	{"metric": {"zhongtest": {"wa": 0.43374}}, "step": 11}
Step:12	{"metric": {"zhongTraining": {"acc": 0.7272727272727273}}, "step": 12}
Step:12	{"metric": {"zhongtest": {"acc": 0.2857142857142857}}, "step": 12}
Step:12	{"metric": {"zhongtest": {"UAR": 0.153765}}, "step": 12}
Step:12	{"metric": {"zhongtest": {"Macro_F1": 0.169266}}, "step": 12}
Step:12	{"metric": {"zhongtest": {"wa": 0.441757}}, "step": 12}
Step:13	{"metric": {"zhongTraining": {"acc": 0.7636363636363637}}, "step": 13}
Step:13	{"metric": {"zhongtest": {"acc": 0.32653061224489793}}, "step": 13}
Step:13	{"metric": {"zhongtest": {"UAR": 0.16562}}, "step": 13}
Step:13	{"metric": {"zhongtest": {"Macro_F1": 0.182073}}, "step": 13}
Step:13	{"metric": {"zhongtest": {"wa": 0.529486}}, "step": 13}
Step:14	{"metric": {"zhongTraining": {"acc": 0.8363636363636363}}, "step": 14}
Step:14	{"metric": {"zhongtest": {"acc": 0.30612244897959184}}, "step": 14}
Step:14	{"metric": {"zhongtest": {"UAR": 0.153061}}, "step": 14}
Step:14	{"metric": {"zhongtest": {"Macro_F1": 0.164966}}, "step": 14}
Step:14	{"metric": {"zhongtest": {"wa": 0.467532}}, "step": 14}
Step:15	{"metric": {"zhongTraining": {"acc": 0.8545454545454545}}, "step": 15}
Step:15	{"metric": {"zhongtest": {"acc": 0.32653061224489793}}, "step": 15}
Step:15	{"metric": {"zhongtest": {"UAR": 0.183852}}, "step": 15}
Step:15	{"metric": {"zhongtest": {"Macro_F1": 0.186572}}, "step": 15}
Step:15	{"metric": {"zhongtest": {"wa": 0.503976}}, "step": 15}
Step:16	{"metric": {"zhongTraining": {"acc": 0.9090909090909091}}, "step": 16}
Step:16	{"metric": {"zhongtest": {"acc": 0.30612244897959184}}, "step": 16}
Step:16	{"metric": {"zhongtest": {"UAR": 0.164966}}, "step": 16}
Step:16	{"metric": {"zhongtest": {"Macro_F1": 0.171099}}, "step": 16}
Step:16	{"metric": {"zhongtest": {"wa": 0.486615}}, "step": 16}
Step:17	{"metric": {"zhongTraining": {"acc": 0.9454545454545454}}, "step": 17}
Step:17	{"metric": {"zhongtest": {"acc": 0.30612244897959184}}, "step": 17}
Step:17	{"metric": {"zhongtest": {"UAR": 0.164966}}, "step": 17}
Step:17	{"metric": {"zhongtest": {"Macro_F1": 0.171099}}, "step": 17}
Step:17	{"metric": {"zhongtest": {"wa": 0.486615}}, "step": 17}
Step:18	{"metric": {"zhongTraining": {"acc": 0.9454545454545454}}, "step": 18}
Step:18	{"metric": {"zhongtest": {"acc": 0.30612244897959184}}, "step": 18}
Step:18	{"metric": {"zhongtest": {"UAR": 0.164966}}, "step": 18}
Step:18	{"metric": {"zhongtest": {"Macro_F1": 0.171099}}, "step": 18}
Step:18	{"metric": {"zhongtest": {"wa": 0.486615}}, "step": 18}
Step:19	{"metric": {"zhongTraining": {"acc": 0.9454545454545454}}, "step": 19}
Step:19	{"metric": {"zhongtest": {"acc": 0.32653061224489793}}, "step": 19}
Step:19	{"metric": {"zhongtest": {"UAR": 0.175549}}, "step": 19}
Step:19	{"metric": {"zhongtest": {"Macro_F1": 0.186569}}, "step": 19}
Step:19	{"metric": {"zhongtest": {"wa": 0.483302}}, "step": 19}
Step:20	{"metric": {"zhongTraining": {"acc": 0.9818181818181818}}, "step": 20}
Step:20	{"metric": {"zhongtest": {"acc": 0.3469387755102041}}, "step": 20}
Step:20	{"metric": {"zhongtest": {"UAR": 0.322166}}, "step": 20}
Step:20	{"metric": {"zhongtest": {"Macro_F1": 0.22483}}, "step": 20}
Step:20	{"metric": {"zhongtest": {"wa": 0.471641}}, "step": 20}
Step:21	{"metric": {"zhongTraining": {"acc": 0.9818181818181818}}, "step": 21}
Step:21	{"metric": {"zhongtest": {"acc": 0.3469387755102041}}, "step": 21}
Step:21	{"metric": {"zhongtest": {"UAR": 0.322166}}, "step": 21}
Step:21	{"metric": {"zhongtest": {"Macro_F1": 0.22483}}, "step": 21}
Step:21	{"metric": {"zhongtest": {"wa": 0.471641}}, "step": 21}
Step:22	{"metric": {"zhongTraining": {"acc": 0.9818181818181818}}, "step": 22}
Step:22	{"metric": {"zhongtest": {"acc": 0.3469387755102041}}, "step": 22}
Step:22	{"metric": {"zhongtest": {"UAR": 0.322166}}, "step": 22}
Step:22	{"metric": {"zhongtest": {"Macro_F1": 0.22483}}, "step": 22}
Step:22	{"metric": {"zhongtest": {"wa": 0.471641}}, "step": 22}
Step:23	{"metric": {"zhongTraining": {"acc": 0.9818181818181818}}, "step": 23}
Step:23	{"metric": {"zhongtest": {"acc": 0.3469387755102041}}, "step": 23}
Step:23	{"metric": {"zhongtest": {"UAR": 0.322166}}, "step": 23}
Step:23	{"metric": {"zhongtest": {"Macro_F1": 0.22483}}, "step": 23}
Step:23	{"metric": {"zhongtest": {"wa": 0.471641}}, "step": 23}
Step:24	{"metric": {"zhongTraining": {"acc": 0.9818181818181818}}, "step": 24}
Step:24	{"metric": {"zhongtest": {"acc": 0.3469387755102041}}, "step": 24}
Step:24	{"metric": {"zhongtest": {"UAR": 0.322166}}, "step": 24}
Step:24	{"metric": {"zhongtest": {"Macro_F1": 0.22483}}, "step": 24}
Step:24	{"metric": {"zhongtest": {"wa": 0.471641}}, "step": 24}
Step:25	{"metric": {"zhongTraining": {"acc": 0.9818181818181818}}, "step": 25}
Step:25	{"metric": {"zhongtest": {"acc": 0.3469387755102041}}, "step": 25}
Step:25	{"metric": {"zhongtest": {"UAR": 0.322222}}, "step": 25}
Step:25	{"metric": {"zhongtest": {"Macro_F1": 0.227381}}, "step": 25}
Step:25	{"metric": {"zhongtest": {"wa": 0.452425}}, "step": 25}
Step:26	{"metric": {"zhongTraining": {"acc": 0.9818181818181818}}, "step": 26}
Step:26	{"metric": {"zhongtest": {"acc": 0.3673469387755102}}, "step": 26}
Step:26	{"metric": {"zhongtest": {"UAR": 0.356746}}, "step": 26}
Step:26	{"metric": {"zhongtest": {"Macro_F1": 0.258208}}, "step": 26}
Step:26	{"metric": {"zhongtest": {"wa": 0.467267}}, "step": 26}
Step:27	{"metric": {"zhongTraining": {"acc": 1.0}}, "step": 27}
Step:27	{"metric": {"zhongtest": {"acc": 0.3877551020408163}}, "step": 27}
Step:27	{"metric": {"zhongtest": {"UAR": 0.358911}}, "step": 27}
Step:27	{"metric": {"zhongtest": {"Macro_F1": 0.288367}}, "step": 27}
Step:27	{"metric": {"zhongtest": {"wa": 0.46581}}, "step": 27}
Step:28	{"metric": {"zhongTraining": {"acc": 1.0}}, "step": 28}
Step:28	{"metric": {"zhongtest": {"acc": 0.3877551020408163}}, "step": 28}
Step:28	{"metric": {"zhongtest": {"UAR": 0.358911}}, "step": 28}
Step:28	{"metric": {"zhongtest": {"Macro_F1": 0.288367}}, "step": 28}
Step:28	{"metric": {"zhongtest": {"wa": 0.46581}}, "step": 28}
Step:29	{"metric": {"zhongTraining": {"acc": 1.0}}, "step": 29}
Step:29	{"metric": {"zhongtest": {"acc": 0.3673469387755102}}, "step": 29}
Step:29	{"metric": {"zhongtest": {"UAR": 0.324387}}, "step": 29}
Step:29	{"metric": {"zhongtest": {"Macro_F1": 0.25754}}, "step": 29}
Step:29	{"metric": {"zhongtest": {"wa": 0.450967}}, "step": 29}
Step:30	{"metric": {"zhongTraining": {"acc": 1.0}}, "step": 30}
Step:30	{"metric": {"zhongtest": {"acc": 0.3673469387755102}}, "step": 30}
Step:30	{"metric": {"zhongtest": {"UAR": 0.281746}}, "step": 30}
Step:30	{"metric": {"zhongtest": {"Macro_F1": 0.250974}}, "step": 30}
Step:30	{"metric": {"zhongtest": {"wa": 0.464087}}, "step": 30}
Step:31	{"metric": {"zhongTraining": {"acc": 1.0}}, "step": 31}
Step:31	{"metric": {"zhongtest": {"acc": 0.3877551020408163}}, "step": 31}
Step:31	{"metric": {"zhongtest": {"UAR": 0.29798}}, "step": 31}
Step:31	{"metric": {"zhongtest": {"Macro_F1": 0.262662}}, "step": 31}
Step:31	{"metric": {"zhongtest": {"wa": 0.492711}}, "step": 31}
Step:32	{"metric": {"zhongTraining": {"acc": 1.0}}, "step": 32}
Step:32	{"metric": {"zhongtest": {"acc": 0.40816326530612246}}, "step": 32}
Step:32	{"metric": {"zhongtest": {"UAR": 0.30772}}, "step": 32}
Step:32	{"metric": {"zhongtest": {"Macro_F1": 0.275207}}, "step": 32}
Step:32	{"metric": {"zhongtest": {"wa": 0.512192}}, "step": 32}
Step:33	{"metric": {"zhongTraining": {"acc": 1.0}}, "step": 33}
Step:33	{"metric": {"zhongtest": {"acc": 0.40816326530612246}}, "step": 33}
Step:33	{"metric": {"zhongtest": {"UAR": 0.30772}}, "step": 33}
Step:33	{"metric": {"zhongtest": {"Macro_F1": 0.275207}}, "step": 33}
Step:33	{"metric": {"zhongtest": {"wa": 0.512192}}, "step": 33}
Step:34	{"metric": {"zhongTraining": {"acc": 1.0}}, "step": 34}
Step:34	{"metric": {"zhongtest": {"acc": 0.40816326530612246}}, "step": 34}
Step:34	{"metric": {"zhongtest": {"UAR": 0.30772}}, "step": 34}
Step:34	{"metric": {"zhongtest": {"Macro_F1": 0.275207}}, "step": 34}
Step:34	{"metric": {"zhongtest": {"wa": 0.512192}}, "step": 34}
Step:35	{"metric": {"zhongTraining": {"acc": 1.0}}, "step": 35}
Step:35	{"metric": {"zhongtest": {"acc": 0.40816326530612246}}, "step": 35}
Step:35	{"metric": {"zhongtest": {"UAR": 0.30772}}, "step": 35}
Step:35	{"metric": {"zhongtest": {"Macro_F1": 0.275207}}, "step": 35}
Step:35	{"metric": {"zhongtest": {"wa": 0.512192}}, "step": 35}
Step:36	{"metric": {"zhongTraining": {"acc": 1.0}}, "step": 36}
Step:36	{"metric": {"zhongtest": {"acc": 0.40816326530612246}}, "step": 36}
Step:36	{"metric": {"zhongtest": {"UAR": 0.30772}}, "step": 36}
Step:36	{"metric": {"zhongtest": {"Macro_F1": 0.275207}}, "step": 36}
Step:36	{"metric": {"zhongtest": {"wa": 0.512192}}, "step": 36}
Step:37	{"metric": {"zhongTraining": {"acc": 1.0}}, "step": 37}
Step:37	{"metric": {"zhongtest": {"acc": 0.40816326530612246}}, "step": 37}
Step:37	{"metric": {"zhongtest": {"UAR": 0.30772}}, "step": 37}
Step:37	{"metric": {"zhongtest": {"Macro_F1": 0.275207}}, "step": 37}
Step:37	{"metric": {"zhongtest": {"wa": 0.512192}}, "step": 37}
Step:38	{"metric": {"zhongTraining": {"acc": 1.0}}, "step": 38}
Step:38	{"metric": {"zhongtest": {"acc": 0.40816326530612246}}, "step": 38}
Step:38	{"metric": {"zhongtest": {"UAR": 0.30772}}, "step": 38}
Step:38	{"metric": {"zhongtest": {"Macro_F1": 0.275207}}, "step": 38}
Step:38	{"metric": {"zhongtest": {"wa": 0.512192}}, "step": 38}
Step:39	{"metric": {"zhongTraining": {"acc": 1.0}}, "step": 39}
Step:39	{"metric": {"zhongtest": {"acc": 0.42857142857142855}}, "step": 39}
Step:39	{"metric": {"zhongtest": {"UAR": 0.316473}}, "step": 39}
Step:39	{"metric": {"zhongtest": {"Macro_F1": 0.283983}}, "step": 39}
Step:39	{"metric": {"zhongtest": {"wa": 0.54519}}, "step": 39}
Step:40	{"metric": {"zhongTraining": {"acc": 1.0}}, "step": 40}
Step:40	{"metric": {"zhongtest": {"acc": 0.42857142857142855}}, "step": 40}
Step:40	{"metric": {"zhongtest": {"UAR": 0.316473}}, "step": 40}
Step:40	{"metric": {"zhongtest": {"Macro_F1": 0.283983}}, "step": 40}
Step:40	{"metric": {"zhongtest": {"wa": 0.54519}}, "step": 40}
Step:41	{"metric": {"zhongTraining": {"acc": 1.0}}, "step": 41}
Step:41	{"metric": {"zhongtest": {"acc": 0.4489795918367347}}, "step": 41}
Step:41	{"metric": {"zhongtest": {"UAR": 0.327561}}, "step": 41}
Step:41	{"metric": {"zhongtest": {"Macro_F1": 0.296558}}, "step": 41}
Step:41	{"metric": {"zhongtest": {"wa": 0.560694}}, "step": 41}
Step:42	{"metric": {"zhongTraining": {"acc": 1.0}}, "step": 42}
Step:42	{"metric": {"zhongtest": {"acc": 0.4489795918367347}}, "step": 42}
Step:42	{"metric": {"zhongtest": {"UAR": 0.327561}}, "step": 42}
Step:42	{"metric": {"zhongtest": {"Macro_F1": 0.296558}}, "step": 42}
Step:42	{"metric": {"zhongtest": {"wa": 0.560694}}, "step": 42}
Step:43	{"metric": {"zhongTraining": {"acc": 1.0}}, "step": 43}
Step:43	{"metric": {"zhongtest": {"acc": 0.4489795918367347}}, "step": 43}
Step:43	{"metric": {"zhongtest": {"UAR": 0.327561}}, "step": 43}
Step:43	{"metric": {"zhongtest": {"Macro_F1": 0.296558}}, "step": 43}
Step:43	{"metric": {"zhongtest": {"wa": 0.560694}}, "step": 43}
Step:44	{"metric": {"zhongTraining": {"acc": 1.0}}, "step": 44}
Step:44	{"metric": {"zhongtest": {"acc": 0.4489795918367347}}, "step": 44}
Step:44	{"metric": {"zhongtest": {"UAR": 0.327561}}, "step": 44}
Step:44	{"metric": {"zhongtest": {"Macro_F1": 0.296558}}, "step": 44}
Step:44	{"metric": {"zhongtest": {"wa": 0.560694}}, "step": 44}
Step:45	{"metric": {"zhongTraining": {"acc": 1.0}}, "step": 45}
Step:45	{"metric": {"zhongtest": {"acc": 0.4489795918367347}}, "step": 45}
Step:45	{"metric": {"zhongtest": {"UAR": 0.327561}}, "step": 45}
Step:45	{"metric": {"zhongtest": {"Macro_F1": 0.296558}}, "step": 45}
Step:45	{"metric": {"zhongtest": {"wa": 0.560694}}, "step": 45}
Step:46	{"metric": {"zhongTraining": {"acc": 1.0}}, "step": 46}
Step:46	{"metric": {"zhongtest": {"acc": 0.4489795918367347}}, "step": 46}
Step:46	{"metric": {"zhongtest": {"UAR": 0.327561}}, "step": 46}
Step:46	{"metric": {"zhongtest": {"Macro_F1": 0.296558}}, "step": 46}
Step:46	{"metric": {"zhongtest": {"wa": 0.560694}}, "step": 46}
Step:47	{"metric": {"zhongTraining": {"acc": 1.0}}, "step": 47}
Step:47	{"metric": {"zhongtest": {"acc": 0.4489795918367347}}, "step": 47}
Step:47	{"metric": {"zhongtest": {"UAR": 0.327561}}, "step": 47}
Step:47	{"metric": {"zhongtest": {"Macro_F1": 0.296558}}, "step": 47}
Step:47	{"metric": {"zhongtest": {"wa": 0.560694}}, "step": 47}
Step:48	{"metric": {"zhongTraining": {"acc": 1.0}}, "step": 48}
Step:48	{"metric": {"zhongtest": {"acc": 0.42857142857142855}}, "step": 48}
Step:48	{"metric": {"zhongtest": {"UAR": 0.312389}}, "step": 48}
Step:48	{"metric": {"zhongtest": {"Macro_F1": 0.287912}}, "step": 48}
Step:48	{"metric": {"zhongtest": {"wa": 0.522794}}, "step": 48}
Step:49	{"metric": {"zhongTraining": {"acc": 1.0}}, "step": 49}
Step:49	{"metric": {"zhongtest": {"acc": 0.42857142857142855}}, "step": 49}
Step:49	{"metric": {"zhongtest": {"UAR": 0.312389}}, "step": 49}
Step:49	{"metric": {"zhongtest": {"Macro_F1": 0.287912}}, "step": 49}
Step:49	{"metric": {"zhongtest": {"wa": 0.522794}}, "step": 49}
Step:50	{"metric": {"zhongTraining": {"acc": 1.0}}, "step": 50}
Step:50	{"metric": {"zhongtest": {"acc": 0.42857142857142855}}, "step": 50}
Step:50	{"metric": {"zhongtest": {"UAR": 0.312389}}, "step": 50}
Step:50	{"metric": {"zhongtest": {"Macro_F1": 0.287912}}, "step": 50}
Step:50	{"metric": {"zhongtest": {"wa": 0.522794}}, "step": 50}
Step:51	{"metric": {"zhongTraining": {"acc": 1.0}}, "step": 51}
Step:51	{"metric": {"zhongtest": {"acc": 0.42857142857142855}}, "step": 51}
Step:51	{"metric": {"zhongtest": {"UAR": 0.312389}}, "step": 51}
Step:51	{"metric": {"zhongtest": {"Macro_F1": 0.287912}}, "step": 51}
Step:51	{"metric": {"zhongtest": {"wa": 0.522794}}, "step": 51}
Step:52	{"metric": {"zhongTraining": {"acc": 1.0}}, "step": 52}
Step:52	{"metric": {"zhongtest": {"acc": 0.42857142857142855}}, "step": 52}
Step:52	{"metric": {"zhongtest": {"UAR": 0.312389}}, "step": 52}
Step:52	{"metric": {"zhongtest": {"Macro_F1": 0.287912}}, "step": 52}
Step:52	{"metric": {"zhongtest": {"wa": 0.522794}}, "step": 52}
Step:53	{"metric": {"zhongTraining": {"acc": 1.0}}, "step": 53}
Step:53	{"metric": {"zhongtest": {"acc": 0.4489795918367347}}, "step": 53}
Step:53	{"metric": {"zhongtest": {"UAR": 0.340311}}, "step": 53}
Step:53	{"metric": {"zhongtest": {"Macro_F1": 0.312945}}, "step": 53}
Step:53	{"metric": {"zhongtest": {"wa": 0.529155}}, "step": 53}
Step:54	{"metric": {"zhongTraining": {"acc": 1.0}}, "step": 54}
Step:54	{"metric": {"zhongtest": {"acc": 0.4489795918367347}}, "step": 54}
Step:54	{"metric": {"zhongtest": {"UAR": 0.340311}}, "step": 54}
Step:54	{"metric": {"zhongtest": {"Macro_F1": 0.312945}}, "step": 54}
Step:54	{"metric": {"zhongtest": {"wa": 0.529155}}, "step": 54}
Step:55	{"metric": {"zhongTraining": {"acc": 1.0}}, "step": 55}
Step:55	{"metric": {"zhongtest": {"acc": 0.4489795918367347}}, "step": 55}
Step:55	{"metric": {"zhongtest": {"UAR": 0.340311}}, "step": 55}
Step:55	{"metric": {"zhongtest": {"Macro_F1": 0.312945}}, "step": 55}
Step:55	{"metric": {"zhongtest": {"wa": 0.529155}}, "step": 55}
Step:56	{"metric": {"zhongTraining": {"acc": 1.0}}, "step": 56}
Step:56	{"metric": {"zhongtest": {"acc": 0.4489795918367347}}, "step": 56}
Step:56	{"metric": {"zhongtest": {"UAR": 0.340311}}, "step": 56}
Step:56	{"metric": {"zhongtest": {"Macro_F1": 0.312945}}, "step": 56}
Step:56	{"metric": {"zhongtest": {"wa": 0.529155}}, "step": 56}
Step:57	{"metric": {"zhongTraining": {"acc": 1.0}}, "step": 57}
Step:57	{"metric": {"zhongtest": {"acc": 0.4489795918367347}}, "step": 57}
Step:57	{"metric": {"zhongtest": {"UAR": 0.340311}}, "step": 57}
Step:57	{"metric": {"zhongtest": {"Macro_F1": 0.312945}}, "step": 57}
Step:57	{"metric": {"zhongtest": {"wa": 0.529155}}, "step": 57}
Step:58	{"metric": {"zhongTraining": {"acc": 1.0}}, "step": 58}
Step:58	{"metric": {"zhongtest": {"acc": 0.4489795918367347}}, "step": 58}
Step:58	{"metric": {"zhongtest": {"UAR": 0.340311}}, "step": 58}
Step:58	{"metric": {"zhongtest": {"Macro_F1": 0.312945}}, "step": 58}
Step:58	{"metric": {"zhongtest": {"wa": 0.529155}}, "step": 58}
Step:59	{"metric": {"zhongTraining": {"acc": 1.0}}, "step": 59}
Step:59	{"metric": {"zhongtest": {"acc": 0.4489795918367347}}, "step": 59}
Step:59	{"metric": {"zhongtest": {"UAR": 0.340311}}, "step": 59}
Step:59	{"metric": {"zhongtest": {"Macro_F1": 0.312945}}, "step": 59}
Step:59	{"metric": {"zhongtest": {"wa": 0.529155}}, "step": 59}
Step:60	{"metric": {"zhongTraining": {"acc": 1.0}}, "step": 60}
Step:60	{"metric": {"zhongtest": {"acc": 0.4489795918367347}}, "step": 60}
Step:60	{"metric": {"zhongtest": {"UAR": 0.340311}}, "step": 60}
Step:60	{"metric": {"zhongtest": {"Macro_F1": 0.312945}}, "step": 60}
Step:60	{"metric": {"zhongtest": {"wa": 0.529155}}, "step": 60}
Step:61	{"metric": {"zhongTraining": {"acc": 1.0}}, "step": 61}
Step:61	{"metric": {"zhongtest": {"acc": 0.4489795918367347}}, "step": 61}
Step:61	{"metric": {"zhongtest": {"UAR": 0.340311}}, "step": 61}
Step:61	{"metric": {"zhongtest": {"Macro_F1": 0.312945}}, "step": 61}
Step:61	{"metric": {"zhongtest": {"wa": 0.529155}}, "step": 61}
Step:62	{"metric": {"zhongTraining": {"acc": 1.0}}, "step": 62}
Step:62	{"metric": {"zhongtest": {"acc": 0.4489795918367347}}, "step": 62}
Step:62	{"metric": {"zhongtest": {"UAR": 0.340311}}, "step": 62}
Step:62	{"metric": {"zhongtest": {"Macro_F1": 0.312945}}, "step": 62}
Step:62	{"metric": {"zhongtest": {"wa": 0.529155}}, "step": 62}
Step:63	{"metric": {"zhongTraining": {"acc": 1.0}}, "step": 63}
Step:63	{"metric": {"zhongtest": {"acc": 0.4489795918367347}}, "step": 63}
Step:63	{"metric": {"zhongtest": {"UAR": 0.340311}}, "step": 63}
Step:63	{"metric": {"zhongtest": {"Macro_F1": 0.312945}}, "step": 63}
Step:63	{"metric": {"zhongtest": {"wa": 0.529155}}, "step": 63}
Step:64	{"metric": {"zhongTraining": {"acc": 1.0}}, "step": 64}
Step:64	{"metric": {"zhongtest": {"acc": 0.4489795918367347}}, "step": 64}
Step:64	{"metric": {"zhongtest": {"UAR": 0.340311}}, "step": 64}
Step:64	{"metric": {"zhongtest": {"Macro_F1": 0.312945}}, "step": 64}
Step:64	{"metric": {"zhongtest": {"wa": 0.529155}}, "step": 64}
Step:65	{"metric": {"zhongTraining": {"acc": 1.0}}, "step": 65}
Step:65	{"metric": {"zhongtest": {"acc": 0.4489795918367347}}, "step": 65}
Step:65	{"metric": {"zhongtest": {"UAR": 0.340311}}, "step": 65}
Step:65	{"metric": {"zhongtest": {"Macro_F1": 0.312945}}, "step": 65}
Step:65	{"metric": {"zhongtest": {"wa": 0.529155}}, "step": 65}
Step:66	{"metric": {"zhongTraining": {"acc": 1.0}}, "step": 66}
Step:66	{"metric": {"zhongtest": {"acc": 0.4489795918367347}}, "step": 66}
Step:66	{"metric": {"zhongtest": {"UAR": 0.340311}}, "step": 66}
Step:66	{"metric": {"zhongtest": {"Macro_F1": 0.312945}}, "step": 66}
Step:66	{"metric": {"zhongtest": {"wa": 0.529155}}, "step": 66}
Step:67	{"metric": {"zhongTraining": {"acc": 1.0}}, "step": 67}
Step:67	{"metric": {"zhongtest": {"acc": 0.4489795918367347}}, "step": 67}
Step:67	{"metric": {"zhongtest": {"UAR": 0.340311}}, "step": 67}
Step:67	{"metric": {"zhongtest": {"Macro_F1": 0.312945}}, "step": 67}
Step:67	{"metric": {"zhongtest": {"wa": 0.529155}}, "step": 67}
Step:68	{"metric": {"zhongTraining": {"acc": 1.0}}, "step": 68}
Step:68	{"metric": {"zhongtest": {"acc": 0.4489795918367347}}, "step": 68}
Step:68	{"metric": {"zhongtest": {"UAR": 0.340311}}, "step": 68}
Step:68	{"metric": {"zhongtest": {"Macro_F1": 0.312945}}, "step": 68}
Step:68	{"metric": {"zhongtest": {"wa": 0.529155}}, "step": 68}
Step:69	{"metric": {"zhongTraining": {"acc": 1.0}}, "step": 69}
Step:69	{"metric": {"zhongtest": {"acc": 0.4489795918367347}}, "step": 69}
Step:69	{"metric": {"zhongtest": {"UAR": 0.340311}}, "step": 69}
Step:69	{"metric": {"zhongtest": {"Macro_F1": 0.312945}}, "step": 69}
Step:69	{"metric": {"zhongtest": {"wa": 0.529155}}, "step": 69}
Step:70	{"metric": {"zhongTraining": {"acc": 1.0}}, "step": 70}
Step:70	{"metric": {"zhongtest": {"acc": 0.4489795918367347}}, "step": 70}
Step:70	{"metric": {"zhongtest": {"UAR": 0.340311}}, "step": 70}
Step:70	{"metric": {"zhongtest": {"Macro_F1": 0.312945}}, "step": 70}
Step:70	{"metric": {"zhongtest": {"wa": 0.529155}}, "step": 70}
Step:71	{"metric": {"zhongTraining": {"acc": 1.0}}, "step": 71}
Step:71	{"metric": {"zhongtest": {"acc": 0.4489795918367347}}, "step": 71}
Step:71	{"metric": {"zhongtest": {"UAR": 0.340311}}, "step": 71}
Step:71	{"metric": {"zhongtest": {"Macro_F1": 0.312945}}, "step": 71}
Step:71	{"metric": {"zhongtest": {"wa": 0.529155}}, "step": 71}
Step:72	{"metric": {"zhongTraining": {"acc": 1.0}}, "step": 72}
Step:72	{"metric": {"zhongtest": {"acc": 0.4489795918367347}}, "step": 72}
Step:72	{"metric": {"zhongtest": {"UAR": 0.340311}}, "step": 72}
Step:72	{"metric": {"zhongtest": {"Macro_F1": 0.312945}}, "step": 72}
Step:72	{"metric": {"zhongtest": {"wa": 0.529155}}, "step": 72}
Step:73	{"metric": {"zhongTraining": {"acc": 1.0}}, "step": 73}
Step:73	{"metric": {"zhongtest": {"acc": 0.4489795918367347}}, "step": 73}
Step:73	{"metric": {"zhongtest": {"UAR": 0.340311}}, "step": 73}
Step:73	{"metric": {"zhongtest": {"Macro_F1": 0.312945}}, "step": 73}
Step:73	{"metric": {"zhongtest": {"wa": 0.529155}}, "step": 73}
Step:74	{"metric": {"zhongTraining": {"acc": 1.0}}, "step": 74}
Step:74	{"metric": {"zhongtest": {"acc": 0.4489795918367347}}, "step": 74}
Step:74	{"metric": {"zhongtest": {"UAR": 0.340311}}, "step": 74}
Step:74	{"metric": {"zhongtest": {"Macro_F1": 0.312945}}, "step": 74}
Step:74	{"metric": {"zhongtest": {"wa": 0.529155}}, "step": 74}
Step:75	{"metric": {"zhongTraining": {"acc": 1.0}}, "step": 75}
Step:75	{"metric": {"zhongtest": {"acc": 0.4489795918367347}}, "step": 75}
Step:75	{"metric": {"zhongtest": {"UAR": 0.340311}}, "step": 75}
Step:75	{"metric": {"zhongtest": {"Macro_F1": 0.312945}}, "step": 75}
Step:75	{"metric": {"zhongtest": {"wa": 0.529155}}, "step": 75}
Step:76	{"metric": {"zhongTraining": {"acc": 1.0}}, "step": 76}
Step:76	{"metric": {"zhongtest": {"acc": 0.4489795918367347}}, "step": 76}
Step:76	{"metric": {"zhongtest": {"UAR": 0.340311}}, "step": 76}
Step:76	{"metric": {"zhongtest": {"Macro_F1": 0.312945}}, "step": 76}
Step:76	{"metric": {"zhongtest": {"wa": 0.529155}}, "step": 76}
Step:77	{"metric": {"zhongTraining": {"acc": 1.0}}, "step": 77}
Step:77	{"metric": {"zhongtest": {"acc": 0.4489795918367347}}, "step": 77}
Step:77	{"metric": {"zhongtest": {"UAR": 0.340311}}, "step": 77}
Step:77	{"metric": {"zhongtest": {"Macro_F1": 0.312945}}, "step": 77}
Step:77	{"metric": {"zhongtest": {"wa": 0.529155}}, "step": 77}
Step:78	{"metric": {"zhongTraining": {"acc": 1.0}}, "step": 78}
Step:78	{"metric": {"zhongtest": {"acc": 0.46938775510204084}}, "step": 78}
Step:78	{"metric": {"zhongtest": {"UAR": 0.390527}}, "step": 78}
Step:78	{"metric": {"zhongtest": {"Macro_F1": 0.35138}}, "step": 78}
Step:78	{"metric": {"zhongtest": {"wa": 0.531195}}, "step": 78}
Step:79	{"metric": {"zhongTraining": {"acc": 1.0}}, "step": 79}
Step:79	{"metric": {"zhongtest": {"acc": 0.4897959183673469}}, "step": 79}
Step:79	{"metric": {"zhongtest": {"UAR": 0.399113}}, "step": 79}
Step:79	{"metric": {"zhongtest": {"Macro_F1": 0.363555}}, "step": 79}
Step:79	{"metric": {"zhongtest": {"wa": 0.554386}}, "step": 79}
Step:80	{"metric": {"zhongTraining": {"acc": 1.0}}, "step": 80}
Step:80	{"metric": {"zhongtest": {"acc": 0.4897959183673469}}, "step": 80}
Step:80	{"metric": {"zhongtest": {"UAR": 0.399113}}, "step": 80}
Step:80	{"metric": {"zhongtest": {"Macro_F1": 0.363555}}, "step": 80}
Step:80	{"metric": {"zhongtest": {"wa": 0.554386}}, "step": 80}
Step:81	{"metric": {"zhongTraining": {"acc": 1.0}}, "step": 81}
Step:81	{"metric": {"zhongtest": {"acc": 0.4897959183673469}}, "step": 81}
Step:81	{"metric": {"zhongtest": {"UAR": 0.399113}}, "step": 81}
Step:81	{"metric": {"zhongtest": {"Macro_F1": 0.363555}}, "step": 81}
Step:81	{"metric": {"zhongtest": {"wa": 0.554386}}, "step": 81}
Step:82	{"metric": {"zhongTraining": {"acc": 1.0}}, "step": 82}
Step:82	{"metric": {"zhongtest": {"acc": 0.5102040816326531}}, "step": 82}
Step:82	{"metric": {"zhongtest": {"UAR": 0.41627}}, "step": 82}
Step:82	{"metric": {"zhongtest": {"Macro_F1": 0.387406}}, "step": 82}
Step:82	{"metric": {"zhongtest": {"wa": 0.557302}}, "step": 82}
Step:83	{"metric": {"zhongTraining": {"acc": 1.0}}, "step": 83}
Step:83	{"metric": {"zhongtest": {"acc": 0.5102040816326531}}, "step": 83}
Step:83	{"metric": {"zhongtest": {"UAR": 0.41627}}, "step": 83}
Step:83	{"metric": {"zhongtest": {"Macro_F1": 0.387406}}, "step": 83}
Step:83	{"metric": {"zhongtest": {"wa": 0.557302}}, "step": 83}
Step:84	{"metric": {"zhongTraining": {"acc": 1.0}}, "step": 84}
Step:84	{"metric": {"zhongtest": {"acc": 0.5102040816326531}}, "step": 84}
Step:84	{"metric": {"zhongtest": {"UAR": 0.41627}}, "step": 84}
Step:84	{"metric": {"zhongtest": {"Macro_F1": 0.387406}}, "step": 84}
Step:84	{"metric": {"zhongtest": {"wa": 0.557302}}, "step": 84}
Step:85	{"metric": {"zhongTraining": {"acc": 1.0}}, "step": 85}
Step:85	{"metric": {"zhongtest": {"acc": 0.5102040816326531}}, "step": 85}
Step:85	{"metric": {"zhongtest": {"UAR": 0.41627}}, "step": 85}
Step:85	{"metric": {"zhongtest": {"Macro_F1": 0.387406}}, "step": 85}
Step:85	{"metric": {"zhongtest": {"wa": 0.557302}}, "step": 85}
Step:86	{"metric": {"zhongTraining": {"acc": 1.0}}, "step": 86}
Step:86	{"metric": {"zhongtest": {"acc": 0.5102040816326531}}, "step": 86}
Step:86	{"metric": {"zhongtest": {"UAR": 0.41627}}, "step": 86}
Step:86	{"metric": {"zhongtest": {"Macro_F1": 0.387406}}, "step": 86}
Step:86	{"metric": {"zhongtest": {"wa": 0.557302}}, "step": 86}
Step:87	{"metric": {"zhongTraining": {"acc": 1.0}}, "step": 87}
Step:87	{"metric": {"zhongtest": {"acc": 0.5102040816326531}}, "step": 87}
Step:87	{"metric": {"zhongtest": {"UAR": 0.408333}}, "step": 87}
Step:87	{"metric": {"zhongtest": {"Macro_F1": 0.387101}}, "step": 87}
Step:87	{"metric": {"zhongtest": {"wa": 0.551179}}, "step": 87}
Step:88	{"metric": {"zhongTraining": {"acc": 1.0}}, "step": 88}
Step:88	{"metric": {"zhongtest": {"acc": 0.5102040816326531}}, "step": 88}
Step:88	{"metric": {"zhongtest": {"UAR": 0.408333}}, "step": 88}
Step:88	{"metric": {"zhongtest": {"Macro_F1": 0.387101}}, "step": 88}
Step:88	{"metric": {"zhongtest": {"wa": 0.551179}}, "step": 88}
Step:89	{"metric": {"zhongTraining": {"acc": 1.0}}, "step": 89}
Step:89	{"metric": {"zhongtest": {"acc": 0.5102040816326531}}, "step": 89}
Step:89	{"metric": {"zhongtest": {"UAR": 0.408333}}, "step": 89}
Step:89	{"metric": {"zhongtest": {"Macro_F1": 0.387101}}, "step": 89}
Step:89	{"metric": {"zhongtest": {"wa": 0.551179}}, "step": 89}
Step:90	{"metric": {"zhongTraining": {"acc": 1.0}}, "step": 90}
Step:90	{"metric": {"zhongtest": {"acc": 0.5102040816326531}}, "step": 90}
Step:90	{"metric": {"zhongtest": {"UAR": 0.408333}}, "step": 90}
Step:90	{"metric": {"zhongtest": {"Macro_F1": 0.387101}}, "step": 90}
Step:90	{"metric": {"zhongtest": {"wa": 0.551179}}, "step": 90}
Step:91	{"metric": {"zhongTraining": {"acc": 1.0}}, "step": 91}
Step:91	{"metric": {"zhongtest": {"acc": 0.5102040816326531}}, "step": 91}
Step:91	{"metric": {"zhongtest": {"UAR": 0.408333}}, "step": 91}
Step:91	{"metric": {"zhongtest": {"Macro_F1": 0.387101}}, "step": 91}
Step:91	{"metric": {"zhongtest": {"wa": 0.551179}}, "step": 91}
Step:92	{"metric": {"zhongTraining": {"acc": 1.0}}, "step": 92}
Step:92	{"metric": {"zhongtest": {"acc": 0.5102040816326531}}, "step": 92}
Step:92	{"metric": {"zhongtest": {"UAR": 0.408333}}, "step": 92}
Step:92	{"metric": {"zhongtest": {"Macro_F1": 0.387101}}, "step": 92}
Step:92	{"metric": {"zhongtest": {"wa": 0.551179}}, "step": 92}
Step:93	{"metric": {"zhongTraining": {"acc": 1.0}}, "step": 93}
Step:93	{"metric": {"zhongtest": {"acc": 0.5102040816326531}}, "step": 93}
Step:93	{"metric": {"zhongtest": {"UAR": 0.408333}}, "step": 93}
Step:93	{"metric": {"zhongtest": {"Macro_F1": 0.387101}}, "step": 93}
Step:93	{"metric": {"zhongtest": {"wa": 0.551179}}, "step": 93}
Step:94	{"metric": {"zhongTraining": {"acc": 1.0}}, "step": 94}
Step:94	{"metric": {"zhongtest": {"acc": 0.5102040816326531}}, "step": 94}
Step:94	{"metric": {"zhongtest": {"UAR": 0.408333}}, "step": 94}
Step:94	{"metric": {"zhongtest": {"Macro_F1": 0.387101}}, "step": 94}
Step:94	{"metric": {"zhongtest": {"wa": 0.551179}}, "step": 94}
Step:95	{"metric": {"zhongTraining": {"acc": 1.0}}, "step": 95}
Step:95	{"metric": {"zhongtest": {"acc": 0.5102040816326531}}, "step": 95}
Step:95	{"metric": {"zhongtest": {"UAR": 0.408333}}, "step": 95}
Step:95	{"metric": {"zhongtest": {"Macro_F1": 0.387101}}, "step": 95}
Step:95	{"metric": {"zhongtest": {"wa": 0.551179}}, "step": 95}
Step:96	{"metric": {"zhongTraining": {"acc": 1.0}}, "step": 96}
Step:96	{"metric": {"zhongtest": {"acc": 0.5102040816326531}}, "step": 96}
Step:96	{"metric": {"zhongtest": {"UAR": 0.408333}}, "step": 96}
Step:96	{"metric": {"zhongtest": {"Macro_F1": 0.387101}}, "step": 96}
Step:96	{"metric": {"zhongtest": {"wa": 0.551179}}, "step": 96}
Step:97	{"metric": {"zhongTraining": {"acc": 1.0}}, "step": 97}
Step:97	{"metric": {"zhongtest": {"acc": 0.5102040816326531}}, "step": 97}
Step:97	{"metric": {"zhongtest": {"UAR": 0.408333}}, "step": 97}
Step:97	{"metric": {"zhongtest": {"Macro_F1": 0.387101}}, "step": 97}
Step:97	{"metric": {"zhongtest": {"wa": 0.551179}}, "step": 97}
Step:98	{"metric": {"zhongTraining": {"acc": 1.0}}, "step": 98}
Step:98	{"metric": {"zhongtest": {"acc": 0.5102040816326531}}, "step": 98}
Step:98	{"metric": {"zhongtest": {"UAR": 0.408333}}, "step": 98}
Step:98	{"metric": {"zhongtest": {"Macro_F1": 0.387101}}, "step": 98}
Step:98	{"metric": {"zhongtest": {"wa": 0.551179}}, "step": 98}
Step:99	{"metric": {"zhongTraining": {"acc": 1.0}}, "step": 99}
Step:99	{"metric": {"zhongtest": {"acc": 0.5102040816326531}}, "step": 99}
Step:99	{"metric": {"zhongtest": {"UAR": 0.408333}}, "step": 99}
Step:99	{"metric": {"zhongtest": {"Macro_F1": 0.387101}}, "step": 99}
Step:99	{"metric": {"zhongtest": {"wa": 0.551179}}, "step": 99}
Step:100	{"metric": {"zhongTraining": {"acc": 1.0}}, "step": 100}
Step:100	{"metric": {"zhongtest": {"acc": 0.5102040816326531}}, "step": 100}
Step:100	{"metric": {"zhongtest": {"UAR": 0.408333}}, "step": 100}
Step:100	{"metric": {"zhongtest": {"Macro_F1": 0.387101}}, "step": 100}
Step:100	{"metric": {"zhongtest": {"wa": 0.551179}}, "step": 100}
