Step:1	{"metric": {"full19train": {"acc": 0.14018691588785046}}, "step": 1}
Step:1	{"metric": {"full19test": {"acc": 0.12149532710280374}}, "step": 1}
Step:1	{"metric": {"full19test": {"UAR": 0.117033}}, "step": 1}
Step:1	{"metric": {"full19test": {"Macro_F1": 0.119265}}, "step": 1}
Step:1	{"metric": {"full19test": {"wa": 0.14158}}, "step": 1}
Step:2	{"metric": {"full19train": {"acc": 0.15654205607476634}}, "step": 2}
Step:2	{"metric": {"full19test": {"acc": 0.11214953271028037}}, "step": 2}
Step:2	{"metric": {"full19test": {"UAR": 0.118014}}, "step": 2}
Step:2	{"metric": {"full19test": {"Macro_F1": 0.107946}}, "step": 2}
Step:2	{"metric": {"full19test": {"wa": 0.108055}}, "step": 2}
Step:3	{"metric": {"full19train": {"acc": 0.16121495327102803}}, "step": 3}
Step:3	{"metric": {"full19test": {"acc": 0.17757009345794392}}, "step": 3}
Step:3	{"metric": {"full19test": {"UAR": 0.160939}}, "step": 3}
Step:3	{"metric": {"full19test": {"Macro_F1": 0.154681}}, "step": 3}
Step:3	{"metric": {"full19test": {"wa": 0.179383}}, "step": 3}
Step:4	{"metric": {"full19train": {"acc": 0.15654205607476634}}, "step": 4}
Step:4	{"metric": {"full19test": {"acc": 0.1588785046728972}}, "step": 4}
Step:4	{"metric": {"full19test": {"UAR": 0.120408}}, "step": 4}
Step:4	{"metric": {"full19test": {"Macro_F1": 0.127302}}, "step": 4}
Step:4	{"metric": {"full19test": {"wa": 0.195758}}, "step": 4}
Step:5	{"metric": {"full19train": {"acc": 0.18691588785046728}}, "step": 5}
Step:5	{"metric": {"full19test": {"acc": 0.24299065420560748}}, "step": 5}
Step:5	{"metric": {"full19test": {"UAR": 0.235051}}, "step": 5}
Step:5	{"metric": {"full19test": {"Macro_F1": 0.172304}}, "step": 5}
Step:5	{"metric": {"full19test": {"wa": 0.364169}}, "step": 5}
Step:6	{"metric": {"full19train": {"acc": 0.21261682242990654}}, "step": 6}
Step:6	{"metric": {"full19test": {"acc": 0.24299065420560748}}, "step": 6}
Step:6	{"metric": {"full19test": {"UAR": 0.132104}}, "step": 6}
Step:6	{"metric": {"full19test": {"Macro_F1": 0.142503}}, "step": 6}
Step:6	{"metric": {"full19test": {"wa": 0.455729}}, "step": 6}
Step:7	{"metric": {"full19train": {"acc": 0.2266355140186916}}, "step": 7}
Step:7	{"metric": {"full19test": {"acc": 0.2616822429906542}}, "step": 7}
Step:7	{"metric": {"full19test": {"UAR": 0.217137}}, "step": 7}
Step:7	{"metric": {"full19test": {"Macro_F1": 0.146339}}, "step": 7}
Step:7	{"metric": {"full19test": {"wa": 0.553527}}, "step": 7}
Step:8	{"metric": {"full19train": {"acc": 0.23598130841121495}}, "step": 8}
Step:8	{"metric": {"full19test": {"acc": 0.29906542056074764}}, "step": 8}
Step:8	{"metric": {"full19test": {"UAR": 0.175798}}, "step": 8}
Step:8	{"metric": {"full19test": {"Macro_F1": 0.172585}}, "step": 8}
Step:8	{"metric": {"full19test": {"wa": 0.679128}}, "step": 8}
Step:9	{"metric": {"full19train": {"acc": 0.26635514018691586}}, "step": 9}
Step:9	{"metric": {"full19test": {"acc": 0.2897196261682243}}, "step": 9}
Step:9	{"metric": {"full19test": {"UAR": 0.186755}}, "step": 9}
Step:9	{"metric": {"full19test": {"Macro_F1": 0.135801}}, "step": 9}
Step:9	{"metric": {"full19test": {"wa": 0.821945}}, "step": 9}
Step:10	{"metric": {"full19train": {"acc": 0.27102803738317754}}, "step": 10}
Step:10	{"metric": {"full19test": {"acc": 0.308411214953271}}, "step": 10}
Step:10	{"metric": {"full19test": {"UAR": 0.136587}}, "step": 10}
Step:10	{"metric": {"full19test": {"Macro_F1": 0.138149}}, "step": 10}
Step:10	{"metric": {"full19test": {"wa": 0.792039}}, "step": 10}
Step:11	{"metric": {"full19train": {"acc": 0.3107476635514019}}, "step": 11}
Step:11	{"metric": {"full19test": {"acc": 0.308411214953271}}, "step": 11}
Step:11	{"metric": {"full19test": {"UAR": 0.09831}}, "step": 11}
Step:11	{"metric": {"full19test": {"Macro_F1": 0.125241}}, "step": 11}
Step:11	{"metric": {"full19test": {"wa": 0.702492}}, "step": 11}
Step:12	{"metric": {"full19train": {"acc": 0.35514018691588783}}, "step": 12}
Step:12	{"metric": {"full19test": {"acc": 0.3644859813084112}}, "step": 12}
Step:12	{"metric": {"full19test": {"UAR": 0.139056}}, "step": 12}
Step:12	{"metric": {"full19test": {"Macro_F1": 0.174587}}, "step": 12}
Step:12	{"metric": {"full19test": {"wa": 0.729595}}, "step": 12}
Step:13	{"metric": {"full19train": {"acc": 0.352803738317757}}, "step": 13}
Step:13	{"metric": {"full19test": {"acc": 0.411214953271028}}, "step": 13}
Step:13	{"metric": {"full19test": {"UAR": 0.303822}}, "step": 13}
Step:13	{"metric": {"full19test": {"Macro_F1": 0.22163}}, "step": 13}
Step:13	{"metric": {"full19test": {"wa": 0.703319}}, "step": 13}
Step:14	{"metric": {"full19train": {"acc": 0.37383177570093457}}, "step": 14}
Step:14	{"metric": {"full19test": {"acc": 0.42990654205607476}}, "step": 14}
Step:14	{"metric": {"full19test": {"UAR": 0.290208}}, "step": 14}
Step:14	{"metric": {"full19test": {"Macro_F1": 0.273247}}, "step": 14}
Step:14	{"metric": {"full19test": {"wa": 0.644328}}, "step": 14}
Step:15	{"metric": {"full19train": {"acc": 0.3901869158878505}}, "step": 15}
Step:15	{"metric": {"full19test": {"acc": 0.45794392523364486}}, "step": 15}
Step:15	{"metric": {"full19test": {"UAR": 0.326891}}, "step": 15}
Step:15	{"metric": {"full19test": {"Macro_F1": 0.321061}}, "step": 15}
Step:15	{"metric": {"full19test": {"wa": 0.630344}}, "step": 15}
Step:16	{"metric": {"full19train": {"acc": 0.441588785046729}}, "step": 16}
Step:16	{"metric": {"full19test": {"acc": 0.4766355140186916}}, "step": 16}
Step:16	{"metric": {"full19test": {"UAR": 0.317248}}, "step": 16}
Step:16	{"metric": {"full19test": {"Macro_F1": 0.321234}}, "step": 16}
Step:16	{"metric": {"full19test": {"wa": 0.637141}}, "step": 16}
Step:17	{"metric": {"full19train": {"acc": 0.4322429906542056}}, "step": 17}
Step:17	{"metric": {"full19test": {"acc": 0.4953271028037383}}, "step": 17}
Step:17	{"metric": {"full19test": {"UAR": 0.360454}}, "step": 17}
Step:17	{"metric": {"full19test": {"Macro_F1": 0.364591}}, "step": 17}
Step:17	{"metric": {"full19test": {"wa": 0.643551}}, "step": 17}
Step:18	{"metric": {"full19train": {"acc": 0.4719626168224299}}, "step": 18}
Step:18	{"metric": {"full19test": {"acc": 0.4672897196261682}}, "step": 18}
Step:18	{"metric": {"full19test": {"UAR": 0.322159}}, "step": 18}
Step:18	{"metric": {"full19test": {"Macro_F1": 0.333885}}, "step": 18}
Step:18	{"metric": {"full19test": {"wa": 0.572506}}, "step": 18}
Step:19	{"metric": {"full19train": {"acc": 0.48130841121495327}}, "step": 19}
Step:19	{"metric": {"full19test": {"acc": 0.5327102803738317}}, "step": 19}
Step:19	{"metric": {"full19test": {"UAR": 0.415716}}, "step": 19}
Step:19	{"metric": {"full19test": {"Macro_F1": 0.401072}}, "step": 19}
Step:19	{"metric": {"full19test": {"wa": 0.673337}}, "step": 19}
Step:20	{"metric": {"full19train": {"acc": 0.48130841121495327}}, "step": 20}
Step:20	{"metric": {"full19test": {"acc": 0.5233644859813084}}, "step": 20}
Step:20	{"metric": {"full19test": {"UAR": 0.428342}}, "step": 20}
Step:20	{"metric": {"full19test": {"Macro_F1": 0.424529}}, "step": 20}
Step:20	{"metric": {"full19test": {"wa": 0.604219}}, "step": 20}
Step:21	{"metric": {"full19train": {"acc": 0.5116822429906542}}, "step": 21}
Step:21	{"metric": {"full19test": {"acc": 0.5420560747663551}}, "step": 21}
Step:21	{"metric": {"full19test": {"UAR": 0.441377}}, "step": 21}
Step:21	{"metric": {"full19test": {"Macro_F1": 0.429065}}, "step": 21}
Step:21	{"metric": {"full19test": {"wa": 0.615139}}, "step": 21}
Step:22	{"metric": {"full19train": {"acc": 0.530373831775701}}, "step": 22}
Step:22	{"metric": {"full19test": {"acc": 0.5700934579439252}}, "step": 22}
Step:22	{"metric": {"full19test": {"UAR": 0.52558}}, "step": 22}
Step:22	{"metric": {"full19test": {"Macro_F1": 0.50687}}, "step": 22}
Step:22	{"metric": {"full19test": {"wa": 0.603517}}, "step": 22}
Step:23	{"metric": {"full19train": {"acc": 0.5537383177570093}}, "step": 23}
Step:23	{"metric": {"full19test": {"acc": 0.5514018691588785}}, "step": 23}
Step:23	{"metric": {"full19test": {"UAR": 0.465681}}, "step": 23}
Step:23	{"metric": {"full19test": {"Macro_F1": 0.447962}}, "step": 23}
Step:23	{"metric": {"full19test": {"wa": 0.623257}}, "step": 23}
Step:24	{"metric": {"full19train": {"acc": 0.6144859813084113}}, "step": 24}
Step:24	{"metric": {"full19test": {"acc": 0.616822429906542}}, "step": 24}
Step:24	{"metric": {"full19test": {"UAR": 0.553978}}, "step": 24}
Step:24	{"metric": {"full19test": {"Macro_F1": 0.52656}}, "step": 24}
Step:24	{"metric": {"full19test": {"wa": 0.677195}}, "step": 24}
Step:25	{"metric": {"full19train": {"acc": 0.6238317757009346}}, "step": 25}
Step:25	{"metric": {"full19test": {"acc": 0.5514018691588785}}, "step": 25}
Step:25	{"metric": {"full19test": {"UAR": 0.607021}}, "step": 25}
Step:25	{"metric": {"full19test": {"Macro_F1": 0.480054}}, "step": 25}
Step:25	{"metric": {"full19test": {"wa": 0.615299}}, "step": 25}
Step:26	{"metric": {"full19train": {"acc": 0.6121495327102804}}, "step": 26}
Step:26	{"metric": {"full19test": {"acc": 0.6915887850467289}}, "step": 26}
Step:26	{"metric": {"full19test": {"UAR": 0.660774}}, "step": 26}
Step:26	{"metric": {"full19test": {"Macro_F1": 0.638864}}, "step": 26}
Step:26	{"metric": {"full19test": {"wa": 0.71301}}, "step": 26}
Step:27	{"metric": {"full19train": {"acc": 0.6985981308411215}}, "step": 27}
Step:27	{"metric": {"full19test": {"acc": 0.6822429906542056}}, "step": 27}
Step:27	{"metric": {"full19test": {"UAR": 0.615846}}, "step": 27}
Step:27	{"metric": {"full19test": {"Macro_F1": 0.593237}}, "step": 27}
Step:27	{"metric": {"full19test": {"wa": 0.739945}}, "step": 27}
Step:28	{"metric": {"full19train": {"acc": 0.6752336448598131}}, "step": 28}
Step:28	{"metric": {"full19test": {"acc": 0.6822429906542056}}, "step": 28}
Step:28	{"metric": {"full19test": {"UAR": 0.693676}}, "step": 28}
Step:28	{"metric": {"full19test": {"Macro_F1": 0.617704}}, "step": 28}
Step:28	{"metric": {"full19test": {"wa": 0.723182}}, "step": 28}
Step:29	{"metric": {"full19train": {"acc": 0.6985981308411215}}, "step": 29}
Step:29	{"metric": {"full19test": {"acc": 0.6728971962616822}}, "step": 29}
Step:29	{"metric": {"full19test": {"UAR": 0.708518}}, "step": 29}
Step:29	{"metric": {"full19test": {"Macro_F1": 0.607999}}, "step": 29}
Step:29	{"metric": {"full19test": {"wa": 0.737964}}, "step": 29}
Step:30	{"metric": {"full19train": {"acc": 0.7172897196261683}}, "step": 30}
Step:30	{"metric": {"full19test": {"acc": 0.6728971962616822}}, "step": 30}
Step:30	{"metric": {"full19test": {"UAR": 0.641242}}, "step": 30}
Step:30	{"metric": {"full19test": {"Macro_F1": 0.604241}}, "step": 30}
Step:30	{"metric": {"full19test": {"wa": 0.709201}}, "step": 30}
Step:31	{"metric": {"full19train": {"acc": 0.7172897196261683}}, "step": 31}
Step:31	{"metric": {"full19test": {"acc": 0.6915887850467289}}, "step": 31}
Step:31	{"metric": {"full19test": {"UAR": 0.662792}}, "step": 31}
Step:31	{"metric": {"full19test": {"Macro_F1": 0.648948}}, "step": 31}
Step:31	{"metric": {"full19test": {"wa": 0.705393}}, "step": 31}
Step:32	{"metric": {"full19train": {"acc": 0.7873831775700935}}, "step": 32}
Step:32	{"metric": {"full19test": {"acc": 0.6915887850467289}}, "step": 32}
Step:32	{"metric": {"full19test": {"UAR": 0.678699}}, "step": 32}
Step:32	{"metric": {"full19test": {"Macro_F1": 0.645484}}, "step": 32}
Step:32	{"metric": {"full19test": {"wa": 0.706041}}, "step": 32}
Step:33	{"metric": {"full19train": {"acc": 0.7850467289719626}}, "step": 33}
Step:33	{"metric": {"full19test": {"acc": 0.7476635514018691}}, "step": 33}
Step:33	{"metric": {"full19test": {"UAR": 0.740412}}, "step": 33}
Step:33	{"metric": {"full19test": {"Macro_F1": 0.714326}}, "step": 33}
Step:33	{"metric": {"full19test": {"wa": 0.768312}}, "step": 33}
Step:34	{"metric": {"full19train": {"acc": 0.8294392523364486}}, "step": 34}
Step:34	{"metric": {"full19test": {"acc": 0.719626168224299}}, "step": 34}
Step:34	{"metric": {"full19test": {"UAR": 0.741241}}, "step": 34}
Step:34	{"metric": {"full19test": {"Macro_F1": 0.686783}}, "step": 34}
Step:34	{"metric": {"full19test": {"wa": 0.759466}}, "step": 34}
Step:35	{"metric": {"full19train": {"acc": 0.8037383177570093}}, "step": 35}
Step:35	{"metric": {"full19test": {"acc": 0.7289719626168224}}, "step": 35}
Step:35	{"metric": {"full19test": {"UAR": 0.744039}}, "step": 35}
Step:35	{"metric": {"full19test": {"Macro_F1": 0.693186}}, "step": 35}
Step:35	{"metric": {"full19test": {"wa": 0.765701}}, "step": 35}
Step:36	{"metric": {"full19train": {"acc": 0.794392523364486}}, "step": 36}
Step:36	{"metric": {"full19test": {"acc": 0.719626168224299}}, "step": 36}
Step:36	{"metric": {"full19test": {"UAR": 0.765079}}, "step": 36}
Step:36	{"metric": {"full19test": {"Macro_F1": 0.67402}}, "step": 36}
Step:36	{"metric": {"full19test": {"wa": 0.770527}}, "step": 36}
Step:37	{"metric": {"full19train": {"acc": 0.7780373831775701}}, "step": 37}
Step:37	{"metric": {"full19test": {"acc": 0.7757009345794392}}, "step": 37}
Step:37	{"metric": {"full19test": {"UAR": 0.769525}}, "step": 37}
Step:37	{"metric": {"full19test": {"Macro_F1": 0.733544}}, "step": 37}
Step:37	{"metric": {"full19test": {"wa": 0.804287}}, "step": 37}
Step:38	{"metric": {"full19train": {"acc": 0.8317757009345794}}, "step": 38}
Step:38	{"metric": {"full19test": {"acc": 0.8130841121495327}}, "step": 38}
Step:38	{"metric": {"full19test": {"UAR": 0.817263}}, "step": 38}
Step:38	{"metric": {"full19test": {"Macro_F1": 0.781855}}, "step": 38}
Step:38	{"metric": {"full19test": {"wa": 0.835403}}, "step": 38}
Step:39	{"metric": {"full19train": {"acc": 0.8457943925233645}}, "step": 39}
Step:39	{"metric": {"full19test": {"acc": 0.7663551401869159}}, "step": 39}
Step:39	{"metric": {"full19test": {"UAR": 0.755672}}, "step": 39}
Step:39	{"metric": {"full19test": {"Macro_F1": 0.730355}}, "step": 39}
Step:39	{"metric": {"full19test": {"wa": 0.77884}}, "step": 39}
Step:40	{"metric": {"full19train": {"acc": 0.8411214953271028}}, "step": 40}
Step:40	{"metric": {"full19test": {"acc": 0.7850467289719626}}, "step": 40}
Step:40	{"metric": {"full19test": {"UAR": 0.782991}}, "step": 40}
Step:40	{"metric": {"full19test": {"Macro_F1": 0.763682}}, "step": 40}
Step:40	{"metric": {"full19test": {"wa": 0.789215}}, "step": 40}
Step:41	{"metric": {"full19train": {"acc": 0.8598130841121495}}, "step": 41}
Step:41	{"metric": {"full19test": {"acc": 0.8130841121495327}}, "step": 41}
Step:41	{"metric": {"full19test": {"UAR": 0.815602}}, "step": 41}
Step:41	{"metric": {"full19test": {"Macro_F1": 0.783379}}, "step": 41}
Step:41	{"metric": {"full19test": {"wa": 0.835948}}, "step": 41}
Step:42	{"metric": {"full19train": {"acc": 0.8995327102803738}}, "step": 42}
Step:42	{"metric": {"full19test": {"acc": 0.7663551401869159}}, "step": 42}
Step:42	{"metric": {"full19test": {"UAR": 0.739007}}, "step": 42}
Step:42	{"metric": {"full19test": {"Macro_F1": 0.732103}}, "step": 42}
Step:42	{"metric": {"full19test": {"wa": 0.771358}}, "step": 42}
Step:43	{"metric": {"full19train": {"acc": 0.8714953271028038}}, "step": 43}
Step:43	{"metric": {"full19test": {"acc": 0.8411214953271028}}, "step": 43}
Step:43	{"metric": {"full19test": {"UAR": 0.841643}}, "step": 43}
Step:43	{"metric": {"full19test": {"Macro_F1": 0.829817}}, "step": 43}
Step:43	{"metric": {"full19test": {"wa": 0.846039}}, "step": 43}
Step:44	{"metric": {"full19train": {"acc": 0.8504672897196262}}, "step": 44}
Step:44	{"metric": {"full19test": {"acc": 0.7850467289719626}}, "step": 44}
Step:44	{"metric": {"full19test": {"UAR": 0.788449}}, "step": 44}
Step:44	{"metric": {"full19test": {"Macro_F1": 0.748657}}, "step": 44}
Step:44	{"metric": {"full19test": {"wa": 0.806966}}, "step": 44}
Step:45	{"metric": {"full19train": {"acc": 0.8504672897196262}}, "step": 45}
Step:45	{"metric": {"full19test": {"acc": 0.7850467289719626}}, "step": 45}
Step:45	{"metric": {"full19test": {"UAR": 0.792018}}, "step": 45}
Step:45	{"metric": {"full19test": {"Macro_F1": 0.760535}}, "step": 45}
Step:45	{"metric": {"full19test": {"wa": 0.810636}}, "step": 45}
Step:46	{"metric": {"full19train": {"acc": 0.8738317757009346}}, "step": 46}
Step:46	{"metric": {"full19test": {"acc": 0.7850467289719626}}, "step": 46}
Step:46	{"metric": {"full19test": {"UAR": 0.774111}}, "step": 46}
Step:46	{"metric": {"full19test": {"Macro_F1": 0.744404}}, "step": 46}
Step:46	{"metric": {"full19test": {"wa": 0.798901}}, "step": 46}
Step:47	{"metric": {"full19train": {"acc": 0.8995327102803738}}, "step": 47}
Step:47	{"metric": {"full19test": {"acc": 0.794392523364486}}, "step": 47}
Step:47	{"metric": {"full19test": {"UAR": 0.772676}}, "step": 47}
Step:47	{"metric": {"full19test": {"Macro_F1": 0.76344}}, "step": 47}
Step:47	{"metric": {"full19test": {"wa": 0.798427}}, "step": 47}
Step:48	{"metric": {"full19train": {"acc": 0.8761682242990654}}, "step": 48}
Step:48	{"metric": {"full19test": {"acc": 0.822429906542056}}, "step": 48}
Step:48	{"metric": {"full19test": {"UAR": 0.815527}}, "step": 48}
Step:48	{"metric": {"full19test": {"Macro_F1": 0.791242}}, "step": 48}
Step:48	{"metric": {"full19test": {"wa": 0.834652}}, "step": 48}
Step:49	{"metric": {"full19train": {"acc": 0.9135514018691588}}, "step": 49}
Step:49	{"metric": {"full19test": {"acc": 0.8598130841121495}}, "step": 49}
Step:49	{"metric": {"full19test": {"UAR": 0.850047}}, "step": 49}
Step:49	{"metric": {"full19test": {"Macro_F1": 0.83553}}, "step": 49}
Step:49	{"metric": {"full19test": {"wa": 0.866694}}, "step": 49}
Step:50	{"metric": {"full19train": {"acc": 0.9252336448598131}}, "step": 50}
Step:50	{"metric": {"full19test": {"acc": 0.7850467289719626}}, "step": 50}
Step:50	{"metric": {"full19test": {"UAR": 0.801787}}, "step": 50}
Step:50	{"metric": {"full19test": {"Macro_F1": 0.761233}}, "step": 50}
Step:50	{"metric": {"full19test": {"wa": 0.811196}}, "step": 50}
Step:51	{"metric": {"full19train": {"acc": 0.9415887850467289}}, "step": 51}
Step:51	{"metric": {"full19test": {"acc": 0.8317757009345794}}, "step": 51}
Step:51	{"metric": {"full19test": {"UAR": 0.824253}}, "step": 51}
Step:51	{"metric": {"full19test": {"Macro_F1": 0.813629}}, "step": 51}
Step:51	{"metric": {"full19test": {"wa": 0.836947}}, "step": 51}
Step:52	{"metric": {"full19train": {"acc": 0.9439252336448598}}, "step": 52}
Step:52	{"metric": {"full19test": {"acc": 0.7850467289719626}}, "step": 52}
Step:52	{"metric": {"full19test": {"UAR": 0.786879}}, "step": 52}
Step:52	{"metric": {"full19test": {"Macro_F1": 0.756902}}, "step": 52}
Step:52	{"metric": {"full19test": {"wa": 0.807209}}, "step": 52}
Step:53	{"metric": {"full19train": {"acc": 0.9322429906542056}}, "step": 53}
Step:53	{"metric": {"full19test": {"acc": 0.8317757009345794}}, "step": 53}
Step:53	{"metric": {"full19test": {"UAR": 0.831138}}, "step": 53}
Step:53	{"metric": {"full19test": {"Macro_F1": 0.803944}}, "step": 53}
Step:53	{"metric": {"full19test": {"wa": 0.850704}}, "step": 53}
Step:54	{"metric": {"full19train": {"acc": 0.955607476635514}}, "step": 54}
Step:54	{"metric": {"full19test": {"acc": 0.8411214953271028}}, "step": 54}
Step:54	{"metric": {"full19test": {"UAR": 0.838847}}, "step": 54}
Step:54	{"metric": {"full19test": {"Macro_F1": 0.818426}}, "step": 54}
Step:54	{"metric": {"full19test": {"wa": 0.845683}}, "step": 54}
Step:55	{"metric": {"full19train": {"acc": 0.9532710280373832}}, "step": 55}
Step:55	{"metric": {"full19test": {"acc": 0.8037383177570093}}, "step": 55}
Step:55	{"metric": {"full19test": {"UAR": 0.797788}}, "step": 55}
Step:55	{"metric": {"full19test": {"Macro_F1": 0.78073}}, "step": 55}
Step:55	{"metric": {"full19test": {"wa": 0.809538}}, "step": 55}
Step:56	{"metric": {"full19train": {"acc": 0.9205607476635514}}, "step": 56}
Step:56	{"metric": {"full19test": {"acc": 0.8130841121495327}}, "step": 56}
Step:56	{"metric": {"full19test": {"UAR": 0.803861}}, "step": 56}
Step:56	{"metric": {"full19test": {"Macro_F1": 0.776519}}, "step": 56}
Step:56	{"metric": {"full19test": {"wa": 0.825894}}, "step": 56}
Step:57	{"metric": {"full19train": {"acc": 0.9299065420560748}}, "step": 57}
Step:57	{"metric": {"full19test": {"acc": 0.8317757009345794}}, "step": 57}
Step:57	{"metric": {"full19test": {"UAR": 0.817596}}, "step": 57}
Step:57	{"metric": {"full19test": {"Macro_F1": 0.807034}}, "step": 57}
Step:57	{"metric": {"full19test": {"wa": 0.834238}}, "step": 57}
Step:58	{"metric": {"full19train": {"acc": 0.9205607476635514}}, "step": 58}
Step:58	{"metric": {"full19test": {"acc": 0.8037383177570093}}, "step": 58}
Step:58	{"metric": {"full19test": {"UAR": 0.818207}}, "step": 58}
Step:58	{"metric": {"full19test": {"Macro_F1": 0.773724}}, "step": 58}
Step:58	{"metric": {"full19test": {"wa": 0.834918}}, "step": 58}
Step:59	{"metric": {"full19train": {"acc": 0.9299065420560748}}, "step": 59}
Step:59	{"metric": {"full19test": {"acc": 0.8411214953271028}}, "step": 59}
Step:59	{"metric": {"full19test": {"UAR": 0.84323}}, "step": 59}
Step:59	{"metric": {"full19test": {"Macro_F1": 0.822538}}, "step": 59}
Step:59	{"metric": {"full19test": {"wa": 0.849681}}, "step": 59}
Step:60	{"metric": {"full19train": {"acc": 0.9485981308411215}}, "step": 60}
Step:60	{"metric": {"full19test": {"acc": 0.8504672897196262}}, "step": 60}
Step:60	{"metric": {"full19test": {"UAR": 0.849711}}, "step": 60}
Step:60	{"metric": {"full19test": {"Macro_F1": 0.833789}}, "step": 60}
Step:60	{"metric": {"full19test": {"wa": 0.859985}}, "step": 60}
Step:61	{"metric": {"full19train": {"acc": 0.9462616822429907}}, "step": 61}
Step:61	{"metric": {"full19test": {"acc": 0.8130841121495327}}, "step": 61}
Step:61	{"metric": {"full19test": {"UAR": 0.803159}}, "step": 61}
Step:61	{"metric": {"full19test": {"Macro_F1": 0.786565}}, "step": 61}
Step:61	{"metric": {"full19test": {"wa": 0.816568}}, "step": 61}
Step:62	{"metric": {"full19train": {"acc": 0.9766355140186916}}, "step": 62}
Step:62	{"metric": {"full19test": {"acc": 0.8130841121495327}}, "step": 62}
Step:62	{"metric": {"full19test": {"UAR": 0.80524}}, "step": 62}
Step:62	{"metric": {"full19test": {"Macro_F1": 0.797548}}, "step": 62}
Step:62	{"metric": {"full19test": {"wa": 0.810226}}, "step": 62}
Step:63	{"metric": {"full19train": {"acc": 0.9439252336448598}}, "step": 63}
Step:63	{"metric": {"full19test": {"acc": 0.8504672897196262}}, "step": 63}
Step:63	{"metric": {"full19test": {"UAR": 0.839107}}, "step": 63}
Step:63	{"metric": {"full19test": {"Macro_F1": 0.821617}}, "step": 63}
Step:63	{"metric": {"full19test": {"wa": 0.862214}}, "step": 63}
Step:64	{"metric": {"full19train": {"acc": 0.9392523364485982}}, "step": 64}
Step:64	{"metric": {"full19test": {"acc": 0.8411214953271028}}, "step": 64}
Step:64	{"metric": {"full19test": {"UAR": 0.84391}}, "step": 64}
Step:64	{"metric": {"full19test": {"Macro_F1": 0.820041}}, "step": 64}
Step:64	{"metric": {"full19test": {"wa": 0.845919}}, "step": 64}
Step:65	{"metric": {"full19train": {"acc": 0.9649532710280374}}, "step": 65}
Step:65	{"metric": {"full19test": {"acc": 0.822429906542056}}, "step": 65}
Step:65	{"metric": {"full19test": {"UAR": 0.810815}}, "step": 65}
Step:65	{"metric": {"full19test": {"Macro_F1": 0.801482}}, "step": 65}
Step:65	{"metric": {"full19test": {"wa": 0.821056}}, "step": 65}
Step:66	{"metric": {"full19train": {"acc": 0.9626168224299065}}, "step": 66}
Step:66	{"metric": {"full19test": {"acc": 0.8598130841121495}}, "step": 66}
Step:66	{"metric": {"full19test": {"UAR": 0.870529}}, "step": 66}
Step:66	{"metric": {"full19test": {"Macro_F1": 0.836737}}, "step": 66}
Step:66	{"metric": {"full19test": {"wa": 0.8794}}, "step": 66}
Step:67	{"metric": {"full19train": {"acc": 0.9345794392523364}}, "step": 67}
Step:67	{"metric": {"full19test": {"acc": 0.8598130841121495}}, "step": 67}
Step:67	{"metric": {"full19test": {"UAR": 0.854113}}, "step": 67}
Step:67	{"metric": {"full19test": {"Macro_F1": 0.840797}}, "step": 67}
Step:67	{"metric": {"full19test": {"wa": 0.869062}}, "step": 67}
Step:68	{"metric": {"full19train": {"acc": 0.9602803738317757}}, "step": 68}
Step:68	{"metric": {"full19test": {"acc": 0.8317757009345794}}, "step": 68}
Step:68	{"metric": {"full19test": {"UAR": 0.834085}}, "step": 68}
Step:68	{"metric": {"full19test": {"Macro_F1": 0.807348}}, "step": 68}
Step:68	{"metric": {"full19test": {"wa": 0.84517}}, "step": 68}
Step:69	{"metric": {"full19train": {"acc": 0.9602803738317757}}, "step": 69}
Step:69	{"metric": {"full19test": {"acc": 0.8130841121495327}}, "step": 69}
Step:69	{"metric": {"full19test": {"UAR": 0.818877}}, "step": 69}
Step:69	{"metric": {"full19test": {"Macro_F1": 0.791523}}, "step": 69}
Step:69	{"metric": {"full19test": {"wa": 0.820305}}, "step": 69}
Step:70	{"metric": {"full19train": {"acc": 0.9509345794392523}}, "step": 70}
Step:70	{"metric": {"full19test": {"acc": 0.8411214953271028}}, "step": 70}
Step:70	{"metric": {"full19test": {"UAR": 0.832608}}, "step": 70}
Step:70	{"metric": {"full19test": {"Macro_F1": 0.804972}}, "step": 70}
Step:70	{"metric": {"full19test": {"wa": 0.856188}}, "step": 70}
Step:71	{"metric": {"full19train": {"acc": 0.9579439252336449}}, "step": 71}
Step:71	{"metric": {"full19test": {"acc": 0.8130841121495327}}, "step": 71}
Step:71	{"metric": {"full19test": {"UAR": 0.813653}}, "step": 71}
Step:71	{"metric": {"full19test": {"Macro_F1": 0.78778}}, "step": 71}
Step:71	{"metric": {"full19test": {"wa": 0.823805}}, "step": 71}
Step:72	{"metric": {"full19train": {"acc": 0.9602803738317757}}, "step": 72}
Step:72	{"metric": {"full19test": {"acc": 0.822429906542056}}, "step": 72}
Step:72	{"metric": {"full19test": {"UAR": 0.820346}}, "step": 72}
Step:72	{"metric": {"full19test": {"Macro_F1": 0.78745}}, "step": 72}
Step:72	{"metric": {"full19test": {"wa": 0.836156}}, "step": 72}
Step:73	{"metric": {"full19train": {"acc": 0.9789719626168224}}, "step": 73}
Step:73	{"metric": {"full19test": {"acc": 0.8130841121495327}}, "step": 73}
Step:73	{"metric": {"full19test": {"UAR": 0.818285}}, "step": 73}
Step:73	{"metric": {"full19test": {"Macro_F1": 0.79543}}, "step": 73}
Step:73	{"metric": {"full19test": {"wa": 0.820672}}, "step": 73}
Step:74	{"metric": {"full19train": {"acc": 0.9672897196261683}}, "step": 74}
Step:74	{"metric": {"full19test": {"acc": 0.8317757009345794}}, "step": 74}
Step:74	{"metric": {"full19test": {"UAR": 0.834099}}, "step": 74}
Step:74	{"metric": {"full19test": {"Macro_F1": 0.812488}}, "step": 74}
Step:74	{"metric": {"full19test": {"wa": 0.844338}}, "step": 74}
Step:75	{"metric": {"full19train": {"acc": 0.9789719626168224}}, "step": 75}
Step:75	{"metric": {"full19test": {"acc": 0.8598130841121495}}, "step": 75}
Step:75	{"metric": {"full19test": {"UAR": 0.855052}}, "step": 75}
Step:75	{"metric": {"full19test": {"Macro_F1": 0.839649}}, "step": 75}
Step:75	{"metric": {"full19test": {"wa": 0.863714}}, "step": 75}
Step:76	{"metric": {"full19train": {"acc": 0.9789719626168224}}, "step": 76}
Step:76	{"metric": {"full19test": {"acc": 0.8504672897196262}}, "step": 76}
Step:76	{"metric": {"full19test": {"UAR": 0.852183}}, "step": 76}
Step:76	{"metric": {"full19test": {"Macro_F1": 0.839726}}, "step": 76}
Step:76	{"metric": {"full19test": {"wa": 0.862633}}, "step": 76}
Step:77	{"metric": {"full19train": {"acc": 0.9813084112149533}}, "step": 77}
Step:77	{"metric": {"full19test": {"acc": 0.8130841121495327}}, "step": 77}
Step:77	{"metric": {"full19test": {"UAR": 0.814376}}, "step": 77}
Step:77	{"metric": {"full19test": {"Macro_F1": 0.788447}}, "step": 77}
Step:77	{"metric": {"full19test": {"wa": 0.819365}}, "step": 77}
Step:78	{"metric": {"full19train": {"acc": 0.9836448598130841}}, "step": 78}
Step:78	{"metric": {"full19test": {"acc": 0.8411214953271028}}, "step": 78}
Step:78	{"metric": {"full19test": {"UAR": 0.837114}}, "step": 78}
Step:78	{"metric": {"full19test": {"Macro_F1": 0.817539}}, "step": 78}
Step:78	{"metric": {"full19test": {"wa": 0.855984}}, "step": 78}
Step:79	{"metric": {"full19train": {"acc": 0.9836448598130841}}, "step": 79}
Step:79	{"metric": {"full19test": {"acc": 0.8785046728971962}}, "step": 79}
Step:79	{"metric": {"full19test": {"UAR": 0.876835}}, "step": 79}
Step:79	{"metric": {"full19test": {"Macro_F1": 0.863597}}, "step": 79}
Step:79	{"metric": {"full19test": {"wa": 0.882146}}, "step": 79}
Step:80	{"metric": {"full19train": {"acc": 0.9789719626168224}}, "step": 80}
Step:80	{"metric": {"full19test": {"acc": 0.8598130841121495}}, "step": 80}
Step:80	{"metric": {"full19test": {"UAR": 0.853677}}, "step": 80}
Step:80	{"metric": {"full19test": {"Macro_F1": 0.840039}}, "step": 80}
Step:80	{"metric": {"full19test": {"wa": 0.867785}}, "step": 80}
Step:81	{"metric": {"full19train": {"acc": 0.9813084112149533}}, "step": 81}
Step:81	{"metric": {"full19test": {"acc": 0.8504672897196262}}, "step": 81}
Step:81	{"metric": {"full19test": {"UAR": 0.850238}}, "step": 81}
Step:81	{"metric": {"full19test": {"Macro_F1": 0.842075}}, "step": 81}
Step:81	{"metric": {"full19test": {"wa": 0.850654}}, "step": 81}
Step:82	{"metric": {"full19train": {"acc": 0.9906542056074766}}, "step": 82}
Step:82	{"metric": {"full19test": {"acc": 0.897196261682243}}, "step": 82}
Step:82	{"metric": {"full19test": {"UAR": 0.893843}}, "step": 82}
Step:82	{"metric": {"full19test": {"Macro_F1": 0.88663}}, "step": 82}
Step:82	{"metric": {"full19test": {"wa": 0.901056}}, "step": 82}
Step:83	{"metric": {"full19train": {"acc": 0.9976635514018691}}, "step": 83}
Step:83	{"metric": {"full19test": {"acc": 0.8411214953271028}}, "step": 83}
Step:83	{"metric": {"full19test": {"UAR": 0.840828}}, "step": 83}
Step:83	{"metric": {"full19test": {"Macro_F1": 0.824286}}, "step": 83}
Step:83	{"metric": {"full19test": {"wa": 0.848936}}, "step": 83}
Step:84	{"metric": {"full19train": {"acc": 0.985981308411215}}, "step": 84}
Step:84	{"metric": {"full19test": {"acc": 0.8691588785046729}}, "step": 84}
Step:84	{"metric": {"full19test": {"UAR": 0.868982}}, "step": 84}
Step:84	{"metric": {"full19test": {"Macro_F1": 0.851519}}, "step": 84}
Step:84	{"metric": {"full19test": {"wa": 0.877094}}, "step": 84}
Step:85	{"metric": {"full19train": {"acc": 0.985981308411215}}, "step": 85}
Step:85	{"metric": {"full19test": {"acc": 0.8317757009345794}}, "step": 85}
Step:85	{"metric": {"full19test": {"UAR": 0.827769}}, "step": 85}
Step:85	{"metric": {"full19test": {"Macro_F1": 0.806109}}, "step": 85}
Step:85	{"metric": {"full19test": {"wa": 0.845979}}, "step": 85}
Step:86	{"metric": {"full19train": {"acc": 0.985981308411215}}, "step": 86}
Step:86	{"metric": {"full19test": {"acc": 0.8504672897196262}}, "step": 86}
Step:86	{"metric": {"full19test": {"UAR": 0.851056}}, "step": 86}
Step:86	{"metric": {"full19test": {"Macro_F1": 0.825708}}, "step": 86}
Step:86	{"metric": {"full19test": {"wa": 0.864199}}, "step": 86}
Step:87	{"metric": {"full19train": {"acc": 0.9836448598130841}}, "step": 87}
Step:87	{"metric": {"full19test": {"acc": 0.8130841121495327}}, "step": 87}
Step:87	{"metric": {"full19test": {"UAR": 0.807603}}, "step": 87}
Step:87	{"metric": {"full19test": {"Macro_F1": 0.781259}}, "step": 87}
Step:87	{"metric": {"full19test": {"wa": 0.822455}}, "step": 87}
Step:88	{"metric": {"full19train": {"acc": 0.9766355140186916}}, "step": 88}
Step:88	{"metric": {"full19test": {"acc": 0.8411214953271028}}, "step": 88}
Step:88	{"metric": {"full19test": {"UAR": 0.840166}}, "step": 88}
Step:88	{"metric": {"full19test": {"Macro_F1": 0.822107}}, "step": 88}
Step:88	{"metric": {"full19test": {"wa": 0.842254}}, "step": 88}
Step:89	{"metric": {"full19train": {"acc": 0.9836448598130841}}, "step": 89}
Step:89	{"metric": {"full19test": {"acc": 0.8411214953271028}}, "step": 89}
Step:89	{"metric": {"full19test": {"UAR": 0.845}}, "step": 89}
Step:89	{"metric": {"full19test": {"Macro_F1": 0.817501}}, "step": 89}
Step:89	{"metric": {"full19test": {"wa": 0.861071}}, "step": 89}
Step:90	{"metric": {"full19train": {"acc": 0.9766355140186916}}, "step": 90}
Step:90	{"metric": {"full19test": {"acc": 0.8691588785046729}}, "step": 90}
Step:90	{"metric": {"full19test": {"UAR": 0.877485}}, "step": 90}
Step:90	{"metric": {"full19test": {"Macro_F1": 0.848164}}, "step": 90}
Step:90	{"metric": {"full19test": {"wa": 0.883324}}, "step": 90}
Step:91	{"metric": {"full19train": {"acc": 0.9813084112149533}}, "step": 91}
Step:91	{"metric": {"full19test": {"acc": 0.8504672897196262}}, "step": 91}
Step:91	{"metric": {"full19test": {"UAR": 0.855856}}, "step": 91}
Step:91	{"metric": {"full19test": {"Macro_F1": 0.839553}}, "step": 91}
Step:91	{"metric": {"full19test": {"wa": 0.855441}}, "step": 91}
Step:92	{"metric": {"full19train": {"acc": 0.9836448598130841}}, "step": 92}
Step:92	{"metric": {"full19test": {"acc": 0.8130841121495327}}, "step": 92}
Step:92	{"metric": {"full19test": {"UAR": 0.815388}}, "step": 92}
Step:92	{"metric": {"full19test": {"Macro_F1": 0.781838}}, "step": 92}
Step:92	{"metric": {"full19test": {"wa": 0.831127}}, "step": 92}
Step:93	{"metric": {"full19train": {"acc": 0.9953271028037384}}, "step": 93}
Step:93	{"metric": {"full19test": {"acc": 0.8411214953271028}}, "step": 93}
Step:93	{"metric": {"full19test": {"UAR": 0.842067}}, "step": 93}
Step:93	{"metric": {"full19test": {"Macro_F1": 0.824181}}, "step": 93}
Step:93	{"metric": {"full19test": {"wa": 0.848128}}, "step": 93}
Step:94	{"metric": {"full19train": {"acc": 0.9813084112149533}}, "step": 94}
Step:94	{"metric": {"full19test": {"acc": 0.8785046728971962}}, "step": 94}
Step:94	{"metric": {"full19test": {"UAR": 0.873016}}, "step": 94}
Step:94	{"metric": {"full19test": {"Macro_F1": 0.856957}}, "step": 94}
Step:94	{"metric": {"full19test": {"wa": 0.883959}}, "step": 94}
Step:95	{"metric": {"full19train": {"acc": 0.9906542056074766}}, "step": 95}
Step:95	{"metric": {"full19test": {"acc": 0.8317757009345794}}, "step": 95}
Step:95	{"metric": {"full19test": {"UAR": 0.835932}}, "step": 95}
Step:95	{"metric": {"full19test": {"Macro_F1": 0.811229}}, "step": 95}
Step:95	{"metric": {"full19test": {"wa": 0.842864}}, "step": 95}
Step:96	{"metric": {"full19train": {"acc": 0.985981308411215}}, "step": 96}
Step:96	{"metric": {"full19test": {"acc": 0.8317757009345794}}, "step": 96}
Step:96	{"metric": {"full19test": {"UAR": 0.818117}}, "step": 96}
Step:96	{"metric": {"full19test": {"Macro_F1": 0.813016}}, "step": 96}
Step:96	{"metric": {"full19test": {"wa": 0.837415}}, "step": 96}
Step:97	{"metric": {"full19train": {"acc": 0.9906542056074766}}, "step": 97}
Step:97	{"metric": {"full19test": {"acc": 0.8598130841121495}}, "step": 97}
Step:97	{"metric": {"full19test": {"UAR": 0.858223}}, "step": 97}
Step:97	{"metric": {"full19test": {"Macro_F1": 0.837212}}, "step": 97}
Step:97	{"metric": {"full19test": {"wa": 0.878737}}, "step": 97}
Step:98	{"metric": {"full19train": {"acc": 0.9883177570093458}}, "step": 98}
Step:98	{"metric": {"full19test": {"acc": 0.897196261682243}}, "step": 98}
Step:98	{"metric": {"full19test": {"UAR": 0.903367}}, "step": 98}
Step:98	{"metric": {"full19test": {"Macro_F1": 0.885979}}, "step": 98}
Step:98	{"metric": {"full19test": {"wa": 0.903745}}, "step": 98}
Step:99	{"metric": {"full19train": {"acc": 0.9813084112149533}}, "step": 99}
Step:99	{"metric": {"full19test": {"acc": 0.8598130841121495}}, "step": 99}
Step:99	{"metric": {"full19test": {"UAR": 0.852116}}, "step": 99}
Step:99	{"metric": {"full19test": {"Macro_F1": 0.840968}}, "step": 99}
Step:99	{"metric": {"full19test": {"wa": 0.859037}}, "step": 99}
Step:100	{"metric": {"full19train": {"acc": 0.9883177570093458}}, "step": 100}
Step:100	{"metric": {"full19test": {"acc": 0.8598130841121495}}, "step": 100}
Step:100	{"metric": {"full19test": {"UAR": 0.856524}}, "step": 100}
Step:100	{"metric": {"full19test": {"Macro_F1": 0.844228}}, "step": 100}
Step:100	{"metric": {"full19test": {"wa": 0.869135}}, "step": 100}
Step:101	{"metric": {"full19train": {"acc": 0.9766355140186916}}, "step": 101}
Step:101	{"metric": {"full19test": {"acc": 0.8691588785046729}}, "step": 101}
Step:101	{"metric": {"full19test": {"UAR": 0.864585}}, "step": 101}
Step:101	{"metric": {"full19test": {"Macro_F1": 0.857214}}, "step": 101}
Step:101	{"metric": {"full19test": {"wa": 0.871392}}, "step": 101}
Step:102	{"metric": {"full19train": {"acc": 0.9883177570093458}}, "step": 102}
Step:102	{"metric": {"full19test": {"acc": 0.8598130841121495}}, "step": 102}
Step:102	{"metric": {"full19test": {"UAR": 0.860027}}, "step": 102}
Step:102	{"metric": {"full19test": {"Macro_F1": 0.841033}}, "step": 102}
Step:102	{"metric": {"full19test": {"wa": 0.867962}}, "step": 102}
Step:103	{"metric": {"full19train": {"acc": 0.9906542056074766}}, "step": 103}
Step:103	{"metric": {"full19test": {"acc": 0.8130841121495327}}, "step": 103}
Step:103	{"metric": {"full19test": {"UAR": 0.816013}}, "step": 103}
Step:103	{"metric": {"full19test": {"Macro_F1": 0.789956}}, "step": 103}
Step:103	{"metric": {"full19test": {"wa": 0.828231}}, "step": 103}
Step:104	{"metric": {"full19train": {"acc": 0.9883177570093458}}, "step": 104}
Step:104	{"metric": {"full19test": {"acc": 0.8504672897196262}}, "step": 104}
Step:104	{"metric": {"full19test": {"UAR": 0.850785}}, "step": 104}
Step:104	{"metric": {"full19test": {"Macro_F1": 0.829689}}, "step": 104}
Step:104	{"metric": {"full19test": {"wa": 0.857232}}, "step": 104}
Step:105	{"metric": {"full19train": {"acc": 0.9883177570093458}}, "step": 105}
Step:105	{"metric": {"full19test": {"acc": 0.8691588785046729}}, "step": 105}
Step:105	{"metric": {"full19test": {"UAR": 0.872397}}, "step": 105}
Step:105	{"metric": {"full19test": {"Macro_F1": 0.859869}}, "step": 105}
Step:105	{"metric": {"full19test": {"wa": 0.881002}}, "step": 105}
Step:106	{"metric": {"full19train": {"acc": 0.9906542056074766}}, "step": 106}
Step:106	{"metric": {"full19test": {"acc": 0.8598130841121495}}, "step": 106}
Step:106	{"metric": {"full19test": {"UAR": 0.848}}, "step": 106}
Step:106	{"metric": {"full19test": {"Macro_F1": 0.844842}}, "step": 106}
Step:106	{"metric": {"full19test": {"wa": 0.86351}}, "step": 106}
Step:107	{"metric": {"full19train": {"acc": 0.9929906542056075}}, "step": 107}
Step:107	{"metric": {"full19test": {"acc": 0.8785046728971962}}, "step": 107}
Step:107	{"metric": {"full19test": {"UAR": 0.875703}}, "step": 107}
Step:107	{"metric": {"full19test": {"Macro_F1": 0.86622}}, "step": 107}
Step:107	{"metric": {"full19test": {"wa": 0.881292}}, "step": 107}
Step:108	{"metric": {"full19train": {"acc": 0.9953271028037384}}, "step": 108}
Step:108	{"metric": {"full19test": {"acc": 0.8878504672897196}}, "step": 108}
Step:108	{"metric": {"full19test": {"UAR": 0.88759}}, "step": 108}
Step:108	{"metric": {"full19test": {"Macro_F1": 0.877795}}, "step": 108}
Step:108	{"metric": {"full19test": {"wa": 0.889009}}, "step": 108}
Step:109	{"metric": {"full19train": {"acc": 1.0}}, "step": 109}
Step:109	{"metric": {"full19test": {"acc": 0.8598130841121495}}, "step": 109}
Step:109	{"metric": {"full19test": {"UAR": 0.860702}}, "step": 109}
Step:109	{"metric": {"full19test": {"Macro_F1": 0.848461}}, "step": 109}
Step:109	{"metric": {"full19test": {"wa": 0.86193}}, "step": 109}
Step:110	{"metric": {"full19train": {"acc": 0.9883177570093458}}, "step": 110}
Step:110	{"metric": {"full19test": {"acc": 0.8598130841121495}}, "step": 110}
Step:110	{"metric": {"full19test": {"UAR": 0.86349}}, "step": 110}
Step:110	{"metric": {"full19test": {"Macro_F1": 0.834721}}, "step": 110}
Step:110	{"metric": {"full19test": {"wa": 0.874725}}, "step": 110}
Step:111	{"metric": {"full19train": {"acc": 0.9883177570093458}}, "step": 111}
Step:111	{"metric": {"full19test": {"acc": 0.8598130841121495}}, "step": 111}
Step:111	{"metric": {"full19test": {"UAR": 0.852636}}, "step": 111}
Step:111	{"metric": {"full19test": {"Macro_F1": 0.841799}}, "step": 111}
Step:111	{"metric": {"full19test": {"wa": 0.862773}}, "step": 111}
Step:112	{"metric": {"full19train": {"acc": 0.9906542056074766}}, "step": 112}
Step:112	{"metric": {"full19test": {"acc": 0.8785046728971962}}, "step": 112}
Step:112	{"metric": {"full19test": {"UAR": 0.861917}}, "step": 112}
Step:112	{"metric": {"full19test": {"Macro_F1": 0.86205}}, "step": 112}
Step:112	{"metric": {"full19test": {"wa": 0.879996}}, "step": 112}
Step:113	{"metric": {"full19train": {"acc": 0.9929906542056075}}, "step": 113}
Step:113	{"metric": {"full19test": {"acc": 0.8504672897196262}}, "step": 113}
Step:113	{"metric": {"full19test": {"UAR": 0.862345}}, "step": 113}
Step:113	{"metric": {"full19test": {"Macro_F1": 0.824448}}, "step": 113}
Step:113	{"metric": {"full19test": {"wa": 0.874259}}, "step": 113}
Step:114	{"metric": {"full19train": {"acc": 0.9789719626168224}}, "step": 114}
Step:114	{"metric": {"full19test": {"acc": 0.8691588785046729}}, "step": 114}
Step:114	{"metric": {"full19test": {"UAR": 0.862794}}, "step": 114}
Step:114	{"metric": {"full19test": {"Macro_F1": 0.85005}}, "step": 114}
Step:114	{"metric": {"full19test": {"wa": 0.876646}}, "step": 114}
Step:115	{"metric": {"full19train": {"acc": 0.9906542056074766}}, "step": 115}
Step:115	{"metric": {"full19test": {"acc": 0.8317757009345794}}, "step": 115}
Step:115	{"metric": {"full19test": {"UAR": 0.848827}}, "step": 115}
Step:115	{"metric": {"full19test": {"Macro_F1": 0.818038}}, "step": 115}
Step:115	{"metric": {"full19test": {"wa": 0.839686}}, "step": 115}
Step:116	{"metric": {"full19train": {"acc": 0.985981308411215}}, "step": 116}
Step:116	{"metric": {"full19test": {"acc": 0.8785046728971962}}, "step": 116}
Step:116	{"metric": {"full19test": {"UAR": 0.887821}}, "step": 116}
Step:116	{"metric": {"full19test": {"Macro_F1": 0.864784}}, "step": 116}
Step:116	{"metric": {"full19test": {"wa": 0.886847}}, "step": 116}
Step:117	{"metric": {"full19train": {"acc": 0.9929906542056075}}, "step": 117}
Step:117	{"metric": {"full19test": {"acc": 0.8691588785046729}}, "step": 117}
Step:117	{"metric": {"full19test": {"UAR": 0.871606}}, "step": 117}
Step:117	{"metric": {"full19test": {"Macro_F1": 0.860089}}, "step": 117}
Step:117	{"metric": {"full19test": {"wa": 0.87274}}, "step": 117}
Step:118	{"metric": {"full19train": {"acc": 0.9976635514018691}}, "step": 118}
Step:118	{"metric": {"full19test": {"acc": 0.8504672897196262}}, "step": 118}
Step:118	{"metric": {"full19test": {"UAR": 0.845293}}, "step": 118}
Step:118	{"metric": {"full19test": {"Macro_F1": 0.832057}}, "step": 118}
Step:118	{"metric": {"full19test": {"wa": 0.854614}}, "step": 118}
Step:119	{"metric": {"full19train": {"acc": 1.0}}, "step": 119}
Step:119	{"metric": {"full19test": {"acc": 0.8598130841121495}}, "step": 119}
Step:119	{"metric": {"full19test": {"UAR": 0.85405}}, "step": 119}
Step:119	{"metric": {"full19test": {"Macro_F1": 0.837989}}, "step": 119}
Step:119	{"metric": {"full19test": {"wa": 0.863492}}, "step": 119}
Step:120	{"metric": {"full19train": {"acc": 0.9953271028037384}}, "step": 120}
Step:120	{"metric": {"full19test": {"acc": 0.8598130841121495}}, "step": 120}
Step:120	{"metric": {"full19test": {"UAR": 0.856776}}, "step": 120}
Step:120	{"metric": {"full19test": {"Macro_F1": 0.842115}}, "step": 120}
Step:120	{"metric": {"full19test": {"wa": 0.864649}}, "step": 120}
Step:121	{"metric": {"full19train": {"acc": 0.9953271028037384}}, "step": 121}
Step:121	{"metric": {"full19test": {"acc": 0.8504672897196262}}, "step": 121}
Step:121	{"metric": {"full19test": {"UAR": 0.855164}}, "step": 121}
Step:121	{"metric": {"full19test": {"Macro_F1": 0.830461}}, "step": 121}
Step:121	{"metric": {"full19test": {"wa": 0.868548}}, "step": 121}
Step:122	{"metric": {"full19train": {"acc": 0.9976635514018691}}, "step": 122}
Step:122	{"metric": {"full19test": {"acc": 0.822429906542056}}, "step": 122}
Step:122	{"metric": {"full19test": {"UAR": 0.818571}}, "step": 122}
Step:122	{"metric": {"full19test": {"Macro_F1": 0.802285}}, "step": 122}
Step:122	{"metric": {"full19test": {"wa": 0.824387}}, "step": 122}
Step:123	{"metric": {"full19train": {"acc": 0.9929906542056075}}, "step": 123}
Step:123	{"metric": {"full19test": {"acc": 0.8598130841121495}}, "step": 123}
Step:123	{"metric": {"full19test": {"UAR": 0.859458}}, "step": 123}
Step:123	{"metric": {"full19test": {"Macro_F1": 0.843689}}, "step": 123}
Step:123	{"metric": {"full19test": {"wa": 0.866899}}, "step": 123}
Step:124	{"metric": {"full19train": {"acc": 1.0}}, "step": 124}
Step:124	{"metric": {"full19test": {"acc": 0.8598130841121495}}, "step": 124}
Step:124	{"metric": {"full19test": {"UAR": 0.856976}}, "step": 124}
Step:124	{"metric": {"full19test": {"Macro_F1": 0.844695}}, "step": 124}
Step:124	{"metric": {"full19test": {"wa": 0.858931}}, "step": 124}
Step:125	{"metric": {"full19train": {"acc": 0.9929906542056075}}, "step": 125}
Step:125	{"metric": {"full19test": {"acc": 0.794392523364486}}, "step": 125}
Step:125	{"metric": {"full19test": {"UAR": 0.793488}}, "step": 125}
Step:125	{"metric": {"full19test": {"Macro_F1": 0.757346}}, "step": 125}
Step:125	{"metric": {"full19test": {"wa": 0.811159}}, "step": 125}
Step:126	{"metric": {"full19train": {"acc": 0.9906542056074766}}, "step": 126}
Step:126	{"metric": {"full19test": {"acc": 0.8317757009345794}}, "step": 126}
Step:126	{"metric": {"full19test": {"UAR": 0.831584}}, "step": 126}
Step:126	{"metric": {"full19test": {"Macro_F1": 0.805012}}, "step": 126}
Step:126	{"metric": {"full19test": {"wa": 0.846808}}, "step": 126}
Step:127	{"metric": {"full19train": {"acc": 0.9953271028037384}}, "step": 127}
Step:127	{"metric": {"full19test": {"acc": 0.8691588785046729}}, "step": 127}
Step:127	{"metric": {"full19test": {"UAR": 0.875392}}, "step": 127}
Step:127	{"metric": {"full19test": {"Macro_F1": 0.853945}}, "step": 127}
Step:127	{"metric": {"full19test": {"wa": 0.884051}}, "step": 127}
Step:128	{"metric": {"full19train": {"acc": 0.9929906542056075}}, "step": 128}
Step:128	{"metric": {"full19test": {"acc": 0.8785046728971962}}, "step": 128}
Step:128	{"metric": {"full19test": {"UAR": 0.887767}}, "step": 128}
Step:128	{"metric": {"full19test": {"Macro_F1": 0.859792}}, "step": 128}
Step:128	{"metric": {"full19test": {"wa": 0.887886}}, "step": 128}
Step:129	{"metric": {"full19train": {"acc": 0.9883177570093458}}, "step": 129}
Step:129	{"metric": {"full19test": {"acc": 0.8411214953271028}}, "step": 129}
Step:129	{"metric": {"full19test": {"UAR": 0.848275}}, "step": 129}
Step:129	{"metric": {"full19test": {"Macro_F1": 0.825357}}, "step": 129}
Step:129	{"metric": {"full19test": {"wa": 0.849287}}, "step": 129}
Step:130	{"metric": {"full19train": {"acc": 0.9883177570093458}}, "step": 130}
Step:130	{"metric": {"full19test": {"acc": 0.8504672897196262}}, "step": 130}
Step:130	{"metric": {"full19test": {"UAR": 0.854805}}, "step": 130}
Step:130	{"metric": {"full19test": {"Macro_F1": 0.842086}}, "step": 130}
Step:130	{"metric": {"full19test": {"wa": 0.854293}}, "step": 130}
Step:131	{"metric": {"full19train": {"acc": 1.0}}, "step": 131}
Step:131	{"metric": {"full19test": {"acc": 0.8785046728971962}}, "step": 131}
Step:131	{"metric": {"full19test": {"UAR": 0.879755}}, "step": 131}
Step:131	{"metric": {"full19test": {"Macro_F1": 0.865984}}, "step": 131}
Step:131	{"metric": {"full19test": {"wa": 0.882146}}, "step": 131}
Step:132	{"metric": {"full19train": {"acc": 0.9953271028037384}}, "step": 132}
Step:132	{"metric": {"full19test": {"acc": 0.8878504672897196}}, "step": 132}
Step:132	{"metric": {"full19test": {"UAR": 0.898992}}, "step": 132}
Step:132	{"metric": {"full19test": {"Macro_F1": 0.879643}}, "step": 132}
Step:132	{"metric": {"full19test": {"wa": 0.893115}}, "step": 132}
Step:133	{"metric": {"full19train": {"acc": 0.9953271028037384}}, "step": 133}
Step:133	{"metric": {"full19test": {"acc": 0.8504672897196262}}, "step": 133}
Step:133	{"metric": {"full19test": {"UAR": 0.868785}}, "step": 133}
Step:133	{"metric": {"full19test": {"Macro_F1": 0.837977}}, "step": 133}
Step:133	{"metric": {"full19test": {"wa": 0.865565}}, "step": 133}
Step:134	{"metric": {"full19train": {"acc": 1.0}}, "step": 134}
Step:134	{"metric": {"full19test": {"acc": 0.8785046728971962}}, "step": 134}
Step:134	{"metric": {"full19test": {"UAR": 0.88174}}, "step": 134}
Step:134	{"metric": {"full19test": {"Macro_F1": 0.867937}}, "step": 134}
Step:134	{"metric": {"full19test": {"wa": 0.881158}}, "step": 134}
Step:135	{"metric": {"full19train": {"acc": 0.9976635514018691}}, "step": 135}
Step:135	{"metric": {"full19test": {"acc": 0.8785046728971962}}, "step": 135}
Step:135	{"metric": {"full19test": {"UAR": 0.882335}}, "step": 135}
Step:135	{"metric": {"full19test": {"Macro_F1": 0.865262}}, "step": 135}
Step:135	{"metric": {"full19test": {"wa": 0.883735}}, "step": 135}
Step:136	{"metric": {"full19train": {"acc": 0.9953271028037384}}, "step": 136}
Step:136	{"metric": {"full19test": {"acc": 0.8317757009345794}}, "step": 136}
Step:136	{"metric": {"full19test": {"UAR": 0.832213}}, "step": 136}
Step:136	{"metric": {"full19test": {"Macro_F1": 0.809527}}, "step": 136}
Step:136	{"metric": {"full19test": {"wa": 0.839934}}, "step": 136}
Step:137	{"metric": {"full19train": {"acc": 0.9976635514018691}}, "step": 137}
Step:137	{"metric": {"full19test": {"acc": 0.8878504672897196}}, "step": 137}
Step:137	{"metric": {"full19test": {"UAR": 0.88836}}, "step": 137}
Step:137	{"metric": {"full19test": {"Macro_F1": 0.87134}}, "step": 137}
Step:137	{"metric": {"full19test": {"wa": 0.894529}}, "step": 137}
Step:138	{"metric": {"full19train": {"acc": 0.985981308411215}}, "step": 138}
Step:138	{"metric": {"full19test": {"acc": 0.8691588785046729}}, "step": 138}
Step:138	{"metric": {"full19test": {"UAR": 0.873891}}, "step": 138}
Step:138	{"metric": {"full19test": {"Macro_F1": 0.854993}}, "step": 138}
Step:138	{"metric": {"full19test": {"wa": 0.8784}}, "step": 138}
Step:139	{"metric": {"full19train": {"acc": 0.9976635514018691}}, "step": 139}
Step:139	{"metric": {"full19test": {"acc": 0.8504672897196262}}, "step": 139}
Step:139	{"metric": {"full19test": {"UAR": 0.848273}}, "step": 139}
Step:139	{"metric": {"full19test": {"Macro_F1": 0.826528}}, "step": 139}
Step:139	{"metric": {"full19test": {"wa": 0.857813}}, "step": 139}
Step:140	{"metric": {"full19train": {"acc": 0.9953271028037384}}, "step": 140}
Step:140	{"metric": {"full19test": {"acc": 0.8504672897196262}}, "step": 140}
Step:140	{"metric": {"full19test": {"UAR": 0.858111}}, "step": 140}
Step:140	{"metric": {"full19test": {"Macro_F1": 0.840117}}, "step": 140}
Step:140	{"metric": {"full19test": {"wa": 0.855857}}, "step": 140}
Step:141	{"metric": {"full19train": {"acc": 0.9976635514018691}}, "step": 141}
Step:141	{"metric": {"full19test": {"acc": 0.8504672897196262}}, "step": 141}
Step:141	{"metric": {"full19test": {"UAR": 0.843731}}, "step": 141}
Step:141	{"metric": {"full19test": {"Macro_F1": 0.836803}}, "step": 141}
Step:141	{"metric": {"full19test": {"wa": 0.855596}}, "step": 141}
Step:142	{"metric": {"full19train": {"acc": 1.0}}, "step": 142}
Step:142	{"metric": {"full19test": {"acc": 0.8785046728971962}}, "step": 142}
Step:142	{"metric": {"full19test": {"UAR": 0.87841}}, "step": 142}
Step:142	{"metric": {"full19test": {"Macro_F1": 0.863416}}, "step": 142}
Step:142	{"metric": {"full19test": {"wa": 0.886352}}, "step": 142}
Step:143	{"metric": {"full19train": {"acc": 0.9976635514018691}}, "step": 143}
Step:143	{"metric": {"full19test": {"acc": 0.8504672897196262}}, "step": 143}
Step:143	{"metric": {"full19test": {"UAR": 0.846469}}, "step": 143}
Step:143	{"metric": {"full19test": {"Macro_F1": 0.829766}}, "step": 143}
Step:143	{"metric": {"full19test": {"wa": 0.856371}}, "step": 143}
Step:144	{"metric": {"full19train": {"acc": 0.9929906542056075}}, "step": 144}
Step:144	{"metric": {"full19test": {"acc": 0.8504672897196262}}, "step": 144}
Step:144	{"metric": {"full19test": {"UAR": 0.855758}}, "step": 144}
Step:144	{"metric": {"full19test": {"Macro_F1": 0.837653}}, "step": 144}
Step:144	{"metric": {"full19test": {"wa": 0.851772}}, "step": 144}
Step:145	{"metric": {"full19train": {"acc": 0.9976635514018691}}, "step": 145}
Step:145	{"metric": {"full19test": {"acc": 0.8598130841121495}}, "step": 145}
Step:145	{"metric": {"full19test": {"UAR": 0.857013}}, "step": 145}
Step:145	{"metric": {"full19test": {"Macro_F1": 0.840822}}, "step": 145}
Step:145	{"metric": {"full19test": {"wa": 0.86374}}, "step": 145}
Step:146	{"metric": {"full19train": {"acc": 1.0}}, "step": 146}
Step:146	{"metric": {"full19test": {"acc": 0.8691588785046729}}, "step": 146}
Step:146	{"metric": {"full19test": {"UAR": 0.870596}}, "step": 146}
Step:146	{"metric": {"full19test": {"Macro_F1": 0.851}}, "step": 146}
Step:146	{"metric": {"full19test": {"wa": 0.879196}}, "step": 146}
Step:147	{"metric": {"full19train": {"acc": 1.0}}, "step": 147}
Step:147	{"metric": {"full19test": {"acc": 0.8598130841121495}}, "step": 147}
Step:147	{"metric": {"full19test": {"UAR": 0.859668}}, "step": 147}
Step:147	{"metric": {"full19test": {"Macro_F1": 0.839482}}, "step": 147}
Step:147	{"metric": {"full19test": {"wa": 0.869734}}, "step": 147}
Step:148	{"metric": {"full19train": {"acc": 0.9976635514018691}}, "step": 148}
Step:148	{"metric": {"full19test": {"acc": 0.8691588785046729}}, "step": 148}
Step:148	{"metric": {"full19test": {"UAR": 0.860027}}, "step": 148}
Step:148	{"metric": {"full19test": {"Macro_F1": 0.849971}}, "step": 148}
Step:148	{"metric": {"full19test": {"wa": 0.874287}}, "step": 148}
Step:149	{"metric": {"full19train": {"acc": 1.0}}, "step": 149}
Step:149	{"metric": {"full19test": {"acc": 0.8691588785046729}}, "step": 149}
Step:149	{"metric": {"full19test": {"UAR": 0.885642}}, "step": 149}
Step:149	{"metric": {"full19test": {"Macro_F1": 0.852466}}, "step": 149}
Step:149	{"metric": {"full19test": {"wa": 0.881855}}, "step": 149}
Step:150	{"metric": {"full19train": {"acc": 1.0}}, "step": 150}
Step:150	{"metric": {"full19test": {"acc": 0.8504672897196262}}, "step": 150}
Step:150	{"metric": {"full19test": {"UAR": 0.866616}}, "step": 150}
Step:150	{"metric": {"full19test": {"Macro_F1": 0.836846}}, "step": 150}
Step:150	{"metric": {"full19test": {"wa": 0.861748}}, "step": 150}
Step:151	{"metric": {"full19train": {"acc": 1.0}}, "step": 151}
Step:151	{"metric": {"full19test": {"acc": 0.9065420560747663}}, "step": 151}
Step:151	{"metric": {"full19test": {"UAR": 0.90163}}, "step": 151}
Step:151	{"metric": {"full19test": {"Macro_F1": 0.89618}}, "step": 151}
Step:151	{"metric": {"full19test": {"wa": 0.910395}}, "step": 151}
Step:152	{"metric": {"full19train": {"acc": 0.9953271028037384}}, "step": 152}
Step:152	{"metric": {"full19test": {"acc": 0.8878504672897196}}, "step": 152}
Step:152	{"metric": {"full19test": {"UAR": 0.881069}}, "step": 152}
Step:152	{"metric": {"full19test": {"Macro_F1": 0.873523}}, "step": 152}
Step:152	{"metric": {"full19test": {"wa": 0.894201}}, "step": 152}
Step:153	{"metric": {"full19train": {"acc": 0.9976635514018691}}, "step": 153}
Step:153	{"metric": {"full19test": {"acc": 0.8317757009345794}}, "step": 153}
Step:153	{"metric": {"full19test": {"UAR": 0.838755}}, "step": 153}
Step:153	{"metric": {"full19test": {"Macro_F1": 0.81967}}, "step": 153}
Step:153	{"metric": {"full19test": {"wa": 0.837826}}, "step": 153}
Step:154	{"metric": {"full19train": {"acc": 1.0}}, "step": 154}
Step:154	{"metric": {"full19test": {"acc": 0.8691588785046729}}, "step": 154}
Step:154	{"metric": {"full19test": {"UAR": 0.858974}}, "step": 154}
Step:154	{"metric": {"full19test": {"Macro_F1": 0.853723}}, "step": 154}
Step:154	{"metric": {"full19test": {"wa": 0.869641}}, "step": 154}
Step:155	{"metric": {"full19train": {"acc": 0.9976635514018691}}, "step": 155}
Step:155	{"metric": {"full19test": {"acc": 0.8598130841121495}}, "step": 155}
Step:155	{"metric": {"full19test": {"UAR": 0.869771}}, "step": 155}
Step:155	{"metric": {"full19test": {"Macro_F1": 0.834473}}, "step": 155}
Step:155	{"metric": {"full19test": {"wa": 0.878675}}, "step": 155}
Step:156	{"metric": {"full19train": {"acc": 1.0}}, "step": 156}
Step:156	{"metric": {"full19test": {"acc": 0.8598130841121495}}, "step": 156}
Step:156	{"metric": {"full19test": {"UAR": 0.854534}}, "step": 156}
Step:156	{"metric": {"full19test": {"Macro_F1": 0.834579}}, "step": 156}
Step:156	{"metric": {"full19test": {"wa": 0.863983}}, "step": 156}
Step:157	{"metric": {"full19train": {"acc": 1.0}}, "step": 157}
Step:157	{"metric": {"full19test": {"acc": 0.8598130841121495}}, "step": 157}
Step:157	{"metric": {"full19test": {"UAR": 0.864733}}, "step": 157}
Step:157	{"metric": {"full19test": {"Macro_F1": 0.841588}}, "step": 157}
Step:157	{"metric": {"full19test": {"wa": 0.863794}}, "step": 157}
Step:158	{"metric": {"full19train": {"acc": 0.9976635514018691}}, "step": 158}
Step:158	{"metric": {"full19test": {"acc": 0.8785046728971962}}, "step": 158}
Step:158	{"metric": {"full19test": {"UAR": 0.872737}}, "step": 158}
Step:158	{"metric": {"full19test": {"Macro_F1": 0.861186}}, "step": 158}
Step:158	{"metric": {"full19test": {"wa": 0.882916}}, "step": 158}
Step:159	{"metric": {"full19train": {"acc": 1.0}}, "step": 159}
Step:159	{"metric": {"full19test": {"acc": 0.8598130841121495}}, "step": 159}
Step:159	{"metric": {"full19test": {"UAR": 0.874914}}, "step": 159}
Step:159	{"metric": {"full19test": {"Macro_F1": 0.841109}}, "step": 159}
Step:159	{"metric": {"full19test": {"wa": 0.882912}}, "step": 159}
Step:160	{"metric": {"full19train": {"acc": 0.9976635514018691}}, "step": 160}
Step:160	{"metric": {"full19test": {"acc": 0.8878504672897196}}, "step": 160}
Step:160	{"metric": {"full19test": {"UAR": 0.884694}}, "step": 160}
Step:160	{"metric": {"full19test": {"Macro_F1": 0.874248}}, "step": 160}
Step:160	{"metric": {"full19test": {"wa": 0.892526}}, "step": 160}
Step:161	{"metric": {"full19train": {"acc": 1.0}}, "step": 161}
Step:161	{"metric": {"full19test": {"acc": 0.8411214953271028}}, "step": 161}
Step:161	{"metric": {"full19test": {"UAR": 0.833238}}, "step": 161}
Step:161	{"metric": {"full19test": {"Macro_F1": 0.812432}}, "step": 161}
Step:161	{"metric": {"full19test": {"wa": 0.850364}}, "step": 161}
Step:162	{"metric": {"full19train": {"acc": 0.9929906542056075}}, "step": 162}
Step:162	{"metric": {"full19test": {"acc": 0.8504672897196262}}, "step": 162}
Step:162	{"metric": {"full19test": {"UAR": 0.856703}}, "step": 162}
Step:162	{"metric": {"full19test": {"Macro_F1": 0.822327}}, "step": 162}
Step:162	{"metric": {"full19test": {"wa": 0.871143}}, "step": 162}
Step:163	{"metric": {"full19train": {"acc": 0.9976635514018691}}, "step": 163}
Step:163	{"metric": {"full19test": {"acc": 0.8785046728971962}}, "step": 163}
Step:163	{"metric": {"full19test": {"UAR": 0.890334}}, "step": 163}
Step:163	{"metric": {"full19test": {"Macro_F1": 0.866641}}, "step": 163}
Step:163	{"metric": {"full19test": {"wa": 0.888576}}, "step": 163}
Step:164	{"metric": {"full19train": {"acc": 0.9953271028037384}}, "step": 164}
Step:164	{"metric": {"full19test": {"acc": 0.8317757009345794}}, "step": 164}
Step:164	{"metric": {"full19test": {"UAR": 0.831685}}, "step": 164}
Step:164	{"metric": {"full19test": {"Macro_F1": 0.818124}}, "step": 164}
Step:164	{"metric": {"full19test": {"wa": 0.836646}}, "step": 164}
Step:165	{"metric": {"full19train": {"acc": 1.0}}, "step": 165}
Step:165	{"metric": {"full19test": {"acc": 0.8878504672897196}}, "step": 165}
Step:165	{"metric": {"full19test": {"UAR": 0.887414}}, "step": 165}
Step:165	{"metric": {"full19test": {"Macro_F1": 0.872306}}, "step": 165}
Step:165	{"metric": {"full19test": {"wa": 0.89253}}, "step": 165}
Step:166	{"metric": {"full19train": {"acc": 0.9976635514018691}}, "step": 166}
Step:166	{"metric": {"full19test": {"acc": 0.8504672897196262}}, "step": 166}
Step:166	{"metric": {"full19test": {"UAR": 0.843088}}, "step": 166}
Step:166	{"metric": {"full19test": {"Macro_F1": 0.823634}}, "step": 166}
Step:166	{"metric": {"full19test": {"wa": 0.856733}}, "step": 166}
Step:167	{"metric": {"full19train": {"acc": 1.0}}, "step": 167}
Step:167	{"metric": {"full19test": {"acc": 0.8691588785046729}}, "step": 167}
Step:167	{"metric": {"full19test": {"UAR": 0.860962}}, "step": 167}
Step:167	{"metric": {"full19test": {"Macro_F1": 0.849311}}, "step": 167}
Step:167	{"metric": {"full19test": {"wa": 0.8745}}, "step": 167}
Step:168	{"metric": {"full19train": {"acc": 0.9953271028037384}}, "step": 168}
Step:168	{"metric": {"full19test": {"acc": 0.8598130841121495}}, "step": 168}
Step:168	{"metric": {"full19test": {"UAR": 0.862179}}, "step": 168}
Step:168	{"metric": {"full19test": {"Macro_F1": 0.84211}}, "step": 168}
Step:168	{"metric": {"full19test": {"wa": 0.86696}}, "step": 168}
Step:169	{"metric": {"full19train": {"acc": 1.0}}, "step": 169}
Step:169	{"metric": {"full19test": {"acc": 0.8411214953271028}}, "step": 169}
Step:169	{"metric": {"full19test": {"UAR": 0.840354}}, "step": 169}
Step:169	{"metric": {"full19test": {"Macro_F1": 0.813411}}, "step": 169}
Step:169	{"metric": {"full19test": {"wa": 0.861485}}, "step": 169}
Step:170	{"metric": {"full19train": {"acc": 0.9976635514018691}}, "step": 170}
Step:170	{"metric": {"full19test": {"acc": 0.8504672897196262}}, "step": 170}
Step:170	{"metric": {"full19test": {"UAR": 0.861532}}, "step": 170}
Step:170	{"metric": {"full19test": {"Macro_F1": 0.835206}}, "step": 170}
Step:170	{"metric": {"full19test": {"wa": 0.85769}}, "step": 170}
Step:171	{"metric": {"full19train": {"acc": 1.0}}, "step": 171}
Step:171	{"metric": {"full19test": {"acc": 0.8785046728971962}}, "step": 171}
Step:171	{"metric": {"full19test": {"UAR": 0.871623}}, "step": 171}
Step:171	{"metric": {"full19test": {"Macro_F1": 0.859926}}, "step": 171}
Step:171	{"metric": {"full19test": {"wa": 0.884903}}, "step": 171}
Step:172	{"metric": {"full19train": {"acc": 0.9976635514018691}}, "step": 172}
Step:172	{"metric": {"full19test": {"acc": 0.8691588785046729}}, "step": 172}
Step:172	{"metric": {"full19test": {"UAR": 0.87063}}, "step": 172}
Step:172	{"metric": {"full19test": {"Macro_F1": 0.852017}}, "step": 172}
Step:172	{"metric": {"full19test": {"wa": 0.875786}}, "step": 172}
Step:173	{"metric": {"full19train": {"acc": 0.9976635514018691}}, "step": 173}
Step:173	{"metric": {"full19test": {"acc": 0.8691588785046729}}, "step": 173}
Step:173	{"metric": {"full19test": {"UAR": 0.868874}}, "step": 173}
Step:173	{"metric": {"full19test": {"Macro_F1": 0.849169}}, "step": 173}
Step:173	{"metric": {"full19test": {"wa": 0.878347}}, "step": 173}
Step:174	{"metric": {"full19train": {"acc": 0.9953271028037384}}, "step": 174}
Step:174	{"metric": {"full19test": {"acc": 0.8878504672897196}}, "step": 174}
Step:174	{"metric": {"full19test": {"UAR": 0.898901}}, "step": 174}
Step:174	{"metric": {"full19test": {"Macro_F1": 0.876008}}, "step": 174}
Step:174	{"metric": {"full19test": {"wa": 0.903185}}, "step": 174}
Step:175	{"metric": {"full19train": {"acc": 0.9976635514018691}}, "step": 175}
Step:175	{"metric": {"full19test": {"acc": 0.8598130841121495}}, "step": 175}
Step:175	{"metric": {"full19test": {"UAR": 0.869887}}, "step": 175}
Step:175	{"metric": {"full19test": {"Macro_F1": 0.844696}}, "step": 175}
Step:175	{"metric": {"full19test": {"wa": 0.863511}}, "step": 175}
Step:176	{"metric": {"full19train": {"acc": 1.0}}, "step": 176}
Step:176	{"metric": {"full19test": {"acc": 0.8598130841121495}}, "step": 176}
Step:176	{"metric": {"full19test": {"UAR": 0.848045}}, "step": 176}
Step:176	{"metric": {"full19test": {"Macro_F1": 0.834835}}, "step": 176}
Step:176	{"metric": {"full19test": {"wa": 0.862947}}, "step": 176}
Step:177	{"metric": {"full19train": {"acc": 1.0}}, "step": 177}
Step:177	{"metric": {"full19test": {"acc": 0.8598130841121495}}, "step": 177}
Step:177	{"metric": {"full19test": {"UAR": 0.854547}}, "step": 177}
Step:177	{"metric": {"full19test": {"Macro_F1": 0.836559}}, "step": 177}
Step:177	{"metric": {"full19test": {"wa": 0.866776}}, "step": 177}
Step:178	{"metric": {"full19train": {"acc": 1.0}}, "step": 178}
Step:178	{"metric": {"full19test": {"acc": 0.8691588785046729}}, "step": 178}
Step:178	{"metric": {"full19test": {"UAR": 0.870223}}, "step": 178}
Step:178	{"metric": {"full19test": {"Macro_F1": 0.845686}}, "step": 178}
Step:178	{"metric": {"full19test": {"wa": 0.88077}}, "step": 178}
Step:179	{"metric": {"full19train": {"acc": 1.0}}, "step": 179}
Step:179	{"metric": {"full19test": {"acc": 0.8317757009345794}}, "step": 179}
Step:179	{"metric": {"full19test": {"UAR": 0.820165}}, "step": 179}
Step:179	{"metric": {"full19test": {"Macro_F1": 0.806261}}, "step": 179}
Step:179	{"metric": {"full19test": {"wa": 0.832002}}, "step": 179}
Step:180	{"metric": {"full19train": {"acc": 1.0}}, "step": 180}
Step:180	{"metric": {"full19test": {"acc": 0.8691588785046729}}, "step": 180}
Step:180	{"metric": {"full19test": {"UAR": 0.866376}}, "step": 180}
Step:180	{"metric": {"full19test": {"Macro_F1": 0.855319}}, "step": 180}
Step:180	{"metric": {"full19test": {"wa": 0.872588}}, "step": 180}
Step:181	{"metric": {"full19train": {"acc": 1.0}}, "step": 181}
Step:181	{"metric": {"full19test": {"acc": 0.8785046728971962}}, "step": 181}
Step:181	{"metric": {"full19test": {"UAR": 0.885807}}, "step": 181}
Step:181	{"metric": {"full19test": {"Macro_F1": 0.861238}}, "step": 181}
Step:181	{"metric": {"full19test": {"wa": 0.888481}}, "step": 181}
Step:182	{"metric": {"full19train": {"acc": 0.9976635514018691}}, "step": 182}
Step:182	{"metric": {"full19test": {"acc": 0.8691588785046729}}, "step": 182}
Step:182	{"metric": {"full19test": {"UAR": 0.869146}}, "step": 182}
Step:182	{"metric": {"full19test": {"Macro_F1": 0.844833}}, "step": 182}
Step:182	{"metric": {"full19test": {"wa": 0.879183}}, "step": 182}
Step:183	{"metric": {"full19train": {"acc": 1.0}}, "step": 183}
Step:183	{"metric": {"full19test": {"acc": 0.9065420560747663}}, "step": 183}
Step:183	{"metric": {"full19test": {"UAR": 0.906043}}, "step": 183}
Step:183	{"metric": {"full19test": {"Macro_F1": 0.893174}}, "step": 183}
Step:183	{"metric": {"full19test": {"wa": 0.911484}}, "step": 183}
Step:184	{"metric": {"full19train": {"acc": 0.9976635514018691}}, "step": 184}
Step:184	{"metric": {"full19test": {"acc": 0.8504672897196262}}, "step": 184}
Step:184	{"metric": {"full19test": {"UAR": 0.850776}}, "step": 184}
Step:184	{"metric": {"full19test": {"Macro_F1": 0.838808}}, "step": 184}
Step:184	{"metric": {"full19test": {"wa": 0.853689}}, "step": 184}
Step:185	{"metric": {"full19train": {"acc": 0.9976635514018691}}, "step": 185}
Step:185	{"metric": {"full19test": {"acc": 0.8504672897196262}}, "step": 185}
Step:185	{"metric": {"full19test": {"UAR": 0.831836}}, "step": 185}
Step:185	{"metric": {"full19test": {"Macro_F1": 0.828996}}, "step": 185}
Step:185	{"metric": {"full19test": {"wa": 0.849655}}, "step": 185}
Step:186	{"metric": {"full19train": {"acc": 0.9953271028037384}}, "step": 186}
Step:186	{"metric": {"full19test": {"acc": 0.8504672897196262}}, "step": 186}
Step:186	{"metric": {"full19test": {"UAR": 0.845294}}, "step": 186}
Step:186	{"metric": {"full19test": {"Macro_F1": 0.832514}}, "step": 186}
Step:186	{"metric": {"full19test": {"wa": 0.852283}}, "step": 186}
Step:187	{"metric": {"full19train": {"acc": 0.9976635514018691}}, "step": 187}
Step:187	{"metric": {"full19test": {"acc": 0.8878504672897196}}, "step": 187}
Step:187	{"metric": {"full19test": {"UAR": 0.886656}}, "step": 187}
Step:187	{"metric": {"full19test": {"Macro_F1": 0.87517}}, "step": 187}
Step:187	{"metric": {"full19test": {"wa": 0.89178}}, "step": 187}
Step:188	{"metric": {"full19train": {"acc": 1.0}}, "step": 188}
Step:188	{"metric": {"full19test": {"acc": 0.8878504672897196}}, "step": 188}
Step:188	{"metric": {"full19test": {"UAR": 0.893824}}, "step": 188}
Step:188	{"metric": {"full19test": {"Macro_F1": 0.870122}}, "step": 188}
Step:188	{"metric": {"full19test": {"wa": 0.898156}}, "step": 188}
Step:189	{"metric": {"full19train": {"acc": 1.0}}, "step": 189}
Step:189	{"metric": {"full19test": {"acc": 0.8785046728971962}}, "step": 189}
Step:189	{"metric": {"full19test": {"UAR": 0.878632}}, "step": 189}
Step:189	{"metric": {"full19test": {"Macro_F1": 0.864243}}, "step": 189}
Step:189	{"metric": {"full19test": {"wa": 0.884708}}, "step": 189}
Step:190	{"metric": {"full19train": {"acc": 1.0}}, "step": 190}
Step:190	{"metric": {"full19test": {"acc": 0.8598130841121495}}, "step": 190}
Step:190	{"metric": {"full19test": {"UAR": 0.860828}}, "step": 190}
Step:190	{"metric": {"full19test": {"Macro_F1": 0.835454}}, "step": 190}
Step:190	{"metric": {"full19test": {"wa": 0.87055}}, "step": 190}
Step:191	{"metric": {"full19train": {"acc": 1.0}}, "step": 191}
Step:191	{"metric": {"full19test": {"acc": 0.8785046728971962}}, "step": 191}
Step:191	{"metric": {"full19test": {"UAR": 0.883373}}, "step": 191}
Step:191	{"metric": {"full19test": {"Macro_F1": 0.863089}}, "step": 191}
Step:191	{"metric": {"full19test": {"wa": 0.885279}}, "step": 191}
Step:192	{"metric": {"full19train": {"acc": 0.9953271028037384}}, "step": 192}
Step:192	{"metric": {"full19test": {"acc": 0.8691588785046729}}, "step": 192}
Step:192	{"metric": {"full19test": {"UAR": 0.864478}}, "step": 192}
Step:192	{"metric": {"full19test": {"Macro_F1": 0.850032}}, "step": 192}
Step:192	{"metric": {"full19test": {"wa": 0.874292}}, "step": 192}
Step:193	{"metric": {"full19train": {"acc": 0.9976635514018691}}, "step": 193}
Step:193	{"metric": {"full19test": {"acc": 0.8691588785046729}}, "step": 193}
Step:193	{"metric": {"full19test": {"UAR": 0.875595}}, "step": 193}
Step:193	{"metric": {"full19test": {"Macro_F1": 0.852652}}, "step": 193}
Step:193	{"metric": {"full19test": {"wa": 0.878521}}, "step": 193}
Step:194	{"metric": {"full19train": {"acc": 0.9976635514018691}}, "step": 194}
Step:194	{"metric": {"full19test": {"acc": 0.8504672897196262}}, "step": 194}
Step:194	{"metric": {"full19test": {"UAR": 0.858721}}, "step": 194}
Step:194	{"metric": {"full19test": {"Macro_F1": 0.831426}}, "step": 194}
Step:194	{"metric": {"full19test": {"wa": 0.856729}}, "step": 194}
Step:195	{"metric": {"full19train": {"acc": 0.9929906542056075}}, "step": 195}
Step:195	{"metric": {"full19test": {"acc": 0.8598130841121495}}, "step": 195}
Step:195	{"metric": {"full19test": {"UAR": 0.856116}}, "step": 195}
Step:195	{"metric": {"full19test": {"Macro_F1": 0.839994}}, "step": 195}
Step:195	{"metric": {"full19test": {"wa": 0.860184}}, "step": 195}
Step:196	{"metric": {"full19train": {"acc": 0.9953271028037384}}, "step": 196}
Step:196	{"metric": {"full19test": {"acc": 0.8411214953271028}}, "step": 196}
Step:196	{"metric": {"full19test": {"UAR": 0.836016}}, "step": 196}
Step:196	{"metric": {"full19test": {"Macro_F1": 0.815758}}, "step": 196}
Step:196	{"metric": {"full19test": {"wa": 0.844461}}, "step": 196}
Step:197	{"metric": {"full19train": {"acc": 1.0}}, "step": 197}
Step:197	{"metric": {"full19test": {"acc": 0.8691588785046729}}, "step": 197}
Step:197	{"metric": {"full19test": {"UAR": 0.858242}}, "step": 197}
Step:197	{"metric": {"full19test": {"Macro_F1": 0.851254}}, "step": 197}
Step:197	{"metric": {"full19test": {"wa": 0.874495}}, "step": 197}
Step:198	{"metric": {"full19train": {"acc": 1.0}}, "step": 198}
Step:198	{"metric": {"full19test": {"acc": 0.822429906542056}}, "step": 198}
Step:198	{"metric": {"full19test": {"UAR": 0.840686}}, "step": 198}
Step:198	{"metric": {"full19test": {"Macro_F1": 0.802071}}, "step": 198}
Step:198	{"metric": {"full19test": {"wa": 0.836118}}, "step": 198}
Step:199	{"metric": {"full19train": {"acc": 0.9976635514018691}}, "step": 199}
Step:199	{"metric": {"full19test": {"acc": 0.8504672897196262}}, "step": 199}
Step:199	{"metric": {"full19test": {"UAR": 0.844753}}, "step": 199}
Step:199	{"metric": {"full19test": {"Macro_F1": 0.824626}}, "step": 199}
Step:199	{"metric": {"full19test": {"wa": 0.864718}}, "step": 199}
Step:200	{"metric": {"full19train": {"acc": 1.0}}, "step": 200}
Step:200	{"metric": {"full19test": {"acc": 0.8411214953271028}}, "step": 200}
Step:200	{"metric": {"full19test": {"UAR": 0.842143}}, "step": 200}
Step:200	{"metric": {"full19test": {"Macro_F1": 0.825446}}, "step": 200}
Step:200	{"metric": {"full19test": {"wa": 0.844615}}, "step": 200}
