{"metric": {"full191": 0.32653061224489793}}
{"metric": {"full191UAR": 0.154193}}
{"metric": {"full191f1": 0.17508}}
{"metric": {"full191wa": 0.499867}}
{"metric": {"full191": 0.3877551020408163}}
{"metric": {"full191wa": 0.771535}}
{"metric": {"full191": 0.42857142857142855}}
{"metric": {"full191UAR": 0.263492}}
{"metric": {"full191f1": 0.192454}}
{"metric": {"full191wa": 0.794858}}
{"metric": {"full191": 0.5102040816326531}}
{"metric": {"full191wa": 1.0}}
{"metric": {"full191": 0.5102040816326531}}
{"metric": {"full191": 0.5102040816326531}}
{"metric": {"full191": 0.5102040816326531}}
{"metric": {"full191f1": 0.228037}}
{"metric": {"full191f1": 0.238655}}
{"metric": {"full191": 0.5102040816326531}}
{"metric": {"full191f1": 0.253124}}
{"metric": {"full191": 0.5306122448979592}}
{"metric": {"full191UAR": 0.369048}}
{"metric": {"full191f1": 0.291568}}
{"metric": {"full191": 0.5510204081632653}}
{"metric": {"full191": 0.5714285714285714}}
{"metric": {"full191UAR": 0.373249}}
{"metric": {"full191f1": 0.326526}}
{"metric": {"full191": 0.5714285714285714}}
{"metric": {"full191UAR": 0.460206}}
{"metric": {"full191f1": 0.349295}}
{"metric": {"full191": 0.5714285714285714}}
{"metric": {"full191UAR": 0.520833}}
{"metric": {"full191f1": 0.349769}}
{"metric": {"full191": 0.6326530612244898}}
{"metric": {"full191UAR": 0.577381}}
{"metric": {"full191f1": 0.404307}}
{"metric": {"full191": 0.6530612244897959}}
{"metric": {"full191f1": 0.448434}}
{"metric": {"full191": 0.6938775510204082}}
{"metric": {"full191f1": 0.515502}}
{"metric": {"full191": 0.6938775510204082}}
{"metric": {"full191": 0.7346938775510204}}
{"metric": {"full191UAR": 0.59188}}
{"metric": {"full191f1": 0.563339}}
{"metric": {"full191": 0.7959183673469388}}
{"metric": {"full191UAR": 0.631349}}
{"metric": {"full191f1": 0.618092}}
{"metric": {"full191": 0.8367346938775511}}
{"metric": {"full191UAR": 0.709325}}
{"metric": {"full191f1": 0.622354}}
{"metric": {"full191f1": 0.62381}}
{"metric": {"full191": 0.8775510204081632}}
{"metric": {"full191UAR": 0.930159}}
{"metric": {"full191f1": 0.817308}}
{"metric": {"full191": 0.8775510204081632}}
{"metric": {"full191": 0.9387755102040817}}
{"metric": {"full191UAR": 0.968498}}
{"metric": {"full191f1": 0.927047}}
{"metric": {"full191": 0.9591836734693877}}
{"metric": {"full191UAR": 0.970238}}
{"metric": {"full191f1": 0.948551}}
{"metric": {"full191": 1.0}}
{"metric": {"full191UAR": 1.0}}
{"metric": {"full191f1": 1.0}}
{"metric": {"full191": 1.0}}
{"metric": {"full191": 1.0}}
{"metric": {"full191": 1.0}}
{"metric": {"full191": 1.0}}
{"metric": {"full191": 1.0}}
{"metric": {"full191": 1.0}}
{"metric": {"full191": 1.0}}
{"metric": {"full191": 1.0}}
{"metric": {"full191": 1.0}}
{"metric": {"full191": 1.0}}
{"metric": {"full191": 1.0}}
{"metric": {"full191": 1.0}}
{"metric": {"full191": 1.0}}
{"metric": {"full191": 1.0}}
{"metric": {"full191": 1.0}}
{"metric": {"full191": 1.0}}
{"metric": {"full191": 1.0}}
{"metric": {"full191": 1.0}}
{"metric": {"full191": 1.0}}
{"metric": {"full191": 1.0}}
{"metric": {"full191": 1.0}}
{"metric": {"full191": 1.0}}
{"metric": {"full191": 1.0}}
{"metric": {"full191": 1.0}}
{"metric": {"full191": 1.0}}
{"metric": {"full191": 1.0}}
{"metric": {"full191": 1.0}}
{"metric": {"full191": 1.0}}
{"metric": {"full191": 1.0}}
{"metric": {"full191": 1.0}}
{"metric": {"full191": 1.0}}
{"metric": {"full191": 1.0}}
{"metric": {"full191": 1.0}}
{"metric": {"full191": 1.0}}
{"metric": {"zhong": 0.4489795918367347}}
{"metric": {"zhongUAR": 0.334495}}
{"metric": {"zhongf1": 0.247727}}
{"metric": {"zhongwa": 0.909356}}
{"metric": {"zhong": 0.46938775510204084}}
{"metric": {"zhongf1": 0.329212}}
{"metric": {"zhongwa": 0.965015}}
{"metric": {"zhongwa": 1.0}}
{"metric": {"zhongUAR": 0.439401}}
{"metric": {"zhong": 0.5510204081632653}}
{"metric": {"zhong": 0.8163265306122449}}
{"metric": {"zhongUAR": 0.71978}}
{"metric": {"zhongf1": 0.715975}}
{"metric": {"zhongUAR": 0.940476}}
{"metric": {"zhongf1": 0.841024}}
{"metric": {"zhong": 1.0}}
{"metric": {"zhongUAR": 1.0}}
{"metric": {"zhongf1": 1.0}}
{"metric": {"zhong": 1.0}}
{"metric": {"zhong": 1.0}}
{"metric": {"zhong": 1.0}}
{"metric": {"zhong": 1.0}}
{"metric": {"zhong": 1.0}}
{"metric": {"zhong": 1.0}}
{"metric": {"zhong": 1.0}}
{"metric": {"zhong": 1.0}}
{"metric": {"zhong": 1.0}}
{"metric": {"zhong": 1.0}}
{"metric": {"zhong": 1.0}}
{"metric": {"zhong": 1.0}}
{"metric": {"zhong": 1.0}}
{"metric": {"zhong": 1.0}}
{"metric": {"zhong": 1.0}}
{"metric": {"zhong": 1.0}}
{"metric": {"zhong": 1.0}}
{"metric": {"zhong": 1.0}}
{"metric": {"zhong": 1.0}}
{"metric": {"zhong": 1.0}}
{"metric": {"zhong": 1.0}}
{"metric": {"zhong": 1.0}}
{"metric": {"zhong": 1.0}}
{"metric": {"zhong": 1.0}}
{"metric": {"zhong": 1.0}}
{"metric": {"zhong": 1.0}}
{"metric": {"zhong": 1.0}}
{"metric": {"zhong": 1.0}}
{"metric": {"zhong": 1.0}}
{"metric": {"zhong": 1.0}}
{"metric": {"zhong": 1.0}}
{"metric": {"zhong": 1.0}}
{"metric": {"zhong": 1.0}}
{"metric": {"zhong": 1.0}}
{"metric": {"zhong": 1.0}}
{"metric": {"zhong": 1.0}}
{"metric": {"zhong": 1.0}}
{"metric": {"zhong": 1.0}}
{"metric": {"zhong": 1.0}}
{"metric": {"zhong": 1.0}}
{"metric": {"zhong": 1.0}}
{"metric": {"zhong": 1.0}}
{"metric": {"zhong": 1.0}}
{"metric": {"zhong": 1.0}}
{"metric": {"zhong": 1.0}}
{"metric": {"zhong": 1.0}}
{"metric": {"zhong": 1.0}}
{"metric": {"zhong": 1.0}}
{"metric": {"zhong": 1.0}}
{"metric": {"zhong": 1.0}}
{"metric": {"zhong": 1.0}}
{"metric": {"zhong": 1.0}}
{"metric": {"zhong": 1.0}}
{"metric": {"zhong": 1.0}}
{"metric": {"zhong": 1.0}}
{"metric": {"zhong": 1.0}}
{"metric": {"zhong": 1.0}}
{"metric": {"zhong": 1.0}}
{"metric": {"zhong": 1.0}}
{"metric": {"zhong": 1.0}}
{"metric": {"zhong": 1.0}}
{"metric": {"zhong": 1.0}}
{"metric": {"zhong": 1.0}}
{"metric": {"zhong": 1.0}}
{"metric": {"zhong": 1.0}}
{"metric": {"zhong": 1.0}}
{"metric": {"zhong": 1.0}}
{"metric": {"zhong": 1.0}}
{"metric": {"zhong": 1.0}}
{"metric": {"zhong": 1.0}}
{"metric": {"zhong": 1.0}}
{"metric": {"zhong": 1.0}}
{"metric": {"zhong": 1.0}}
{"metric": {"zhong": 1.0}}
{"metric": {"zhong": 1.0}}
{"metric": {"zhong": 1.0}}
{"metric": {"zhong": 1.0}}
{"metric": {"zhong": 1.0}}
{"metric": {"zhong": 1.0}}
{"metric": {"zhong": 1.0}}
{"metric": {"zhong": 1.0}}
{"metric": {"zhong": 1.0}}
{"metric": {"zhong": 1.0}}
{"metric": {"zhong": 1.0}}
{"metric": {"zhong": 1.0}}
{"metric": {"zhong": 1.0}}
{"metric": {"zhong": 1.0}}
{"metric": {"full191": 0.2653061224489796}}
{"metric": {"full191UAR": 0.208271}}
{"metric": {"full191f1": 0.193965}}
{"metric": {"full191wa": 0.423668}}
{"metric": {"full191": 0.30612244897959184}}
{"metric": {"full191UAR": 0.219647}}
{"metric": {"full191f1": 0.199445}}
{"metric": {"full191wa": 0.449377}}
{"metric": {"full191": 0.32653061224489793}}
{"metric": {"full191UAR": 0.282876}}
{"metric": {"full191f1": 0.263054}}
{"metric": {"full191wa": 0.450596}}
{"metric": {"full191": 0.3877551020408163}}
{"metric": {"full191wa": 0.579009}}
{"metric": {"full191": 0.40816326530612246}}
{"metric": {"full191wa": 0.646674}}
{"metric": {"full191UAR": 0.438672}}
{"metric": {"full191f1": 0.293274}}
{"metric": {"full191wa": 0.655897}}
{"metric": {"full191wa": 0.776968}}
{"metric": {"full191": 0.42857142857142855}}
{"metric": {"full191wa": 0.792274}}
{"metric": {"full191": 0.4489795918367347}}
{"metric": {"full191": 0.4489795918367347}}
{"metric": {"full191wa": 0.830321}}
{"metric": {"full191f1": 0.296091}}
{"metric": {"zhong": 0.2857142857142857}}
{"metric": {"zhongUAR": 0.040816}}
{"metric": {"zhongf1": 0.063492}}
{"metric": {"zhongwa": 1.0}}
{"metric": {"zhongUAR": 0.145897}}
{"metric": {"zhongf1": 0.069444}}
{"metric": {"zhongf1": 0.104108}}
{"metric": {"zhongUAR": 0.183333}}
{"metric": {"zhongf1": 0.136054}}
{"metric": {"zhongUAR": 0.276361}}
{"metric": {"zhongf1": 0.189085}}
{"metric": {"zhong": 0.42857142857142855}}
{"metric": {"zhongUAR": 0.294785}}
{"metric": {"zhongf1": 0.260532}}
{"metric": {"zhong": 0.4489795918367347}}
{"metric": {"zhongUAR": 0.301656}}
{"metric": {"zhongf1": 0.274131}}
{"metric": {"zhong": 0.46938775510204084}}
{"metric": {"zhongUAR": 0.311355}}
{"metric": {"zhongf1": 0.31486}}
{"metric": {"zhongUAR": 0.425031}}
{"metric": {"zhongf1": 0.316561}}
{"metric": {"zhongUAR": 0.425432}}
{"metric": {"zhongf1": 0.322449}}
{"metric": {"zhongUAR": 0.432143}}
{"metric": {"zhongf1": 0.326635}}
{"metric": {"zhongUAR": 0.433189}}
