Step:1	{"loss": {"full191train_loss": 0.04015905029919683}, "step": 1}
Step:1	{"loss": {"full191test_loss": 0.03724780374643754}, "step": 1}
Step:2	{"loss": {"full191train_loss": 0.03751767411523936}, "step": 2}
Step:2	{"loss": {"full191test_loss": 0.03517002232220708}, "step": 2}
Step:3	{"loss": {"full191train_loss": 0.03500551836831229}, "step": 3}
Step:3	{"loss": {"full191test_loss": 0.034196822010740945}, "step": 3}
Step:4	{"loss": {"full191train_loss": 0.03352415075107497}, "step": 4}
Step:4	{"loss": {"full191test_loss": 0.033667094853459575}, "step": 4}
Step:5	{"loss": {"full191train_loss": 0.0324899469103132}, "step": 5}
Step:5	{"loss": {"full191test_loss": 0.030825400839046557}, "step": 5}
Step:6	{"loss": {"full191train_loss": 0.030748430563479055}, "step": 6}
Step:6	{"loss": {"full191test_loss": 0.02918946986295739}, "step": 6}
Step:7	{"loss": {"full191train_loss": 0.029357720394523775}, "step": 7}
Step:7	{"loss": {"full191test_loss": 0.026852259830552703}, "step": 7}
Step:8	{"loss": {"full191train_loss": 0.026663896988849252}, "step": 8}
Step:8	{"loss": {"full191test_loss": 0.025181860339884857}, "step": 8}
Step:9	{"loss": {"full191train_loss": 0.0255213805607387}, "step": 9}
Step:9	{"loss": {"full191test_loss": 0.02539858039544553}, "step": 9}
Step:10	{"loss": {"full191train_loss": 0.024941001619611467}, "step": 10}
Step:10	{"loss": {"full191test_loss": 0.02459663517621099}, "step": 10}
Step:11	{"loss": {"full191train_loss": 0.02409192250699413}, "step": 11}
Step:11	{"loss": {"full191test_loss": 0.023809437849083726}, "step": 11}
Step:12	{"loss": {"full191train_loss": 0.024122216263595894}, "step": 12}
Step:12	{"loss": {"full191test_loss": 0.02329018651222696}, "step": 12}
Step:13	{"loss": {"full191train_loss": 0.02325225119688073}, "step": 13}
Step:13	{"loss": {"full191test_loss": 0.02223670969204027}, "step": 13}
Step:14	{"loss": {"full191train_loss": 0.02148405143192836}, "step": 14}
Step:14	{"loss": {"full191test_loss": 0.02185382161821638}, "step": 14}
Step:15	{"loss": {"full191train_loss": 0.021583841771495586}, "step": 15}
Step:15	{"loss": {"full191test_loss": 0.021131763652879363}, "step": 15}
Step:16	{"loss": {"full191train_loss": 0.020359652382986888}, "step": 16}
Step:16	{"loss": {"full191test_loss": 0.0205459789353974}, "step": 16}
Step:17	{"loss": {"full191train_loss": 0.02004707346157152}, "step": 17}
Step:17	{"loss": {"full191test_loss": 0.019818971351701384}, "step": 17}
Step:18	{"loss": {"full191train_loss": 0.01988505830570143}, "step": 18}
Step:18	{"loss": {"full191test_loss": 0.0191939935392263}, "step": 18}
Step:19	{"loss": {"full191train_loss": 0.019831619700606987}, "step": 19}
Step:19	{"loss": {"full191test_loss": 0.0186633723122733}, "step": 19}
Step:20	{"loss": {"full191train_loss": 0.01730333542337223}, "step": 20}
Step:20	{"loss": {"full191test_loss": 0.017260192608346745}, "step": 20}
Step:21	{"loss": {"full191train_loss": 0.017814738409859792}, "step": 21}
Step:21	{"loss": {"full191test_loss": 0.01772280858487499}, "step": 21}
Step:22	{"loss": {"full191train_loss": 0.01809592392979836}, "step": 22}
Step:22	{"loss": {"full191test_loss": 0.016975123055127203}, "step": 22}
Step:23	{"loss": {"full191train_loss": 0.017471060460927536}, "step": 23}
Step:23	{"loss": {"full191test_loss": 0.015964944751895204}, "step": 23}
Step:24	{"loss": {"full191train_loss": 0.015876625265393938}, "step": 24}
Step:24	{"loss": {"full191test_loss": 0.016218456686759482}, "step": 24}
Step:25	{"loss": {"full191train_loss": 0.017194802663764174}, "step": 25}
Step:25	{"loss": {"full191test_loss": 0.016947443387946303}, "step": 25}
Step:26	{"loss": {"full191train_loss": 0.014762888149339326}, "step": 26}
Step:26	{"loss": {"full191test_loss": 0.014481111448638293}, "step": 26}
Step:27	{"loss": {"full191train_loss": 0.014109795190850082}, "step": 27}
Step:27	{"loss": {"full191test_loss": 0.013705532161556944}, "step": 27}
Step:28	{"loss": {"full191train_loss": 0.014725183954044265}, "step": 28}
Step:28	{"loss": {"full191test_loss": 0.013199247875992132}, "step": 28}
Step:29	{"loss": {"full191train_loss": 0.01333091453630097}, "step": 29}
Step:29	{"loss": {"full191test_loss": 0.013237448371186549}, "step": 29}
Step:30	{"loss": {"full191train_loss": 0.013316195838305414}, "step": 30}
Step:30	{"loss": {"full191test_loss": 0.01343442104300674}, "step": 30}
Step:31	{"loss": {"full191train_loss": 0.012330499230598917}, "step": 31}
Step:31	{"loss": {"full191test_loss": 0.011479911755542365}, "step": 31}
Step:32	{"loss": {"full191train_loss": 0.012518553101286595}, "step": 32}
Step:32	{"loss": {"full191test_loss": 0.010760183237036881}, "step": 32}
Step:33	{"loss": {"full191train_loss": 0.01115781190444012}, "step": 33}
Step:33	{"loss": {"full191test_loss": 0.010557399720561748}, "step": 33}
Step:34	{"loss": {"full191train_loss": 0.011251072494351134}, "step": 34}
Step:34	{"loss": {"full191test_loss": 0.010151486007534728}, "step": 34}
Step:35	{"loss": {"full191train_loss": 0.009525763745210608}, "step": 35}
Step:35	{"loss": {"full191test_loss": 0.010476176836052719}, "step": 35}
Step:36	{"loss": {"full191train_loss": 0.009334730858705481}, "step": 36}
Step:36	{"loss": {"full191test_loss": 0.009721125266989884}, "step": 36}
Step:37	{"loss": {"full191train_loss": 0.008368854620018783}, "step": 37}
Step:37	{"loss": {"full191test_loss": 0.008999137854089543}, "step": 37}
Step:38	{"loss": {"full191train_loss": 0.007749101337121457}, "step": 38}
Step:38	{"loss": {"full191test_loss": 0.008903145790100098}, "step": 38}
Step:39	{"loss": {"full191train_loss": 0.008636832237243652}, "step": 39}
Step:39	{"loss": {"full191test_loss": 0.008159876477961637}, "step": 39}
Step:40	{"loss": {"full191train_loss": 0.00852048397064209}, "step": 40}
Step:40	{"loss": {"full191test_loss": 0.007592635495322091}, "step": 40}
Step:41	{"loss": {"full191train_loss": 0.00832411890127221}, "step": 41}
Step:41	{"loss": {"full191test_loss": 0.007072346551077706}, "step": 41}
Step:42	{"loss": {"full191train_loss": 0.007047363081756903}, "step": 42}
Step:42	{"loss": {"full191test_loss": 0.0064857316260435146}, "step": 42}
Step:43	{"loss": {"full191train_loss": 0.006489549364362445}, "step": 43}
Step:43	{"loss": {"full191test_loss": 0.0070223704892761855}, "step": 43}
Step:44	{"loss": {"full191train_loss": 0.006466593669385326}, "step": 44}
Step:44	{"loss": {"full191test_loss": 0.006047071851029688}, "step": 44}
Step:45	{"loss": {"full191train_loss": 0.005997838414445215}, "step": 45}
Step:45	{"loss": {"full191test_loss": 0.005879066428359674}, "step": 45}
Step:46	{"loss": {"full191train_loss": 0.00599971596075564}, "step": 46}
Step:46	{"loss": {"full191test_loss": 0.005620203456100152}, "step": 46}
Step:47	{"loss": {"full191train_loss": 0.005375532471403784}, "step": 47}
Step:47	{"loss": {"full191test_loss": 0.004976620479505889}, "step": 47}
Step:48	{"loss": {"full191train_loss": 0.006068150607907042}, "step": 48}
Step:48	{"loss": {"full191test_loss": 0.0044605658978832015}, "step": 48}
Step:49	{"loss": {"full191train_loss": 0.004179621229366381}, "step": 49}
Step:49	{"loss": {"full191test_loss": 0.00531641378694651}, "step": 49}
Step:50	{"loss": {"full191train_loss": 0.004659844904529805}, "step": 50}
Step:50	{"loss": {"full191test_loss": 0.003824872325877754}, "step": 50}
Step:51	{"loss": {"full191train_loss": 0.004324333400142436}, "step": 51}
Step:51	{"loss": {"full191test_loss": 0.00395959311602067}, "step": 51}
Step:52	{"loss": {"full191train_loss": 0.004394455527772709}, "step": 52}
Step:52	{"loss": {"full191test_loss": 0.003837194977974405}, "step": 52}
Step:53	{"loss": {"full191train_loss": 0.0043080111547392245}, "step": 53}
Step:53	{"loss": {"full191test_loss": 0.0037589730048666193}, "step": 53}
Step:54	{"loss": {"full191train_loss": 0.0037586406177403976}, "step": 54}
Step:54	{"loss": {"full191test_loss": 0.00337223617398009}, "step": 54}
Step:55	{"loss": {"full191train_loss": 0.004100756377589946}, "step": 55}
Step:55	{"loss": {"full191test_loss": 0.003311766957750126}, "step": 55}
Step:56	{"loss": {"full191train_loss": 0.0031144229733214087}, "step": 56}
Step:56	{"loss": {"full191test_loss": 0.0027645792888135326}, "step": 56}
Step:57	{"loss": {"full191train_loss": 0.003921911120414734}, "step": 57}
Step:57	{"loss": {"full191test_loss": 0.0030346935500904005}, "step": 57}
Step:58	{"loss": {"full191train_loss": 0.002912851012482935}, "step": 58}
Step:58	{"loss": {"full191test_loss": 0.0026070092405591693}, "step": 58}
Step:59	{"loss": {"full191train_loss": 0.0025605699237512083}, "step": 59}
Step:59	{"loss": {"full191test_loss": 0.002707384070571588}, "step": 59}
Step:60	{"loss": {"full191train_loss": 0.002837979671906452}, "step": 60}
Step:60	{"loss": {"full191test_loss": 0.002862385645204661}, "step": 60}
Step:61	{"loss": {"full191train_loss": 0.0024241274412797422}, "step": 61}
Step:61	{"loss": {"full191test_loss": 0.002178954530735405}, "step": 61}
Step:62	{"loss": {"full191train_loss": 0.0020331738858806844}, "step": 62}
Step:62	{"loss": {"full191test_loss": 0.0020915111716912718}, "step": 62}
Step:63	{"loss": {"full191train_loss": 0.0016403883999707748}, "step": 63}
Step:63	{"loss": {"full191test_loss": 0.0016142359497595805}, "step": 63}
Step:64	{"loss": {"full191train_loss": 0.00268287895893564}, "step": 64}
Step:64	{"loss": {"full191test_loss": 0.0023246942734231756}, "step": 64}
Step:65	{"loss": {"full191train_loss": 0.001743339154185081}, "step": 65}
Step:65	{"loss": {"full191test_loss": 0.0016222757344343224}, "step": 65}
Step:66	{"loss": {"full191train_loss": 0.001656126002876126}, "step": 66}
Step:66	{"loss": {"full191test_loss": 0.00146303797254757}, "step": 66}
Step:67	{"loss": {"full191train_loss": 0.0020939011354835666}, "step": 67}
Step:67	{"loss": {"full191test_loss": 0.0014585557640815268}, "step": 67}
Step:68	{"loss": {"full191train_loss": 0.0028174869260009453}, "step": 68}
Step:68	{"loss": {"full191test_loss": 0.0020429072331409064}, "step": 68}
Step:69	{"loss": {"full191train_loss": 0.001544823603970664}, "step": 69}
Step:69	{"loss": {"full191test_loss": 0.002408411581905521}, "step": 69}
Step:70	{"loss": {"full191train_loss": 0.001975318302913588}, "step": 70}
Step:70	{"loss": {"full191test_loss": 0.0014716310768711324}, "step": 70}
Step:71	{"loss": {"full191train_loss": 0.0015098142380617103}, "step": 71}
Step:71	{"loss": {"full191test_loss": 0.0016243212989398412}, "step": 71}
Step:72	{"loss": {"full191train_loss": 0.0023924968376451607}, "step": 72}
Step:72	{"loss": {"full191test_loss": 0.0012763632195336477}, "step": 72}
Step:73	{"loss": {"full191train_loss": 0.0014563205899024497}, "step": 73}
Step:73	{"loss": {"full191test_loss": 0.0009778224083842064}, "step": 73}
Step:74	{"loss": {"full191train_loss": 0.0013733568544290504}, "step": 74}
Step:74	{"loss": {"full191test_loss": 0.0007740138288663359}, "step": 74}
Step:75	{"loss": {"full191train_loss": 0.0008745433724656397}, "step": 75}
Step:75	{"loss": {"full191test_loss": 0.000696156021891808}, "step": 75}
Step:76	{"loss": {"full191train_loss": 0.0009533540934932475}, "step": 76}
Step:76	{"loss": {"full191test_loss": 0.0011293618958823535}, "step": 76}
Step:77	{"loss": {"full191train_loss": 0.0010214488269114981}, "step": 77}
Step:77	{"loss": {"full191test_loss": 0.0010186225479962875}, "step": 77}
Step:78	{"loss": {"full191train_loss": 0.0007200715493182746}, "step": 78}
Step:78	{"loss": {"full191test_loss": 0.0013012286959862222}, "step": 78}
Step:79	{"loss": {"full191train_loss": 0.0010097298999221958}, "step": 79}
Step:79	{"loss": {"full191test_loss": 0.0007206782394525957}, "step": 79}
Step:80	{"loss": {"full191train_loss": 0.0008263828955134566}, "step": 80}
Step:80	{"loss": {"full191test_loss": 0.0005259989399691018}, "step": 80}
Step:81	{"loss": {"full191train_loss": 0.000573560937630887}, "step": 81}
Step:81	{"loss": {"full191test_loss": 0.0005968639969217534}, "step": 81}
Step:82	{"loss": {"full191train_loss": 0.000634274958651893}, "step": 82}
Step:82	{"loss": {"full191test_loss": 0.0007206720813196533}, "step": 82}
Step:83	{"loss": {"full191train_loss": 0.00040670932859790567}, "step": 83}
Step:83	{"loss": {"full191test_loss": 0.00047911867043193507}, "step": 83}
Step:84	{"loss": {"full191train_loss": 0.0007638635531980164}, "step": 84}
Step:84	{"loss": {"full191test_loss": 0.0005520159112555641}, "step": 84}
Step:85	{"loss": {"full191train_loss": 0.0007590085115967964}, "step": 85}
Step:85	{"loss": {"full191test_loss": 0.00046434359891074043}, "step": 85}
Step:86	{"loss": {"full191train_loss": 0.000901423622759021}, "step": 86}
Step:86	{"loss": {"full191test_loss": 0.0005468644049702858}, "step": 86}
Step:87	{"loss": {"full191train_loss": 0.0005626568228614574}, "step": 87}
Step:87	{"loss": {"full191test_loss": 0.00038660971485838597}, "step": 87}
Step:88	{"loss": {"full191train_loss": 0.000520917567975667}, "step": 88}
Step:88	{"loss": {"full191test_loss": 0.0004981468830789838}, "step": 88}
Step:89	{"loss": {"full191train_loss": 0.0006211699575793987}, "step": 89}
Step:89	{"loss": {"full191test_loss": 0.0004413004356379412}, "step": 89}
Step:90	{"loss": {"full191train_loss": 0.0004558741894303536}, "step": 90}
Step:90	{"loss": {"full191test_loss": 0.0008516476622649602}, "step": 90}
Step:91	{"loss": {"full191train_loss": 0.0007256841172977369}, "step": 91}
Step:91	{"loss": {"full191test_loss": 0.0005608416181437823}, "step": 91}
Step:92	{"loss": {"full191train_loss": 0.00045569377894304235}, "step": 92}
Step:92	{"loss": {"full191test_loss": 0.00028116468872342793}, "step": 92}
Step:93	{"loss": {"full191train_loss": 0.0005957527200178224}, "step": 93}
Step:93	{"loss": {"full191test_loss": 0.00048582780421996605}, "step": 93}
Step:94	{"loss": {"full191train_loss": 0.0004495849490773921}, "step": 94}
Step:94	{"loss": {"full191test_loss": 0.0003418723235324938}, "step": 94}
Step:95	{"loss": {"full191train_loss": 0.00023997381177483774}, "step": 95}
Step:95	{"loss": {"full191test_loss": 0.00037462522788923614}, "step": 95}
Step:96	{"loss": {"full191train_loss": 0.0003448747934735551}, "step": 96}
Step:96	{"loss": {"full191test_loss": 0.0003731484163780602}, "step": 96}
Step:97	{"loss": {"full191train_loss": 0.0003006140682466176}, "step": 97}
Step:97	{"loss": {"full191test_loss": 0.00028194718975193644}, "step": 97}
Step:98	{"loss": {"full191train_loss": 0.00041101865318356727}, "step": 98}
Step:98	{"loss": {"full191test_loss": 0.00030913228663254755}, "step": 98}
Step:99	{"loss": {"full191train_loss": 0.00024123944114057386}, "step": 99}
Step:99	{"loss": {"full191test_loss": 0.0004519269022406364}, "step": 99}
Step:100	{"loss": {"full191train_loss": 0.0007281156674939759}, "step": 100}
Step:100	{"loss": {"full191test_loss": 0.0002399969237799547}, "step": 100}
Step:1	{"loss": {"zhongtrain_loss": 0.03920177780852026}, "step": 1}
Step:1	{"loss": {"zhongtest_loss": 0.10844173236769072}, "step": 1}
Step:2	{"loss": {"zhongtrain_loss": 0.10844175183043188}, "step": 2}
Step:2	{"loss": {"zhongtest_loss": 0.10212911878313337}, "step": 2}
Step:3	{"loss": {"zhongtrain_loss": 0.10212912851450395}, "step": 3}
Step:3	{"loss": {"zhongtest_loss": 0.31876521207848374}, "step": 3}
Step:4	{"loss": {"zhongtrain_loss": 0.3187652704667072}, "step": 4}
Step:4	{"loss": {"zhongtest_loss": 0.09012173633186185}, "step": 4}
Step:5	{"loss": {"zhongtrain_loss": 0.09012173633186185}, "step": 5}
Step:5	{"loss": {"zhongtest_loss": 0.1001149488955128}, "step": 5}
Step:6	{"loss": {"zhongtrain_loss": 0.10011496835825395}, "step": 6}
Step:6	{"loss": {"zhongtest_loss": 0.0479409256759955}, "step": 6}
Step:7	{"loss": {"zhongtrain_loss": 0.04794091594462492}, "step": 7}
Step:7	{"loss": {"zhongtest_loss": 0.03778282963499731}, "step": 7}
Step:8	{"loss": {"zhongtrain_loss": 0.037782827202154666}, "step": 8}
Step:8	{"loss": {"zhongtest_loss": 0.01067490966952577}, "step": 8}
Step:9	{"loss": {"zhongtrain_loss": 0.010674907236683125}, "step": 9}
Step:9	{"loss": {"zhongtest_loss": 0.01860479311067231}, "step": 9}
Step:10	{"loss": {"zhongtrain_loss": 0.018604790677829663}, "step": 10}
Step:10	{"loss": {"zhongtest_loss": 0.009015953662444134}, "step": 10}
Step:11	{"loss": {"zhongtrain_loss": 0.00901595183781215}, "step": 11}
Step:11	{"loss": {"zhongtest_loss": 0.00022887883289736145}, "step": 11}
Step:12	{"loss": {"zhongtrain_loss": 0.0002288788519039446}, "step": 12}
Step:12	{"loss": {"zhongtest_loss": 0.000541539900765127}, "step": 12}
Step:13	{"loss": {"zhongtrain_loss": 0.0005415400528177923}, "step": 13}
Step:13	{"loss": {"zhongtest_loss": 0.0012210378689425333}, "step": 13}
Step:14	{"loss": {"zhongtrain_loss": 0.0012210378689425333}, "step": 14}
Step:14	{"loss": {"zhongtest_loss": 0.002465005431856428}, "step": 14}
Step:15	{"loss": {"zhongtrain_loss": 0.002465005583909093}, "step": 15}
Step:15	{"loss": {"zhongtest_loss": 0.0002542953672153609}, "step": 15}
Step:16	{"loss": {"zhongtrain_loss": 0.00025429531019561147}, "step": 16}
Step:16	{"loss": {"zhongtest_loss": 0.00013053606321312945}, "step": 16}
Step:17	{"loss": {"zhongtrain_loss": 0.0001305360822197126}, "step": 17}
Step:17	{"loss": {"zhongtest_loss": 0.00011380393134087932}, "step": 17}
Step:18	{"loss": {"zhongtrain_loss": 0.00011380393134087932}, "step": 18}
Step:18	{"loss": {"zhongtest_loss": 0.00023973497505090673}, "step": 18}
Step:19	{"loss": {"zhongtrain_loss": 0.00023973489902457412}, "step": 19}
Step:19	{"loss": {"zhongtest_loss": 0.00040888774911968076}, "step": 19}
Step:20	{"loss": {"zhongtrain_loss": 0.0004088876730933481}, "step": 20}
Step:20	{"loss": {"zhongtest_loss": 0.00025656946687674034}, "step": 20}
Step:21	{"loss": {"zhongtrain_loss": 0.00025656946687674034}, "step": 21}
Step:21	{"loss": {"zhongtest_loss": 0.00014737728336940007}, "step": 21}
Step:22	{"loss": {"zhongtrain_loss": 0.00014737730237598322}, "step": 22}
Step:22	{"loss": {"zhongtest_loss": 9.294402576526817e-05}, "step": 22}
Step:23	{"loss": {"zhongtrain_loss": 9.294403526855974e-05}, "step": 23}
Step:23	{"loss": {"zhongtest_loss": 5.7591505500735066e-05}, "step": 23}
Step:24	{"loss": {"zhongtrain_loss": 5.759150074908928e-05}, "step": 24}
Step:24	{"loss": {"zhongtest_loss": 4.5748931184715155e-05}, "step": 24}
Step:25	{"loss": {"zhongtrain_loss": 4.5748940688006734e-05}, "step": 25}
Step:25	{"loss": {"zhongtest_loss": 3.9488046277998664e-05}, "step": 25}
Step:26	{"loss": {"zhongtrain_loss": 3.9488046277998664e-05}, "step": 26}
Step:26	{"loss": {"zhongtest_loss": 3.34371983700869e-05}, "step": 26}
Step:27	{"loss": {"zhongtrain_loss": 3.343720312173269e-05}, "step": 27}
Step:27	{"loss": {"zhongtest_loss": 2.69483176193067e-05}, "step": 27}
Step:28	{"loss": {"zhongtrain_loss": 2.69483176193067e-05}, "step": 28}
Step:28	{"loss": {"zhongtest_loss": 2.11330776920124e-05}, "step": 28}
Step:29	{"loss": {"zhongtrain_loss": 2.11330776920124e-05}, "step": 29}
Step:29	{"loss": {"zhongtest_loss": 1.6508840157517364e-05}, "step": 29}
Step:30	{"loss": {"zhongtrain_loss": 1.6508843721251707e-05}, "step": 30}
Step:30	{"loss": {"zhongtest_loss": 1.3246107133751621e-05}, "step": 30}
Step:31	{"loss": {"zhongtrain_loss": 1.3246107133751621e-05}, "step": 31}
Step:31	{"loss": {"zhongtest_loss": 1.0865179783835704e-05}, "step": 31}
Step:32	{"loss": {"zhongtrain_loss": 1.0865177408012809e-05}, "step": 32}
Step:32	{"loss": {"zhongtest_loss": 9.326078948013637e-06}, "step": 32}
Step:33	{"loss": {"zhongtrain_loss": 9.326080135925084e-06}, "step": 33}
Step:33	{"loss": {"zhongtest_loss": 8.273423098179759e-06}, "step": 33}
Step:34	{"loss": {"zhongtrain_loss": 8.273423692135482e-06}, "step": 34}
Step:34	{"loss": {"zhongtest_loss": 7.50007433341626e-06}, "step": 34}
Step:35	{"loss": {"zhongtrain_loss": 7.50007433341626e-06}, "step": 35}
Step:35	{"loss": {"zhongtest_loss": 6.961571504076829e-06}, "step": 35}
Step:36	{"loss": {"zhongtrain_loss": 6.9615709101211055e-06}, "step": 36}
Step:36	{"loss": {"zhongtest_loss": 6.54604423753157e-06}, "step": 36}
Step:37	{"loss": {"zhongtrain_loss": 6.546044831487293e-06}, "step": 37}
Step:37	{"loss": {"zhongtest_loss": 6.202876220970434e-06}, "step": 37}
Step:38	{"loss": {"zhongtrain_loss": 6.202876814926157e-06}, "step": 38}
Step:38	{"loss": {"zhongtest_loss": 5.867412404100202e-06}, "step": 38}
Step:39	{"loss": {"zhongtrain_loss": 5.867412998055925e-06}, "step": 39}
Step:39	{"loss": {"zhongtest_loss": 5.6060457516613665e-06}, "step": 39}
Step:40	{"loss": {"zhongtrain_loss": 5.60604634561709e-06}, "step": 40}
Step:40	{"loss": {"zhongtest_loss": 5.347064425408536e-06}, "step": 40}
Step:41	{"loss": {"zhongtrain_loss": 5.347064425408536e-06}, "step": 41}
Step:41	{"loss": {"zhongtest_loss": 5.154554466051715e-06}, "step": 41}
Step:42	{"loss": {"zhongtrain_loss": 5.154553872095991e-06}, "step": 42}
Step:42	{"loss": {"zhongtest_loss": 4.968993788661093e-06}, "step": 42}
Step:43	{"loss": {"zhongtrain_loss": 4.968993491683232e-06}, "step": 43}
Step:43	{"loss": {"zhongtest_loss": 4.783036645824964e-06}, "step": 43}
Step:44	{"loss": {"zhongtrain_loss": 4.783036645824964e-06}, "step": 44}
Step:44	{"loss": {"zhongtest_loss": 4.586413840060028e-06}, "step": 44}
Step:45	{"loss": {"zhongtrain_loss": 4.586414137037889e-06}, "step": 45}
Step:45	{"loss": {"zhongtest_loss": 4.407995183267916e-06}, "step": 45}
Step:46	{"loss": {"zhongtrain_loss": 4.407995480245777e-06}, "step": 46}
Step:46	{"loss": {"zhongtest_loss": 4.234633762484454e-06}, "step": 46}
Step:47	{"loss": {"zhongtrain_loss": 4.2346349503959015e-06}, "step": 47}
Step:47	{"loss": {"zhongtest_loss": 4.081613246389494e-06}, "step": 47}
Step:48	{"loss": {"zhongtrain_loss": 4.081614434300941e-06}, "step": 48}
Step:48	{"loss": {"zhongtest_loss": 3.9144515354490406e-06}, "step": 48}
Step:49	{"loss": {"zhongtrain_loss": 3.914453020338349e-06}, "step": 49}
Step:49	{"loss": {"zhongtest_loss": 3.758698526047626e-06}, "step": 49}
Step:50	{"loss": {"zhongtrain_loss": 3.75869912000335e-06}, "step": 50}
Step:50	{"loss": {"zhongtest_loss": 3.6143536242295285e-06}, "step": 50}
Step:51	{"loss": {"zhongtrain_loss": 3.6143536242295285e-06}, "step": 51}
Step:51	{"loss": {"zhongtest_loss": 3.4668806545930553e-06}, "step": 51}
Step:52	{"loss": {"zhongtrain_loss": 3.4668794666816083e-06}, "step": 52}
Step:52	{"loss": {"zhongtest_loss": 3.3396479141499313e-06}, "step": 52}
Step:53	{"loss": {"zhongtrain_loss": 3.3396482111277934e-06}, "step": 53}
Step:53	{"loss": {"zhongtest_loss": 3.209834139109874e-06}, "step": 53}
Step:54	{"loss": {"zhongtrain_loss": 3.2098335451541505e-06}, "step": 54}
Step:54	{"loss": {"zhongtest_loss": 3.089892205174024e-06}, "step": 54}
Step:55	{"loss": {"zhongtrain_loss": 3.0898925021518857e-06}, "step": 55}
Step:55	{"loss": {"zhongtest_loss": 2.967664135658011e-06}, "step": 55}
Step:56	{"loss": {"zhongtrain_loss": 2.967664135658011e-06}, "step": 56}
Step:56	{"loss": {"zhongtest_loss": 2.8589325220495157e-06}, "step": 56}
Step:57	{"loss": {"zhongtrain_loss": 2.8589325220495157e-06}, "step": 57}
Step:57	{"loss": {"zhongtest_loss": 2.7537215809927e-06}, "step": 57}
Step:58	{"loss": {"zhongtrain_loss": 2.7537215809927e-06}, "step": 58}
Step:58	{"loss": {"zhongtest_loss": 2.656895512886041e-06}, "step": 58}
Step:59	{"loss": {"zhongtrain_loss": 2.656895512886041e-06}, "step": 59}
Step:59	{"loss": {"zhongtest_loss": 2.5654791935099935e-06}, "step": 59}
Step:60	{"loss": {"zhongtrain_loss": 2.56547859955427e-06}, "step": 60}
Step:60	{"loss": {"zhongtest_loss": 2.4744060320532596e-06}, "step": 60}
Step:61	{"loss": {"zhongtrain_loss": 2.4744060320532596e-06}, "step": 61}
Step:61	{"loss": {"zhongtest_loss": 2.3996117120912792e-06}, "step": 61}
Step:62	{"loss": {"zhongtrain_loss": 2.3996117120912792e-06}, "step": 62}
Step:62	{"loss": {"zhongtest_loss": 2.3349915566968218e-06}, "step": 62}
Step:63	{"loss": {"zhongtrain_loss": 2.33499125971896e-06}, "step": 63}
Step:63	{"loss": {"zhongtest_loss": 2.264960613149237e-06}, "step": 63}
Step:64	{"loss": {"zhongtrain_loss": 2.2649604646603063e-06}, "step": 64}
Step:64	{"loss": {"zhongtest_loss": 2.208179782372804e-06}, "step": 64}
Step:65	{"loss": {"zhongtrain_loss": 2.2081796338838734e-06}, "step": 65}
Step:65	{"loss": {"zhongtest_loss": 2.150603793371393e-06}, "step": 65}
Step:66	{"loss": {"zhongtrain_loss": 2.1506039418603237e-06}, "step": 66}
Step:66	{"loss": {"zhongtest_loss": 2.1044942681031414e-06}, "step": 66}
Step:67	{"loss": {"zhongtrain_loss": 2.1044942681031414e-06}, "step": 67}
Step:67	{"loss": {"zhongtest_loss": 2.053172335893448e-06}, "step": 67}
Step:68	{"loss": {"zhongtrain_loss": 2.053172038915586e-06}, "step": 68}
Step:68	{"loss": {"zhongtest_loss": 2.00482701279261e-06}, "step": 68}
Step:69	{"loss": {"zhongtrain_loss": 2.0048274582594023e-06}, "step": 69}
Step:69	{"loss": {"zhongtest_loss": 1.958665664887474e-06}, "step": 69}
Step:70	{"loss": {"zhongtrain_loss": 1.958665813376405e-06}, "step": 70}
Step:70	{"loss": {"zhongtest_loss": 1.9157303874951085e-06}, "step": 70}
Step:71	{"loss": {"zhongtrain_loss": 1.91573068447297e-06}, "step": 71}
Step:71	{"loss": {"zhongtest_loss": 1.8759224354764637e-06}, "step": 71}
Step:72	{"loss": {"zhongtrain_loss": 1.8759224354764637e-06}, "step": 72}
Step:72	{"loss": {"zhongtest_loss": 1.8363614205499085e-06}, "step": 72}
Step:73	{"loss": {"zhongtrain_loss": 1.8363611235720467e-06}, "step": 73}
Step:73	{"loss": {"zhongtest_loss": 1.8022107483096876e-06}, "step": 73}
Step:74	{"loss": {"zhongtrain_loss": 1.802210451331826e-06}, "step": 74}
Step:74	{"loss": {"zhongtest_loss": 1.766173227224499e-06}, "step": 74}
Step:75	{"loss": {"zhongtrain_loss": 1.766173227224499e-06}, "step": 75}
Step:75	{"loss": {"zhongtest_loss": 1.7324191689187167e-06}, "step": 75}
Step:76	{"loss": {"zhongtrain_loss": 1.7324191689187167e-06}, "step": 76}
Step:76	{"loss": {"zhongtest_loss": 1.7031822923798951e-06}, "step": 76}
Step:77	{"loss": {"zhongtrain_loss": 1.7031822923798951e-06}, "step": 77}
Step:77	{"loss": {"zhongtest_loss": 1.6724557748862675e-06}, "step": 77}
Step:78	{"loss": {"zhongtrain_loss": 1.6724557748862675e-06}, "step": 78}
Step:78	{"loss": {"zhongtest_loss": 1.6429202871074025e-06}, "step": 78}
Step:79	{"loss": {"zhongtrain_loss": 1.6429202871074025e-06}, "step": 79}
Step:79	{"loss": {"zhongtest_loss": 1.6137820072186996e-06}, "step": 79}
Step:80	{"loss": {"zhongtrain_loss": 1.6137818587297688e-06}, "step": 80}
Step:80	{"loss": {"zhongtest_loss": 1.5872247619269301e-06}, "step": 80}
Step:81	{"loss": {"zhongtrain_loss": 1.5872247619269301e-06}, "step": 81}
Step:81	{"loss": {"zhongtest_loss": 1.5660285609964358e-06}, "step": 81}
Step:82	{"loss": {"zhongtrain_loss": 1.5660285609964358e-06}, "step": 82}
Step:82	{"loss": {"zhongtest_loss": 1.5432929753192833e-06}, "step": 82}
Step:83	{"loss": {"zhongtrain_loss": 1.5432931238082143e-06}, "step": 83}
Step:83	{"loss": {"zhongtest_loss": 1.5213522508892478e-06}, "step": 83}
Step:84	{"loss": {"zhongtrain_loss": 1.5213522508892478e-06}, "step": 84}
Step:84	{"loss": {"zhongtest_loss": 1.5020420078701358e-06}, "step": 84}
Step:85	{"loss": {"zhongtrain_loss": 1.502041859381205e-06}, "step": 85}
Step:85	{"loss": {"zhongtest_loss": 1.4830297821353437e-06}, "step": 85}
Step:86	{"loss": {"zhongtrain_loss": 1.4830296336464128e-06}, "step": 86}
Step:86	{"loss": {"zhongtest_loss": 1.4657049846113184e-06}, "step": 86}
Step:87	{"loss": {"zhongtrain_loss": 1.4657046876334567e-06}, "step": 87}
Step:87	{"loss": {"zhongtest_loss": 1.4460469805160347e-06}, "step": 87}
Step:88	{"loss": {"zhongtrain_loss": 1.446046683538173e-06}, "step": 88}
Step:88	{"loss": {"zhongtest_loss": 1.4291192423932407e-06}, "step": 88}
Step:89	{"loss": {"zhongtrain_loss": 1.4291193908821715e-06}, "step": 89}
Step:89	{"loss": {"zhongtest_loss": 1.4115461713767478e-06}, "step": 89}
Step:90	{"loss": {"zhongtrain_loss": 1.4115457259099551e-06}, "step": 90}
Step:90	{"loss": {"zhongtest_loss": 1.3951644270528792e-06}, "step": 90}
Step:91	{"loss": {"zhongtrain_loss": 1.3951644270528792e-06}, "step": 91}
Step:91	{"loss": {"zhongtest_loss": 1.3788815763569913e-06}, "step": 91}
Step:92	{"loss": {"zhongtrain_loss": 1.3788815763569913e-06}, "step": 92}
Step:92	{"loss": {"zhongtest_loss": 1.3650813120968487e-06}, "step": 92}
Step:93	{"loss": {"zhongtrain_loss": 1.365081163607918e-06}, "step": 93}
Step:93	{"loss": {"zhongtest_loss": 1.3521740602671492e-06}, "step": 93}
Step:94	{"loss": {"zhongtrain_loss": 1.35217420875608e-06}, "step": 94}
Step:94	{"loss": {"zhongtest_loss": 1.3375294879458997e-06}, "step": 94}
Step:95	{"loss": {"zhongtrain_loss": 1.3375296364348305e-06}, "step": 95}
Step:95	{"loss": {"zhongtest_loss": 1.3226370875989751e-06}, "step": 95}
Step:96	{"loss": {"zhongtrain_loss": 1.3226366421321824e-06}, "step": 96}
Step:96	{"loss": {"zhongtest_loss": 1.3096803889552854e-06}, "step": 96}
Step:97	{"loss": {"zhongtrain_loss": 1.3096803889552854e-06}, "step": 97}
Step:97	{"loss": {"zhongtest_loss": 1.2956314057358826e-06}, "step": 97}
Step:98	{"loss": {"zhongtrain_loss": 1.2956314057358826e-06}, "step": 98}
Step:98	{"loss": {"zhongtest_loss": 1.2835683134783591e-06}, "step": 98}
Step:99	{"loss": {"zhongtrain_loss": 1.2835683134783591e-06}, "step": 99}
Step:99	{"loss": {"zhongtest_loss": 1.2713562868231414e-06}, "step": 99}
Step:100	{"loss": {"zhongtrain_loss": 1.2713561383342103e-06}, "step": 100}
Step:100	{"loss": {"zhongtest_loss": 1.2589950287923672e-06}, "step": 100}
Step:1	{"loss": {"full191train_loss": 0.03322324596467565}, "step": 1}
Step:1	{"loss": {"full191test_loss": 0.03895496348945462}, "step": 1}
Step:2	{"loss": {"full191train_loss": 0.03213341705134658}, "step": 2}
Step:2	{"loss": {"full191test_loss": 0.03741789350704271}, "step": 2}
Step:3	{"loss": {"full191train_loss": 0.031562267756852946}, "step": 3}
Step:3	{"loss": {"full191test_loss": 0.03833608967917306}, "step": 3}
Step:4	{"loss": {"full191train_loss": 0.030453427893216492}, "step": 4}
Step:4	{"loss": {"full191test_loss": 0.03738332038023034}, "step": 4}
Step:5	{"loss": {"full191train_loss": 0.0304718017578125}, "step": 5}
Step:5	{"loss": {"full191test_loss": 0.03684547239420365}, "step": 5}
Step:6	{"loss": {"full191train_loss": 0.02914206317213715}, "step": 6}
Step:6	{"loss": {"full191test_loss": 0.03575872401801907}, "step": 6}
Step:7	{"loss": {"full191train_loss": 0.028303802990522542}, "step": 7}
Step:7	{"loss": {"full191test_loss": 0.03503829849009611}, "step": 7}
Step:8	{"loss": {"full191train_loss": 0.026617595406829335}, "step": 8}
Step:8	{"loss": {"full191test_loss": 0.03415942678646165}, "step": 8}
Step:9	{"loss": {"full191train_loss": 0.025426110283273164}, "step": 9}
Step:9	{"loss": {"full191test_loss": 0.033257306838522155}, "step": 9}
Step:10	{"loss": {"full191train_loss": 0.023836939061274293}, "step": 10}
Step:10	{"loss": {"full191test_loss": 0.03304399519550557}, "step": 10}
Step:11	{"loss": {"full191train_loss": 0.022515226583011815}, "step": 11}
Step:11	{"loss": {"full191test_loss": 0.03218646438754335}, "step": 11}
Step:12	{"loss": {"full191train_loss": 0.021430928199017634}, "step": 12}
Step:12	{"loss": {"full191test_loss": 0.03210328793039127}, "step": 12}
Step:13	{"loss": {"full191train_loss": 0.02114186912286477}, "step": 13}
Step:13	{"loss": {"full191test_loss": 0.03237143584660122}, "step": 13}
Step:14	{"loss": {"full191train_loss": 0.020307933697935012}, "step": 14}
Step:14	{"loss": {"full191test_loss": 0.03201586859566825}, "step": 14}
Step:15	{"loss": {"full191train_loss": 0.01917819507786485}, "step": 15}
Step:15	{"loss": {"full191test_loss": 0.03226332761803452}, "step": 15}
Step:16	{"loss": {"full191train_loss": 0.01814036877428899}, "step": 16}
Step:16	{"loss": {"full191test_loss": 0.03377268995557513}, "step": 16}
Step:17	{"loss": {"full191train_loss": 0.016630800043950317}, "step": 17}
Step:17	{"loss": {"full191test_loss": 0.03332644822646161}, "step": 17}
Step:18	{"loss": {"full191train_loss": 0.016618664147423915}, "step": 18}
Step:18	{"loss": {"full191test_loss": 0.036299257862324616}, "step": 18}
Step:19	{"loss": {"full191train_loss": 0.015224841774487104}, "step": 19}
Step:19	{"loss": {"full191test_loss": 0.03519663518788863}, "step": 19}
Step:20	{"loss": {"full191train_loss": 0.01422743230569558}, "step": 20}
Step:20	{"loss": {"full191test_loss": 0.03814254731548076}, "step": 20}
Step:21	{"loss": {"full191train_loss": 0.013653456187639081}, "step": 21}
Step:21	{"loss": {"full191test_loss": 0.038995248930794854}, "step": 21}
Step:22	{"loss": {"full191train_loss": 0.013903227985882368}, "step": 22}
Step:22	{"loss": {"full191test_loss": 0.03729641194246253}, "step": 22}
Step:23	{"loss": {"full191train_loss": 0.012876384570950368}, "step": 23}
Step:23	{"loss": {"full191test_loss": 0.036710145522137076}, "step": 23}
Step:24	{"loss": {"full191train_loss": 0.012708542776889488}, "step": 24}
Step:24	{"loss": {"full191test_loss": 0.041493255264905035}, "step": 24}
Step:25	{"loss": {"full191train_loss": 0.011628668816363225}, "step": 25}
Step:25	{"loss": {"full191test_loss": 0.04227913642416195}, "step": 25}
Step:26	{"loss": {"full191train_loss": 0.010941053023103808}, "step": 26}
Step:26	{"loss": {"full191test_loss": 0.048667489265909}, "step": 26}
Step:27	{"loss": {"full191train_loss": 0.010429933422901591}, "step": 27}
Step:27	{"loss": {"full191test_loss": 0.046591783056453784}, "step": 27}
Step:28	{"loss": {"full191train_loss": 0.010464530499255071}, "step": 28}
Step:28	{"loss": {"full191test_loss": 0.04778164746809979}, "step": 28}
Step:29	{"loss": {"full191train_loss": 0.008722088376029592}, "step": 29}
Step:29	{"loss": {"full191test_loss": 0.04591359897535675}, "step": 29}
Step:30	{"loss": {"full191train_loss": 0.008783529039289131}, "step": 30}
Step:30	{"loss": {"full191test_loss": 0.048014295344450036}, "step": 30}
Step:31	{"loss": {"full191train_loss": 0.008102458031451116}, "step": 31}
Step:31	{"loss": {"full191test_loss": 0.045718791533489615}, "step": 31}
Step:32	{"loss": {"full191train_loss": 0.007177784306104066}, "step": 32}
Step:32	{"loss": {"full191test_loss": 0.05532452524924765}, "step": 32}
Step:33	{"loss": {"full191train_loss": 0.006932236132074575}, "step": 33}
Step:33	{"loss": {"full191test_loss": 0.05667008672441755}, "step": 33}
Step:34	{"loss": {"full191train_loss": 0.006847899956781356}, "step": 34}
Step:34	{"loss": {"full191test_loss": 0.05325276997624612}, "step": 34}
Step:35	{"loss": {"full191train_loss": 0.006161131331178009}, "step": 35}
Step:35	{"loss": {"full191test_loss": 0.05559653165389081}, "step": 35}
Step:36	{"loss": {"full191train_loss": 0.0057221411681566085}, "step": 36}
Step:36	{"loss": {"full191test_loss": 0.05610678147296516}, "step": 36}
Step:37	{"loss": {"full191train_loss": 0.004274364866194178}, "step": 37}
Step:37	{"loss": {"full191test_loss": 0.05908447868969976}, "step": 37}
Step:38	{"loss": {"full191train_loss": 0.003666923671472268}, "step": 38}
Step:38	{"loss": {"full191test_loss": 0.05778719940964056}, "step": 38}
Step:39	{"loss": {"full191train_loss": 0.00346731357887143}, "step": 39}
Step:39	{"loss": {"full191test_loss": 0.05723297352693519}, "step": 39}
Step:40	{"loss": {"full191train_loss": 0.002511471998496134}, "step": 40}
Step:40	{"loss": {"full191test_loss": 0.0547991334175577}, "step": 40}
Step:41	{"loss": {"full191train_loss": 0.0038332665552858448}, "step": 41}
Step:41	{"loss": {"full191test_loss": 0.05975864858043437}, "step": 41}
Step:42	{"loss": {"full191train_loss": 0.002591177821159363}, "step": 42}
Step:42	{"loss": {"full191test_loss": 0.0636736957394347}, "step": 42}
Step:43	{"loss": {"full191train_loss": 0.002456413673572853}, "step": 43}
Step:43	{"loss": {"full191test_loss": 0.06546676888757823}, "step": 43}
Step:44	{"loss": {"full191train_loss": 0.0020309624369027183}, "step": 44}
Step:44	{"loss": {"full191test_loss": 0.06596885895242496}, "step": 44}
Step:45	{"loss": {"full191train_loss": 0.0015980651388402844}, "step": 45}
Step:45	{"loss": {"full191test_loss": 0.06392588420790069}, "step": 45}
Step:46	{"loss": {"full191train_loss": 0.0024905874103796286}, "step": 46}
Step:46	{"loss": {"full191test_loss": 0.06143177772054867}, "step": 46}
Step:47	{"loss": {"full191train_loss": 0.0014590311978684098}, "step": 47}
Step:47	{"loss": {"full191test_loss": 0.06464921211709782}, "step": 47}
Step:48	{"loss": {"full191train_loss": 0.001335591688507893}, "step": 48}
Step:48	{"loss": {"full191test_loss": 0.06742488608068349}, "step": 48}
Step:49	{"loss": {"full191train_loss": 0.001009717827937642}, "step": 49}
Step:49	{"loss": {"full191test_loss": 0.07747305169397471}, "step": 49}
Step:50	{"loss": {"full191train_loss": 0.0013375890548111963}, "step": 50}
Step:50	{"loss": {"full191test_loss": 0.08177900314331055}, "step": 50}
Step:51	{"loss": {"full191train_loss": 0.0009373860647443865}, "step": 51}
Step:51	{"loss": {"full191test_loss": 0.0729611163236657}, "step": 51}
Step:52	{"loss": {"full191train_loss": 0.0008865069048326524}, "step": 52}
Step:52	{"loss": {"full191test_loss": 0.0754044737134661}, "step": 52}
Step:53	{"loss": {"full191train_loss": 0.0008789686272378828}, "step": 53}
Step:53	{"loss": {"full191test_loss": 0.07014709589432697}, "step": 53}
Step:54	{"loss": {"full191train_loss": 0.0006384949092982245}, "step": 54}
Step:54	{"loss": {"full191test_loss": 0.06887996440031091}, "step": 54}
Step:55	{"loss": {"full191train_loss": 0.0007715644162209307}, "step": 55}
Step:55	{"loss": {"full191test_loss": 0.06610615399419045}, "step": 55}
Step:56	{"loss": {"full191train_loss": 0.000542554637936295}, "step": 56}
Step:56	{"loss": {"full191test_loss": 0.0801530662848025}, "step": 56}
Step:57	{"loss": {"full191train_loss": 0.0004640943141745739}, "step": 57}
Step:57	{"loss": {"full191test_loss": 0.07828233679946588}, "step": 57}
Step:58	{"loss": {"full191train_loss": 0.0008448351968507298}, "step": 58}
Step:58	{"loss": {"full191test_loss": 0.07714447683217573}, "step": 58}
Step:59	{"loss": {"full191train_loss": 0.00041820270726915265}, "step": 59}
Step:59	{"loss": {"full191test_loss": 0.06342955998011998}, "step": 59}
Step:60	{"loss": {"full191train_loss": 0.0004437619850772326}, "step": 60}
Step:60	{"loss": {"full191test_loss": 0.06256643606691945}, "step": 60}
Step:61	{"loss": {"full191train_loss": 0.000818495867682285}, "step": 61}
Step:61	{"loss": {"full191test_loss": 0.06479204917440609}, "step": 61}
Step:62	{"loss": {"full191train_loss": 0.00031569456590003656}, "step": 62}
Step:62	{"loss": {"full191test_loss": 0.07547687024486308}, "step": 62}
Step:63	{"loss": {"full191train_loss": 0.00021538207093711758}, "step": 63}
Step:63	{"loss": {"full191test_loss": 0.08700203409000319}, "step": 63}
Step:64	{"loss": {"full191train_loss": 0.000313908044920593}, "step": 64}
Step:64	{"loss": {"full191test_loss": 0.09006354273581992}, "step": 64}
Step:65	{"loss": {"full191train_loss": 0.00021650291002187573}, "step": 65}
Step:65	{"loss": {"full191test_loss": 0.08965759861225985}, "step": 65}
Step:66	{"loss": {"full191train_loss": 0.0002841669150063249}, "step": 66}
Step:66	{"loss": {"full191test_loss": 0.08272980670539701}, "step": 66}
Step:67	{"loss": {"full191train_loss": 0.0008322700980256815}, "step": 67}
Step:67	{"loss": {"full191test_loss": 0.07955516114526866}, "step": 67}
Step:68	{"loss": {"full191train_loss": 0.00026211258573610274}, "step": 68}
Step:68	{"loss": {"full191test_loss": 0.07947236664441167}, "step": 68}
Step:69	{"loss": {"full191train_loss": 0.00038307447169647844}, "step": 69}
Step:69	{"loss": {"full191test_loss": 0.08146426142478476}, "step": 69}
Step:70	{"loss": {"full191train_loss": 0.00042366758599633075}, "step": 70}
Step:70	{"loss": {"full191test_loss": 0.06971174356888751}, "step": 70}
Step:71	{"loss": {"full191train_loss": 0.0012079953658776204}, "step": 71}
Step:71	{"loss": {"full191test_loss": 0.08003584219484913}, "step": 71}
Step:72	{"loss": {"full191train_loss": 0.0003622726949511981}, "step": 72}
Step:72	{"loss": {"full191test_loss": 0.08945330794976682}, "step": 72}
Step:73	{"loss": {"full191train_loss": 0.0010923947222897263}, "step": 73}
Step:73	{"loss": {"full191test_loss": 0.09773854820095763}, "step": 73}
Step:74	{"loss": {"full191train_loss": 0.00030806532404461845}, "step": 74}
Step:74	{"loss": {"full191test_loss": 0.09300015897166972}, "step": 74}
Step:75	{"loss": {"full191train_loss": 0.0006098980542089119}, "step": 75}
Step:75	{"loss": {"full191test_loss": 0.09354647811578244}, "step": 75}
Step:76	{"loss": {"full191train_loss": 0.00041390662310553377}, "step": 76}
Step:76	{"loss": {"full191test_loss": 0.09005958206799565}, "step": 76}
Step:77	{"loss": {"full191train_loss": 0.00013835001431527686}, "step": 77}
Step:77	{"loss": {"full191test_loss": 0.08789780675148477}, "step": 77}
Step:78	{"loss": {"full191train_loss": 0.00012483095108974175}, "step": 78}
Step:78	{"loss": {"full191test_loss": 0.08691492859198123}, "step": 78}
Step:79	{"loss": {"full191train_loss": 0.0003146543854572734}, "step": 79}
Step:79	{"loss": {"full191test_loss": 0.09295375006539482}, "step": 79}
Step:80	{"loss": {"full191train_loss": 0.00030916010136487055}, "step": 80}
Step:80	{"loss": {"full191test_loss": 0.08361659731183733}, "step": 80}
Step:81	{"loss": {"full191train_loss": 0.0004470421031850283}, "step": 81}
Step:81	{"loss": {"full191test_loss": 0.08841904815362424}, "step": 81}
Step:82	{"loss": {"full191train_loss": 0.0006658628460813742}, "step": 82}
Step:82	{"loss": {"full191test_loss": 0.08543577972723514}, "step": 82}
Step:83	{"loss": {"full191train_loss": 0.00013995434722450912}, "step": 83}
Step:83	{"loss": {"full191test_loss": 0.07943883234140825}, "step": 83}
Step:84	{"loss": {"full191train_loss": 0.00029079002312949444}, "step": 84}
Step:84	{"loss": {"full191test_loss": 0.0854340378119021}, "step": 84}
Step:85	{"loss": {"full191train_loss": 0.00017669413727326472}, "step": 85}
Step:85	{"loss": {"full191test_loss": 0.08766199617969747}, "step": 85}
Step:86	{"loss": {"full191train_loss": 0.0001667689562576716}, "step": 86}
Step:86	{"loss": {"full191test_loss": 0.08106796108946508}, "step": 86}
Step:87	{"loss": {"full191train_loss": 0.00018994701018587486}, "step": 87}
Step:87	{"loss": {"full191test_loss": 0.08828813202527104}, "step": 87}
Step:88	{"loss": {"full191train_loss": 0.00047060377040847404}, "step": 88}
Step:88	{"loss": {"full191test_loss": 0.08359124709148796}, "step": 88}
Step:89	{"loss": {"full191train_loss": 0.00014823314840676355}, "step": 89}
Step:89	{"loss": {"full191test_loss": 0.09424678646788305}, "step": 89}
Step:90	{"loss": {"full191train_loss": 0.00016356804637146779}, "step": 90}
Step:90	{"loss": {"full191test_loss": 0.09887333305514588}, "step": 90}
Step:91	{"loss": {"full191train_loss": 0.00023274890101346814}, "step": 91}
Step:91	{"loss": {"full191test_loss": 0.09386782743492905}, "step": 91}
Step:92	{"loss": {"full191train_loss": 0.00010254827221153212}, "step": 92}
Step:92	{"loss": {"full191test_loss": 0.09807420263485032}, "step": 92}
Step:93	{"loss": {"full191train_loss": 0.00015224583569120188}, "step": 93}
Step:93	{"loss": {"full191test_loss": 0.09590273487324617}, "step": 93}
Step:94	{"loss": {"full191train_loss": 0.00013631079956644872}, "step": 94}
Step:94	{"loss": {"full191test_loss": 0.0980267232778121}, "step": 94}
Step:95	{"loss": {"full191train_loss": 0.0002024047320983449}, "step": 95}
Step:95	{"loss": {"full191test_loss": 0.10234776321722537}, "step": 95}
Step:96	{"loss": {"full191train_loss": 0.00013415886425092573}, "step": 96}
Step:96	{"loss": {"full191test_loss": 0.0946173181339186}, "step": 96}
Step:97	{"loss": {"full191train_loss": 0.00014302201691221019}, "step": 97}
Step:97	{"loss": {"full191test_loss": 0.09651436124529157}, "step": 97}
Step:98	{"loss": {"full191train_loss": 0.00012188323880316782}, "step": 98}
Step:98	{"loss": {"full191test_loss": 0.09078978519050443}, "step": 98}
Step:99	{"loss": {"full191train_loss": 6.398122345448518e-05}, "step": 99}
Step:99	{"loss": {"full191test_loss": 0.09668917558631118}, "step": 99}
Step:100	{"loss": {"full191train_loss": 0.00016500478702001885}, "step": 100}
Step:100	{"loss": {"full191test_loss": 0.09287223037408322}, "step": 100}
Step:1	{"loss": {"zhongtrain_loss": 0.03272804080462847}, "step": 1}
Step:1	{"loss": {"zhongtest_loss": 0.14083227819325972}, "step": 1}
Step:2	{"loss": {"zhongtrain_loss": 0.11459424847462138}, "step": 2}
Step:2	{"loss": {"zhongtest_loss": 0.15838625966286174}, "step": 2}
Step:3	{"loss": {"zhongtrain_loss": 0.08685109654410941}, "step": 3}
Step:3	{"loss": {"zhongtest_loss": 0.2565913297692124}, "step": 3}
Step:4	{"loss": {"zhongtrain_loss": 0.1485651203843414}, "step": 4}
Step:4	{"loss": {"zhongtest_loss": 0.2457348375904317}, "step": 4}
Step:5	{"loss": {"zhongtrain_loss": 0.13216181270411756}, "step": 5}
Step:5	{"loss": {"zhongtest_loss": 0.07760700400994748}, "step": 5}
Step:6	{"loss": {"zhongtrain_loss": 0.05179294210965516}, "step": 6}
Step:6	{"loss": {"zhongtest_loss": 0.08009771911465392}, "step": 6}
Step:7	{"loss": {"zhongtrain_loss": 0.054254320801281536}, "step": 7}
Step:7	{"loss": {"zhongtest_loss": 0.0786426407950265}, "step": 7}
Step:8	{"loss": {"zhongtrain_loss": 0.030666835972520172}, "step": 8}
Step:8	{"loss": {"zhongtest_loss": 0.09390037886950435}, "step": 8}
Step:9	{"loss": {"zhongtrain_loss": 0.019724050506216582}, "step": 9}
Step:9	{"loss": {"zhongtest_loss": 0.06342080174660196}, "step": 9}
Step:10	{"loss": {"zhongtrain_loss": 0.006604786779059738}, "step": 10}
Step:10	{"loss": {"zhongtest_loss": 0.05306119334941008}, "step": 10}
Step:11	{"loss": {"zhongtrain_loss": 0.0048077111361456695}, "step": 11}
Step:11	{"loss": {"zhongtest_loss": 0.03801000848108409}, "step": 11}
Step:12	{"loss": {"zhongtrain_loss": 0.002137564244817515}, "step": 12}
Step:12	{"loss": {"zhongtest_loss": 0.03906460440888697}, "step": 12}
Step:13	{"loss": {"zhongtrain_loss": 0.0031711266177599545}, "step": 13}
Step:13	{"loss": {"zhongtest_loss": 0.034430443024148744}, "step": 13}
Step:14	{"loss": {"zhongtrain_loss": 0.0004971809379878591}, "step": 14}
Step:14	{"loss": {"zhongtest_loss": 0.04021575986122598}, "step": 14}
Step:15	{"loss": {"zhongtrain_loss": 0.0007265382980714079}, "step": 15}
Step:15	{"loss": {"zhongtest_loss": 0.04337238292304837}, "step": 15}
Step:16	{"loss": {"zhongtrain_loss": 0.0004002599992224428}, "step": 16}
Step:16	{"loss": {"zhongtest_loss": 0.04411431721278599}, "step": 16}
Step:17	{"loss": {"zhongtrain_loss": 0.0003403127193450928}, "step": 17}
Step:17	{"loss": {"zhongtest_loss": 0.0456209523337228}, "step": 17}
Step:18	{"loss": {"zhongtrain_loss": 0.000465894667584388}, "step": 18}
Step:18	{"loss": {"zhongtest_loss": 0.047332223580808054}, "step": 18}
Step:19	{"loss": {"zhongtrain_loss": 0.0003463940420111672}, "step": 19}
Step:19	{"loss": {"zhongtest_loss": 0.048058991529503645}, "step": 19}
Step:20	{"loss": {"zhongtrain_loss": 0.00017172629471685064}, "step": 20}
Step:20	{"loss": {"zhongtest_loss": 0.04821891687354263}, "step": 20}
Step:21	{"loss": {"zhongtrain_loss": 9.297084093826715e-05}, "step": 21}
Step:21	{"loss": {"zhongtest_loss": 0.048005045676717956}, "step": 21}
Step:22	{"loss": {"zhongtrain_loss": 6.492035921479835e-05}, "step": 22}
Step:22	{"loss": {"zhongtest_loss": 0.048229266186149755}, "step": 22}
Step:23	{"loss": {"zhongtrain_loss": 4.7654501299877634e-05}, "step": 23}
Step:23	{"loss": {"zhongtest_loss": 0.04809003460163973}, "step": 23}
Step:24	{"loss": {"zhongtrain_loss": 3.505442825863596e-05}, "step": 24}
Step:24	{"loss": {"zhongtest_loss": 0.04778239678363411}, "step": 24}
Step:25	{"loss": {"zhongtrain_loss": 2.579371918176041e-05}, "step": 25}
Step:25	{"loss": {"zhongtest_loss": 0.04757822289758799}, "step": 25}
Step:26	{"loss": {"zhongtrain_loss": 1.8964420439156353e-05}, "step": 26}
Step:26	{"loss": {"zhongtest_loss": 0.047170006498998523}, "step": 26}
Step:27	{"loss": {"zhongtrain_loss": 1.4681182038344321e-05}, "step": 27}
Step:27	{"loss": {"zhongtest_loss": 0.046766397904376596}, "step": 27}
Step:28	{"loss": {"zhongtrain_loss": 1.2257604928473468e-05}, "step": 28}
Step:28	{"loss": {"zhongtest_loss": 0.0463636505360506}, "step": 28}
Step:29	{"loss": {"zhongtrain_loss": 1.0967716483063385e-05}, "step": 29}
Step:29	{"loss": {"zhongtest_loss": 0.04592970925934461}, "step": 29}
Step:30	{"loss": {"zhongtrain_loss": 1.0242557809611812e-05}, "step": 30}
Step:30	{"loss": {"zhongtest_loss": 0.04552160477151676}, "step": 30}
Step:31	{"loss": {"zhongtrain_loss": 9.765093726273932e-06}, "step": 31}
Step:31	{"loss": {"zhongtest_loss": 0.04518485555843431}, "step": 31}
Step:32	{"loss": {"zhongtrain_loss": 9.414976554327324e-06}, "step": 32}
Step:32	{"loss": {"zhongtest_loss": 0.04497885217471999}, "step": 32}
Step:33	{"loss": {"zhongtrain_loss": 9.000234565407527e-06}, "step": 33}
Step:33	{"loss": {"zhongtest_loss": 0.044895833852339764}, "step": 33}
Step:34	{"loss": {"zhongtrain_loss": 8.547516371749463e-06}, "step": 34}
Step:34	{"loss": {"zhongtest_loss": 0.04485858216577647}, "step": 34}
Step:35	{"loss": {"zhongtrain_loss": 8.057502335029058e-06}, "step": 35}
Step:35	{"loss": {"zhongtest_loss": 0.04489981398290517}, "step": 35}
Step:36	{"loss": {"zhongtrain_loss": 7.489069697034897e-06}, "step": 36}
Step:36	{"loss": {"zhongtest_loss": 0.044965092016726126}, "step": 36}
Step:37	{"loss": {"zhongtrain_loss": 6.913176459092341e-06}, "step": 37}
Step:37	{"loss": {"zhongtest_loss": 0.04504611054245306}, "step": 37}
Step:38	{"loss": {"zhongtrain_loss": 6.283217369288694e-06}, "step": 38}
Step:38	{"loss": {"zhongtest_loss": 0.04511579688714475}, "step": 38}
Step:39	{"loss": {"zhongtrain_loss": 5.6929974129698314e-06}, "step": 39}
Step:39	{"loss": {"zhongtest_loss": 0.04521089184040926}, "step": 39}
Step:40	{"loss": {"zhongtrain_loss": 5.1485148418816875e-06}, "step": 40}
Step:40	{"loss": {"zhongtest_loss": 0.045286626231913665}, "step": 40}
Step:41	{"loss": {"zhongtrain_loss": 4.647146017275384e-06}, "step": 41}
Step:41	{"loss": {"zhongtest_loss": 0.04536059924534389}, "step": 41}
Step:42	{"loss": {"zhongtrain_loss": 4.283382965740366e-06}, "step": 42}
Step:42	{"loss": {"zhongtest_loss": 0.04539568083626883}, "step": 42}
Step:43	{"loss": {"zhongtrain_loss": 3.963318361412184e-06}, "step": 43}
Step:43	{"loss": {"zhongtest_loss": 0.045481263374795716}, "step": 43}
Step:44	{"loss": {"zhongtrain_loss": 3.6834649928677523e-06}, "step": 44}
Step:44	{"loss": {"zhongtest_loss": 0.045532328741891046}, "step": 44}
Step:45	{"loss": {"zhongtrain_loss": 3.4415627806829134e-06}, "step": 45}
Step:45	{"loss": {"zhongtest_loss": 0.045580610937001755}, "step": 45}
Step:46	{"loss": {"zhongtrain_loss": 3.2294931874961636e-06}, "step": 46}
Step:46	{"loss": {"zhongtest_loss": 0.045644521713256836}, "step": 46}
Step:47	{"loss": {"zhongtrain_loss": 3.041568084345123e-06}, "step": 47}
Step:47	{"loss": {"zhongtest_loss": 0.045683899704290896}, "step": 47}
Step:48	{"loss": {"zhongtrain_loss": 2.86416139178833e-06}, "step": 48}
Step:48	{"loss": {"zhongtest_loss": 0.045721939631870816}, "step": 48}
Step:49	{"loss": {"zhongtrain_loss": 2.7200983852514476e-06}, "step": 49}
Step:49	{"loss": {"zhongtest_loss": 0.04575798949416803}, "step": 49}
Step:50	{"loss": {"zhongtrain_loss": 2.5841625040916148e-06}, "step": 50}
Step:50	{"loss": {"zhongtest_loss": 0.04579237042641153}, "step": 50}
Step:51	{"loss": {"zhongtrain_loss": 2.4588457041526915e-06}, "step": 51}
Step:51	{"loss": {"zhongtest_loss": 0.045814791504217654}, "step": 51}
Step:52	{"loss": {"zhongtrain_loss": 2.348672915402739e-06}, "step": 52}
Step:52	{"loss": {"zhongtest_loss": 0.04582531598149514}, "step": 52}
Step:53	{"loss": {"zhongtrain_loss": 2.2494744177388606e-06}, "step": 53}
Step:53	{"loss": {"zhongtest_loss": 0.04586212002501196}, "step": 53}
Step:54	{"loss": {"zhongtrain_loss": 2.153540320205884e-06}, "step": 54}
Step:54	{"loss": {"zhongtest_loss": 0.04587238662096919}, "step": 54}
Step:55	{"loss": {"zhongtrain_loss": 2.0756312745211068e-06}, "step": 55}
Step:55	{"loss": {"zhongtest_loss": 0.045865156212631535}, "step": 55}
Step:56	{"loss": {"zhongtrain_loss": 1.9995789100858763e-06}, "step": 56}
Step:56	{"loss": {"zhongtest_loss": 0.04587789944240025}, "step": 56}
Step:57	{"loss": {"zhongtrain_loss": 1.9322980107495288e-06}, "step": 57}
Step:57	{"loss": {"zhongtest_loss": 0.045898359649035395}, "step": 57}
Step:58	{"loss": {"zhongtrain_loss": 1.8632867455589356e-06}, "step": 58}
Step:58	{"loss": {"zhongtest_loss": 0.045917618031404456}, "step": 58}
Step:59	{"loss": {"zhongtrain_loss": 1.8056744011119008e-06}, "step": 59}
Step:59	{"loss": {"zhongtest_loss": 0.04592420616928412}, "step": 59}
Step:60	{"loss": {"zhongtrain_loss": 1.7501749470448274e-06}, "step": 60}
Step:60	{"loss": {"zhongtest_loss": 0.045919179916381836}, "step": 60}
Step:61	{"loss": {"zhongtrain_loss": 1.6976848767581778e-06}, "step": 61}
Step:61	{"loss": {"zhongtest_loss": 0.04591762776277503}, "step": 61}
Step:62	{"loss": {"zhongtrain_loss": 1.6583248087372935e-06}, "step": 62}
Step:62	{"loss": {"zhongtest_loss": 0.045912153866826275}, "step": 62}
Step:63	{"loss": {"zhongtrain_loss": 1.6179705586391272e-06}, "step": 63}
Step:63	{"loss": {"zhongtest_loss": 0.04591828949597417}, "step": 63}
Step:64	{"loss": {"zhongtrain_loss": 1.581684045959264e-06}, "step": 64}
Step:64	{"loss": {"zhongtest_loss": 0.045907789347123126}, "step": 64}
Step:65	{"loss": {"zhongtrain_loss": 1.5450766754764148e-06}, "step": 65}
Step:65	{"loss": {"zhongtest_loss": 0.0459061252827547}, "step": 65}
Step:66	{"loss": {"zhongtrain_loss": 1.5105508252611902e-06}, "step": 66}
Step:66	{"loss": {"zhongtest_loss": 0.045899113830255}, "step": 66}
Step:67	{"loss": {"zhongtrain_loss": 1.4794196267459603e-06}, "step": 67}
Step:67	{"loss": {"zhongtest_loss": 0.04589335285887426}, "step": 67}
Step:68	{"loss": {"zhongtrain_loss": 1.447872148032804e-06}, "step": 68}
Step:68	{"loss": {"zhongtest_loss": 0.04588444865479761}, "step": 68}
Step:69	{"loss": {"zhongtrain_loss": 1.4202632286708008e-06}, "step": 69}
Step:69	{"loss": {"zhongtest_loss": 0.04586948180685238}, "step": 69}
Step:70	{"loss": {"zhongtrain_loss": 1.39268651436709e-06}, "step": 70}
Step:70	{"loss": {"zhongtest_loss": 0.04586709275537608}, "step": 70}
Step:71	{"loss": {"zhongtrain_loss": 1.3677039771478195e-06}, "step": 71}
Step:71	{"loss": {"zhongtest_loss": 0.04586416847851812}, "step": 71}
Step:72	{"loss": {"zhongtrain_loss": 1.3432976719159938e-06}, "step": 72}
Step:72	{"loss": {"zhongtest_loss": 0.04585515722936513}, "step": 72}
Step:73	{"loss": {"zhongtrain_loss": 1.3184430007059432e-06}, "step": 73}
Step:73	{"loss": {"zhongtest_loss": 0.0458416646840621}, "step": 73}
Step:74	{"loss": {"zhongtrain_loss": 1.2950931406640982e-06}, "step": 74}
Step:74	{"loss": {"zhongtest_loss": 0.04583855064547792}, "step": 74}
Step:75	{"loss": {"zhongtrain_loss": 1.2749467296983864e-06}, "step": 75}
Step:75	{"loss": {"zhongtest_loss": 0.045831232654805085}, "step": 75}
Step:76	{"loss": {"zhongtrain_loss": 1.2549918791905167e-06}, "step": 76}
Step:76	{"loss": {"zhongtest_loss": 0.04581439738370934}, "step": 76}
Step:77	{"loss": {"zhongtrain_loss": 1.2326989414506272e-06}, "step": 77}
Step:77	{"loss": {"zhongtest_loss": 0.045797158260734716}, "step": 77}
Step:78	{"loss": {"zhongtrain_loss": 1.2137692852983953e-06}, "step": 78}
Step:78	{"loss": {"zhongtest_loss": 0.04578293099695323}, "step": 78}
Step:79	{"loss": {"zhongtrain_loss": 1.1958002941072232e-06}, "step": 79}
Step:79	{"loss": {"zhongtest_loss": 0.04576307413529376}, "step": 79}
Step:80	{"loss": {"zhongtrain_loss": 1.1783755684011905e-06}, "step": 80}
Step:80	{"loss": {"zhongtest_loss": 0.04575119213182099}, "step": 80}
Step:81	{"loss": {"zhongtrain_loss": 1.1626487649351237e-06}, "step": 81}
Step:81	{"loss": {"zhongtest_loss": 0.04574629725242148}, "step": 81}
Step:82	{"loss": {"zhongtrain_loss": 1.1475622457391048e-06}, "step": 82}
Step:82	{"loss": {"zhongtest_loss": 0.045734843429254025}, "step": 82}
Step:83	{"loss": {"zhongtrain_loss": 1.13237946920219e-06}, "step": 83}
Step:83	{"loss": {"zhongtest_loss": 0.045727155646499325}, "step": 83}
Step:84	{"loss": {"zhongtrain_loss": 1.1189586671878447e-06}, "step": 84}
Step:84	{"loss": {"zhongtest_loss": 0.04571591104779925}, "step": 84}
Step:85	{"loss": {"zhongtrain_loss": 1.105729544909335e-06}, "step": 85}
Step:85	{"loss": {"zhongtest_loss": 0.045696151499845544}, "step": 85}
Step:86	{"loss": {"zhongtrain_loss": 1.093301732192335e-06}, "step": 86}
Step:86	{"loss": {"zhongtest_loss": 0.04568104354702696}, "step": 86}
Step:87	{"loss": {"zhongtrain_loss": 1.0814501514627797e-06}, "step": 87}
Step:87	{"loss": {"zhongtest_loss": 0.04567092778731366}, "step": 87}
Step:88	{"loss": {"zhongtrain_loss": 1.0694703468900236e-06}, "step": 88}
Step:88	{"loss": {"zhongtest_loss": 0.045657070315614036}, "step": 88}
Step:89	{"loss": {"zhongtrain_loss": 1.0586436026821248e-06}, "step": 89}
Step:89	{"loss": {"zhongtest_loss": 0.04564360696442273}, "step": 89}
Step:90	{"loss": {"zhongtrain_loss": 1.047272473711093e-06}, "step": 90}
Step:90	{"loss": {"zhongtest_loss": 0.045641232510002294}, "step": 90}
Step:91	{"loss": {"zhongtrain_loss": 1.0346520270343075e-06}, "step": 91}
Step:91	{"loss": {"zhongtest_loss": 0.04563992850634516}, "step": 91}
Step:92	{"loss": {"zhongtrain_loss": 1.0240175589522133e-06}, "step": 92}
Step:92	{"loss": {"zhongtest_loss": 0.04562506870347626}, "step": 92}
Step:93	{"loss": {"zhongtrain_loss": 1.0125180868599868e-06}, "step": 93}
Step:93	{"loss": {"zhongtest_loss": 0.04562249962164431}, "step": 93}
Step:94	{"loss": {"zhongtrain_loss": 1.001723428432387e-06}, "step": 94}
Step:94	{"loss": {"zhongtest_loss": 0.0456258131533253}, "step": 94}
Step:95	{"loss": {"zhongtrain_loss": 9.908645984441896e-07}, "step": 95}
Step:95	{"loss": {"zhongtest_loss": 0.0456197943006243}, "step": 95}
Step:96	{"loss": {"zhongtrain_loss": 9.801661377184887e-07}, "step": 96}
Step:96	{"loss": {"zhongtest_loss": 0.04560836967156858}, "step": 96}
Step:97	{"loss": {"zhongtrain_loss": 9.709088533513676e-07}, "step": 97}
Step:97	{"loss": {"zhongtest_loss": 0.04559546100850008}, "step": 97}
Step:98	{"loss": {"zhongtrain_loss": 9.628047486270976e-07}, "step": 98}
Step:98	{"loss": {"zhongtest_loss": 0.04558568098107163}, "step": 98}
Step:99	{"loss": {"zhongtrain_loss": 9.539639233748932e-07}, "step": 99}
Step:99	{"loss": {"zhongtest_loss": 0.04556667561433753}, "step": 99}
Step:100	{"loss": {"zhongtrain_loss": 9.44930643079894e-07}, "step": 100}
Step:100	{"loss": {"zhongtest_loss": 0.045562739274939715}, "step": 100}
