{"metric": {"full191": 0.20408163265306123}}
{"metric": {"full191UAR": 0.159864}}
{"metric": {"full191f1": 0.132318}}
{"metric": {"full191wa": 0.542486}}
{"metric": {"full191": 0.30612244897959184}}
{"metric": {"full191wa": 0.769096}}
{"metric": {"full191UAR": 0.196324}}
{"metric": {"full191f1": 0.170591}}
{"metric": {"full191": 0.30612244897959184}}
{"metric": {"full191wa": 0.821429}}
{"metric": {"full191": 0.3469387755102041}}
{"metric": {"full191f1": 0.177706}}
{"metric": {"full191": 0.3673469387755102}}
{"metric": {"full191": 0.3673469387755102}}
{"metric": {"full191": 0.3673469387755102}}
{"metric": {"full191f1": 0.195788}}
{"metric": {"full191": 0.40816326530612246}}
{"metric": {"full191f1": 0.225162}}
{"metric": {"full191UAR": 0.219888}}
{"metric": {"full191": 0.42857142857142855}}
{"metric": {"full191UAR": 0.244164}}
{"metric": {"full191f1": 0.249388}}
{"metric": {"full191": 0.46938775510204084}}
{"metric": {"full191UAR": 0.401761}}
{"metric": {"full191f1": 0.294419}}
{"metric": {"full191wa": 0.850252}}
{"metric": {"full191": 0.4897959183673469}}
{"metric": {"full191f1": 0.320609}}
{"metric": {"full191f1": 0.327875}}
{"metric": {"full191": 0.4897959183673469}}
{"metric": {"full191": 0.5102040816326531}}
{"metric": {"full191f1": 0.339683}}
{"metric": {"full191UAR": 0.433807}}
{"metric": {"full191": 0.5306122448979592}}
{"metric": {"full191UAR": 0.488278}}
{"metric": {"full191f1": 0.397279}}
{"metric": {"full191": 0.5510204081632653}}
{"metric": {"full191f1": 0.429848}}
{"metric": {"full191": 0.5510204081632653}}
{"metric": {"full191f1": 0.43888}}
{"metric": {"full191": 0.5510204081632653}}
{"metric": {"full191f1": 0.465285}}
{"metric": {"full191UAR": 0.517007}}
{"metric": {"full191": 0.5918367346938775}}
{"metric": {"full191f1": 0.477658}}
{"metric": {"full191": 0.6122448979591837}}
{"metric": {"full191UAR": 0.52381}}
{"metric": {"full191f1": 0.500999}}
{"metric": {"full191UAR": 0.531169}}
{"metric": {"full191UAR": 0.55102}}
{"metric": {"full191": 0.6122448979591837}}
{"metric": {"zhong": 0.2857142857142857}}
{"metric": {"zhongUAR": 0.130612}}
{"metric": {"zhongf1": 0.14804}}
{"metric": {"zhongwa": 0.644898}}
{"metric": {"zhongwa": 0.979592}}
{"metric": {"zhong": 0.2857142857142857}}
{"metric": {"zhongUAR": 0.137455}}
{"metric": {"zhongf1": 0.16369}}
{"metric": {"zhongUAR": 0.14867}}
{"metric": {"zhongUAR": 0.234127}}
{"metric": {"zhong": 0.2857142857142857}}
{"metric": {"zhong": 0.30612244897959184}}
{"metric": {"zhong": 0.30612244897959184}}
{"metric": {"zhong": 0.32653061224489793}}
{"metric": {"zhongf1": 0.172233}}
{"metric": {"zhong": 0.3469387755102041}}
{"metric": {"zhongf1": 0.198473}}
{"metric": {"zhongUAR": 0.291837}}
{"metric": {"full191": 0.16326530612244897}}
{"metric": {"full191UAR": 0.112812}}
{"metric": {"full191f1": 0.131182}}
{"metric": {"full191wa": 0.31312}}
{"metric": {"full191": 0.1836734693877551}}
{"metric": {"full191UAR": 0.175397}}
{"metric": {"full191f1": 0.136224}}
{"metric": {"full191wa": 0.702624}}
{"metric": {"full191": 0.20408163265306123}}
{"metric": {"full191": 0.2857142857142857}}
{"metric": {"full191UAR": 0.191327}}
{"metric": {"full191f1": 0.204141}}
{"metric": {"full191": 0.3469387755102041}}
{"metric": {"full191UAR": 0.304762}}
{"metric": {"full191f1": 0.266234}}
{"metric": {"full191": 0.3673469387755102}}
{"metric": {"full191wa": 0.759767}}
{"metric": {"full191": 0.40816326530612246}}
{"metric": {"full191wa": 0.769679}}
{"metric": {"full191": 0.42857142857142855}}
{"metric": {"full191wa": 0.81895}}
{"metric": {"full191UAR": 0.351504}}
{"metric": {"full191f1": 0.273431}}
{"metric": {"full191UAR": 0.383438}}
{"metric": {"full191f1": 0.283263}}
{"metric": {"full191f1": 0.300372}}
{"metric": {"full191": 0.4897959183673469}}
{"metric": {"full191UAR": 0.457483}}
{"metric": {"full191f1": 0.37525}}
{"metric": {"full191UAR": 0.460606}}
{"metric": {"full191": 0.5510204081632653}}
{"metric": {"full191f1": 0.401201}}
{"metric": {"full191UAR": 0.472222}}
{"metric": {"full191UAR": 0.546259}}
{"metric": {"full191f1": 0.407406}}
{"metric": {"zhong": 0.2857142857142857}}
{"metric": {"zhongUAR": 0.046512}}
{"metric": {"zhongf1": 0.070175}}
{"metric": {"zhongwa": 0.877551}}
{"metric": {"zhongUAR": 0.062925}}
{"metric": {"zhongf1": 0.098214}}
{"metric": {"zhong": 0.2857142857142857}}
{"metric": {"zhongUAR": 0.11036}}
{"metric": {"zhongf1": 0.150718}}
{"metric": {"zhongwa": 1.0}}
{"metric": {"zhongUAR": 0.130252}}
{"metric": {"zhongUAR": 0.264286}}
{"metric": {"zhongf1": 0.168126}}
{"metric": {"zhong": 0.32653061224489793}}
{"metric": {"zhongUAR": 0.285861}}
{"metric": {"zhongf1": 0.198754}}
{"metric": {"zhongUAR": 0.309524}}
{"metric": {"zhongf1": 0.235897}}
