Step:1	{"loss": {"full191train_loss": 0.0542591182809127}, "step": 1}
Step:1	{"loss": {"full191test_loss": 0.0401199788463359}, "step": 1}
Step:2	{"loss": {"full191train_loss": 0.047643338379107024}, "step": 2}
Step:2	{"loss": {"full191test_loss": 0.039465480921219806}, "step": 2}
Step:3	{"loss": {"full191train_loss": 0.044382070240221526}, "step": 3}
Step:3	{"loss": {"full191test_loss": 0.04116588222737215}, "step": 3}
Step:4	{"loss": {"full191train_loss": 0.04408330352682816}, "step": 4}
Step:4	{"loss": {"full191test_loss": 0.04110224879517847}, "step": 4}
Step:5	{"loss": {"full191train_loss": 0.044189013932880605}, "step": 5}
Step:5	{"loss": {"full191test_loss": 0.043230022702898295}, "step": 5}
Step:6	{"loss": {"full191train_loss": 0.04376479199058131}, "step": 6}
Step:6	{"loss": {"full191test_loss": 0.04181699363552794}, "step": 6}
Step:7	{"loss": {"full191train_loss": 0.04134059893457513}, "step": 7}
Step:7	{"loss": {"full191test_loss": 0.042788773166890046}, "step": 7}
Step:8	{"loss": {"full191train_loss": 0.039861199102903665}, "step": 8}
Step:8	{"loss": {"full191test_loss": 0.042684029559699854}, "step": 8}
Step:9	{"loss": {"full191train_loss": 0.03981034065547742}, "step": 9}
Step:9	{"loss": {"full191test_loss": 0.040924704804712414}, "step": 9}
Step:10	{"loss": {"full191train_loss": 0.03769241194976004}, "step": 10}
Step:10	{"loss": {"full191test_loss": 0.038624741593185734}, "step": 10}
Step:11	{"loss": {"full191train_loss": 0.036319428368618616}, "step": 11}
Step:11	{"loss": {"full191test_loss": 0.03881108274265212}, "step": 11}
Step:12	{"loss": {"full191train_loss": 0.03516290062352231}, "step": 12}
Step:12	{"loss": {"full191test_loss": 0.03781468284373381}, "step": 12}
Step:13	{"loss": {"full191train_loss": 0.0344766566627904}, "step": 13}
Step:13	{"loss": {"full191test_loss": 0.03748712977584528}, "step": 13}
Step:14	{"loss": {"full191train_loss": 0.03526705817172402}, "step": 14}
Step:14	{"loss": {"full191test_loss": 0.037870879075965105}, "step": 14}
Step:15	{"loss": {"full191train_loss": 0.033162907550209446}, "step": 15}
Step:15	{"loss": {"full191test_loss": 0.03746462354854661}, "step": 15}
Step:16	{"loss": {"full191train_loss": 0.03126137193880583}, "step": 16}
Step:16	{"loss": {"full191test_loss": 0.03886352266584124}, "step": 16}
Step:17	{"loss": {"full191train_loss": 0.030891390223252147}, "step": 17}
Step:17	{"loss": {"full191test_loss": 0.03774181434086391}, "step": 17}
Step:18	{"loss": {"full191train_loss": 0.028916603640506144}, "step": 18}
Step:18	{"loss": {"full191test_loss": 0.04003224567491181}, "step": 18}
Step:19	{"loss": {"full191train_loss": 0.028118842526486044}, "step": 19}
Step:19	{"loss": {"full191test_loss": 0.04253882291365643}, "step": 19}
Step:20	{"loss": {"full191train_loss": 0.028500531849108245}, "step": 20}
Step:20	{"loss": {"full191test_loss": 0.042165800016753525}, "step": 20}
Step:21	{"loss": {"full191train_loss": 0.0291112504507366}, "step": 21}
Step:21	{"loss": {"full191test_loss": 0.0433845228078414}, "step": 21}
Step:22	{"loss": {"full191train_loss": 0.028021435988576787}, "step": 22}
Step:22	{"loss": {"full191test_loss": 0.03888153543277663}, "step": 22}
Step:23	{"loss": {"full191train_loss": 0.02767860575726158}, "step": 23}
Step:23	{"loss": {"full191test_loss": 0.03467247194173385}, "step": 23}
Step:24	{"loss": {"full191train_loss": 0.025728213159661544}, "step": 24}
Step:24	{"loss": {"full191test_loss": 0.03339560177861428}, "step": 24}
Step:25	{"loss": {"full191train_loss": 0.023926430626919393}, "step": 25}
Step:25	{"loss": {"full191test_loss": 0.03345379537465621}, "step": 25}
Step:26	{"loss": {"full191train_loss": 0.02322331227754292}, "step": 26}
Step:26	{"loss": {"full191test_loss": 0.03502223443011848}, "step": 26}
Step:27	{"loss": {"full191train_loss": 0.023273275086754246}, "step": 27}
Step:27	{"loss": {"full191test_loss": 0.035678036358891704}, "step": 27}
Step:28	{"loss": {"full191train_loss": 0.023268360840646846}, "step": 28}
Step:28	{"loss": {"full191test_loss": 0.03513743926067742}, "step": 28}
Step:29	{"loss": {"full191train_loss": 0.01999321736787495}, "step": 29}
Step:29	{"loss": {"full191test_loss": 0.03246763044474076}, "step": 29}
Step:30	{"loss": {"full191train_loss": 0.019073211833050375}, "step": 30}
Step:30	{"loss": {"full191test_loss": 0.035607549608970175}, "step": 30}
Step:31	{"loss": {"full191train_loss": 0.020318779506181415}, "step": 31}
Step:31	{"loss": {"full191test_loss": 0.034166255775763064}, "step": 31}
Step:32	{"loss": {"full191train_loss": 0.017115048672023573}, "step": 32}
Step:32	{"loss": {"full191test_loss": 0.030137030445799535}, "step": 32}
Step:33	{"loss": {"full191train_loss": 0.016806931872116893}, "step": 33}
Step:33	{"loss": {"full191test_loss": 0.03212456070646948}, "step": 33}
Step:34	{"loss": {"full191train_loss": 0.01596839804398386}, "step": 34}
Step:34	{"loss": {"full191test_loss": 0.02807239123753139}, "step": 34}
Step:35	{"loss": {"full191train_loss": 0.015314045705293355}, "step": 35}
Step:35	{"loss": {"full191test_loss": 0.03023184318931735}, "step": 35}
Step:36	{"loss": {"full191train_loss": 0.013895124197006226}, "step": 36}
Step:36	{"loss": {"full191test_loss": 0.0324870761559934}, "step": 36}
Step:37	{"loss": {"full191train_loss": 0.014377625365006296}, "step": 37}
Step:37	{"loss": {"full191test_loss": 0.02911475239967813}, "step": 37}
Step:38	{"loss": {"full191train_loss": 0.012359373663601122}, "step": 38}
Step:38	{"loss": {"full191test_loss": 0.030090577748357033}, "step": 38}
Step:39	{"loss": {"full191train_loss": 0.012111169727225053}, "step": 39}
Step:39	{"loss": {"full191test_loss": 0.029601374450994998}, "step": 39}
Step:40	{"loss": {"full191train_loss": 0.012123750228630869}, "step": 40}
Step:40	{"loss": {"full191test_loss": 0.034552104619084575}, "step": 40}
Step:41	{"loss": {"full191train_loss": 0.011316828037563124}, "step": 41}
Step:41	{"loss": {"full191test_loss": 0.030352750603033572}, "step": 41}
Step:42	{"loss": {"full191train_loss": 0.010642936355189273}, "step": 42}
Step:42	{"loss": {"full191test_loss": 0.0333712100982666}, "step": 42}
Step:43	{"loss": {"full191train_loss": 0.008778535221752367}, "step": 43}
Step:43	{"loss": {"full191test_loss": 0.032648149801760305}, "step": 43}
Step:44	{"loss": {"full191train_loss": 0.008082432966483267}, "step": 44}
Step:44	{"loss": {"full191test_loss": 0.030055474261848295}, "step": 44}
Step:45	{"loss": {"full191train_loss": 0.010444758754027518}, "step": 45}
Step:45	{"loss": {"full191test_loss": 0.03586724826267788}, "step": 45}
Step:46	{"loss": {"full191train_loss": 0.00877384370879123}, "step": 46}
Step:46	{"loss": {"full191test_loss": 0.036507961701373666}, "step": 46}
Step:47	{"loss": {"full191train_loss": 0.00807773674789228}, "step": 47}
Step:47	{"loss": {"full191test_loss": 0.03494518143790109}, "step": 47}
Step:48	{"loss": {"full191train_loss": 0.0074431833467985455}, "step": 48}
Step:48	{"loss": {"full191test_loss": 0.03721000223743672}, "step": 48}
Step:49	{"loss": {"full191train_loss": 0.0057844072580337524}, "step": 49}
Step:49	{"loss": {"full191test_loss": 0.03653224876948765}, "step": 49}
Step:50	{"loss": {"full191train_loss": 0.006105645706779079}, "step": 50}
Step:50	{"loss": {"full191test_loss": 0.041313356282759686}, "step": 50}
Step:51	{"loss": {"full191train_loss": 0.005263279535268482}, "step": 51}
Step:51	{"loss": {"full191test_loss": 0.0421713079724993}, "step": 51}
Step:52	{"loss": {"full191train_loss": 0.0062614200930846365}, "step": 52}
Step:52	{"loss": {"full191test_loss": 0.04001058850969587}, "step": 52}
Step:53	{"loss": {"full191train_loss": 0.0040988012364036154}, "step": 53}
Step:53	{"loss": {"full191test_loss": 0.04957386425563267}, "step": 53}
Step:54	{"loss": {"full191train_loss": 0.00446178293541858}, "step": 54}
Step:54	{"loss": {"full191test_loss": 0.04631956742734325}, "step": 54}
Step:55	{"loss": {"full191train_loss": 0.004536029147474389}, "step": 55}
Step:55	{"loss": {"full191test_loss": 0.04313473798790757}, "step": 55}
Step:56	{"loss": {"full191train_loss": 0.004361173824260109}, "step": 56}
Step:56	{"loss": {"full191test_loss": 0.04264884092369858}, "step": 56}
Step:57	{"loss": {"full191train_loss": 0.00300036409967824}, "step": 57}
Step:57	{"loss": {"full191test_loss": 0.039018764787790726}, "step": 57}
Step:58	{"loss": {"full191train_loss": 0.002513523164548372}, "step": 58}
Step:58	{"loss": {"full191test_loss": 0.047424112047467916}, "step": 58}
Step:59	{"loss": {"full191train_loss": 0.003856030341825987}, "step": 59}
Step:59	{"loss": {"full191test_loss": 0.04204942742172552}, "step": 59}
Step:60	{"loss": {"full191train_loss": 0.0030457042157649994}, "step": 60}
Step:60	{"loss": {"full191test_loss": 0.04468586493511589}, "step": 60}
Step:61	{"loss": {"full191train_loss": 0.0038315359699098686}, "step": 61}
Step:61	{"loss": {"full191test_loss": 0.048080118335023216}, "step": 61}
Step:62	{"loss": {"full191train_loss": 0.0016443328441757906}, "step": 62}
Step:62	{"loss": {"full191test_loss": 0.04791205269949777}, "step": 62}
Step:63	{"loss": {"full191train_loss": 0.0016303617311151403}, "step": 63}
Step:63	{"loss": {"full191test_loss": 0.04873101078734106}, "step": 63}
Step:64	{"loss": {"full191train_loss": 0.002743639051914215}, "step": 64}
Step:64	{"loss": {"full191test_loss": 0.04767793538619061}, "step": 64}
Step:65	{"loss": {"full191train_loss": 0.0019049707211946185}, "step": 65}
Step:65	{"loss": {"full191test_loss": 0.047005663112718234}, "step": 65}
Step:66	{"loss": {"full191train_loss": 0.001379181875994331}, "step": 66}
Step:66	{"loss": {"full191test_loss": 0.050475821203115036}, "step": 66}
Step:67	{"loss": {"full191train_loss": 0.0013736278602951451}, "step": 67}
Step:67	{"loss": {"full191test_loss": 0.047432354518345425}, "step": 67}
Step:68	{"loss": {"full191train_loss": 0.0016027336057863738}, "step": 68}
Step:68	{"loss": {"full191test_loss": 0.05577114650181362}, "step": 68}
Step:69	{"loss": {"full191train_loss": 0.001767973758672413}, "step": 69}
Step:69	{"loss": {"full191test_loss": 0.049871381448239695}, "step": 69}
Step:70	{"loss": {"full191train_loss": 0.001346418143887269}, "step": 70}
Step:70	{"loss": {"full191test_loss": 0.04511952886776048}, "step": 70}
Step:71	{"loss": {"full191train_loss": 0.0015676071573244897}, "step": 71}
Step:71	{"loss": {"full191test_loss": 0.048414366585867744}, "step": 71}
Step:72	{"loss": {"full191train_loss": 0.0008026203140616417}, "step": 72}
Step:72	{"loss": {"full191test_loss": 0.05244595663888114}, "step": 72}
Step:73	{"loss": {"full191train_loss": 0.0008167194594678126}, "step": 73}
Step:73	{"loss": {"full191test_loss": 0.057006145010189135}, "step": 73}
Step:74	{"loss": {"full191train_loss": 0.0010843706366262939}, "step": 74}
Step:74	{"loss": {"full191test_loss": 0.04956725665501186}, "step": 74}
Step:75	{"loss": {"full191train_loss": 0.0008114339587719817}, "step": 75}
Step:75	{"loss": {"full191test_loss": 0.04884181217271454}, "step": 75}
Step:76	{"loss": {"full191train_loss": 0.000919448603924952}, "step": 76}
Step:76	{"loss": {"full191test_loss": 0.06049459321158273}, "step": 76}
Step:77	{"loss": {"full191train_loss": 0.0012330467763699982}, "step": 77}
Step:77	{"loss": {"full191test_loss": 0.05432098252432687}, "step": 77}
Step:78	{"loss": {"full191train_loss": 0.0016733400131526746}, "step": 78}
Step:78	{"loss": {"full191test_loss": 0.0603580328882957}, "step": 78}
Step:79	{"loss": {"full191train_loss": 0.0005952798712410425}, "step": 79}
Step:79	{"loss": {"full191test_loss": 0.058641234222723514}, "step": 79}
Step:80	{"loss": {"full191train_loss": 0.0008166179943241571}, "step": 80}
Step:80	{"loss": {"full191test_loss": 0.06423229587321379}, "step": 80}
Step:81	{"loss": {"full191train_loss": 0.003188126573437139}, "step": 81}
Step:81	{"loss": {"full191test_loss": 0.06280109347129355}, "step": 81}
Step:82	{"loss": {"full191train_loss": 0.0016257663894640772}, "step": 82}
Step:82	{"loss": {"full191test_loss": 0.05467533092109524}, "step": 82}
Step:83	{"loss": {"full191train_loss": 0.000859981990958515}, "step": 83}
Step:83	{"loss": {"full191test_loss": 0.05018875550250618}, "step": 83}
Step:84	{"loss": {"full191train_loss": 0.0005849127804762439}, "step": 84}
Step:84	{"loss": {"full191test_loss": 0.05386841053865394}, "step": 84}
Step:85	{"loss": {"full191train_loss": 0.002856380649303135}, "step": 85}
Step:85	{"loss": {"full191test_loss": 0.05445078927643445}, "step": 85}
Step:86	{"loss": {"full191train_loss": 0.0007847616645066362}, "step": 86}
Step:86	{"loss": {"full191test_loss": 0.05305026988593899}, "step": 86}
Step:87	{"loss": {"full191train_loss": 0.0005373690571439894}, "step": 87}
Step:87	{"loss": {"full191test_loss": 0.04810602810918069}, "step": 87}
Step:88	{"loss": {"full191train_loss": 0.0013526435941457748}, "step": 88}
Step:88	{"loss": {"full191test_loss": 0.06676928851069236}, "step": 88}
Step:89	{"loss": {"full191train_loss": 0.0012076387279912045}, "step": 89}
Step:89	{"loss": {"full191test_loss": 0.05891755162453165}, "step": 89}
Step:90	{"loss": {"full191train_loss": 0.0009080660774519569}, "step": 90}
Step:90	{"loss": {"full191test_loss": 0.06001815017388792}, "step": 90}
Step:91	{"loss": {"full191train_loss": 0.0003857180035035861}, "step": 91}
Step:91	{"loss": {"full191test_loss": 0.06008719424812161}, "step": 91}
Step:92	{"loss": {"full191train_loss": 0.00047754496335983276}, "step": 92}
Step:92	{"loss": {"full191test_loss": 0.06538372623677156}, "step": 92}
Step:93	{"loss": {"full191train_loss": 0.0006854222401192313}, "step": 93}
Step:93	{"loss": {"full191test_loss": 0.06545757274238431}, "step": 93}
Step:94	{"loss": {"full191train_loss": 0.0004461679705663731}, "step": 94}
Step:94	{"loss": {"full191test_loss": 0.06995108176250847}, "step": 94}
Step:95	{"loss": {"full191train_loss": 0.0008428391853445454}, "step": 95}
Step:95	{"loss": {"full191test_loss": 0.06656898284445004}, "step": 95}
Step:96	{"loss": {"full191train_loss": 0.0003509952098523316}, "step": 96}
Step:96	{"loss": {"full191test_loss": 0.06250005838822345}, "step": 96}
Step:97	{"loss": {"full191train_loss": 0.0005042498048983122}, "step": 97}
Step:97	{"loss": {"full191test_loss": 0.07776316331357372}, "step": 97}
Step:98	{"loss": {"full191train_loss": 0.0006398865953087807}, "step": 98}
Step:98	{"loss": {"full191test_loss": 0.07437943439094388}, "step": 98}
Step:99	{"loss": {"full191train_loss": 0.0007708368234728512}, "step": 99}
Step:99	{"loss": {"full191test_loss": 0.07236994529257015}, "step": 99}
Step:100	{"loss": {"full191train_loss": 0.0005393091491178462}, "step": 100}
Step:100	{"loss": {"full191test_loss": 0.07116337211764588}, "step": 100}
Step:1	{"loss": {"zhongtrain_loss": 0.05129671096801758}, "step": 1}
Step:1	{"loss": {"zhongtest_loss": 0.236424699121592}, "step": 1}
Step:2	{"loss": {"zhongtrain_loss": 0.16414957297475716}, "step": 2}
Step:2	{"loss": {"zhongtest_loss": 0.0851402574655961}, "step": 2}
Step:3	{"loss": {"zhongtrain_loss": 0.07086172229365299}, "step": 3}
Step:3	{"loss": {"zhongtest_loss": 0.11786506613906549}, "step": 3}
Step:4	{"loss": {"zhongtrain_loss": 0.05994505631296258}, "step": 4}
Step:4	{"loss": {"zhongtest_loss": 0.18946215571189412}, "step": 4}
Step:5	{"loss": {"zhongtrain_loss": 0.09938485998856394}, "step": 5}
Step:5	{"loss": {"zhongtest_loss": 0.13321303348152005}, "step": 5}
Step:6	{"loss": {"zhongtrain_loss": 0.05275797216515792}, "step": 6}
Step:6	{"loss": {"zhongtest_loss": 0.12783319122937262}, "step": 6}
Step:7	{"loss": {"zhongtrain_loss": 0.01999302443705107}, "step": 7}
Step:7	{"loss": {"zhongtest_loss": 0.10644437828842475}, "step": 7}
Step:8	{"loss": {"zhongtrain_loss": 0.006812394449585362}, "step": 8}
Step:8	{"loss": {"zhongtest_loss": 0.07879851788890604}, "step": 8}
Step:9	{"loss": {"zhongtrain_loss": 0.0009919516742229462}, "step": 9}
Step:9	{"loss": {"zhongtest_loss": 0.08156139996587014}, "step": 9}
Step:10	{"loss": {"zhongtrain_loss": 0.0004972082219625774}, "step": 10}
Step:10	{"loss": {"zhongtest_loss": 0.10699483326503209}, "step": 10}
Step:11	{"loss": {"zhongtrain_loss": 0.00503561175183246}, "step": 11}
Step:11	{"loss": {"zhongtest_loss": 0.10379510023155991}, "step": 11}
Step:12	{"loss": {"zhongtrain_loss": 0.0005508800478358017}, "step": 12}
Step:12	{"loss": {"zhongtest_loss": 0.09860243116106306}, "step": 12}
Step:13	{"loss": {"zhongtrain_loss": 0.000431625172495842}, "step": 13}
Step:13	{"loss": {"zhongtest_loss": 0.09563665973896883}, "step": 13}
Step:14	{"loss": {"zhongtrain_loss": 0.0005591231349267458}, "step": 14}
Step:14	{"loss": {"zhongtest_loss": 0.09509150835932517}, "step": 14}
Step:15	{"loss": {"zhongtrain_loss": 0.00035026475885196735}, "step": 15}
Step:15	{"loss": {"zhongtest_loss": 0.09721653802054268}, "step": 15}
Step:16	{"loss": {"zhongtrain_loss": 0.00015831538966219676}, "step": 16}
Step:16	{"loss": {"zhongtest_loss": 0.10033341816493443}, "step": 16}
Step:17	{"loss": {"zhongtrain_loss": 7.860132149959866e-05}, "step": 17}
Step:17	{"loss": {"zhongtest_loss": 0.10419639275998485}, "step": 17}
Step:18	{"loss": {"zhongtrain_loss": 4.631553249629704e-05}, "step": 18}
Step:18	{"loss": {"zhongtest_loss": 0.10786032190128249}, "step": 18}
Step:19	{"loss": {"zhongtrain_loss": 3.194998900749182e-05}, "step": 19}
Step:19	{"loss": {"zhongtest_loss": 0.11152054339039083}, "step": 19}
Step:20	{"loss": {"zhongtrain_loss": 2.5455783256084512e-05}, "step": 20}
Step:20	{"loss": {"zhongtest_loss": 0.11565380680317781}, "step": 20}
Step:21	{"loss": {"zhongtrain_loss": 2.3422252668656018e-05}, "step": 21}
Step:21	{"loss": {"zhongtest_loss": 0.11928450331395986}, "step": 21}
Step:22	{"loss": {"zhongtrain_loss": 2.3021667546249535e-05}, "step": 22}
Step:22	{"loss": {"zhongtest_loss": 0.1226460787714744}, "step": 22}
Step:23	{"loss": {"zhongtrain_loss": 2.3082822352941884e-05}, "step": 23}
Step:23	{"loss": {"zhongtest_loss": 0.1256409567229602}, "step": 23}
Step:24	{"loss": {"zhongtrain_loss": 2.4059644937025088e-05}, "step": 24}
Step:24	{"loss": {"zhongtest_loss": 0.12821158584283324}, "step": 24}
Step:25	{"loss": {"zhongtrain_loss": 2.5372480434414586e-05}, "step": 25}
Step:25	{"loss": {"zhongtest_loss": 0.13033393937714247}, "step": 25}
Step:26	{"loss": {"zhongtrain_loss": 2.6490245210497004e-05}, "step": 26}
Step:26	{"loss": {"zhongtest_loss": 0.13199010187265825}, "step": 26}
Step:27	{"loss": {"zhongtrain_loss": 2.6490848732033844e-05}, "step": 27}
Step:27	{"loss": {"zhongtest_loss": 0.13321384118527782}, "step": 27}
Step:28	{"loss": {"zhongtrain_loss": 2.5502654209144805e-05}, "step": 28}
Step:28	{"loss": {"zhongtest_loss": 0.133971846833521}, "step": 28}
Step:29	{"loss": {"zhongtrain_loss": 2.3386026058640135e-05}, "step": 29}
Step:29	{"loss": {"zhongtest_loss": 0.13440357908910636}, "step": 29}
Step:30	{"loss": {"zhongtrain_loss": 2.0701643447146605e-05}, "step": 30}
Step:30	{"loss": {"zhongtest_loss": 0.13450756851507692}, "step": 30}
Step:31	{"loss": {"zhongtrain_loss": 1.752015668898821e-05}, "step": 31}
Step:31	{"loss": {"zhongtest_loss": 0.13449352614733637}, "step": 31}
Step:32	{"loss": {"zhongtrain_loss": 1.4611830824593964e-05}, "step": 32}
Step:32	{"loss": {"zhongtest_loss": 0.13430330704669563}, "step": 32}
Step:33	{"loss": {"zhongtrain_loss": 1.2080260938474615e-05}, "step": 33}
Step:33	{"loss": {"zhongtest_loss": 0.13399939634362046}, "step": 33}
Step:34	{"loss": {"zhongtrain_loss": 1.00277339745509e-05}, "step": 34}
Step:34	{"loss": {"zhongtest_loss": 0.13356605841189015}, "step": 34}
Step:35	{"loss": {"zhongtrain_loss": 8.440799367810159e-06}, "step": 35}
Step:35	{"loss": {"zhongtest_loss": 0.13313340167610013}, "step": 35}
Step:36	{"loss": {"zhongtrain_loss": 7.170012012418163e-06}, "step": 36}
Step:36	{"loss": {"zhongtest_loss": 0.132640079576142}, "step": 36}
Step:37	{"loss": {"zhongtrain_loss": 6.2413715855463555e-06}, "step": 37}
Step:37	{"loss": {"zhongtest_loss": 0.1321181959035445}, "step": 37}
Step:38	{"loss": {"zhongtrain_loss": 5.483402147595036e-06}, "step": 38}
Step:38	{"loss": {"zhongtest_loss": 0.1315770927740603}, "step": 38}
Step:39	{"loss": {"zhongtrain_loss": 4.919013008475304e-06}, "step": 39}
Step:39	{"loss": {"zhongtest_loss": 0.13100278620817224}, "step": 39}
Step:40	{"loss": {"zhongtrain_loss": 4.424814649514462e-06}, "step": 40}
Step:40	{"loss": {"zhongtest_loss": 0.1305117704430405}, "step": 40}
Step:41	{"loss": {"zhongtrain_loss": 4.045870905668524e-06}, "step": 41}
Step:41	{"loss": {"zhongtest_loss": 0.13005478528081155}, "step": 41}
Step:42	{"loss": {"zhongtrain_loss": 3.7613292653603774e-06}, "step": 42}
Step:42	{"loss": {"zhongtest_loss": 0.1296271596636091}, "step": 42}
Step:43	{"loss": {"zhongtrain_loss": 3.5105358141376393e-06}, "step": 43}
Step:43	{"loss": {"zhongtest_loss": 0.12929845342830737}, "step": 43}
Step:44	{"loss": {"zhongtrain_loss": 3.3002610220328757e-06}, "step": 44}
Step:44	{"loss": {"zhongtest_loss": 0.12890130646374762}, "step": 44}
Step:45	{"loss": {"zhongtrain_loss": 3.1122646377250354e-06}, "step": 45}
Step:45	{"loss": {"zhongtest_loss": 0.12859683134117905}, "step": 45}
Step:46	{"loss": {"zhongtrain_loss": 2.928971202651921e-06}, "step": 46}
Step:46	{"loss": {"zhongtest_loss": 0.1282721538932956}, "step": 46}
Step:47	{"loss": {"zhongtrain_loss": 2.774395397864282e-06}, "step": 47}
Step:47	{"loss": {"zhongtest_loss": 0.1279835895616181}, "step": 47}
Step:48	{"loss": {"zhongtrain_loss": 2.6241106848158924e-06}, "step": 48}
Step:48	{"loss": {"zhongtest_loss": 0.1277212026167889}, "step": 48}
Step:49	{"loss": {"zhongtrain_loss": 2.487028579803576e-06}, "step": 49}
Step:49	{"loss": {"zhongtest_loss": 0.127507462793467}, "step": 49}
Step:50	{"loss": {"zhongtrain_loss": 2.3632331392850335e-06}, "step": 50}
Step:50	{"loss": {"zhongtest_loss": 0.1272693361554827}, "step": 50}
Step:51	{"loss": {"zhongtrain_loss": 2.2443045485201047e-06}, "step": 51}
Step:51	{"loss": {"zhongtest_loss": 0.1270572701278998}, "step": 51}
Step:52	{"loss": {"zhongtrain_loss": 2.1340423891639434e-06}, "step": 52}
Step:52	{"loss": {"zhongtest_loss": 0.12686447221405653}, "step": 52}
Step:53	{"loss": {"zhongtrain_loss": 2.036570214458104e-06}, "step": 53}
Step:53	{"loss": {"zhongtest_loss": 0.1266773963461117}, "step": 53}
Step:54	{"loss": {"zhongtrain_loss": 1.9447922424756382e-06}, "step": 54}
Step:54	{"loss": {"zhongtest_loss": 0.1264997501762546}, "step": 54}
Step:55	{"loss": {"zhongtrain_loss": 1.8611842135310565e-06}, "step": 55}
Step:55	{"loss": {"zhongtest_loss": 0.12633031728316327}, "step": 55}
Step:56	{"loss": {"zhongtrain_loss": 1.7826088495846642e-06}, "step": 56}
Step:56	{"loss": {"zhongtest_loss": 0.12618280916797872}, "step": 56}
Step:57	{"loss": {"zhongtrain_loss": 1.7136074970231244e-06}, "step": 57}
Step:57	{"loss": {"zhongtest_loss": 0.12605091990256795}, "step": 57}
Step:58	{"loss": {"zhongtrain_loss": 1.6458436316737022e-06}, "step": 58}
Step:58	{"loss": {"zhongtest_loss": 0.1259114304367377}, "step": 58}
Step:59	{"loss": {"zhongtrain_loss": 1.5813807534102938e-06}, "step": 59}
Step:59	{"loss": {"zhongtest_loss": 0.1257768358503069}, "step": 59}
Step:60	{"loss": {"zhongtrain_loss": 1.5245109113349923e-06}, "step": 60}
Step:60	{"loss": {"zhongtest_loss": 0.12566960587793466}, "step": 60}
Step:61	{"loss": {"zhongtrain_loss": 1.4719326396803616e-06}, "step": 61}
Step:61	{"loss": {"zhongtest_loss": 0.12560072723700075}, "step": 61}
Step:62	{"loss": {"zhongtrain_loss": 1.4282679905208123e-06}, "step": 62}
Step:62	{"loss": {"zhongtest_loss": 0.12552491012884645}, "step": 62}
Step:63	{"loss": {"zhongtrain_loss": 1.3877403321921042e-06}, "step": 63}
Step:63	{"loss": {"zhongtest_loss": 0.12545322885318677}, "step": 63}
Step:64	{"loss": {"zhongtrain_loss": 1.351339099193482e-06}, "step": 64}
Step:64	{"loss": {"zhongtest_loss": 0.1253911135148029}, "step": 64}
Step:65	{"loss": {"zhongtrain_loss": 1.317991853667129e-06}, "step": 65}
Step:65	{"loss": {"zhongtest_loss": 0.12532813208443777}, "step": 65}
Step:66	{"loss": {"zhongtrain_loss": 1.2822507223494252e-06}, "step": 66}
Step:66	{"loss": {"zhongtest_loss": 0.12525810514177596}, "step": 66}
Step:67	{"loss": {"zhongtrain_loss": 1.2522877544765116e-06}, "step": 67}
Step:67	{"loss": {"zhongtest_loss": 0.12521579314251335}, "step": 67}
Step:68	{"loss": {"zhongtrain_loss": 1.2227369313079276e-06}, "step": 68}
Step:68	{"loss": {"zhongtest_loss": 0.12517799649919784}, "step": 68}
Step:69	{"loss": {"zhongtrain_loss": 1.1959103798481488e-06}, "step": 69}
Step:69	{"loss": {"zhongtest_loss": 0.1251424283397441}, "step": 69}
Step:70	{"loss": {"zhongtrain_loss": 1.1691656829115298e-06}, "step": 70}
Step:70	{"loss": {"zhongtest_loss": 0.1251021891224141}, "step": 70}
Step:71	{"loss": {"zhongtrain_loss": 1.1436592390773034e-06}, "step": 71}
Step:71	{"loss": {"zhongtest_loss": 0.1250729950106874}, "step": 71}
Step:72	{"loss": {"zhongtrain_loss": 1.1197211470540712e-06}, "step": 72}
Step:72	{"loss": {"zhongtest_loss": 0.12502607034177196}, "step": 72}
Step:73	{"loss": {"zhongtrain_loss": 1.097021212396947e-06}, "step": 73}
Step:73	{"loss": {"zhongtest_loss": 0.12499199108201631}, "step": 73}
Step:74	{"loss": {"zhongtrain_loss": 1.0761372993185528e-06}, "step": 74}
Step:74	{"loss": {"zhongtest_loss": 0.12492525334260901}, "step": 74}
Step:75	{"loss": {"zhongtrain_loss": 1.0564912563974137e-06}, "step": 75}
Step:75	{"loss": {"zhongtest_loss": 0.12492643083844866}, "step": 75}
Step:76	{"loss": {"zhongtrain_loss": 1.0360198709684864e-06}, "step": 76}
Step:76	{"loss": {"zhongtest_loss": 0.1249180521283831}, "step": 76}
Step:77	{"loss": {"zhongtrain_loss": 1.0181897538897925e-06}, "step": 77}
Step:77	{"loss": {"zhongtest_loss": 0.12491767260493064}, "step": 77}
Step:78	{"loss": {"zhongtrain_loss": 1.0011852665277394e-06}, "step": 78}
Step:78	{"loss": {"zhongtest_loss": 0.1248869701307647}, "step": 78}
Step:79	{"loss": {"zhongtrain_loss": 9.828598099135745e-07}, "step": 79}
Step:79	{"loss": {"zhongtest_loss": 0.12487282071794782}, "step": 79}
Step:80	{"loss": {"zhongtrain_loss": 9.650294056260271e-07}, "step": 80}
Step:80	{"loss": {"zhongtest_loss": 0.12485347475324358}, "step": 80}
Step:81	{"loss": {"zhongtrain_loss": 9.509139521182269e-07}, "step": 81}
Step:81	{"loss": {"zhongtest_loss": 0.12483226036538883}, "step": 81}
Step:82	{"loss": {"zhongtrain_loss": 9.378714151496656e-07}, "step": 82}
Step:82	{"loss": {"zhongtest_loss": 0.12482740441147162}, "step": 82}
Step:83	{"loss": {"zhongtrain_loss": 9.24498587999934e-07}, "step": 83}
Step:83	{"loss": {"zhongtest_loss": 0.12480639438239896}, "step": 83}
Step:84	{"loss": {"zhongtrain_loss": 9.140149861770241e-07}, "step": 84}
Step:84	{"loss": {"zhongtest_loss": 0.12479087284633092}, "step": 84}
Step:85	{"loss": {"zhongtrain_loss": 9.026234214328915e-07}, "step": 85}
Step:85	{"loss": {"zhongtest_loss": 0.1247914372658243}, "step": 85}
Step:86	{"loss": {"zhongtrain_loss": 8.917271004879455e-07}, "step": 86}
Step:86	{"loss": {"zhongtest_loss": 0.12478588065322564}, "step": 86}
Step:87	{"loss": {"zhongtrain_loss": 8.804181561572477e-07}, "step": 87}
Step:87	{"loss": {"zhongtest_loss": 0.12476739104913205}, "step": 87}
Step:88	{"loss": {"zhongtrain_loss": 8.696866930940336e-07}, "step": 88}
Step:88	{"loss": {"zhongtest_loss": 0.1247833894223583}, "step": 88}
Step:89	{"loss": {"zhongtrain_loss": 8.587903721490875e-07}, "step": 89}
Step:89	{"loss": {"zhongtest_loss": 0.12476317736567283}, "step": 89}
Step:90	{"loss": {"zhongtrain_loss": 8.478938597315726e-07}, "step": 90}
Step:90	{"loss": {"zhongtest_loss": 0.12475913884688397}, "step": 90}
Step:91	{"loss": {"zhongtrain_loss": 8.385658905976206e-07}, "step": 91}
Step:91	{"loss": {"zhongtest_loss": 0.12475547985154756}, "step": 91}
Step:92	{"loss": {"zhongtrain_loss": 8.30888989424382e-07}, "step": 92}
Step:92	{"loss": {"zhongtest_loss": 0.12475094503285933}, "step": 92}
Step:93	{"loss": {"zhongtrain_loss": 8.223038381210676e-07}, "step": 93}
Step:93	{"loss": {"zhongtest_loss": 0.12476192201886858}, "step": 93}
Step:94	{"loss": {"zhongtrain_loss": 8.137188782903218e-07}, "step": 94}
Step:94	{"loss": {"zhongtest_loss": 0.12476890914294185}, "step": 94}
Step:95	{"loss": {"zhongtrain_loss": 8.038953781483303e-07}, "step": 95}
Step:95	{"loss": {"zhongtest_loss": 0.12476932759187659}, "step": 95}
Step:96	{"loss": {"zhongtrain_loss": 7.944847407328014e-07}, "step": 96}
Step:96	{"loss": {"zhongtest_loss": 0.12476433539877133}, "step": 96}
Step:97	{"loss": {"zhongtrain_loss": 7.861473549335068e-07}, "step": 97}
Step:97	{"loss": {"zhongtest_loss": 0.12476170792871592}, "step": 97}
Step:98	{"loss": {"zhongtrain_loss": 7.790479350277517e-07}, "step": 98}
Step:98	{"loss": {"zhongtest_loss": 0.12475742612566267}, "step": 98}
Step:99	{"loss": {"zhongtrain_loss": 7.704628794607216e-07}, "step": 99}
Step:99	{"loss": {"zhongtest_loss": 0.12475909992140166}, "step": 99}
Step:100	{"loss": {"zhongtrain_loss": 7.6204282537985e-07}, "step": 100}
Step:100	{"loss": {"zhongtest_loss": 0.12476109485236966}, "step": 100}
Step:1	{"loss": {"full191train_loss": 0.05750498805247562}, "step": 1}
Step:1	{"loss": {"full191test_loss": 0.04220682260941486}, "step": 1}
Step:2	{"loss": {"full191train_loss": 0.05461211103788564}, "step": 2}
Step:2	{"loss": {"full191test_loss": 0.041108661768387775}, "step": 2}
Step:3	{"loss": {"full191train_loss": 0.05469333118116352}, "step": 3}
Step:3	{"loss": {"full191test_loss": 0.04016041512392005}, "step": 3}
Step:4	{"loss": {"full191train_loss": 0.052774224482791524}, "step": 4}
Step:4	{"loss": {"full191test_loss": 0.0384930250596027}, "step": 4}
Step:5	{"loss": {"full191train_loss": 0.047643277007089535}, "step": 5}
Step:5	{"loss": {"full191test_loss": 0.036554185711607644}, "step": 5}
Step:6	{"loss": {"full191train_loss": 0.04412207804935079}, "step": 6}
Step:6	{"loss": {"full191test_loss": 0.036196275633208604}, "step": 6}
Step:7	{"loss": {"full191train_loss": 0.05241644046675991}, "step": 7}
Step:7	{"loss": {"full191test_loss": 0.03420158308379504}, "step": 7}
Step:8	{"loss": {"full191train_loss": 0.049447847084260324}, "step": 8}
Step:8	{"loss": {"full191test_loss": 0.034333345841388314}, "step": 8}
Step:9	{"loss": {"full191train_loss": 0.0454491611937402}, "step": 9}
Step:9	{"loss": {"full191test_loss": 0.03378327768676135}, "step": 9}
Step:10	{"loss": {"full191train_loss": 0.041534490988288125}, "step": 10}
Step:10	{"loss": {"full191test_loss": 0.03395928655351911}, "step": 10}
Step:11	{"loss": {"full191train_loss": 0.04477220857647103}, "step": 11}
Step:11	{"loss": {"full191test_loss": 0.03396750956165547}, "step": 11}
Step:12	{"loss": {"full191train_loss": 0.04223604269430671}, "step": 12}
Step:12	{"loss": {"full191test_loss": 0.036496571132114956}, "step": 12}
Step:13	{"loss": {"full191train_loss": 0.03868382077821544}, "step": 13}
Step:13	{"loss": {"full191test_loss": 0.03771448621944505}, "step": 13}
Step:14	{"loss": {"full191train_loss": 0.04709941736409362}, "step": 14}
Step:14	{"loss": {"full191test_loss": 0.037561324177956094}, "step": 14}
Step:15	{"loss": {"full191train_loss": 0.03906457692804471}, "step": 15}
Step:15	{"loss": {"full191test_loss": 0.036245956712839554}, "step": 15}
Step:16	{"loss": {"full191train_loss": 0.0378827410684505}, "step": 16}
Step:16	{"loss": {"full191test_loss": 0.03488214891784045}, "step": 16}
Step:17	{"loss": {"full191train_loss": 0.04056200343118587}, "step": 17}
Step:17	{"loss": {"full191test_loss": 0.03722729001726423}, "step": 17}
Step:18	{"loss": {"full191train_loss": 0.03394721931135151}, "step": 18}
Step:18	{"loss": {"full191test_loss": 0.041101081030709405}, "step": 18}
Step:19	{"loss": {"full191train_loss": 0.03685282653486225}, "step": 19}
Step:19	{"loss": {"full191test_loss": 0.04156662979904486}, "step": 19}
Step:20	{"loss": {"full191train_loss": 0.03361798508066527}, "step": 20}
Step:20	{"loss": {"full191test_loss": 0.04224754352958835}, "step": 20}
Step:21	{"loss": {"full191train_loss": 0.03226801039467395}, "step": 21}
Step:21	{"loss": {"full191test_loss": 0.04308973526468082}, "step": 21}
Step:22	{"loss": {"full191train_loss": 0.03261901123422972}, "step": 22}
Step:22	{"loss": {"full191test_loss": 0.04295931057054169}, "step": 22}
Step:23	{"loss": {"full191train_loss": 0.030840804039592475}, "step": 23}
Step:23	{"loss": {"full191test_loss": 0.04542304545032735}, "step": 23}
Step:24	{"loss": {"full191train_loss": 0.037638484592169105}, "step": 24}
Step:24	{"loss": {"full191test_loss": 0.04571424698343082}, "step": 24}
Step:25	{"loss": {"full191train_loss": 0.038220957970955004}, "step": 25}
Step:25	{"loss": {"full191test_loss": 0.04551967309445751}, "step": 25}
Step:26	{"loss": {"full191train_loss": 0.032548301656481246}, "step": 26}
Step:26	{"loss": {"full191test_loss": 0.04268539681726573}, "step": 26}
Step:27	{"loss": {"full191train_loss": 0.034260870705188164}, "step": 27}
Step:27	{"loss": {"full191test_loss": 0.040727454788830816}, "step": 27}
Step:28	{"loss": {"full191train_loss": 0.02899806432321038}, "step": 28}
Step:28	{"loss": {"full191test_loss": 0.03677524109275974}, "step": 28}
Step:29	{"loss": {"full191train_loss": 0.028252818215061242}, "step": 29}
Step:29	{"loss": {"full191test_loss": 0.03323466193919279}, "step": 29}
Step:30	{"loss": {"full191train_loss": 0.02779266615988503}, "step": 30}
Step:30	{"loss": {"full191test_loss": 0.03542272898615623}, "step": 30}
Step:31	{"loss": {"full191train_loss": 0.03206123348692773}, "step": 31}
Step:31	{"loss": {"full191test_loss": 0.03849952561514718}, "step": 31}
Step:32	{"loss": {"full191train_loss": 0.026571728813816125}, "step": 32}
Step:32	{"loss": {"full191test_loss": 0.03936596062718606}, "step": 32}
Step:33	{"loss": {"full191train_loss": 0.02108698999378043}, "step": 33}
Step:33	{"loss": {"full191test_loss": 0.03869199509523353}, "step": 33}
Step:34	{"loss": {"full191train_loss": 0.022731133749787236}, "step": 34}
Step:34	{"loss": {"full191test_loss": 0.038146505550462374}, "step": 34}
Step:35	{"loss": {"full191train_loss": 0.022790916368994916}, "step": 35}
Step:35	{"loss": {"full191test_loss": 0.031581477243073135}, "step": 35}
Step:36	{"loss": {"full191train_loss": 0.04292196790936967}, "step": 36}
Step:36	{"loss": {"full191test_loss": 0.031608019556318014}, "step": 36}
Step:37	{"loss": {"full191train_loss": 0.030800117573267977}, "step": 37}
Step:37	{"loss": {"full191test_loss": 0.03600048775575599}, "step": 37}
Step:38	{"loss": {"full191train_loss": 0.024973163302515596}, "step": 38}
Step:38	{"loss": {"full191test_loss": 0.034158103320063374}, "step": 38}
Step:39	{"loss": {"full191train_loss": 0.02212191299653389}, "step": 39}
Step:39	{"loss": {"full191test_loss": 0.030604934205814283}, "step": 39}
Step:40	{"loss": {"full191train_loss": 0.01899013552867191}, "step": 40}
Step:40	{"loss": {"full191test_loss": 0.027560102696321448}, "step": 40}
Step:41	{"loss": {"full191train_loss": 0.020336198135161063}, "step": 41}
Step:41	{"loss": {"full191test_loss": 0.030178563935416087}, "step": 41}
Step:42	{"loss": {"full191train_loss": 0.017358630056112583}, "step": 42}
Step:42	{"loss": {"full191test_loss": 0.031214794334100217}, "step": 42}
Step:43	{"loss": {"full191train_loss": 0.01713382190381977}, "step": 43}
Step:43	{"loss": {"full191test_loss": 0.03656361784253802}, "step": 43}
Step:44	{"loss": {"full191train_loss": 0.016111600566917742}, "step": 44}
Step:44	{"loss": {"full191test_loss": 0.033936498116473764}, "step": 44}
Step:45	{"loss": {"full191train_loss": 0.023871777762829418}, "step": 45}
Step:45	{"loss": {"full191test_loss": 0.03522851272505157}, "step": 45}
Step:46	{"loss": {"full191train_loss": 0.017253105069549992}, "step": 46}
Step:46	{"loss": {"full191test_loss": 0.03481558634310353}, "step": 46}
Step:47	{"loss": {"full191train_loss": 0.018212027113202592}, "step": 47}
Step:47	{"loss": {"full191test_loss": 0.034092341150556295}, "step": 47}
Step:48	{"loss": {"full191train_loss": 0.024218656647373254}, "step": 48}
Step:48	{"loss": {"full191test_loss": 0.034386338019857604}, "step": 48}
Step:49	{"loss": {"full191train_loss": 0.024133939138600524}, "step": 49}
Step:49	{"loss": {"full191test_loss": 0.04761342613064513}, "step": 49}
Step:50	{"loss": {"full191train_loss": 0.0123239730445432}, "step": 50}
Step:50	{"loss": {"full191test_loss": 0.04974340905948561}, "step": 50}
Step:51	{"loss": {"full191train_loss": 0.016996626283081486}, "step": 51}
Step:51	{"loss": {"full191test_loss": 0.044053608057450275}, "step": 51}
Step:52	{"loss": {"full191train_loss": 0.01505437241473668}, "step": 52}
Step:52	{"loss": {"full191test_loss": 0.03819296311359016}, "step": 52}
Step:53	{"loss": {"full191train_loss": 0.017466685301820998}, "step": 53}
Step:53	{"loss": {"full191test_loss": 0.03279208163825833}, "step": 53}
Step:54	{"loss": {"full191train_loss": 0.0151265884788943}, "step": 54}
Step:54	{"loss": {"full191test_loss": 0.026925780335251167}, "step": 54}
Step:55	{"loss": {"full191train_loss": 0.017663115346935432}, "step": 55}
Step:55	{"loss": {"full191test_loss": 0.02971559884596844}, "step": 55}
Step:56	{"loss": {"full191train_loss": 0.017133430276118532}, "step": 56}
Step:56	{"loss": {"full191test_loss": 0.03490263588574468}, "step": 56}
Step:57	{"loss": {"full191train_loss": 0.015048391802210204}, "step": 57}
Step:57	{"loss": {"full191test_loss": 0.04170082053359674}, "step": 57}
Step:58	{"loss": {"full191train_loss": 0.011872267219382273}, "step": 58}
Step:58	{"loss": {"full191test_loss": 0.0512080971075564}, "step": 58}
Step:59	{"loss": {"full191train_loss": 0.012964556754474908}, "step": 59}
Step:59	{"loss": {"full191test_loss": 0.054555795630630184}, "step": 59}
Step:60	{"loss": {"full191train_loss": 0.015371739024847326}, "step": 60}
Step:60	{"loss": {"full191test_loss": 0.051364329396461954}, "step": 60}
Step:61	{"loss": {"full191train_loss": 0.011633449876812143}, "step": 61}
Step:61	{"loss": {"full191test_loss": 0.048195352359693876}, "step": 61}
Step:62	{"loss": {"full191train_loss": 0.011361975065419371}, "step": 62}
Step:62	{"loss": {"full191test_loss": 0.04030527873915069}, "step": 62}
Step:63	{"loss": {"full191train_loss": 0.014053130653542531}, "step": 63}
Step:63	{"loss": {"full191test_loss": 0.038433286608481894}, "step": 63}
Step:64	{"loss": {"full191train_loss": 0.012901852668171197}, "step": 64}
Step:64	{"loss": {"full191test_loss": 0.03667325389628508}, "step": 64}
Step:65	{"loss": {"full191train_loss": 0.008611912878466323}, "step": 65}
Step:65	{"loss": {"full191test_loss": 0.03965405542023328}, "step": 65}
Step:66	{"loss": {"full191train_loss": 0.009058827245739145}, "step": 66}
Step:66	{"loss": {"full191test_loss": 0.04186445352982501}, "step": 66}
Step:67	{"loss": {"full191train_loss": 0.01983243352930311}, "step": 67}
Step:67	{"loss": {"full191test_loss": 0.042082835216911474}, "step": 67}
Step:68	{"loss": {"full191train_loss": 0.010745228176385584}, "step": 68}
Step:68	{"loss": {"full191test_loss": 0.039094044237720726}, "step": 68}
Step:69	{"loss": {"full191train_loss": 0.007414432898373671}, "step": 69}
Step:69	{"loss": {"full191test_loss": 0.04003923036614243}, "step": 69}
Step:70	{"loss": {"full191train_loss": 0.00851298427917588}, "step": 70}
Step:70	{"loss": {"full191test_loss": 0.04226446638301927}, "step": 70}
Step:71	{"loss": {"full191train_loss": 0.011782825832635584}, "step": 71}
Step:71	{"loss": {"full191test_loss": 0.04371326796862544}, "step": 71}
Step:72	{"loss": {"full191train_loss": 0.011599967177485076}, "step": 72}
Step:72	{"loss": {"full191test_loss": 0.04296008421450245}, "step": 72}
Step:73	{"loss": {"full191train_loss": 0.009589824877994162}, "step": 73}
Step:73	{"loss": {"full191test_loss": 0.041698275780191224}, "step": 73}
Step:74	{"loss": {"full191train_loss": 0.009222109133089093}, "step": 74}
Step:74	{"loss": {"full191test_loss": 0.03980149055013851}, "step": 74}
Step:75	{"loss": {"full191train_loss": 0.00893410410679562}, "step": 75}
Step:75	{"loss": {"full191test_loss": 0.04532836894599759}, "step": 75}
Step:76	{"loss": {"full191train_loss": 0.010158446892886095}, "step": 76}
Step:76	{"loss": {"full191test_loss": 0.048794410666640926}, "step": 76}
Step:77	{"loss": {"full191train_loss": 0.014290108857020525}, "step": 77}
Step:77	{"loss": {"full191test_loss": 0.050781848479290397}, "step": 77}
Step:78	{"loss": {"full191train_loss": 0.00586751250314041}, "step": 78}
Step:78	{"loss": {"full191test_loss": 0.04436950294338927}, "step": 78}
Step:79	{"loss": {"full191train_loss": 0.01806498833105598}, "step": 79}
Step:79	{"loss": {"full191test_loss": 0.04600207659662986}, "step": 79}
Step:80	{"loss": {"full191train_loss": 0.00954531385025508}, "step": 80}
Step:80	{"loss": {"full191test_loss": 0.044377969235790016}, "step": 80}
Step:81	{"loss": {"full191train_loss": 0.005571461059677769}, "step": 81}
Step:81	{"loss": {"full191test_loss": 0.04076658706275784}, "step": 81}
Step:82	{"loss": {"full191train_loss": 0.00747769231527624}, "step": 82}
Step:82	{"loss": {"full191test_loss": 0.03729648979342714}, "step": 82}
Step:83	{"loss": {"full191train_loss": 0.012131951644387044}, "step": 83}
Step:83	{"loss": {"full191test_loss": 0.035608907135165464}, "step": 83}
Step:84	{"loss": {"full191train_loss": 0.009354053458697359}, "step": 84}
Step:84	{"loss": {"full191test_loss": 0.03969063077654157}, "step": 84}
Step:85	{"loss": {"full191train_loss": 0.006986067958281074}, "step": 85}
Step:85	{"loss": {"full191test_loss": 0.03813211528622374}, "step": 85}
Step:86	{"loss": {"full191train_loss": 0.006224191314737562}, "step": 86}
Step:86	{"loss": {"full191test_loss": 0.04319700902822066}, "step": 86}
Step:87	{"loss": {"full191train_loss": 0.008422365071068347}, "step": 87}
Step:87	{"loss": {"full191test_loss": 0.04727937250721211}, "step": 87}
Step:88	{"loss": {"full191train_loss": 0.005449402500206316}, "step": 88}
Step:88	{"loss": {"full191test_loss": 0.057965424596046915}, "step": 88}
Step:89	{"loss": {"full191train_loss": 0.010253495733502885}, "step": 89}
Step:89	{"loss": {"full191test_loss": 0.055081902718057435}, "step": 89}
Step:90	{"loss": {"full191train_loss": 0.00836768326625018}, "step": 90}
Step:90	{"loss": {"full191test_loss": 0.050990669094786355}, "step": 90}
Step:91	{"loss": {"full191train_loss": 0.007890115951148557}, "step": 91}
Step:91	{"loss": {"full191test_loss": 0.04236976467833227}, "step": 91}
Step:92	{"loss": {"full191train_loss": 0.005135853420680677}, "step": 92}
Step:92	{"loss": {"full191test_loss": 0.040056824684143066}, "step": 92}
Step:93	{"loss": {"full191train_loss": 0.00899913403349863}, "step": 93}
Step:93	{"loss": {"full191test_loss": 0.039304494857788086}, "step": 93}
Step:94	{"loss": {"full191train_loss": 0.006593894160969157}, "step": 94}
Step:94	{"loss": {"full191test_loss": 0.04210578665441396}, "step": 94}
Step:95	{"loss": {"full191train_loss": 0.007187601965917668}, "step": 95}
Step:95	{"loss": {"full191test_loss": 0.039435199328831265}, "step": 95}
Step:96	{"loss": {"full191train_loss": 0.003476257947549014}, "step": 96}
Step:96	{"loss": {"full191test_loss": 0.040933385187265824}, "step": 96}
Step:97	{"loss": {"full191train_loss": 0.0044753549384399195}, "step": 97}
Step:97	{"loss": {"full191test_loss": 0.04333041638744121}, "step": 97}
Step:98	{"loss": {"full191train_loss": 0.009710902479332937}, "step": 98}
Step:98	{"loss": {"full191test_loss": 0.04226270987063038}, "step": 98}
Step:99	{"loss": {"full191train_loss": 0.019186125674717863}, "step": 99}
Step:99	{"loss": {"full191test_loss": 0.040355079028071186}, "step": 99}
Step:100	{"loss": {"full191train_loss": 0.006782976044735438}, "step": 100}
Step:100	{"loss": {"full191test_loss": 0.043196206190148176}, "step": 100}
Step:1	{"loss": {"zhongtrain_loss": 0.2019490188276264}, "step": 1}
Step:1	{"loss": {"zhongtest_loss": 0.102163129923295}, "step": 1}
Step:2	{"loss": {"zhongtrain_loss": 0.1356469946847835}, "step": 2}
Step:2	{"loss": {"zhongtest_loss": 0.22308351555649114}, "step": 2}
Step:3	{"loss": {"zhongtrain_loss": 0.192782096459832}, "step": 3}
Step:3	{"loss": {"zhongtest_loss": 0.11616035383574817}, "step": 3}
Step:4	{"loss": {"zhongtrain_loss": 0.06856016877671363}, "step": 4}
Step:4	{"loss": {"zhongtest_loss": 0.13787434052447883}, "step": 4}
Step:5	{"loss": {"zhongtrain_loss": 0.07528086279479551}, "step": 5}
Step:5	{"loss": {"zhongtest_loss": 0.10470495418626435}, "step": 5}
Step:6	{"loss": {"zhongtrain_loss": 0.03517158434424602}, "step": 6}
Step:6	{"loss": {"zhongtest_loss": 0.1735228324423031}, "step": 6}
Step:7	{"loss": {"zhongtrain_loss": 0.036512561247382364}, "step": 7}
Step:7	{"loss": {"zhongtest_loss": 0.08774940335020727}, "step": 7}
Step:8	{"loss": {"zhongtrain_loss": 0.0069294430210556784}, "step": 8}
Step:8	{"loss": {"zhongtest_loss": 0.07564158828891053}, "step": 8}
Step:9	{"loss": {"zhongtrain_loss": 0.006933894480617953}, "step": 9}
Step:9	{"loss": {"zhongtest_loss": 0.08601072856358119}, "step": 9}
Step:10	{"loss": {"zhongtrain_loss": 0.005171178302294771}, "step": 10}
Step:10	{"loss": {"zhongtest_loss": 0.08687010589911014}, "step": 10}
Step:11	{"loss": {"zhongtrain_loss": 0.00014974004474245536}, "step": 11}
Step:11	{"loss": {"zhongtest_loss": 0.09352078729746294}, "step": 11}
Step:12	{"loss": {"zhongtrain_loss": 0.0003304997668929503}, "step": 12}
Step:12	{"loss": {"zhongtest_loss": 0.10789168610864756}, "step": 12}
Step:13	{"loss": {"zhongtrain_loss": 0.000633237201353194}, "step": 13}
Step:13	{"loss": {"zhongtest_loss": 0.12065262697180923}, "step": 13}
Step:14	{"loss": {"zhongtrain_loss": 0.0010107567297740721}, "step": 14}
Step:14	{"loss": {"zhongtest_loss": 0.12875910194552675}, "step": 14}
Step:15	{"loss": {"zhongtrain_loss": 0.00016162844217369255}, "step": 15}
Step:15	{"loss": {"zhongtest_loss": 0.13549411540128747}, "step": 15}
Step:16	{"loss": {"zhongtrain_loss": 8.125674380415814e-05}, "step": 16}
Step:16	{"loss": {"zhongtest_loss": 0.13925886154174805}, "step": 16}
Step:17	{"loss": {"zhongtrain_loss": 0.0001296042923776197}, "step": 17}
Step:17	{"loss": {"zhongtest_loss": 0.14040690052266025}, "step": 17}
Step:18	{"loss": {"zhongtrain_loss": 0.00022819450020160472}, "step": 18}
Step:18	{"loss": {"zhongtest_loss": 0.1377147947038923}, "step": 18}
Step:19	{"loss": {"zhongtrain_loss": 5.5472179591445854e-05}, "step": 19}
Step:19	{"loss": {"zhongtest_loss": 0.13251136273753886}, "step": 19}
Step:20	{"loss": {"zhongtrain_loss": 4.522720004208911e-05}, "step": 20}
Step:20	{"loss": {"zhongtest_loss": 0.12729557193055444}, "step": 20}
Step:21	{"loss": {"zhongtrain_loss": 3.1031364030663816e-05}, "step": 21}
Step:21	{"loss": {"zhongtest_loss": 0.12375756672450475}, "step": 21}
Step:22	{"loss": {"zhongtrain_loss": 2.229562550651985e-05}, "step": 22}
Step:22	{"loss": {"zhongtest_loss": 0.12132564856081593}, "step": 22}
Step:23	{"loss": {"zhongtrain_loss": 1.741223558652359e-05}, "step": 23}
Step:23	{"loss": {"zhongtest_loss": 0.11908608066792391}, "step": 23}
Step:24	{"loss": {"zhongtrain_loss": 1.4031976117083514e-05}, "step": 24}
Step:24	{"loss": {"zhongtest_loss": 0.1170926385996293}, "step": 24}
Step:25	{"loss": {"zhongtrain_loss": 1.694902721923632e-05}, "step": 25}
Step:25	{"loss": {"zhongtest_loss": 0.11558726369118204}, "step": 25}
Step:26	{"loss": {"zhongtrain_loss": 8.620532445976852e-06}, "step": 26}
Step:26	{"loss": {"zhongtest_loss": 0.1143088438072983}, "step": 26}
Step:27	{"loss": {"zhongtrain_loss": 1.2283140062157746e-05}, "step": 27}
Step:27	{"loss": {"zhongtest_loss": 0.11339663486091459}, "step": 27}
Step:28	{"loss": {"zhongtrain_loss": 8.607411742354678e-06}, "step": 28}
Step:28	{"loss": {"zhongtest_loss": 0.11268781155956034}, "step": 28}
Step:29	{"loss": {"zhongtrain_loss": 2.56790482753914e-05}, "step": 29}
Step:29	{"loss": {"zhongtest_loss": 0.11212814097501794}, "step": 29}
Step:30	{"loss": {"zhongtrain_loss": 1.2514186354065445e-05}, "step": 30}
Step:30	{"loss": {"zhongtest_loss": 0.11172119452028859}, "step": 30}
Step:31	{"loss": {"zhongtrain_loss": 7.087311504120138e-06}, "step": 31}
Step:31	{"loss": {"zhongtest_loss": 0.11141014099121094}, "step": 31}
Step:32	{"loss": {"zhongtrain_loss": 5.903136080235872e-06}, "step": 32}
Step:32	{"loss": {"zhongtest_loss": 0.11118300107060647}, "step": 32}
Step:33	{"loss": {"zhongtrain_loss": 5.341676870544612e-06}, "step": 33}
Step:33	{"loss": {"zhongtest_loss": 0.11104506862406828}, "step": 33}
Step:34	{"loss": {"zhongtrain_loss": 5.1953255946577435e-06}, "step": 34}
Step:34	{"loss": {"zhongtest_loss": 0.11098266134456712}, "step": 34}
Step:35	{"loss": {"zhongtrain_loss": 6.66720693452205e-06}, "step": 35}
Step:35	{"loss": {"zhongtest_loss": 0.11100069357424366}, "step": 35}
Step:36	{"loss": {"zhongtrain_loss": 4.185758806555204e-06}, "step": 36}
Step:36	{"loss": {"zhongtest_loss": 0.11103774090202487}, "step": 36}
Step:37	{"loss": {"zhongtrain_loss": 4.549598703357641e-06}, "step": 37}
Step:37	{"loss": {"zhongtest_loss": 0.11106467733577806}, "step": 37}
Step:38	{"loss": {"zhongtrain_loss": 4.210425532606601e-06}, "step": 38}
Step:38	{"loss": {"zhongtest_loss": 0.11118743857558892}, "step": 38}
Step:39	{"loss": {"zhongtrain_loss": 5.148017933119981e-06}, "step": 39}
Step:39	{"loss": {"zhongtest_loss": 0.11127731751422493}, "step": 39}
Step:40	{"loss": {"zhongtrain_loss": 3.5988130446024976e-06}, "step": 40}
Step:40	{"loss": {"zhongtest_loss": 0.11137766740760024}, "step": 40}
Step:41	{"loss": {"zhongtrain_loss": 3.1712557423636844e-06}, "step": 41}
Step:41	{"loss": {"zhongtest_loss": 0.11147721932858837}, "step": 41}
Step:42	{"loss": {"zhongtrain_loss": 2.4234703258270214e-06}, "step": 42}
Step:42	{"loss": {"zhongtest_loss": 0.1115554498166454}, "step": 42}
Step:43	{"loss": {"zhongtrain_loss": 4.849752860511063e-06}, "step": 43}
Step:43	{"loss": {"zhongtest_loss": 0.11164580559243961}, "step": 43}
Step:44	{"loss": {"zhongtrain_loss": 2.9563774481009114e-06}, "step": 44}
Step:44	{"loss": {"zhongtest_loss": 0.1117100715637207}, "step": 44}
Step:45	{"loss": {"zhongtrain_loss": 3.864331388990329e-06}, "step": 45}
Step:45	{"loss": {"zhongtest_loss": 0.11180670407353616}, "step": 45}
Step:46	{"loss": {"zhongtrain_loss": 2.3193813472638613e-06}, "step": 46}
Step:46	{"loss": {"zhongtest_loss": 0.11192676972369758}, "step": 46}
Step:47	{"loss": {"zhongtrain_loss": 2.821759524932262e-06}, "step": 47}
Step:47	{"loss": {"zhongtest_loss": 0.11200495155490174}, "step": 47}
Step:48	{"loss": {"zhongtrain_loss": 2.05301719842295e-06}, "step": 48}
Step:48	{"loss": {"zhongtest_loss": 0.11208226729412468}, "step": 48}
Step:49	{"loss": {"zhongtrain_loss": 2.4658334105354273e-06}, "step": 49}
Step:49	{"loss": {"zhongtest_loss": 0.11215426970501335}, "step": 49}
Step:50	{"loss": {"zhongtrain_loss": 2.1748202643849114e-06}, "step": 50}
Step:50	{"loss": {"zhongtest_loss": 0.11223496222982601}, "step": 50}
Step:51	{"loss": {"zhongtrain_loss": 2.2632694183389697e-06}, "step": 51}
Step:51	{"loss": {"zhongtest_loss": 0.11230818106203663}, "step": 51}
Step:52	{"loss": {"zhongtrain_loss": 2.428523939542315e-06}, "step": 52}
Step:52	{"loss": {"zhongtest_loss": 0.11237171718052455}, "step": 52}
Step:53	{"loss": {"zhongtrain_loss": 2.825998846264425e-06}, "step": 53}
Step:53	{"loss": {"zhongtest_loss": 0.11245915354514609}, "step": 53}
Step:54	{"loss": {"zhongtrain_loss": 2.6977599908361657e-06}, "step": 54}
Step:54	{"loss": {"zhongtest_loss": 0.11250375241649394}, "step": 54}
Step:55	{"loss": {"zhongtrain_loss": 1.7141042712544628e-06}, "step": 55}
Step:55	{"loss": {"zhongtest_loss": 0.11254396243971221}, "step": 55}
Step:56	{"loss": {"zhongtrain_loss": 2.052912465624616e-06}, "step": 56}
Step:56	{"loss": {"zhongtest_loss": 0.11258184666536292}, "step": 56}
Step:57	{"loss": {"zhongtrain_loss": 2.193509176386599e-06}, "step": 57}
Step:57	{"loss": {"zhongtest_loss": 0.11261845608146823}, "step": 57}
Step:58	{"loss": {"zhongtrain_loss": 2.1310482570953984e-06}, "step": 58}
Step:58	{"loss": {"zhongtest_loss": 0.11264859413614078}, "step": 58}
Step:59	{"loss": {"zhongtrain_loss": 3.1053519629033835e-06}, "step": 59}
Step:59	{"loss": {"zhongtest_loss": 0.112696715763637}, "step": 59}
Step:60	{"loss": {"zhongtrain_loss": 2.1335644062123144e-06}, "step": 60}
Step:60	{"loss": {"zhongtest_loss": 0.11274479846565091}, "step": 60}
Step:61	{"loss": {"zhongtrain_loss": 1.5315210322101772e-06}, "step": 61}
Step:61	{"loss": {"zhongtest_loss": 0.112789942293751}, "step": 61}
Step:62	{"loss": {"zhongtrain_loss": 2.1022206055931747e-06}, "step": 62}
Step:62	{"loss": {"zhongtest_loss": 0.11283534886885663}, "step": 62}
Step:63	{"loss": {"zhongtrain_loss": 1.8745279665150956e-06}, "step": 63}
Step:63	{"loss": {"zhongtest_loss": 0.1128552787157954}, "step": 63}
Step:64	{"loss": {"zhongtrain_loss": 1.928876346783896e-06}, "step": 64}
Step:64	{"loss": {"zhongtest_loss": 0.11289955645191427}, "step": 64}
Step:65	{"loss": {"zhongtrain_loss": 1.4105700731152853e-06}, "step": 65}
Step:65	{"loss": {"zhongtest_loss": 0.11292673616993185}, "step": 65}
Step:66	{"loss": {"zhongtrain_loss": 2.2831817672417407e-06}, "step": 66}
Step:66	{"loss": {"zhongtest_loss": 0.11296485394847636}, "step": 66}
Step:67	{"loss": {"zhongtrain_loss": 2.4903108592105794e-06}, "step": 67}
Step:67	{"loss": {"zhongtest_loss": 0.11300191100762814}, "step": 67}
Step:68	{"loss": {"zhongtrain_loss": 2.209692135859858e-06}, "step": 68}
Step:68	{"loss": {"zhongtest_loss": 0.1130467142377581}, "step": 68}
Step:69	{"loss": {"zhongtrain_loss": 1.8549164425922742e-06}, "step": 69}
Step:69	{"loss": {"zhongtest_loss": 0.11309150773651745}, "step": 69}
Step:70	{"loss": {"zhongtrain_loss": 2.0875052375141792e-06}, "step": 70}
Step:70	{"loss": {"zhongtest_loss": 0.11312223940479513}, "step": 70}
Step:71	{"loss": {"zhongtrain_loss": 2.241041265349363e-06}, "step": 71}
Step:71	{"loss": {"zhongtest_loss": 0.11314158536949936}, "step": 71}
Step:72	{"loss": {"zhongtrain_loss": 2.388002389458231e-06}, "step": 72}
Step:72	{"loss": {"zhongtest_loss": 0.11319143918095803}, "step": 72}
Step:73	{"loss": {"zhongtrain_loss": 1.3229366718597946e-06}, "step": 73}
Step:73	{"loss": {"zhongtest_loss": 0.11322200541593591}, "step": 73}
Step:74	{"loss": {"zhongtrain_loss": 1.7173079471267813e-06}, "step": 74}
Step:74	{"loss": {"zhongtest_loss": 0.11327254042333486}, "step": 74}
Step:75	{"loss": {"zhongtrain_loss": 1.5916174189941827e-06}, "step": 75}
Step:75	{"loss": {"zhongtest_loss": 0.11330691162420779}, "step": 75}
Step:76	{"loss": {"zhongtrain_loss": 1.6310170881489527e-06}, "step": 76}
Step:76	{"loss": {"zhongtest_loss": 0.11334457202833526}, "step": 76}
Step:77	{"loss": {"zhongtrain_loss": 1.5742323893404394e-06}, "step": 77}
Step:77	{"loss": {"zhongtest_loss": 0.11338304986759108}, "step": 77}
Step:78	{"loss": {"zhongtrain_loss": 2.3471236001031186e-06}, "step": 78}
Step:78	{"loss": {"zhongtest_loss": 0.11342784336635045}, "step": 78}
Step:79	{"loss": {"zhongtrain_loss": 1.7708880477584898e-06}, "step": 79}
Step:79	{"loss": {"zhongtest_loss": 0.11345989850102639}, "step": 79}
Step:80	{"loss": {"zhongtrain_loss": 1.55127320756716e-06}, "step": 80}
Step:80	{"loss": {"zhongtest_loss": 0.11347422307851363}, "step": 80}
Step:81	{"loss": {"zhongtrain_loss": 1.57704321474073e-06}, "step": 81}
Step:81	{"loss": {"zhongtest_loss": 0.11347958506370077}, "step": 81}
Step:82	{"loss": {"zhongtrain_loss": 1.88830504349669e-06}, "step": 82}
Step:82	{"loss": {"zhongtest_loss": 0.11349202175529635}, "step": 82}
Step:83	{"loss": {"zhongtrain_loss": 1.1943112171343594e-06}, "step": 83}
Step:83	{"loss": {"zhongtest_loss": 0.11351833538133271}, "step": 83}
Step:84	{"loss": {"zhongtrain_loss": 1.4391947663913834e-06}, "step": 84}
Step:84	{"loss": {"zhongtest_loss": 0.11353074287881657}, "step": 84}
Step:85	{"loss": {"zhongtrain_loss": 1.1928908426058806e-06}, "step": 85}
Step:85	{"loss": {"zhongtest_loss": 0.11354598220513791}, "step": 85}
Step:86	{"loss": {"zhongtrain_loss": 1.5380983954151227e-06}, "step": 86}
Step:86	{"loss": {"zhongtest_loss": 0.1135647540189782}, "step": 86}
Step:87	{"loss": {"zhongtrain_loss": 1.6420167988874543e-06}, "step": 87}
Step:87	{"loss": {"zhongtest_loss": 0.11360360165031588}, "step": 87}
Step:88	{"loss": {"zhongtrain_loss": 1.1178018840056071e-06}, "step": 88}
Step:88	{"loss": {"zhongtest_loss": 0.11362169226821588}, "step": 88}
Step:89	{"loss": {"zhongtrain_loss": 1.866024780303607e-06}, "step": 89}
Step:89	{"loss": {"zhongtest_loss": 0.11365809732553911}, "step": 89}
Step:90	{"loss": {"zhongtrain_loss": 1.5321801212439183e-06}, "step": 90}
Step:90	{"loss": {"zhongtest_loss": 0.11367958419176998}, "step": 90}
Step:91	{"loss": {"zhongtrain_loss": 1.508300735788997e-06}, "step": 91}
Step:91	{"loss": {"zhongtest_loss": 0.1137026378086635}, "step": 91}
Step:92	{"loss": {"zhongtrain_loss": 1.7203181952526662e-06}, "step": 92}
Step:92	{"loss": {"zhongtest_loss": 0.11374095021461954}, "step": 92}
Step:93	{"loss": {"zhongtrain_loss": 1.5250435853245812e-06}, "step": 93}
Step:93	{"loss": {"zhongtest_loss": 0.11375147955758232}, "step": 93}
Step:94	{"loss": {"zhongtrain_loss": 1.2794138148794291e-06}, "step": 94}
Step:94	{"loss": {"zhongtest_loss": 0.11376181427313357}, "step": 94}
Step:95	{"loss": {"zhongtrain_loss": 1.620199686263911e-06}, "step": 95}
Step:95	{"loss": {"zhongtest_loss": 0.11376953125}, "step": 95}
Step:96	{"loss": {"zhongtrain_loss": 1.5154849753459312e-06}, "step": 96}
Step:96	{"loss": {"zhongtest_loss": 0.1137869406719597}, "step": 96}
Step:97	{"loss": {"zhongtrain_loss": 1.9384046231927744e-06}, "step": 97}
Step:97	{"loss": {"zhongtest_loss": 0.11380568329168826}, "step": 97}
Step:98	{"loss": {"zhongtrain_loss": 1.6828472697353121e-06}, "step": 98}
Step:98	{"loss": {"zhongtest_loss": 0.11382404638796437}, "step": 98}
Step:99	{"loss": {"zhongtrain_loss": 1.457168994894461e-06}, "step": 99}
Step:99	{"loss": {"zhongtest_loss": 0.11384609767368861}, "step": 99}
Step:100	{"loss": {"zhongtrain_loss": 1.3501639457412957e-06}, "step": 100}
Step:100	{"loss": {"zhongtest_loss": 0.11385739579492686}, "step": 100}
