{"metric": {"full191": 0.12244897959183673}}
{"metric": {"full191UAR": 0.019934}}
{"metric": {"full191f1": 0.034286}}
{"metric": {"full191wa": 0.752187}}
{"metric": {"full191": 0.20408163265306123}}
{"metric": {"full191UAR": 0.142857}}
{"metric": {"full191f1": 0.124717}}
{"metric": {"full191wa": 0.895362}}
{"metric": {"full191UAR": 0.194684}}
{"metric": {"full191": 0.20408163265306123}}
{"metric": {"full191UAR": 0.270906}}
{"metric": {"full191f1": 0.15907}}
{"metric": {"full191": 0.20408163265306123}}
{"metric": {"full191": 0.20408163265306123}}
{"metric": {"full191": 0.24489795918367346}}
{"metric": {"full191f1": 0.173016}}
{"metric": {"full191": 0.24489795918367346}}
{"metric": {"full191": 0.24489795918367346}}
{"metric": {"full191": 0.2857142857142857}}
{"metric": {"full191": 0.2857142857142857}}
{"metric": {"full191f1": 0.193061}}
{"metric": {"full191": 0.2857142857142857}}
{"metric": {"full191UAR": 0.319728}}
{"metric": {"full191f1": 0.201257}}
{"metric": {"full191": 0.2857142857142857}}
{"metric": {"full191": 0.2857142857142857}}
{"metric": {"full191": 0.32653061224489793}}
{"metric": {"zhong": 0.16326530612244897}}
{"metric": {"zhongUAR": 0.196232}}
{"metric": {"zhongf1": 0.09898}}
{"metric": {"zhongwa": 0.250729}}
{"metric": {"zhong": 0.30612244897959184}}
{"metric": {"zhongUAR": 0.223684}}
{"metric": {"zhongf1": 0.1554}}
{"metric": {"zhongwa": 0.688047}}
{"metric": {"zhong": 0.32653061224489793}}
{"metric": {"zhongUAR": 0.245113}}
{"metric": {"zhongf1": 0.177045}}
{"metric": {"zhongwa": 0.705539}}
{"metric": {"zhong": 0.32653061224489793}}
{"metric": {"zhongUAR": 0.258242}}
{"metric": {"zhongf1": 0.18013}}
{"metric": {"zhongwa": 0.717201}}
{"metric": {"zhong": 0.3673469387755102}}
{"metric": {"zhongUAR": 0.297619}}
{"metric": {"zhongf1": 0.204569}}
{"metric": {"zhongwa": 0.781474}}
{"metric": {"zhong": 0.3673469387755102}}
{"metric": {"zhongf1": 0.204726}}
{"metric": {"zhong": 0.42857142857142855}}
{"metric": {"zhongUAR": 0.354649}}
{"metric": {"zhongf1": 0.25358}}
{"metric": {"zhong": 0.4897959183673469}}
{"metric": {"zhongUAR": 0.379464}}
{"metric": {"zhongf1": 0.312409}}
{"metric": {"zhong": 0.5306122448979592}}
{"metric": {"zhongUAR": 0.390962}}
{"metric": {"zhongf1": 0.333348}}
{"metric": {"zhong": 0.5510204081632653}}
{"metric": {"zhongf1": 0.35113}}
{"metric": {"zhong": 0.6122448979591837}}
{"metric": {"zhongUAR": 0.437799}}
{"metric": {"zhongf1": 0.396681}}
{"metric": {"zhongwa": 0.827458}}
{"metric": {"zhong": 0.6530612244897959}}
{"metric": {"zhongUAR": 0.454887}}
{"metric": {"zhongf1": 0.415584}}
{"metric": {"zhongwa": 0.902332}}
{"metric": {"zhong": 0.673469387755102}}
{"metric": {"zhongUAR": 0.458289}}
{"metric": {"zhongf1": 0.433712}}
{"metric": {"zhongwa": 0.908163}}
{"metric": {"zhong": 0.6938775510204082}}
{"metric": {"zhongUAR": 0.463719}}
{"metric": {"zhongf1": 0.45005}}
{"metric": {"zhongwa": 0.921283}}
{"metric": {"zhong": 0.7142857142857143}}
{"metric": {"zhongUAR": 0.469788}}
{"metric": {"zhongf1": 0.464783}}
{"metric": {"zhongwa": 0.940233}}
{"metric": {"zhong": 0.7551020408163265}}
{"metric": {"zhongUAR": 0.621136}}
{"metric": {"zhongf1": 0.533483}}
{"metric": {"zhongwa": 0.949708}}
{"metric": {"zhong": 0.7959183673469388}}
{"metric": {"zhongUAR": 0.774906}}
{"metric": {"zhongf1": 0.623143}}
{"metric": {"zhong": 0.8367346938775511}}
{"metric": {"zhongUAR": 0.787302}}
{"metric": {"zhongf1": 0.676759}}
{"metric": {"zhong": 0.9183673469387755}}
{"metric": {"zhongUAR": 0.820028}}
{"metric": {"zhongf1": 0.792889}}
{"metric": {"zhongwa": 0.955539}}
{"metric": {"zhong": 0.9387755102040817}}
{"metric": {"zhongUAR": 0.831933}}
{"metric": {"zhongf1": 0.811921}}
{"metric": {"zhongwa": 0.967201}}
{"metric": {"zhong": 0.9591836734693877}}
{"metric": {"zhongUAR": 0.839286}}
{"metric": {"zhongf1": 0.827211}}
{"metric": {"zhongwa": 0.984694}}
{"metric": {"zhong": 0.9591836734693877}}
{"metric": {"zhong": 0.9795918367346939}}
{"metric": {"zhongUAR": 0.847619}}
{"metric": {"zhongf1": 0.852217}}
{"metric": {"zhongwa": 1.0}}
{"metric": {"zhong": 0.9795918367346939}}
{"metric": {"zhong": 0.9795918367346939}}
{"metric": {"zhong": 0.9795918367346939}}
{"metric": {"zhong": 0.9795918367346939}}
{"metric": {"zhong": 0.9795918367346939}}
{"metric": {"zhong": 0.9795918367346939}}
{"metric": {"zhong": 0.9795918367346939}}
{"metric": {"zhong": 0.9795918367346939}}
{"metric": {"zhong": 0.9795918367346939}}
{"metric": {"zhong": 0.9795918367346939}}
{"metric": {"zhong": 0.9795918367346939}}
{"metric": {"zhong": 0.9795918367346939}}
{"metric": {"zhong": 0.9795918367346939}}
{"metric": {"zhong": 0.9795918367346939}}
{"metric": {"zhong": 0.9795918367346939}}
{"metric": {"zhong": 0.9795918367346939}}
{"metric": {"zhong": 0.9795918367346939}}
{"metric": {"zhong": 1.0}}
{"metric": {"zhongUAR": 1.0}}
{"metric": {"zhongf1": 1.0}}
{"metric": {"zhong": 1.0}}
{"metric": {"zhong": 1.0}}
{"metric": {"zhong": 1.0}}
{"metric": {"zhong": 1.0}}
{"metric": {"zhong": 1.0}}
{"metric": {"zhong": 1.0}}
{"metric": {"zhong": 1.0}}
{"metric": {"zhong": 1.0}}
{"metric": {"zhong": 1.0}}
{"metric": {"zhong": 1.0}}
{"metric": {"zhong": 1.0}}
{"metric": {"zhong": 1.0}}
{"metric": {"zhong": 1.0}}
{"metric": {"zhong": 1.0}}
{"metric": {"zhong": 1.0}}
{"metric": {"zhong": 1.0}}
{"metric": {"zhong": 1.0}}
{"metric": {"zhong": 1.0}}
{"metric": {"zhong": 1.0}}
{"metric": {"zhong": 1.0}}
{"metric": {"zhong": 1.0}}
{"metric": {"zhong": 1.0}}
{"metric": {"zhong": 1.0}}
{"metric": {"zhong": 1.0}}
{"metric": {"zhong": 1.0}}
{"metric": {"zhong": 1.0}}
{"metric": {"zhong": 1.0}}
{"metric": {"zhong": 1.0}}
{"metric": {"zhong": 1.0}}
{"metric": {"zhong": 1.0}}
{"metric": {"zhong": 1.0}}
{"metric": {"zhong": 1.0}}
{"metric": {"zhong": 1.0}}
{"metric": {"zhong": 1.0}}
{"metric": {"zhong": 1.0}}
{"metric": {"zhong": 1.0}}
{"metric": {"zhong": 1.0}}
{"metric": {"zhong": 1.0}}
{"metric": {"zhong": 1.0}}
{"metric": {"zhong": 1.0}}
{"metric": {"zhong": 1.0}}
{"metric": {"zhong": 1.0}}
{"metric": {"zhong": 1.0}}
{"metric": {"zhong": 1.0}}
{"metric": {"zhong": 1.0}}
{"metric": {"zhong": 1.0}}
{"metric": {"zhong": 1.0}}
{"metric": {"zhong": 1.0}}
{"metric": {"zhong": 1.0}}
{"metric": {"zhong": 1.0}}
{"metric": {"zhong": 1.0}}
{"metric": {"zhong": 1.0}}
{"metric": {"zhong": 1.0}}
{"metric": {"zhong": 1.0}}
{"metric": {"zhong": 1.0}}
{"metric": {"zhong": 1.0}}
{"metric": {"zhong": 1.0}}
{"metric": {"zhong": 1.0}}
{"metric": {"zhong": 1.0}}
