Step:1	{"metric": {"full191Training": {"acc": 0.12244897959183673}}, "step": 1}
Step:1	{"metric": {"full191test": {"acc": 0.12244897959183673}}, "step": 1}
Step:1	{"metric": {"full191test": {"UAR": 0.019934}}, "step": 1}
Step:1	{"metric": {"full191test": {"Macro_F1": 0.034286}}, "step": 1}
Step:1	{"metric": {"full191test": {"wa": 0.752187}}, "step": 1}
Step:2	{"metric": {"full191Training": {"acc": 0.14285714285714285}}, "step": 2}
Step:2	{"metric": {"full191test": {"acc": 0.20408163265306123}}, "step": 2}
Step:2	{"metric": {"full191test": {"UAR": 0.142857}}, "step": 2}
Step:2	{"metric": {"full191test": {"Macro_F1": 0.124717}}, "step": 2}
Step:2	{"metric": {"full191test": {"wa": 0.895362}}, "step": 2}
Step:3	{"metric": {"full191Training": {"acc": 0.12244897959183673}}, "step": 3}
Step:3	{"metric": {"full191test": {"acc": 0.1836734693877551}}, "step": 3}
Step:3	{"metric": {"full191test": {"UAR": 0.194684}}, "step": 3}
Step:3	{"metric": {"full191test": {"Macro_F1": 0.093571}}, "step": 3}
Step:3	{"metric": {"full191test": {"wa": 0.889743}}, "step": 3}
Step:4	{"metric": {"full191Training": {"acc": 0.14285714285714285}}, "step": 4}
Step:4	{"metric": {"full191test": {"acc": 0.16326530612244897}}, "step": 4}
Step:4	{"metric": {"full191test": {"UAR": 0.095238}}, "step": 4}
Step:4	{"metric": {"full191test": {"Macro_F1": 0.062794}}, "step": 4}
Step:4	{"metric": {"full191test": {"wa": 0.860853}}, "step": 4}
Step:5	{"metric": {"full191Training": {"acc": 0.16326530612244897}}, "step": 5}
Step:5	{"metric": {"full191test": {"acc": 0.12244897959183673}}, "step": 5}
Step:5	{"metric": {"full191test": {"UAR": 0.039713}}, "step": 5}
Step:5	{"metric": {"full191test": {"Macro_F1": 0.056277}}, "step": 5}
Step:5	{"metric": {"full191test": {"wa": 0.56793}}, "step": 5}
Step:6	{"metric": {"full191Training": {"acc": 0.12244897959183673}}, "step": 6}
Step:6	{"metric": {"full191test": {"acc": 0.16326530612244897}}, "step": 6}
Step:6	{"metric": {"full191test": {"UAR": 0.113815}}, "step": 6}
Step:6	{"metric": {"full191test": {"Macro_F1": 0.084886}}, "step": 6}
Step:6	{"metric": {"full191test": {"wa": 0.701034}}, "step": 6}
Step:7	{"metric": {"full191Training": {"acc": 0.10204081632653061}}, "step": 7}
Step:7	{"metric": {"full191test": {"acc": 0.14285714285714285}}, "step": 7}
Step:7	{"metric": {"full191test": {"UAR": 0.05}}, "step": 7}
Step:7	{"metric": {"full191test": {"Macro_F1": 0.054331}}, "step": 7}
Step:7	{"metric": {"full191test": {"wa": 0.708985}}, "step": 7}
Step:8	{"metric": {"full191Training": {"acc": 0.10204081632653061}}, "step": 8}
Step:8	{"metric": {"full191test": {"acc": 0.1836734693877551}}, "step": 8}
Step:8	{"metric": {"full191test": {"UAR": 0.119048}}, "step": 8}
Step:8	{"metric": {"full191test": {"Macro_F1": 0.081633}}, "step": 8}
Step:8	{"metric": {"full191test": {"wa": 0.868275}}, "step": 8}
Step:9	{"metric": {"full191Training": {"acc": 0.16326530612244897}}, "step": 9}
Step:9	{"metric": {"full191test": {"acc": 0.14285714285714285}}, "step": 9}
Step:9	{"metric": {"full191test": {"UAR": 0.05}}, "step": 9}
Step:9	{"metric": {"full191test": {"Macro_F1": 0.054331}}, "step": 9}
Step:9	{"metric": {"full191test": {"wa": 0.708985}}, "step": 9}
Step:10	{"metric": {"full191Training": {"acc": 0.22448979591836735}}, "step": 10}
Step:10	{"metric": {"full191test": {"acc": 0.08163265306122448}}, "step": 10}
Step:10	{"metric": {"full191test": {"UAR": 0.014652}}, "step": 10}
Step:10	{"metric": {"full191test": {"Macro_F1": 0.024845}}, "step": 10}
Step:10	{"metric": {"full191test": {"wa": 0.45481}}, "step": 10}
Step:11	{"metric": {"full191Training": {"acc": 0.1836734693877551}}, "step": 11}
Step:11	{"metric": {"full191test": {"acc": 0.12244897959183673}}, "step": 11}
Step:11	{"metric": {"full191test": {"UAR": 0.019481}}, "step": 11}
Step:11	{"metric": {"full191test": {"Macro_F1": 0.033613}}, "step": 11}
Step:11	{"metric": {"full191test": {"wa": 0.769679}}, "step": 11}
Step:12	{"metric": {"full191Training": {"acc": 0.10204081632653061}}, "step": 12}
Step:12	{"metric": {"full191test": {"acc": 0.08163265306122448}}, "step": 12}
Step:12	{"metric": {"full191test": {"UAR": 0.013937}}, "step": 12}
Step:12	{"metric": {"full191test": {"Macro_F1": 0.02381}}, "step": 12}
Step:12	{"metric": {"full191test": {"wa": 0.478134}}, "step": 12}
Step:13	{"metric": {"full191Training": {"acc": 0.14285714285714285}}, "step": 13}
Step:13	{"metric": {"full191test": {"acc": 0.12244897959183673}}, "step": 13}
Step:13	{"metric": {"full191test": {"UAR": 0.052041}}, "step": 13}
Step:13	{"metric": {"full191test": {"Macro_F1": 0.057286}}, "step": 13}
Step:13	{"metric": {"full191test": {"wa": 0.437848}}, "step": 13}
Step:14	{"metric": {"full191Training": {"acc": 0.16326530612244897}}, "step": 14}
Step:14	{"metric": {"full191test": {"acc": 0.20408163265306123}}, "step": 14}
Step:14	{"metric": {"full191test": {"UAR": 0.270906}}, "step": 14}
Step:14	{"metric": {"full191test": {"Macro_F1": 0.15907}}, "step": 14}
Step:14	{"metric": {"full191test": {"wa": 0.744447}}, "step": 14}
Step:15	{"metric": {"full191Training": {"acc": 0.14285714285714285}}, "step": 15}
Step:15	{"metric": {"full191test": {"acc": 0.14285714285714285}}, "step": 15}
Step:15	{"metric": {"full191test": {"UAR": 0.050549}}, "step": 15}
Step:15	{"metric": {"full191test": {"Macro_F1": 0.055124}}, "step": 15}
Step:15	{"metric": {"full191test": {"wa": 0.691492}}, "step": 15}
Step:16	{"metric": {"full191Training": {"acc": 0.16326530612244897}}, "step": 16}
Step:16	{"metric": {"full191test": {"acc": 0.16326530612244897}}, "step": 16}
Step:16	{"metric": {"full191test": {"UAR": 0.060714}}, "step": 16}
Step:16	{"metric": {"full191test": {"Macro_F1": 0.061601}}, "step": 16}
Step:16	{"metric": {"full191test": {"wa": 0.823748}}, "step": 16}
Step:17	{"metric": {"full191Training": {"acc": 0.12244897959183673}}, "step": 17}
Step:17	{"metric": {"full191test": {"acc": 0.16326530612244897}}, "step": 17}
Step:17	{"metric": {"full191test": {"UAR": 0.060105}}, "step": 17}
Step:17	{"metric": {"full191test": {"Macro_F1": 0.060714}}, "step": 17}
Step:17	{"metric": {"full191test": {"wa": 0.844156}}, "step": 17}
Step:18	{"metric": {"full191Training": {"acc": 0.16326530612244897}}, "step": 18}
Step:18	{"metric": {"full191test": {"acc": 0.1836734693877551}}, "step": 18}
Step:18	{"metric": {"full191test": {"UAR": 0.234694}}, "step": 18}
Step:18	{"metric": {"full191test": {"Macro_F1": 0.108795}}, "step": 18}
Step:18	{"metric": {"full191test": {"wa": 0.752452}}, "step": 18}
Step:19	{"metric": {"full191Training": {"acc": 0.1836734693877551}}, "step": 19}
Step:19	{"metric": {"full191test": {"acc": 0.20408163265306123}}, "step": 19}
Step:19	{"metric": {"full191test": {"UAR": 0.129762}}, "step": 19}
Step:19	{"metric": {"full191test": {"Macro_F1": 0.106839}}, "step": 19}
Step:19	{"metric": {"full191test": {"wa": 0.843626}}, "step": 19}
Step:20	{"metric": {"full191Training": {"acc": 0.16326530612244897}}, "step": 20}
Step:20	{"metric": {"full191test": {"acc": 0.14285714285714285}}, "step": 20}
Step:20	{"metric": {"full191test": {"UAR": 0.051128}}, "step": 20}
Step:20	{"metric": {"full191test": {"Macro_F1": 0.066667}}, "step": 20}
Step:20	{"metric": {"full191test": {"wa": 0.685131}}, "step": 20}
Step:21	{"metric": {"full191Training": {"acc": 0.14285714285714285}}, "step": 21}
Step:21	{"metric": {"full191test": {"acc": 0.20408163265306123}}, "step": 21}
Step:21	{"metric": {"full191test": {"UAR": 0.086866}}, "step": 21}
Step:21	{"metric": {"full191test": {"Macro_F1": 0.091097}}, "step": 21}
Step:21	{"metric": {"full191test": {"wa": 0.834879}}, "step": 21}
Step:22	{"metric": {"full191Training": {"acc": 0.12244897959183673}}, "step": 22}
Step:22	{"metric": {"full191test": {"acc": 0.14285714285714285}}, "step": 22}
Step:22	{"metric": {"full191test": {"UAR": 0.078077}}, "step": 22}
Step:22	{"metric": {"full191test": {"Macro_F1": 0.085429}}, "step": 22}
Step:22	{"metric": {"full191test": {"wa": 0.323615}}, "step": 22}
Step:23	{"metric": {"full191Training": {"acc": 0.14285714285714285}}, "step": 23}
Step:23	{"metric": {"full191test": {"acc": 0.16326530612244897}}, "step": 23}
Step:23	{"metric": {"full191test": {"UAR": 0.063373}}, "step": 23}
Step:23	{"metric": {"full191test": {"Macro_F1": 0.069841}}, "step": 23}
Step:23	{"metric": {"full191test": {"wa": 0.690697}}, "step": 23}
Step:24	{"metric": {"full191Training": {"acc": 0.14285714285714285}}, "step": 24}
Step:24	{"metric": {"full191test": {"acc": 0.16326530612244897}}, "step": 24}
Step:24	{"metric": {"full191test": {"UAR": 0.201095}}, "step": 24}
Step:24	{"metric": {"full191test": {"Macro_F1": 0.097222}}, "step": 24}
Step:24	{"metric": {"full191test": {"wa": 0.626557}}, "step": 24}
Step:25	{"metric": {"full191Training": {"acc": 0.20408163265306123}}, "step": 25}
Step:25	{"metric": {"full191test": {"acc": 0.24489795918367346}}, "step": 25}
Step:25	{"metric": {"full191test": {"UAR": 0.226316}}, "step": 25}
Step:25	{"metric": {"full191test": {"Macro_F1": 0.173016}}, "step": 25}
Step:25	{"metric": {"full191test": {"wa": 0.823801}}, "step": 25}
Step:26	{"metric": {"full191Training": {"acc": 0.22448979591836735}}, "step": 26}
Step:26	{"metric": {"full191test": {"acc": 0.16326530612244897}}, "step": 26}
Step:26	{"metric": {"full191test": {"UAR": 0.053975}}, "step": 26}
Step:26	{"metric": {"full191test": {"Macro_F1": 0.070557}}, "step": 26}
Step:26	{"metric": {"full191test": {"wa": 0.567983}}, "step": 26}
Step:27	{"metric": {"full191Training": {"acc": 0.14285714285714285}}, "step": 27}
Step:27	{"metric": {"full191test": {"acc": 0.14285714285714285}}, "step": 27}
Step:27	{"metric": {"full191test": {"UAR": 0.025}}, "step": 27}
Step:27	{"metric": {"full191test": {"Macro_F1": 0.042553}}, "step": 27}
Step:27	{"metric": {"full191test": {"wa": 0.816327}}, "step": 27}
Step:28	{"metric": {"full191Training": {"acc": 0.1836734693877551}}, "step": 28}
Step:28	{"metric": {"full191test": {"acc": 0.16326530612244897}}, "step": 28}
Step:28	{"metric": {"full191test": {"UAR": 0.055556}}, "step": 28}
Step:28	{"metric": {"full191test": {"Macro_F1": 0.068439}}, "step": 28}
Step:28	{"metric": {"full191test": {"wa": 0.663133}}, "step": 28}
Step:29	{"metric": {"full191Training": {"acc": 0.22448979591836735}}, "step": 29}
Step:29	{"metric": {"full191test": {"acc": 0.20408163265306123}}, "step": 29}
Step:29	{"metric": {"full191test": {"UAR": 0.174937}}, "step": 29}
Step:29	{"metric": {"full191test": {"Macro_F1": 0.138095}}, "step": 29}
Step:29	{"metric": {"full191test": {"wa": 0.704267}}, "step": 29}
Step:30	{"metric": {"full191Training": {"acc": 0.1836734693877551}}, "step": 30}
Step:30	{"metric": {"full191test": {"acc": 0.14285714285714285}}, "step": 30}
Step:30	{"metric": {"full191test": {"UAR": 0.044218}}, "step": 30}
Step:30	{"metric": {"full191test": {"Macro_F1": 0.051792}}, "step": 30}
Step:30	{"metric": {"full191test": {"wa": 0.745826}}, "step": 30}
Step:31	{"metric": {"full191Training": {"acc": 0.12244897959183673}}, "step": 31}
Step:31	{"metric": {"full191test": {"acc": 0.16326530612244897}}, "step": 31}
Step:31	{"metric": {"full191test": {"UAR": 0.123016}}, "step": 31}
Step:31	{"metric": {"full191test": {"Macro_F1": 0.09354}}, "step": 31}
Step:31	{"metric": {"full191test": {"wa": 0.564007}}, "step": 31}
Step:32	{"metric": {"full191Training": {"acc": 0.1836734693877551}}, "step": 32}
Step:32	{"metric": {"full191test": {"acc": 0.1836734693877551}}, "step": 32}
Step:32	{"metric": {"full191test": {"UAR": 0.175}}, "step": 32}
Step:32	{"metric": {"full191test": {"Macro_F1": 0.115713}}, "step": 32}
Step:32	{"metric": {"full191test": {"wa": 0.616751}}, "step": 32}
Step:33	{"metric": {"full191Training": {"acc": 0.16326530612244897}}, "step": 33}
Step:33	{"metric": {"full191test": {"acc": 0.16326530612244897}}, "step": 33}
Step:33	{"metric": {"full191test": {"UAR": 0.049107}}, "step": 33}
Step:33	{"metric": {"full191test": {"Macro_F1": 0.068376}}, "step": 33}
Step:33	{"metric": {"full191test": {"wa": 0.555526}}, "step": 33}
Step:34	{"metric": {"full191Training": {"acc": 0.12244897959183673}}, "step": 34}
Step:34	{"metric": {"full191test": {"acc": 0.24489795918367346}}, "step": 34}
Step:34	{"metric": {"full191test": {"UAR": 0.159307}}, "step": 34}
Step:34	{"metric": {"full191test": {"Macro_F1": 0.157143}}, "step": 34}
Step:34	{"metric": {"full191test": {"wa": 0.671084}}, "step": 34}
Step:35	{"metric": {"full191Training": {"acc": 0.20408163265306123}}, "step": 35}
Step:35	{"metric": {"full191test": {"acc": 0.16326530612244897}}, "step": 35}
Step:35	{"metric": {"full191test": {"UAR": 0.054912}}, "step": 35}
Step:35	{"metric": {"full191test": {"Macro_F1": 0.067532}}, "step": 35}
Step:35	{"metric": {"full191test": {"wa": 0.680625}}, "step": 35}
Step:36	{"metric": {"full191Training": {"acc": 0.3469387755102041}}, "step": 36}
Step:36	{"metric": {"full191test": {"acc": 0.14285714285714285}}, "step": 36}
Step:36	{"metric": {"full191test": {"UAR": 0.038961}}, "step": 36}
Step:36	{"metric": {"full191test": {"Macro_F1": 0.055844}}, "step": 36}
Step:36	{"metric": {"full191test": {"wa": 0.597668}}, "step": 36}
Step:37	{"metric": {"full191Training": {"acc": 0.14285714285714285}}, "step": 37}
Step:37	{"metric": {"full191test": {"acc": 0.14285714285714285}}, "step": 37}
Step:37	{"metric": {"full191test": {"UAR": 0.036842}}, "step": 37}
Step:37	{"metric": {"full191test": {"Macro_F1": 0.051701}}, "step": 37}
Step:37	{"metric": {"full191test": {"wa": 0.683276}}, "step": 37}
Step:38	{"metric": {"full191Training": {"acc": 0.14285714285714285}}, "step": 38}
Step:38	{"metric": {"full191test": {"acc": 0.12244897959183673}}, "step": 38}
Step:38	{"metric": {"full191test": {"UAR": 0.040249}}, "step": 38}
Step:38	{"metric": {"full191test": {"Macro_F1": 0.049096}}, "step": 38}
Step:38	{"metric": {"full191test": {"wa": 0.537768}}, "step": 38}
Step:39	{"metric": {"full191Training": {"acc": 0.16326530612244897}}, "step": 39}
Step:39	{"metric": {"full191test": {"acc": 0.1836734693877551}}, "step": 39}
Step:39	{"metric": {"full191test": {"UAR": 0.058773}}, "step": 39}
Step:39	{"metric": {"full191test": {"Macro_F1": 0.074026}}, "step": 39}
Step:39	{"metric": {"full191test": {"wa": 0.788497}}, "step": 39}
Step:40	{"metric": {"full191Training": {"acc": 0.20408163265306123}}, "step": 40}
Step:40	{"metric": {"full191test": {"acc": 0.1836734693877551}}, "step": 40}
Step:40	{"metric": {"full191test": {"UAR": 0.08213}}, "step": 40}
Step:40	{"metric": {"full191test": {"Macro_F1": 0.083333}}, "step": 40}
Step:40	{"metric": {"full191test": {"wa": 0.756162}}, "step": 40}
Step:41	{"metric": {"full191Training": {"acc": 0.16326530612244897}}, "step": 41}
Step:41	{"metric": {"full191test": {"acc": 0.12244897959183673}}, "step": 41}
Step:41	{"metric": {"full191test": {"UAR": 0.03467}}, "step": 41}
Step:41	{"metric": {"full191test": {"Macro_F1": 0.046032}}, "step": 41}
Step:41	{"metric": {"full191test": {"wa": 0.570633}}, "step": 41}
Step:42	{"metric": {"full191Training": {"acc": 0.30612244897959184}}, "step": 42}
Step:42	{"metric": {"full191test": {"acc": 0.14285714285714285}}, "step": 42}
Step:42	{"metric": {"full191test": {"UAR": 0.041837}}, "step": 42}
Step:42	{"metric": {"full191test": {"Macro_F1": 0.052347}}, "step": 42}
Step:42	{"metric": {"full191test": {"wa": 0.712695}}, "step": 42}
Step:43	{"metric": {"full191Training": {"acc": 0.16326530612244897}}, "step": 43}
Step:43	{"metric": {"full191test": {"acc": 0.24489795918367346}}, "step": 43}
Step:43	{"metric": {"full191test": {"UAR": 0.093506}}, "step": 43}
Step:43	{"metric": {"full191test": {"Macro_F1": 0.112554}}, "step": 43}
Step:43	{"metric": {"full191test": {"wa": 0.816327}}, "step": 43}
Step:44	{"metric": {"full191Training": {"acc": 0.14285714285714285}}, "step": 44}
Step:44	{"metric": {"full191test": {"acc": 0.14285714285714285}}, "step": 44}
Step:44	{"metric": {"full191test": {"UAR": 0.072619}}, "step": 44}
Step:44	{"metric": {"full191test": {"Macro_F1": 0.076001}}, "step": 44}
Step:44	{"metric": {"full191test": {"wa": 0.394381}}, "step": 44}
Step:45	{"metric": {"full191Training": {"acc": 0.16326530612244897}}, "step": 45}
Step:45	{"metric": {"full191test": {"acc": 0.20408163265306123}}, "step": 45}
Step:45	{"metric": {"full191test": {"UAR": 0.221224}}, "step": 45}
Step:45	{"metric": {"full191test": {"Macro_F1": 0.159802}}, "step": 45}
Step:45	{"metric": {"full191test": {"wa": 0.362788}}, "step": 45}
Step:46	{"metric": {"full191Training": {"acc": 0.14285714285714285}}, "step": 46}
Step:46	{"metric": {"full191test": {"acc": 0.16326530612244897}}, "step": 46}
Step:46	{"metric": {"full191test": {"UAR": 0.054612}}, "step": 46}
Step:46	{"metric": {"full191test": {"Macro_F1": 0.071429}}, "step": 46}
Step:46	{"metric": {"full191test": {"wa": 0.553406}}, "step": 46}
Step:47	{"metric": {"full191Training": {"acc": 0.20408163265306123}}, "step": 47}
Step:47	{"metric": {"full191test": {"acc": 0.1836734693877551}}, "step": 47}
Step:47	{"metric": {"full191test": {"UAR": 0.137624}}, "step": 47}
Step:47	{"metric": {"full191test": {"Macro_F1": 0.110283}}, "step": 47}
Step:47	{"metric": {"full191test": {"wa": 0.712695}}, "step": 47}
Step:48	{"metric": {"full191Training": {"acc": 0.20408163265306123}}, "step": 48}
Step:48	{"metric": {"full191test": {"acc": 0.22448979591836735}}, "step": 48}
Step:48	{"metric": {"full191test": {"UAR": 0.080155}}, "step": 48}
Step:48	{"metric": {"full191test": {"Macro_F1": 0.101336}}, "step": 48}
Step:48	{"metric": {"full191test": {"wa": 0.715346}}, "step": 48}
Step:49	{"metric": {"full191Training": {"acc": 0.14285714285714285}}, "step": 49}
Step:49	{"metric": {"full191test": {"acc": 0.16326530612244897}}, "step": 49}
Step:49	{"metric": {"full191test": {"UAR": 0.050464}}, "step": 49}
Step:49	{"metric": {"full191test": {"Macro_F1": 0.06679}}, "step": 49}
Step:49	{"metric": {"full191test": {"wa": 0.653061}}, "step": 49}
Step:50	{"metric": {"full191Training": {"acc": 0.20408163265306123}}, "step": 50}
Step:50	{"metric": {"full191test": {"acc": 0.2857142857142857}}, "step": 50}
Step:50	{"metric": {"full191test": {"UAR": 0.144803}}, "step": 50}
Step:50	{"metric": {"full191test": {"Macro_F1": 0.151282}}, "step": 50}
Step:50	{"metric": {"full191test": {"wa": 0.80652}}, "step": 50}
Step:51	{"metric": {"full191Training": {"acc": 0.22448979591836735}}, "step": 51}
Step:51	{"metric": {"full191test": {"acc": 0.1836734693877551}}, "step": 51}
Step:51	{"metric": {"full191test": {"UAR": 0.188312}}, "step": 51}
Step:51	{"metric": {"full191test": {"Macro_F1": 0.133121}}, "step": 51}
Step:51	{"metric": {"full191test": {"wa": 0.539571}}, "step": 51}
Step:52	{"metric": {"full191Training": {"acc": 0.14285714285714285}}, "step": 52}
Step:52	{"metric": {"full191test": {"acc": 0.2857142857142857}}, "step": 52}
Step:52	{"metric": {"full191test": {"UAR": 0.205739}}, "step": 52}
Step:52	{"metric": {"full191test": {"Macro_F1": 0.193061}}, "step": 52}
Step:52	{"metric": {"full191test": {"wa": 0.634879}}, "step": 52}
Step:53	{"metric": {"full191Training": {"acc": 0.1836734693877551}}, "step": 53}
Step:53	{"metric": {"full191test": {"acc": 0.20408163265306123}}, "step": 53}
Step:53	{"metric": {"full191test": {"UAR": 0.180309}}, "step": 53}
Step:53	{"metric": {"full191test": {"Macro_F1": 0.134993}}, "step": 53}
Step:53	{"metric": {"full191test": {"wa": 0.692022}}, "step": 53}
Step:54	{"metric": {"full191Training": {"acc": 0.16326530612244897}}, "step": 54}
Step:54	{"metric": {"full191test": {"acc": 0.14285714285714285}}, "step": 54}
Step:54	{"metric": {"full191test": {"UAR": 0.077381}}, "step": 54}
Step:54	{"metric": {"full191test": {"Macro_F1": 0.085895}}, "step": 54}
Step:54	{"metric": {"full191test": {"wa": 0.434031}}, "step": 54}
Step:55	{"metric": {"full191Training": {"acc": 0.20408163265306123}}, "step": 55}
Step:55	{"metric": {"full191test": {"acc": 0.22448979591836735}}, "step": 55}
Step:55	{"metric": {"full191test": {"UAR": 0.143155}}, "step": 55}
Step:55	{"metric": {"full191test": {"Macro_F1": 0.140181}}, "step": 55}
Step:55	{"metric": {"full191test": {"wa": 0.714074}}, "step": 55}
Step:56	{"metric": {"full191Training": {"acc": 0.16326530612244897}}, "step": 56}
Step:56	{"metric": {"full191test": {"acc": 0.1836734693877551}}, "step": 56}
Step:56	{"metric": {"full191test": {"UAR": 0.253968}}, "step": 56}
Step:56	{"metric": {"full191test": {"Macro_F1": 0.140864}}, "step": 56}
Step:56	{"metric": {"full191test": {"wa": 0.485078}}, "step": 56}
Step:57	{"metric": {"full191Training": {"acc": 0.12244897959183673}}, "step": 57}
Step:57	{"metric": {"full191test": {"acc": 0.20408163265306123}}, "step": 57}
Step:57	{"metric": {"full191test": {"UAR": 0.114286}}, "step": 57}
Step:57	{"metric": {"full191test": {"Macro_F1": 0.109255}}, "step": 57}
Step:57	{"metric": {"full191test": {"wa": 0.694143}}, "step": 57}
Step:58	{"metric": {"full191Training": {"acc": 0.1836734693877551}}, "step": 58}
Step:58	{"metric": {"full191test": {"acc": 0.1836734693877551}}, "step": 58}
Step:58	{"metric": {"full191test": {"UAR": 0.071253}}, "step": 58}
Step:58	{"metric": {"full191test": {"Macro_F1": 0.084416}}, "step": 58}
Step:58	{"metric": {"full191test": {"wa": 0.620991}}, "step": 58}
Step:59	{"metric": {"full191Training": {"acc": 0.1836734693877551}}, "step": 59}
Step:59	{"metric": {"full191test": {"acc": 0.10204081632653061}}, "step": 59}
Step:59	{"metric": {"full191test": {"UAR": 0.036415}}, "step": 59}
Step:59	{"metric": {"full191test": {"Macro_F1": 0.045751}}, "step": 59}
Step:59	{"metric": {"full191test": {"wa": 0.341903}}, "step": 59}
Step:60	{"metric": {"full191Training": {"acc": 0.20408163265306123}}, "step": 60}
Step:60	{"metric": {"full191test": {"acc": 0.1836734693877551}}, "step": 60}
Step:60	{"metric": {"full191test": {"UAR": 0.059524}}, "step": 60}
Step:60	{"metric": {"full191test": {"Macro_F1": 0.080938}}, "step": 60}
Step:60	{"metric": {"full191test": {"wa": 0.556056}}, "step": 60}
Step:61	{"metric": {"full191Training": {"acc": 0.20408163265306123}}, "step": 61}
Step:61	{"metric": {"full191test": {"acc": 0.12244897959183673}}, "step": 61}
Step:61	{"metric": {"full191test": {"UAR": 0.039835}}, "step": 61}
Step:61	{"metric": {"full191test": {"Macro_F1": 0.053114}}, "step": 61}
Step:61	{"metric": {"full191test": {"wa": 0.421415}}, "step": 61}
Step:62	{"metric": {"full191Training": {"acc": 0.1836734693877551}}, "step": 62}
Step:62	{"metric": {"full191test": {"acc": 0.16326530612244897}}, "step": 62}
Step:62	{"metric": {"full191test": {"UAR": 0.22395}}, "step": 62}
Step:62	{"metric": {"full191test": {"Macro_F1": 0.122546}}, "step": 62}
Step:62	{"metric": {"full191test": {"wa": 0.452849}}, "step": 62}
Step:63	{"metric": {"full191Training": {"acc": 0.12244897959183673}}, "step": 63}
Step:63	{"metric": {"full191test": {"acc": 0.1836734693877551}}, "step": 63}
Step:63	{"metric": {"full191test": {"UAR": 0.078151}}, "step": 63}
Step:63	{"metric": {"full191test": {"Macro_F1": 0.089265}}, "step": 63}
Step:63	{"metric": {"full191test": {"wa": 0.569838}}, "step": 63}
Step:64	{"metric": {"full191Training": {"acc": 0.22448979591836735}}, "step": 64}
Step:64	{"metric": {"full191test": {"acc": 0.12244897959183673}}, "step": 64}
Step:64	{"metric": {"full191test": {"UAR": 0.042301}}, "step": 64}
Step:64	{"metric": {"full191test": {"Macro_F1": 0.053185}}, "step": 64}
Step:64	{"metric": {"full191test": {"wa": 0.44898}}, "step": 64}
Step:65	{"metric": {"full191Training": {"acc": 0.14285714285714285}}, "step": 65}
Step:65	{"metric": {"full191test": {"acc": 0.16326530612244897}}, "step": 65}
Step:65	{"metric": {"full191test": {"UAR": 0.059969}}, "step": 65}
Step:65	{"metric": {"full191test": {"Macro_F1": 0.073804}}, "step": 65}
Step:65	{"metric": {"full191test": {"wa": 0.556851}}, "step": 65}
Step:66	{"metric": {"full191Training": {"acc": 0.20408163265306123}}, "step": 66}
Step:66	{"metric": {"full191test": {"acc": 0.22448979591836735}}, "step": 66}
Step:66	{"metric": {"full191test": {"UAR": 0.077381}}, "step": 66}
Step:66	{"metric": {"full191test": {"Macro_F1": 0.102102}}, "step": 66}
Step:66	{"metric": {"full191test": {"wa": 0.615425}}, "step": 66}
Step:67	{"metric": {"full191Training": {"acc": 0.2653061224489796}}, "step": 67}
Step:67	{"metric": {"full191test": {"acc": 0.14285714285714285}}, "step": 67}
Step:67	{"metric": {"full191test": {"UAR": 0.092674}}, "step": 67}
Step:67	{"metric": {"full191test": {"Macro_F1": 0.087512}}, "step": 67}
Step:67	{"metric": {"full191test": {"wa": 0.31964}}, "step": 67}
Step:68	{"metric": {"full191Training": {"acc": 0.20408163265306123}}, "step": 68}
Step:68	{"metric": {"full191test": {"acc": 0.16326530612244897}}, "step": 68}
Step:68	{"metric": {"full191test": {"UAR": 0.185822}}, "step": 68}
Step:68	{"metric": {"full191test": {"Macro_F1": 0.073016}}, "step": 68}
Step:68	{"metric": {"full191test": {"wa": 0.679168}}, "step": 68}
Step:69	{"metric": {"full191Training": {"acc": 0.12244897959183673}}, "step": 69}
Step:69	{"metric": {"full191test": {"acc": 0.22448979591836735}}, "step": 69}
Step:69	{"metric": {"full191test": {"UAR": 0.133787}}, "step": 69}
Step:69	{"metric": {"full191test": {"Macro_F1": 0.120134}}, "step": 69}
Step:69	{"metric": {"full191test": {"wa": 0.629208}}, "step": 69}
Step:70	{"metric": {"full191Training": {"acc": 0.20408163265306123}}, "step": 70}
Step:70	{"metric": {"full191test": {"acc": 0.1836734693877551}}, "step": 70}
Step:70	{"metric": {"full191test": {"UAR": 0.062397}}, "step": 70}
Step:70	{"metric": {"full191test": {"Macro_F1": 0.082923}}, "step": 70}
Step:70	{"metric": {"full191test": {"wa": 0.454015}}, "step": 70}
Step:71	{"metric": {"full191Training": {"acc": 0.12244897959183673}}, "step": 71}
Step:71	{"metric": {"full191test": {"acc": 0.1836734693877551}}, "step": 71}
Step:71	{"metric": {"full191test": {"UAR": 0.056586}}, "step": 71}
Step:71	{"metric": {"full191test": {"Macro_F1": 0.077143}}, "step": 71}
Step:71	{"metric": {"full191test": {"wa": 0.655182}}, "step": 71}
Step:72	{"metric": {"full191Training": {"acc": 0.22448979591836735}}, "step": 72}
Step:72	{"metric": {"full191test": {"acc": 0.24489795918367346}}, "step": 72}
Step:72	{"metric": {"full191test": {"UAR": 0.083128}}, "step": 72}
Step:72	{"metric": {"full191test": {"Macro_F1": 0.111111}}, "step": 72}
Step:72	{"metric": {"full191test": {"wa": 0.685396}}, "step": 72}
Step:73	{"metric": {"full191Training": {"acc": 0.22448979591836735}}, "step": 73}
Step:73	{"metric": {"full191test": {"acc": 0.2857142857142857}}, "step": 73}
Step:73	{"metric": {"full191test": {"UAR": 0.319728}}, "step": 73}
Step:73	{"metric": {"full191test": {"Macro_F1": 0.201257}}, "step": 73}
Step:73	{"metric": {"full191test": {"wa": 0.487808}}, "step": 73}
Step:74	{"metric": {"full191Training": {"acc": 0.1836734693877551}}, "step": 74}
Step:74	{"metric": {"full191test": {"acc": 0.12244897959183673}}, "step": 74}
Step:74	{"metric": {"full191test": {"UAR": 0.025974}}, "step": 74}
Step:74	{"metric": {"full191test": {"Macro_F1": 0.042857}}, "step": 74}
Step:74	{"metric": {"full191test": {"wa": 0.577259}}, "step": 74}
Step:75	{"metric": {"full191Training": {"acc": 0.20408163265306123}}, "step": 75}
Step:75	{"metric": {"full191test": {"acc": 0.14285714285714285}}, "step": 75}
Step:75	{"metric": {"full191test": {"UAR": 0.048469}}, "step": 75}
Step:75	{"metric": {"full191test": {"Macro_F1": 0.06359}}, "step": 75}
Step:75	{"metric": {"full191test": {"wa": 0.4511}}, "step": 75}
Step:76	{"metric": {"full191Training": {"acc": 0.24489795918367346}}, "step": 76}
Step:76	{"metric": {"full191test": {"acc": 0.22448979591836735}}, "step": 76}
Step:76	{"metric": {"full191test": {"UAR": 0.17803}}, "step": 76}
Step:76	{"metric": {"full191test": {"Macro_F1": 0.158525}}, "step": 76}
Step:76	{"metric": {"full191test": {"wa": 0.49621}}, "step": 76}
Step:77	{"metric": {"full191Training": {"acc": 0.22448979591836735}}, "step": 77}
Step:77	{"metric": {"full191test": {"acc": 0.2857142857142857}}, "step": 77}
Step:77	{"metric": {"full191test": {"UAR": 0.293878}}, "step": 77}
Step:77	{"metric": {"full191test": {"Macro_F1": 0.170935}}, "step": 77}
Step:77	{"metric": {"full191test": {"wa": 0.666313}}, "step": 77}
Step:78	{"metric": {"full191Training": {"acc": 0.1836734693877551}}, "step": 78}
Step:78	{"metric": {"full191test": {"acc": 0.22448979591836735}}, "step": 78}
Step:78	{"metric": {"full191test": {"UAR": 0.210384}}, "step": 78}
Step:78	{"metric": {"full191test": {"Macro_F1": 0.127551}}, "step": 78}
Step:78	{"metric": {"full191test": {"wa": 0.568778}}, "step": 78}
Step:79	{"metric": {"full191Training": {"acc": 0.14285714285714285}}, "step": 79}
Step:79	{"metric": {"full191test": {"acc": 0.22448979591836735}}, "step": 79}
Step:79	{"metric": {"full191test": {"UAR": 0.150298}}, "step": 79}
Step:79	{"metric": {"full191test": {"Macro_F1": 0.13327}}, "step": 79}
Step:79	{"metric": {"full191test": {"wa": 0.715081}}, "step": 79}
Step:80	{"metric": {"full191Training": {"acc": 0.22448979591836735}}, "step": 80}
Step:80	{"metric": {"full191test": {"acc": 0.16326530612244897}}, "step": 80}
Step:80	{"metric": {"full191test": {"UAR": 0.054989}}, "step": 80}
Step:80	{"metric": {"full191test": {"Macro_F1": 0.073751}}, "step": 80}
Step:80	{"metric": {"full191test": {"wa": 0.411874}}, "step": 80}
Step:81	{"metric": {"full191Training": {"acc": 0.1836734693877551}}, "step": 81}
Step:81	{"metric": {"full191test": {"acc": 0.14285714285714285}}, "step": 81}
Step:81	{"metric": {"full191test": {"UAR": 0.052857}}, "step": 81}
Step:81	{"metric": {"full191test": {"Macro_F1": 0.069114}}, "step": 81}
Step:81	{"metric": {"full191test": {"wa": 0.337397}}, "step": 81}
Step:82	{"metric": {"full191Training": {"acc": 0.1836734693877551}}, "step": 82}
Step:82	{"metric": {"full191test": {"acc": 0.2857142857142857}}, "step": 82}
Step:82	{"metric": {"full191test": {"UAR": 0.098925}}, "step": 82}
Step:82	{"metric": {"full191test": {"Macro_F1": 0.129555}}, "step": 82}
Step:82	{"metric": {"full191test": {"wa": 0.827458}}, "step": 82}
Step:83	{"metric": {"full191Training": {"acc": 0.16326530612244897}}, "step": 83}
Step:83	{"metric": {"full191test": {"acc": 0.1836734693877551}}, "step": 83}
Step:83	{"metric": {"full191test": {"UAR": 0.142426}}, "step": 83}
Step:83	{"metric": {"full191test": {"Macro_F1": 0.136673}}, "step": 83}
Step:83	{"metric": {"full191test": {"wa": 0.422316}}, "step": 83}
Step:84	{"metric": {"full191Training": {"acc": 0.22448979591836735}}, "step": 84}
Step:84	{"metric": {"full191test": {"acc": 0.22448979591836735}}, "step": 84}
Step:84	{"metric": {"full191test": {"UAR": 0.10732}}, "step": 84}
Step:84	{"metric": {"full191test": {"Macro_F1": 0.118706}}, "step": 84}
Step:84	{"metric": {"full191test": {"wa": 0.650411}}, "step": 84}
Step:85	{"metric": {"full191Training": {"acc": 0.2653061224489796}}, "step": 85}
Step:85	{"metric": {"full191test": {"acc": 0.20408163265306123}}, "step": 85}
Step:85	{"metric": {"full191test": {"UAR": 0.205397}}, "step": 85}
Step:85	{"metric": {"full191test": {"Macro_F1": 0.104023}}, "step": 85}
Step:85	{"metric": {"full191test": {"wa": 0.459979}}, "step": 85}
Step:86	{"metric": {"full191Training": {"acc": 0.16326530612244897}}, "step": 86}
Step:86	{"metric": {"full191test": {"acc": 0.24489795918367346}}, "step": 86}
Step:86	{"metric": {"full191test": {"UAR": 0.149631}}, "step": 86}
Step:86	{"metric": {"full191test": {"Macro_F1": 0.143991}}, "step": 86}
Step:86	{"metric": {"full191test": {"wa": 0.609011}}, "step": 86}
Step:87	{"metric": {"full191Training": {"acc": 0.20408163265306123}}, "step": 87}
Step:87	{"metric": {"full191test": {"acc": 0.20408163265306123}}, "step": 87}
Step:87	{"metric": {"full191test": {"UAR": 0.065476}}, "step": 87}
Step:87	{"metric": {"full191test": {"Macro_F1": 0.092166}}, "step": 87}
Step:87	{"metric": {"full191test": {"wa": 0.535383}}, "step": 87}
Step:88	{"metric": {"full191Training": {"acc": 0.20408163265306123}}, "step": 88}
Step:88	{"metric": {"full191test": {"acc": 0.12244897959183673}}, "step": 88}
Step:88	{"metric": {"full191test": {"UAR": 0.064562}}, "step": 88}
Step:88	{"metric": {"full191test": {"Macro_F1": 0.071762}}, "step": 88}
Step:88	{"metric": {"full191test": {"wa": 0.311953}}, "step": 88}
Step:89	{"metric": {"full191Training": {"acc": 0.2653061224489796}}, "step": 89}
Step:89	{"metric": {"full191test": {"acc": 0.16326530612244897}}, "step": 89}
Step:89	{"metric": {"full191test": {"UAR": 0.093407}}, "step": 89}
Step:89	{"metric": {"full191test": {"Macro_F1": 0.09276}}, "step": 89}
Step:89	{"metric": {"full191test": {"wa": 0.412139}}, "step": 89}
Step:90	{"metric": {"full191Training": {"acc": 0.1836734693877551}}, "step": 90}
Step:90	{"metric": {"full191test": {"acc": 0.20408163265306123}}, "step": 90}
Step:90	{"metric": {"full191test": {"UAR": 0.111688}}, "step": 90}
Step:90	{"metric": {"full191test": {"Macro_F1": 0.133418}}, "step": 90}
Step:90	{"metric": {"full191test": {"wa": 0.445799}}, "step": 90}
Step:91	{"metric": {"full191Training": {"acc": 0.14285714285714285}}, "step": 91}
Step:91	{"metric": {"full191test": {"acc": 0.1836734693877551}}, "step": 91}
Step:91	{"metric": {"full191test": {"UAR": 0.123626}}, "step": 91}
Step:91	{"metric": {"full191test": {"Macro_F1": 0.103803}}, "step": 91}
Step:91	{"metric": {"full191test": {"wa": 0.418765}}, "step": 91}
Step:92	{"metric": {"full191Training": {"acc": 0.30612244897959184}}, "step": 92}
Step:92	{"metric": {"full191test": {"acc": 0.20408163265306123}}, "step": 92}
Step:92	{"metric": {"full191test": {"UAR": 0.066667}}, "step": 92}
Step:92	{"metric": {"full191test": {"Macro_F1": 0.090288}}, "step": 92}
Step:92	{"metric": {"full191test": {"wa": 0.636099}}, "step": 92}
Step:93	{"metric": {"full191Training": {"acc": 0.22448979591836735}}, "step": 93}
Step:93	{"metric": {"full191test": {"acc": 0.22448979591836735}}, "step": 93}
Step:93	{"metric": {"full191test": {"UAR": 0.282051}}, "step": 93}
Step:93	{"metric": {"full191test": {"Macro_F1": 0.137023}}, "step": 93}
Step:93	{"metric": {"full191test": {"wa": 0.541081}}, "step": 93}
Step:94	{"metric": {"full191Training": {"acc": 0.24489795918367346}}, "step": 94}
Step:94	{"metric": {"full191test": {"acc": 0.32653061224489793}}, "step": 94}
Step:94	{"metric": {"full191test": {"UAR": 0.313259}}, "step": 94}
Step:94	{"metric": {"full191test": {"Macro_F1": 0.182846}}, "step": 94}
Step:94	{"metric": {"full191test": {"wa": 0.731911}}, "step": 94}
Step:95	{"metric": {"full191Training": {"acc": 0.24489795918367346}}, "step": 95}
Step:95	{"metric": {"full191test": {"acc": 0.24489795918367346}}, "step": 95}
Step:95	{"metric": {"full191test": {"UAR": 0.220663}}, "step": 95}
Step:95	{"metric": {"full191test": {"Macro_F1": 0.120147}}, "step": 95}
Step:95	{"metric": {"full191test": {"wa": 0.691095}}, "step": 95}
Step:96	{"metric": {"full191Training": {"acc": 0.16326530612244897}}, "step": 96}
Step:96	{"metric": {"full191test": {"acc": 0.24489795918367346}}, "step": 96}
Step:96	{"metric": {"full191test": {"UAR": 0.268783}}, "step": 96}
Step:96	{"metric": {"full191test": {"Macro_F1": 0.147167}}, "step": 96}
Step:96	{"metric": {"full191test": {"wa": 0.492049}}, "step": 96}
Step:97	{"metric": {"full191Training": {"acc": 0.24489795918367346}}, "step": 97}
Step:97	{"metric": {"full191test": {"acc": 0.24489795918367346}}, "step": 97}
Step:97	{"metric": {"full191test": {"UAR": 0.079365}}, "step": 97}
Step:97	{"metric": {"full191test": {"Macro_F1": 0.109533}}, "step": 97}
Step:97	{"metric": {"full191test": {"wa": 0.672674}}, "step": 97}
Step:98	{"metric": {"full191Training": {"acc": 0.22448979591836735}}, "step": 98}
Step:98	{"metric": {"full191test": {"acc": 0.2653061224489796}}, "step": 98}
Step:98	{"metric": {"full191test": {"UAR": 0.191758}}, "step": 98}
Step:98	{"metric": {"full191test": {"Macro_F1": 0.153055}}, "step": 98}
Step:98	{"metric": {"full191test": {"wa": 0.560562}}, "step": 98}
Step:99	{"metric": {"full191Training": {"acc": 0.2653061224489796}}, "step": 99}
Step:99	{"metric": {"full191test": {"acc": 0.14285714285714285}}, "step": 99}
Step:99	{"metric": {"full191test": {"UAR": 0.182143}}, "step": 99}
Step:99	{"metric": {"full191test": {"Macro_F1": 0.074347}}, "step": 99}
Step:99	{"metric": {"full191test": {"wa": 0.322688}}, "step": 99}
Step:100	{"metric": {"full191Training": {"acc": 0.20408163265306123}}, "step": 100}
Step:100	{"metric": {"full191test": {"acc": 0.22448979591836735}}, "step": 100}
Step:100	{"metric": {"full191test": {"UAR": 0.077381}}, "step": 100}
Step:100	{"metric": {"full191test": {"Macro_F1": 0.105196}}, "step": 100}
Step:100	{"metric": {"full191test": {"wa": 0.550225}}, "step": 100}
Step:1	{"metric": {"zhongTraining": {"acc": 0.10204081632653061}}, "step": 1}
Step:1	{"metric": {"zhongtest": {"acc": 0.16326530612244897}}, "step": 1}
Step:1	{"metric": {"zhongtest": {"UAR": 0.196232}}, "step": 1}
Step:1	{"metric": {"zhongtest": {"Macro_F1": 0.09898}}, "step": 1}
Step:1	{"metric": {"zhongtest": {"wa": 0.250729}}, "step": 1}
Step:2	{"metric": {"zhongTraining": {"acc": 0.16326530612244897}}, "step": 2}
Step:2	{"metric": {"zhongtest": {"acc": 0.30612244897959184}}, "step": 2}
Step:2	{"metric": {"zhongtest": {"UAR": 0.223684}}, "step": 2}
Step:2	{"metric": {"zhongtest": {"Macro_F1": 0.1554}}, "step": 2}
Step:2	{"metric": {"zhongtest": {"wa": 0.688047}}, "step": 2}
Step:3	{"metric": {"zhongTraining": {"acc": 0.30612244897959184}}, "step": 3}
Step:3	{"metric": {"zhongtest": {"acc": 0.32653061224489793}}, "step": 3}
Step:3	{"metric": {"zhongtest": {"UAR": 0.245113}}, "step": 3}
Step:3	{"metric": {"zhongtest": {"Macro_F1": 0.177045}}, "step": 3}
Step:3	{"metric": {"zhongtest": {"wa": 0.705539}}, "step": 3}
Step:4	{"metric": {"zhongTraining": {"acc": 0.32653061224489793}}, "step": 4}
Step:4	{"metric": {"zhongtest": {"acc": 0.32653061224489793}}, "step": 4}
Step:4	{"metric": {"zhongtest": {"UAR": 0.258242}}, "step": 4}
Step:4	{"metric": {"zhongtest": {"Macro_F1": 0.18013}}, "step": 4}
Step:4	{"metric": {"zhongtest": {"wa": 0.717201}}, "step": 4}
Step:5	{"metric": {"zhongTraining": {"acc": 0.32653061224489793}}, "step": 5}
Step:5	{"metric": {"zhongtest": {"acc": 0.3673469387755102}}, "step": 5}
Step:5	{"metric": {"zhongtest": {"UAR": 0.297619}}, "step": 5}
Step:5	{"metric": {"zhongtest": {"Macro_F1": 0.204569}}, "step": 5}
Step:5	{"metric": {"zhongtest": {"wa": 0.781474}}, "step": 5}
Step:6	{"metric": {"zhongTraining": {"acc": 0.3673469387755102}}, "step": 6}
Step:6	{"metric": {"zhongtest": {"acc": 0.3673469387755102}}, "step": 6}
Step:6	{"metric": {"zhongtest": {"UAR": 0.291729}}, "step": 6}
Step:6	{"metric": {"zhongtest": {"Macro_F1": 0.204726}}, "step": 6}
Step:6	{"metric": {"zhongtest": {"wa": 0.764378}}, "step": 6}
Step:7	{"metric": {"zhongTraining": {"acc": 0.3673469387755102}}, "step": 7}
Step:7	{"metric": {"zhongtest": {"acc": 0.42857142857142855}}, "step": 7}
Step:7	{"metric": {"zhongtest": {"UAR": 0.354649}}, "step": 7}
Step:7	{"metric": {"zhongtest": {"Macro_F1": 0.25358}}, "step": 7}
Step:7	{"metric": {"zhongtest": {"wa": 0.75921}}, "step": 7}
Step:8	{"metric": {"zhongTraining": {"acc": 0.42857142857142855}}, "step": 8}
Step:8	{"metric": {"zhongtest": {"acc": 0.4897959183673469}}, "step": 8}
Step:8	{"metric": {"zhongtest": {"UAR": 0.379464}}, "step": 8}
Step:8	{"metric": {"zhongtest": {"Macro_F1": 0.312409}}, "step": 8}
Step:8	{"metric": {"zhongtest": {"wa": 0.760403}}, "step": 8}
Step:9	{"metric": {"zhongTraining": {"acc": 0.4897959183673469}}, "step": 9}
Step:9	{"metric": {"zhongtest": {"acc": 0.5306122448979592}}, "step": 9}
Step:9	{"metric": {"zhongtest": {"UAR": 0.390962}}, "step": 9}
Step:9	{"metric": {"zhongtest": {"Macro_F1": 0.333348}}, "step": 9}
Step:9	{"metric": {"zhongtest": {"wa": 0.779618}}, "step": 9}
Step:10	{"metric": {"zhongTraining": {"acc": 0.5306122448979592}}, "step": 10}
Step:10	{"metric": {"zhongtest": {"acc": 0.5510204081632653}}, "step": 10}
Step:10	{"metric": {"zhongtest": {"UAR": 0.386786}}, "step": 10}
Step:10	{"metric": {"zhongtest": {"Macro_F1": 0.35113}}, "step": 10}
Step:10	{"metric": {"zhongtest": {"wa": 0.763186}}, "step": 10}
Step:11	{"metric": {"zhongTraining": {"acc": 0.5510204081632653}}, "step": 11}
Step:11	{"metric": {"zhongtest": {"acc": 0.6122448979591837}}, "step": 11}
Step:11	{"metric": {"zhongtest": {"UAR": 0.437799}}, "step": 11}
Step:11	{"metric": {"zhongtest": {"Macro_F1": 0.396681}}, "step": 11}
Step:11	{"metric": {"zhongtest": {"wa": 0.827458}}, "step": 11}
Step:12	{"metric": {"zhongTraining": {"acc": 0.6122448979591837}}, "step": 12}
Step:12	{"metric": {"zhongtest": {"acc": 0.6530612244897959}}, "step": 12}
Step:12	{"metric": {"zhongtest": {"UAR": 0.454887}}, "step": 12}
Step:12	{"metric": {"zhongtest": {"Macro_F1": 0.415584}}, "step": 12}
Step:12	{"metric": {"zhongtest": {"wa": 0.902332}}, "step": 12}
Step:13	{"metric": {"zhongTraining": {"acc": 0.6530612244897959}}, "step": 13}
Step:13	{"metric": {"zhongtest": {"acc": 0.673469387755102}}, "step": 13}
Step:13	{"metric": {"zhongtest": {"UAR": 0.458289}}, "step": 13}
Step:13	{"metric": {"zhongtest": {"Macro_F1": 0.433712}}, "step": 13}
Step:13	{"metric": {"zhongtest": {"wa": 0.908163}}, "step": 13}
Step:14	{"metric": {"zhongTraining": {"acc": 0.673469387755102}}, "step": 14}
Step:14	{"metric": {"zhongtest": {"acc": 0.6938775510204082}}, "step": 14}
Step:14	{"metric": {"zhongtest": {"UAR": 0.463719}}, "step": 14}
Step:14	{"metric": {"zhongtest": {"Macro_F1": 0.45005}}, "step": 14}
Step:14	{"metric": {"zhongtest": {"wa": 0.921283}}, "step": 14}
Step:15	{"metric": {"zhongTraining": {"acc": 0.6938775510204082}}, "step": 15}
Step:15	{"metric": {"zhongtest": {"acc": 0.7142857142857143}}, "step": 15}
Step:15	{"metric": {"zhongtest": {"UAR": 0.469788}}, "step": 15}
Step:15	{"metric": {"zhongtest": {"Macro_F1": 0.464783}}, "step": 15}
Step:15	{"metric": {"zhongtest": {"wa": 0.940233}}, "step": 15}
Step:16	{"metric": {"zhongTraining": {"acc": 0.7142857142857143}}, "step": 16}
Step:16	{"metric": {"zhongtest": {"acc": 0.7551020408163265}}, "step": 16}
Step:16	{"metric": {"zhongtest": {"UAR": 0.621136}}, "step": 16}
Step:16	{"metric": {"zhongtest": {"Macro_F1": 0.533483}}, "step": 16}
Step:16	{"metric": {"zhongtest": {"wa": 0.949708}}, "step": 16}
Step:17	{"metric": {"zhongTraining": {"acc": 0.7551020408163265}}, "step": 17}
Step:17	{"metric": {"zhongtest": {"acc": 0.7959183673469388}}, "step": 17}
Step:17	{"metric": {"zhongtest": {"UAR": 0.774906}}, "step": 17}
Step:17	{"metric": {"zhongtest": {"Macro_F1": 0.623143}}, "step": 17}
Step:17	{"metric": {"zhongtest": {"wa": 0.925219}}, "step": 17}
Step:18	{"metric": {"zhongTraining": {"acc": 0.7959183673469388}}, "step": 18}
Step:18	{"metric": {"zhongtest": {"acc": 0.8367346938775511}}, "step": 18}
Step:18	{"metric": {"zhongtest": {"UAR": 0.787302}}, "step": 18}
Step:18	{"metric": {"zhongtest": {"Macro_F1": 0.676759}}, "step": 18}
Step:18	{"metric": {"zhongtest": {"wa": 0.933382}}, "step": 18}
Step:19	{"metric": {"zhongTraining": {"acc": 0.8367346938775511}}, "step": 19}
Step:19	{"metric": {"zhongtest": {"acc": 0.9183673469387755}}, "step": 19}
Step:19	{"metric": {"zhongtest": {"UAR": 0.820028}}, "step": 19}
Step:19	{"metric": {"zhongtest": {"Macro_F1": 0.792889}}, "step": 19}
Step:19	{"metric": {"zhongtest": {"wa": 0.955539}}, "step": 19}
Step:20	{"metric": {"zhongTraining": {"acc": 0.9183673469387755}}, "step": 20}
Step:20	{"metric": {"zhongtest": {"acc": 0.9387755102040817}}, "step": 20}
Step:20	{"metric": {"zhongtest": {"UAR": 0.831933}}, "step": 20}
Step:20	{"metric": {"zhongtest": {"Macro_F1": 0.811921}}, "step": 20}
Step:20	{"metric": {"zhongtest": {"wa": 0.967201}}, "step": 20}
Step:21	{"metric": {"zhongTraining": {"acc": 0.9387755102040817}}, "step": 21}
Step:21	{"metric": {"zhongtest": {"acc": 0.9591836734693877}}, "step": 21}
Step:21	{"metric": {"zhongtest": {"UAR": 0.839286}}, "step": 21}
Step:21	{"metric": {"zhongtest": {"Macro_F1": 0.827211}}, "step": 21}
Step:21	{"metric": {"zhongtest": {"wa": 0.984694}}, "step": 21}
Step:22	{"metric": {"zhongTraining": {"acc": 0.9591836734693877}}, "step": 22}
Step:22	{"metric": {"zhongtest": {"acc": 0.9591836734693877}}, "step": 22}
Step:22	{"metric": {"zhongtest": {"UAR": 0.839286}}, "step": 22}
Step:22	{"metric": {"zhongtest": {"Macro_F1": 0.827211}}, "step": 22}
Step:22	{"metric": {"zhongtest": {"wa": 0.984694}}, "step": 22}
Step:23	{"metric": {"zhongTraining": {"acc": 0.9591836734693877}}, "step": 23}
Step:23	{"metric": {"zhongtest": {"acc": 0.9795918367346939}}, "step": 23}
Step:23	{"metric": {"zhongtest": {"UAR": 0.847619}}, "step": 23}
Step:23	{"metric": {"zhongtest": {"Macro_F1": 0.852217}}, "step": 23}
Step:23	{"metric": {"zhongtest": {"wa": 1.0}}, "step": 23}
Step:24	{"metric": {"zhongTraining": {"acc": 0.9795918367346939}}, "step": 24}
Step:24	{"metric": {"zhongtest": {"acc": 0.9795918367346939}}, "step": 24}
Step:24	{"metric": {"zhongtest": {"UAR": 0.847619}}, "step": 24}
Step:24	{"metric": {"zhongtest": {"Macro_F1": 0.852217}}, "step": 24}
Step:24	{"metric": {"zhongtest": {"wa": 1.0}}, "step": 24}
Step:25	{"metric": {"zhongTraining": {"acc": 0.9795918367346939}}, "step": 25}
Step:25	{"metric": {"zhongtest": {"acc": 0.9795918367346939}}, "step": 25}
Step:25	{"metric": {"zhongtest": {"UAR": 0.847619}}, "step": 25}
Step:25	{"metric": {"zhongtest": {"Macro_F1": 0.852217}}, "step": 25}
Step:25	{"metric": {"zhongtest": {"wa": 1.0}}, "step": 25}
Step:26	{"metric": {"zhongTraining": {"acc": 0.9795918367346939}}, "step": 26}
Step:26	{"metric": {"zhongtest": {"acc": 0.9795918367346939}}, "step": 26}
Step:26	{"metric": {"zhongtest": {"UAR": 0.847619}}, "step": 26}
Step:26	{"metric": {"zhongtest": {"Macro_F1": 0.852217}}, "step": 26}
Step:26	{"metric": {"zhongtest": {"wa": 1.0}}, "step": 26}
Step:27	{"metric": {"zhongTraining": {"acc": 0.9795918367346939}}, "step": 27}
Step:27	{"metric": {"zhongtest": {"acc": 0.9795918367346939}}, "step": 27}
Step:27	{"metric": {"zhongtest": {"UAR": 0.847619}}, "step": 27}
Step:27	{"metric": {"zhongtest": {"Macro_F1": 0.852217}}, "step": 27}
Step:27	{"metric": {"zhongtest": {"wa": 1.0}}, "step": 27}
Step:28	{"metric": {"zhongTraining": {"acc": 0.9795918367346939}}, "step": 28}
Step:28	{"metric": {"zhongtest": {"acc": 0.9795918367346939}}, "step": 28}
Step:28	{"metric": {"zhongtest": {"UAR": 0.847619}}, "step": 28}
Step:28	{"metric": {"zhongtest": {"Macro_F1": 0.852217}}, "step": 28}
Step:28	{"metric": {"zhongtest": {"wa": 1.0}}, "step": 28}
Step:29	{"metric": {"zhongTraining": {"acc": 0.9795918367346939}}, "step": 29}
Step:29	{"metric": {"zhongtest": {"acc": 0.9795918367346939}}, "step": 29}
Step:29	{"metric": {"zhongtest": {"UAR": 0.847619}}, "step": 29}
Step:29	{"metric": {"zhongtest": {"Macro_F1": 0.852217}}, "step": 29}
Step:29	{"metric": {"zhongtest": {"wa": 1.0}}, "step": 29}
Step:30	{"metric": {"zhongTraining": {"acc": 0.9795918367346939}}, "step": 30}
Step:30	{"metric": {"zhongtest": {"acc": 0.9795918367346939}}, "step": 30}
Step:30	{"metric": {"zhongtest": {"UAR": 0.847619}}, "step": 30}
Step:30	{"metric": {"zhongtest": {"Macro_F1": 0.852217}}, "step": 30}
Step:30	{"metric": {"zhongtest": {"wa": 1.0}}, "step": 30}
Step:31	{"metric": {"zhongTraining": {"acc": 0.9795918367346939}}, "step": 31}
Step:31	{"metric": {"zhongtest": {"acc": 0.9795918367346939}}, "step": 31}
Step:31	{"metric": {"zhongtest": {"UAR": 0.847619}}, "step": 31}
Step:31	{"metric": {"zhongtest": {"Macro_F1": 0.852217}}, "step": 31}
Step:31	{"metric": {"zhongtest": {"wa": 1.0}}, "step": 31}
Step:32	{"metric": {"zhongTraining": {"acc": 0.9795918367346939}}, "step": 32}
Step:32	{"metric": {"zhongtest": {"acc": 0.9795918367346939}}, "step": 32}
Step:32	{"metric": {"zhongtest": {"UAR": 0.847619}}, "step": 32}
Step:32	{"metric": {"zhongtest": {"Macro_F1": 0.852217}}, "step": 32}
Step:32	{"metric": {"zhongtest": {"wa": 1.0}}, "step": 32}
Step:33	{"metric": {"zhongTraining": {"acc": 0.9795918367346939}}, "step": 33}
Step:33	{"metric": {"zhongtest": {"acc": 0.9795918367346939}}, "step": 33}
Step:33	{"metric": {"zhongtest": {"UAR": 0.845238}}, "step": 33}
Step:33	{"metric": {"zhongtest": {"Macro_F1": 0.850932}}, "step": 33}
Step:33	{"metric": {"zhongtest": {"wa": 1.0}}, "step": 33}
Step:34	{"metric": {"zhongTraining": {"acc": 0.9795918367346939}}, "step": 34}
Step:34	{"metric": {"zhongtest": {"acc": 0.9795918367346939}}, "step": 34}
Step:34	{"metric": {"zhongtest": {"UAR": 0.845238}}, "step": 34}
Step:34	{"metric": {"zhongtest": {"Macro_F1": 0.850932}}, "step": 34}
Step:34	{"metric": {"zhongtest": {"wa": 1.0}}, "step": 34}
Step:35	{"metric": {"zhongTraining": {"acc": 0.9795918367346939}}, "step": 35}
Step:35	{"metric": {"zhongtest": {"acc": 0.9795918367346939}}, "step": 35}
Step:35	{"metric": {"zhongtest": {"UAR": 0.845238}}, "step": 35}
Step:35	{"metric": {"zhongtest": {"Macro_F1": 0.850932}}, "step": 35}
Step:35	{"metric": {"zhongtest": {"wa": 1.0}}, "step": 35}
Step:36	{"metric": {"zhongTraining": {"acc": 0.9795918367346939}}, "step": 36}
Step:36	{"metric": {"zhongtest": {"acc": 0.9795918367346939}}, "step": 36}
Step:36	{"metric": {"zhongtest": {"UAR": 0.845238}}, "step": 36}
Step:36	{"metric": {"zhongtest": {"Macro_F1": 0.850932}}, "step": 36}
Step:36	{"metric": {"zhongtest": {"wa": 1.0}}, "step": 36}
Step:37	{"metric": {"zhongTraining": {"acc": 0.9795918367346939}}, "step": 37}
Step:37	{"metric": {"zhongtest": {"acc": 0.9795918367346939}}, "step": 37}
Step:37	{"metric": {"zhongtest": {"UAR": 0.845238}}, "step": 37}
Step:37	{"metric": {"zhongtest": {"Macro_F1": 0.850932}}, "step": 37}
Step:37	{"metric": {"zhongtest": {"wa": 1.0}}, "step": 37}
Step:38	{"metric": {"zhongTraining": {"acc": 0.9795918367346939}}, "step": 38}
Step:38	{"metric": {"zhongtest": {"acc": 0.9795918367346939}}, "step": 38}
Step:38	{"metric": {"zhongtest": {"UAR": 0.845238}}, "step": 38}
Step:38	{"metric": {"zhongtest": {"Macro_F1": 0.850932}}, "step": 38}
Step:38	{"metric": {"zhongtest": {"wa": 1.0}}, "step": 38}
Step:39	{"metric": {"zhongTraining": {"acc": 0.9795918367346939}}, "step": 39}
Step:39	{"metric": {"zhongtest": {"acc": 0.9795918367346939}}, "step": 39}
Step:39	{"metric": {"zhongtest": {"UAR": 0.845238}}, "step": 39}
Step:39	{"metric": {"zhongtest": {"Macro_F1": 0.850932}}, "step": 39}
Step:39	{"metric": {"zhongtest": {"wa": 1.0}}, "step": 39}
Step:40	{"metric": {"zhongTraining": {"acc": 0.9795918367346939}}, "step": 40}
Step:40	{"metric": {"zhongtest": {"acc": 0.9795918367346939}}, "step": 40}
Step:40	{"metric": {"zhongtest": {"UAR": 0.845238}}, "step": 40}
Step:40	{"metric": {"zhongtest": {"Macro_F1": 0.850932}}, "step": 40}
Step:40	{"metric": {"zhongtest": {"wa": 1.0}}, "step": 40}
Step:41	{"metric": {"zhongTraining": {"acc": 0.9795918367346939}}, "step": 41}
Step:41	{"metric": {"zhongtest": {"acc": 1.0}}, "step": 41}
Step:41	{"metric": {"zhongtest": {"UAR": 1.0}}, "step": 41}
Step:41	{"metric": {"zhongtest": {"Macro_F1": 1.0}}, "step": 41}
Step:41	{"metric": {"zhongtest": {"wa": 1.0}}, "step": 41}
Step:42	{"metric": {"zhongTraining": {"acc": 1.0}}, "step": 42}
Step:42	{"metric": {"zhongtest": {"acc": 1.0}}, "step": 42}
Step:42	{"metric": {"zhongtest": {"UAR": 1.0}}, "step": 42}
Step:42	{"metric": {"zhongtest": {"Macro_F1": 1.0}}, "step": 42}
Step:42	{"metric": {"zhongtest": {"wa": 1.0}}, "step": 42}
Step:43	{"metric": {"zhongTraining": {"acc": 1.0}}, "step": 43}
Step:43	{"metric": {"zhongtest": {"acc": 1.0}}, "step": 43}
Step:43	{"metric": {"zhongtest": {"UAR": 1.0}}, "step": 43}
Step:43	{"metric": {"zhongtest": {"Macro_F1": 1.0}}, "step": 43}
Step:43	{"metric": {"zhongtest": {"wa": 1.0}}, "step": 43}
Step:44	{"metric": {"zhongTraining": {"acc": 1.0}}, "step": 44}
Step:44	{"metric": {"zhongtest": {"acc": 1.0}}, "step": 44}
Step:44	{"metric": {"zhongtest": {"UAR": 1.0}}, "step": 44}
Step:44	{"metric": {"zhongtest": {"Macro_F1": 1.0}}, "step": 44}
Step:44	{"metric": {"zhongtest": {"wa": 1.0}}, "step": 44}
Step:45	{"metric": {"zhongTraining": {"acc": 1.0}}, "step": 45}
Step:45	{"metric": {"zhongtest": {"acc": 1.0}}, "step": 45}
Step:45	{"metric": {"zhongtest": {"UAR": 1.0}}, "step": 45}
Step:45	{"metric": {"zhongtest": {"Macro_F1": 1.0}}, "step": 45}
Step:45	{"metric": {"zhongtest": {"wa": 1.0}}, "step": 45}
Step:46	{"metric": {"zhongTraining": {"acc": 1.0}}, "step": 46}
Step:46	{"metric": {"zhongtest": {"acc": 1.0}}, "step": 46}
Step:46	{"metric": {"zhongtest": {"UAR": 1.0}}, "step": 46}
Step:46	{"metric": {"zhongtest": {"Macro_F1": 1.0}}, "step": 46}
Step:46	{"metric": {"zhongtest": {"wa": 1.0}}, "step": 46}
Step:47	{"metric": {"zhongTraining": {"acc": 1.0}}, "step": 47}
Step:47	{"metric": {"zhongtest": {"acc": 1.0}}, "step": 47}
Step:47	{"metric": {"zhongtest": {"UAR": 1.0}}, "step": 47}
Step:47	{"metric": {"zhongtest": {"Macro_F1": 1.0}}, "step": 47}
Step:47	{"metric": {"zhongtest": {"wa": 1.0}}, "step": 47}
Step:48	{"metric": {"zhongTraining": {"acc": 1.0}}, "step": 48}
Step:48	{"metric": {"zhongtest": {"acc": 1.0}}, "step": 48}
Step:48	{"metric": {"zhongtest": {"UAR": 1.0}}, "step": 48}
Step:48	{"metric": {"zhongtest": {"Macro_F1": 1.0}}, "step": 48}
Step:48	{"metric": {"zhongtest": {"wa": 1.0}}, "step": 48}
Step:49	{"metric": {"zhongTraining": {"acc": 1.0}}, "step": 49}
Step:49	{"metric": {"zhongtest": {"acc": 1.0}}, "step": 49}
Step:49	{"metric": {"zhongtest": {"UAR": 1.0}}, "step": 49}
Step:49	{"metric": {"zhongtest": {"Macro_F1": 1.0}}, "step": 49}
Step:49	{"metric": {"zhongtest": {"wa": 1.0}}, "step": 49}
Step:50	{"metric": {"zhongTraining": {"acc": 1.0}}, "step": 50}
Step:50	{"metric": {"zhongtest": {"acc": 1.0}}, "step": 50}
Step:50	{"metric": {"zhongtest": {"UAR": 1.0}}, "step": 50}
Step:50	{"metric": {"zhongtest": {"Macro_F1": 1.0}}, "step": 50}
Step:50	{"metric": {"zhongtest": {"wa": 1.0}}, "step": 50}
Step:51	{"metric": {"zhongTraining": {"acc": 1.0}}, "step": 51}
Step:51	{"metric": {"zhongtest": {"acc": 1.0}}, "step": 51}
Step:51	{"metric": {"zhongtest": {"UAR": 1.0}}, "step": 51}
Step:51	{"metric": {"zhongtest": {"Macro_F1": 1.0}}, "step": 51}
Step:51	{"metric": {"zhongtest": {"wa": 1.0}}, "step": 51}
Step:52	{"metric": {"zhongTraining": {"acc": 1.0}}, "step": 52}
Step:52	{"metric": {"zhongtest": {"acc": 1.0}}, "step": 52}
Step:52	{"metric": {"zhongtest": {"UAR": 1.0}}, "step": 52}
Step:52	{"metric": {"zhongtest": {"Macro_F1": 1.0}}, "step": 52}
Step:52	{"metric": {"zhongtest": {"wa": 1.0}}, "step": 52}
Step:53	{"metric": {"zhongTraining": {"acc": 1.0}}, "step": 53}
Step:53	{"metric": {"zhongtest": {"acc": 1.0}}, "step": 53}
Step:53	{"metric": {"zhongtest": {"UAR": 1.0}}, "step": 53}
Step:53	{"metric": {"zhongtest": {"Macro_F1": 1.0}}, "step": 53}
Step:53	{"metric": {"zhongtest": {"wa": 1.0}}, "step": 53}
Step:54	{"metric": {"zhongTraining": {"acc": 1.0}}, "step": 54}
Step:54	{"metric": {"zhongtest": {"acc": 1.0}}, "step": 54}
Step:54	{"metric": {"zhongtest": {"UAR": 1.0}}, "step": 54}
Step:54	{"metric": {"zhongtest": {"Macro_F1": 1.0}}, "step": 54}
Step:54	{"metric": {"zhongtest": {"wa": 1.0}}, "step": 54}
Step:55	{"metric": {"zhongTraining": {"acc": 1.0}}, "step": 55}
Step:55	{"metric": {"zhongtest": {"acc": 1.0}}, "step": 55}
Step:55	{"metric": {"zhongtest": {"UAR": 1.0}}, "step": 55}
Step:55	{"metric": {"zhongtest": {"Macro_F1": 1.0}}, "step": 55}
Step:55	{"metric": {"zhongtest": {"wa": 1.0}}, "step": 55}
Step:56	{"metric": {"zhongTraining": {"acc": 1.0}}, "step": 56}
Step:56	{"metric": {"zhongtest": {"acc": 1.0}}, "step": 56}
Step:56	{"metric": {"zhongtest": {"UAR": 1.0}}, "step": 56}
Step:56	{"metric": {"zhongtest": {"Macro_F1": 1.0}}, "step": 56}
Step:56	{"metric": {"zhongtest": {"wa": 1.0}}, "step": 56}
Step:57	{"metric": {"zhongTraining": {"acc": 1.0}}, "step": 57}
Step:57	{"metric": {"zhongtest": {"acc": 1.0}}, "step": 57}
Step:57	{"metric": {"zhongtest": {"UAR": 1.0}}, "step": 57}
Step:57	{"metric": {"zhongtest": {"Macro_F1": 1.0}}, "step": 57}
Step:57	{"metric": {"zhongtest": {"wa": 1.0}}, "step": 57}
Step:58	{"metric": {"zhongTraining": {"acc": 1.0}}, "step": 58}
Step:58	{"metric": {"zhongtest": {"acc": 1.0}}, "step": 58}
Step:58	{"metric": {"zhongtest": {"UAR": 1.0}}, "step": 58}
Step:58	{"metric": {"zhongtest": {"Macro_F1": 1.0}}, "step": 58}
Step:58	{"metric": {"zhongtest": {"wa": 1.0}}, "step": 58}
Step:59	{"metric": {"zhongTraining": {"acc": 1.0}}, "step": 59}
Step:59	{"metric": {"zhongtest": {"acc": 1.0}}, "step": 59}
Step:59	{"metric": {"zhongtest": {"UAR": 1.0}}, "step": 59}
Step:59	{"metric": {"zhongtest": {"Macro_F1": 1.0}}, "step": 59}
Step:59	{"metric": {"zhongtest": {"wa": 1.0}}, "step": 59}
Step:60	{"metric": {"zhongTraining": {"acc": 1.0}}, "step": 60}
Step:60	{"metric": {"zhongtest": {"acc": 1.0}}, "step": 60}
Step:60	{"metric": {"zhongtest": {"UAR": 1.0}}, "step": 60}
Step:60	{"metric": {"zhongtest": {"Macro_F1": 1.0}}, "step": 60}
Step:60	{"metric": {"zhongtest": {"wa": 1.0}}, "step": 60}
Step:61	{"metric": {"zhongTraining": {"acc": 1.0}}, "step": 61}
Step:61	{"metric": {"zhongtest": {"acc": 1.0}}, "step": 61}
Step:61	{"metric": {"zhongtest": {"UAR": 1.0}}, "step": 61}
Step:61	{"metric": {"zhongtest": {"Macro_F1": 1.0}}, "step": 61}
Step:61	{"metric": {"zhongtest": {"wa": 1.0}}, "step": 61}
Step:62	{"metric": {"zhongTraining": {"acc": 1.0}}, "step": 62}
Step:62	{"metric": {"zhongtest": {"acc": 1.0}}, "step": 62}
Step:62	{"metric": {"zhongtest": {"UAR": 1.0}}, "step": 62}
Step:62	{"metric": {"zhongtest": {"Macro_F1": 1.0}}, "step": 62}
Step:62	{"metric": {"zhongtest": {"wa": 1.0}}, "step": 62}
Step:63	{"metric": {"zhongTraining": {"acc": 1.0}}, "step": 63}
Step:63	{"metric": {"zhongtest": {"acc": 1.0}}, "step": 63}
Step:63	{"metric": {"zhongtest": {"UAR": 1.0}}, "step": 63}
Step:63	{"metric": {"zhongtest": {"Macro_F1": 1.0}}, "step": 63}
Step:63	{"metric": {"zhongtest": {"wa": 1.0}}, "step": 63}
Step:64	{"metric": {"zhongTraining": {"acc": 1.0}}, "step": 64}
Step:64	{"metric": {"zhongtest": {"acc": 1.0}}, "step": 64}
Step:64	{"metric": {"zhongtest": {"UAR": 1.0}}, "step": 64}
Step:64	{"metric": {"zhongtest": {"Macro_F1": 1.0}}, "step": 64}
Step:64	{"metric": {"zhongtest": {"wa": 1.0}}, "step": 64}
Step:65	{"metric": {"zhongTraining": {"acc": 1.0}}, "step": 65}
Step:65	{"metric": {"zhongtest": {"acc": 1.0}}, "step": 65}
Step:65	{"metric": {"zhongtest": {"UAR": 1.0}}, "step": 65}
Step:65	{"metric": {"zhongtest": {"Macro_F1": 1.0}}, "step": 65}
Step:65	{"metric": {"zhongtest": {"wa": 1.0}}, "step": 65}
Step:66	{"metric": {"zhongTraining": {"acc": 1.0}}, "step": 66}
Step:66	{"metric": {"zhongtest": {"acc": 1.0}}, "step": 66}
Step:66	{"metric": {"zhongtest": {"UAR": 1.0}}, "step": 66}
Step:66	{"metric": {"zhongtest": {"Macro_F1": 1.0}}, "step": 66}
Step:66	{"metric": {"zhongtest": {"wa": 1.0}}, "step": 66}
Step:67	{"metric": {"zhongTraining": {"acc": 1.0}}, "step": 67}
Step:67	{"metric": {"zhongtest": {"acc": 1.0}}, "step": 67}
Step:67	{"metric": {"zhongtest": {"UAR": 1.0}}, "step": 67}
Step:67	{"metric": {"zhongtest": {"Macro_F1": 1.0}}, "step": 67}
Step:67	{"metric": {"zhongtest": {"wa": 1.0}}, "step": 67}
Step:68	{"metric": {"zhongTraining": {"acc": 1.0}}, "step": 68}
Step:68	{"metric": {"zhongtest": {"acc": 1.0}}, "step": 68}
Step:68	{"metric": {"zhongtest": {"UAR": 1.0}}, "step": 68}
Step:68	{"metric": {"zhongtest": {"Macro_F1": 1.0}}, "step": 68}
Step:68	{"metric": {"zhongtest": {"wa": 1.0}}, "step": 68}
Step:69	{"metric": {"zhongTraining": {"acc": 1.0}}, "step": 69}
Step:69	{"metric": {"zhongtest": {"acc": 1.0}}, "step": 69}
Step:69	{"metric": {"zhongtest": {"UAR": 1.0}}, "step": 69}
Step:69	{"metric": {"zhongtest": {"Macro_F1": 1.0}}, "step": 69}
Step:69	{"metric": {"zhongtest": {"wa": 1.0}}, "step": 69}
Step:70	{"metric": {"zhongTraining": {"acc": 1.0}}, "step": 70}
Step:70	{"metric": {"zhongtest": {"acc": 1.0}}, "step": 70}
Step:70	{"metric": {"zhongtest": {"UAR": 1.0}}, "step": 70}
Step:70	{"metric": {"zhongtest": {"Macro_F1": 1.0}}, "step": 70}
Step:70	{"metric": {"zhongtest": {"wa": 1.0}}, "step": 70}
Step:71	{"metric": {"zhongTraining": {"acc": 1.0}}, "step": 71}
Step:71	{"metric": {"zhongtest": {"acc": 1.0}}, "step": 71}
Step:71	{"metric": {"zhongtest": {"UAR": 1.0}}, "step": 71}
Step:71	{"metric": {"zhongtest": {"Macro_F1": 1.0}}, "step": 71}
Step:71	{"metric": {"zhongtest": {"wa": 1.0}}, "step": 71}
Step:72	{"metric": {"zhongTraining": {"acc": 1.0}}, "step": 72}
Step:72	{"metric": {"zhongtest": {"acc": 1.0}}, "step": 72}
Step:72	{"metric": {"zhongtest": {"UAR": 1.0}}, "step": 72}
Step:72	{"metric": {"zhongtest": {"Macro_F1": 1.0}}, "step": 72}
Step:72	{"metric": {"zhongtest": {"wa": 1.0}}, "step": 72}
Step:73	{"metric": {"zhongTraining": {"acc": 1.0}}, "step": 73}
Step:73	{"metric": {"zhongtest": {"acc": 1.0}}, "step": 73}
Step:73	{"metric": {"zhongtest": {"UAR": 1.0}}, "step": 73}
Step:73	{"metric": {"zhongtest": {"Macro_F1": 1.0}}, "step": 73}
Step:73	{"metric": {"zhongtest": {"wa": 1.0}}, "step": 73}
Step:74	{"metric": {"zhongTraining": {"acc": 1.0}}, "step": 74}
Step:74	{"metric": {"zhongtest": {"acc": 1.0}}, "step": 74}
Step:74	{"metric": {"zhongtest": {"UAR": 1.0}}, "step": 74}
Step:74	{"metric": {"zhongtest": {"Macro_F1": 1.0}}, "step": 74}
Step:74	{"metric": {"zhongtest": {"wa": 1.0}}, "step": 74}
Step:75	{"metric": {"zhongTraining": {"acc": 1.0}}, "step": 75}
Step:75	{"metric": {"zhongtest": {"acc": 1.0}}, "step": 75}
Step:75	{"metric": {"zhongtest": {"UAR": 1.0}}, "step": 75}
Step:75	{"metric": {"zhongtest": {"Macro_F1": 1.0}}, "step": 75}
Step:75	{"metric": {"zhongtest": {"wa": 1.0}}, "step": 75}
Step:76	{"metric": {"zhongTraining": {"acc": 1.0}}, "step": 76}
Step:76	{"metric": {"zhongtest": {"acc": 1.0}}, "step": 76}
Step:76	{"metric": {"zhongtest": {"UAR": 1.0}}, "step": 76}
Step:76	{"metric": {"zhongtest": {"Macro_F1": 1.0}}, "step": 76}
Step:76	{"metric": {"zhongtest": {"wa": 1.0}}, "step": 76}
Step:77	{"metric": {"zhongTraining": {"acc": 1.0}}, "step": 77}
Step:77	{"metric": {"zhongtest": {"acc": 1.0}}, "step": 77}
Step:77	{"metric": {"zhongtest": {"UAR": 1.0}}, "step": 77}
Step:77	{"metric": {"zhongtest": {"Macro_F1": 1.0}}, "step": 77}
Step:77	{"metric": {"zhongtest": {"wa": 1.0}}, "step": 77}
Step:78	{"metric": {"zhongTraining": {"acc": 1.0}}, "step": 78}
Step:78	{"metric": {"zhongtest": {"acc": 1.0}}, "step": 78}
Step:78	{"metric": {"zhongtest": {"UAR": 1.0}}, "step": 78}
Step:78	{"metric": {"zhongtest": {"Macro_F1": 1.0}}, "step": 78}
Step:78	{"metric": {"zhongtest": {"wa": 1.0}}, "step": 78}
Step:79	{"metric": {"zhongTraining": {"acc": 1.0}}, "step": 79}
Step:79	{"metric": {"zhongtest": {"acc": 1.0}}, "step": 79}
Step:79	{"metric": {"zhongtest": {"UAR": 1.0}}, "step": 79}
Step:79	{"metric": {"zhongtest": {"Macro_F1": 1.0}}, "step": 79}
Step:79	{"metric": {"zhongtest": {"wa": 1.0}}, "step": 79}
Step:80	{"metric": {"zhongTraining": {"acc": 1.0}}, "step": 80}
Step:80	{"metric": {"zhongtest": {"acc": 1.0}}, "step": 80}
Step:80	{"metric": {"zhongtest": {"UAR": 1.0}}, "step": 80}
Step:80	{"metric": {"zhongtest": {"Macro_F1": 1.0}}, "step": 80}
Step:80	{"metric": {"zhongtest": {"wa": 1.0}}, "step": 80}
Step:81	{"metric": {"zhongTraining": {"acc": 1.0}}, "step": 81}
Step:81	{"metric": {"zhongtest": {"acc": 1.0}}, "step": 81}
Step:81	{"metric": {"zhongtest": {"UAR": 1.0}}, "step": 81}
Step:81	{"metric": {"zhongtest": {"Macro_F1": 1.0}}, "step": 81}
Step:81	{"metric": {"zhongtest": {"wa": 1.0}}, "step": 81}
Step:82	{"metric": {"zhongTraining": {"acc": 1.0}}, "step": 82}
Step:82	{"metric": {"zhongtest": {"acc": 1.0}}, "step": 82}
Step:82	{"metric": {"zhongtest": {"UAR": 1.0}}, "step": 82}
Step:82	{"metric": {"zhongtest": {"Macro_F1": 1.0}}, "step": 82}
Step:82	{"metric": {"zhongtest": {"wa": 1.0}}, "step": 82}
Step:83	{"metric": {"zhongTraining": {"acc": 1.0}}, "step": 83}
Step:83	{"metric": {"zhongtest": {"acc": 1.0}}, "step": 83}
Step:83	{"metric": {"zhongtest": {"UAR": 1.0}}, "step": 83}
Step:83	{"metric": {"zhongtest": {"Macro_F1": 1.0}}, "step": 83}
Step:83	{"metric": {"zhongtest": {"wa": 1.0}}, "step": 83}
Step:84	{"metric": {"zhongTraining": {"acc": 1.0}}, "step": 84}
Step:84	{"metric": {"zhongtest": {"acc": 1.0}}, "step": 84}
Step:84	{"metric": {"zhongtest": {"UAR": 1.0}}, "step": 84}
Step:84	{"metric": {"zhongtest": {"Macro_F1": 1.0}}, "step": 84}
Step:84	{"metric": {"zhongtest": {"wa": 1.0}}, "step": 84}
Step:85	{"metric": {"zhongTraining": {"acc": 1.0}}, "step": 85}
Step:85	{"metric": {"zhongtest": {"acc": 1.0}}, "step": 85}
Step:85	{"metric": {"zhongtest": {"UAR": 1.0}}, "step": 85}
Step:85	{"metric": {"zhongtest": {"Macro_F1": 1.0}}, "step": 85}
Step:85	{"metric": {"zhongtest": {"wa": 1.0}}, "step": 85}
Step:86	{"metric": {"zhongTraining": {"acc": 1.0}}, "step": 86}
Step:86	{"metric": {"zhongtest": {"acc": 1.0}}, "step": 86}
Step:86	{"metric": {"zhongtest": {"UAR": 1.0}}, "step": 86}
Step:86	{"metric": {"zhongtest": {"Macro_F1": 1.0}}, "step": 86}
Step:86	{"metric": {"zhongtest": {"wa": 1.0}}, "step": 86}
Step:87	{"metric": {"zhongTraining": {"acc": 1.0}}, "step": 87}
Step:87	{"metric": {"zhongtest": {"acc": 1.0}}, "step": 87}
Step:87	{"metric": {"zhongtest": {"UAR": 1.0}}, "step": 87}
Step:87	{"metric": {"zhongtest": {"Macro_F1": 1.0}}, "step": 87}
Step:87	{"metric": {"zhongtest": {"wa": 1.0}}, "step": 87}
Step:88	{"metric": {"zhongTraining": {"acc": 1.0}}, "step": 88}
Step:88	{"metric": {"zhongtest": {"acc": 1.0}}, "step": 88}
Step:88	{"metric": {"zhongtest": {"UAR": 1.0}}, "step": 88}
Step:88	{"metric": {"zhongtest": {"Macro_F1": 1.0}}, "step": 88}
Step:88	{"metric": {"zhongtest": {"wa": 1.0}}, "step": 88}
Step:89	{"metric": {"zhongTraining": {"acc": 1.0}}, "step": 89}
Step:89	{"metric": {"zhongtest": {"acc": 1.0}}, "step": 89}
Step:89	{"metric": {"zhongtest": {"UAR": 1.0}}, "step": 89}
Step:89	{"metric": {"zhongtest": {"Macro_F1": 1.0}}, "step": 89}
Step:89	{"metric": {"zhongtest": {"wa": 1.0}}, "step": 89}
Step:90	{"metric": {"zhongTraining": {"acc": 1.0}}, "step": 90}
Step:90	{"metric": {"zhongtest": {"acc": 1.0}}, "step": 90}
Step:90	{"metric": {"zhongtest": {"UAR": 1.0}}, "step": 90}
Step:90	{"metric": {"zhongtest": {"Macro_F1": 1.0}}, "step": 90}
Step:90	{"metric": {"zhongtest": {"wa": 1.0}}, "step": 90}
Step:91	{"metric": {"zhongTraining": {"acc": 1.0}}, "step": 91}
Step:91	{"metric": {"zhongtest": {"acc": 1.0}}, "step": 91}
Step:91	{"metric": {"zhongtest": {"UAR": 1.0}}, "step": 91}
Step:91	{"metric": {"zhongtest": {"Macro_F1": 1.0}}, "step": 91}
Step:91	{"metric": {"zhongtest": {"wa": 1.0}}, "step": 91}
Step:92	{"metric": {"zhongTraining": {"acc": 1.0}}, "step": 92}
Step:92	{"metric": {"zhongtest": {"acc": 1.0}}, "step": 92}
Step:92	{"metric": {"zhongtest": {"UAR": 1.0}}, "step": 92}
Step:92	{"metric": {"zhongtest": {"Macro_F1": 1.0}}, "step": 92}
Step:92	{"metric": {"zhongtest": {"wa": 1.0}}, "step": 92}
Step:93	{"metric": {"zhongTraining": {"acc": 1.0}}, "step": 93}
Step:93	{"metric": {"zhongtest": {"acc": 1.0}}, "step": 93}
Step:93	{"metric": {"zhongtest": {"UAR": 1.0}}, "step": 93}
Step:93	{"metric": {"zhongtest": {"Macro_F1": 1.0}}, "step": 93}
Step:93	{"metric": {"zhongtest": {"wa": 1.0}}, "step": 93}
Step:94	{"metric": {"zhongTraining": {"acc": 1.0}}, "step": 94}
Step:94	{"metric": {"zhongtest": {"acc": 1.0}}, "step": 94}
Step:94	{"metric": {"zhongtest": {"UAR": 1.0}}, "step": 94}
Step:94	{"metric": {"zhongtest": {"Macro_F1": 1.0}}, "step": 94}
Step:94	{"metric": {"zhongtest": {"wa": 1.0}}, "step": 94}
Step:95	{"metric": {"zhongTraining": {"acc": 1.0}}, "step": 95}
Step:95	{"metric": {"zhongtest": {"acc": 1.0}}, "step": 95}
Step:95	{"metric": {"zhongtest": {"UAR": 1.0}}, "step": 95}
Step:95	{"metric": {"zhongtest": {"Macro_F1": 1.0}}, "step": 95}
Step:95	{"metric": {"zhongtest": {"wa": 1.0}}, "step": 95}
Step:96	{"metric": {"zhongTraining": {"acc": 1.0}}, "step": 96}
Step:96	{"metric": {"zhongtest": {"acc": 1.0}}, "step": 96}
Step:96	{"metric": {"zhongtest": {"UAR": 1.0}}, "step": 96}
Step:96	{"metric": {"zhongtest": {"Macro_F1": 1.0}}, "step": 96}
Step:96	{"metric": {"zhongtest": {"wa": 1.0}}, "step": 96}
Step:97	{"metric": {"zhongTraining": {"acc": 1.0}}, "step": 97}
Step:97	{"metric": {"zhongtest": {"acc": 1.0}}, "step": 97}
Step:97	{"metric": {"zhongtest": {"UAR": 1.0}}, "step": 97}
Step:97	{"metric": {"zhongtest": {"Macro_F1": 1.0}}, "step": 97}
Step:97	{"metric": {"zhongtest": {"wa": 1.0}}, "step": 97}
Step:98	{"metric": {"zhongTraining": {"acc": 1.0}}, "step": 98}
Step:98	{"metric": {"zhongtest": {"acc": 1.0}}, "step": 98}
Step:98	{"metric": {"zhongtest": {"UAR": 1.0}}, "step": 98}
Step:98	{"metric": {"zhongtest": {"Macro_F1": 1.0}}, "step": 98}
Step:98	{"metric": {"zhongtest": {"wa": 1.0}}, "step": 98}
Step:99	{"metric": {"zhongTraining": {"acc": 1.0}}, "step": 99}
Step:99	{"metric": {"zhongtest": {"acc": 1.0}}, "step": 99}
Step:99	{"metric": {"zhongtest": {"UAR": 1.0}}, "step": 99}
Step:99	{"metric": {"zhongtest": {"Macro_F1": 1.0}}, "step": 99}
Step:99	{"metric": {"zhongtest": {"wa": 1.0}}, "step": 99}
Step:100	{"metric": {"zhongTraining": {"acc": 1.0}}, "step": 100}
Step:100	{"metric": {"zhongtest": {"acc": 1.0}}, "step": 100}
Step:100	{"metric": {"zhongtest": {"UAR": 1.0}}, "step": 100}
Step:100	{"metric": {"zhongtest": {"Macro_F1": 1.0}}, "step": 100}
Step:100	{"metric": {"zhongtest": {"wa": 1.0}}, "step": 100}
