Step:1	{"metric": {"zhongTraining": {"acc": 0.10204081632653061}}, "step": 1}
Step:1	{"metric": {"zhongtest": {"acc": 0.14285714285714285}}, "step": 1}
Step:1	{"metric": {"zhongtest": {"UAR": 0.104535}}, "step": 1}
Step:1	{"metric": {"zhongtest": {"Macro_F1": 0.099634}}, "step": 1}
Step:1	{"metric": {"zhongtest": {"wa": 0.313862}}, "step": 1}
Step:2	{"metric": {"zhongTraining": {"acc": 0.14285714285714285}}, "step": 2}
Step:2	{"metric": {"zhongtest": {"acc": 0.24489795918367346}}, "step": 2}
Step:2	{"metric": {"zhongtest": {"UAR": 0.186461}}, "step": 2}
Step:2	{"metric": {"zhongtest": {"Macro_F1": 0.184982}}, "step": 2}
Step:2	{"metric": {"zhongtest": {"wa": 0.29356}}, "step": 2}
Step:3	{"metric": {"zhongTraining": {"acc": 0.24489795918367346}}, "step": 3}
Step:3	{"metric": {"zhongtest": {"acc": 0.3673469387755102}}, "step": 3}
Step:3	{"metric": {"zhongtest": {"UAR": 0.288889}}, "step": 3}
Step:3	{"metric": {"zhongtest": {"Macro_F1": 0.25741}}, "step": 3}
Step:3	{"metric": {"zhongtest": {"wa": 0.4652}}, "step": 3}
Step:4	{"metric": {"zhongTraining": {"acc": 0.3673469387755102}}, "step": 4}
Step:4	{"metric": {"zhongtest": {"acc": 0.40816326530612246}}, "step": 4}
Step:4	{"metric": {"zhongtest": {"UAR": 0.266953}}, "step": 4}
Step:4	{"metric": {"zhongtest": {"Macro_F1": 0.245455}}, "step": 4}
Step:4	{"metric": {"zhongtest": {"wa": 0.57991}}, "step": 4}
Step:5	{"metric": {"zhongTraining": {"acc": 0.40816326530612246}}, "step": 5}
Step:5	{"metric": {"zhongtest": {"acc": 0.42857142857142855}}, "step": 5}
Step:5	{"metric": {"zhongtest": {"UAR": 0.270973}}, "step": 5}
Step:5	{"metric": {"zhongtest": {"Macro_F1": 0.252381}}, "step": 5}
Step:5	{"metric": {"zhongtest": {"wa": 0.617281}}, "step": 5}
Step:6	{"metric": {"zhongTraining": {"acc": 0.42857142857142855}}, "step": 6}
Step:6	{"metric": {"zhongtest": {"acc": 0.46938775510204084}}, "step": 6}
Step:6	{"metric": {"zhongtest": {"UAR": 0.339912}}, "step": 6}
Step:6	{"metric": {"zhongtest": {"Macro_F1": 0.274337}}, "step": 6}
Step:6	{"metric": {"zhongtest": {"wa": 0.701829}}, "step": 6}
Step:7	{"metric": {"zhongTraining": {"acc": 0.46938775510204084}}, "step": 7}
Step:7	{"metric": {"zhongtest": {"acc": 0.4897959183673469}}, "step": 7}
Step:7	{"metric": {"zhongtest": {"UAR": 0.367521}}, "step": 7}
Step:7	{"metric": {"zhongtest": {"Macro_F1": 0.285167}}, "step": 7}
Step:7	{"metric": {"zhongtest": {"wa": 0.751126}}, "step": 7}
Step:8	{"metric": {"zhongTraining": {"acc": 0.4897959183673469}}, "step": 8}
Step:8	{"metric": {"zhongtest": {"acc": 0.5102040816326531}}, "step": 8}
Step:8	{"metric": {"zhongtest": {"UAR": 0.374336}}, "step": 8}
Step:8	{"metric": {"zhongtest": {"Macro_F1": 0.294261}}, "step": 8}
Step:8	{"metric": {"zhongtest": {"wa": 0.783726}}, "step": 8}
Step:9	{"metric": {"zhongTraining": {"acc": 0.5102040816326531}}, "step": 9}
Step:9	{"metric": {"zhongtest": {"acc": 0.5306122448979592}}, "step": 9}
Step:9	{"metric": {"zhongtest": {"UAR": 0.427671}}, "step": 9}
Step:9	{"metric": {"zhongtest": {"Macro_F1": 0.307256}}, "step": 9}
Step:9	{"metric": {"zhongtest": {"wa": 0.837795}}, "step": 9}
Step:10	{"metric": {"zhongTraining": {"acc": 0.5306122448979592}}, "step": 10}
Step:10	{"metric": {"zhongtest": {"acc": 0.5306122448979592}}, "step": 10}
Step:10	{"metric": {"zhongtest": {"UAR": 0.430111}}, "step": 10}
Step:10	{"metric": {"zhongtest": {"Macro_F1": 0.308601}}, "step": 10}
Step:10	{"metric": {"zhongtest": {"wa": 0.840048}}, "step": 10}
Step:11	{"metric": {"zhongTraining": {"acc": 0.5306122448979592}}, "step": 11}
Step:11	{"metric": {"zhongtest": {"acc": 0.5714285714285714}}, "step": 11}
Step:11	{"metric": {"zhongtest": {"UAR": 0.440394}}, "step": 11}
Step:11	{"metric": {"zhongtest": {"Macro_F1": 0.341131}}, "step": 11}
Step:11	{"metric": {"zhongtest": {"wa": 0.880201}}, "step": 11}
Step:12	{"metric": {"zhongTraining": {"acc": 0.5714285714285714}}, "step": 12}
Step:12	{"metric": {"zhongtest": {"acc": 0.6122448979591837}}, "step": 12}
Step:12	{"metric": {"zhongtest": {"UAR": 0.44898}}, "step": 12}
Step:12	{"metric": {"zhongtest": {"Macro_F1": 0.387706}}, "step": 12}
Step:12	{"metric": {"zhongtest": {"wa": 0.878081}}, "step": 12}
Step:13	{"metric": {"zhongTraining": {"acc": 0.6122448979591837}}, "step": 13}
Step:13	{"metric": {"zhongtest": {"acc": 0.6326530612244898}}, "step": 13}
Step:13	{"metric": {"zhongtest": {"UAR": 0.455026}}, "step": 13}
Step:13	{"metric": {"zhongtest": {"Macro_F1": 0.397061}}, "step": 13}
Step:13	{"metric": {"zhongtest": {"wa": 0.9022}}, "step": 13}
Step:14	{"metric": {"zhongTraining": {"acc": 0.6326530612244898}}, "step": 14}
Step:14	{"metric": {"zhongtest": {"acc": 0.6530612244897959}}, "step": 14}
Step:14	{"metric": {"zhongtest": {"UAR": 0.600733}}, "step": 14}
Step:14	{"metric": {"zhongtest": {"Macro_F1": 0.44712}}, "step": 14}
Step:14	{"metric": {"zhongtest": {"wa": 0.885873}}, "step": 14}
Step:15	{"metric": {"zhongTraining": {"acc": 0.6530612244897959}}, "step": 15}
Step:15	{"metric": {"zhongtest": {"acc": 0.6938775510204082}}, "step": 15}
Step:15	{"metric": {"zhongtest": {"UAR": 0.607143}}, "step": 15}
Step:15	{"metric": {"zhongtest": {"Macro_F1": 0.485716}}, "step": 15}
Step:15	{"metric": {"zhongtest": {"wa": 0.891704}}, "step": 15}
Step:16	{"metric": {"zhongTraining": {"acc": 0.6938775510204082}}, "step": 16}
Step:16	{"metric": {"zhongtest": {"acc": 0.6938775510204082}}, "step": 16}
Step:16	{"metric": {"zhongtest": {"UAR": 0.607143}}, "step": 16}
Step:16	{"metric": {"zhongtest": {"Macro_F1": 0.485716}}, "step": 16}
Step:16	{"metric": {"zhongtest": {"wa": 0.891704}}, "step": 16}
Step:17	{"metric": {"zhongTraining": {"acc": 0.6938775510204082}}, "step": 17}
Step:17	{"metric": {"zhongtest": {"acc": 0.6938775510204082}}, "step": 17}
Step:17	{"metric": {"zhongtest": {"UAR": 0.607143}}, "step": 17}
Step:17	{"metric": {"zhongtest": {"Macro_F1": 0.485716}}, "step": 17}
Step:17	{"metric": {"zhongtest": {"wa": 0.891704}}, "step": 17}
Step:18	{"metric": {"zhongTraining": {"acc": 0.6938775510204082}}, "step": 18}
Step:18	{"metric": {"zhongtest": {"acc": 0.7551020408163265}}, "step": 18}
Step:18	{"metric": {"zhongtest": {"UAR": 0.768275}}, "step": 18}
Step:18	{"metric": {"zhongtest": {"Macro_F1": 0.582833}}, "step": 18}
Step:18	{"metric": {"zhongtest": {"wa": 0.897601}}, "step": 18}
Step:19	{"metric": {"zhongTraining": {"acc": 0.7551020408163265}}, "step": 19}
Step:19	{"metric": {"zhongtest": {"acc": 0.7755102040816326}}, "step": 19}
Step:19	{"metric": {"zhongtest": {"UAR": 0.777433}}, "step": 19}
Step:19	{"metric": {"zhongtest": {"Macro_F1": 0.622023}}, "step": 19}
Step:19	{"metric": {"zhongtest": {"wa": 0.891293}}, "step": 19}
Step:20	{"metric": {"zhongTraining": {"acc": 0.7755102040816326}}, "step": 20}
Step:20	{"metric": {"zhongtest": {"acc": 0.8163265306122449}}, "step": 20}
Step:20	{"metric": {"zhongtest": {"UAR": 0.787546}}, "step": 20}
Step:20	{"metric": {"zhongtest": {"Macro_F1": 0.66044}}, "step": 20}
Step:20	{"metric": {"zhongtest": {"wa": 0.913557}}, "step": 20}
Step:21	{"metric": {"zhongTraining": {"acc": 0.8163265306122449}}, "step": 21}
Step:21	{"metric": {"zhongtest": {"acc": 0.8571428571428571}}, "step": 21}
Step:21	{"metric": {"zhongtest": {"UAR": 0.797571}}, "step": 21}
Step:21	{"metric": {"zhongtest": {"Macro_F1": 0.725302}}, "step": 21}
Step:21	{"metric": {"zhongtest": {"wa": 0.916618}}, "step": 21}
Step:22	{"metric": {"zhongTraining": {"acc": 0.8571428571428571}}, "step": 22}
Step:22	{"metric": {"zhongtest": {"acc": 0.8775510204081632}}, "step": 22}
Step:22	{"metric": {"zhongtest": {"UAR": 0.803419}}, "step": 22}
Step:22	{"metric": {"zhongtest": {"Macro_F1": 0.741911}}, "step": 22}
Step:22	{"metric": {"zhongtest": {"wa": 0.92828}}, "step": 22}
Step:23	{"metric": {"zhongTraining": {"acc": 0.8775510204081632}}, "step": 23}
Step:23	{"metric": {"zhongtest": {"acc": 0.9183673469387755}}, "step": 23}
Step:23	{"metric": {"zhongtest": {"UAR": 0.820028}}, "step": 23}
Step:23	{"metric": {"zhongtest": {"Macro_F1": 0.778499}}, "step": 23}
Step:23	{"metric": {"zhongtest": {"wa": 0.962099}}, "step": 23}
Step:24	{"metric": {"zhongTraining": {"acc": 0.9183673469387755}}, "step": 24}
Step:24	{"metric": {"zhongtest": {"acc": 0.9591836734693877}}, "step": 24}
Step:24	{"metric": {"zhongtest": {"UAR": 0.835714}}, "step": 24}
Step:24	{"metric": {"zhongtest": {"Macro_F1": 0.825597}}, "step": 24}
Step:24	{"metric": {"zhongtest": {"wa": 0.984694}}, "step": 24}
Step:25	{"metric": {"zhongTraining": {"acc": 0.9591836734693877}}, "step": 25}
Step:25	{"metric": {"zhongtest": {"acc": 0.9591836734693877}}, "step": 25}
Step:25	{"metric": {"zhongtest": {"UAR": 0.835714}}, "step": 25}
Step:25	{"metric": {"zhongtest": {"Macro_F1": 0.825597}}, "step": 25}
Step:25	{"metric": {"zhongtest": {"wa": 0.984694}}, "step": 25}
Step:26	{"metric": {"zhongTraining": {"acc": 0.9591836734693877}}, "step": 26}
Step:26	{"metric": {"zhongtest": {"acc": 0.9591836734693877}}, "step": 26}
Step:26	{"metric": {"zhongtest": {"UAR": 0.835714}}, "step": 26}
Step:26	{"metric": {"zhongtest": {"Macro_F1": 0.825597}}, "step": 26}
Step:26	{"metric": {"zhongtest": {"wa": 0.984694}}, "step": 26}
Step:27	{"metric": {"zhongTraining": {"acc": 0.9591836734693877}}, "step": 27}
Step:27	{"metric": {"zhongtest": {"acc": 0.9591836734693877}}, "step": 27}
Step:27	{"metric": {"zhongtest": {"UAR": 0.835714}}, "step": 27}
Step:27	{"metric": {"zhongtest": {"Macro_F1": 0.825597}}, "step": 27}
Step:27	{"metric": {"zhongtest": {"wa": 0.984694}}, "step": 27}
Step:28	{"metric": {"zhongTraining": {"acc": 0.9591836734693877}}, "step": 28}
Step:28	{"metric": {"zhongtest": {"acc": 0.9795918367346939}}, "step": 28}
Step:28	{"metric": {"zhongtest": {"UAR": 0.845238}}, "step": 28}
Step:28	{"metric": {"zhongtest": {"Macro_F1": 0.850932}}, "step": 28}
Step:28	{"metric": {"zhongtest": {"wa": 1.0}}, "step": 28}
Step:29	{"metric": {"zhongTraining": {"acc": 0.9795918367346939}}, "step": 29}
Step:29	{"metric": {"zhongtest": {"acc": 0.9795918367346939}}, "step": 29}
Step:29	{"metric": {"zhongtest": {"UAR": 0.845238}}, "step": 29}
Step:29	{"metric": {"zhongtest": {"Macro_F1": 0.850932}}, "step": 29}
Step:29	{"metric": {"zhongtest": {"wa": 1.0}}, "step": 29}
Step:30	{"metric": {"zhongTraining": {"acc": 0.9795918367346939}}, "step": 30}
Step:30	{"metric": {"zhongtest": {"acc": 0.9795918367346939}}, "step": 30}
Step:30	{"metric": {"zhongtest": {"UAR": 0.845238}}, "step": 30}
Step:30	{"metric": {"zhongtest": {"Macro_F1": 0.850932}}, "step": 30}
Step:30	{"metric": {"zhongtest": {"wa": 1.0}}, "step": 30}
Step:31	{"metric": {"zhongTraining": {"acc": 0.9795918367346939}}, "step": 31}
Step:31	{"metric": {"zhongtest": {"acc": 0.9795918367346939}}, "step": 31}
Step:31	{"metric": {"zhongtest": {"UAR": 0.845238}}, "step": 31}
Step:31	{"metric": {"zhongtest": {"Macro_F1": 0.850932}}, "step": 31}
Step:31	{"metric": {"zhongtest": {"wa": 1.0}}, "step": 31}
Step:32	{"metric": {"zhongTraining": {"acc": 0.9795918367346939}}, "step": 32}
Step:32	{"metric": {"zhongtest": {"acc": 1.0}}, "step": 32}
Step:32	{"metric": {"zhongtest": {"UAR": 1.0}}, "step": 32}
Step:32	{"metric": {"zhongtest": {"Macro_F1": 1.0}}, "step": 32}
Step:32	{"metric": {"zhongtest": {"wa": 1.0}}, "step": 32}
Step:33	{"metric": {"zhongTraining": {"acc": 1.0}}, "step": 33}
Step:33	{"metric": {"zhongtest": {"acc": 1.0}}, "step": 33}
Step:33	{"metric": {"zhongtest": {"UAR": 1.0}}, "step": 33}
Step:33	{"metric": {"zhongtest": {"Macro_F1": 1.0}}, "step": 33}
Step:33	{"metric": {"zhongtest": {"wa": 1.0}}, "step": 33}
Step:34	{"metric": {"zhongTraining": {"acc": 1.0}}, "step": 34}
Step:34	{"metric": {"zhongtest": {"acc": 1.0}}, "step": 34}
Step:34	{"metric": {"zhongtest": {"UAR": 1.0}}, "step": 34}
Step:34	{"metric": {"zhongtest": {"Macro_F1": 1.0}}, "step": 34}
Step:34	{"metric": {"zhongtest": {"wa": 1.0}}, "step": 34}
Step:35	{"metric": {"zhongTraining": {"acc": 1.0}}, "step": 35}
Step:35	{"metric": {"zhongtest": {"acc": 1.0}}, "step": 35}
Step:35	{"metric": {"zhongtest": {"UAR": 1.0}}, "step": 35}
Step:35	{"metric": {"zhongtest": {"Macro_F1": 1.0}}, "step": 35}
Step:35	{"metric": {"zhongtest": {"wa": 1.0}}, "step": 35}
Step:36	{"metric": {"zhongTraining": {"acc": 1.0}}, "step": 36}
Step:36	{"metric": {"zhongtest": {"acc": 1.0}}, "step": 36}
Step:36	{"metric": {"zhongtest": {"UAR": 1.0}}, "step": 36}
Step:36	{"metric": {"zhongtest": {"Macro_F1": 1.0}}, "step": 36}
Step:36	{"metric": {"zhongtest": {"wa": 1.0}}, "step": 36}
Step:37	{"metric": {"zhongTraining": {"acc": 1.0}}, "step": 37}
Step:37	{"metric": {"zhongtest": {"acc": 1.0}}, "step": 37}
Step:37	{"metric": {"zhongtest": {"UAR": 1.0}}, "step": 37}
Step:37	{"metric": {"zhongtest": {"Macro_F1": 1.0}}, "step": 37}
Step:37	{"metric": {"zhongtest": {"wa": 1.0}}, "step": 37}
Step:38	{"metric": {"zhongTraining": {"acc": 1.0}}, "step": 38}
Step:38	{"metric": {"zhongtest": {"acc": 1.0}}, "step": 38}
Step:38	{"metric": {"zhongtest": {"UAR": 1.0}}, "step": 38}
Step:38	{"metric": {"zhongtest": {"Macro_F1": 1.0}}, "step": 38}
Step:38	{"metric": {"zhongtest": {"wa": 1.0}}, "step": 38}
Step:39	{"metric": {"zhongTraining": {"acc": 1.0}}, "step": 39}
Step:39	{"metric": {"zhongtest": {"acc": 1.0}}, "step": 39}
Step:39	{"metric": {"zhongtest": {"UAR": 1.0}}, "step": 39}
Step:39	{"metric": {"zhongtest": {"Macro_F1": 1.0}}, "step": 39}
Step:39	{"metric": {"zhongtest": {"wa": 1.0}}, "step": 39}
Step:40	{"metric": {"zhongTraining": {"acc": 1.0}}, "step": 40}
Step:40	{"metric": {"zhongtest": {"acc": 1.0}}, "step": 40}
Step:40	{"metric": {"zhongtest": {"UAR": 1.0}}, "step": 40}
Step:40	{"metric": {"zhongtest": {"Macro_F1": 1.0}}, "step": 40}
Step:40	{"metric": {"zhongtest": {"wa": 1.0}}, "step": 40}
Step:41	{"metric": {"zhongTraining": {"acc": 1.0}}, "step": 41}
Step:41	{"metric": {"zhongtest": {"acc": 1.0}}, "step": 41}
Step:41	{"metric": {"zhongtest": {"UAR": 1.0}}, "step": 41}
Step:41	{"metric": {"zhongtest": {"Macro_F1": 1.0}}, "step": 41}
Step:41	{"metric": {"zhongtest": {"wa": 1.0}}, "step": 41}
Step:42	{"metric": {"zhongTraining": {"acc": 1.0}}, "step": 42}
Step:42	{"metric": {"zhongtest": {"acc": 1.0}}, "step": 42}
Step:42	{"metric": {"zhongtest": {"UAR": 1.0}}, "step": 42}
Step:42	{"metric": {"zhongtest": {"Macro_F1": 1.0}}, "step": 42}
Step:42	{"metric": {"zhongtest": {"wa": 1.0}}, "step": 42}
Step:43	{"metric": {"zhongTraining": {"acc": 1.0}}, "step": 43}
Step:43	{"metric": {"zhongtest": {"acc": 1.0}}, "step": 43}
Step:43	{"metric": {"zhongtest": {"UAR": 1.0}}, "step": 43}
Step:43	{"metric": {"zhongtest": {"Macro_F1": 1.0}}, "step": 43}
Step:43	{"metric": {"zhongtest": {"wa": 1.0}}, "step": 43}
Step:44	{"metric": {"zhongTraining": {"acc": 1.0}}, "step": 44}
Step:44	{"metric": {"zhongtest": {"acc": 1.0}}, "step": 44}
Step:44	{"metric": {"zhongtest": {"UAR": 1.0}}, "step": 44}
Step:44	{"metric": {"zhongtest": {"Macro_F1": 1.0}}, "step": 44}
Step:44	{"metric": {"zhongtest": {"wa": 1.0}}, "step": 44}
Step:45	{"metric": {"zhongTraining": {"acc": 1.0}}, "step": 45}
Step:45	{"metric": {"zhongtest": {"acc": 1.0}}, "step": 45}
Step:45	{"metric": {"zhongtest": {"UAR": 1.0}}, "step": 45}
Step:45	{"metric": {"zhongtest": {"Macro_F1": 1.0}}, "step": 45}
Step:45	{"metric": {"zhongtest": {"wa": 1.0}}, "step": 45}
Step:46	{"metric": {"zhongTraining": {"acc": 1.0}}, "step": 46}
Step:46	{"metric": {"zhongtest": {"acc": 1.0}}, "step": 46}
Step:46	{"metric": {"zhongtest": {"UAR": 1.0}}, "step": 46}
Step:46	{"metric": {"zhongtest": {"Macro_F1": 1.0}}, "step": 46}
Step:46	{"metric": {"zhongtest": {"wa": 1.0}}, "step": 46}
Step:47	{"metric": {"zhongTraining": {"acc": 1.0}}, "step": 47}
Step:47	{"metric": {"zhongtest": {"acc": 1.0}}, "step": 47}
Step:47	{"metric": {"zhongtest": {"UAR": 1.0}}, "step": 47}
Step:47	{"metric": {"zhongtest": {"Macro_F1": 1.0}}, "step": 47}
Step:47	{"metric": {"zhongtest": {"wa": 1.0}}, "step": 47}
Step:48	{"metric": {"zhongTraining": {"acc": 1.0}}, "step": 48}
Step:48	{"metric": {"zhongtest": {"acc": 1.0}}, "step": 48}
Step:48	{"metric": {"zhongtest": {"UAR": 1.0}}, "step": 48}
Step:48	{"metric": {"zhongtest": {"Macro_F1": 1.0}}, "step": 48}
Step:48	{"metric": {"zhongtest": {"wa": 1.0}}, "step": 48}
Step:49	{"metric": {"zhongTraining": {"acc": 1.0}}, "step": 49}
Step:49	{"metric": {"zhongtest": {"acc": 1.0}}, "step": 49}
Step:49	{"metric": {"zhongtest": {"UAR": 1.0}}, "step": 49}
Step:49	{"metric": {"zhongtest": {"Macro_F1": 1.0}}, "step": 49}
Step:49	{"metric": {"zhongtest": {"wa": 1.0}}, "step": 49}
Step:50	{"metric": {"zhongTraining": {"acc": 1.0}}, "step": 50}
Step:50	{"metric": {"zhongtest": {"acc": 1.0}}, "step": 50}
Step:50	{"metric": {"zhongtest": {"UAR": 1.0}}, "step": 50}
Step:50	{"metric": {"zhongtest": {"Macro_F1": 1.0}}, "step": 50}
Step:50	{"metric": {"zhongtest": {"wa": 1.0}}, "step": 50}
Step:51	{"metric": {"zhongTraining": {"acc": 1.0}}, "step": 51}
Step:51	{"metric": {"zhongtest": {"acc": 1.0}}, "step": 51}
Step:51	{"metric": {"zhongtest": {"UAR": 1.0}}, "step": 51}
Step:51	{"metric": {"zhongtest": {"Macro_F1": 1.0}}, "step": 51}
Step:51	{"metric": {"zhongtest": {"wa": 1.0}}, "step": 51}
Step:52	{"metric": {"zhongTraining": {"acc": 1.0}}, "step": 52}
Step:52	{"metric": {"zhongtest": {"acc": 1.0}}, "step": 52}
Step:52	{"metric": {"zhongtest": {"UAR": 1.0}}, "step": 52}
Step:52	{"metric": {"zhongtest": {"Macro_F1": 1.0}}, "step": 52}
Step:52	{"metric": {"zhongtest": {"wa": 1.0}}, "step": 52}
Step:53	{"metric": {"zhongTraining": {"acc": 1.0}}, "step": 53}
Step:53	{"metric": {"zhongtest": {"acc": 1.0}}, "step": 53}
Step:53	{"metric": {"zhongtest": {"UAR": 1.0}}, "step": 53}
Step:53	{"metric": {"zhongtest": {"Macro_F1": 1.0}}, "step": 53}
Step:53	{"metric": {"zhongtest": {"wa": 1.0}}, "step": 53}
Step:54	{"metric": {"zhongTraining": {"acc": 1.0}}, "step": 54}
Step:54	{"metric": {"zhongtest": {"acc": 1.0}}, "step": 54}
Step:54	{"metric": {"zhongtest": {"UAR": 1.0}}, "step": 54}
Step:54	{"metric": {"zhongtest": {"Macro_F1": 1.0}}, "step": 54}
Step:54	{"metric": {"zhongtest": {"wa": 1.0}}, "step": 54}
Step:55	{"metric": {"zhongTraining": {"acc": 1.0}}, "step": 55}
Step:55	{"metric": {"zhongtest": {"acc": 1.0}}, "step": 55}
Step:55	{"metric": {"zhongtest": {"UAR": 1.0}}, "step": 55}
Step:55	{"metric": {"zhongtest": {"Macro_F1": 1.0}}, "step": 55}
Step:55	{"metric": {"zhongtest": {"wa": 1.0}}, "step": 55}
Step:56	{"metric": {"zhongTraining": {"acc": 1.0}}, "step": 56}
Step:56	{"metric": {"zhongtest": {"acc": 1.0}}, "step": 56}
Step:56	{"metric": {"zhongtest": {"UAR": 1.0}}, "step": 56}
Step:56	{"metric": {"zhongtest": {"Macro_F1": 1.0}}, "step": 56}
Step:56	{"metric": {"zhongtest": {"wa": 1.0}}, "step": 56}
Step:57	{"metric": {"zhongTraining": {"acc": 1.0}}, "step": 57}
Step:57	{"metric": {"zhongtest": {"acc": 1.0}}, "step": 57}
Step:57	{"metric": {"zhongtest": {"UAR": 1.0}}, "step": 57}
Step:57	{"metric": {"zhongtest": {"Macro_F1": 1.0}}, "step": 57}
Step:57	{"metric": {"zhongtest": {"wa": 1.0}}, "step": 57}
Step:58	{"metric": {"zhongTraining": {"acc": 1.0}}, "step": 58}
Step:58	{"metric": {"zhongtest": {"acc": 1.0}}, "step": 58}
Step:58	{"metric": {"zhongtest": {"UAR": 1.0}}, "step": 58}
Step:58	{"metric": {"zhongtest": {"Macro_F1": 1.0}}, "step": 58}
Step:58	{"metric": {"zhongtest": {"wa": 1.0}}, "step": 58}
Step:59	{"metric": {"zhongTraining": {"acc": 1.0}}, "step": 59}
Step:59	{"metric": {"zhongtest": {"acc": 1.0}}, "step": 59}
Step:59	{"metric": {"zhongtest": {"UAR": 1.0}}, "step": 59}
Step:59	{"metric": {"zhongtest": {"Macro_F1": 1.0}}, "step": 59}
Step:59	{"metric": {"zhongtest": {"wa": 1.0}}, "step": 59}
Step:60	{"metric": {"zhongTraining": {"acc": 1.0}}, "step": 60}
Step:60	{"metric": {"zhongtest": {"acc": 1.0}}, "step": 60}
Step:60	{"metric": {"zhongtest": {"UAR": 1.0}}, "step": 60}
Step:60	{"metric": {"zhongtest": {"Macro_F1": 1.0}}, "step": 60}
Step:60	{"metric": {"zhongtest": {"wa": 1.0}}, "step": 60}
Step:61	{"metric": {"zhongTraining": {"acc": 1.0}}, "step": 61}
Step:61	{"metric": {"zhongtest": {"acc": 1.0}}, "step": 61}
Step:61	{"metric": {"zhongtest": {"UAR": 1.0}}, "step": 61}
Step:61	{"metric": {"zhongtest": {"Macro_F1": 1.0}}, "step": 61}
Step:61	{"metric": {"zhongtest": {"wa": 1.0}}, "step": 61}
Step:62	{"metric": {"zhongTraining": {"acc": 1.0}}, "step": 62}
Step:62	{"metric": {"zhongtest": {"acc": 1.0}}, "step": 62}
Step:62	{"metric": {"zhongtest": {"UAR": 1.0}}, "step": 62}
Step:62	{"metric": {"zhongtest": {"Macro_F1": 1.0}}, "step": 62}
Step:62	{"metric": {"zhongtest": {"wa": 1.0}}, "step": 62}
Step:63	{"metric": {"zhongTraining": {"acc": 1.0}}, "step": 63}
Step:63	{"metric": {"zhongtest": {"acc": 1.0}}, "step": 63}
Step:63	{"metric": {"zhongtest": {"UAR": 1.0}}, "step": 63}
Step:63	{"metric": {"zhongtest": {"Macro_F1": 1.0}}, "step": 63}
Step:63	{"metric": {"zhongtest": {"wa": 1.0}}, "step": 63}
Step:64	{"metric": {"zhongTraining": {"acc": 1.0}}, "step": 64}
Step:64	{"metric": {"zhongtest": {"acc": 1.0}}, "step": 64}
Step:64	{"metric": {"zhongtest": {"UAR": 1.0}}, "step": 64}
Step:64	{"metric": {"zhongtest": {"Macro_F1": 1.0}}, "step": 64}
Step:64	{"metric": {"zhongtest": {"wa": 1.0}}, "step": 64}
Step:65	{"metric": {"zhongTraining": {"acc": 1.0}}, "step": 65}
Step:65	{"metric": {"zhongtest": {"acc": 1.0}}, "step": 65}
Step:65	{"metric": {"zhongtest": {"UAR": 1.0}}, "step": 65}
Step:65	{"metric": {"zhongtest": {"Macro_F1": 1.0}}, "step": 65}
Step:65	{"metric": {"zhongtest": {"wa": 1.0}}, "step": 65}
Step:66	{"metric": {"zhongTraining": {"acc": 1.0}}, "step": 66}
Step:66	{"metric": {"zhongtest": {"acc": 1.0}}, "step": 66}
Step:66	{"metric": {"zhongtest": {"UAR": 1.0}}, "step": 66}
Step:66	{"metric": {"zhongtest": {"Macro_F1": 1.0}}, "step": 66}
Step:66	{"metric": {"zhongtest": {"wa": 1.0}}, "step": 66}
Step:67	{"metric": {"zhongTraining": {"acc": 1.0}}, "step": 67}
Step:67	{"metric": {"zhongtest": {"acc": 1.0}}, "step": 67}
Step:67	{"metric": {"zhongtest": {"UAR": 1.0}}, "step": 67}
Step:67	{"metric": {"zhongtest": {"Macro_F1": 1.0}}, "step": 67}
Step:67	{"metric": {"zhongtest": {"wa": 1.0}}, "step": 67}
Step:68	{"metric": {"zhongTraining": {"acc": 1.0}}, "step": 68}
Step:68	{"metric": {"zhongtest": {"acc": 1.0}}, "step": 68}
Step:68	{"metric": {"zhongtest": {"UAR": 1.0}}, "step": 68}
Step:68	{"metric": {"zhongtest": {"Macro_F1": 1.0}}, "step": 68}
Step:68	{"metric": {"zhongtest": {"wa": 1.0}}, "step": 68}
Step:69	{"metric": {"zhongTraining": {"acc": 1.0}}, "step": 69}
Step:69	{"metric": {"zhongtest": {"acc": 1.0}}, "step": 69}
Step:69	{"metric": {"zhongtest": {"UAR": 1.0}}, "step": 69}
Step:69	{"metric": {"zhongtest": {"Macro_F1": 1.0}}, "step": 69}
Step:69	{"metric": {"zhongtest": {"wa": 1.0}}, "step": 69}
Step:70	{"metric": {"zhongTraining": {"acc": 1.0}}, "step": 70}
Step:70	{"metric": {"zhongtest": {"acc": 1.0}}, "step": 70}
Step:70	{"metric": {"zhongtest": {"UAR": 1.0}}, "step": 70}
Step:70	{"metric": {"zhongtest": {"Macro_F1": 1.0}}, "step": 70}
Step:70	{"metric": {"zhongtest": {"wa": 1.0}}, "step": 70}
Step:71	{"metric": {"zhongTraining": {"acc": 1.0}}, "step": 71}
Step:71	{"metric": {"zhongtest": {"acc": 1.0}}, "step": 71}
Step:71	{"metric": {"zhongtest": {"UAR": 1.0}}, "step": 71}
Step:71	{"metric": {"zhongtest": {"Macro_F1": 1.0}}, "step": 71}
Step:71	{"metric": {"zhongtest": {"wa": 1.0}}, "step": 71}
Step:72	{"metric": {"zhongTraining": {"acc": 1.0}}, "step": 72}
Step:72	{"metric": {"zhongtest": {"acc": 1.0}}, "step": 72}
Step:72	{"metric": {"zhongtest": {"UAR": 1.0}}, "step": 72}
Step:72	{"metric": {"zhongtest": {"Macro_F1": 1.0}}, "step": 72}
Step:72	{"metric": {"zhongtest": {"wa": 1.0}}, "step": 72}
Step:73	{"metric": {"zhongTraining": {"acc": 1.0}}, "step": 73}
Step:73	{"metric": {"zhongtest": {"acc": 1.0}}, "step": 73}
Step:73	{"metric": {"zhongtest": {"UAR": 1.0}}, "step": 73}
Step:73	{"metric": {"zhongtest": {"Macro_F1": 1.0}}, "step": 73}
Step:73	{"metric": {"zhongtest": {"wa": 1.0}}, "step": 73}
Step:74	{"metric": {"zhongTraining": {"acc": 1.0}}, "step": 74}
Step:74	{"metric": {"zhongtest": {"acc": 1.0}}, "step": 74}
Step:74	{"metric": {"zhongtest": {"UAR": 1.0}}, "step": 74}
Step:74	{"metric": {"zhongtest": {"Macro_F1": 1.0}}, "step": 74}
Step:74	{"metric": {"zhongtest": {"wa": 1.0}}, "step": 74}
Step:75	{"metric": {"zhongTraining": {"acc": 1.0}}, "step": 75}
Step:75	{"metric": {"zhongtest": {"acc": 1.0}}, "step": 75}
Step:75	{"metric": {"zhongtest": {"UAR": 1.0}}, "step": 75}
Step:75	{"metric": {"zhongtest": {"Macro_F1": 1.0}}, "step": 75}
Step:75	{"metric": {"zhongtest": {"wa": 1.0}}, "step": 75}
Step:76	{"metric": {"zhongTraining": {"acc": 1.0}}, "step": 76}
Step:76	{"metric": {"zhongtest": {"acc": 1.0}}, "step": 76}
Step:76	{"metric": {"zhongtest": {"UAR": 1.0}}, "step": 76}
Step:76	{"metric": {"zhongtest": {"Macro_F1": 1.0}}, "step": 76}
Step:76	{"metric": {"zhongtest": {"wa": 1.0}}, "step": 76}
Step:77	{"metric": {"zhongTraining": {"acc": 1.0}}, "step": 77}
Step:77	{"metric": {"zhongtest": {"acc": 1.0}}, "step": 77}
Step:77	{"metric": {"zhongtest": {"UAR": 1.0}}, "step": 77}
Step:77	{"metric": {"zhongtest": {"Macro_F1": 1.0}}, "step": 77}
Step:77	{"metric": {"zhongtest": {"wa": 1.0}}, "step": 77}
Step:78	{"metric": {"zhongTraining": {"acc": 1.0}}, "step": 78}
Step:78	{"metric": {"zhongtest": {"acc": 1.0}}, "step": 78}
Step:78	{"metric": {"zhongtest": {"UAR": 1.0}}, "step": 78}
Step:78	{"metric": {"zhongtest": {"Macro_F1": 1.0}}, "step": 78}
Step:78	{"metric": {"zhongtest": {"wa": 1.0}}, "step": 78}
Step:79	{"metric": {"zhongTraining": {"acc": 1.0}}, "step": 79}
Step:79	{"metric": {"zhongtest": {"acc": 1.0}}, "step": 79}
Step:79	{"metric": {"zhongtest": {"UAR": 1.0}}, "step": 79}
Step:79	{"metric": {"zhongtest": {"Macro_F1": 1.0}}, "step": 79}
Step:79	{"metric": {"zhongtest": {"wa": 1.0}}, "step": 79}
Step:80	{"metric": {"zhongTraining": {"acc": 1.0}}, "step": 80}
Step:80	{"metric": {"zhongtest": {"acc": 1.0}}, "step": 80}
Step:80	{"metric": {"zhongtest": {"UAR": 1.0}}, "step": 80}
Step:80	{"metric": {"zhongtest": {"Macro_F1": 1.0}}, "step": 80}
Step:80	{"metric": {"zhongtest": {"wa": 1.0}}, "step": 80}
Step:81	{"metric": {"zhongTraining": {"acc": 1.0}}, "step": 81}
Step:81	{"metric": {"zhongtest": {"acc": 1.0}}, "step": 81}
Step:81	{"metric": {"zhongtest": {"UAR": 1.0}}, "step": 81}
Step:81	{"metric": {"zhongtest": {"Macro_F1": 1.0}}, "step": 81}
Step:81	{"metric": {"zhongtest": {"wa": 1.0}}, "step": 81}
Step:82	{"metric": {"zhongTraining": {"acc": 1.0}}, "step": 82}
Step:82	{"metric": {"zhongtest": {"acc": 1.0}}, "step": 82}
Step:82	{"metric": {"zhongtest": {"UAR": 1.0}}, "step": 82}
Step:82	{"metric": {"zhongtest": {"Macro_F1": 1.0}}, "step": 82}
Step:82	{"metric": {"zhongtest": {"wa": 1.0}}, "step": 82}
Step:83	{"metric": {"zhongTraining": {"acc": 1.0}}, "step": 83}
Step:83	{"metric": {"zhongtest": {"acc": 1.0}}, "step": 83}
Step:83	{"metric": {"zhongtest": {"UAR": 1.0}}, "step": 83}
Step:83	{"metric": {"zhongtest": {"Macro_F1": 1.0}}, "step": 83}
Step:83	{"metric": {"zhongtest": {"wa": 1.0}}, "step": 83}
Step:84	{"metric": {"zhongTraining": {"acc": 1.0}}, "step": 84}
Step:84	{"metric": {"zhongtest": {"acc": 1.0}}, "step": 84}
Step:84	{"metric": {"zhongtest": {"UAR": 1.0}}, "step": 84}
Step:84	{"metric": {"zhongtest": {"Macro_F1": 1.0}}, "step": 84}
Step:84	{"metric": {"zhongtest": {"wa": 1.0}}, "step": 84}
Step:85	{"metric": {"zhongTraining": {"acc": 1.0}}, "step": 85}
Step:85	{"metric": {"zhongtest": {"acc": 1.0}}, "step": 85}
Step:85	{"metric": {"zhongtest": {"UAR": 1.0}}, "step": 85}
Step:85	{"metric": {"zhongtest": {"Macro_F1": 1.0}}, "step": 85}
Step:85	{"metric": {"zhongtest": {"wa": 1.0}}, "step": 85}
Step:86	{"metric": {"zhongTraining": {"acc": 1.0}}, "step": 86}
Step:86	{"metric": {"zhongtest": {"acc": 1.0}}, "step": 86}
Step:86	{"metric": {"zhongtest": {"UAR": 1.0}}, "step": 86}
Step:86	{"metric": {"zhongtest": {"Macro_F1": 1.0}}, "step": 86}
Step:86	{"metric": {"zhongtest": {"wa": 1.0}}, "step": 86}
Step:87	{"metric": {"zhongTraining": {"acc": 1.0}}, "step": 87}
Step:87	{"metric": {"zhongtest": {"acc": 1.0}}, "step": 87}
Step:87	{"metric": {"zhongtest": {"UAR": 1.0}}, "step": 87}
Step:87	{"metric": {"zhongtest": {"Macro_F1": 1.0}}, "step": 87}
Step:87	{"metric": {"zhongtest": {"wa": 1.0}}, "step": 87}
Step:88	{"metric": {"zhongTraining": {"acc": 1.0}}, "step": 88}
Step:88	{"metric": {"zhongtest": {"acc": 1.0}}, "step": 88}
Step:88	{"metric": {"zhongtest": {"UAR": 1.0}}, "step": 88}
Step:88	{"metric": {"zhongtest": {"Macro_F1": 1.0}}, "step": 88}
Step:88	{"metric": {"zhongtest": {"wa": 1.0}}, "step": 88}
Step:89	{"metric": {"zhongTraining": {"acc": 1.0}}, "step": 89}
Step:89	{"metric": {"zhongtest": {"acc": 1.0}}, "step": 89}
Step:89	{"metric": {"zhongtest": {"UAR": 1.0}}, "step": 89}
Step:89	{"metric": {"zhongtest": {"Macro_F1": 1.0}}, "step": 89}
Step:89	{"metric": {"zhongtest": {"wa": 1.0}}, "step": 89}
Step:90	{"metric": {"zhongTraining": {"acc": 1.0}}, "step": 90}
Step:90	{"metric": {"zhongtest": {"acc": 1.0}}, "step": 90}
Step:90	{"metric": {"zhongtest": {"UAR": 1.0}}, "step": 90}
Step:90	{"metric": {"zhongtest": {"Macro_F1": 1.0}}, "step": 90}
Step:90	{"metric": {"zhongtest": {"wa": 1.0}}, "step": 90}
Step:91	{"metric": {"zhongTraining": {"acc": 1.0}}, "step": 91}
Step:91	{"metric": {"zhongtest": {"acc": 1.0}}, "step": 91}
Step:91	{"metric": {"zhongtest": {"UAR": 1.0}}, "step": 91}
Step:91	{"metric": {"zhongtest": {"Macro_F1": 1.0}}, "step": 91}
Step:91	{"metric": {"zhongtest": {"wa": 1.0}}, "step": 91}
Step:92	{"metric": {"zhongTraining": {"acc": 1.0}}, "step": 92}
Step:92	{"metric": {"zhongtest": {"acc": 1.0}}, "step": 92}
Step:92	{"metric": {"zhongtest": {"UAR": 1.0}}, "step": 92}
Step:92	{"metric": {"zhongtest": {"Macro_F1": 1.0}}, "step": 92}
Step:92	{"metric": {"zhongtest": {"wa": 1.0}}, "step": 92}
Step:93	{"metric": {"zhongTraining": {"acc": 1.0}}, "step": 93}
Step:93	{"metric": {"zhongtest": {"acc": 1.0}}, "step": 93}
Step:93	{"metric": {"zhongtest": {"UAR": 1.0}}, "step": 93}
Step:93	{"metric": {"zhongtest": {"Macro_F1": 1.0}}, "step": 93}
Step:93	{"metric": {"zhongtest": {"wa": 1.0}}, "step": 93}
Step:94	{"metric": {"zhongTraining": {"acc": 1.0}}, "step": 94}
Step:94	{"metric": {"zhongtest": {"acc": 1.0}}, "step": 94}
Step:94	{"metric": {"zhongtest": {"UAR": 1.0}}, "step": 94}
Step:94	{"metric": {"zhongtest": {"Macro_F1": 1.0}}, "step": 94}
Step:94	{"metric": {"zhongtest": {"wa": 1.0}}, "step": 94}
Step:95	{"metric": {"zhongTraining": {"acc": 1.0}}, "step": 95}
Step:95	{"metric": {"zhongtest": {"acc": 1.0}}, "step": 95}
Step:95	{"metric": {"zhongtest": {"UAR": 1.0}}, "step": 95}
Step:95	{"metric": {"zhongtest": {"Macro_F1": 1.0}}, "step": 95}
Step:95	{"metric": {"zhongtest": {"wa": 1.0}}, "step": 95}
Step:96	{"metric": {"zhongTraining": {"acc": 1.0}}, "step": 96}
Step:96	{"metric": {"zhongtest": {"acc": 1.0}}, "step": 96}
Step:96	{"metric": {"zhongtest": {"UAR": 1.0}}, "step": 96}
Step:96	{"metric": {"zhongtest": {"Macro_F1": 1.0}}, "step": 96}
Step:96	{"metric": {"zhongtest": {"wa": 1.0}}, "step": 96}
Step:97	{"metric": {"zhongTraining": {"acc": 1.0}}, "step": 97}
Step:97	{"metric": {"zhongtest": {"acc": 1.0}}, "step": 97}
Step:97	{"metric": {"zhongtest": {"UAR": 1.0}}, "step": 97}
Step:97	{"metric": {"zhongtest": {"Macro_F1": 1.0}}, "step": 97}
Step:97	{"metric": {"zhongtest": {"wa": 1.0}}, "step": 97}
Step:98	{"metric": {"zhongTraining": {"acc": 1.0}}, "step": 98}
Step:98	{"metric": {"zhongtest": {"acc": 1.0}}, "step": 98}
Step:98	{"metric": {"zhongtest": {"UAR": 1.0}}, "step": 98}
Step:98	{"metric": {"zhongtest": {"Macro_F1": 1.0}}, "step": 98}
Step:98	{"metric": {"zhongtest": {"wa": 1.0}}, "step": 98}
Step:99	{"metric": {"zhongTraining": {"acc": 1.0}}, "step": 99}
Step:99	{"metric": {"zhongtest": {"acc": 1.0}}, "step": 99}
Step:99	{"metric": {"zhongtest": {"UAR": 1.0}}, "step": 99}
Step:99	{"metric": {"zhongtest": {"Macro_F1": 1.0}}, "step": 99}
Step:99	{"metric": {"zhongtest": {"wa": 1.0}}, "step": 99}
Step:100	{"metric": {"zhongTraining": {"acc": 1.0}}, "step": 100}
Step:100	{"metric": {"zhongtest": {"acc": 1.0}}, "step": 100}
Step:100	{"metric": {"zhongtest": {"UAR": 1.0}}, "step": 100}
Step:100	{"metric": {"zhongtest": {"Macro_F1": 1.0}}, "step": 100}
Step:100	{"metric": {"zhongtest": {"wa": 1.0}}, "step": 100}
