Step:1	{"metric": {"full19train": {"acc": 0.13317757009345793}}, "step": 1}
Step:1	{"metric": {"full19test": {"acc": 0.11214953271028037}}, "step": 1}
Step:1	{"metric": {"full19test": {"UAR": 0.07463}}, "step": 1}
Step:1	{"metric": {"full19test": {"Macro_F1": 0.073916}}, "step": 1}
Step:1	{"metric": {"full19test": {"wa": 0.142159}}, "step": 1}
Step:2	{"metric": {"full19train": {"acc": 0.17289719626168223}}, "step": 2}
Step:2	{"metric": {"full19test": {"acc": 0.16822429906542055}}, "step": 2}
Step:2	{"metric": {"full19test": {"UAR": 0.101173}}, "step": 2}
Step:2	{"metric": {"full19test": {"Macro_F1": 0.104168}}, "step": 2}
Step:2	{"metric": {"full19test": {"wa": 0.257136}}, "step": 2}
Step:3	{"metric": {"full19train": {"acc": 0.1822429906542056}}, "step": 3}
Step:3	{"metric": {"full19test": {"acc": 0.24299065420560748}}, "step": 3}
Step:3	{"metric": {"full19test": {"UAR": 0.216148}}, "step": 3}
Step:3	{"metric": {"full19test": {"Macro_F1": 0.16741}}, "step": 3}
Step:3	{"metric": {"full19test": {"wa": 0.418166}}, "step": 3}
Step:4	{"metric": {"full19train": {"acc": 0.21495327102803738}}, "step": 4}
Step:4	{"metric": {"full19test": {"acc": 0.24299065420560748}}, "step": 4}
Step:4	{"metric": {"full19test": {"UAR": 0.149694}}, "step": 4}
Step:4	{"metric": {"full19test": {"Macro_F1": 0.126636}}, "step": 4}
Step:4	{"metric": {"full19test": {"wa": 0.530787}}, "step": 4}
Step:5	{"metric": {"full19train": {"acc": 0.24065420560747663}}, "step": 5}
Step:5	{"metric": {"full19test": {"acc": 0.2897196261682243}}, "step": 5}
Step:5	{"metric": {"full19test": {"UAR": 0.195795}}, "step": 5}
Step:5	{"metric": {"full19test": {"Macro_F1": 0.124152}}, "step": 5}
Step:5	{"metric": {"full19test": {"wa": 0.828702}}, "step": 5}
Step:6	{"metric": {"full19train": {"acc": 0.25}}, "step": 6}
Step:6	{"metric": {"full19test": {"acc": 0.3177570093457944}}, "step": 6}
Step:6	{"metric": {"full19test": {"UAR": 0.104762}}, "step": 6}
Step:6	{"metric": {"full19test": {"Macro_F1": 0.126569}}, "step": 6}
Step:6	{"metric": {"full19test": {"wa": 0.728327}}, "step": 6}
Step:7	{"metric": {"full19train": {"acc": 0.308411214953271}}, "step": 7}
Step:7	{"metric": {"full19test": {"acc": 0.37383177570093457}}, "step": 7}
Step:7	{"metric": {"full19test": {"UAR": 0.2263}}, "step": 7}
Step:7	{"metric": {"full19test": {"Macro_F1": 0.202737}}, "step": 7}
Step:7	{"metric": {"full19test": {"wa": 0.698343}}, "step": 7}
Step:8	{"metric": {"full19train": {"acc": 0.34813084112149534}}, "step": 8}
Step:8	{"metric": {"full19test": {"acc": 0.3925233644859813}}, "step": 8}
Step:8	{"metric": {"full19test": {"UAR": 0.280841}}, "step": 8}
Step:8	{"metric": {"full19test": {"Macro_F1": 0.198725}}, "step": 8}
Step:8	{"metric": {"full19test": {"wa": 0.725234}}, "step": 8}
Step:9	{"metric": {"full19train": {"acc": 0.36682242990654207}}, "step": 9}
Step:9	{"metric": {"full19test": {"acc": 0.38317757009345793}}, "step": 9}
Step:9	{"metric": {"full19test": {"UAR": 0.146816}}, "step": 9}
Step:9	{"metric": {"full19test": {"Macro_F1": 0.183817}}, "step": 9}
Step:9	{"metric": {"full19test": {"wa": 0.696885}}, "step": 9}
Step:10	{"metric": {"full19train": {"acc": 0.38317757009345793}}, "step": 10}
Step:10	{"metric": {"full19test": {"acc": 0.45794392523364486}}, "step": 10}
Step:10	{"metric": {"full19test": {"UAR": 0.416668}}, "step": 10}
Step:10	{"metric": {"full19test": {"Macro_F1": 0.286465}}, "step": 10}
Step:10	{"metric": {"full19test": {"wa": 0.753523}}, "step": 10}
Step:11	{"metric": {"full19train": {"acc": 0.40420560747663553}}, "step": 11}
Step:11	{"metric": {"full19test": {"acc": 0.42990654205607476}}, "step": 11}
Step:11	{"metric": {"full19test": {"UAR": 0.369598}}, "step": 11}
Step:11	{"metric": {"full19test": {"Macro_F1": 0.272503}}, "step": 11}
Step:11	{"metric": {"full19test": {"wa": 0.641373}}, "step": 11}
Step:12	{"metric": {"full19train": {"acc": 0.4439252336448598}}, "step": 12}
Step:12	{"metric": {"full19test": {"acc": 0.411214953271028}}, "step": 12}
Step:12	{"metric": {"full19test": {"UAR": 0.290761}}, "step": 12}
Step:12	{"metric": {"full19test": {"Macro_F1": 0.280994}}, "step": 12}
Step:12	{"metric": {"full19test": {"wa": 0.636073}}, "step": 12}
Step:13	{"metric": {"full19train": {"acc": 0.4252336448598131}}, "step": 13}
Step:13	{"metric": {"full19test": {"acc": 0.48598130841121495}}, "step": 13}
Step:13	{"metric": {"full19test": {"UAR": 0.334524}}, "step": 13}
Step:13	{"metric": {"full19test": {"Macro_F1": 0.360348}}, "step": 13}
Step:13	{"metric": {"full19test": {"wa": 0.610102}}, "step": 13}
Step:14	{"metric": {"full19train": {"acc": 0.4649532710280374}}, "step": 14}
Step:14	{"metric": {"full19test": {"acc": 0.4672897196261682}}, "step": 14}
Step:14	{"metric": {"full19test": {"UAR": 0.520855}}, "step": 14}
Step:14	{"metric": {"full19test": {"Macro_F1": 0.379634}}, "step": 14}
Step:14	{"metric": {"full19test": {"wa": 0.590511}}, "step": 14}
Step:15	{"metric": {"full19train": {"acc": 0.48598130841121495}}, "step": 15}
Step:15	{"metric": {"full19test": {"acc": 0.48598130841121495}}, "step": 15}
Step:15	{"metric": {"full19test": {"UAR": 0.495068}}, "step": 15}
Step:15	{"metric": {"full19test": {"Macro_F1": 0.387107}}, "step": 15}
Step:15	{"metric": {"full19test": {"wa": 0.588512}}, "step": 15}
Step:16	{"metric": {"full19train": {"acc": 0.5514018691588785}}, "step": 16}
Step:16	{"metric": {"full19test": {"acc": 0.4485981308411215}}, "step": 16}
Step:16	{"metric": {"full19test": {"UAR": 0.358924}}, "step": 16}
Step:16	{"metric": {"full19test": {"Macro_F1": 0.359295}}, "step": 16}
Step:16	{"metric": {"full19test": {"wa": 0.536703}}, "step": 16}
Step:17	{"metric": {"full19train": {"acc": 0.5747663551401869}}, "step": 17}
Step:17	{"metric": {"full19test": {"acc": 0.48598130841121495}}, "step": 17}
Step:17	{"metric": {"full19test": {"UAR": 0.378701}}, "step": 17}
Step:17	{"metric": {"full19test": {"Macro_F1": 0.373591}}, "step": 17}
Step:17	{"metric": {"full19test": {"wa": 0.650719}}, "step": 17}
Step:18	{"metric": {"full19train": {"acc": 0.5654205607476636}}, "step": 18}
Step:18	{"metric": {"full19test": {"acc": 0.5794392523364486}}, "step": 18}
Step:18	{"metric": {"full19test": {"UAR": 0.610905}}, "step": 18}
Step:18	{"metric": {"full19test": {"Macro_F1": 0.507393}}, "step": 18}
Step:18	{"metric": {"full19test": {"wa": 0.65901}}, "step": 18}
Step:19	{"metric": {"full19train": {"acc": 0.6448598130841121}}, "step": 19}
Step:19	{"metric": {"full19test": {"acc": 0.5420560747663551}}, "step": 19}
Step:19	{"metric": {"full19test": {"UAR": 0.593864}}, "step": 19}
Step:19	{"metric": {"full19test": {"Macro_F1": 0.498606}}, "step": 19}
Step:19	{"metric": {"full19test": {"wa": 0.573038}}, "step": 19}
Step:20	{"metric": {"full19train": {"acc": 0.6051401869158879}}, "step": 20}
Step:20	{"metric": {"full19test": {"acc": 0.616822429906542}}, "step": 20}
Step:20	{"metric": {"full19test": {"UAR": 0.64399}}, "step": 20}
Step:20	{"metric": {"full19test": {"Macro_F1": 0.54436}}, "step": 20}
Step:20	{"metric": {"full19test": {"wa": 0.756671}}, "step": 20}
Step:21	{"metric": {"full19train": {"acc": 0.6518691588785047}}, "step": 21}
Step:21	{"metric": {"full19test": {"acc": 0.5887850467289719}}, "step": 21}
Step:21	{"metric": {"full19test": {"UAR": 0.566376}}, "step": 21}
Step:21	{"metric": {"full19test": {"Macro_F1": 0.533697}}, "step": 21}
Step:21	{"metric": {"full19test": {"wa": 0.615899}}, "step": 21}
Step:22	{"metric": {"full19train": {"acc": 0.6542056074766355}}, "step": 22}
Step:22	{"metric": {"full19test": {"acc": 0.6261682242990654}}, "step": 22}
Step:22	{"metric": {"full19test": {"UAR": 0.602457}}, "step": 22}
Step:22	{"metric": {"full19test": {"Macro_F1": 0.593146}}, "step": 22}
Step:22	{"metric": {"full19test": {"wa": 0.630913}}, "step": 22}
Step:23	{"metric": {"full19train": {"acc": 0.6892523364485982}}, "step": 23}
Step:23	{"metric": {"full19test": {"acc": 0.6635514018691588}}, "step": 23}
Step:23	{"metric": {"full19test": {"UAR": 0.656122}}, "step": 23}
Step:23	{"metric": {"full19test": {"Macro_F1": 0.630093}}, "step": 23}
Step:23	{"metric": {"full19test": {"wa": 0.676147}}, "step": 23}
Step:24	{"metric": {"full19train": {"acc": 0.719626168224299}}, "step": 24}
Step:24	{"metric": {"full19test": {"acc": 0.7009345794392523}}, "step": 24}
Step:24	{"metric": {"full19test": {"UAR": 0.71847}}, "step": 24}
Step:24	{"metric": {"full19test": {"Macro_F1": 0.655193}}, "step": 24}
Step:24	{"metric": {"full19test": {"wa": 0.734079}}, "step": 24}
Step:25	{"metric": {"full19train": {"acc": 0.7289719626168224}}, "step": 25}
Step:25	{"metric": {"full19test": {"acc": 0.6915887850467289}}, "step": 25}
Step:25	{"metric": {"full19test": {"UAR": 0.690502}}, "step": 25}
Step:25	{"metric": {"full19test": {"Macro_F1": 0.669556}}, "step": 25}
Step:25	{"metric": {"full19test": {"wa": 0.704892}}, "step": 25}
Step:26	{"metric": {"full19train": {"acc": 0.7570093457943925}}, "step": 26}
Step:26	{"metric": {"full19test": {"acc": 0.7009345794392523}}, "step": 26}
Step:26	{"metric": {"full19test": {"UAR": 0.676303}}, "step": 26}
Step:26	{"metric": {"full19test": {"Macro_F1": 0.659862}}, "step": 26}
Step:26	{"metric": {"full19test": {"wa": 0.719004}}, "step": 26}
Step:27	{"metric": {"full19train": {"acc": 0.764018691588785}}, "step": 27}
Step:27	{"metric": {"full19test": {"acc": 0.7289719626168224}}, "step": 27}
Step:27	{"metric": {"full19test": {"UAR": 0.736869}}, "step": 27}
Step:27	{"metric": {"full19test": {"Macro_F1": 0.705573}}, "step": 27}
Step:27	{"metric": {"full19test": {"wa": 0.742803}}, "step": 27}
Step:28	{"metric": {"full19train": {"acc": 0.7383177570093458}}, "step": 28}
Step:28	{"metric": {"full19test": {"acc": 0.6542056074766355}}, "step": 28}
Step:28	{"metric": {"full19test": {"UAR": 0.640325}}, "step": 28}
Step:28	{"metric": {"full19test": {"Macro_F1": 0.624773}}, "step": 28}
Step:28	{"metric": {"full19test": {"wa": 0.667728}}, "step": 28}
Step:29	{"metric": {"full19train": {"acc": 0.75}}, "step": 29}
Step:29	{"metric": {"full19test": {"acc": 0.6635514018691588}}, "step": 29}
Step:29	{"metric": {"full19test": {"UAR": 0.630385}}, "step": 29}
Step:29	{"metric": {"full19test": {"Macro_F1": 0.620208}}, "step": 29}
Step:29	{"metric": {"full19test": {"wa": 0.669362}}, "step": 29}
Step:30	{"metric": {"full19train": {"acc": 0.794392523364486}}, "step": 30}
Step:30	{"metric": {"full19test": {"acc": 0.7009345794392523}}, "step": 30}
Step:30	{"metric": {"full19test": {"UAR": 0.699891}}, "step": 30}
Step:30	{"metric": {"full19test": {"Macro_F1": 0.680951}}, "step": 30}
Step:30	{"metric": {"full19test": {"wa": 0.726429}}, "step": 30}
Step:31	{"metric": {"full19train": {"acc": 0.8107476635514018}}, "step": 31}
Step:31	{"metric": {"full19test": {"acc": 0.7383177570093458}}, "step": 31}
Step:31	{"metric": {"full19test": {"UAR": 0.746103}}, "step": 31}
Step:31	{"metric": {"full19test": {"Macro_F1": 0.712352}}, "step": 31}
Step:31	{"metric": {"full19test": {"wa": 0.74315}}, "step": 31}
Step:32	{"metric": {"full19train": {"acc": 0.8037383177570093}}, "step": 32}
Step:32	{"metric": {"full19test": {"acc": 0.7383177570093458}}, "step": 32}
Step:32	{"metric": {"full19test": {"UAR": 0.769405}}, "step": 32}
Step:32	{"metric": {"full19test": {"Macro_F1": 0.710482}}, "step": 32}
Step:32	{"metric": {"full19test": {"wa": 0.779506}}, "step": 32}
Step:33	{"metric": {"full19train": {"acc": 0.8130841121495327}}, "step": 33}
Step:33	{"metric": {"full19test": {"acc": 0.7476635514018691}}, "step": 33}
Step:33	{"metric": {"full19test": {"UAR": 0.739844}}, "step": 33}
Step:33	{"metric": {"full19test": {"Macro_F1": 0.728869}}, "step": 33}
Step:33	{"metric": {"full19test": {"wa": 0.757485}}, "step": 33}
Step:34	{"metric": {"full19train": {"acc": 0.8341121495327103}}, "step": 34}
Step:34	{"metric": {"full19test": {"acc": 0.7102803738317757}}, "step": 34}
Step:34	{"metric": {"full19test": {"UAR": 0.694017}}, "step": 34}
Step:34	{"metric": {"full19test": {"Macro_F1": 0.684635}}, "step": 34}
Step:34	{"metric": {"full19test": {"wa": 0.726621}}, "step": 34}
Step:35	{"metric": {"full19train": {"acc": 0.8294392523364486}}, "step": 35}
Step:35	{"metric": {"full19test": {"acc": 0.719626168224299}}, "step": 35}
Step:35	{"metric": {"full19test": {"UAR": 0.719278}}, "step": 35}
Step:35	{"metric": {"full19test": {"Macro_F1": 0.682256}}, "step": 35}
Step:35	{"metric": {"full19test": {"wa": 0.738307}}, "step": 35}
Step:36	{"metric": {"full19train": {"acc": 0.852803738317757}}, "step": 36}
Step:36	{"metric": {"full19test": {"acc": 0.7570093457943925}}, "step": 36}
Step:36	{"metric": {"full19test": {"UAR": 0.774791}}, "step": 36}
Step:36	{"metric": {"full19test": {"Macro_F1": 0.739002}}, "step": 36}
Step:36	{"metric": {"full19test": {"wa": 0.790092}}, "step": 36}
Step:37	{"metric": {"full19train": {"acc": 0.8925233644859814}}, "step": 37}
Step:37	{"metric": {"full19test": {"acc": 0.7570093457943925}}, "step": 37}
Step:37	{"metric": {"full19test": {"UAR": 0.76461}}, "step": 37}
Step:37	{"metric": {"full19test": {"Macro_F1": 0.741567}}, "step": 37}
Step:37	{"metric": {"full19test": {"wa": 0.769285}}, "step": 37}
Step:38	{"metric": {"full19train": {"acc": 0.8551401869158879}}, "step": 38}
Step:38	{"metric": {"full19test": {"acc": 0.719626168224299}}, "step": 38}
Step:38	{"metric": {"full19test": {"UAR": 0.723474}}, "step": 38}
Step:38	{"metric": {"full19test": {"Macro_F1": 0.695874}}, "step": 38}
Step:38	{"metric": {"full19test": {"wa": 0.727101}}, "step": 38}
Step:39	{"metric": {"full19train": {"acc": 0.8574766355140186}}, "step": 39}
Step:39	{"metric": {"full19test": {"acc": 0.7383177570093458}}, "step": 39}
Step:39	{"metric": {"full19test": {"UAR": 0.756061}}, "step": 39}
Step:39	{"metric": {"full19test": {"Macro_F1": 0.715155}}, "step": 39}
Step:39	{"metric": {"full19test": {"wa": 0.754555}}, "step": 39}
Step:40	{"metric": {"full19train": {"acc": 0.8925233644859814}}, "step": 40}
Step:40	{"metric": {"full19test": {"acc": 0.7850467289719626}}, "step": 40}
Step:40	{"metric": {"full19test": {"UAR": 0.790532}}, "step": 40}
Step:40	{"metric": {"full19test": {"Macro_F1": 0.76703}}, "step": 40}
Step:40	{"metric": {"full19test": {"wa": 0.818367}}, "step": 40}
Step:41	{"metric": {"full19train": {"acc": 0.9112149532710281}}, "step": 41}
Step:41	{"metric": {"full19test": {"acc": 0.7009345794392523}}, "step": 41}
Step:41	{"metric": {"full19test": {"UAR": 0.719441}}, "step": 41}
Step:41	{"metric": {"full19test": {"Macro_F1": 0.675205}}, "step": 41}
Step:41	{"metric": {"full19test": {"wa": 0.724528}}, "step": 41}
Step:42	{"metric": {"full19train": {"acc": 0.9392523364485982}}, "step": 42}
Step:42	{"metric": {"full19test": {"acc": 0.7757009345794392}}, "step": 42}
Step:42	{"metric": {"full19test": {"UAR": 0.756019}}, "step": 42}
Step:42	{"metric": {"full19test": {"Macro_F1": 0.752587}}, "step": 42}
Step:42	{"metric": {"full19test": {"wa": 0.778129}}, "step": 42}
Step:43	{"metric": {"full19train": {"acc": 0.9205607476635514}}, "step": 43}
Step:43	{"metric": {"full19test": {"acc": 0.8504672897196262}}, "step": 43}
Step:43	{"metric": {"full19test": {"UAR": 0.842957}}, "step": 43}
Step:43	{"metric": {"full19test": {"Macro_F1": 0.832755}}, "step": 43}
Step:43	{"metric": {"full19test": {"wa": 0.851728}}, "step": 43}
Step:44	{"metric": {"full19train": {"acc": 0.9065420560747663}}, "step": 44}
Step:44	{"metric": {"full19test": {"acc": 0.8130841121495327}}, "step": 44}
Step:44	{"metric": {"full19test": {"UAR": 0.818702}}, "step": 44}
Step:44	{"metric": {"full19test": {"Macro_F1": 0.800608}}, "step": 44}
Step:44	{"metric": {"full19test": {"wa": 0.828573}}, "step": 44}
Step:45	{"metric": {"full19train": {"acc": 0.897196261682243}}, "step": 45}
Step:45	{"metric": {"full19test": {"acc": 0.7663551401869159}}, "step": 45}
Step:45	{"metric": {"full19test": {"UAR": 0.75292}}, "step": 45}
Step:45	{"metric": {"full19test": {"Macro_F1": 0.735977}}, "step": 45}
Step:45	{"metric": {"full19test": {"wa": 0.80088}}, "step": 45}
Step:46	{"metric": {"full19train": {"acc": 0.9299065420560748}}, "step": 46}
Step:46	{"metric": {"full19test": {"acc": 0.8037383177570093}}, "step": 46}
Step:46	{"metric": {"full19test": {"UAR": 0.82551}}, "step": 46}
Step:46	{"metric": {"full19test": {"Macro_F1": 0.781421}}, "step": 46}
Step:46	{"metric": {"full19test": {"wa": 0.824375}}, "step": 46}
Step:47	{"metric": {"full19train": {"acc": 0.9392523364485982}}, "step": 47}
Step:47	{"metric": {"full19test": {"acc": 0.8411214953271028}}, "step": 47}
Step:47	{"metric": {"full19test": {"UAR": 0.822256}}, "step": 47}
Step:47	{"metric": {"full19test": {"Macro_F1": 0.816302}}, "step": 47}
Step:47	{"metric": {"full19test": {"wa": 0.85742}}, "step": 47}
Step:48	{"metric": {"full19train": {"acc": 0.955607476635514}}, "step": 48}
Step:48	{"metric": {"full19test": {"acc": 0.8504672897196262}}, "step": 48}
Step:48	{"metric": {"full19test": {"UAR": 0.840231}}, "step": 48}
Step:48	{"metric": {"full19test": {"Macro_F1": 0.836896}}, "step": 48}
Step:48	{"metric": {"full19test": {"wa": 0.850782}}, "step": 48}
Step:49	{"metric": {"full19train": {"acc": 0.9392523364485982}}, "step": 49}
Step:49	{"metric": {"full19test": {"acc": 0.822429906542056}}, "step": 49}
Step:49	{"metric": {"full19test": {"UAR": 0.830481}}, "step": 49}
Step:49	{"metric": {"full19test": {"Macro_F1": 0.817763}}, "step": 49}
Step:49	{"metric": {"full19test": {"wa": 0.822041}}, "step": 49}
Step:50	{"metric": {"full19train": {"acc": 0.9369158878504673}}, "step": 50}
Step:50	{"metric": {"full19test": {"acc": 0.8037383177570093}}, "step": 50}
Step:50	{"metric": {"full19test": {"UAR": 0.808833}}, "step": 50}
Step:50	{"metric": {"full19test": {"Macro_F1": 0.790203}}, "step": 50}
Step:50	{"metric": {"full19test": {"wa": 0.816742}}, "step": 50}
Step:51	{"metric": {"full19train": {"acc": 0.9649532710280374}}, "step": 51}
Step:51	{"metric": {"full19test": {"acc": 0.8130841121495327}}, "step": 51}
Step:51	{"metric": {"full19test": {"UAR": 0.802516}}, "step": 51}
Step:51	{"metric": {"full19test": {"Macro_F1": 0.795804}}, "step": 51}
Step:51	{"metric": {"full19test": {"wa": 0.816986}}, "step": 51}
Step:52	{"metric": {"full19train": {"acc": 0.9649532710280374}}, "step": 52}
Step:52	{"metric": {"full19test": {"acc": 0.822429906542056}}, "step": 52}
Step:52	{"metric": {"full19test": {"UAR": 0.822214}}, "step": 52}
Step:52	{"metric": {"full19test": {"Macro_F1": 0.803303}}, "step": 52}
Step:52	{"metric": {"full19test": {"wa": 0.832965}}, "step": 52}
Step:53	{"metric": {"full19train": {"acc": 0.9485981308411215}}, "step": 53}
Step:53	{"metric": {"full19test": {"acc": 0.7757009345794392}}, "step": 53}
Step:53	{"metric": {"full19test": {"UAR": 0.777189}}, "step": 53}
Step:53	{"metric": {"full19test": {"Macro_F1": 0.766061}}, "step": 53}
Step:53	{"metric": {"full19test": {"wa": 0.782724}}, "step": 53}
Step:54	{"metric": {"full19train": {"acc": 0.9626168224299065}}, "step": 54}
Step:54	{"metric": {"full19test": {"acc": 0.8504672897196262}}, "step": 54}
Step:54	{"metric": {"full19test": {"UAR": 0.863504}}, "step": 54}
Step:54	{"metric": {"full19test": {"Macro_F1": 0.841628}}, "step": 54}
Step:54	{"metric": {"full19test": {"wa": 0.867628}}, "step": 54}
Step:55	{"metric": {"full19train": {"acc": 0.9626168224299065}}, "step": 55}
Step:55	{"metric": {"full19test": {"acc": 0.794392523364486}}, "step": 55}
Step:55	{"metric": {"full19test": {"UAR": 0.792918}}, "step": 55}
Step:55	{"metric": {"full19test": {"Macro_F1": 0.768811}}, "step": 55}
Step:55	{"metric": {"full19test": {"wa": 0.838553}}, "step": 55}
Step:56	{"metric": {"full19train": {"acc": 0.9789719626168224}}, "step": 56}
Step:56	{"metric": {"full19test": {"acc": 0.794392523364486}}, "step": 56}
Step:56	{"metric": {"full19test": {"UAR": 0.810289}}, "step": 56}
Step:56	{"metric": {"full19test": {"Macro_F1": 0.783403}}, "step": 56}
Step:56	{"metric": {"full19test": {"wa": 0.80759}}, "step": 56}
Step:57	{"metric": {"full19train": {"acc": 0.9462616822429907}}, "step": 57}
Step:57	{"metric": {"full19test": {"acc": 0.7476635514018691}}, "step": 57}
Step:57	{"metric": {"full19test": {"UAR": 0.768746}}, "step": 57}
Step:57	{"metric": {"full19test": {"Macro_F1": 0.752123}}, "step": 57}
Step:57	{"metric": {"full19test": {"wa": 0.757119}}, "step": 57}
Step:58	{"metric": {"full19train": {"acc": 0.969626168224299}}, "step": 58}
Step:58	{"metric": {"full19test": {"acc": 0.8130841121495327}}, "step": 58}
Step:58	{"metric": {"full19test": {"UAR": 0.829155}}, "step": 58}
Step:58	{"metric": {"full19test": {"Macro_F1": 0.796155}}, "step": 58}
Step:58	{"metric": {"full19test": {"wa": 0.836597}}, "step": 58}
Step:59	{"metric": {"full19train": {"acc": 0.9532710280373832}}, "step": 59}
Step:59	{"metric": {"full19test": {"acc": 0.8411214953271028}}, "step": 59}
Step:59	{"metric": {"full19test": {"UAR": 0.834542}}, "step": 59}
Step:59	{"metric": {"full19test": {"Macro_F1": 0.821224}}, "step": 59}
Step:59	{"metric": {"full19test": {"wa": 0.852951}}, "step": 59}
Step:60	{"metric": {"full19train": {"acc": 0.9789719626168224}}, "step": 60}
Step:60	{"metric": {"full19test": {"acc": 0.7570093457943925}}, "step": 60}
Step:60	{"metric": {"full19test": {"UAR": 0.779552}}, "step": 60}
Step:60	{"metric": {"full19test": {"Macro_F1": 0.736279}}, "step": 60}
Step:60	{"metric": {"full19test": {"wa": 0.783403}}, "step": 60}
Step:61	{"metric": {"full19train": {"acc": 0.9766355140186916}}, "step": 61}
Step:61	{"metric": {"full19test": {"acc": 0.8411214953271028}}, "step": 61}
Step:61	{"metric": {"full19test": {"UAR": 0.845519}}, "step": 61}
Step:61	{"metric": {"full19test": {"Macro_F1": 0.829094}}, "step": 61}
Step:61	{"metric": {"full19test": {"wa": 0.846932}}, "step": 61}
Step:62	{"metric": {"full19train": {"acc": 0.9672897196261683}}, "step": 62}
Step:62	{"metric": {"full19test": {"acc": 0.8504672897196262}}, "step": 62}
Step:62	{"metric": {"full19test": {"UAR": 0.849839}}, "step": 62}
Step:62	{"metric": {"full19test": {"Macro_F1": 0.831462}}, "step": 62}
Step:62	{"metric": {"full19test": {"wa": 0.866072}}, "step": 62}
Step:63	{"metric": {"full19train": {"acc": 0.9836448598130841}}, "step": 63}
Step:63	{"metric": {"full19test": {"acc": 0.822429906542056}}, "step": 63}
Step:63	{"metric": {"full19test": {"UAR": 0.841645}}, "step": 63}
Step:63	{"metric": {"full19test": {"Macro_F1": 0.817106}}, "step": 63}
Step:63	{"metric": {"full19test": {"wa": 0.842438}}, "step": 63}
Step:64	{"metric": {"full19train": {"acc": 0.9626168224299065}}, "step": 64}
Step:64	{"metric": {"full19test": {"acc": 0.8411214953271028}}, "step": 64}
Step:64	{"metric": {"full19test": {"UAR": 0.843334}}, "step": 64}
Step:64	{"metric": {"full19test": {"Macro_F1": 0.830934}}, "step": 64}
Step:64	{"metric": {"full19test": {"wa": 0.847295}}, "step": 64}
Step:65	{"metric": {"full19train": {"acc": 0.9579439252336449}}, "step": 65}
Step:65	{"metric": {"full19test": {"acc": 0.8037383177570093}}, "step": 65}
Step:65	{"metric": {"full19test": {"UAR": 0.810709}}, "step": 65}
Step:65	{"metric": {"full19test": {"Macro_F1": 0.79475}}, "step": 65}
Step:65	{"metric": {"full19test": {"wa": 0.81798}}, "step": 65}
Step:66	{"metric": {"full19train": {"acc": 0.955607476635514}}, "step": 66}
Step:66	{"metric": {"full19test": {"acc": 0.8317757009345794}}, "step": 66}
Step:66	{"metric": {"full19test": {"UAR": 0.849471}}, "step": 66}
Step:66	{"metric": {"full19test": {"Macro_F1": 0.829172}}, "step": 66}
Step:66	{"metric": {"full19test": {"wa": 0.845364}}, "step": 66}
Step:67	{"metric": {"full19train": {"acc": 0.9766355140186916}}, "step": 67}
Step:67	{"metric": {"full19test": {"acc": 0.8317757009345794}}, "step": 67}
Step:67	{"metric": {"full19test": {"UAR": 0.832544}}, "step": 67}
Step:67	{"metric": {"full19test": {"Macro_F1": 0.817728}}, "step": 67}
Step:67	{"metric": {"full19test": {"wa": 0.83977}}, "step": 67}
Step:68	{"metric": {"full19train": {"acc": 0.985981308411215}}, "step": 68}
Step:68	{"metric": {"full19test": {"acc": 0.8878504672897196}}, "step": 68}
Step:68	{"metric": {"full19test": {"UAR": 0.879585}}, "step": 68}
Step:68	{"metric": {"full19test": {"Macro_F1": 0.8769}}, "step": 68}
Step:68	{"metric": {"full19test": {"wa": 0.892092}}, "step": 68}
Step:69	{"metric": {"full19train": {"acc": 0.9836448598130841}}, "step": 69}
Step:69	{"metric": {"full19test": {"acc": 0.8317757009345794}}, "step": 69}
Step:69	{"metric": {"full19test": {"UAR": 0.834113}}, "step": 69}
Step:69	{"metric": {"full19test": {"Macro_F1": 0.815442}}, "step": 69}
Step:69	{"metric": {"full19test": {"wa": 0.838743}}, "step": 69}
Step:70	{"metric": {"full19train": {"acc": 0.9929906542056075}}, "step": 70}
Step:70	{"metric": {"full19test": {"acc": 0.8411214953271028}}, "step": 70}
Step:70	{"metric": {"full19test": {"UAR": 0.830931}}, "step": 70}
Step:70	{"metric": {"full19test": {"Macro_F1": 0.829015}}, "step": 70}
Step:70	{"metric": {"full19test": {"wa": 0.841996}}, "step": 70}
Step:71	{"metric": {"full19train": {"acc": 0.985981308411215}}, "step": 71}
Step:71	{"metric": {"full19test": {"acc": 0.8317757009345794}}, "step": 71}
Step:71	{"metric": {"full19test": {"UAR": 0.836185}}, "step": 71}
Step:71	{"metric": {"full19test": {"Macro_F1": 0.81552}}, "step": 71}
Step:71	{"metric": {"full19test": {"wa": 0.840359}}, "step": 71}
Step:72	{"metric": {"full19train": {"acc": 0.9813084112149533}}, "step": 72}
Step:72	{"metric": {"full19test": {"acc": 0.8691588785046729}}, "step": 72}
Step:72	{"metric": {"full19test": {"UAR": 0.874064}}, "step": 72}
Step:72	{"metric": {"full19test": {"Macro_F1": 0.85044}}, "step": 72}
Step:72	{"metric": {"full19test": {"wa": 0.885123}}, "step": 72}
Step:73	{"metric": {"full19train": {"acc": 0.9883177570093458}}, "step": 73}
Step:73	{"metric": {"full19test": {"acc": 0.8691588785046729}}, "step": 73}
Step:73	{"metric": {"full19test": {"UAR": 0.858773}}, "step": 73}
Step:73	{"metric": {"full19test": {"Macro_F1": 0.855246}}, "step": 73}
Step:73	{"metric": {"full19test": {"wa": 0.872178}}, "step": 73}
Step:74	{"metric": {"full19train": {"acc": 0.9929906542056075}}, "step": 74}
Step:74	{"metric": {"full19test": {"acc": 0.8317757009345794}}, "step": 74}
Step:74	{"metric": {"full19test": {"UAR": 0.852381}}, "step": 74}
Step:74	{"metric": {"full19test": {"Macro_F1": 0.820728}}, "step": 74}
Step:74	{"metric": {"full19test": {"wa": 0.849566}}, "step": 74}
Step:75	{"metric": {"full19train": {"acc": 0.9742990654205608}}, "step": 75}
Step:75	{"metric": {"full19test": {"acc": 0.8598130841121495}}, "step": 75}
Step:75	{"metric": {"full19test": {"UAR": 0.847956}}, "step": 75}
Step:75	{"metric": {"full19test": {"Macro_F1": 0.846876}}, "step": 75}
Step:75	{"metric": {"full19test": {"wa": 0.858349}}, "step": 75}
Step:76	{"metric": {"full19train": {"acc": 0.9742990654205608}}, "step": 76}
Step:76	{"metric": {"full19test": {"acc": 0.8317757009345794}}, "step": 76}
Step:76	{"metric": {"full19test": {"UAR": 0.838122}}, "step": 76}
Step:76	{"metric": {"full19test": {"Macro_F1": 0.815504}}, "step": 76}
Step:76	{"metric": {"full19test": {"wa": 0.844004}}, "step": 76}
Step:77	{"metric": {"full19train": {"acc": 0.969626168224299}}, "step": 77}
Step:77	{"metric": {"full19test": {"acc": 0.8130841121495327}}, "step": 77}
Step:77	{"metric": {"full19test": {"UAR": 0.82033}}, "step": 77}
Step:77	{"metric": {"full19test": {"Macro_F1": 0.80533}}, "step": 77}
Step:77	{"metric": {"full19test": {"wa": 0.811701}}, "step": 77}
Step:78	{"metric": {"full19train": {"acc": 0.969626168224299}}, "step": 78}
Step:78	{"metric": {"full19test": {"acc": 0.8504672897196262}}, "step": 78}
Step:78	{"metric": {"full19test": {"UAR": 0.85944}}, "step": 78}
Step:78	{"metric": {"full19test": {"Macro_F1": 0.840187}}, "step": 78}
Step:78	{"metric": {"full19test": {"wa": 0.864803}}, "step": 78}
Step:79	{"metric": {"full19train": {"acc": 0.9929906542056075}}, "step": 79}
Step:79	{"metric": {"full19test": {"acc": 0.8317757009345794}}, "step": 79}
Step:79	{"metric": {"full19test": {"UAR": 0.841527}}, "step": 79}
Step:79	{"metric": {"full19test": {"Macro_F1": 0.818623}}, "step": 79}
Step:79	{"metric": {"full19test": {"wa": 0.842818}}, "step": 79}
Step:80	{"metric": {"full19train": {"acc": 0.9906542056074766}}, "step": 80}
Step:80	{"metric": {"full19test": {"acc": 0.794392523364486}}, "step": 80}
Step:80	{"metric": {"full19test": {"UAR": 0.820181}}, "step": 80}
Step:80	{"metric": {"full19test": {"Macro_F1": 0.789398}}, "step": 80}
Step:80	{"metric": {"full19test": {"wa": 0.815593}}, "step": 80}
Step:81	{"metric": {"full19train": {"acc": 0.985981308411215}}, "step": 81}
Step:81	{"metric": {"full19test": {"acc": 0.8411214953271028}}, "step": 81}
Step:81	{"metric": {"full19test": {"UAR": 0.843822}}, "step": 81}
Step:81	{"metric": {"full19test": {"Macro_F1": 0.822651}}, "step": 81}
Step:81	{"metric": {"full19test": {"wa": 0.852844}}, "step": 81}
Step:82	{"metric": {"full19train": {"acc": 0.9883177570093458}}, "step": 82}
Step:82	{"metric": {"full19test": {"acc": 0.8130841121495327}}, "step": 82}
Step:82	{"metric": {"full19test": {"UAR": 0.815905}}, "step": 82}
Step:82	{"metric": {"full19test": {"Macro_F1": 0.79019}}, "step": 82}
Step:82	{"metric": {"full19test": {"wa": 0.825687}}, "step": 82}
Step:83	{"metric": {"full19train": {"acc": 1.0}}, "step": 83}
Step:83	{"metric": {"full19test": {"acc": 0.8317757009345794}}, "step": 83}
Step:83	{"metric": {"full19test": {"UAR": 0.830672}}, "step": 83}
Step:83	{"metric": {"full19test": {"Macro_F1": 0.819656}}, "step": 83}
Step:83	{"metric": {"full19test": {"wa": 0.839803}}, "step": 83}
Step:84	{"metric": {"full19train": {"acc": 0.9929906542056075}}, "step": 84}
Step:84	{"metric": {"full19test": {"acc": 0.794392523364486}}, "step": 84}
Step:84	{"metric": {"full19test": {"UAR": 0.801774}}, "step": 84}
Step:84	{"metric": {"full19test": {"Macro_F1": 0.776638}}, "step": 84}
Step:84	{"metric": {"full19test": {"wa": 0.812699}}, "step": 84}
Step:85	{"metric": {"full19train": {"acc": 0.9929906542056075}}, "step": 85}
Step:85	{"metric": {"full19test": {"acc": 0.822429906542056}}, "step": 85}
Step:85	{"metric": {"full19test": {"UAR": 0.839873}}, "step": 85}
Step:85	{"metric": {"full19test": {"Macro_F1": 0.810868}}, "step": 85}
Step:85	{"metric": {"full19test": {"wa": 0.844208}}, "step": 85}
Step:86	{"metric": {"full19train": {"acc": 0.9883177570093458}}, "step": 86}
Step:86	{"metric": {"full19test": {"acc": 0.8504672897196262}}, "step": 86}
Step:86	{"metric": {"full19test": {"UAR": 0.838321}}, "step": 86}
Step:86	{"metric": {"full19test": {"Macro_F1": 0.834658}}, "step": 86}
Step:86	{"metric": {"full19test": {"wa": 0.854911}}, "step": 86}
Step:87	{"metric": {"full19train": {"acc": 0.9883177570093458}}, "step": 87}
Step:87	{"metric": {"full19test": {"acc": 0.822429906542056}}, "step": 87}
Step:87	{"metric": {"full19test": {"UAR": 0.812316}}, "step": 87}
Step:87	{"metric": {"full19test": {"Macro_F1": 0.802742}}, "step": 87}
Step:87	{"metric": {"full19test": {"wa": 0.84161}}, "step": 87}
Step:88	{"metric": {"full19train": {"acc": 0.9906542056074766}}, "step": 88}
Step:88	{"metric": {"full19test": {"acc": 0.8411214953271028}}, "step": 88}
Step:88	{"metric": {"full19test": {"UAR": 0.837335}}, "step": 88}
Step:88	{"metric": {"full19test": {"Macro_F1": 0.826012}}, "step": 88}
Step:88	{"metric": {"full19test": {"wa": 0.852204}}, "step": 88}
Step:89	{"metric": {"full19train": {"acc": 0.9976635514018691}}, "step": 89}
Step:89	{"metric": {"full19test": {"acc": 0.8317757009345794}}, "step": 89}
Step:89	{"metric": {"full19test": {"UAR": 0.830008}}, "step": 89}
Step:89	{"metric": {"full19test": {"Macro_F1": 0.810377}}, "step": 89}
Step:89	{"metric": {"full19test": {"wa": 0.846684}}, "step": 89}
Step:90	{"metric": {"full19train": {"acc": 0.9906542056074766}}, "step": 90}
Step:90	{"metric": {"full19test": {"acc": 0.8504672897196262}}, "step": 90}
Step:90	{"metric": {"full19test": {"UAR": 0.850748}}, "step": 90}
Step:90	{"metric": {"full19test": {"Macro_F1": 0.840533}}, "step": 90}
Step:90	{"metric": {"full19test": {"wa": 0.856676}}, "step": 90}
Step:91	{"metric": {"full19train": {"acc": 1.0}}, "step": 91}
Step:91	{"metric": {"full19test": {"acc": 0.8411214953271028}}, "step": 91}
Step:91	{"metric": {"full19test": {"UAR": 0.842335}}, "step": 91}
Step:91	{"metric": {"full19test": {"Macro_F1": 0.830436}}, "step": 91}
Step:91	{"metric": {"full19test": {"wa": 0.847535}}, "step": 91}
Step:92	{"metric": {"full19train": {"acc": 0.9953271028037384}}, "step": 92}
Step:92	{"metric": {"full19test": {"acc": 0.8504672897196262}}, "step": 92}
Step:92	{"metric": {"full19test": {"UAR": 0.850716}}, "step": 92}
Step:92	{"metric": {"full19test": {"Macro_F1": 0.843128}}, "step": 92}
Step:92	{"metric": {"full19test": {"wa": 0.866843}}, "step": 92}
Step:93	{"metric": {"full19train": {"acc": 0.9953271028037384}}, "step": 93}
Step:93	{"metric": {"full19test": {"acc": 0.8785046728971962}}, "step": 93}
Step:93	{"metric": {"full19test": {"UAR": 0.888773}}, "step": 93}
Step:93	{"metric": {"full19test": {"Macro_F1": 0.872251}}, "step": 93}
Step:93	{"metric": {"full19test": {"wa": 0.892244}}, "step": 93}
Step:94	{"metric": {"full19train": {"acc": 0.9976635514018691}}, "step": 94}
Step:94	{"metric": {"full19test": {"acc": 0.8317757009345794}}, "step": 94}
Step:94	{"metric": {"full19test": {"UAR": 0.835113}}, "step": 94}
Step:94	{"metric": {"full19test": {"Macro_F1": 0.819377}}, "step": 94}
Step:94	{"metric": {"full19test": {"wa": 0.832415}}, "step": 94}
Step:95	{"metric": {"full19train": {"acc": 0.985981308411215}}, "step": 95}
Step:95	{"metric": {"full19test": {"acc": 0.8130841121495327}}, "step": 95}
Step:95	{"metric": {"full19test": {"UAR": 0.819356}}, "step": 95}
Step:95	{"metric": {"full19test": {"Macro_F1": 0.800835}}, "step": 95}
Step:95	{"metric": {"full19test": {"wa": 0.826036}}, "step": 95}
Step:96	{"metric": {"full19train": {"acc": 0.9883177570093458}}, "step": 96}
Step:96	{"metric": {"full19test": {"acc": 0.8411214953271028}}, "step": 96}
Step:96	{"metric": {"full19test": {"UAR": 0.840959}}, "step": 96}
Step:96	{"metric": {"full19test": {"Macro_F1": 0.825759}}, "step": 96}
Step:96	{"metric": {"full19test": {"wa": 0.859078}}, "step": 96}
Step:97	{"metric": {"full19train": {"acc": 0.9929906542056075}}, "step": 97}
Step:97	{"metric": {"full19test": {"acc": 0.897196261682243}}, "step": 97}
Step:97	{"metric": {"full19test": {"UAR": 0.892517}}, "step": 97}
Step:97	{"metric": {"full19test": {"Macro_F1": 0.887721}}, "step": 97}
Step:97	{"metric": {"full19test": {"wa": 0.896651}}, "step": 97}
Step:98	{"metric": {"full19train": {"acc": 0.9953271028037384}}, "step": 98}
Step:98	{"metric": {"full19test": {"acc": 0.8411214953271028}}, "step": 98}
Step:98	{"metric": {"full19test": {"UAR": 0.839177}}, "step": 98}
Step:98	{"metric": {"full19test": {"Macro_F1": 0.827303}}, "step": 98}
Step:98	{"metric": {"full19test": {"wa": 0.87177}}, "step": 98}
Step:99	{"metric": {"full19train": {"acc": 0.9953271028037384}}, "step": 99}
Step:99	{"metric": {"full19test": {"acc": 0.8317757009345794}}, "step": 99}
Step:99	{"metric": {"full19test": {"UAR": 0.824179}}, "step": 99}
Step:99	{"metric": {"full19test": {"Macro_F1": 0.821142}}, "step": 99}
Step:99	{"metric": {"full19test": {"wa": 0.84452}}, "step": 99}
Step:100	{"metric": {"full19train": {"acc": 0.9906542056074766}}, "step": 100}
Step:100	{"metric": {"full19test": {"acc": 0.8411214953271028}}, "step": 100}
Step:100	{"metric": {"full19test": {"UAR": 0.840226}}, "step": 100}
Step:100	{"metric": {"full19test": {"Macro_F1": 0.828578}}, "step": 100}
Step:100	{"metric": {"full19test": {"wa": 0.845854}}, "step": 100}
Step:101	{"metric": {"full19train": {"acc": 0.985981308411215}}, "step": 101}
Step:101	{"metric": {"full19test": {"acc": 0.8411214953271028}}, "step": 101}
Step:101	{"metric": {"full19test": {"UAR": 0.842745}}, "step": 101}
Step:101	{"metric": {"full19test": {"Macro_F1": 0.828916}}, "step": 101}
Step:101	{"metric": {"full19test": {"wa": 0.844386}}, "step": 101}
Step:102	{"metric": {"full19train": {"acc": 0.9929906542056075}}, "step": 102}
Step:102	{"metric": {"full19test": {"acc": 0.8598130841121495}}, "step": 102}
Step:102	{"metric": {"full19test": {"UAR": 0.860933}}, "step": 102}
Step:102	{"metric": {"full19test": {"Macro_F1": 0.857465}}, "step": 102}
Step:102	{"metric": {"full19test": {"wa": 0.862563}}, "step": 102}
Step:103	{"metric": {"full19train": {"acc": 1.0}}, "step": 103}
Step:103	{"metric": {"full19test": {"acc": 0.8785046728971962}}, "step": 103}
Step:103	{"metric": {"full19test": {"UAR": 0.874924}}, "step": 103}
Step:103	{"metric": {"full19test": {"Macro_F1": 0.873403}}, "step": 103}
Step:103	{"metric": {"full19test": {"wa": 0.885603}}, "step": 103}
Step:104	{"metric": {"full19train": {"acc": 0.9953271028037384}}, "step": 104}
Step:104	{"metric": {"full19test": {"acc": 0.8411214953271028}}, "step": 104}
Step:104	{"metric": {"full19test": {"UAR": 0.845622}}, "step": 104}
Step:104	{"metric": {"full19test": {"Macro_F1": 0.824549}}, "step": 104}
Step:104	{"metric": {"full19test": {"wa": 0.853433}}, "step": 104}
Step:105	{"metric": {"full19train": {"acc": 0.9929906542056075}}, "step": 105}
Step:105	{"metric": {"full19test": {"acc": 0.8130841121495327}}, "step": 105}
Step:105	{"metric": {"full19test": {"UAR": 0.804609}}, "step": 105}
Step:105	{"metric": {"full19test": {"Macro_F1": 0.795226}}, "step": 105}
Step:105	{"metric": {"full19test": {"wa": 0.816727}}, "step": 105}
Step:106	{"metric": {"full19train": {"acc": 0.9953271028037384}}, "step": 106}
Step:106	{"metric": {"full19test": {"acc": 0.8785046728971962}}, "step": 106}
Step:106	{"metric": {"full19test": {"UAR": 0.862761}}, "step": 106}
Step:106	{"metric": {"full19test": {"Macro_F1": 0.868312}}, "step": 106}
Step:106	{"metric": {"full19test": {"wa": 0.880863}}, "step": 106}
Step:107	{"metric": {"full19train": {"acc": 0.9906542056074766}}, "step": 107}
Step:107	{"metric": {"full19test": {"acc": 0.8691588785046729}}, "step": 107}
Step:107	{"metric": {"full19test": {"UAR": 0.863839}}, "step": 107}
Step:107	{"metric": {"full19test": {"Macro_F1": 0.861122}}, "step": 107}
Step:107	{"metric": {"full19test": {"wa": 0.874307}}, "step": 107}
Step:108	{"metric": {"full19train": {"acc": 0.9976635514018691}}, "step": 108}
Step:108	{"metric": {"full19test": {"acc": 0.8411214953271028}}, "step": 108}
Step:108	{"metric": {"full19test": {"UAR": 0.842835}}, "step": 108}
Step:108	{"metric": {"full19test": {"Macro_F1": 0.830417}}, "step": 108}
Step:108	{"metric": {"full19test": {"wa": 0.843006}}, "step": 108}
Step:109	{"metric": {"full19train": {"acc": 0.9906542056074766}}, "step": 109}
Step:109	{"metric": {"full19test": {"acc": 0.8504672897196262}}, "step": 109}
Step:109	{"metric": {"full19test": {"UAR": 0.836875}}, "step": 109}
Step:109	{"metric": {"full19test": {"Macro_F1": 0.838603}}, "step": 109}
Step:109	{"metric": {"full19test": {"wa": 0.85929}}, "step": 109}
Step:110	{"metric": {"full19train": {"acc": 0.9976635514018691}}, "step": 110}
Step:110	{"metric": {"full19test": {"acc": 0.8037383177570093}}, "step": 110}
Step:110	{"metric": {"full19test": {"UAR": 0.800396}}, "step": 110}
Step:110	{"metric": {"full19test": {"Macro_F1": 0.789567}}, "step": 110}
Step:110	{"metric": {"full19test": {"wa": 0.812606}}, "step": 110}
Step:111	{"metric": {"full19train": {"acc": 0.9953271028037384}}, "step": 111}
Step:111	{"metric": {"full19test": {"acc": 0.8785046728971962}}, "step": 111}
Step:111	{"metric": {"full19test": {"UAR": 0.880199}}, "step": 111}
Step:111	{"metric": {"full19test": {"Macro_F1": 0.863174}}, "step": 111}
Step:111	{"metric": {"full19test": {"wa": 0.889102}}, "step": 111}
Step:112	{"metric": {"full19train": {"acc": 1.0}}, "step": 112}
Step:112	{"metric": {"full19test": {"acc": 0.8598130841121495}}, "step": 112}
Step:112	{"metric": {"full19test": {"UAR": 0.851453}}, "step": 112}
Step:112	{"metric": {"full19test": {"Macro_F1": 0.846342}}, "step": 112}
Step:112	{"metric": {"full19test": {"wa": 0.86869}}, "step": 112}
Step:113	{"metric": {"full19train": {"acc": 0.9953271028037384}}, "step": 113}
Step:113	{"metric": {"full19test": {"acc": 0.822429906542056}}, "step": 113}
Step:113	{"metric": {"full19test": {"UAR": 0.807313}}, "step": 113}
Step:113	{"metric": {"full19test": {"Macro_F1": 0.809965}}, "step": 113}
Step:113	{"metric": {"full19test": {"wa": 0.828768}}, "step": 113}
Step:114	{"metric": {"full19train": {"acc": 1.0}}, "step": 114}
Step:114	{"metric": {"full19test": {"acc": 0.8504672897196262}}, "step": 114}
Step:114	{"metric": {"full19test": {"UAR": 0.860856}}, "step": 114}
Step:114	{"metric": {"full19test": {"Macro_F1": 0.841755}}, "step": 114}
Step:114	{"metric": {"full19test": {"wa": 0.865506}}, "step": 114}
Step:115	{"metric": {"full19train": {"acc": 0.9906542056074766}}, "step": 115}
Step:115	{"metric": {"full19test": {"acc": 0.8317757009345794}}, "step": 115}
Step:115	{"metric": {"full19test": {"UAR": 0.842869}}, "step": 115}
Step:115	{"metric": {"full19test": {"Macro_F1": 0.814418}}, "step": 115}
Step:115	{"metric": {"full19test": {"wa": 0.84291}}, "step": 115}
Step:116	{"metric": {"full19train": {"acc": 0.9929906542056075}}, "step": 116}
Step:116	{"metric": {"full19test": {"acc": 0.8598130841121495}}, "step": 116}
Step:116	{"metric": {"full19test": {"UAR": 0.86419}}, "step": 116}
Step:116	{"metric": {"full19test": {"Macro_F1": 0.847429}}, "step": 116}
Step:116	{"metric": {"full19test": {"wa": 0.873784}}, "step": 116}
Step:117	{"metric": {"full19train": {"acc": 0.9929906542056075}}, "step": 117}
Step:117	{"metric": {"full19test": {"acc": 0.8504672897196262}}, "step": 117}
Step:117	{"metric": {"full19test": {"UAR": 0.854681}}, "step": 117}
Step:117	{"metric": {"full19test": {"Macro_F1": 0.840642}}, "step": 117}
Step:117	{"metric": {"full19test": {"wa": 0.872302}}, "step": 117}
Step:118	{"metric": {"full19train": {"acc": 0.9929906542056075}}, "step": 118}
Step:118	{"metric": {"full19test": {"acc": 0.794392523364486}}, "step": 118}
Step:118	{"metric": {"full19test": {"UAR": 0.804594}}, "step": 118}
Step:118	{"metric": {"full19test": {"Macro_F1": 0.782376}}, "step": 118}
Step:118	{"metric": {"full19test": {"wa": 0.798858}}, "step": 118}
Step:119	{"metric": {"full19train": {"acc": 0.9953271028037384}}, "step": 119}
Step:119	{"metric": {"full19test": {"acc": 0.822429906542056}}, "step": 119}
Step:119	{"metric": {"full19test": {"UAR": 0.824428}}, "step": 119}
Step:119	{"metric": {"full19test": {"Macro_F1": 0.807769}}, "step": 119}
Step:119	{"metric": {"full19test": {"wa": 0.825331}}, "step": 119}
Step:120	{"metric": {"full19train": {"acc": 0.9976635514018691}}, "step": 120}
Step:120	{"metric": {"full19test": {"acc": 0.822429906542056}}, "step": 120}
Step:120	{"metric": {"full19test": {"UAR": 0.830227}}, "step": 120}
Step:120	{"metric": {"full19test": {"Macro_F1": 0.805721}}, "step": 120}
Step:120	{"metric": {"full19test": {"wa": 0.83327}}, "step": 120}
Step:121	{"metric": {"full19train": {"acc": 0.9906542056074766}}, "step": 121}
Step:121	{"metric": {"full19test": {"acc": 0.822429906542056}}, "step": 121}
Step:121	{"metric": {"full19test": {"UAR": 0.831571}}, "step": 121}
Step:121	{"metric": {"full19test": {"Macro_F1": 0.812772}}, "step": 121}
Step:121	{"metric": {"full19test": {"wa": 0.84505}}, "step": 121}
Step:122	{"metric": {"full19train": {"acc": 0.9953271028037384}}, "step": 122}
Step:122	{"metric": {"full19test": {"acc": 0.822429906542056}}, "step": 122}
Step:122	{"metric": {"full19test": {"UAR": 0.837659}}, "step": 122}
Step:122	{"metric": {"full19test": {"Macro_F1": 0.807618}}, "step": 122}
Step:122	{"metric": {"full19test": {"wa": 0.837864}}, "step": 122}
Step:123	{"metric": {"full19train": {"acc": 0.9953271028037384}}, "step": 123}
Step:123	{"metric": {"full19test": {"acc": 0.8598130841121495}}, "step": 123}
Step:123	{"metric": {"full19test": {"UAR": 0.888203}}, "step": 123}
Step:123	{"metric": {"full19test": {"Macro_F1": 0.851582}}, "step": 123}
Step:123	{"metric": {"full19test": {"wa": 0.877402}}, "step": 123}
Step:124	{"metric": {"full19train": {"acc": 0.9976635514018691}}, "step": 124}
Step:124	{"metric": {"full19test": {"acc": 0.8411214953271028}}, "step": 124}
Step:124	{"metric": {"full19test": {"UAR": 0.837129}}, "step": 124}
Step:124	{"metric": {"full19test": {"Macro_F1": 0.833084}}, "step": 124}
Step:124	{"metric": {"full19test": {"wa": 0.844964}}, "step": 124}
Step:125	{"metric": {"full19train": {"acc": 0.9976635514018691}}, "step": 125}
Step:125	{"metric": {"full19test": {"acc": 0.8504672897196262}}, "step": 125}
Step:125	{"metric": {"full19test": {"UAR": 0.858232}}, "step": 125}
Step:125	{"metric": {"full19test": {"Macro_F1": 0.839226}}, "step": 125}
Step:125	{"metric": {"full19test": {"wa": 0.854256}}, "step": 125}
Step:126	{"metric": {"full19train": {"acc": 1.0}}, "step": 126}
Step:126	{"metric": {"full19test": {"acc": 0.8785046728971962}}, "step": 126}
Step:126	{"metric": {"full19test": {"UAR": 0.876564}}, "step": 126}
Step:126	{"metric": {"full19test": {"Macro_F1": 0.866763}}, "step": 126}
Step:126	{"metric": {"full19test": {"wa": 0.891787}}, "step": 126}
Step:127	{"metric": {"full19train": {"acc": 1.0}}, "step": 127}
Step:127	{"metric": {"full19test": {"acc": 0.8691588785046729}}, "step": 127}
Step:127	{"metric": {"full19test": {"UAR": 0.866653}}, "step": 127}
Step:127	{"metric": {"full19test": {"Macro_F1": 0.862031}}, "step": 127}
Step:127	{"metric": {"full19test": {"wa": 0.872346}}, "step": 127}
Step:128	{"metric": {"full19train": {"acc": 1.0}}, "step": 128}
Step:128	{"metric": {"full19test": {"acc": 0.8411214953271028}}, "step": 128}
Step:128	{"metric": {"full19test": {"UAR": 0.835471}}, "step": 128}
Step:128	{"metric": {"full19test": {"Macro_F1": 0.835193}}, "step": 128}
Step:128	{"metric": {"full19test": {"wa": 0.849409}}, "step": 128}
Step:129	{"metric": {"full19train": {"acc": 1.0}}, "step": 129}
Step:129	{"metric": {"full19test": {"acc": 0.822429906542056}}, "step": 129}
Step:129	{"metric": {"full19test": {"UAR": 0.82217}}, "step": 129}
Step:129	{"metric": {"full19test": {"Macro_F1": 0.807629}}, "step": 129}
Step:129	{"metric": {"full19test": {"wa": 0.8408}}, "step": 129}
Step:130	{"metric": {"full19train": {"acc": 1.0}}, "step": 130}
Step:130	{"metric": {"full19test": {"acc": 0.8785046728971962}}, "step": 130}
Step:130	{"metric": {"full19test": {"UAR": 0.867965}}, "step": 130}
Step:130	{"metric": {"full19test": {"Macro_F1": 0.867062}}, "step": 130}
Step:130	{"metric": {"full19test": {"wa": 0.887267}}, "step": 130}
Step:131	{"metric": {"full19train": {"acc": 1.0}}, "step": 131}
Step:131	{"metric": {"full19test": {"acc": 0.8411214953271028}}, "step": 131}
Step:131	{"metric": {"full19test": {"UAR": 0.841605}}, "step": 131}
Step:131	{"metric": {"full19test": {"Macro_F1": 0.836095}}, "step": 131}
Step:131	{"metric": {"full19test": {"wa": 0.851368}}, "step": 131}
Step:132	{"metric": {"full19train": {"acc": 0.9976635514018691}}, "step": 132}
Step:132	{"metric": {"full19test": {"acc": 0.8411214953271028}}, "step": 132}
Step:132	{"metric": {"full19test": {"UAR": 0.843684}}, "step": 132}
Step:132	{"metric": {"full19test": {"Macro_F1": 0.825985}}, "step": 132}
Step:132	{"metric": {"full19test": {"wa": 0.864793}}, "step": 132}
Step:133	{"metric": {"full19train": {"acc": 1.0}}, "step": 133}
Step:133	{"metric": {"full19test": {"acc": 0.8598130841121495}}, "step": 133}
Step:133	{"metric": {"full19test": {"UAR": 0.858051}}, "step": 133}
Step:133	{"metric": {"full19test": {"Macro_F1": 0.852996}}, "step": 133}
Step:133	{"metric": {"full19test": {"wa": 0.862476}}, "step": 133}
Step:134	{"metric": {"full19train": {"acc": 1.0}}, "step": 134}
Step:134	{"metric": {"full19test": {"acc": 0.8785046728971962}}, "step": 134}
Step:134	{"metric": {"full19test": {"UAR": 0.873515}}, "step": 134}
Step:134	{"metric": {"full19test": {"Macro_F1": 0.866855}}, "step": 134}
Step:134	{"metric": {"full19test": {"wa": 0.886311}}, "step": 134}
Step:135	{"metric": {"full19train": {"acc": 1.0}}, "step": 135}
Step:135	{"metric": {"full19test": {"acc": 0.8411214953271028}}, "step": 135}
Step:135	{"metric": {"full19test": {"UAR": 0.841797}}, "step": 135}
Step:135	{"metric": {"full19test": {"Macro_F1": 0.83264}}, "step": 135}
Step:135	{"metric": {"full19test": {"wa": 0.841533}}, "step": 135}
Step:136	{"metric": {"full19train": {"acc": 0.9976635514018691}}, "step": 136}
Step:136	{"metric": {"full19test": {"acc": 0.822429906542056}}, "step": 136}
Step:136	{"metric": {"full19test": {"UAR": 0.832118}}, "step": 136}
Step:136	{"metric": {"full19test": {"Macro_F1": 0.810839}}, "step": 136}
Step:136	{"metric": {"full19test": {"wa": 0.834028}}, "step": 136}
Step:137	{"metric": {"full19train": {"acc": 0.9929906542056075}}, "step": 137}
Step:137	{"metric": {"full19test": {"acc": 0.8130841121495327}}, "step": 137}
Step:137	{"metric": {"full19test": {"UAR": 0.813498}}, "step": 137}
Step:137	{"metric": {"full19test": {"Macro_F1": 0.79458}}, "step": 137}
Step:137	{"metric": {"full19test": {"wa": 0.833596}}, "step": 137}
Step:138	{"metric": {"full19train": {"acc": 0.9976635514018691}}, "step": 138}
Step:138	{"metric": {"full19test": {"acc": 0.8504672897196262}}, "step": 138}
Step:138	{"metric": {"full19test": {"UAR": 0.859381}}, "step": 138}
Step:138	{"metric": {"full19test": {"Macro_F1": 0.844542}}, "step": 138}
Step:138	{"metric": {"full19test": {"wa": 0.860832}}, "step": 138}
Step:139	{"metric": {"full19train": {"acc": 0.9976635514018691}}, "step": 139}
Step:139	{"metric": {"full19test": {"acc": 0.8504672897196262}}, "step": 139}
Step:139	{"metric": {"full19test": {"UAR": 0.854335}}, "step": 139}
Step:139	{"metric": {"full19test": {"Macro_F1": 0.839101}}, "step": 139}
Step:139	{"metric": {"full19test": {"wa": 0.860937}}, "step": 139}
Step:140	{"metric": {"full19train": {"acc": 0.9976635514018691}}, "step": 140}
Step:140	{"metric": {"full19test": {"acc": 0.8130841121495327}}, "step": 140}
Step:140	{"metric": {"full19test": {"UAR": 0.815966}}, "step": 140}
Step:140	{"metric": {"full19test": {"Macro_F1": 0.801262}}, "step": 140}
Step:140	{"metric": {"full19test": {"wa": 0.822016}}, "step": 140}
Step:141	{"metric": {"full19train": {"acc": 1.0}}, "step": 141}
Step:141	{"metric": {"full19test": {"acc": 0.8504672897196262}}, "step": 141}
Step:141	{"metric": {"full19test": {"UAR": 0.85119}}, "step": 141}
Step:141	{"metric": {"full19test": {"Macro_F1": 0.837177}}, "step": 141}
Step:141	{"metric": {"full19test": {"wa": 0.855899}}, "step": 141}
Step:142	{"metric": {"full19train": {"acc": 1.0}}, "step": 142}
Step:142	{"metric": {"full19test": {"acc": 0.8504672897196262}}, "step": 142}
Step:142	{"metric": {"full19test": {"UAR": 0.846861}}, "step": 142}
Step:142	{"metric": {"full19test": {"Macro_F1": 0.843218}}, "step": 142}
Step:142	{"metric": {"full19test": {"wa": 0.85833}}, "step": 142}
Step:143	{"metric": {"full19train": {"acc": 0.9953271028037384}}, "step": 143}
Step:143	{"metric": {"full19test": {"acc": 0.8598130841121495}}, "step": 143}
Step:143	{"metric": {"full19test": {"UAR": 0.886402}}, "step": 143}
Step:143	{"metric": {"full19test": {"Macro_F1": 0.85415}}, "step": 143}
Step:143	{"metric": {"full19test": {"wa": 0.879004}}, "step": 143}
Step:144	{"metric": {"full19train": {"acc": 1.0}}, "step": 144}
Step:144	{"metric": {"full19test": {"acc": 0.8598130841121495}}, "step": 144}
Step:144	{"metric": {"full19test": {"UAR": 0.853851}}, "step": 144}
Step:144	{"metric": {"full19test": {"Macro_F1": 0.848932}}, "step": 144}
Step:144	{"metric": {"full19test": {"wa": 0.862566}}, "step": 144}
Step:145	{"metric": {"full19train": {"acc": 0.9976635514018691}}, "step": 145}
Step:145	{"metric": {"full19test": {"acc": 0.8598130841121495}}, "step": 145}
Step:145	{"metric": {"full19test": {"UAR": 0.865058}}, "step": 145}
Step:145	{"metric": {"full19test": {"Macro_F1": 0.853821}}, "step": 145}
Step:145	{"metric": {"full19test": {"wa": 0.86563}}, "step": 145}
Step:146	{"metric": {"full19train": {"acc": 1.0}}, "step": 146}
Step:146	{"metric": {"full19test": {"acc": 0.8504672897196262}}, "step": 146}
Step:146	{"metric": {"full19test": {"UAR": 0.852022}}, "step": 146}
Step:146	{"metric": {"full19test": {"Macro_F1": 0.840995}}, "step": 146}
Step:146	{"metric": {"full19test": {"wa": 0.852123}}, "step": 146}
Step:147	{"metric": {"full19train": {"acc": 0.985981308411215}}, "step": 147}
Step:147	{"metric": {"full19test": {"acc": 0.8317757009345794}}, "step": 147}
Step:147	{"metric": {"full19test": {"UAR": 0.845121}}, "step": 147}
Step:147	{"metric": {"full19test": {"Macro_F1": 0.815742}}, "step": 147}
Step:147	{"metric": {"full19test": {"wa": 0.839552}}, "step": 147}
Step:148	{"metric": {"full19train": {"acc": 0.9953271028037384}}, "step": 148}
Step:148	{"metric": {"full19test": {"acc": 0.8317757009345794}}, "step": 148}
Step:148	{"metric": {"full19test": {"UAR": 0.822014}}, "step": 148}
Step:148	{"metric": {"full19test": {"Macro_F1": 0.824404}}, "step": 148}
Step:148	{"metric": {"full19test": {"wa": 0.842835}}, "step": 148}
Step:149	{"metric": {"full19train": {"acc": 0.9953271028037384}}, "step": 149}
Step:149	{"metric": {"full19test": {"acc": 0.822429906542056}}, "step": 149}
Step:149	{"metric": {"full19test": {"UAR": 0.842687}}, "step": 149}
Step:149	{"metric": {"full19test": {"Macro_F1": 0.805818}}, "step": 149}
Step:149	{"metric": {"full19test": {"wa": 0.847069}}, "step": 149}
Step:150	{"metric": {"full19train": {"acc": 0.9953271028037384}}, "step": 150}
Step:150	{"metric": {"full19test": {"acc": 0.8317757009345794}}, "step": 150}
Step:150	{"metric": {"full19test": {"UAR": 0.832684}}, "step": 150}
Step:150	{"metric": {"full19test": {"Macro_F1": 0.814349}}, "step": 150}
Step:150	{"metric": {"full19test": {"wa": 0.852589}}, "step": 150}
Step:151	{"metric": {"full19train": {"acc": 0.9929906542056075}}, "step": 151}
Step:151	{"metric": {"full19test": {"acc": 0.8317757009345794}}, "step": 151}
Step:151	{"metric": {"full19test": {"UAR": 0.832738}}, "step": 151}
Step:151	{"metric": {"full19test": {"Macro_F1": 0.822612}}, "step": 151}
Step:151	{"metric": {"full19test": {"wa": 0.832229}}, "step": 151}
Step:152	{"metric": {"full19train": {"acc": 0.9953271028037384}}, "step": 152}
Step:152	{"metric": {"full19test": {"acc": 0.822429906542056}}, "step": 152}
Step:152	{"metric": {"full19test": {"UAR": 0.82269}}, "step": 152}
Step:152	{"metric": {"full19test": {"Macro_F1": 0.811434}}, "step": 152}
Step:152	{"metric": {"full19test": {"wa": 0.834216}}, "step": 152}
Step:153	{"metric": {"full19train": {"acc": 1.0}}, "step": 153}
Step:153	{"metric": {"full19test": {"acc": 0.8598130841121495}}, "step": 153}
Step:153	{"metric": {"full19test": {"UAR": 0.857024}}, "step": 153}
Step:153	{"metric": {"full19test": {"Macro_F1": 0.846502}}, "step": 153}
Step:153	{"metric": {"full19test": {"wa": 0.867269}}, "step": 153}
Step:154	{"metric": {"full19train": {"acc": 1.0}}, "step": 154}
Step:154	{"metric": {"full19test": {"acc": 0.8317757009345794}}, "step": 154}
Step:154	{"metric": {"full19test": {"UAR": 0.814054}}, "step": 154}
Step:154	{"metric": {"full19test": {"Macro_F1": 0.819494}}, "step": 154}
Step:154	{"metric": {"full19test": {"wa": 0.840406}}, "step": 154}
Step:155	{"metric": {"full19train": {"acc": 0.9976635514018691}}, "step": 155}
Step:155	{"metric": {"full19test": {"acc": 0.8691588785046729}}, "step": 155}
Step:155	{"metric": {"full19test": {"UAR": 0.865719}}, "step": 155}
Step:155	{"metric": {"full19test": {"Macro_F1": 0.861727}}, "step": 155}
Step:155	{"metric": {"full19test": {"wa": 0.871744}}, "step": 155}
Step:156	{"metric": {"full19train": {"acc": 1.0}}, "step": 156}
Step:156	{"metric": {"full19test": {"acc": 0.8504672897196262}}, "step": 156}
Step:156	{"metric": {"full19test": {"UAR": 0.84602}}, "step": 156}
Step:156	{"metric": {"full19test": {"Macro_F1": 0.832671}}, "step": 156}
Step:156	{"metric": {"full19test": {"wa": 0.862929}}, "step": 156}
Step:157	{"metric": {"full19train": {"acc": 1.0}}, "step": 157}
Step:157	{"metric": {"full19test": {"acc": 0.8317757009345794}}, "step": 157}
Step:157	{"metric": {"full19test": {"UAR": 0.837577}}, "step": 157}
Step:157	{"metric": {"full19test": {"Macro_F1": 0.810699}}, "step": 157}
Step:157	{"metric": {"full19test": {"wa": 0.867483}}, "step": 157}
Step:158	{"metric": {"full19train": {"acc": 0.9976635514018691}}, "step": 158}
Step:158	{"metric": {"full19test": {"acc": 0.8411214953271028}}, "step": 158}
Step:158	{"metric": {"full19test": {"UAR": 0.83004}}, "step": 158}
Step:158	{"metric": {"full19test": {"Macro_F1": 0.82927}}, "step": 158}
Step:158	{"metric": {"full19test": {"wa": 0.852066}}, "step": 158}
Step:159	{"metric": {"full19train": {"acc": 1.0}}, "step": 159}
Step:159	{"metric": {"full19test": {"acc": 0.8504672897196262}}, "step": 159}
Step:159	{"metric": {"full19test": {"UAR": 0.847477}}, "step": 159}
Step:159	{"metric": {"full19test": {"Macro_F1": 0.831144}}, "step": 159}
Step:159	{"metric": {"full19test": {"wa": 0.873153}}, "step": 159}
Step:160	{"metric": {"full19train": {"acc": 0.9976635514018691}}, "step": 160}
Step:160	{"metric": {"full19test": {"acc": 0.8411214953271028}}, "step": 160}
Step:160	{"metric": {"full19test": {"UAR": 0.843633}}, "step": 160}
Step:160	{"metric": {"full19test": {"Macro_F1": 0.820471}}, "step": 160}
Step:160	{"metric": {"full19test": {"wa": 0.852682}}, "step": 160}
Step:161	{"metric": {"full19train": {"acc": 1.0}}, "step": 161}
Step:161	{"metric": {"full19test": {"acc": 0.8504672897196262}}, "step": 161}
Step:161	{"metric": {"full19test": {"UAR": 0.862008}}, "step": 161}
Step:161	{"metric": {"full19test": {"Macro_F1": 0.834094}}, "step": 161}
Step:161	{"metric": {"full19test": {"wa": 0.866421}}, "step": 161}
Step:162	{"metric": {"full19train": {"acc": 1.0}}, "step": 162}
Step:162	{"metric": {"full19test": {"acc": 0.8504672897196262}}, "step": 162}
Step:162	{"metric": {"full19test": {"UAR": 0.850806}}, "step": 162}
Step:162	{"metric": {"full19test": {"Macro_F1": 0.830445}}, "step": 162}
Step:162	{"metric": {"full19test": {"wa": 0.878997}}, "step": 162}
Step:163	{"metric": {"full19train": {"acc": 1.0}}, "step": 163}
Step:163	{"metric": {"full19test": {"acc": 0.8598130841121495}}, "step": 163}
Step:163	{"metric": {"full19test": {"UAR": 0.876871}}, "step": 163}
Step:163	{"metric": {"full19test": {"Macro_F1": 0.858292}}, "step": 163}
Step:163	{"metric": {"full19test": {"wa": 0.873408}}, "step": 163}
Step:164	{"metric": {"full19train": {"acc": 0.9976635514018691}}, "step": 164}
Step:164	{"metric": {"full19test": {"acc": 0.8130841121495327}}, "step": 164}
Step:164	{"metric": {"full19test": {"UAR": 0.819021}}, "step": 164}
Step:164	{"metric": {"full19test": {"Macro_F1": 0.801512}}, "step": 164}
Step:164	{"metric": {"full19test": {"wa": 0.821093}}, "step": 164}
Step:165	{"metric": {"full19train": {"acc": 0.9976635514018691}}, "step": 165}
Step:165	{"metric": {"full19test": {"acc": 0.8037383177570093}}, "step": 165}
Step:165	{"metric": {"full19test": {"UAR": 0.819615}}, "step": 165}
Step:165	{"metric": {"full19test": {"Macro_F1": 0.795415}}, "step": 165}
Step:165	{"metric": {"full19test": {"wa": 0.832393}}, "step": 165}
Step:166	{"metric": {"full19train": {"acc": 0.9976635514018691}}, "step": 166}
Step:166	{"metric": {"full19test": {"acc": 0.8691588785046729}}, "step": 166}
Step:166	{"metric": {"full19test": {"UAR": 0.869088}}, "step": 166}
Step:166	{"metric": {"full19test": {"Macro_F1": 0.856787}}, "step": 166}
Step:166	{"metric": {"full19test": {"wa": 0.878371}}, "step": 166}
Step:167	{"metric": {"full19train": {"acc": 0.9953271028037384}}, "step": 167}
Step:167	{"metric": {"full19test": {"acc": 0.8317757009345794}}, "step": 167}
Step:167	{"metric": {"full19test": {"UAR": 0.841163}}, "step": 167}
Step:167	{"metric": {"full19test": {"Macro_F1": 0.818249}}, "step": 167}
Step:167	{"metric": {"full19test": {"wa": 0.841439}}, "step": 167}
Step:168	{"metric": {"full19train": {"acc": 1.0}}, "step": 168}
Step:168	{"metric": {"full19test": {"acc": 0.8130841121495327}}, "step": 168}
Step:168	{"metric": {"full19test": {"UAR": 0.830192}}, "step": 168}
Step:168	{"metric": {"full19test": {"Macro_F1": 0.791613}}, "step": 168}
Step:168	{"metric": {"full19test": {"wa": 0.833811}}, "step": 168}
Step:169	{"metric": {"full19train": {"acc": 1.0}}, "step": 169}
Step:169	{"metric": {"full19test": {"acc": 0.8411214953271028}}, "step": 169}
Step:169	{"metric": {"full19test": {"UAR": 0.840641}}, "step": 169}
Step:169	{"metric": {"full19test": {"Macro_F1": 0.82289}}, "step": 169}
Step:169	{"metric": {"full19test": {"wa": 0.85938}}, "step": 169}
Step:170	{"metric": {"full19train": {"acc": 1.0}}, "step": 170}
Step:170	{"metric": {"full19test": {"acc": 0.8317757009345794}}, "step": 170}
Step:170	{"metric": {"full19test": {"UAR": 0.833696}}, "step": 170}
Step:170	{"metric": {"full19test": {"Macro_F1": 0.809857}}, "step": 170}
Step:170	{"metric": {"full19test": {"wa": 0.852768}}, "step": 170}
Step:171	{"metric": {"full19train": {"acc": 0.9953271028037384}}, "step": 171}
Step:171	{"metric": {"full19test": {"acc": 0.8598130841121495}}, "step": 171}
Step:171	{"metric": {"full19test": {"UAR": 0.862737}}, "step": 171}
Step:171	{"metric": {"full19test": {"Macro_F1": 0.849003}}, "step": 171}
Step:171	{"metric": {"full19test": {"wa": 0.869177}}, "step": 171}
Step:172	{"metric": {"full19train": {"acc": 1.0}}, "step": 172}
Step:172	{"metric": {"full19test": {"acc": 0.8504672897196262}}, "step": 172}
Step:172	{"metric": {"full19test": {"UAR": 0.845781}}, "step": 172}
Step:172	{"metric": {"full19test": {"Macro_F1": 0.836746}}, "step": 172}
Step:172	{"metric": {"full19test": {"wa": 0.862193}}, "step": 172}
Step:173	{"metric": {"full19train": {"acc": 0.9976635514018691}}, "step": 173}
Step:173	{"metric": {"full19test": {"acc": 0.8598130841121495}}, "step": 173}
Step:173	{"metric": {"full19test": {"UAR": 0.844035}}, "step": 173}
Step:173	{"metric": {"full19test": {"Macro_F1": 0.839448}}, "step": 173}
Step:173	{"metric": {"full19test": {"wa": 0.870006}}, "step": 173}
Step:174	{"metric": {"full19train": {"acc": 0.9976635514018691}}, "step": 174}
Step:174	{"metric": {"full19test": {"acc": 0.8317757009345794}}, "step": 174}
Step:174	{"metric": {"full19test": {"UAR": 0.847727}}, "step": 174}
Step:174	{"metric": {"full19test": {"Macro_F1": 0.819408}}, "step": 174}
Step:174	{"metric": {"full19test": {"wa": 0.855942}}, "step": 174}
Step:175	{"metric": {"full19train": {"acc": 0.9976635514018691}}, "step": 175}
Step:175	{"metric": {"full19test": {"acc": 0.8504672897196262}}, "step": 175}
Step:175	{"metric": {"full19test": {"UAR": 0.849175}}, "step": 175}
Step:175	{"metric": {"full19test": {"Macro_F1": 0.838852}}, "step": 175}
Step:175	{"metric": {"full19test": {"wa": 0.86151}}, "step": 175}
Step:176	{"metric": {"full19train": {"acc": 1.0}}, "step": 176}
Step:176	{"metric": {"full19test": {"acc": 0.8504672897196262}}, "step": 176}
Step:176	{"metric": {"full19test": {"UAR": 0.859524}}, "step": 176}
Step:176	{"metric": {"full19test": {"Macro_F1": 0.834818}}, "step": 176}
Step:176	{"metric": {"full19test": {"wa": 0.866292}}, "step": 176}
Step:177	{"metric": {"full19train": {"acc": 0.9906542056074766}}, "step": 177}
Step:177	{"metric": {"full19test": {"acc": 0.8598130841121495}}, "step": 177}
Step:177	{"metric": {"full19test": {"UAR": 0.856815}}, "step": 177}
Step:177	{"metric": {"full19test": {"Macro_F1": 0.850738}}, "step": 177}
Step:177	{"metric": {"full19test": {"wa": 0.869275}}, "step": 177}
Step:178	{"metric": {"full19train": {"acc": 1.0}}, "step": 178}
Step:178	{"metric": {"full19test": {"acc": 0.8598130841121495}}, "step": 178}
Step:178	{"metric": {"full19test": {"UAR": 0.867033}}, "step": 178}
Step:178	{"metric": {"full19test": {"Macro_F1": 0.850016}}, "step": 178}
Step:178	{"metric": {"full19test": {"wa": 0.870868}}, "step": 178}
Step:179	{"metric": {"full19train": {"acc": 1.0}}, "step": 179}
Step:179	{"metric": {"full19test": {"acc": 0.8317757009345794}}, "step": 179}
Step:179	{"metric": {"full19test": {"UAR": 0.826437}}, "step": 179}
Step:179	{"metric": {"full19test": {"Macro_F1": 0.822093}}, "step": 179}
Step:179	{"metric": {"full19test": {"wa": 0.834393}}, "step": 179}
Step:180	{"metric": {"full19train": {"acc": 1.0}}, "step": 180}
Step:180	{"metric": {"full19test": {"acc": 0.794392523364486}}, "step": 180}
Step:180	{"metric": {"full19test": {"UAR": 0.805678}}, "step": 180}
Step:180	{"metric": {"full19test": {"Macro_F1": 0.779374}}, "step": 180}
Step:180	{"metric": {"full19test": {"wa": 0.823914}}, "step": 180}
Step:181	{"metric": {"full19train": {"acc": 0.9953271028037384}}, "step": 181}
Step:181	{"metric": {"full19test": {"acc": 0.822429906542056}}, "step": 181}
Step:181	{"metric": {"full19test": {"UAR": 0.820208}}, "step": 181}
Step:181	{"metric": {"full19test": {"Macro_F1": 0.805608}}, "step": 181}
Step:181	{"metric": {"full19test": {"wa": 0.840521}}, "step": 181}
Step:182	{"metric": {"full19train": {"acc": 1.0}}, "step": 182}
Step:182	{"metric": {"full19test": {"acc": 0.822429906542056}}, "step": 182}
Step:182	{"metric": {"full19test": {"UAR": 0.823249}}, "step": 182}
Step:182	{"metric": {"full19test": {"Macro_F1": 0.805381}}, "step": 182}
Step:182	{"metric": {"full19test": {"wa": 0.838328}}, "step": 182}
Step:183	{"metric": {"full19train": {"acc": 1.0}}, "step": 183}
Step:183	{"metric": {"full19test": {"acc": 0.8130841121495327}}, "step": 183}
Step:183	{"metric": {"full19test": {"UAR": 0.815942}}, "step": 183}
Step:183	{"metric": {"full19test": {"Macro_F1": 0.802184}}, "step": 183}
Step:183	{"metric": {"full19test": {"wa": 0.82392}}, "step": 183}
Step:184	{"metric": {"full19train": {"acc": 0.9976635514018691}}, "step": 184}
Step:184	{"metric": {"full19test": {"acc": 0.8411214953271028}}, "step": 184}
Step:184	{"metric": {"full19test": {"UAR": 0.834013}}, "step": 184}
Step:184	{"metric": {"full19test": {"Macro_F1": 0.827084}}, "step": 184}
Step:184	{"metric": {"full19test": {"wa": 0.854163}}, "step": 184}
Step:185	{"metric": {"full19train": {"acc": 1.0}}, "step": 185}
Step:185	{"metric": {"full19test": {"acc": 0.8411214953271028}}, "step": 185}
Step:185	{"metric": {"full19test": {"UAR": 0.838888}}, "step": 185}
Step:185	{"metric": {"full19test": {"Macro_F1": 0.828412}}, "step": 185}
Step:185	{"metric": {"full19test": {"wa": 0.85755}}, "step": 185}
Step:186	{"metric": {"full19train": {"acc": 1.0}}, "step": 186}
Step:186	{"metric": {"full19test": {"acc": 0.8317757009345794}}, "step": 186}
Step:186	{"metric": {"full19test": {"UAR": 0.821622}}, "step": 186}
Step:186	{"metric": {"full19test": {"Macro_F1": 0.822424}}, "step": 186}
Step:186	{"metric": {"full19test": {"wa": 0.848752}}, "step": 186}
Step:187	{"metric": {"full19train": {"acc": 1.0}}, "step": 187}
Step:187	{"metric": {"full19test": {"acc": 0.8411214953271028}}, "step": 187}
Step:187	{"metric": {"full19test": {"UAR": 0.838001}}, "step": 187}
Step:187	{"metric": {"full19test": {"Macro_F1": 0.829758}}, "step": 187}
Step:187	{"metric": {"full19test": {"wa": 0.850108}}, "step": 187}
Step:188	{"metric": {"full19train": {"acc": 1.0}}, "step": 188}
Step:188	{"metric": {"full19test": {"acc": 0.8598130841121495}}, "step": 188}
Step:188	{"metric": {"full19test": {"UAR": 0.855462}}, "step": 188}
Step:188	{"metric": {"full19test": {"Macro_F1": 0.848275}}, "step": 188}
Step:188	{"metric": {"full19test": {"wa": 0.872514}}, "step": 188}
Step:189	{"metric": {"full19train": {"acc": 1.0}}, "step": 189}
Step:189	{"metric": {"full19test": {"acc": 0.8504672897196262}}, "step": 189}
Step:189	{"metric": {"full19test": {"UAR": 0.849825}}, "step": 189}
Step:189	{"metric": {"full19test": {"Macro_F1": 0.842403}}, "step": 189}
Step:189	{"metric": {"full19test": {"wa": 0.856002}}, "step": 189}
Step:190	{"metric": {"full19train": {"acc": 1.0}}, "step": 190}
Step:190	{"metric": {"full19test": {"acc": 0.8504672897196262}}, "step": 190}
Step:190	{"metric": {"full19test": {"UAR": 0.852654}}, "step": 190}
Step:190	{"metric": {"full19test": {"Macro_F1": 0.835783}}, "step": 190}
Step:190	{"metric": {"full19test": {"wa": 0.856105}}, "step": 190}
Step:191	{"metric": {"full19train": {"acc": 1.0}}, "step": 191}
Step:191	{"metric": {"full19test": {"acc": 0.8504672897196262}}, "step": 191}
Step:191	{"metric": {"full19test": {"UAR": 0.85405}}, "step": 191}
Step:191	{"metric": {"full19test": {"Macro_F1": 0.834855}}, "step": 191}
Step:191	{"metric": {"full19test": {"wa": 0.866632}}, "step": 191}
Step:192	{"metric": {"full19train": {"acc": 1.0}}, "step": 192}
Step:192	{"metric": {"full19test": {"acc": 0.8504672897196262}}, "step": 192}
Step:192	{"metric": {"full19test": {"UAR": 0.846331}}, "step": 192}
Step:192	{"metric": {"full19test": {"Macro_F1": 0.840057}}, "step": 192}
Step:192	{"metric": {"full19test": {"wa": 0.86036}}, "step": 192}
Step:193	{"metric": {"full19train": {"acc": 0.9953271028037384}}, "step": 193}
Step:193	{"metric": {"full19test": {"acc": 0.8317757009345794}}, "step": 193}
Step:193	{"metric": {"full19test": {"UAR": 0.837935}}, "step": 193}
Step:193	{"metric": {"full19test": {"Macro_F1": 0.817348}}, "step": 193}
Step:193	{"metric": {"full19test": {"wa": 0.8466}}, "step": 193}
Step:194	{"metric": {"full19train": {"acc": 1.0}}, "step": 194}
Step:194	{"metric": {"full19test": {"acc": 0.8691588785046729}}, "step": 194}
Step:194	{"metric": {"full19test": {"UAR": 0.858886}}, "step": 194}
Step:194	{"metric": {"full19test": {"Macro_F1": 0.860498}}, "step": 194}
Step:194	{"metric": {"full19test": {"wa": 0.873465}}, "step": 194}
Step:195	{"metric": {"full19train": {"acc": 1.0}}, "step": 195}
Step:195	{"metric": {"full19test": {"acc": 0.8411214953271028}}, "step": 195}
Step:195	{"metric": {"full19test": {"UAR": 0.832913}}, "step": 195}
Step:195	{"metric": {"full19test": {"Macro_F1": 0.826642}}, "step": 195}
Step:195	{"metric": {"full19test": {"wa": 0.858242}}, "step": 195}
Step:196	{"metric": {"full19train": {"acc": 1.0}}, "step": 196}
Step:196	{"metric": {"full19test": {"acc": 0.8504672897196262}}, "step": 196}
Step:196	{"metric": {"full19test": {"UAR": 0.851883}}, "step": 196}
Step:196	{"metric": {"full19test": {"Macro_F1": 0.834978}}, "step": 196}
Step:196	{"metric": {"full19test": {"wa": 0.856973}}, "step": 196}
Step:197	{"metric": {"full19train": {"acc": 1.0}}, "step": 197}
Step:197	{"metric": {"full19test": {"acc": 0.8691588785046729}}, "step": 197}
Step:197	{"metric": {"full19test": {"UAR": 0.867414}}, "step": 197}
Step:197	{"metric": {"full19test": {"Macro_F1": 0.858531}}, "step": 197}
Step:197	{"metric": {"full19test": {"wa": 0.87752}}, "step": 197}
Step:198	{"metric": {"full19train": {"acc": 1.0}}, "step": 198}
Step:198	{"metric": {"full19test": {"acc": 0.8598130841121495}}, "step": 198}
Step:198	{"metric": {"full19test": {"UAR": 0.868591}}, "step": 198}
Step:198	{"metric": {"full19test": {"Macro_F1": 0.846305}}, "step": 198}
Step:198	{"metric": {"full19test": {"wa": 0.869292}}, "step": 198}
Step:199	{"metric": {"full19train": {"acc": 1.0}}, "step": 199}
Step:199	{"metric": {"full19test": {"acc": 0.8504672897196262}}, "step": 199}
Step:199	{"metric": {"full19test": {"UAR": 0.852394}}, "step": 199}
Step:199	{"metric": {"full19test": {"Macro_F1": 0.842822}}, "step": 199}
Step:199	{"metric": {"full19test": {"wa": 0.855732}}, "step": 199}
Step:200	{"metric": {"full19train": {"acc": 1.0}}, "step": 200}
Step:200	{"metric": {"full19test": {"acc": 0.8504672897196262}}, "step": 200}
Step:200	{"metric": {"full19test": {"UAR": 0.856517}}, "step": 200}
Step:200	{"metric": {"full19test": {"Macro_F1": 0.840089}}, "step": 200}
Step:200	{"metric": {"full19test": {"wa": 0.857606}}, "step": 200}
