{"metric": {"full191": 0.2857142857142857}}
{"metric": {"full191UAR": 0.119048}}
{"metric": {"full191f1": 0.1177}}
{"metric": {"full191wa": 0.749271}}
{"metric": {"full191": 0.2857142857142857}}
{"metric": {"full191wa": 1.0}}
{"metric": {"full191": 0.30612244897959184}}
{"metric": {"full191": 0.32653061224489793}}
{"metric": {"full191f1": 0.131097}}
{"metric": {"full191": 0.32653061224489793}}
{"metric": {"full191": 0.32653061224489793}}
{"metric": {"full191f1": 0.133467}}
{"metric": {"full191": 0.3673469387755102}}
{"metric": {"full191UAR": 0.121622}}
{"metric": {"full191f1": 0.156863}}
{"metric": {"full191": 0.3673469387755102}}
{"metric": {"full191UAR": 0.272109}}
{"metric": {"full191f1": 0.19416}}
{"metric": {"full191": 0.3877551020408163}}
{"metric": {"full191f1": 0.20063}}
{"metric": {"full191": 0.46938775510204084}}
{"metric": {"full191f1": 0.238095}}
{"metric": {"full191f1": 0.242799}}
{"metric": {"full191f1": 0.254265}}
{"metric": {"full191f1": 0.279121}}
{"metric": {"full191": 0.4897959183673469}}
{"metric": {"full191UAR": 0.320238}}
{"metric": {"full191f1": 0.314286}}
{"metric": {"full191": 0.4897959183673469}}
{"metric": {"full191UAR": 0.342857}}
{"metric": {"full191f1": 0.33691}}
{"metric": {"full191UAR": 0.347744}}
{"metric": {"full191UAR": 0.421429}}
{"metric": {"full191f1": 0.337302}}
{"metric": {"full191f1": 0.342742}}
{"metric": {"full191": 0.4897959183673469}}
{"metric": {"full191f1": 0.391392}}
{"metric": {"full191": 0.5102040816326531}}
{"metric": {"full191UAR": 0.423559}}
{"metric": {"full191f1": 0.395733}}
{"metric": {"full191UAR": 0.476791}}
{"metric": {"full191UAR": 0.496519}}
{"metric": {"zhong": 0.2857142857142857}}
{"metric": {"zhongUAR": 0.040816}}
{"metric": {"zhongf1": 0.063492}}
{"metric": {"zhongwa": 1.0}}
{"metric": {"zhongUAR": 0.097253}}
{"metric": {"zhongf1": 0.100649}}
{"metric": {"zhongUAR": 0.154762}}
{"metric": {"zhong": 0.2857142857142857}}
{"metric": {"zhong": 0.3469387755102041}}
{"metric": {"zhongf1": 0.148522}}
{"metric": {"zhongUAR": 0.275621}}
{"metric": {"zhongf1": 0.17591}}
{"metric": {"zhongf1": 0.196599}}
{"metric": {"zhongUAR": 0.28382}}
{"metric": {"zhong": 0.3469387755102041}}
{"metric": {"zhongf1": 0.199324}}
{"metric": {"zhong": 0.3877551020408163}}
{"metric": {"zhongUAR": 0.308225}}
{"metric": {"zhongf1": 0.242022}}
{"metric": {"zhong": 0.40816326530612246}}
{"metric": {"zhong": 0.40816326530612246}}
{"metric": {"zhong": 0.40816326530612246}}
{"metric": {"zhong": 0.42857142857142855}}
{"metric": {"zhong": 0.4489795918367347}}
{"metric": {"zhongf1": 0.254123}}
{"metric": {"zhong": 0.46938775510204084}}
{"metric": {"zhongf1": 0.266261}}
{"metric": {"zhong": 0.46938775510204084}}
{"metric": {"zhong": 0.4897959183673469}}
{"metric": {"zhongf1": 0.279866}}
{"metric": {"zhong": 0.4897959183673469}}
{"metric": {"zhong": 0.4897959183673469}}
