Step:1	{"loss": {"full191train_loss": 0.05513972554888044}, "step": 1}
Step:1	{"loss": {"full191test_loss": 0.03745440317659962}, "step": 1}
Step:2	{"loss": {"full191train_loss": 0.05192506994519915}, "step": 2}
Step:2	{"loss": {"full191test_loss": 0.03844977155023692}, "step": 2}
Step:3	{"loss": {"full191train_loss": 0.0510533230645316}, "step": 3}
Step:3	{"loss": {"full191test_loss": 0.038631368656547704}, "step": 3}
Step:4	{"loss": {"full191train_loss": 0.048927508081708634}, "step": 4}
Step:4	{"loss": {"full191test_loss": 0.039372981811056335}, "step": 4}
Step:5	{"loss": {"full191train_loss": 0.04747981343950544}, "step": 5}
Step:5	{"loss": {"full191test_loss": 0.03774327891213553}, "step": 5}
Step:6	{"loss": {"full191train_loss": 0.047761995451790946}, "step": 6}
Step:6	{"loss": {"full191test_loss": 0.038080643634406885}, "step": 6}
Step:7	{"loss": {"full191train_loss": 0.04687384877886091}, "step": 7}
Step:7	{"loss": {"full191test_loss": 0.0390947692248286}, "step": 7}
Step:8	{"loss": {"full191train_loss": 0.042763682774135045}, "step": 8}
Step:8	{"loss": {"full191test_loss": 0.03764410651459986}, "step": 8}
Step:9	{"loss": {"full191train_loss": 0.043236521312168666}, "step": 9}
Step:9	{"loss": {"full191test_loss": 0.037800107683454244}, "step": 9}
Step:10	{"loss": {"full191train_loss": 0.04142895085471017}, "step": 10}
Step:10	{"loss": {"full191test_loss": 0.03631111553737095}, "step": 10}
Step:11	{"loss": {"full191train_loss": 0.04279662540980748}, "step": 11}
Step:11	{"loss": {"full191test_loss": 0.03501243980563417}, "step": 11}
Step:12	{"loss": {"full191train_loss": 0.037524867057800296}, "step": 12}
Step:12	{"loss": {"full191test_loss": 0.033991619032256455}, "step": 12}
Step:13	{"loss": {"full191train_loss": 0.03810877118791853}, "step": 13}
Step:13	{"loss": {"full191test_loss": 0.03431639136100302}, "step": 13}
Step:14	{"loss": {"full191train_loss": 0.035418251582554405}, "step": 14}
Step:14	{"loss": {"full191test_loss": 0.03380187920161656}, "step": 14}
Step:15	{"loss": {"full191train_loss": 0.03410585267203195}, "step": 15}
Step:15	{"loss": {"full191test_loss": 0.0351504914614619}, "step": 15}
Step:16	{"loss": {"full191train_loss": 0.031505162375313894}, "step": 16}
Step:16	{"loss": {"full191test_loss": 0.03506928803969403}, "step": 16}
Step:17	{"loss": {"full191train_loss": 0.0311061007635934}, "step": 17}
Step:17	{"loss": {"full191test_loss": 0.03502727041439134}, "step": 17}
Step:18	{"loss": {"full191train_loss": 0.030312773159572055}, "step": 18}
Step:18	{"loss": {"full191test_loss": 0.03595458244790836}, "step": 18}
Step:19	{"loss": {"full191train_loss": 0.02824111325400216}, "step": 19}
Step:19	{"loss": {"full191test_loss": 0.03557946000780378}, "step": 19}
Step:20	{"loss": {"full191train_loss": 0.026930769852229527}, "step": 20}
Step:20	{"loss": {"full191test_loss": 0.03648399090280338}, "step": 20}
Step:21	{"loss": {"full191train_loss": 0.024916795321873256}, "step": 21}
Step:21	{"loss": {"full191test_loss": 0.03480418604247424}, "step": 21}
Step:22	{"loss": {"full191train_loss": 0.02475320781980242}, "step": 22}
Step:22	{"loss": {"full191test_loss": 0.0340757029397147}, "step": 22}
Step:23	{"loss": {"full191train_loss": 0.02413040910448347}, "step": 23}
Step:23	{"loss": {"full191test_loss": 0.034466782394720584}, "step": 23}
Step:24	{"loss": {"full191train_loss": 0.02341520275388445}, "step": 24}
Step:24	{"loss": {"full191test_loss": 0.03437897380517454}, "step": 24}
Step:25	{"loss": {"full191train_loss": 0.024507806982312884}, "step": 25}
Step:25	{"loss": {"full191test_loss": 0.03372948267021958}, "step": 25}
Step:26	{"loss": {"full191train_loss": 0.021426987648010255}, "step": 26}
Step:26	{"loss": {"full191test_loss": 0.033353460078336755}, "step": 26}
Step:27	{"loss": {"full191train_loss": 0.020722869464329313}, "step": 27}
Step:27	{"loss": {"full191test_loss": 0.034334041634384464}, "step": 27}
Step:28	{"loss": {"full191train_loss": 0.02051516430718558}, "step": 28}
Step:28	{"loss": {"full191test_loss": 0.034457119143739036}, "step": 28}
Step:29	{"loss": {"full191train_loss": 0.01882479020527431}, "step": 29}
Step:29	{"loss": {"full191test_loss": 0.03291638043462014}, "step": 29}
Step:30	{"loss": {"full191train_loss": 0.01760141168321882}, "step": 30}
Step:30	{"loss": {"full191test_loss": 0.0338205488360658}, "step": 30}
Step:31	{"loss": {"full191train_loss": 0.01737698997770037}, "step": 31}
Step:31	{"loss": {"full191test_loss": 0.03521602980944575}, "step": 31}
Step:32	{"loss": {"full191train_loss": 0.016434243747166226}, "step": 32}
Step:32	{"loss": {"full191test_loss": 0.03595579886923031}, "step": 32}
Step:33	{"loss": {"full191train_loss": 0.014561549254826138}, "step": 33}
Step:33	{"loss": {"full191test_loss": 0.03644973647837736}, "step": 33}
Step:34	{"loss": {"full191train_loss": 0.013805789606911796}, "step": 34}
Step:34	{"loss": {"full191test_loss": 0.037147738495651554}, "step": 34}
Step:35	{"loss": {"full191train_loss": 0.01590219225202288}, "step": 35}
Step:35	{"loss": {"full191test_loss": 0.03570272971172722}, "step": 35}
Step:36	{"loss": {"full191train_loss": 0.014337752546582903}, "step": 36}
Step:36	{"loss": {"full191test_loss": 0.03799072820313123}, "step": 36}
Step:37	{"loss": {"full191train_loss": 0.012443318537303379}, "step": 37}
Step:37	{"loss": {"full191test_loss": 0.038827840162783255}, "step": 37}
Step:38	{"loss": {"full191train_loss": 0.010997843742370606}, "step": 38}
Step:38	{"loss": {"full191test_loss": 0.04078395269354995}, "step": 38}
Step:39	{"loss": {"full191train_loss": 0.009529142720358713}, "step": 39}
Step:39	{"loss": {"full191test_loss": 0.03910889917490434}, "step": 39}
Step:40	{"loss": {"full191train_loss": 0.008714240789413453}, "step": 40}
Step:40	{"loss": {"full191test_loss": 0.04055734313264185}, "step": 40}
Step:41	{"loss": {"full191train_loss": 0.010624862568719046}, "step": 41}
Step:41	{"loss": {"full191test_loss": 0.04325321255897989}, "step": 41}
Step:42	{"loss": {"full191train_loss": 0.009003929580960955}, "step": 42}
Step:42	{"loss": {"full191test_loss": 0.04282836038239148}, "step": 42}
Step:43	{"loss": {"full191train_loss": 0.00729055574962071}, "step": 43}
Step:43	{"loss": {"full191test_loss": 0.043387675771907885}, "step": 43}
Step:44	{"loss": {"full191train_loss": 0.006815498641559056}, "step": 44}
Step:44	{"loss": {"full191test_loss": 0.04681776494395976}, "step": 44}
Step:45	{"loss": {"full191train_loss": 0.006533057349068778}, "step": 45}
Step:45	{"loss": {"full191test_loss": 0.04660232213078713}, "step": 45}
Step:46	{"loss": {"full191train_loss": 0.005466529301234654}, "step": 46}
Step:46	{"loss": {"full191test_loss": 0.04928026880536761}, "step": 46}
Step:47	{"loss": {"full191train_loss": 0.0054591655731201175}, "step": 47}
Step:47	{"loss": {"full191test_loss": 0.04946370514071718}, "step": 47}
Step:48	{"loss": {"full191train_loss": 0.005232854400362287}, "step": 48}
Step:48	{"loss": {"full191test_loss": 0.049728992033977897}, "step": 48}
Step:49	{"loss": {"full191train_loss": 0.0036217795951025825}, "step": 49}
Step:49	{"loss": {"full191test_loss": 0.04967085196047413}, "step": 49}
Step:50	{"loss": {"full191train_loss": 0.00475868284702301}, "step": 50}
Step:50	{"loss": {"full191test_loss": 0.05418605220561125}, "step": 50}
Step:51	{"loss": {"full191train_loss": 0.002917157326425825}, "step": 51}
Step:51	{"loss": {"full191test_loss": 0.04978689855458785}, "step": 51}
Step:52	{"loss": {"full191train_loss": 0.003999680706432887}, "step": 52}
Step:52	{"loss": {"full191test_loss": 0.05159983829576142}, "step": 52}
Step:53	{"loss": {"full191train_loss": 0.0034773004906518117}, "step": 53}
Step:53	{"loss": {"full191test_loss": 0.058141800822043906}, "step": 53}
Step:54	{"loss": {"full191train_loss": 0.002088912470000131}, "step": 54}
Step:54	{"loss": {"full191test_loss": 0.06458067407413405}, "step": 54}
Step:55	{"loss": {"full191train_loss": 0.00269435601575034}, "step": 55}
Step:55	{"loss": {"full191test_loss": 0.0658122325430111}, "step": 55}
Step:56	{"loss": {"full191train_loss": 0.001488806094442095}, "step": 56}
Step:56	{"loss": {"full191test_loss": 0.06364260887613102}, "step": 56}
Step:57	{"loss": {"full191train_loss": 0.0032624962074416022}, "step": 57}
Step:57	{"loss": {"full191test_loss": 0.06684139796665736}, "step": 57}
Step:58	{"loss": {"full191train_loss": 0.004133721760341099}, "step": 58}
Step:58	{"loss": {"full191test_loss": 0.0632234544170146}, "step": 58}
Step:59	{"loss": {"full191train_loss": 0.0007405645080975124}, "step": 59}
Step:59	{"loss": {"full191test_loss": 0.06432335230768943}, "step": 59}
Step:60	{"loss": {"full191train_loss": 0.0011098265647888183}, "step": 60}
Step:60	{"loss": {"full191test_loss": 0.06763293791790398}, "step": 60}
Step:61	{"loss": {"full191train_loss": 0.003264922755105155}, "step": 61}
Step:61	{"loss": {"full191test_loss": 0.06660180675740145}, "step": 61}
Step:62	{"loss": {"full191train_loss": 0.002697011402675084}, "step": 62}
Step:62	{"loss": {"full191test_loss": 0.0757555085785535}, "step": 62}
Step:63	{"loss": {"full191train_loss": 0.0011145326708044325}, "step": 63}
Step:63	{"loss": {"full191test_loss": 0.0741665995850855}, "step": 63}
Step:64	{"loss": {"full191train_loss": 0.001344703882932663}, "step": 64}
Step:64	{"loss": {"full191test_loss": 0.07191182642566915}, "step": 64}
Step:65	{"loss": {"full191train_loss": 0.0007820352911949158}, "step": 65}
Step:65	{"loss": {"full191test_loss": 0.06832282397211814}, "step": 65}
Step:66	{"loss": {"full191train_loss": 0.0007915686815977097}, "step": 66}
Step:66	{"loss": {"full191test_loss": 0.06517787855498645}, "step": 66}
Step:67	{"loss": {"full191train_loss": 0.0013768850692680904}, "step": 67}
Step:67	{"loss": {"full191test_loss": 0.07101515361240932}, "step": 67}
Step:68	{"loss": {"full191train_loss": 0.0013060279190540314}, "step": 68}
Step:68	{"loss": {"full191test_loss": 0.06171868771922832}, "step": 68}
Step:69	{"loss": {"full191train_loss": 0.0006773326545953751}, "step": 69}
Step:69	{"loss": {"full191test_loss": 0.08139461400557538}, "step": 69}
Step:70	{"loss": {"full191train_loss": 0.001162721003804888}, "step": 70}
Step:70	{"loss": {"full191test_loss": 0.07272807432680714}, "step": 70}
Step:71	{"loss": {"full191train_loss": 0.0005939603384052004}, "step": 71}
Step:71	{"loss": {"full191test_loss": 0.07698739304834483}, "step": 71}
Step:72	{"loss": {"full191train_loss": 0.0011435422514166152}, "step": 72}
Step:72	{"loss": {"full191test_loss": 0.07041116636626575}, "step": 72}
Step:73	{"loss": {"full191train_loss": 0.001527213943856103}, "step": 73}
Step:73	{"loss": {"full191test_loss": 0.07667813495713838}, "step": 73}
Step:74	{"loss": {"full191train_loss": 0.00023962892591953278}, "step": 74}
Step:74	{"loss": {"full191test_loss": 0.07122977412476832}, "step": 74}
Step:75	{"loss": {"full191train_loss": 0.0003307429009250232}, "step": 75}
Step:75	{"loss": {"full191test_loss": 0.07238256688020667}, "step": 75}
Step:76	{"loss": {"full191train_loss": 0.0007520337722131185}, "step": 76}
Step:76	{"loss": {"full191test_loss": 0.06844606691477251}, "step": 76}
Step:77	{"loss": {"full191train_loss": 0.00031323212065867016}, "step": 77}
Step:77	{"loss": {"full191test_loss": 0.07428708854986697}, "step": 77}
Step:78	{"loss": {"full191train_loss": 0.00039345526269504}, "step": 78}
Step:78	{"loss": {"full191test_loss": 0.07800112451825823}, "step": 78}
Step:79	{"loss": {"full191train_loss": 0.0007247972169092723}, "step": 79}
Step:79	{"loss": {"full191test_loss": 0.07495347820982641}, "step": 79}
Step:80	{"loss": {"full191train_loss": 0.0007555580564907619}, "step": 80}
Step:80	{"loss": {"full191test_loss": 0.08207903102952607}, "step": 80}
Step:81	{"loss": {"full191train_loss": 0.000329882518521377}, "step": 81}
Step:81	{"loss": {"full191test_loss": 0.08924657471325932}, "step": 81}
Step:82	{"loss": {"full191train_loss": 0.00035223247749464854}, "step": 82}
Step:82	{"loss": {"full191test_loss": 0.08128429432304538}, "step": 82}
Step:83	{"loss": {"full191train_loss": 0.0003274185849087579}, "step": 83}
Step:83	{"loss": {"full191test_loss": 0.08146987155992158}, "step": 83}
Step:84	{"loss": {"full191train_loss": 0.0003327296514596258}, "step": 84}
Step:84	{"loss": {"full191test_loss": 0.08263990830401985}, "step": 84}
Step:85	{"loss": {"full191train_loss": 0.00027690583041736056}, "step": 85}
Step:85	{"loss": {"full191test_loss": 0.08790282813870177}, "step": 85}
Step:86	{"loss": {"full191train_loss": 0.00035879755658762793}, "step": 86}
Step:86	{"loss": {"full191test_loss": 0.0788688951609086}, "step": 86}
Step:87	{"loss": {"full191train_loss": 0.00029448180326393673}, "step": 87}
Step:87	{"loss": {"full191test_loss": 0.07993914156543966}, "step": 87}
Step:88	{"loss": {"full191train_loss": 0.0002701155575258391}, "step": 88}
Step:88	{"loss": {"full191test_loss": 0.07752930388158681}, "step": 88}
Step:89	{"loss": {"full191train_loss": 0.00037380156240292956}, "step": 89}
Step:89	{"loss": {"full191test_loss": 0.08297680835334623}, "step": 89}
Step:90	{"loss": {"full191train_loss": 0.00018322502395936422}, "step": 90}
Step:90	{"loss": {"full191test_loss": 0.07799877439226423}, "step": 90}
Step:91	{"loss": {"full191train_loss": 0.00029321991439376557}, "step": 91}
Step:91	{"loss": {"full191test_loss": 0.09028348144219846}, "step": 91}
Step:92	{"loss": {"full191train_loss": 0.00036068481526204516}, "step": 92}
Step:92	{"loss": {"full191test_loss": 0.07747849153012645}, "step": 92}
Step:93	{"loss": {"full191train_loss": 9.870042891374656e-05}, "step": 93}
Step:93	{"loss": {"full191test_loss": 0.07643926873499034}, "step": 93}
Step:94	{"loss": {"full191train_loss": 0.0001161680556833744}, "step": 94}
Step:94	{"loss": {"full191test_loss": 0.07485403333391462}, "step": 94}
Step:95	{"loss": {"full191train_loss": 0.00035083344472306116}, "step": 95}
Step:95	{"loss": {"full191test_loss": 0.07525406564985003}, "step": 95}
Step:96	{"loss": {"full191train_loss": 0.00013808345954333034}, "step": 96}
Step:96	{"loss": {"full191test_loss": 0.0688795702798026}, "step": 96}
Step:97	{"loss": {"full191train_loss": 0.00011762880853244237}, "step": 97}
Step:97	{"loss": {"full191test_loss": 0.07746634677964814}, "step": 97}
Step:98	{"loss": {"full191train_loss": 8.705460599490574e-05}, "step": 98}
Step:98	{"loss": {"full191test_loss": 0.0720957882550298}, "step": 98}
Step:99	{"loss": {"full191train_loss": 0.0002070754367325987}, "step": 99}
Step:99	{"loss": {"full191test_loss": 0.08209914577250578}, "step": 99}
Step:100	{"loss": {"full191train_loss": 0.0005579848374639238}, "step": 100}
Step:100	{"loss": {"full191test_loss": 0.07365147434935278}, "step": 100}
Step:1	{"loss": {"zhongtrain_loss": 0.059987238475254605}, "step": 1}
Step:1	{"loss": {"zhongtest_loss": 0.2485104191059969}, "step": 1}
Step:2	{"loss": {"zhongtrain_loss": 0.23885446275983538}, "step": 2}
Step:2	{"loss": {"zhongtest_loss": 0.11932936493231326}, "step": 2}
Step:3	{"loss": {"zhongtrain_loss": 0.11056010382516043}, "step": 3}
Step:3	{"loss": {"zhongtest_loss": 0.1444108924087213}, "step": 3}
Step:4	{"loss": {"zhongtrain_loss": 0.19968291691371373}, "step": 4}
Step:4	{"loss": {"zhongtest_loss": 0.11961755947190889}, "step": 4}
Step:5	{"loss": {"zhongtrain_loss": 0.08594185284205845}, "step": 5}
Step:5	{"loss": {"zhongtest_loss": 0.1648127302831533}, "step": 5}
Step:6	{"loss": {"zhongtrain_loss": 0.12719161169869558}, "step": 6}
Step:6	{"loss": {"zhongtest_loss": 0.09628883673220265}, "step": 6}
Step:7	{"loss": {"zhongtrain_loss": 0.03855008397783552}, "step": 7}
Step:7	{"loss": {"zhongtest_loss": 0.09861260044331453}, "step": 7}
Step:8	{"loss": {"zhongtrain_loss": 0.04767287118094308}, "step": 8}
Step:8	{"loss": {"zhongtest_loss": 0.05893019267490932}, "step": 8}
Step:9	{"loss": {"zhongtrain_loss": 0.0020470344594546728}, "step": 9}
Step:9	{"loss": {"zhongtest_loss": 0.06340160175245635}, "step": 9}
Step:10	{"loss": {"zhongtrain_loss": 0.00020015988765018328}, "step": 10}
Step:10	{"loss": {"zhongtest_loss": 0.08205155937039123}, "step": 10}
Step:11	{"loss": {"zhongtrain_loss": 0.0010781960827963694}, "step": 11}
Step:11	{"loss": {"zhongtest_loss": 0.096094832128408}, "step": 11}
Step:12	{"loss": {"zhongtrain_loss": 0.00137353709765843}, "step": 12}
Step:12	{"loss": {"zhongtest_loss": 0.10214879561443718}, "step": 12}
Step:13	{"loss": {"zhongtrain_loss": 0.0007755859621933528}, "step": 13}
Step:13	{"loss": {"zhongtest_loss": 0.10259464808872767}, "step": 13}
Step:14	{"loss": {"zhongtrain_loss": 0.000562653797013419}, "step": 14}
Step:14	{"loss": {"zhongtest_loss": 0.09929677418300084}, "step": 14}
Step:15	{"loss": {"zhongtrain_loss": 0.00048511485968317304}, "step": 15}
Step:15	{"loss": {"zhongtest_loss": 0.09621320452008929}, "step": 15}
Step:16	{"loss": {"zhongtrain_loss": 0.0003603537167821612}, "step": 16}
Step:16	{"loss": {"zhongtest_loss": 0.09158853608734753}, "step": 16}
Step:17	{"loss": {"zhongtrain_loss": 0.00022969980325017656}, "step": 17}
Step:17	{"loss": {"zhongtest_loss": 0.08663562852509167}, "step": 17}
Step:18	{"loss": {"zhongtrain_loss": 0.00020733614053045}, "step": 18}
Step:18	{"loss": {"zhongtest_loss": 0.08215800110174686}, "step": 18}
Step:19	{"loss": {"zhongtrain_loss": 0.00015528586560062}, "step": 19}
Step:19	{"loss": {"zhongtest_loss": 0.0790947894660794}, "step": 19}
Step:20	{"loss": {"zhongtrain_loss": 0.0001087309726114784}, "step": 20}
Step:20	{"loss": {"zhongtest_loss": 0.07645671221674705}, "step": 20}
Step:21	{"loss": {"zhongtrain_loss": 8.696651618395533e-05}, "step": 21}
Step:21	{"loss": {"zhongtest_loss": 0.07458587568633411}, "step": 21}
Step:22	{"loss": {"zhongtrain_loss": 6.817496780838285e-05}, "step": 22}
Step:22	{"loss": {"zhongtest_loss": 0.07296790395464216}, "step": 22}
Step:23	{"loss": {"zhongtrain_loss": 5.073825096977608e-05}, "step": 23}
Step:23	{"loss": {"zhongtest_loss": 0.07178437953092615}, "step": 23}
Step:24	{"loss": {"zhongtrain_loss": 3.919019363820553e-05}, "step": 24}
Step:24	{"loss": {"zhongtest_loss": 0.07082631636639031}, "step": 24}
Step:25	{"loss": {"zhongtrain_loss": 3.162599168717861e-05}, "step": 25}
Step:25	{"loss": {"zhongtest_loss": 0.07016019918480698}, "step": 25}
Step:26	{"loss": {"zhongtrain_loss": 2.641690329515508e-05}, "step": 26}
Step:26	{"loss": {"zhongtest_loss": 0.06956479500751106}, "step": 26}
Step:27	{"loss": {"zhongtrain_loss": 2.293162313955171e-05}, "step": 27}
Step:27	{"loss": {"zhongtest_loss": 0.06901189259120397}, "step": 27}
Step:28	{"loss": {"zhongtrain_loss": 2.011981393609728e-05}, "step": 28}
Step:28	{"loss": {"zhongtest_loss": 0.06850285432776626}, "step": 28}
Step:29	{"loss": {"zhongtrain_loss": 1.7912582760410648e-05}, "step": 29}
Step:29	{"loss": {"zhongtest_loss": 0.06806452420293069}, "step": 29}
Step:30	{"loss": {"zhongtrain_loss": 1.6239380264388664e-05}, "step": 30}
Step:30	{"loss": {"zhongtest_loss": 0.06772767767614248}, "step": 30}
Step:31	{"loss": {"zhongtrain_loss": 1.4939801102238042e-05}, "step": 31}
Step:31	{"loss": {"zhongtest_loss": 0.0674886265579535}, "step": 31}
Step:32	{"loss": {"zhongtrain_loss": 1.3727575839896287e-05}, "step": 32}
Step:32	{"loss": {"zhongtest_loss": 0.06730138525670888}, "step": 32}
Step:33	{"loss": {"zhongtrain_loss": 1.2742750446445175e-05}, "step": 33}
Step:33	{"loss": {"zhongtest_loss": 0.06723893905172543}, "step": 33}
Step:34	{"loss": {"zhongtrain_loss": 1.2034152834010976e-05}, "step": 34}
Step:34	{"loss": {"zhongtest_loss": 0.06725678151967573}, "step": 34}
Step:35	{"loss": {"zhongtrain_loss": 1.142927711563451e-05}, "step": 35}
Step:35	{"loss": {"zhongtest_loss": 0.06728296863789461}, "step": 35}
Step:36	{"loss": {"zhongtrain_loss": 1.0952884830268365e-05}, "step": 36}
Step:36	{"loss": {"zhongtest_loss": 0.06737844798029685}, "step": 36}
Step:37	{"loss": {"zhongtrain_loss": 1.0500009271449276e-05}, "step": 37}
Step:37	{"loss": {"zhongtest_loss": 0.06748402361967126}, "step": 37}
Step:38	{"loss": {"zhongtrain_loss": 9.971008070611528e-06}, "step": 38}
Step:38	{"loss": {"zhongtest_loss": 0.06759591005286392}, "step": 38}
Step:39	{"loss": {"zhongtrain_loss": 9.34321350151939e-06}, "step": 39}
Step:39	{"loss": {"zhongtest_loss": 0.0676973109342614}, "step": 39}
Step:40	{"loss": {"zhongtrain_loss": 8.6931511759758e-06}, "step": 40}
Step:40	{"loss": {"zhongtest_loss": 0.06787861609945492}, "step": 40}
Step:41	{"loss": {"zhongtrain_loss": 8.044626364218337e-06}, "step": 41}
Step:41	{"loss": {"zhongtest_loss": 0.06797267952743842}, "step": 41}
Step:42	{"loss": {"zhongtrain_loss": 7.493324976946626e-06}, "step": 42}
Step:42	{"loss": {"zhongtest_loss": 0.06805987260779556}, "step": 42}
Step:43	{"loss": {"zhongtrain_loss": 6.959483809103923e-06}, "step": 43}
Step:43	{"loss": {"zhongtest_loss": 0.06816104480198451}, "step": 43}
Step:44	{"loss": {"zhongtrain_loss": 6.4628739242575e-06}, "step": 44}
Step:44	{"loss": {"zhongtest_loss": 0.06826354532825704}, "step": 44}
Step:45	{"loss": {"zhongtrain_loss": 5.9610748264406404e-06}, "step": 45}
Step:45	{"loss": {"zhongtest_loss": 0.06838056505942831}, "step": 45}
Step:46	{"loss": {"zhongtrain_loss": 5.541325247447406e-06}, "step": 46}
Step:46	{"loss": {"zhongtest_loss": 0.06846631303125499}, "step": 46}
Step:47	{"loss": {"zhongtrain_loss": 5.1462590428335326e-06}, "step": 47}
Step:47	{"loss": {"zhongtest_loss": 0.06854522471525232}, "step": 47}
Step:48	{"loss": {"zhongtrain_loss": 4.772081073107464e-06}, "step": 48}
Step:48	{"loss": {"zhongtest_loss": 0.06862591724006498}, "step": 48}
Step:49	{"loss": {"zhongtrain_loss": 4.450893279031984e-06}, "step": 49}
Step:49	{"loss": {"zhongtest_loss": 0.06872077377475037}, "step": 49}
Step:50	{"loss": {"zhongtrain_loss": 4.176001779602042e-06}, "step": 50}
Step:50	{"loss": {"zhongtest_loss": 0.0687925572298011}, "step": 50}
Step:51	{"loss": {"zhongtrain_loss": 3.917732309283955e-06}, "step": 51}
Step:51	{"loss": {"zhongtest_loss": 0.06887357088984275}, "step": 51}
Step:52	{"loss": {"zhongtrain_loss": 3.6708362001393523e-06}, "step": 52}
Step:52	{"loss": {"zhongtest_loss": 0.068934187597158}, "step": 52}
Step:53	{"loss": {"zhongtrain_loss": 3.46693185357643e-06}, "step": 53}
Step:53	{"loss": {"zhongtest_loss": 0.06900656953149913}, "step": 53}
Step:54	{"loss": {"zhongtrain_loss": 3.2695413600387317e-06}, "step": 54}
Step:54	{"loss": {"zhongtest_loss": 0.06906475339617048}, "step": 54}
Step:55	{"loss": {"zhongtrain_loss": 3.097246267965862e-06}, "step": 55}
Step:55	{"loss": {"zhongtest_loss": 0.0691272579893774}, "step": 55}
Step:56	{"loss": {"zhongtrain_loss": 2.937303880961346e-06}, "step": 56}
Step:56	{"loss": {"zhongtest_loss": 0.0691574155067911}, "step": 56}
Step:57	{"loss": {"zhongtrain_loss": 2.791076258290559e-06}, "step": 57}
Step:57	{"loss": {"zhongtest_loss": 0.06920751260251415}, "step": 57}
Step:58	{"loss": {"zhongtrain_loss": 2.65982879292486e-06}, "step": 58}
Step:58	{"loss": {"zhongtest_loss": 0.06925931268808794}, "step": 58}
Step:59	{"loss": {"zhongtrain_loss": 2.5427848283600594e-06}, "step": 59}
Step:59	{"loss": {"zhongtest_loss": 0.06932447394546197}, "step": 59}
Step:60	{"loss": {"zhongtrain_loss": 2.433133444615773e-06}, "step": 60}
Step:60	{"loss": {"zhongtest_loss": 0.06935354154937122}, "step": 60}
Step:61	{"loss": {"zhongtrain_loss": 2.334572283351528e-06}, "step": 61}
Step:61	{"loss": {"zhongtest_loss": 0.06942337386462154}, "step": 61}
Step:62	{"loss": {"zhongtrain_loss": 2.2570276217136e-06}, "step": 62}
Step:62	{"loss": {"zhongtest_loss": 0.0694583678732113}, "step": 62}
Step:63	{"loss": {"zhongtrain_loss": 2.183860176176365e-06}, "step": 63}
Step:63	{"loss": {"zhongtest_loss": 0.06948233623893893}, "step": 63}
Step:64	{"loss": {"zhongtrain_loss": 2.118962791947914e-06}, "step": 64}
Step:64	{"loss": {"zhongtest_loss": 0.06951811362286003}, "step": 64}
Step:65	{"loss": {"zhongtrain_loss": 2.051632119608777e-06}, "step": 65}
Step:65	{"loss": {"zhongtest_loss": 0.06954828087164432}, "step": 65}
Step:66	{"loss": {"zhongtrain_loss": 1.99441980969693e-06}, "step": 66}
Step:66	{"loss": {"zhongtest_loss": 0.06958252069901447}, "step": 66}
Step:67	{"loss": {"zhongtrain_loss": 1.9395428742947324e-06}, "step": 67}
Step:67	{"loss": {"zhongtest_loss": 0.06962988327960579}, "step": 67}
Step:68	{"loss": {"zhongtrain_loss": 1.890211258017059e-06}, "step": 68}
Step:68	{"loss": {"zhongtest_loss": 0.06965941798930265}, "step": 68}
Step:69	{"loss": {"zhongtrain_loss": 1.8456474728217081e-06}, "step": 69}
Step:69	{"loss": {"zhongtest_loss": 0.06969687890033333}, "step": 69}
Step:70	{"loss": {"zhongtrain_loss": 1.7999157924870296e-06}, "step": 70}
Step:70	{"loss": {"zhongtest_loss": 0.06972413646931551}, "step": 70}
Step:71	{"loss": {"zhongtrain_loss": 1.7599248427099415e-06}, "step": 71}
Step:71	{"loss": {"zhongtest_loss": 0.06972465709764131}, "step": 71}
Step:72	{"loss": {"zhongtrain_loss": 1.720322948780709e-06}, "step": 72}
Step:72	{"loss": {"zhongtest_loss": 0.06974921421128877}, "step": 72}
Step:73	{"loss": {"zhongtrain_loss": 1.6820832180591035e-06}, "step": 73}
Step:73	{"loss": {"zhongtest_loss": 0.06976923164056271}, "step": 73}
Step:74	{"loss": {"zhongtrain_loss": 1.6454972085609499e-06}, "step": 74}
Step:74	{"loss": {"zhongtest_loss": 0.06977794608291314}, "step": 74}
Step:75	{"loss": {"zhongtrain_loss": 1.6135817401975926e-06}, "step": 75}
Step:75	{"loss": {"zhongtest_loss": 0.06979447481583576}, "step": 75}
Step:76	{"loss": {"zhongtrain_loss": 1.5826393791940062e-06}, "step": 76}
Step:76	{"loss": {"zhongtest_loss": 0.06982051596349599}, "step": 76}
Step:77	{"loss": {"zhongtrain_loss": 1.5511131745630078e-06}, "step": 77}
Step:77	{"loss": {"zhongtest_loss": 0.06983950186748894}, "step": 77}
Step:78	{"loss": {"zhongtrain_loss": 1.5243542813030737e-06}, "step": 78}
Step:78	{"loss": {"zhongtest_loss": 0.06984718478455836}, "step": 78}
Step:79	{"loss": {"zhongtrain_loss": 1.4976929898174213e-06}, "step": 79}
Step:79	{"loss": {"zhongtest_loss": 0.06986376217433385}, "step": 79}
Step:80	{"loss": {"zhongtrain_loss": 1.4721989698175874e-06}, "step": 80}
Step:80	{"loss": {"zhongtest_loss": 0.0698851760552854}, "step": 80}
Step:81	{"loss": {"zhongtrain_loss": 1.4470947332613702e-06}, "step": 81}
Step:81	{"loss": {"zhongtest_loss": 0.06987978001030123}, "step": 81}
Step:82	{"loss": {"zhongtrain_loss": 1.429774212218555e-06}, "step": 82}
Step:82	{"loss": {"zhongtest_loss": 0.0698852149807677}, "step": 82}
Step:83	{"loss": {"zhongtrain_loss": 1.4104107062199287e-06}, "step": 83}
Step:83	{"loss": {"zhongtest_loss": 0.06990793773106166}, "step": 83}
Step:84	{"loss": {"zhongtrain_loss": 1.3895874352393938e-06}, "step": 84}
Step:84	{"loss": {"zhongtest_loss": 0.06992033549717494}, "step": 84}
Step:85	{"loss": {"zhongtrain_loss": 1.3724617019761355e-06}, "step": 85}
Step:85	{"loss": {"zhongtest_loss": 0.06993426108846859}, "step": 85}
Step:86	{"loss": {"zhongtrain_loss": 1.3539733897362436e-06}, "step": 86}
Step:86	{"loss": {"zhongtest_loss": 0.06995002590880102}, "step": 86}
Step:87	{"loss": {"zhongtrain_loss": 1.3350962295329996e-06}, "step": 87}
Step:87	{"loss": {"zhongtest_loss": 0.06996511439887845}, "step": 87}
Step:88	{"loss": {"zhongtrain_loss": 1.3194299494248947e-06}, "step": 88}
Step:88	{"loss": {"zhongtest_loss": 0.06996914318629674}, "step": 88}
Step:89	{"loss": {"zhongtrain_loss": 1.3048341705663396e-06}, "step": 89}
Step:89	{"loss": {"zhongtest_loss": 0.06996945945584045}, "step": 89}
Step:90	{"loss": {"zhongtrain_loss": 1.29052994972361e-06}, "step": 90}
Step:90	{"loss": {"zhongtest_loss": 0.06997942924499512}, "step": 90}
Step:91	{"loss": {"zhongtrain_loss": 1.2770045681723526e-06}, "step": 91}
Step:91	{"loss": {"zhongtest_loss": 0.06998475230469996}, "step": 91}
Step:92	{"loss": {"zhongtrain_loss": 1.2627979491039046e-06}, "step": 92}
Step:92	{"loss": {"zhongtest_loss": 0.06998618281617457}, "step": 92}
Step:93	{"loss": {"zhongtrain_loss": 1.248980177998809e-06}, "step": 93}
Step:93	{"loss": {"zhongtest_loss": 0.06999632290431432}, "step": 93}
Step:94	{"loss": {"zhongtrain_loss": 1.2357468741746354e-06}, "step": 94}
Step:94	{"loss": {"zhongtest_loss": 0.0700016702924456}, "step": 94}
Step:95	{"loss": {"zhongtrain_loss": 1.2230967903243645e-06}, "step": 95}
Step:95	{"loss": {"zhongtest_loss": 0.07001319223520708}, "step": 95}
Step:96	{"loss": {"zhongtrain_loss": 1.2116146016134216e-06}, "step": 96}
Step:96	{"loss": {"zhongtest_loss": 0.07002042264354472}, "step": 96}
Step:97	{"loss": {"zhongtrain_loss": 1.2000351229549518e-06}, "step": 97}
Step:97	{"loss": {"zhongtest_loss": 0.07002538077685298}, "step": 97}
Step:98	{"loss": {"zhongtrain_loss": 1.1893311498819718e-06}, "step": 98}
Step:98	{"loss": {"zhongtest_loss": 0.07004232795871033}, "step": 98}
Step:99	{"loss": {"zhongtrain_loss": 1.176486797963402e-06}, "step": 99}
Step:99	{"loss": {"zhongtest_loss": 0.07006649581753478}, "step": 99}
Step:100	{"loss": {"zhongtrain_loss": 1.1615987334932599e-06}, "step": 100}
Step:100	{"loss": {"zhongtest_loss": 0.07007848973176917}, "step": 100}
