Step:1	{"metric": {"full191Training": {"acc": 0.17142857142857143}}, "step": 1}
Step:1	{"metric": {"full191test": {"acc": 0.2857142857142857}}, "step": 1}
Step:1	{"metric": {"full191test": {"UAR": 0.119048}}, "step": 1}
Step:1	{"metric": {"full191test": {"Macro_F1": 0.1177}}, "step": 1}
Step:1	{"metric": {"full191test": {"wa": 0.749271}}, "step": 1}
Step:2	{"metric": {"full191Training": {"acc": 0.3142857142857143}}, "step": 2}
Step:2	{"metric": {"full191test": {"acc": 0.2857142857142857}}, "step": 2}
Step:2	{"metric": {"full191test": {"UAR": 0.040816}}, "step": 2}
Step:2	{"metric": {"full191test": {"Macro_F1": 0.063492}}, "step": 2}
Step:2	{"metric": {"full191test": {"wa": 1.0}}, "step": 2}
Step:3	{"metric": {"full191Training": {"acc": 0.34285714285714286}}, "step": 3}
Step:3	{"metric": {"full191test": {"acc": 0.30612244897959184}}, "step": 3}
Step:3	{"metric": {"full191test": {"UAR": 0.113982}}, "step": 3}
Step:3	{"metric": {"full191test": {"Macro_F1": 0.09732}}, "step": 3}
Step:3	{"metric": {"full191test": {"wa": 0.965015}}, "step": 3}
Step:4	{"metric": {"full191Training": {"acc": 0.4}}, "step": 4}
Step:4	{"metric": {"full191test": {"acc": 0.2653061224489796}}, "step": 4}
Step:4	{"metric": {"full191test": {"UAR": 0.109524}}, "step": 4}
Step:4	{"metric": {"full191test": {"Macro_F1": 0.10573}}, "step": 4}
Step:4	{"metric": {"full191test": {"wa": 0.797376}}, "step": 4}
Step:5	{"metric": {"full191Training": {"acc": 0.34285714285714286}}, "step": 5}
Step:5	{"metric": {"full191test": {"acc": 0.32653061224489793}}, "step": 5}
Step:5	{"metric": {"full191test": {"UAR": 0.114618}}, "step": 5}
Step:5	{"metric": {"full191test": {"Macro_F1": 0.131097}}, "step": 5}
Step:5	{"metric": {"full191test": {"wa": 0.867347}}, "step": 5}
Step:6	{"metric": {"full191Training": {"acc": 0.34285714285714286}}, "step": 6}
Step:6	{"metric": {"full191test": {"acc": 0.32653061224489793}}, "step": 6}
Step:6	{"metric": {"full191test": {"UAR": 0.098868}}, "step": 6}
Step:6	{"metric": {"full191test": {"Macro_F1": 0.124675}}, "step": 6}
Step:6	{"metric": {"full191test": {"wa": 0.846939}}, "step": 6}
Step:7	{"metric": {"full191Training": {"acc": 0.37142857142857144}}, "step": 7}
Step:7	{"metric": {"full191test": {"acc": 0.32653061224489793}}, "step": 7}
Step:7	{"metric": {"full191test": {"UAR": 0.116725}}, "step": 7}
Step:7	{"metric": {"full191test": {"Macro_F1": 0.133467}}, "step": 7}
Step:7	{"metric": {"full191test": {"wa": 0.829446}}, "step": 7}
Step:8	{"metric": {"full191Training": {"acc": 0.4}}, "step": 8}
Step:8	{"metric": {"full191test": {"acc": 0.3673469387755102}}, "step": 8}
Step:8	{"metric": {"full191test": {"UAR": 0.121622}}, "step": 8}
Step:8	{"metric": {"full191test": {"Macro_F1": 0.156863}}, "step": 8}
Step:8	{"metric": {"full191test": {"wa": 0.846939}}, "step": 8}
Step:9	{"metric": {"full191Training": {"acc": 0.42857142857142855}}, "step": 9}
Step:9	{"metric": {"full191test": {"acc": 0.3673469387755102}}, "step": 9}
Step:9	{"metric": {"full191test": {"UAR": 0.272109}}, "step": 9}
Step:9	{"metric": {"full191test": {"Macro_F1": 0.19416}}, "step": 9}
Step:9	{"metric": {"full191test": {"wa": 0.718791}}, "step": 9}
Step:10	{"metric": {"full191Training": {"acc": 0.45714285714285713}}, "step": 10}
Step:10	{"metric": {"full191test": {"acc": 0.3877551020408163}}, "step": 10}
Step:10	{"metric": {"full191test": {"UAR": 0.177778}}, "step": 10}
Step:10	{"metric": {"full191test": {"Macro_F1": 0.20063}}, "step": 10}
Step:10	{"metric": {"full191test": {"wa": 0.621256}}, "step": 10}
Step:11	{"metric": {"full191Training": {"acc": 0.42857142857142855}}, "step": 11}
Step:11	{"metric": {"full191test": {"acc": 0.46938775510204084}}, "step": 11}
Step:11	{"metric": {"full191test": {"UAR": 0.223077}}, "step": 11}
Step:11	{"metric": {"full191test": {"Macro_F1": 0.238095}}, "step": 11}
Step:11	{"metric": {"full191test": {"wa": 0.759873}}, "step": 11}
Step:12	{"metric": {"full191Training": {"acc": 0.5428571428571428}}, "step": 12}
Step:12	{"metric": {"full191test": {"acc": 0.42857142857142855}}, "step": 12}
Step:12	{"metric": {"full191test": {"UAR": 0.236111}}, "step": 12}
Step:12	{"metric": {"full191test": {"Macro_F1": 0.242799}}, "step": 12}
Step:12	{"metric": {"full191test": {"wa": 0.591572}}, "step": 12}
Step:13	{"metric": {"full191Training": {"acc": 0.5714285714285714}}, "step": 13}
Step:13	{"metric": {"full191test": {"acc": 0.3877551020408163}}, "step": 13}
Step:13	{"metric": {"full191test": {"UAR": 0.210714}}, "step": 13}
Step:13	{"metric": {"full191test": {"Macro_F1": 0.21203}}, "step": 13}
Step:13	{"metric": {"full191test": {"wa": 0.548635}}, "step": 13}
Step:14	{"metric": {"full191Training": {"acc": 0.6}}, "step": 14}
Step:14	{"metric": {"full191test": {"acc": 0.3673469387755102}}, "step": 14}
Step:14	{"metric": {"full191test": {"UAR": 0.20522}}, "step": 14}
Step:14	{"metric": {"full191test": {"Macro_F1": 0.202256}}, "step": 14}
Step:14	{"metric": {"full191test": {"wa": 0.543069}}, "step": 14}
Step:15	{"metric": {"full191Training": {"acc": 0.6}}, "step": 15}
Step:15	{"metric": {"full191test": {"acc": 0.3877551020408163}}, "step": 15}
Step:15	{"metric": {"full191test": {"UAR": 0.217391}}, "step": 15}
Step:15	{"metric": {"full191test": {"Macro_F1": 0.221916}}, "step": 15}
Step:15	{"metric": {"full191test": {"wa": 0.522926}}, "step": 15}
Step:16	{"metric": {"full191Training": {"acc": 0.6285714285714286}}, "step": 16}
Step:16	{"metric": {"full191test": {"acc": 0.3673469387755102}}, "step": 16}
Step:16	{"metric": {"full191test": {"UAR": 0.214286}}, "step": 16}
Step:16	{"metric": {"full191test": {"Macro_F1": 0.199134}}, "step": 16}
Step:16	{"metric": {"full191test": {"wa": 0.618076}}, "step": 16}
Step:17	{"metric": {"full191Training": {"acc": 0.5714285714285714}}, "step": 17}
Step:17	{"metric": {"full191test": {"acc": 0.3469387755102041}}, "step": 17}
Step:17	{"metric": {"full191test": {"UAR": 0.172619}}, "step": 17}
Step:17	{"metric": {"full191test": {"Macro_F1": 0.185656}}, "step": 17}
Step:17	{"metric": {"full191test": {"wa": 0.524781}}, "step": 17}
Step:18	{"metric": {"full191Training": {"acc": 0.6}}, "step": 18}
Step:18	{"metric": {"full191test": {"acc": 0.3469387755102041}}, "step": 18}
Step:18	{"metric": {"full191test": {"UAR": 0.198701}}, "step": 18}
Step:18	{"metric": {"full191test": {"Macro_F1": 0.198413}}, "step": 18}
Step:18	{"metric": {"full191test": {"wa": 0.475219}}, "step": 18}
Step:19	{"metric": {"full191Training": {"acc": 0.6}}, "step": 19}
Step:19	{"metric": {"full191test": {"acc": 0.3877551020408163}}, "step": 19}
Step:19	{"metric": {"full191test": {"UAR": 0.240569}}, "step": 19}
Step:19	{"metric": {"full191test": {"Macro_F1": 0.226436}}, "step": 19}
Step:19	{"metric": {"full191test": {"wa": 0.60277}}, "step": 19}
Step:20	{"metric": {"full191Training": {"acc": 0.5714285714285714}}, "step": 20}
Step:20	{"metric": {"full191test": {"acc": 0.3469387755102041}}, "step": 20}
Step:20	{"metric": {"full191test": {"UAR": 0.207143}}, "step": 20}
Step:20	{"metric": {"full191test": {"Macro_F1": 0.199071}}, "step": 20}
Step:20	{"metric": {"full191test": {"wa": 0.516035}}, "step": 20}
Step:21	{"metric": {"full191Training": {"acc": 0.6}}, "step": 21}
Step:21	{"metric": {"full191test": {"acc": 0.3469387755102041}}, "step": 21}
Step:21	{"metric": {"full191test": {"UAR": 0.207143}}, "step": 21}
Step:21	{"metric": {"full191test": {"Macro_F1": 0.204482}}, "step": 21}
Step:21	{"metric": {"full191test": {"wa": 0.437318}}, "step": 21}
Step:22	{"metric": {"full191Training": {"acc": 0.6285714285714286}}, "step": 22}
Step:22	{"metric": {"full191test": {"acc": 0.40816326530612246}}, "step": 22}
Step:22	{"metric": {"full191test": {"UAR": 0.202381}}, "step": 22}
Step:22	{"metric": {"full191test": {"Macro_F1": 0.228571}}, "step": 22}
Step:22	{"metric": {"full191test": {"wa": 0.568513}}, "step": 22}
Step:23	{"metric": {"full191Training": {"acc": 0.6571428571428571}}, "step": 23}
Step:23	{"metric": {"full191test": {"acc": 0.3877551020408163}}, "step": 23}
Step:23	{"metric": {"full191test": {"UAR": 0.238095}}, "step": 23}
Step:23	{"metric": {"full191test": {"Macro_F1": 0.233333}}, "step": 23}
Step:23	{"metric": {"full191test": {"wa": 0.501458}}, "step": 23}
Step:24	{"metric": {"full191Training": {"acc": 0.6571428571428571}}, "step": 24}
Step:24	{"metric": {"full191test": {"acc": 0.3877551020408163}}, "step": 24}
Step:24	{"metric": {"full191test": {"UAR": 0.205952}}, "step": 24}
Step:24	{"metric": {"full191test": {"Macro_F1": 0.230456}}, "step": 24}
Step:24	{"metric": {"full191test": {"wa": 0.520117}}, "step": 24}
Step:25	{"metric": {"full191Training": {"acc": 0.6571428571428571}}, "step": 25}
Step:25	{"metric": {"full191test": {"acc": 0.3877551020408163}}, "step": 25}
Step:25	{"metric": {"full191test": {"UAR": 0.259524}}, "step": 25}
Step:25	{"metric": {"full191test": {"Macro_F1": 0.254265}}, "step": 25}
Step:25	{"metric": {"full191test": {"wa": 0.476385}}, "step": 25}
Step:26	{"metric": {"full191Training": {"acc": 0.7428571428571429}}, "step": 26}
Step:26	{"metric": {"full191test": {"acc": 0.4489795918367347}}, "step": 26}
Step:26	{"metric": {"full191test": {"UAR": 0.255952}}, "step": 26}
Step:26	{"metric": {"full191test": {"Macro_F1": 0.279121}}, "step": 26}
Step:26	{"metric": {"full191test": {"wa": 0.604082}}, "step": 26}
Step:27	{"metric": {"full191Training": {"acc": 0.7428571428571429}}, "step": 27}
Step:27	{"metric": {"full191test": {"acc": 0.3877551020408163}}, "step": 27}
Step:27	{"metric": {"full191test": {"UAR": 0.235714}}, "step": 27}
Step:27	{"metric": {"full191test": {"Macro_F1": 0.241112}}, "step": 27}
Step:27	{"metric": {"full191test": {"wa": 0.483965}}, "step": 27}
Step:28	{"metric": {"full191Training": {"acc": 0.7428571428571429}}, "step": 28}
Step:28	{"metric": {"full191test": {"acc": 0.42857142857142855}}, "step": 28}
Step:28	{"metric": {"full191test": {"UAR": 0.22619}}, "step": 28}
Step:28	{"metric": {"full191test": {"Macro_F1": 0.254545}}, "step": 28}
Step:28	{"metric": {"full191test": {"wa": 0.593003}}, "step": 28}
Step:29	{"metric": {"full191Training": {"acc": 0.7714285714285715}}, "step": 29}
Step:29	{"metric": {"full191test": {"acc": 0.4489795918367347}}, "step": 29}
Step:29	{"metric": {"full191test": {"UAR": 0.240646}}, "step": 29}
Step:29	{"metric": {"full191test": {"Macro_F1": 0.271429}}, "step": 29}
Step:29	{"metric": {"full191test": {"wa": 0.620408}}, "step": 29}
Step:30	{"metric": {"full191Training": {"acc": 0.8}}, "step": 30}
Step:30	{"metric": {"full191test": {"acc": 0.40816326530612246}}, "step": 30}
Step:30	{"metric": {"full191test": {"UAR": 0.217687}}, "step": 30}
Step:30	{"metric": {"full191test": {"Macro_F1": 0.236735}}, "step": 30}
Step:30	{"metric": {"full191test": {"wa": 0.55102}}, "step": 30}
Step:31	{"metric": {"full191Training": {"acc": 0.7428571428571429}}, "step": 31}
Step:31	{"metric": {"full191test": {"acc": 0.4897959183673469}}, "step": 31}
Step:31	{"metric": {"full191test": {"UAR": 0.320238}}, "step": 31}
Step:31	{"metric": {"full191test": {"Macro_F1": 0.314286}}, "step": 31}
Step:31	{"metric": {"full191test": {"wa": 0.627087}}, "step": 31}
Step:32	{"metric": {"full191Training": {"acc": 0.8857142857142857}}, "step": 32}
Step:32	{"metric": {"full191test": {"acc": 0.4897959183673469}}, "step": 32}
Step:32	{"metric": {"full191test": {"UAR": 0.342857}}, "step": 32}
Step:32	{"metric": {"full191test": {"Macro_F1": 0.33691}}, "step": 32}
Step:32	{"metric": {"full191test": {"wa": 0.596607}}, "step": 32}
Step:33	{"metric": {"full191Training": {"acc": 0.9142857142857143}}, "step": 33}
Step:33	{"metric": {"full191test": {"acc": 0.46938775510204084}}, "step": 33}
Step:33	{"metric": {"full191test": {"UAR": 0.272619}}, "step": 33}
Step:33	{"metric": {"full191test": {"Macro_F1": 0.284594}}, "step": 33}
Step:33	{"metric": {"full191test": {"wa": 0.593692}}, "step": 33}
Step:34	{"metric": {"full191Training": {"acc": 0.8857142857142857}}, "step": 34}
Step:34	{"metric": {"full191test": {"acc": 0.46938775510204084}}, "step": 34}
Step:34	{"metric": {"full191test": {"UAR": 0.317857}}, "step": 34}
Step:34	{"metric": {"full191test": {"Macro_F1": 0.323926}}, "step": 34}
Step:34	{"metric": {"full191test": {"wa": 0.584204}}, "step": 34}
Step:35	{"metric": {"full191Training": {"acc": 0.8}}, "step": 35}
Step:35	{"metric": {"full191test": {"acc": 0.46938775510204084}}, "step": 35}
Step:35	{"metric": {"full191test": {"UAR": 0.295238}}, "step": 35}
Step:35	{"metric": {"full191test": {"Macro_F1": 0.296032}}, "step": 35}
Step:35	{"metric": {"full191test": {"wa": 0.603393}}, "step": 35}
Step:36	{"metric": {"full191Training": {"acc": 0.8571428571428571}}, "step": 36}
Step:36	{"metric": {"full191test": {"acc": 0.4489795918367347}}, "step": 36}
Step:36	{"metric": {"full191test": {"UAR": 0.347744}}, "step": 36}
Step:36	{"metric": {"full191test": {"Macro_F1": 0.326962}}, "step": 36}
Step:36	{"metric": {"full191test": {"wa": 0.505089}}, "step": 36}
Step:37	{"metric": {"full191Training": {"acc": 0.8285714285714286}}, "step": 37}
Step:37	{"metric": {"full191test": {"acc": 0.42857142857142855}}, "step": 37}
Step:37	{"metric": {"full191test": {"UAR": 0.263039}}, "step": 37}
Step:37	{"metric": {"full191test": {"Macro_F1": 0.278807}}, "step": 37}
Step:37	{"metric": {"full191test": {"wa": 0.576385}}, "step": 37}
Step:38	{"metric": {"full191Training": {"acc": 0.8571428571428571}}, "step": 38}
Step:38	{"metric": {"full191test": {"acc": 0.40816326530612246}}, "step": 38}
Step:38	{"metric": {"full191test": {"UAR": 0.421429}}, "step": 38}
Step:38	{"metric": {"full191test": {"Macro_F1": 0.280184}}, "step": 38}
Step:38	{"metric": {"full191test": {"wa": 0.45057}}, "step": 38}
Step:39	{"metric": {"full191Training": {"acc": 0.9428571428571428}}, "step": 39}
Step:39	{"metric": {"full191test": {"acc": 0.46938775510204084}}, "step": 39}
Step:39	{"metric": {"full191test": {"UAR": 0.405782}}, "step": 39}
Step:39	{"metric": {"full191test": {"Macro_F1": 0.329652}}, "step": 39}
Step:39	{"metric": {"full191test": {"wa": 0.530082}}, "step": 39}
Step:40	{"metric": {"full191Training": {"acc": 0.9428571428571428}}, "step": 40}
Step:40	{"metric": {"full191test": {"acc": 0.42857142857142855}}, "step": 40}
Step:40	{"metric": {"full191test": {"UAR": 0.351361}}, "step": 40}
Step:40	{"metric": {"full191test": {"Macro_F1": 0.293493}}, "step": 40}
Step:40	{"metric": {"full191test": {"wa": 0.507501}}, "step": 40}
Step:41	{"metric": {"full191Training": {"acc": 0.8857142857142857}}, "step": 41}
Step:41	{"metric": {"full191test": {"acc": 0.40816326530612246}}, "step": 41}
Step:41	{"metric": {"full191test": {"UAR": 0.316416}}, "step": 41}
Step:41	{"metric": {"full191test": {"Macro_F1": 0.295471}}, "step": 41}
Step:41	{"metric": {"full191test": {"wa": 0.4793}}, "step": 41}
Step:42	{"metric": {"full191Training": {"acc": 0.9142857142857143}}, "step": 42}
Step:42	{"metric": {"full191test": {"acc": 0.42857142857142855}}, "step": 42}
Step:42	{"metric": {"full191test": {"UAR": 0.394444}}, "step": 42}
Step:42	{"metric": {"full191test": {"Macro_F1": 0.328286}}, "step": 42}
Step:42	{"metric": {"full191test": {"wa": 0.432706}}, "step": 42}
Step:43	{"metric": {"full191Training": {"acc": 0.9714285714285714}}, "step": 43}
Step:43	{"metric": {"full191test": {"acc": 0.40816326530612246}}, "step": 43}
Step:43	{"metric": {"full191test": {"UAR": 0.271429}}, "step": 43}
Step:43	{"metric": {"full191test": {"Macro_F1": 0.264346}}, "step": 43}
Step:43	{"metric": {"full191test": {"wa": 0.527114}}, "step": 43}
Step:44	{"metric": {"full191Training": {"acc": 0.9714285714285714}}, "step": 44}
Step:44	{"metric": {"full191test": {"acc": 0.3673469387755102}}, "step": 44}
Step:44	{"metric": {"full191test": {"UAR": 0.271008}}, "step": 44}
Step:44	{"metric": {"full191test": {"Macro_F1": 0.259225}}, "step": 44}
Step:44	{"metric": {"full191test": {"wa": 0.389213}}, "step": 44}
Step:45	{"metric": {"full191Training": {"acc": 1.0}}, "step": 45}
Step:45	{"metric": {"full191test": {"acc": 0.40816326530612246}}, "step": 45}
Step:45	{"metric": {"full191test": {"UAR": 0.311905}}, "step": 45}
Step:45	{"metric": {"full191test": {"Macro_F1": 0.293026}}, "step": 45}
Step:45	{"metric": {"full191test": {"wa": 0.479883}}, "step": 45}
Step:46	{"metric": {"full191Training": {"acc": 0.9714285714285714}}, "step": 46}
Step:46	{"metric": {"full191test": {"acc": 0.3469387755102041}}, "step": 46}
Step:46	{"metric": {"full191test": {"UAR": 0.285464}}, "step": 46}
Step:46	{"metric": {"full191test": {"Macro_F1": 0.24016}}, "step": 46}
Step:46	{"metric": {"full191test": {"wa": 0.396501}}, "step": 46}
Step:47	{"metric": {"full191Training": {"acc": 0.9714285714285714}}, "step": 47}
Step:47	{"metric": {"full191test": {"acc": 0.42857142857142855}}, "step": 47}
Step:47	{"metric": {"full191test": {"UAR": 0.366667}}, "step": 47}
Step:47	{"metric": {"full191test": {"Macro_F1": 0.337302}}, "step": 47}
Step:47	{"metric": {"full191test": {"wa": 0.449563}}, "step": 47}
Step:48	{"metric": {"full191Training": {"acc": 0.9714285714285714}}, "step": 48}
Step:48	{"metric": {"full191test": {"acc": 0.40816326530612246}}, "step": 48}
Step:48	{"metric": {"full191test": {"UAR": 0.338469}}, "step": 48}
Step:48	{"metric": {"full191test": {"Macro_F1": 0.313194}}, "step": 48}
Step:48	{"metric": {"full191test": {"wa": 0.442274}}, "step": 48}
Step:49	{"metric": {"full191Training": {"acc": 1.0}}, "step": 49}
Step:49	{"metric": {"full191test": {"acc": 0.4489795918367347}}, "step": 49}
Step:49	{"metric": {"full191test": {"UAR": 0.334407}}, "step": 49}
Step:49	{"metric": {"full191test": {"Macro_F1": 0.329932}}, "step": 49}
Step:49	{"metric": {"full191test": {"wa": 0.538802}}, "step": 49}
Step:50	{"metric": {"full191Training": {"acc": 0.9714285714285714}}, "step": 50}
Step:50	{"metric": {"full191test": {"acc": 0.3877551020408163}}, "step": 50}
Step:50	{"metric": {"full191test": {"UAR": 0.289036}}, "step": 50}
Step:50	{"metric": {"full191test": {"Macro_F1": 0.276749}}, "step": 50}
Step:50	{"metric": {"full191test": {"wa": 0.412483}}, "step": 50}
Step:51	{"metric": {"full191Training": {"acc": 1.0}}, "step": 51}
Step:51	{"metric": {"full191test": {"acc": 0.46938775510204084}}, "step": 51}
Step:51	{"metric": {"full191test": {"UAR": 0.341657}}, "step": 51}
Step:51	{"metric": {"full191test": {"Macro_F1": 0.342742}}, "step": 51}
Step:51	{"metric": {"full191test": {"wa": 0.52123}}, "step": 51}
Step:52	{"metric": {"full191Training": {"acc": 1.0}}, "step": 52}
Step:52	{"metric": {"full191test": {"acc": 0.40816326530612246}}, "step": 52}
Step:52	{"metric": {"full191test": {"UAR": 0.318421}}, "step": 52}
Step:52	{"metric": {"full191test": {"Macro_F1": 0.303297}}, "step": 52}
Step:52	{"metric": {"full191test": {"wa": 0.457858}}, "step": 52}
Step:53	{"metric": {"full191Training": {"acc": 0.9714285714285714}}, "step": 53}
Step:53	{"metric": {"full191test": {"acc": 0.42857142857142855}}, "step": 53}
Step:53	{"metric": {"full191test": {"UAR": 0.314035}}, "step": 53}
Step:53	{"metric": {"full191test": {"Macro_F1": 0.309357}}, "step": 53}
Step:53	{"metric": {"full191test": {"wa": 0.490962}}, "step": 53}
Step:54	{"metric": {"full191Training": {"acc": 1.0}}, "step": 54}
Step:54	{"metric": {"full191test": {"acc": 0.42857142857142855}}, "step": 54}
Step:54	{"metric": {"full191test": {"UAR": 0.312302}}, "step": 54}
Step:54	{"metric": {"full191test": {"Macro_F1": 0.307125}}, "step": 54}
Step:54	{"metric": {"full191test": {"wa": 0.48916}}, "step": 54}
Step:55	{"metric": {"full191Training": {"acc": 1.0}}, "step": 55}
Step:55	{"metric": {"full191test": {"acc": 0.3673469387755102}}, "step": 55}
Step:55	{"metric": {"full191test": {"UAR": 0.212675}}, "step": 55}
Step:55	{"metric": {"full191test": {"Macro_F1": 0.226345}}, "step": 55}
Step:55	{"metric": {"full191test": {"wa": 0.45481}}, "step": 55}
Step:56	{"metric": {"full191Training": {"acc": 1.0}}, "step": 56}
Step:56	{"metric": {"full191test": {"acc": 0.42857142857142855}}, "step": 56}
Step:56	{"metric": {"full191test": {"UAR": 0.366667}}, "step": 56}
Step:56	{"metric": {"full191test": {"Macro_F1": 0.308608}}, "step": 56}
Step:56	{"metric": {"full191test": {"wa": 0.45269}}, "step": 56}
Step:57	{"metric": {"full191Training": {"acc": 1.0}}, "step": 57}
Step:57	{"metric": {"full191test": {"acc": 0.3877551020408163}}, "step": 57}
Step:57	{"metric": {"full191test": {"UAR": 0.316416}}, "step": 57}
Step:57	{"metric": {"full191test": {"Macro_F1": 0.277706}}, "step": 57}
Step:57	{"metric": {"full191test": {"wa": 0.424914}}, "step": 57}
Step:58	{"metric": {"full191Training": {"acc": 0.9428571428571428}}, "step": 58}
Step:58	{"metric": {"full191test": {"acc": 0.40816326530612246}}, "step": 58}
Step:58	{"metric": {"full191test": {"UAR": 0.34958}}, "step": 58}
Step:58	{"metric": {"full191test": {"Macro_F1": 0.325192}}, "step": 58}
Step:58	{"metric": {"full191test": {"wa": 0.415452}}, "step": 58}
Step:59	{"metric": {"full191Training": {"acc": 1.0}}, "step": 59}
Step:59	{"metric": {"full191test": {"acc": 0.3877551020408163}}, "step": 59}
Step:59	{"metric": {"full191test": {"UAR": 0.352381}}, "step": 59}
Step:59	{"metric": {"full191test": {"Macro_F1": 0.290451}}, "step": 59}
Step:59	{"metric": {"full191test": {"wa": 0.434402}}, "step": 59}
Step:60	{"metric": {"full191Training": {"acc": 1.0}}, "step": 60}
Step:60	{"metric": {"full191test": {"acc": 0.40816326530612246}}, "step": 60}
Step:60	{"metric": {"full191test": {"UAR": 0.363492}}, "step": 60}
Step:60	{"metric": {"full191test": {"Macro_F1": 0.313582}}, "step": 60}
Step:60	{"metric": {"full191test": {"wa": 0.417387}}, "step": 60}
Step:61	{"metric": {"full191Training": {"acc": 0.9428571428571428}}, "step": 61}
Step:61	{"metric": {"full191test": {"acc": 0.4897959183673469}}, "step": 61}
Step:61	{"metric": {"full191test": {"UAR": 0.416667}}, "step": 61}
Step:61	{"metric": {"full191test": {"Macro_F1": 0.391392}}, "step": 61}
Step:61	{"metric": {"full191test": {"wa": 0.517625}}, "step": 61}
Step:62	{"metric": {"full191Training": {"acc": 0.9714285714285714}}, "step": 62}
Step:62	{"metric": {"full191test": {"acc": 0.3877551020408163}}, "step": 62}
Step:62	{"metric": {"full191test": {"UAR": 0.288489}}, "step": 62}
Step:62	{"metric": {"full191test": {"Macro_F1": 0.269841}}, "step": 62}
Step:62	{"metric": {"full191test": {"wa": 0.449006}}, "step": 62}
Step:63	{"metric": {"full191Training": {"acc": 1.0}}, "step": 63}
Step:63	{"metric": {"full191test": {"acc": 0.42857142857142855}}, "step": 63}
Step:63	{"metric": {"full191test": {"UAR": 0.32458}}, "step": 63}
Step:63	{"metric": {"full191test": {"Macro_F1": 0.321163}}, "step": 63}
Step:63	{"metric": {"full191test": {"wa": 0.462682}}, "step": 63}
Step:64	{"metric": {"full191Training": {"acc": 0.9714285714285714}}, "step": 64}
Step:64	{"metric": {"full191test": {"acc": 0.46938775510204084}}, "step": 64}
Step:64	{"metric": {"full191test": {"UAR": 0.328342}}, "step": 64}
Step:64	{"metric": {"full191test": {"Macro_F1": 0.351648}}, "step": 64}
Step:64	{"metric": {"full191test": {"wa": 0.58965}}, "step": 64}
Step:65	{"metric": {"full191Training": {"acc": 1.0}}, "step": 65}
Step:65	{"metric": {"full191test": {"acc": 0.4489795918367347}}, "step": 65}
Step:65	{"metric": {"full191test": {"UAR": 0.392231}}, "step": 65}
Step:65	{"metric": {"full191test": {"Macro_F1": 0.35191}}, "step": 65}
Step:65	{"metric": {"full191test": {"wa": 0.49507}}, "step": 65}
Step:66	{"metric": {"full191Training": {"acc": 1.0}}, "step": 66}
Step:66	{"metric": {"full191test": {"acc": 0.5102040816326531}}, "step": 66}
Step:66	{"metric": {"full191test": {"UAR": 0.423559}}, "step": 66}
Step:66	{"metric": {"full191test": {"Macro_F1": 0.395733}}, "step": 66}
Step:66	{"metric": {"full191test": {"wa": 0.565333}}, "step": 66}
Step:67	{"metric": {"full191Training": {"acc": 1.0}}, "step": 67}
Step:67	{"metric": {"full191test": {"acc": 0.42857142857142855}}, "step": 67}
Step:67	{"metric": {"full191test": {"UAR": 0.396279}}, "step": 67}
Step:67	{"metric": {"full191test": {"Macro_F1": 0.343971}}, "step": 67}
Step:67	{"metric": {"full191test": {"wa": 0.438113}}, "step": 67}
Step:68	{"metric": {"full191Training": {"acc": 1.0}}, "step": 68}
Step:68	{"metric": {"full191test": {"acc": 0.46938775510204084}}, "step": 68}
Step:68	{"metric": {"full191test": {"UAR": 0.476791}}, "step": 68}
Step:68	{"metric": {"full191test": {"Macro_F1": 0.369519}}, "step": 68}
Step:68	{"metric": {"full191test": {"wa": 0.505354}}, "step": 68}
Step:69	{"metric": {"full191Training": {"acc": 1.0}}, "step": 69}
Step:69	{"metric": {"full191test": {"acc": 0.42857142857142855}}, "step": 69}
Step:69	{"metric": {"full191test": {"UAR": 0.383929}}, "step": 69}
Step:69	{"metric": {"full191test": {"Macro_F1": 0.336709}}, "step": 69}
Step:69	{"metric": {"full191test": {"wa": 0.414312}}, "step": 69}
Step:70	{"metric": {"full191Training": {"acc": 1.0}}, "step": 70}
Step:70	{"metric": {"full191test": {"acc": 0.46938775510204084}}, "step": 70}
Step:70	{"metric": {"full191test": {"UAR": 0.496519}}, "step": 70}
Step:70	{"metric": {"full191test": {"Macro_F1": 0.375427}}, "step": 70}
Step:70	{"metric": {"full191test": {"wa": 0.481447}}, "step": 70}
Step:71	{"metric": {"full191Training": {"acc": 1.0}}, "step": 71}
Step:71	{"metric": {"full191test": {"acc": 0.4489795918367347}}, "step": 71}
Step:71	{"metric": {"full191test": {"UAR": 0.378486}}, "step": 71}
Step:71	{"metric": {"full191test": {"Macro_F1": 0.346834}}, "step": 71}
Step:71	{"metric": {"full191test": {"wa": 0.448715}}, "step": 71}
Step:72	{"metric": {"full191Training": {"acc": 0.9714285714285714}}, "step": 72}
Step:72	{"metric": {"full191test": {"acc": 0.42857142857142855}}, "step": 72}
Step:72	{"metric": {"full191test": {"UAR": 0.312925}}, "step": 72}
Step:72	{"metric": {"full191test": {"Macro_F1": 0.310111}}, "step": 72}
Step:72	{"metric": {"full191test": {"wa": 0.495044}}, "step": 72}
Step:73	{"metric": {"full191Training": {"acc": 0.9714285714285714}}, "step": 73}
Step:73	{"metric": {"full191test": {"acc": 0.40816326530612246}}, "step": 73}
Step:73	{"metric": {"full191test": {"UAR": 0.354342}}, "step": 73}
Step:73	{"metric": {"full191test": {"Macro_F1": 0.318451}}, "step": 73}
Step:73	{"metric": {"full191test": {"wa": 0.45277}}, "step": 73}
Step:74	{"metric": {"full191Training": {"acc": 1.0}}, "step": 74}
Step:74	{"metric": {"full191test": {"acc": 0.4489795918367347}}, "step": 74}
Step:74	{"metric": {"full191test": {"UAR": 0.356892}}, "step": 74}
Step:74	{"metric": {"full191test": {"Macro_F1": 0.320798}}, "step": 74}
Step:74	{"metric": {"full191test": {"wa": 0.548317}}, "step": 74}
Step:75	{"metric": {"full191Training": {"acc": 1.0}}, "step": 75}
Step:75	{"metric": {"full191test": {"acc": 0.42857142857142855}}, "step": 75}
Step:75	{"metric": {"full191test": {"UAR": 0.32988}}, "step": 75}
Step:75	{"metric": {"full191test": {"Macro_F1": 0.322251}}, "step": 75}
Step:75	{"metric": {"full191test": {"wa": 0.507275}}, "step": 75}
Step:76	{"metric": {"full191Training": {"acc": 1.0}}, "step": 76}
Step:76	{"metric": {"full191test": {"acc": 0.46938775510204084}}, "step": 76}
Step:76	{"metric": {"full191test": {"UAR": 0.328734}}, "step": 76}
Step:76	{"metric": {"full191test": {"Macro_F1": 0.346212}}, "step": 76}
Step:76	{"metric": {"full191test": {"wa": 0.601895}}, "step": 76}
Step:77	{"metric": {"full191Training": {"acc": 1.0}}, "step": 77}
Step:77	{"metric": {"full191test": {"acc": 0.4489795918367347}}, "step": 77}
Step:77	{"metric": {"full191test": {"UAR": 0.447368}}, "step": 77}
Step:77	{"metric": {"full191test": {"Macro_F1": 0.329504}}, "step": 77}
Step:77	{"metric": {"full191test": {"wa": 0.516141}}, "step": 77}
Step:78	{"metric": {"full191Training": {"acc": 1.0}}, "step": 78}
Step:78	{"metric": {"full191test": {"acc": 0.4489795918367347}}, "step": 78}
Step:78	{"metric": {"full191test": {"UAR": 0.365873}}, "step": 78}
Step:78	{"metric": {"full191test": {"Macro_F1": 0.351836}}, "step": 78}
Step:78	{"metric": {"full191test": {"wa": 0.487994}}, "step": 78}
Step:79	{"metric": {"full191Training": {"acc": 1.0}}, "step": 79}
Step:79	{"metric": {"full191test": {"acc": 0.4489795918367347}}, "step": 79}
Step:79	{"metric": {"full191test": {"UAR": 0.308673}}, "step": 79}
Step:79	{"metric": {"full191test": {"Macro_F1": 0.316667}}, "step": 79}
Step:79	{"metric": {"full191test": {"wa": 0.544023}}, "step": 79}
Step:80	{"metric": {"full191Training": {"acc": 1.0}}, "step": 80}
Step:80	{"metric": {"full191test": {"acc": 0.46938775510204084}}, "step": 80}
Step:80	{"metric": {"full191test": {"UAR": 0.393797}}, "step": 80}
Step:80	{"metric": {"full191test": {"Macro_F1": 0.34965}}, "step": 80}
Step:80	{"metric": {"full191test": {"wa": 0.550649}}, "step": 80}
Step:81	{"metric": {"full191Training": {"acc": 1.0}}, "step": 81}
Step:81	{"metric": {"full191test": {"acc": 0.40816326530612246}}, "step": 81}
Step:81	{"metric": {"full191test": {"UAR": 0.261278}}, "step": 81}
Step:81	{"metric": {"full191test": {"Macro_F1": 0.281926}}, "step": 81}
Step:81	{"metric": {"full191test": {"wa": 0.533236}}, "step": 81}
Step:82	{"metric": {"full191Training": {"acc": 1.0}}, "step": 82}
Step:82	{"metric": {"full191test": {"acc": 0.42857142857142855}}, "step": 82}
Step:82	{"metric": {"full191test": {"UAR": 0.285856}}, "step": 82}
Step:82	{"metric": {"full191test": {"Macro_F1": 0.303355}}, "step": 82}
Step:82	{"metric": {"full191test": {"wa": 0.509038}}, "step": 82}
Step:83	{"metric": {"full191Training": {"acc": 1.0}}, "step": 83}
Step:83	{"metric": {"full191test": {"acc": 0.40816326530612246}}, "step": 83}
Step:83	{"metric": {"full191test": {"UAR": 0.255326}}, "step": 83}
Step:83	{"metric": {"full191test": {"Macro_F1": 0.280519}}, "step": 83}
Step:83	{"metric": {"full191test": {"wa": 0.51691}}, "step": 83}
Step:84	{"metric": {"full191Training": {"acc": 1.0}}, "step": 84}
Step:84	{"metric": {"full191test": {"acc": 0.40816326530612246}}, "step": 84}
Step:84	{"metric": {"full191test": {"UAR": 0.407814}}, "step": 84}
Step:84	{"metric": {"full191test": {"Macro_F1": 0.300669}}, "step": 84}
Step:84	{"metric": {"full191test": {"wa": 0.493255}}, "step": 84}
Step:85	{"metric": {"full191Training": {"acc": 1.0}}, "step": 85}
Step:85	{"metric": {"full191test": {"acc": 0.42857142857142855}}, "step": 85}
Step:85	{"metric": {"full191test": {"UAR": 0.316893}}, "step": 85}
Step:85	{"metric": {"full191test": {"Macro_F1": 0.324559}}, "step": 85}
Step:85	{"metric": {"full191test": {"wa": 0.49621}}, "step": 85}
Step:86	{"metric": {"full191Training": {"acc": 1.0}}, "step": 86}
Step:86	{"metric": {"full191test": {"acc": 0.40816326530612246}}, "step": 86}
Step:86	{"metric": {"full191test": {"UAR": 0.283673}}, "step": 86}
Step:86	{"metric": {"full191test": {"Macro_F1": 0.288462}}, "step": 86}
Step:86	{"metric": {"full191test": {"wa": 0.474052}}, "step": 86}
Step:87	{"metric": {"full191Training": {"acc": 1.0}}, "step": 87}
Step:87	{"metric": {"full191test": {"acc": 0.42857142857142855}}, "step": 87}
Step:87	{"metric": {"full191test": {"UAR": 0.334921}}, "step": 87}
Step:87	{"metric": {"full191test": {"Macro_F1": 0.32965}}, "step": 87}
Step:87	{"metric": {"full191test": {"wa": 0.47172}}, "step": 87}
Step:88	{"metric": {"full191Training": {"acc": 1.0}}, "step": 88}
Step:88	{"metric": {"full191test": {"acc": 0.42857142857142855}}, "step": 88}
Step:88	{"metric": {"full191test": {"UAR": 0.251636}}, "step": 88}
Step:88	{"metric": {"full191test": {"Macro_F1": 0.279917}}, "step": 88}
Step:88	{"metric": {"full191test": {"wa": 0.589504}}, "step": 88}
Step:89	{"metric": {"full191Training": {"acc": 1.0}}, "step": 89}
Step:89	{"metric": {"full191test": {"acc": 0.4489795918367347}}, "step": 89}
Step:89	{"metric": {"full191test": {"UAR": 0.344444}}, "step": 89}
Step:89	{"metric": {"full191test": {"Macro_F1": 0.345833}}, "step": 89}
Step:89	{"metric": {"full191test": {"wa": 0.501458}}, "step": 89}
Step:90	{"metric": {"full191Training": {"acc": 1.0}}, "step": 90}
Step:90	{"metric": {"full191test": {"acc": 0.40816326530612246}}, "step": 90}
Step:90	{"metric": {"full191test": {"UAR": 0.382143}}, "step": 90}
Step:90	{"metric": {"full191test": {"Macro_F1": 0.281326}}, "step": 90}
Step:90	{"metric": {"full191test": {"wa": 0.502147}}, "step": 90}
Step:91	{"metric": {"full191Training": {"acc": 1.0}}, "step": 91}
Step:91	{"metric": {"full191test": {"acc": 0.42857142857142855}}, "step": 91}
Step:91	{"metric": {"full191test": {"UAR": 0.391156}}, "step": 91}
Step:91	{"metric": {"full191test": {"Macro_F1": 0.317696}}, "step": 91}
Step:91	{"metric": {"full191test": {"wa": 0.495945}}, "step": 91}
Step:92	{"metric": {"full191Training": {"acc": 1.0}}, "step": 92}
Step:92	{"metric": {"full191test": {"acc": 0.46938775510204084}}, "step": 92}
Step:92	{"metric": {"full191test": {"UAR": 0.399749}}, "step": 92}
Step:92	{"metric": {"full191test": {"Macro_F1": 0.351934}}, "step": 92}
Step:92	{"metric": {"full191test": {"wa": 0.523933}}, "step": 92}
Step:93	{"metric": {"full191Training": {"acc": 1.0}}, "step": 93}
Step:93	{"metric": {"full191test": {"acc": 0.4489795918367347}}, "step": 93}
Step:93	{"metric": {"full191test": {"UAR": 0.401077}}, "step": 93}
Step:93	{"metric": {"full191test": {"Macro_F1": 0.323123}}, "step": 93}
Step:93	{"metric": {"full191test": {"wa": 0.547071}}, "step": 93}
Step:94	{"metric": {"full191Training": {"acc": 1.0}}, "step": 94}
Step:94	{"metric": {"full191test": {"acc": 0.46938775510204084}}, "step": 94}
Step:94	{"metric": {"full191test": {"UAR": 0.346008}}, "step": 94}
Step:94	{"metric": {"full191test": {"Macro_F1": 0.331865}}, "step": 94}
Step:94	{"metric": {"full191test": {"wa": 0.531619}}, "step": 94}
Step:95	{"metric": {"full191Training": {"acc": 1.0}}, "step": 95}
Step:95	{"metric": {"full191test": {"acc": 0.40816326530612246}}, "step": 95}
Step:95	{"metric": {"full191test": {"UAR": 0.351361}}, "step": 95}
Step:95	{"metric": {"full191test": {"Macro_F1": 0.286678}}, "step": 95}
Step:95	{"metric": {"full191test": {"wa": 0.459528}}, "step": 95}
Step:96	{"metric": {"full191Training": {"acc": 1.0}}, "step": 96}
Step:96	{"metric": {"full191test": {"acc": 0.4489795918367347}}, "step": 96}
Step:96	{"metric": {"full191test": {"UAR": 0.373016}}, "step": 96}
Step:96	{"metric": {"full191test": {"Macro_F1": 0.325353}}, "step": 96}
Step:96	{"metric": {"full191test": {"wa": 0.495256}}, "step": 96}
Step:97	{"metric": {"full191Training": {"acc": 1.0}}, "step": 97}
Step:97	{"metric": {"full191test": {"acc": 0.46938775510204084}}, "step": 97}
Step:97	{"metric": {"full191test": {"UAR": 0.40873}}, "step": 97}
Step:97	{"metric": {"full191test": {"Macro_F1": 0.365147}}, "step": 97}
Step:97	{"metric": {"full191test": {"wa": 0.489319}}, "step": 97}
Step:98	{"metric": {"full191Training": {"acc": 1.0}}, "step": 98}
Step:98	{"metric": {"full191test": {"acc": 0.4489795918367347}}, "step": 98}
Step:98	{"metric": {"full191test": {"UAR": 0.42381}}, "step": 98}
Step:98	{"metric": {"full191test": {"Macro_F1": 0.337532}}, "step": 98}
Step:98	{"metric": {"full191test": {"wa": 0.456348}}, "step": 98}
Step:99	{"metric": {"full191Training": {"acc": 1.0}}, "step": 99}
Step:99	{"metric": {"full191test": {"acc": 0.4489795918367347}}, "step": 99}
Step:99	{"metric": {"full191test": {"UAR": 0.439683}}, "step": 99}
Step:99	{"metric": {"full191test": {"Macro_F1": 0.358078}}, "step": 99}
Step:99	{"metric": {"full191test": {"wa": 0.436788}}, "step": 99}
Step:100	{"metric": {"full191Training": {"acc": 1.0}}, "step": 100}
Step:100	{"metric": {"full191test": {"acc": 0.3877551020408163}}, "step": 100}
Step:100	{"metric": {"full191test": {"UAR": 0.337809}}, "step": 100}
Step:100	{"metric": {"full191test": {"Macro_F1": 0.289139}}, "step": 100}
Step:100	{"metric": {"full191test": {"wa": 0.431513}}, "step": 100}
Step:1	{"metric": {"zhongTraining": {"acc": 0.11428571428571428}}, "step": 1}
Step:1	{"metric": {"zhongtest": {"acc": 0.2857142857142857}}, "step": 1}
Step:1	{"metric": {"zhongtest": {"UAR": 0.040816}}, "step": 1}
Step:1	{"metric": {"zhongtest": {"Macro_F1": 0.063492}}, "step": 1}
Step:1	{"metric": {"zhongtest": {"wa": 1.0}}, "step": 1}
Step:2	{"metric": {"zhongTraining": {"acc": 0.34285714285714286}}, "step": 2}
Step:2	{"metric": {"zhongtest": {"acc": 0.10204081632653061}}, "step": 2}
Step:2	{"metric": {"zhongtest": {"UAR": 0.014577}}, "step": 2}
Step:2	{"metric": {"zhongtest": {"Macro_F1": 0.026455}}, "step": 2}
Step:2	{"metric": {"zhongtest": {"wa": 1.0}}, "step": 2}
Step:3	{"metric": {"zhongTraining": {"acc": 0.2857142857142857}}, "step": 3}
Step:3	{"metric": {"zhongtest": {"acc": 0.14285714285714285}}, "step": 3}
Step:3	{"metric": {"zhongtest": {"UAR": 0.097253}}, "step": 3}
Step:3	{"metric": {"zhongtest": {"Macro_F1": 0.100649}}, "step": 3}
Step:3	{"metric": {"zhongtest": {"wa": 0.215213}}, "step": 3}
Step:4	{"metric": {"zhongTraining": {"acc": 0.34285714285714286}}, "step": 4}
Step:4	{"metric": {"zhongtest": {"acc": 0.10204081632653061}}, "step": 4}
Step:4	{"metric": {"zhongtest": {"UAR": 0.154762}}, "step": 4}
Step:4	{"metric": {"zhongtest": {"Macro_F1": 0.041026}}, "step": 4}
Step:4	{"metric": {"zhongtest": {"wa": 0.98105}}, "step": 4}
Step:5	{"metric": {"zhongTraining": {"acc": 0.4857142857142857}}, "step": 5}
Step:5	{"metric": {"zhongtest": {"acc": 0.2857142857142857}}, "step": 5}
Step:5	{"metric": {"zhongtest": {"UAR": 0.040816}}, "step": 5}
Step:5	{"metric": {"zhongtest": {"Macro_F1": 0.063492}}, "step": 5}
Step:5	{"metric": {"zhongtest": {"wa": 1.0}}, "step": 5}
Step:6	{"metric": {"zhongTraining": {"acc": 0.34285714285714286}}, "step": 6}
Step:6	{"metric": {"zhongtest": {"acc": 0.3469387755102041}}, "step": 6}
Step:6	{"metric": {"zhongtest": {"UAR": 0.125541}}, "step": 6}
Step:6	{"metric": {"zhongtest": {"Macro_F1": 0.148522}}, "step": 6}
Step:6	{"metric": {"zhongtest": {"wa": 0.892128}}, "step": 6}
Step:7	{"metric": {"zhongTraining": {"acc": 0.6}}, "step": 7}
Step:7	{"metric": {"zhongtest": {"acc": 0.16326530612244897}}, "step": 7}
Step:7	{"metric": {"zhongtest": {"UAR": 0.076213}}, "step": 7}
Step:7	{"metric": {"zhongtest": {"Macro_F1": 0.084869}}, "step": 7}
Step:7	{"metric": {"zhongtest": {"wa": 0.567347}}, "step": 7}
Step:8	{"metric": {"zhongTraining": {"acc": 0.5714285714285714}}, "step": 8}
Step:8	{"metric": {"zhongtest": {"acc": 0.24489795918367346}}, "step": 8}
Step:8	{"metric": {"zhongtest": {"UAR": 0.275621}}, "step": 8}
Step:8	{"metric": {"zhongtest": {"Macro_F1": 0.17591}}, "step": 8}
Step:8	{"metric": {"zhongtest": {"wa": 0.345349}}, "step": 8}
Step:9	{"metric": {"zhongTraining": {"acc": 1.0}}, "step": 9}
Step:9	{"metric": {"zhongtest": {"acc": 0.32653061224489793}}, "step": 9}
Step:9	{"metric": {"zhongtest": {"UAR": 0.191043}}, "step": 9}
Step:9	{"metric": {"zhongtest": {"Macro_F1": 0.196599}}, "step": 9}
Step:9	{"metric": {"zhongtest": {"wa": 0.437053}}, "step": 9}
Step:10	{"metric": {"zhongTraining": {"acc": 1.0}}, "step": 10}
Step:10	{"metric": {"zhongtest": {"acc": 0.32653061224489793}}, "step": 10}
Step:10	{"metric": {"zhongtest": {"UAR": 0.213847}}, "step": 10}
Step:10	{"metric": {"zhongtest": {"Macro_F1": 0.195986}}, "step": 10}
Step:10	{"metric": {"zhongtest": {"wa": 0.463689}}, "step": 10}
Step:11	{"metric": {"zhongTraining": {"acc": 1.0}}, "step": 11}
Step:11	{"metric": {"zhongtest": {"acc": 0.2653061224489796}}, "step": 11}
Step:11	{"metric": {"zhongtest": {"UAR": 0.190476}}, "step": 11}
Step:11	{"metric": {"zhongtest": {"Macro_F1": 0.146259}}, "step": 11}
Step:11	{"metric": {"zhongtest": {"wa": 0.366817}}, "step": 11}
Step:12	{"metric": {"zhongTraining": {"acc": 1.0}}, "step": 12}
Step:12	{"metric": {"zhongtest": {"acc": 0.24489795918367346}}, "step": 12}
Step:12	{"metric": {"zhongtest": {"UAR": 0.105442}}, "step": 12}
Step:12	{"metric": {"zhongtest": {"Macro_F1": 0.116379}}, "step": 12}
Step:12	{"metric": {"zhongtest": {"wa": 0.504373}}, "step": 12}
Step:13	{"metric": {"zhongTraining": {"acc": 1.0}}, "step": 13}
Step:13	{"metric": {"zhongtest": {"acc": 0.2857142857142857}}, "step": 13}
Step:13	{"metric": {"zhongtest": {"UAR": 0.10582}}, "step": 13}
Step:13	{"metric": {"zhongtest": {"Macro_F1": 0.125576}}, "step": 13}
Step:13	{"metric": {"zhongtest": {"wa": 0.590379}}, "step": 13}
Step:14	{"metric": {"zhongTraining": {"acc": 1.0}}, "step": 14}
Step:14	{"metric": {"zhongtest": {"acc": 0.2857142857142857}}, "step": 14}
Step:14	{"metric": {"zhongtest": {"UAR": 0.106227}}, "step": 14}
Step:14	{"metric": {"zhongtest": {"Macro_F1": 0.12619}}, "step": 14}
Step:14	{"metric": {"zhongtest": {"wa": 0.580175}}, "step": 14}
Step:15	{"metric": {"zhongTraining": {"acc": 1.0}}, "step": 15}
Step:15	{"metric": {"zhongtest": {"acc": 0.2857142857142857}}, "step": 15}
Step:15	{"metric": {"zhongtest": {"UAR": 0.107143}}, "step": 15}
Step:15	{"metric": {"zhongtest": {"Macro_F1": 0.127551}}, "step": 15}
Step:15	{"metric": {"zhongtest": {"wa": 0.559767}}, "step": 15}
Step:16	{"metric": {"zhongTraining": {"acc": 1.0}}, "step": 16}
Step:16	{"metric": {"zhongtest": {"acc": 0.2857142857142857}}, "step": 16}
Step:16	{"metric": {"zhongtest": {"UAR": 0.094055}}, "step": 16}
Step:16	{"metric": {"zhongtest": {"Macro_F1": 0.119123}}, "step": 16}
Step:16	{"metric": {"zhongtest": {"wa": 0.602041}}, "step": 16}
Step:17	{"metric": {"zhongTraining": {"acc": 1.0}}, "step": 17}
Step:17	{"metric": {"zhongtest": {"acc": 0.30612244897959184}}, "step": 17}
Step:17	{"metric": {"zhongtest": {"UAR": 0.098021}}, "step": 17}
Step:17	{"metric": {"zhongtest": {"Macro_F1": 0.126032}}, "step": 17}
Step:17	{"metric": {"zhongtest": {"wa": 0.631195}}, "step": 17}
Step:18	{"metric": {"zhongTraining": {"acc": 1.0}}, "step": 18}
Step:18	{"metric": {"zhongtest": {"acc": 0.32653061224489793}}, "step": 18}
Step:18	{"metric": {"zhongtest": {"UAR": 0.28382}}, "step": 18}
Step:18	{"metric": {"zhongtest": {"Macro_F1": 0.173583}}, "step": 18}
Step:18	{"metric": {"zhongtest": {"wa": 0.507024}}, "step": 18}
Step:19	{"metric": {"zhongTraining": {"acc": 1.0}}, "step": 19}
Step:19	{"metric": {"zhongtest": {"acc": 0.3469387755102041}}, "step": 19}
Step:19	{"metric": {"zhongtest": {"UAR": 0.280745}}, "step": 19}
Step:19	{"metric": {"zhongtest": {"Macro_F1": 0.199324}}, "step": 19}
Step:19	{"metric": {"zhongtest": {"wa": 0.529618}}, "step": 19}
Step:20	{"metric": {"zhongTraining": {"acc": 1.0}}, "step": 20}
Step:20	{"metric": {"zhongtest": {"acc": 0.3877551020408163}}, "step": 20}
Step:20	{"metric": {"zhongtest": {"UAR": 0.308225}}, "step": 20}
Step:20	{"metric": {"zhongtest": {"Macro_F1": 0.242022}}, "step": 20}
Step:20	{"metric": {"zhongtest": {"wa": 0.534522}}, "step": 20}
Step:21	{"metric": {"zhongTraining": {"acc": 1.0}}, "step": 21}
Step:21	{"metric": {"zhongtest": {"acc": 0.40816326530612246}}, "step": 21}
Step:21	{"metric": {"zhongtest": {"UAR": 0.276517}}, "step": 21}
Step:21	{"metric": {"zhongtest": {"Macro_F1": 0.240932}}, "step": 21}
Step:21	{"metric": {"zhongtest": {"wa": 0.585542}}, "step": 21}
Step:22	{"metric": {"zhongTraining": {"acc": 1.0}}, "step": 22}
Step:22	{"metric": {"zhongtest": {"acc": 0.40816326530612246}}, "step": 22}
Step:22	{"metric": {"zhongtest": {"UAR": 0.276517}}, "step": 22}
Step:22	{"metric": {"zhongtest": {"Macro_F1": 0.240932}}, "step": 22}
Step:22	{"metric": {"zhongtest": {"wa": 0.585542}}, "step": 22}
Step:23	{"metric": {"zhongTraining": {"acc": 1.0}}, "step": 23}
Step:23	{"metric": {"zhongtest": {"acc": 0.40816326530612246}}, "step": 23}
Step:23	{"metric": {"zhongtest": {"UAR": 0.276517}}, "step": 23}
Step:23	{"metric": {"zhongtest": {"Macro_F1": 0.240932}}, "step": 23}
Step:23	{"metric": {"zhongtest": {"wa": 0.585542}}, "step": 23}
Step:24	{"metric": {"zhongTraining": {"acc": 1.0}}, "step": 24}
Step:24	{"metric": {"zhongtest": {"acc": 0.3877551020408163}}, "step": 24}
Step:24	{"metric": {"zhongtest": {"UAR": 0.261905}}, "step": 24}
Step:24	{"metric": {"zhongtest": {"Macro_F1": 0.22128}}, "step": 24}
Step:24	{"metric": {"zhongtest": {"wa": 0.539624}}, "step": 24}
Step:25	{"metric": {"zhongTraining": {"acc": 1.0}}, "step": 25}
Step:25	{"metric": {"zhongtest": {"acc": 0.3877551020408163}}, "step": 25}
Step:25	{"metric": {"zhongtest": {"UAR": 0.261905}}, "step": 25}
Step:25	{"metric": {"zhongtest": {"Macro_F1": 0.22128}}, "step": 25}
Step:25	{"metric": {"zhongtest": {"wa": 0.539624}}, "step": 25}
Step:26	{"metric": {"zhongTraining": {"acc": 1.0}}, "step": 26}
Step:26	{"metric": {"zhongtest": {"acc": 0.3877551020408163}}, "step": 26}
Step:26	{"metric": {"zhongtest": {"UAR": 0.240476}}, "step": 26}
Step:26	{"metric": {"zhongtest": {"Macro_F1": 0.214787}}, "step": 26}
Step:26	{"metric": {"zhongtest": {"wa": 0.54837}}, "step": 26}
Step:27	{"metric": {"zhongTraining": {"acc": 1.0}}, "step": 27}
Step:27	{"metric": {"zhongtest": {"acc": 0.3877551020408163}}, "step": 27}
Step:27	{"metric": {"zhongtest": {"UAR": 0.240476}}, "step": 27}
Step:27	{"metric": {"zhongtest": {"Macro_F1": 0.214787}}, "step": 27}
Step:27	{"metric": {"zhongtest": {"wa": 0.54837}}, "step": 27}
Step:28	{"metric": {"zhongTraining": {"acc": 1.0}}, "step": 28}
Step:28	{"metric": {"zhongtest": {"acc": 0.3877551020408163}}, "step": 28}
Step:28	{"metric": {"zhongtest": {"UAR": 0.22619}}, "step": 28}
Step:28	{"metric": {"zhongtest": {"Macro_F1": 0.209292}}, "step": 28}
Step:28	{"metric": {"zhongtest": {"wa": 0.557116}}, "step": 28}
Step:29	{"metric": {"zhongTraining": {"acc": 1.0}}, "step": 29}
Step:29	{"metric": {"zhongtest": {"acc": 0.42857142857142855}}, "step": 29}
Step:29	{"metric": {"zhongtest": {"UAR": 0.25}}, "step": 29}
Step:29	{"metric": {"zhongtest": {"Macro_F1": 0.238424}}, "step": 29}
Step:29	{"metric": {"zhongtest": {"wa": 0.586801}}, "step": 29}
Step:30	{"metric": {"zhongTraining": {"acc": 1.0}}, "step": 30}
Step:30	{"metric": {"zhongtest": {"acc": 0.4489795918367347}}, "step": 30}
Step:30	{"metric": {"zhongtest": {"UAR": 0.260204}}, "step": 30}
Step:30	{"metric": {"zhongtest": {"Macro_F1": 0.254123}}, "step": 30}
Step:30	{"metric": {"zhongtest": {"wa": 0.615955}}, "step": 30}
Step:31	{"metric": {"zhongTraining": {"acc": 1.0}}, "step": 31}
Step:31	{"metric": {"zhongtest": {"acc": 0.46938775510204084}}, "step": 31}
Step:31	{"metric": {"zhongtest": {"UAR": 0.267007}}, "step": 31}
Step:31	{"metric": {"zhongtest": {"Macro_F1": 0.266261}}, "step": 31}
Step:31	{"metric": {"zhongtest": {"wa": 0.636364}}, "step": 31}
Step:32	{"metric": {"zhongTraining": {"acc": 1.0}}, "step": 32}
Step:32	{"metric": {"zhongtest": {"acc": 0.46938775510204084}}, "step": 32}
Step:32	{"metric": {"zhongtest": {"UAR": 0.267007}}, "step": 32}
Step:32	{"metric": {"zhongtest": {"Macro_F1": 0.266261}}, "step": 32}
Step:32	{"metric": {"zhongtest": {"wa": 0.636364}}, "step": 32}
Step:33	{"metric": {"zhongTraining": {"acc": 1.0}}, "step": 33}
Step:33	{"metric": {"zhongtest": {"acc": 0.4897959183673469}}, "step": 33}
Step:33	{"metric": {"zhongtest": {"UAR": 0.27466}}, "step": 33}
Step:33	{"metric": {"zhongtest": {"Macro_F1": 0.279866}}, "step": 33}
Step:33	{"metric": {"zhongtest": {"wa": 0.671349}}, "step": 33}
Step:34	{"metric": {"zhongTraining": {"acc": 1.0}}, "step": 34}
Step:34	{"metric": {"zhongtest": {"acc": 0.4897959183673469}}, "step": 34}
Step:34	{"metric": {"zhongtest": {"UAR": 0.27466}}, "step": 34}
Step:34	{"metric": {"zhongtest": {"Macro_F1": 0.279866}}, "step": 34}
Step:34	{"metric": {"zhongtest": {"wa": 0.671349}}, "step": 34}
Step:35	{"metric": {"zhongTraining": {"acc": 1.0}}, "step": 35}
Step:35	{"metric": {"zhongtest": {"acc": 0.4897959183673469}}, "step": 35}
Step:35	{"metric": {"zhongtest": {"UAR": 0.27466}}, "step": 35}
Step:35	{"metric": {"zhongtest": {"Macro_F1": 0.279866}}, "step": 35}
Step:35	{"metric": {"zhongtest": {"wa": 0.671349}}, "step": 35}
Step:36	{"metric": {"zhongTraining": {"acc": 1.0}}, "step": 36}
Step:36	{"metric": {"zhongtest": {"acc": 0.46938775510204084}}, "step": 36}
Step:36	{"metric": {"zhongtest": {"UAR": 0.257937}}, "step": 36}
Step:36	{"metric": {"zhongtest": {"Macro_F1": 0.261776}}, "step": 36}
Step:36	{"metric": {"zhongtest": {"wa": 0.665518}}, "step": 36}
Step:37	{"metric": {"zhongTraining": {"acc": 1.0}}, "step": 37}
Step:37	{"metric": {"zhongtest": {"acc": 0.46938775510204084}}, "step": 37}
Step:37	{"metric": {"zhongtest": {"UAR": 0.25}}, "step": 37}
Step:37	{"metric": {"zhongtest": {"Macro_F1": 0.256524}}, "step": 37}
Step:37	{"metric": {"zhongtest": {"wa": 0.680095}}, "step": 37}
Step:38	{"metric": {"zhongTraining": {"acc": 1.0}}, "step": 38}
Step:38	{"metric": {"zhongtest": {"acc": 0.46938775510204084}}, "step": 38}
Step:38	{"metric": {"zhongtest": {"UAR": 0.25}}, "step": 38}
Step:38	{"metric": {"zhongtest": {"Macro_F1": 0.256524}}, "step": 38}
Step:38	{"metric": {"zhongtest": {"wa": 0.680095}}, "step": 38}
Step:39	{"metric": {"zhongTraining": {"acc": 1.0}}, "step": 39}
Step:39	{"metric": {"zhongtest": {"acc": 0.46938775510204084}}, "step": 39}
Step:39	{"metric": {"zhongtest": {"UAR": 0.25}}, "step": 39}
Step:39	{"metric": {"zhongtest": {"Macro_F1": 0.256524}}, "step": 39}
Step:39	{"metric": {"zhongtest": {"wa": 0.680095}}, "step": 39}
Step:40	{"metric": {"zhongTraining": {"acc": 1.0}}, "step": 40}
Step:40	{"metric": {"zhongtest": {"acc": 0.46938775510204084}}, "step": 40}
Step:40	{"metric": {"zhongtest": {"UAR": 0.243506}}, "step": 40}
Step:40	{"metric": {"zhongtest": {"Macro_F1": 0.251855}}, "step": 40}
Step:40	{"metric": {"zhongtest": {"wa": 0.694673}}, "step": 40}
Step:41	{"metric": {"zhongTraining": {"acc": 1.0}}, "step": 41}
Step:41	{"metric": {"zhongtest": {"acc": 0.46938775510204084}}, "step": 41}
Step:41	{"metric": {"zhongtest": {"UAR": 0.243506}}, "step": 41}
Step:41	{"metric": {"zhongtest": {"Macro_F1": 0.251855}}, "step": 41}
Step:41	{"metric": {"zhongtest": {"wa": 0.694673}}, "step": 41}
Step:42	{"metric": {"zhongTraining": {"acc": 1.0}}, "step": 42}
Step:42	{"metric": {"zhongtest": {"acc": 0.46938775510204084}}, "step": 42}
Step:42	{"metric": {"zhongtest": {"UAR": 0.243506}}, "step": 42}
Step:42	{"metric": {"zhongtest": {"Macro_F1": 0.251855}}, "step": 42}
Step:42	{"metric": {"zhongtest": {"wa": 0.694673}}, "step": 42}
Step:43	{"metric": {"zhongTraining": {"acc": 1.0}}, "step": 43}
Step:43	{"metric": {"zhongtest": {"acc": 0.46938775510204084}}, "step": 43}
Step:43	{"metric": {"zhongtest": {"UAR": 0.243506}}, "step": 43}
Step:43	{"metric": {"zhongtest": {"Macro_F1": 0.251855}}, "step": 43}
Step:43	{"metric": {"zhongtest": {"wa": 0.694673}}, "step": 43}
Step:44	{"metric": {"zhongTraining": {"acc": 1.0}}, "step": 44}
Step:44	{"metric": {"zhongtest": {"acc": 0.46938775510204084}}, "step": 44}
Step:44	{"metric": {"zhongtest": {"UAR": 0.243506}}, "step": 44}
Step:44	{"metric": {"zhongtest": {"Macro_F1": 0.251855}}, "step": 44}
Step:44	{"metric": {"zhongtest": {"wa": 0.694673}}, "step": 44}
Step:45	{"metric": {"zhongTraining": {"acc": 1.0}}, "step": 45}
Step:45	{"metric": {"zhongtest": {"acc": 0.46938775510204084}}, "step": 45}
Step:45	{"metric": {"zhongtest": {"UAR": 0.243506}}, "step": 45}
Step:45	{"metric": {"zhongtest": {"Macro_F1": 0.251855}}, "step": 45}
Step:45	{"metric": {"zhongtest": {"wa": 0.694673}}, "step": 45}
Step:46	{"metric": {"zhongTraining": {"acc": 1.0}}, "step": 46}
Step:46	{"metric": {"zhongtest": {"acc": 0.46938775510204084}}, "step": 46}
Step:46	{"metric": {"zhongtest": {"UAR": 0.243506}}, "step": 46}
Step:46	{"metric": {"zhongtest": {"Macro_F1": 0.251855}}, "step": 46}
Step:46	{"metric": {"zhongtest": {"wa": 0.694673}}, "step": 46}
Step:47	{"metric": {"zhongTraining": {"acc": 1.0}}, "step": 47}
Step:47	{"metric": {"zhongtest": {"acc": 0.46938775510204084}}, "step": 47}
Step:47	{"metric": {"zhongtest": {"UAR": 0.243506}}, "step": 47}
Step:47	{"metric": {"zhongtest": {"Macro_F1": 0.251855}}, "step": 47}
Step:47	{"metric": {"zhongtest": {"wa": 0.694673}}, "step": 47}
Step:48	{"metric": {"zhongTraining": {"acc": 1.0}}, "step": 48}
Step:48	{"metric": {"zhongtest": {"acc": 0.46938775510204084}}, "step": 48}
Step:48	{"metric": {"zhongtest": {"UAR": 0.243506}}, "step": 48}
Step:48	{"metric": {"zhongtest": {"Macro_F1": 0.251855}}, "step": 48}
Step:48	{"metric": {"zhongtest": {"wa": 0.694673}}, "step": 48}
Step:49	{"metric": {"zhongTraining": {"acc": 1.0}}, "step": 49}
Step:49	{"metric": {"zhongtest": {"acc": 0.46938775510204084}}, "step": 49}
Step:49	{"metric": {"zhongtest": {"UAR": 0.243506}}, "step": 49}
Step:49	{"metric": {"zhongtest": {"Macro_F1": 0.251855}}, "step": 49}
Step:49	{"metric": {"zhongtest": {"wa": 0.694673}}, "step": 49}
Step:50	{"metric": {"zhongTraining": {"acc": 1.0}}, "step": 50}
Step:50	{"metric": {"zhongtest": {"acc": 0.46938775510204084}}, "step": 50}
Step:50	{"metric": {"zhongtest": {"UAR": 0.243506}}, "step": 50}
Step:50	{"metric": {"zhongtest": {"Macro_F1": 0.251855}}, "step": 50}
Step:50	{"metric": {"zhongtest": {"wa": 0.694673}}, "step": 50}
Step:51	{"metric": {"zhongTraining": {"acc": 1.0}}, "step": 51}
Step:51	{"metric": {"zhongtest": {"acc": 0.46938775510204084}}, "step": 51}
Step:51	{"metric": {"zhongtest": {"UAR": 0.243506}}, "step": 51}
Step:51	{"metric": {"zhongtest": {"Macro_F1": 0.251855}}, "step": 51}
Step:51	{"metric": {"zhongtest": {"wa": 0.694673}}, "step": 51}
Step:52	{"metric": {"zhongTraining": {"acc": 1.0}}, "step": 52}
Step:52	{"metric": {"zhongtest": {"acc": 0.46938775510204084}}, "step": 52}
Step:52	{"metric": {"zhongtest": {"UAR": 0.243506}}, "step": 52}
Step:52	{"metric": {"zhongtest": {"Macro_F1": 0.251855}}, "step": 52}
Step:52	{"metric": {"zhongtest": {"wa": 0.694673}}, "step": 52}
Step:53	{"metric": {"zhongTraining": {"acc": 1.0}}, "step": 53}
Step:53	{"metric": {"zhongtest": {"acc": 0.46938775510204084}}, "step": 53}
Step:53	{"metric": {"zhongtest": {"UAR": 0.243506}}, "step": 53}
Step:53	{"metric": {"zhongtest": {"Macro_F1": 0.251855}}, "step": 53}
Step:53	{"metric": {"zhongtest": {"wa": 0.694673}}, "step": 53}
Step:54	{"metric": {"zhongTraining": {"acc": 1.0}}, "step": 54}
Step:54	{"metric": {"zhongtest": {"acc": 0.46938775510204084}}, "step": 54}
Step:54	{"metric": {"zhongtest": {"UAR": 0.243506}}, "step": 54}
Step:54	{"metric": {"zhongtest": {"Macro_F1": 0.251855}}, "step": 54}
Step:54	{"metric": {"zhongtest": {"wa": 0.694673}}, "step": 54}
Step:55	{"metric": {"zhongTraining": {"acc": 1.0}}, "step": 55}
Step:55	{"metric": {"zhongtest": {"acc": 0.46938775510204084}}, "step": 55}
Step:55	{"metric": {"zhongtest": {"UAR": 0.243506}}, "step": 55}
Step:55	{"metric": {"zhongtest": {"Macro_F1": 0.251855}}, "step": 55}
Step:55	{"metric": {"zhongtest": {"wa": 0.694673}}, "step": 55}
Step:56	{"metric": {"zhongTraining": {"acc": 1.0}}, "step": 56}
Step:56	{"metric": {"zhongtest": {"acc": 0.46938775510204084}}, "step": 56}
Step:56	{"metric": {"zhongtest": {"UAR": 0.243506}}, "step": 56}
Step:56	{"metric": {"zhongtest": {"Macro_F1": 0.251855}}, "step": 56}
Step:56	{"metric": {"zhongtest": {"wa": 0.694673}}, "step": 56}
Step:57	{"metric": {"zhongTraining": {"acc": 1.0}}, "step": 57}
Step:57	{"metric": {"zhongtest": {"acc": 0.46938775510204084}}, "step": 57}
Step:57	{"metric": {"zhongtest": {"UAR": 0.243506}}, "step": 57}
Step:57	{"metric": {"zhongtest": {"Macro_F1": 0.251855}}, "step": 57}
Step:57	{"metric": {"zhongtest": {"wa": 0.694673}}, "step": 57}
Step:58	{"metric": {"zhongTraining": {"acc": 1.0}}, "step": 58}
Step:58	{"metric": {"zhongtest": {"acc": 0.46938775510204084}}, "step": 58}
Step:58	{"metric": {"zhongtest": {"UAR": 0.243506}}, "step": 58}
Step:58	{"metric": {"zhongtest": {"Macro_F1": 0.251855}}, "step": 58}
Step:58	{"metric": {"zhongtest": {"wa": 0.694673}}, "step": 58}
Step:59	{"metric": {"zhongTraining": {"acc": 1.0}}, "step": 59}
Step:59	{"metric": {"zhongtest": {"acc": 0.4489795918367347}}, "step": 59}
Step:59	{"metric": {"zhongtest": {"UAR": 0.228571}}, "step": 59}
Step:59	{"metric": {"zhongtest": {"Macro_F1": 0.234023}}, "step": 59}
Step:59	{"metric": {"zhongtest": {"wa": 0.692552}}, "step": 59}
Step:60	{"metric": {"zhongTraining": {"acc": 1.0}}, "step": 60}
Step:60	{"metric": {"zhongtest": {"acc": 0.42857142857142855}}, "step": 60}
Step:60	{"metric": {"zhongtest": {"UAR": 0.214286}}, "step": 60}
Step:60	{"metric": {"zhongtest": {"Macro_F1": 0.218546}}, "step": 60}
Step:60	{"metric": {"zhongtest": {"wa": 0.679565}}, "step": 60}
Step:61	{"metric": {"zhongTraining": {"acc": 1.0}}, "step": 61}
Step:61	{"metric": {"zhongtest": {"acc": 0.42857142857142855}}, "step": 61}
Step:61	{"metric": {"zhongtest": {"UAR": 0.214286}}, "step": 61}
Step:61	{"metric": {"zhongtest": {"Macro_F1": 0.218546}}, "step": 61}
Step:61	{"metric": {"zhongtest": {"wa": 0.679565}}, "step": 61}
Step:62	{"metric": {"zhongTraining": {"acc": 1.0}}, "step": 62}
Step:62	{"metric": {"zhongtest": {"acc": 0.42857142857142855}}, "step": 62}
Step:62	{"metric": {"zhongtest": {"UAR": 0.214286}}, "step": 62}
Step:62	{"metric": {"zhongtest": {"Macro_F1": 0.218546}}, "step": 62}
Step:62	{"metric": {"zhongtest": {"wa": 0.679565}}, "step": 62}
Step:63	{"metric": {"zhongTraining": {"acc": 1.0}}, "step": 63}
Step:63	{"metric": {"zhongtest": {"acc": 0.42857142857142855}}, "step": 63}
Step:63	{"metric": {"zhongtest": {"UAR": 0.214286}}, "step": 63}
Step:63	{"metric": {"zhongtest": {"Macro_F1": 0.218546}}, "step": 63}
Step:63	{"metric": {"zhongtest": {"wa": 0.679565}}, "step": 63}
Step:64	{"metric": {"zhongTraining": {"acc": 1.0}}, "step": 64}
Step:64	{"metric": {"zhongtest": {"acc": 0.42857142857142855}}, "step": 64}
Step:64	{"metric": {"zhongtest": {"UAR": 0.214286}}, "step": 64}
Step:64	{"metric": {"zhongtest": {"Macro_F1": 0.218546}}, "step": 64}
Step:64	{"metric": {"zhongtest": {"wa": 0.679565}}, "step": 64}
Step:65	{"metric": {"zhongTraining": {"acc": 1.0}}, "step": 65}
Step:65	{"metric": {"zhongtest": {"acc": 0.42857142857142855}}, "step": 65}
Step:65	{"metric": {"zhongtest": {"UAR": 0.214286}}, "step": 65}
Step:65	{"metric": {"zhongtest": {"Macro_F1": 0.218546}}, "step": 65}
Step:65	{"metric": {"zhongtest": {"wa": 0.679565}}, "step": 65}
Step:66	{"metric": {"zhongTraining": {"acc": 1.0}}, "step": 66}
Step:66	{"metric": {"zhongtest": {"acc": 0.42857142857142855}}, "step": 66}
Step:66	{"metric": {"zhongtest": {"UAR": 0.214286}}, "step": 66}
Step:66	{"metric": {"zhongtest": {"Macro_F1": 0.218546}}, "step": 66}
Step:66	{"metric": {"zhongtest": {"wa": 0.679565}}, "step": 66}
Step:67	{"metric": {"zhongTraining": {"acc": 1.0}}, "step": 67}
Step:67	{"metric": {"zhongtest": {"acc": 0.42857142857142855}}, "step": 67}
Step:67	{"metric": {"zhongtest": {"UAR": 0.217909}}, "step": 67}
Step:67	{"metric": {"zhongtest": {"Macro_F1": 0.221391}}, "step": 67}
Step:67	{"metric": {"zhongtest": {"wa": 0.659157}}, "step": 67}
Step:68	{"metric": {"zhongTraining": {"acc": 1.0}}, "step": 68}
Step:68	{"metric": {"zhongtest": {"acc": 0.42857142857142855}}, "step": 68}
Step:68	{"metric": {"zhongtest": {"UAR": 0.217909}}, "step": 68}
Step:68	{"metric": {"zhongtest": {"Macro_F1": 0.221391}}, "step": 68}
Step:68	{"metric": {"zhongtest": {"wa": 0.659157}}, "step": 68}
Step:69	{"metric": {"zhongTraining": {"acc": 1.0}}, "step": 69}
Step:69	{"metric": {"zhongtest": {"acc": 0.42857142857142855}}, "step": 69}
Step:69	{"metric": {"zhongtest": {"UAR": 0.217909}}, "step": 69}
Step:69	{"metric": {"zhongtest": {"Macro_F1": 0.221391}}, "step": 69}
Step:69	{"metric": {"zhongtest": {"wa": 0.659157}}, "step": 69}
Step:70	{"metric": {"zhongTraining": {"acc": 1.0}}, "step": 70}
Step:70	{"metric": {"zhongtest": {"acc": 0.42857142857142855}}, "step": 70}
Step:70	{"metric": {"zhongtest": {"UAR": 0.217909}}, "step": 70}
Step:70	{"metric": {"zhongtest": {"Macro_F1": 0.221391}}, "step": 70}
Step:70	{"metric": {"zhongtest": {"wa": 0.659157}}, "step": 70}
Step:71	{"metric": {"zhongTraining": {"acc": 1.0}}, "step": 71}
Step:71	{"metric": {"zhongtest": {"acc": 0.42857142857142855}}, "step": 71}
Step:71	{"metric": {"zhongtest": {"UAR": 0.217909}}, "step": 71}
Step:71	{"metric": {"zhongtest": {"Macro_F1": 0.221391}}, "step": 71}
Step:71	{"metric": {"zhongtest": {"wa": 0.659157}}, "step": 71}
Step:72	{"metric": {"zhongTraining": {"acc": 1.0}}, "step": 72}
Step:72	{"metric": {"zhongtest": {"acc": 0.42857142857142855}}, "step": 72}
Step:72	{"metric": {"zhongtest": {"UAR": 0.217909}}, "step": 72}
Step:72	{"metric": {"zhongtest": {"Macro_F1": 0.221391}}, "step": 72}
Step:72	{"metric": {"zhongtest": {"wa": 0.659157}}, "step": 72}
Step:73	{"metric": {"zhongTraining": {"acc": 1.0}}, "step": 73}
Step:73	{"metric": {"zhongtest": {"acc": 0.42857142857142855}}, "step": 73}
Step:73	{"metric": {"zhongtest": {"UAR": 0.217909}}, "step": 73}
Step:73	{"metric": {"zhongtest": {"Macro_F1": 0.221391}}, "step": 73}
Step:73	{"metric": {"zhongtest": {"wa": 0.659157}}, "step": 73}
Step:74	{"metric": {"zhongTraining": {"acc": 1.0}}, "step": 74}
Step:74	{"metric": {"zhongtest": {"acc": 0.42857142857142855}}, "step": 74}
Step:74	{"metric": {"zhongtest": {"UAR": 0.217909}}, "step": 74}
Step:74	{"metric": {"zhongtest": {"Macro_F1": 0.221391}}, "step": 74}
Step:74	{"metric": {"zhongtest": {"wa": 0.659157}}, "step": 74}
Step:75	{"metric": {"zhongTraining": {"acc": 1.0}}, "step": 75}
Step:75	{"metric": {"zhongtest": {"acc": 0.42857142857142855}}, "step": 75}
Step:75	{"metric": {"zhongtest": {"UAR": 0.217909}}, "step": 75}
Step:75	{"metric": {"zhongtest": {"Macro_F1": 0.221391}}, "step": 75}
Step:75	{"metric": {"zhongtest": {"wa": 0.659157}}, "step": 75}
Step:76	{"metric": {"zhongTraining": {"acc": 1.0}}, "step": 76}
Step:76	{"metric": {"zhongtest": {"acc": 0.42857142857142855}}, "step": 76}
Step:76	{"metric": {"zhongtest": {"UAR": 0.217909}}, "step": 76}
Step:76	{"metric": {"zhongtest": {"Macro_F1": 0.221391}}, "step": 76}
Step:76	{"metric": {"zhongtest": {"wa": 0.659157}}, "step": 76}
Step:77	{"metric": {"zhongTraining": {"acc": 1.0}}, "step": 77}
Step:77	{"metric": {"zhongtest": {"acc": 0.42857142857142855}}, "step": 77}
Step:77	{"metric": {"zhongtest": {"UAR": 0.217909}}, "step": 77}
Step:77	{"metric": {"zhongtest": {"Macro_F1": 0.221391}}, "step": 77}
Step:77	{"metric": {"zhongtest": {"wa": 0.659157}}, "step": 77}
Step:78	{"metric": {"zhongTraining": {"acc": 1.0}}, "step": 78}
Step:78	{"metric": {"zhongtest": {"acc": 0.42857142857142855}}, "step": 78}
Step:78	{"metric": {"zhongtest": {"UAR": 0.217909}}, "step": 78}
Step:78	{"metric": {"zhongtest": {"Macro_F1": 0.221391}}, "step": 78}
Step:78	{"metric": {"zhongtest": {"wa": 0.659157}}, "step": 78}
Step:79	{"metric": {"zhongTraining": {"acc": 1.0}}, "step": 79}
Step:79	{"metric": {"zhongtest": {"acc": 0.42857142857142855}}, "step": 79}
Step:79	{"metric": {"zhongtest": {"UAR": 0.217909}}, "step": 79}
Step:79	{"metric": {"zhongtest": {"Macro_F1": 0.221391}}, "step": 79}
Step:79	{"metric": {"zhongtest": {"wa": 0.659157}}, "step": 79}
Step:80	{"metric": {"zhongTraining": {"acc": 1.0}}, "step": 80}
Step:80	{"metric": {"zhongtest": {"acc": 0.42857142857142855}}, "step": 80}
Step:80	{"metric": {"zhongtest": {"UAR": 0.217909}}, "step": 80}
Step:80	{"metric": {"zhongtest": {"Macro_F1": 0.221391}}, "step": 80}
Step:80	{"metric": {"zhongtest": {"wa": 0.659157}}, "step": 80}
Step:81	{"metric": {"zhongTraining": {"acc": 1.0}}, "step": 81}
Step:81	{"metric": {"zhongtest": {"acc": 0.42857142857142855}}, "step": 81}
Step:81	{"metric": {"zhongtest": {"UAR": 0.217909}}, "step": 81}
Step:81	{"metric": {"zhongtest": {"Macro_F1": 0.221391}}, "step": 81}
Step:81	{"metric": {"zhongtest": {"wa": 0.659157}}, "step": 81}
Step:82	{"metric": {"zhongTraining": {"acc": 1.0}}, "step": 82}
Step:82	{"metric": {"zhongtest": {"acc": 0.42857142857142855}}, "step": 82}
Step:82	{"metric": {"zhongtest": {"UAR": 0.217909}}, "step": 82}
Step:82	{"metric": {"zhongtest": {"Macro_F1": 0.221391}}, "step": 82}
Step:82	{"metric": {"zhongtest": {"wa": 0.659157}}, "step": 82}
Step:83	{"metric": {"zhongTraining": {"acc": 1.0}}, "step": 83}
Step:83	{"metric": {"zhongtest": {"acc": 0.4489795918367347}}, "step": 83}
Step:83	{"metric": {"zhongtest": {"UAR": 0.270939}}, "step": 83}
Step:83	{"metric": {"zhongtest": {"Macro_F1": 0.25414}}, "step": 83}
Step:83	{"metric": {"zhongtest": {"wa": 0.653326}}, "step": 83}
Step:84	{"metric": {"zhongTraining": {"acc": 1.0}}, "step": 84}
Step:84	{"metric": {"zhongtest": {"acc": 0.4489795918367347}}, "step": 84}
Step:84	{"metric": {"zhongtest": {"UAR": 0.270939}}, "step": 84}
Step:84	{"metric": {"zhongtest": {"Macro_F1": 0.25414}}, "step": 84}
Step:84	{"metric": {"zhongtest": {"wa": 0.653326}}, "step": 84}
Step:85	{"metric": {"zhongTraining": {"acc": 1.0}}, "step": 85}
Step:85	{"metric": {"zhongtest": {"acc": 0.4489795918367347}}, "step": 85}
Step:85	{"metric": {"zhongtest": {"UAR": 0.270939}}, "step": 85}
Step:85	{"metric": {"zhongtest": {"Macro_F1": 0.25414}}, "step": 85}
Step:85	{"metric": {"zhongtest": {"wa": 0.653326}}, "step": 85}
Step:86	{"metric": {"zhongTraining": {"acc": 1.0}}, "step": 86}
Step:86	{"metric": {"zhongtest": {"acc": 0.4489795918367347}}, "step": 86}
Step:86	{"metric": {"zhongtest": {"UAR": 0.270939}}, "step": 86}
Step:86	{"metric": {"zhongtest": {"Macro_F1": 0.25414}}, "step": 86}
Step:86	{"metric": {"zhongtest": {"wa": 0.653326}}, "step": 86}
Step:87	{"metric": {"zhongTraining": {"acc": 1.0}}, "step": 87}
Step:87	{"metric": {"zhongtest": {"acc": 0.4489795918367347}}, "step": 87}
Step:87	{"metric": {"zhongtest": {"UAR": 0.270939}}, "step": 87}
Step:87	{"metric": {"zhongtest": {"Macro_F1": 0.25414}}, "step": 87}
Step:87	{"metric": {"zhongtest": {"wa": 0.653326}}, "step": 87}
Step:88	{"metric": {"zhongTraining": {"acc": 1.0}}, "step": 88}
Step:88	{"metric": {"zhongtest": {"acc": 0.4489795918367347}}, "step": 88}
Step:88	{"metric": {"zhongtest": {"UAR": 0.270939}}, "step": 88}
Step:88	{"metric": {"zhongtest": {"Macro_F1": 0.25414}}, "step": 88}
Step:88	{"metric": {"zhongtest": {"wa": 0.653326}}, "step": 88}
Step:89	{"metric": {"zhongTraining": {"acc": 1.0}}, "step": 89}
Step:89	{"metric": {"zhongtest": {"acc": 0.4489795918367347}}, "step": 89}
Step:89	{"metric": {"zhongtest": {"UAR": 0.270939}}, "step": 89}
Step:89	{"metric": {"zhongtest": {"Macro_F1": 0.25414}}, "step": 89}
Step:89	{"metric": {"zhongtest": {"wa": 0.653326}}, "step": 89}
Step:90	{"metric": {"zhongTraining": {"acc": 1.0}}, "step": 90}
Step:90	{"metric": {"zhongtest": {"acc": 0.4489795918367347}}, "step": 90}
Step:90	{"metric": {"zhongtest": {"UAR": 0.270939}}, "step": 90}
Step:90	{"metric": {"zhongtest": {"Macro_F1": 0.25414}}, "step": 90}
Step:90	{"metric": {"zhongtest": {"wa": 0.653326}}, "step": 90}
Step:91	{"metric": {"zhongTraining": {"acc": 1.0}}, "step": 91}
Step:91	{"metric": {"zhongtest": {"acc": 0.4489795918367347}}, "step": 91}
Step:91	{"metric": {"zhongtest": {"UAR": 0.270939}}, "step": 91}
Step:91	{"metric": {"zhongtest": {"Macro_F1": 0.25414}}, "step": 91}
Step:91	{"metric": {"zhongtest": {"wa": 0.653326}}, "step": 91}
Step:92	{"metric": {"zhongTraining": {"acc": 1.0}}, "step": 92}
Step:92	{"metric": {"zhongtest": {"acc": 0.4489795918367347}}, "step": 92}
Step:92	{"metric": {"zhongtest": {"UAR": 0.270939}}, "step": 92}
Step:92	{"metric": {"zhongtest": {"Macro_F1": 0.25414}}, "step": 92}
Step:92	{"metric": {"zhongtest": {"wa": 0.653326}}, "step": 92}
Step:93	{"metric": {"zhongTraining": {"acc": 1.0}}, "step": 93}
Step:93	{"metric": {"zhongtest": {"acc": 0.4489795918367347}}, "step": 93}
Step:93	{"metric": {"zhongtest": {"UAR": 0.270939}}, "step": 93}
Step:93	{"metric": {"zhongtest": {"Macro_F1": 0.25414}}, "step": 93}
Step:93	{"metric": {"zhongtest": {"wa": 0.653326}}, "step": 93}
Step:94	{"metric": {"zhongTraining": {"acc": 1.0}}, "step": 94}
Step:94	{"metric": {"zhongtest": {"acc": 0.4489795918367347}}, "step": 94}
Step:94	{"metric": {"zhongtest": {"UAR": 0.270939}}, "step": 94}
Step:94	{"metric": {"zhongtest": {"Macro_F1": 0.25414}}, "step": 94}
Step:94	{"metric": {"zhongtest": {"wa": 0.653326}}, "step": 94}
Step:95	{"metric": {"zhongTraining": {"acc": 1.0}}, "step": 95}
Step:95	{"metric": {"zhongtest": {"acc": 0.46938775510204084}}, "step": 95}
Step:95	{"metric": {"zhongtest": {"UAR": 0.291718}}, "step": 95}
Step:95	{"metric": {"zhongtest": {"Macro_F1": 0.274285}}, "step": 95}
Step:95	{"metric": {"zhongtest": {"wa": 0.651736}}, "step": 95}
Step:96	{"metric": {"zhongTraining": {"acc": 1.0}}, "step": 96}
Step:96	{"metric": {"zhongtest": {"acc": 0.46938775510204084}}, "step": 96}
Step:96	{"metric": {"zhongtest": {"UAR": 0.291718}}, "step": 96}
Step:96	{"metric": {"zhongtest": {"Macro_F1": 0.274285}}, "step": 96}
Step:96	{"metric": {"zhongtest": {"wa": 0.651736}}, "step": 96}
Step:97	{"metric": {"zhongTraining": {"acc": 1.0}}, "step": 97}
Step:97	{"metric": {"zhongtest": {"acc": 0.46938775510204084}}, "step": 97}
Step:97	{"metric": {"zhongtest": {"UAR": 0.285369}}, "step": 97}
Step:97	{"metric": {"zhongtest": {"Macro_F1": 0.276385}}, "step": 97}
Step:97	{"metric": {"zhongtest": {"wa": 0.642725}}, "step": 97}
Step:98	{"metric": {"zhongTraining": {"acc": 1.0}}, "step": 98}
Step:98	{"metric": {"zhongtest": {"acc": 0.46938775510204084}}, "step": 98}
Step:98	{"metric": {"zhongtest": {"UAR": 0.285369}}, "step": 98}
Step:98	{"metric": {"zhongtest": {"Macro_F1": 0.276385}}, "step": 98}
Step:98	{"metric": {"zhongtest": {"wa": 0.642725}}, "step": 98}
Step:99	{"metric": {"zhongTraining": {"acc": 1.0}}, "step": 99}
Step:99	{"metric": {"zhongtest": {"acc": 0.46938775510204084}}, "step": 99}
Step:99	{"metric": {"zhongtest": {"UAR": 0.285369}}, "step": 99}
Step:99	{"metric": {"zhongtest": {"Macro_F1": 0.276385}}, "step": 99}
Step:99	{"metric": {"zhongtest": {"wa": 0.642725}}, "step": 99}
Step:100	{"metric": {"zhongTraining": {"acc": 1.0}}, "step": 100}
Step:100	{"metric": {"zhongtest": {"acc": 0.46938775510204084}}, "step": 100}
Step:100	{"metric": {"zhongtest": {"UAR": 0.285369}}, "step": 100}
Step:100	{"metric": {"zhongtest": {"Macro_F1": 0.276385}}, "step": 100}
Step:100	{"metric": {"zhongtest": {"wa": 0.642725}}, "step": 100}
