Step:1	{"metric": {"full19train": {"acc": 0.2727272727272727}}, "step": 1}
Step:1	{"metric": {"full19test": {"acc": 0.42857142857142855}}, "step": 1}
Step:1	{"metric": {"full19test": {"UAR": 0.515152}}, "step": 1}
Step:1	{"metric": {"full19test": {"Macro_F1": 0.416667}}, "step": 1}
Step:1	{"metric": {"full19test": {"wa": 0.67619}}, "step": 1}
Step:2	{"metric": {"full19train": {"acc": 0.5515151515151515}}, "step": 2}
Step:2	{"metric": {"full19test": {"acc": 0.7619047619047619}}, "step": 2}
Step:2	{"metric": {"full19test": {"UAR": 0.742706}}, "step": 2}
Step:2	{"metric": {"full19test": {"Macro_F1": 0.732143}}, "step": 2}
Step:2	{"metric": {"full19test": {"wa": 0.773898}}, "step": 2}
Step:3	{"metric": {"full19train": {"acc": 0.7757575757575758}}, "step": 3}
Step:3	{"metric": {"full19test": {"acc": 0.8571428571428571}}, "step": 3}
Step:3	{"metric": {"full19test": {"UAR": 0.909091}}, "step": 3}
Step:3	{"metric": {"full19test": {"Macro_F1": 0.825}}, "step": 3}
Step:3	{"metric": {"full19test": {"wa": 0.914286}}, "step": 3}
Step:4	{"metric": {"full19train": {"acc": 0.9030303030303031}}, "step": 4}
Step:4	{"metric": {"full19test": {"acc": 1.0}}, "step": 4}
Step:4	{"metric": {"full19test": {"UAR": 1.0}}, "step": 4}
Step:4	{"metric": {"full19test": {"Macro_F1": 1.0}}, "step": 4}
Step:4	{"metric": {"full19test": {"wa": 1.0}}, "step": 4}
Step:5	{"metric": {"full19train": {"acc": 0.9636363636363636}}, "step": 5}
Step:5	{"metric": {"full19test": {"acc": 1.0}}, "step": 5}
Step:5	{"metric": {"full19test": {"UAR": 1.0}}, "step": 5}
Step:5	{"metric": {"full19test": {"Macro_F1": 1.0}}, "step": 5}
Step:5	{"metric": {"full19test": {"wa": 1.0}}, "step": 5}
Step:6	{"metric": {"full19train": {"acc": 0.9818181818181818}}, "step": 6}
Step:6	{"metric": {"full19test": {"acc": 0.9761904761904762}}, "step": 6}
Step:6	{"metric": {"full19test": {"UAR": 0.982143}}, "step": 6}
Step:6	{"metric": {"full19test": {"Macro_F1": 0.973668}}, "step": 6}
Step:6	{"metric": {"full19test": {"wa": 0.977778}}, "step": 6}
Step:7	{"metric": {"full19train": {"acc": 0.9818181818181818}}, "step": 7}
Step:7	{"metric": {"full19test": {"acc": 1.0}}, "step": 7}
Step:7	{"metric": {"full19test": {"UAR": 1.0}}, "step": 7}
Step:7	{"metric": {"full19test": {"Macro_F1": 1.0}}, "step": 7}
Step:7	{"metric": {"full19test": {"wa": 1.0}}, "step": 7}
Step:8	{"metric": {"full19train": {"acc": 0.9878787878787879}}, "step": 8}
Step:8	{"metric": {"full19test": {"acc": 1.0}}, "step": 8}
Step:8	{"metric": {"full19test": {"UAR": 1.0}}, "step": 8}
Step:8	{"metric": {"full19test": {"Macro_F1": 1.0}}, "step": 8}
Step:8	{"metric": {"full19test": {"wa": 1.0}}, "step": 8}
Step:9	{"metric": {"full19train": {"acc": 1.0}}, "step": 9}
Step:9	{"metric": {"full19test": {"acc": 0.9761904761904762}}, "step": 9}
Step:9	{"metric": {"full19test": {"UAR": 0.982143}}, "step": 9}
Step:9	{"metric": {"full19test": {"Macro_F1": 0.973668}}, "step": 9}
Step:9	{"metric": {"full19test": {"wa": 0.977778}}, "step": 9}
Step:10	{"metric": {"full19train": {"acc": 1.0}}, "step": 10}
Step:10	{"metric": {"full19test": {"acc": 1.0}}, "step": 10}
Step:10	{"metric": {"full19test": {"UAR": 1.0}}, "step": 10}
Step:10	{"metric": {"full19test": {"Macro_F1": 1.0}}, "step": 10}
Step:10	{"metric": {"full19test": {"wa": 1.0}}, "step": 10}
Step:11	{"metric": {"full19train": {"acc": 1.0}}, "step": 11}
Step:11	{"metric": {"full19test": {"acc": 1.0}}, "step": 11}
Step:11	{"metric": {"full19test": {"UAR": 1.0}}, "step": 11}
Step:11	{"metric": {"full19test": {"Macro_F1": 1.0}}, "step": 11}
Step:11	{"metric": {"full19test": {"wa": 1.0}}, "step": 11}
Step:12	{"metric": {"full19train": {"acc": 1.0}}, "step": 12}
Step:12	{"metric": {"full19test": {"acc": 1.0}}, "step": 12}
Step:12	{"metric": {"full19test": {"UAR": 1.0}}, "step": 12}
Step:12	{"metric": {"full19test": {"Macro_F1": 1.0}}, "step": 12}
Step:12	{"metric": {"full19test": {"wa": 1.0}}, "step": 12}
Step:13	{"metric": {"full19train": {"acc": 1.0}}, "step": 13}
Step:13	{"metric": {"full19test": {"acc": 1.0}}, "step": 13}
Step:13	{"metric": {"full19test": {"UAR": 1.0}}, "step": 13}
Step:13	{"metric": {"full19test": {"Macro_F1": 1.0}}, "step": 13}
Step:13	{"metric": {"full19test": {"wa": 1.0}}, "step": 13}
Step:14	{"metric": {"full19train": {"acc": 0.9878787878787879}}, "step": 14}
Step:14	{"metric": {"full19test": {"acc": 0.9761904761904762}}, "step": 14}
Step:14	{"metric": {"full19test": {"UAR": 0.982143}}, "step": 14}
Step:14	{"metric": {"full19test": {"Macro_F1": 0.973668}}, "step": 14}
Step:14	{"metric": {"full19test": {"wa": 0.977778}}, "step": 14}
Step:15	{"metric": {"full19train": {"acc": 0.9878787878787879}}, "step": 15}
Step:15	{"metric": {"full19test": {"acc": 1.0}}, "step": 15}
Step:15	{"metric": {"full19test": {"UAR": 1.0}}, "step": 15}
Step:15	{"metric": {"full19test": {"Macro_F1": 1.0}}, "step": 15}
Step:15	{"metric": {"full19test": {"wa": 1.0}}, "step": 15}
Step:16	{"metric": {"full19train": {"acc": 1.0}}, "step": 16}
Step:16	{"metric": {"full19test": {"acc": 1.0}}, "step": 16}
Step:16	{"metric": {"full19test": {"UAR": 1.0}}, "step": 16}
Step:16	{"metric": {"full19test": {"Macro_F1": 1.0}}, "step": 16}
Step:16	{"metric": {"full19test": {"wa": 1.0}}, "step": 16}
Step:17	{"metric": {"full19train": {"acc": 1.0}}, "step": 17}
Step:17	{"metric": {"full19test": {"acc": 1.0}}, "step": 17}
Step:17	{"metric": {"full19test": {"UAR": 1.0}}, "step": 17}
Step:17	{"metric": {"full19test": {"Macro_F1": 1.0}}, "step": 17}
Step:17	{"metric": {"full19test": {"wa": 1.0}}, "step": 17}
Step:18	{"metric": {"full19train": {"acc": 1.0}}, "step": 18}
Step:18	{"metric": {"full19test": {"acc": 1.0}}, "step": 18}
Step:18	{"metric": {"full19test": {"UAR": 1.0}}, "step": 18}
Step:18	{"metric": {"full19test": {"Macro_F1": 1.0}}, "step": 18}
Step:18	{"metric": {"full19test": {"wa": 1.0}}, "step": 18}
Step:19	{"metric": {"full19train": {"acc": 0.9939393939393939}}, "step": 19}
Step:19	{"metric": {"full19test": {"acc": 1.0}}, "step": 19}
Step:19	{"metric": {"full19test": {"UAR": 1.0}}, "step": 19}
Step:19	{"metric": {"full19test": {"Macro_F1": 1.0}}, "step": 19}
Step:19	{"metric": {"full19test": {"wa": 1.0}}, "step": 19}
Step:20	{"metric": {"full19train": {"acc": 1.0}}, "step": 20}
Step:20	{"metric": {"full19test": {"acc": 1.0}}, "step": 20}
Step:20	{"metric": {"full19test": {"UAR": 1.0}}, "step": 20}
Step:20	{"metric": {"full19test": {"Macro_F1": 1.0}}, "step": 20}
Step:20	{"metric": {"full19test": {"wa": 1.0}}, "step": 20}
Step:21	{"metric": {"full19train": {"acc": 1.0}}, "step": 21}
Step:21	{"metric": {"full19test": {"acc": 1.0}}, "step": 21}
Step:21	{"metric": {"full19test": {"UAR": 1.0}}, "step": 21}
Step:21	{"metric": {"full19test": {"Macro_F1": 1.0}}, "step": 21}
Step:21	{"metric": {"full19test": {"wa": 1.0}}, "step": 21}
Step:22	{"metric": {"full19train": {"acc": 1.0}}, "step": 22}
Step:22	{"metric": {"full19test": {"acc": 1.0}}, "step": 22}
Step:22	{"metric": {"full19test": {"UAR": 1.0}}, "step": 22}
Step:22	{"metric": {"full19test": {"Macro_F1": 1.0}}, "step": 22}
Step:22	{"metric": {"full19test": {"wa": 1.0}}, "step": 22}
Step:23	{"metric": {"full19train": {"acc": 1.0}}, "step": 23}
Step:23	{"metric": {"full19test": {"acc": 1.0}}, "step": 23}
Step:23	{"metric": {"full19test": {"UAR": 1.0}}, "step": 23}
Step:23	{"metric": {"full19test": {"Macro_F1": 1.0}}, "step": 23}
Step:23	{"metric": {"full19test": {"wa": 1.0}}, "step": 23}
Step:24	{"metric": {"full19train": {"acc": 1.0}}, "step": 24}
Step:24	{"metric": {"full19test": {"acc": 1.0}}, "step": 24}
Step:24	{"metric": {"full19test": {"UAR": 1.0}}, "step": 24}
Step:24	{"metric": {"full19test": {"Macro_F1": 1.0}}, "step": 24}
Step:24	{"metric": {"full19test": {"wa": 1.0}}, "step": 24}
Step:25	{"metric": {"full19train": {"acc": 1.0}}, "step": 25}
Step:25	{"metric": {"full19test": {"acc": 1.0}}, "step": 25}
Step:25	{"metric": {"full19test": {"UAR": 1.0}}, "step": 25}
Step:25	{"metric": {"full19test": {"Macro_F1": 1.0}}, "step": 25}
Step:25	{"metric": {"full19test": {"wa": 1.0}}, "step": 25}
Step:26	{"metric": {"full19train": {"acc": 1.0}}, "step": 26}
Step:26	{"metric": {"full19test": {"acc": 1.0}}, "step": 26}
Step:26	{"metric": {"full19test": {"UAR": 1.0}}, "step": 26}
Step:26	{"metric": {"full19test": {"Macro_F1": 1.0}}, "step": 26}
Step:26	{"metric": {"full19test": {"wa": 1.0}}, "step": 26}
Step:27	{"metric": {"full19train": {"acc": 1.0}}, "step": 27}
Step:27	{"metric": {"full19test": {"acc": 1.0}}, "step": 27}
Step:27	{"metric": {"full19test": {"UAR": 1.0}}, "step": 27}
Step:27	{"metric": {"full19test": {"Macro_F1": 1.0}}, "step": 27}
Step:27	{"metric": {"full19test": {"wa": 1.0}}, "step": 27}
Step:28	{"metric": {"full19train": {"acc": 1.0}}, "step": 28}
Step:28	{"metric": {"full19test": {"acc": 1.0}}, "step": 28}
Step:28	{"metric": {"full19test": {"UAR": 1.0}}, "step": 28}
Step:28	{"metric": {"full19test": {"Macro_F1": 1.0}}, "step": 28}
Step:28	{"metric": {"full19test": {"wa": 1.0}}, "step": 28}
Step:29	{"metric": {"full19train": {"acc": 1.0}}, "step": 29}
Step:29	{"metric": {"full19test": {"acc": 1.0}}, "step": 29}
Step:29	{"metric": {"full19test": {"UAR": 1.0}}, "step": 29}
Step:29	{"metric": {"full19test": {"Macro_F1": 1.0}}, "step": 29}
Step:29	{"metric": {"full19test": {"wa": 1.0}}, "step": 29}
Step:30	{"metric": {"full19train": {"acc": 1.0}}, "step": 30}
Step:30	{"metric": {"full19test": {"acc": 1.0}}, "step": 30}
Step:30	{"metric": {"full19test": {"UAR": 1.0}}, "step": 30}
Step:30	{"metric": {"full19test": {"Macro_F1": 1.0}}, "step": 30}
Step:30	{"metric": {"full19test": {"wa": 1.0}}, "step": 30}
Step:31	{"metric": {"full19train": {"acc": 1.0}}, "step": 31}
Step:31	{"metric": {"full19test": {"acc": 1.0}}, "step": 31}
Step:31	{"metric": {"full19test": {"UAR": 1.0}}, "step": 31}
Step:31	{"metric": {"full19test": {"Macro_F1": 1.0}}, "step": 31}
Step:31	{"metric": {"full19test": {"wa": 1.0}}, "step": 31}
Step:32	{"metric": {"full19train": {"acc": 1.0}}, "step": 32}
Step:32	{"metric": {"full19test": {"acc": 1.0}}, "step": 32}
Step:32	{"metric": {"full19test": {"UAR": 1.0}}, "step": 32}
Step:32	{"metric": {"full19test": {"Macro_F1": 1.0}}, "step": 32}
Step:32	{"metric": {"full19test": {"wa": 1.0}}, "step": 32}
Step:33	{"metric": {"full19train": {"acc": 0.9939393939393939}}, "step": 33}
Step:33	{"metric": {"full19test": {"acc": 1.0}}, "step": 33}
Step:33	{"metric": {"full19test": {"UAR": 1.0}}, "step": 33}
Step:33	{"metric": {"full19test": {"Macro_F1": 1.0}}, "step": 33}
Step:33	{"metric": {"full19test": {"wa": 1.0}}, "step": 33}
Step:34	{"metric": {"full19train": {"acc": 1.0}}, "step": 34}
Step:34	{"metric": {"full19test": {"acc": 1.0}}, "step": 34}
Step:34	{"metric": {"full19test": {"UAR": 1.0}}, "step": 34}
Step:34	{"metric": {"full19test": {"Macro_F1": 1.0}}, "step": 34}
Step:34	{"metric": {"full19test": {"wa": 1.0}}, "step": 34}
Step:35	{"metric": {"full19train": {"acc": 1.0}}, "step": 35}
Step:35	{"metric": {"full19test": {"acc": 1.0}}, "step": 35}
Step:35	{"metric": {"full19test": {"UAR": 1.0}}, "step": 35}
Step:35	{"metric": {"full19test": {"Macro_F1": 1.0}}, "step": 35}
Step:35	{"metric": {"full19test": {"wa": 1.0}}, "step": 35}
Step:36	{"metric": {"full19train": {"acc": 1.0}}, "step": 36}
Step:36	{"metric": {"full19test": {"acc": 1.0}}, "step": 36}
Step:36	{"metric": {"full19test": {"UAR": 1.0}}, "step": 36}
Step:36	{"metric": {"full19test": {"Macro_F1": 1.0}}, "step": 36}
Step:36	{"metric": {"full19test": {"wa": 1.0}}, "step": 36}
Step:37	{"metric": {"full19train": {"acc": 1.0}}, "step": 37}
Step:37	{"metric": {"full19test": {"acc": 1.0}}, "step": 37}
Step:37	{"metric": {"full19test": {"UAR": 1.0}}, "step": 37}
Step:37	{"metric": {"full19test": {"Macro_F1": 1.0}}, "step": 37}
Step:37	{"metric": {"full19test": {"wa": 1.0}}, "step": 37}
Step:38	{"metric": {"full19train": {"acc": 1.0}}, "step": 38}
Step:38	{"metric": {"full19test": {"acc": 1.0}}, "step": 38}
Step:38	{"metric": {"full19test": {"UAR": 1.0}}, "step": 38}
Step:38	{"metric": {"full19test": {"Macro_F1": 1.0}}, "step": 38}
Step:38	{"metric": {"full19test": {"wa": 1.0}}, "step": 38}
Step:39	{"metric": {"full19train": {"acc": 1.0}}, "step": 39}
Step:39	{"metric": {"full19test": {"acc": 1.0}}, "step": 39}
Step:39	{"metric": {"full19test": {"UAR": 1.0}}, "step": 39}
Step:39	{"metric": {"full19test": {"Macro_F1": 1.0}}, "step": 39}
Step:39	{"metric": {"full19test": {"wa": 1.0}}, "step": 39}
Step:40	{"metric": {"full19train": {"acc": 1.0}}, "step": 40}
Step:40	{"metric": {"full19test": {"acc": 1.0}}, "step": 40}
Step:40	{"metric": {"full19test": {"UAR": 1.0}}, "step": 40}
Step:40	{"metric": {"full19test": {"Macro_F1": 1.0}}, "step": 40}
Step:40	{"metric": {"full19test": {"wa": 1.0}}, "step": 40}
Step:41	{"metric": {"full19train": {"acc": 1.0}}, "step": 41}
Step:41	{"metric": {"full19test": {"acc": 1.0}}, "step": 41}
Step:41	{"metric": {"full19test": {"UAR": 1.0}}, "step": 41}
Step:41	{"metric": {"full19test": {"Macro_F1": 1.0}}, "step": 41}
Step:41	{"metric": {"full19test": {"wa": 1.0}}, "step": 41}
Step:42	{"metric": {"full19train": {"acc": 1.0}}, "step": 42}
Step:42	{"metric": {"full19test": {"acc": 1.0}}, "step": 42}
Step:42	{"metric": {"full19test": {"UAR": 1.0}}, "step": 42}
Step:42	{"metric": {"full19test": {"Macro_F1": 1.0}}, "step": 42}
Step:42	{"metric": {"full19test": {"wa": 1.0}}, "step": 42}
Step:43	{"metric": {"full19train": {"acc": 1.0}}, "step": 43}
Step:43	{"metric": {"full19test": {"acc": 1.0}}, "step": 43}
Step:43	{"metric": {"full19test": {"UAR": 1.0}}, "step": 43}
Step:43	{"metric": {"full19test": {"Macro_F1": 1.0}}, "step": 43}
Step:43	{"metric": {"full19test": {"wa": 1.0}}, "step": 43}
Step:44	{"metric": {"full19train": {"acc": 1.0}}, "step": 44}
Step:44	{"metric": {"full19test": {"acc": 1.0}}, "step": 44}
Step:44	{"metric": {"full19test": {"UAR": 1.0}}, "step": 44}
Step:44	{"metric": {"full19test": {"Macro_F1": 1.0}}, "step": 44}
Step:44	{"metric": {"full19test": {"wa": 1.0}}, "step": 44}
Step:45	{"metric": {"full19train": {"acc": 1.0}}, "step": 45}
Step:45	{"metric": {"full19test": {"acc": 1.0}}, "step": 45}
Step:45	{"metric": {"full19test": {"UAR": 1.0}}, "step": 45}
Step:45	{"metric": {"full19test": {"Macro_F1": 1.0}}, "step": 45}
Step:45	{"metric": {"full19test": {"wa": 1.0}}, "step": 45}
Step:46	{"metric": {"full19train": {"acc": 1.0}}, "step": 46}
Step:46	{"metric": {"full19test": {"acc": 1.0}}, "step": 46}
Step:46	{"metric": {"full19test": {"UAR": 1.0}}, "step": 46}
Step:46	{"metric": {"full19test": {"Macro_F1": 1.0}}, "step": 46}
Step:46	{"metric": {"full19test": {"wa": 1.0}}, "step": 46}
Step:47	{"metric": {"full19train": {"acc": 1.0}}, "step": 47}
Step:47	{"metric": {"full19test": {"acc": 1.0}}, "step": 47}
Step:47	{"metric": {"full19test": {"UAR": 1.0}}, "step": 47}
Step:47	{"metric": {"full19test": {"Macro_F1": 1.0}}, "step": 47}
Step:47	{"metric": {"full19test": {"wa": 1.0}}, "step": 47}
Step:48	{"metric": {"full19train": {"acc": 1.0}}, "step": 48}
Step:48	{"metric": {"full19test": {"acc": 1.0}}, "step": 48}
Step:48	{"metric": {"full19test": {"UAR": 1.0}}, "step": 48}
Step:48	{"metric": {"full19test": {"Macro_F1": 1.0}}, "step": 48}
Step:48	{"metric": {"full19test": {"wa": 1.0}}, "step": 48}
Step:49	{"metric": {"full19train": {"acc": 1.0}}, "step": 49}
Step:49	{"metric": {"full19test": {"acc": 1.0}}, "step": 49}
Step:49	{"metric": {"full19test": {"UAR": 1.0}}, "step": 49}
Step:49	{"metric": {"full19test": {"Macro_F1": 1.0}}, "step": 49}
Step:49	{"metric": {"full19test": {"wa": 1.0}}, "step": 49}
Step:50	{"metric": {"full19train": {"acc": 1.0}}, "step": 50}
Step:50	{"metric": {"full19test": {"acc": 1.0}}, "step": 50}
Step:50	{"metric": {"full19test": {"UAR": 1.0}}, "step": 50}
Step:50	{"metric": {"full19test": {"Macro_F1": 1.0}}, "step": 50}
Step:50	{"metric": {"full19test": {"wa": 1.0}}, "step": 50}
Step:51	{"metric": {"full19train": {"acc": 1.0}}, "step": 51}
Step:51	{"metric": {"full19test": {"acc": 1.0}}, "step": 51}
Step:51	{"metric": {"full19test": {"UAR": 1.0}}, "step": 51}
Step:51	{"metric": {"full19test": {"Macro_F1": 1.0}}, "step": 51}
Step:51	{"metric": {"full19test": {"wa": 1.0}}, "step": 51}
Step:52	{"metric": {"full19train": {"acc": 1.0}}, "step": 52}
Step:52	{"metric": {"full19test": {"acc": 1.0}}, "step": 52}
Step:52	{"metric": {"full19test": {"UAR": 1.0}}, "step": 52}
Step:52	{"metric": {"full19test": {"Macro_F1": 1.0}}, "step": 52}
Step:52	{"metric": {"full19test": {"wa": 1.0}}, "step": 52}
Step:53	{"metric": {"full19train": {"acc": 1.0}}, "step": 53}
Step:53	{"metric": {"full19test": {"acc": 1.0}}, "step": 53}
Step:53	{"metric": {"full19test": {"UAR": 1.0}}, "step": 53}
Step:53	{"metric": {"full19test": {"Macro_F1": 1.0}}, "step": 53}
Step:53	{"metric": {"full19test": {"wa": 1.0}}, "step": 53}
Step:54	{"metric": {"full19train": {"acc": 1.0}}, "step": 54}
Step:54	{"metric": {"full19test": {"acc": 1.0}}, "step": 54}
Step:54	{"metric": {"full19test": {"UAR": 1.0}}, "step": 54}
Step:54	{"metric": {"full19test": {"Macro_F1": 1.0}}, "step": 54}
Step:54	{"metric": {"full19test": {"wa": 1.0}}, "step": 54}
Step:55	{"metric": {"full19train": {"acc": 1.0}}, "step": 55}
Step:55	{"metric": {"full19test": {"acc": 1.0}}, "step": 55}
Step:55	{"metric": {"full19test": {"UAR": 1.0}}, "step": 55}
Step:55	{"metric": {"full19test": {"Macro_F1": 1.0}}, "step": 55}
Step:55	{"metric": {"full19test": {"wa": 1.0}}, "step": 55}
Step:56	{"metric": {"full19train": {"acc": 1.0}}, "step": 56}
Step:56	{"metric": {"full19test": {"acc": 1.0}}, "step": 56}
Step:56	{"metric": {"full19test": {"UAR": 1.0}}, "step": 56}
Step:56	{"metric": {"full19test": {"Macro_F1": 1.0}}, "step": 56}
Step:56	{"metric": {"full19test": {"wa": 1.0}}, "step": 56}
Step:57	{"metric": {"full19train": {"acc": 1.0}}, "step": 57}
Step:57	{"metric": {"full19test": {"acc": 1.0}}, "step": 57}
Step:57	{"metric": {"full19test": {"UAR": 1.0}}, "step": 57}
Step:57	{"metric": {"full19test": {"Macro_F1": 1.0}}, "step": 57}
Step:57	{"metric": {"full19test": {"wa": 1.0}}, "step": 57}
Step:58	{"metric": {"full19train": {"acc": 1.0}}, "step": 58}
Step:58	{"metric": {"full19test": {"acc": 1.0}}, "step": 58}
Step:58	{"metric": {"full19test": {"UAR": 1.0}}, "step": 58}
Step:58	{"metric": {"full19test": {"Macro_F1": 1.0}}, "step": 58}
Step:58	{"metric": {"full19test": {"wa": 1.0}}, "step": 58}
Step:59	{"metric": {"full19train": {"acc": 1.0}}, "step": 59}
Step:59	{"metric": {"full19test": {"acc": 1.0}}, "step": 59}
Step:59	{"metric": {"full19test": {"UAR": 1.0}}, "step": 59}
Step:59	{"metric": {"full19test": {"Macro_F1": 1.0}}, "step": 59}
Step:59	{"metric": {"full19test": {"wa": 1.0}}, "step": 59}
Step:60	{"metric": {"full19train": {"acc": 1.0}}, "step": 60}
Step:60	{"metric": {"full19test": {"acc": 1.0}}, "step": 60}
Step:60	{"metric": {"full19test": {"UAR": 1.0}}, "step": 60}
Step:60	{"metric": {"full19test": {"Macro_F1": 1.0}}, "step": 60}
Step:60	{"metric": {"full19test": {"wa": 1.0}}, "step": 60}
Step:61	{"metric": {"full19train": {"acc": 1.0}}, "step": 61}
Step:61	{"metric": {"full19test": {"acc": 1.0}}, "step": 61}
Step:61	{"metric": {"full19test": {"UAR": 1.0}}, "step": 61}
Step:61	{"metric": {"full19test": {"Macro_F1": 1.0}}, "step": 61}
Step:61	{"metric": {"full19test": {"wa": 1.0}}, "step": 61}
Step:62	{"metric": {"full19train": {"acc": 1.0}}, "step": 62}
Step:62	{"metric": {"full19test": {"acc": 1.0}}, "step": 62}
Step:62	{"metric": {"full19test": {"UAR": 1.0}}, "step": 62}
Step:62	{"metric": {"full19test": {"Macro_F1": 1.0}}, "step": 62}
Step:62	{"metric": {"full19test": {"wa": 1.0}}, "step": 62}
Step:63	{"metric": {"full19train": {"acc": 1.0}}, "step": 63}
Step:63	{"metric": {"full19test": {"acc": 1.0}}, "step": 63}
Step:63	{"metric": {"full19test": {"UAR": 1.0}}, "step": 63}
Step:63	{"metric": {"full19test": {"Macro_F1": 1.0}}, "step": 63}
Step:63	{"metric": {"full19test": {"wa": 1.0}}, "step": 63}
Step:64	{"metric": {"full19train": {"acc": 1.0}}, "step": 64}
Step:64	{"metric": {"full19test": {"acc": 1.0}}, "step": 64}
Step:64	{"metric": {"full19test": {"UAR": 1.0}}, "step": 64}
Step:64	{"metric": {"full19test": {"Macro_F1": 1.0}}, "step": 64}
Step:64	{"metric": {"full19test": {"wa": 1.0}}, "step": 64}
Step:65	{"metric": {"full19train": {"acc": 1.0}}, "step": 65}
Step:65	{"metric": {"full19test": {"acc": 1.0}}, "step": 65}
Step:65	{"metric": {"full19test": {"UAR": 1.0}}, "step": 65}
Step:65	{"metric": {"full19test": {"Macro_F1": 1.0}}, "step": 65}
Step:65	{"metric": {"full19test": {"wa": 1.0}}, "step": 65}
Step:66	{"metric": {"full19train": {"acc": 1.0}}, "step": 66}
Step:66	{"metric": {"full19test": {"acc": 1.0}}, "step": 66}
Step:66	{"metric": {"full19test": {"UAR": 1.0}}, "step": 66}
Step:66	{"metric": {"full19test": {"Macro_F1": 1.0}}, "step": 66}
Step:66	{"metric": {"full19test": {"wa": 1.0}}, "step": 66}
Step:67	{"metric": {"full19train": {"acc": 1.0}}, "step": 67}
Step:67	{"metric": {"full19test": {"acc": 1.0}}, "step": 67}
Step:67	{"metric": {"full19test": {"UAR": 1.0}}, "step": 67}
Step:67	{"metric": {"full19test": {"Macro_F1": 1.0}}, "step": 67}
Step:67	{"metric": {"full19test": {"wa": 1.0}}, "step": 67}
Step:68	{"metric": {"full19train": {"acc": 1.0}}, "step": 68}
Step:68	{"metric": {"full19test": {"acc": 1.0}}, "step": 68}
Step:68	{"metric": {"full19test": {"UAR": 1.0}}, "step": 68}
Step:68	{"metric": {"full19test": {"Macro_F1": 1.0}}, "step": 68}
Step:68	{"metric": {"full19test": {"wa": 1.0}}, "step": 68}
Step:69	{"metric": {"full19train": {"acc": 1.0}}, "step": 69}
Step:69	{"metric": {"full19test": {"acc": 1.0}}, "step": 69}
Step:69	{"metric": {"full19test": {"UAR": 1.0}}, "step": 69}
Step:69	{"metric": {"full19test": {"Macro_F1": 1.0}}, "step": 69}
Step:69	{"metric": {"full19test": {"wa": 1.0}}, "step": 69}
Step:70	{"metric": {"full19train": {"acc": 1.0}}, "step": 70}
Step:70	{"metric": {"full19test": {"acc": 1.0}}, "step": 70}
Step:70	{"metric": {"full19test": {"UAR": 1.0}}, "step": 70}
Step:70	{"metric": {"full19test": {"Macro_F1": 1.0}}, "step": 70}
Step:70	{"metric": {"full19test": {"wa": 1.0}}, "step": 70}
Step:71	{"metric": {"full19train": {"acc": 1.0}}, "step": 71}
Step:71	{"metric": {"full19test": {"acc": 1.0}}, "step": 71}
Step:71	{"metric": {"full19test": {"UAR": 1.0}}, "step": 71}
Step:71	{"metric": {"full19test": {"Macro_F1": 1.0}}, "step": 71}
Step:71	{"metric": {"full19test": {"wa": 1.0}}, "step": 71}
Step:72	{"metric": {"full19train": {"acc": 1.0}}, "step": 72}
Step:72	{"metric": {"full19test": {"acc": 1.0}}, "step": 72}
Step:72	{"metric": {"full19test": {"UAR": 1.0}}, "step": 72}
Step:72	{"metric": {"full19test": {"Macro_F1": 1.0}}, "step": 72}
Step:72	{"metric": {"full19test": {"wa": 1.0}}, "step": 72}
Step:73	{"metric": {"full19train": {"acc": 1.0}}, "step": 73}
Step:73	{"metric": {"full19test": {"acc": 1.0}}, "step": 73}
Step:73	{"metric": {"full19test": {"UAR": 1.0}}, "step": 73}
Step:73	{"metric": {"full19test": {"Macro_F1": 1.0}}, "step": 73}
Step:73	{"metric": {"full19test": {"wa": 1.0}}, "step": 73}
Step:74	{"metric": {"full19train": {"acc": 1.0}}, "step": 74}
Step:74	{"metric": {"full19test": {"acc": 1.0}}, "step": 74}
Step:74	{"metric": {"full19test": {"UAR": 1.0}}, "step": 74}
Step:74	{"metric": {"full19test": {"Macro_F1": 1.0}}, "step": 74}
Step:74	{"metric": {"full19test": {"wa": 1.0}}, "step": 74}
Step:75	{"metric": {"full19train": {"acc": 1.0}}, "step": 75}
Step:75	{"metric": {"full19test": {"acc": 1.0}}, "step": 75}
Step:75	{"metric": {"full19test": {"UAR": 1.0}}, "step": 75}
Step:75	{"metric": {"full19test": {"Macro_F1": 1.0}}, "step": 75}
Step:75	{"metric": {"full19test": {"wa": 1.0}}, "step": 75}
Step:76	{"metric": {"full19train": {"acc": 1.0}}, "step": 76}
Step:76	{"metric": {"full19test": {"acc": 1.0}}, "step": 76}
Step:76	{"metric": {"full19test": {"UAR": 1.0}}, "step": 76}
Step:76	{"metric": {"full19test": {"Macro_F1": 1.0}}, "step": 76}
Step:76	{"metric": {"full19test": {"wa": 1.0}}, "step": 76}
Step:77	{"metric": {"full19train": {"acc": 1.0}}, "step": 77}
Step:77	{"metric": {"full19test": {"acc": 1.0}}, "step": 77}
Step:77	{"metric": {"full19test": {"UAR": 1.0}}, "step": 77}
Step:77	{"metric": {"full19test": {"Macro_F1": 1.0}}, "step": 77}
Step:77	{"metric": {"full19test": {"wa": 1.0}}, "step": 77}
Step:78	{"metric": {"full19train": {"acc": 1.0}}, "step": 78}
Step:78	{"metric": {"full19test": {"acc": 1.0}}, "step": 78}
Step:78	{"metric": {"full19test": {"UAR": 1.0}}, "step": 78}
Step:78	{"metric": {"full19test": {"Macro_F1": 1.0}}, "step": 78}
Step:78	{"metric": {"full19test": {"wa": 1.0}}, "step": 78}
Step:79	{"metric": {"full19train": {"acc": 1.0}}, "step": 79}
Step:79	{"metric": {"full19test": {"acc": 1.0}}, "step": 79}
Step:79	{"metric": {"full19test": {"UAR": 1.0}}, "step": 79}
Step:79	{"metric": {"full19test": {"Macro_F1": 1.0}}, "step": 79}
Step:79	{"metric": {"full19test": {"wa": 1.0}}, "step": 79}
Step:80	{"metric": {"full19train": {"acc": 1.0}}, "step": 80}
Step:80	{"metric": {"full19test": {"acc": 1.0}}, "step": 80}
Step:80	{"metric": {"full19test": {"UAR": 1.0}}, "step": 80}
Step:80	{"metric": {"full19test": {"Macro_F1": 1.0}}, "step": 80}
Step:80	{"metric": {"full19test": {"wa": 1.0}}, "step": 80}
Step:81	{"metric": {"full19train": {"acc": 1.0}}, "step": 81}
Step:81	{"metric": {"full19test": {"acc": 1.0}}, "step": 81}
Step:81	{"metric": {"full19test": {"UAR": 1.0}}, "step": 81}
Step:81	{"metric": {"full19test": {"Macro_F1": 1.0}}, "step": 81}
Step:81	{"metric": {"full19test": {"wa": 1.0}}, "step": 81}
Step:82	{"metric": {"full19train": {"acc": 1.0}}, "step": 82}
Step:82	{"metric": {"full19test": {"acc": 1.0}}, "step": 82}
Step:82	{"metric": {"full19test": {"UAR": 1.0}}, "step": 82}
Step:82	{"metric": {"full19test": {"Macro_F1": 1.0}}, "step": 82}
Step:82	{"metric": {"full19test": {"wa": 1.0}}, "step": 82}
Step:83	{"metric": {"full19train": {"acc": 1.0}}, "step": 83}
Step:83	{"metric": {"full19test": {"acc": 1.0}}, "step": 83}
Step:83	{"metric": {"full19test": {"UAR": 1.0}}, "step": 83}
Step:83	{"metric": {"full19test": {"Macro_F1": 1.0}}, "step": 83}
Step:83	{"metric": {"full19test": {"wa": 1.0}}, "step": 83}
Step:84	{"metric": {"full19train": {"acc": 1.0}}, "step": 84}
Step:84	{"metric": {"full19test": {"acc": 1.0}}, "step": 84}
Step:84	{"metric": {"full19test": {"UAR": 1.0}}, "step": 84}
Step:84	{"metric": {"full19test": {"Macro_F1": 1.0}}, "step": 84}
Step:84	{"metric": {"full19test": {"wa": 1.0}}, "step": 84}
Step:85	{"metric": {"full19train": {"acc": 1.0}}, "step": 85}
Step:85	{"metric": {"full19test": {"acc": 1.0}}, "step": 85}
Step:85	{"metric": {"full19test": {"UAR": 1.0}}, "step": 85}
Step:85	{"metric": {"full19test": {"Macro_F1": 1.0}}, "step": 85}
Step:85	{"metric": {"full19test": {"wa": 1.0}}, "step": 85}
Step:86	{"metric": {"full19train": {"acc": 1.0}}, "step": 86}
Step:86	{"metric": {"full19test": {"acc": 1.0}}, "step": 86}
Step:86	{"metric": {"full19test": {"UAR": 1.0}}, "step": 86}
Step:86	{"metric": {"full19test": {"Macro_F1": 1.0}}, "step": 86}
Step:86	{"metric": {"full19test": {"wa": 1.0}}, "step": 86}
Step:87	{"metric": {"full19train": {"acc": 1.0}}, "step": 87}
Step:87	{"metric": {"full19test": {"acc": 1.0}}, "step": 87}
Step:87	{"metric": {"full19test": {"UAR": 1.0}}, "step": 87}
Step:87	{"metric": {"full19test": {"Macro_F1": 1.0}}, "step": 87}
Step:87	{"metric": {"full19test": {"wa": 1.0}}, "step": 87}
Step:88	{"metric": {"full19train": {"acc": 1.0}}, "step": 88}
Step:88	{"metric": {"full19test": {"acc": 1.0}}, "step": 88}
Step:88	{"metric": {"full19test": {"UAR": 1.0}}, "step": 88}
Step:88	{"metric": {"full19test": {"Macro_F1": 1.0}}, "step": 88}
Step:88	{"metric": {"full19test": {"wa": 1.0}}, "step": 88}
Step:89	{"metric": {"full19train": {"acc": 1.0}}, "step": 89}
Step:89	{"metric": {"full19test": {"acc": 1.0}}, "step": 89}
Step:89	{"metric": {"full19test": {"UAR": 1.0}}, "step": 89}
Step:89	{"metric": {"full19test": {"Macro_F1": 1.0}}, "step": 89}
Step:89	{"metric": {"full19test": {"wa": 1.0}}, "step": 89}
Step:90	{"metric": {"full19train": {"acc": 1.0}}, "step": 90}
Step:90	{"metric": {"full19test": {"acc": 1.0}}, "step": 90}
Step:90	{"metric": {"full19test": {"UAR": 1.0}}, "step": 90}
Step:90	{"metric": {"full19test": {"Macro_F1": 1.0}}, "step": 90}
Step:90	{"metric": {"full19test": {"wa": 1.0}}, "step": 90}
Step:91	{"metric": {"full19train": {"acc": 1.0}}, "step": 91}
Step:91	{"metric": {"full19test": {"acc": 1.0}}, "step": 91}
Step:91	{"metric": {"full19test": {"UAR": 1.0}}, "step": 91}
Step:91	{"metric": {"full19test": {"Macro_F1": 1.0}}, "step": 91}
Step:91	{"metric": {"full19test": {"wa": 1.0}}, "step": 91}
Step:92	{"metric": {"full19train": {"acc": 1.0}}, "step": 92}
Step:92	{"metric": {"full19test": {"acc": 1.0}}, "step": 92}
Step:92	{"metric": {"full19test": {"UAR": 1.0}}, "step": 92}
Step:92	{"metric": {"full19test": {"Macro_F1": 1.0}}, "step": 92}
Step:92	{"metric": {"full19test": {"wa": 1.0}}, "step": 92}
Step:93	{"metric": {"full19train": {"acc": 1.0}}, "step": 93}
Step:93	{"metric": {"full19test": {"acc": 1.0}}, "step": 93}
Step:93	{"metric": {"full19test": {"UAR": 1.0}}, "step": 93}
Step:93	{"metric": {"full19test": {"Macro_F1": 1.0}}, "step": 93}
Step:93	{"metric": {"full19test": {"wa": 1.0}}, "step": 93}
Step:94	{"metric": {"full19train": {"acc": 1.0}}, "step": 94}
Step:94	{"metric": {"full19test": {"acc": 1.0}}, "step": 94}
Step:94	{"metric": {"full19test": {"UAR": 1.0}}, "step": 94}
Step:94	{"metric": {"full19test": {"Macro_F1": 1.0}}, "step": 94}
Step:94	{"metric": {"full19test": {"wa": 1.0}}, "step": 94}
Step:95	{"metric": {"full19train": {"acc": 1.0}}, "step": 95}
Step:95	{"metric": {"full19test": {"acc": 1.0}}, "step": 95}
Step:95	{"metric": {"full19test": {"UAR": 1.0}}, "step": 95}
Step:95	{"metric": {"full19test": {"Macro_F1": 1.0}}, "step": 95}
Step:95	{"metric": {"full19test": {"wa": 1.0}}, "step": 95}
Step:96	{"metric": {"full19train": {"acc": 1.0}}, "step": 96}
Step:96	{"metric": {"full19test": {"acc": 1.0}}, "step": 96}
Step:96	{"metric": {"full19test": {"UAR": 1.0}}, "step": 96}
Step:96	{"metric": {"full19test": {"Macro_F1": 1.0}}, "step": 96}
Step:96	{"metric": {"full19test": {"wa": 1.0}}, "step": 96}
Step:97	{"metric": {"full19train": {"acc": 1.0}}, "step": 97}
Step:97	{"metric": {"full19test": {"acc": 1.0}}, "step": 97}
Step:97	{"metric": {"full19test": {"UAR": 1.0}}, "step": 97}
Step:97	{"metric": {"full19test": {"Macro_F1": 1.0}}, "step": 97}
Step:97	{"metric": {"full19test": {"wa": 1.0}}, "step": 97}
Step:98	{"metric": {"full19train": {"acc": 1.0}}, "step": 98}
Step:98	{"metric": {"full19test": {"acc": 1.0}}, "step": 98}
Step:98	{"metric": {"full19test": {"UAR": 1.0}}, "step": 98}
Step:98	{"metric": {"full19test": {"Macro_F1": 1.0}}, "step": 98}
Step:98	{"metric": {"full19test": {"wa": 1.0}}, "step": 98}
Step:99	{"metric": {"full19train": {"acc": 1.0}}, "step": 99}
Step:99	{"metric": {"full19test": {"acc": 1.0}}, "step": 99}
Step:99	{"metric": {"full19test": {"UAR": 1.0}}, "step": 99}
Step:99	{"metric": {"full19test": {"Macro_F1": 1.0}}, "step": 99}
Step:99	{"metric": {"full19test": {"wa": 1.0}}, "step": 99}
Step:100	{"metric": {"full19train": {"acc": 1.0}}, "step": 100}
Step:100	{"metric": {"full19test": {"acc": 1.0}}, "step": 100}
Step:100	{"metric": {"full19test": {"UAR": 1.0}}, "step": 100}
Step:100	{"metric": {"full19test": {"Macro_F1": 1.0}}, "step": 100}
Step:100	{"metric": {"full19test": {"wa": 1.0}}, "step": 100}
