{"metric": {"full191": 0.16326530612244897}}
{"metric": {"full191UAR": 0.031746}}
{"metric": {"full191f1": 0.048632}}
{"metric": {"full191wa": 0.534323}}
{"metric": {"full191": 0.22448979591836735}}
{"metric": {"full191UAR": 0.060924}}
{"metric": {"full191f1": 0.080806}}
{"metric": {"full191wa": 0.549298}}
{"metric": {"full191": 0.2653061224489796}}
{"metric": {"full191UAR": 0.07483}}
{"metric": {"full191f1": 0.099424}}
{"metric": {"full191wa": 0.568646}}
{"metric": {"full191": 0.2653061224489796}}
{"metric": {"full191UAR": 0.078961}}
{"metric": {"full191f1": 0.10323}}
{"metric": {"full191": 0.30612244897959184}}
{"metric": {"full191UAR": 0.085765}}
{"metric": {"full191f1": 0.112753}}
{"metric": {"full191wa": 0.618871}}
{"metric": {"full191": 0.3673469387755102}}
{"metric": {"full191UAR": 0.138158}}
{"metric": {"full191f1": 0.146617}}
{"metric": {"full191wa": 0.794328}}
{"metric": {"full191": 0.40816326530612246}}
{"metric": {"full191UAR": 0.170975}}
{"metric": {"full191f1": 0.195671}}
{"metric": {"full191": 0.4489795918367347}}
{"metric": {"full191UAR": 0.207373}}
{"metric": {"full191f1": 0.230011}}
{"metric": {"full191wa": 0.804824}}
{"metric": {"full191UAR": 0.264129}}
{"metric": {"full191wa": 0.812616}}
{"metric": {"full191": 0.46938775510204084}}
{"metric": {"full191f1": 0.235897}}
{"metric": {"full191": 0.46938775510204084}}
{"metric": {"full191f1": 0.254073}}
{"metric": {"full191": 0.4897959183673469}}
{"metric": {"full191": 0.4897959183673469}}
{"metric": {"full191UAR": 0.360544}}
{"metric": {"full191f1": 0.285213}}
{"metric": {"full191UAR": 0.392125}}
{"metric": {"full191": 0.5102040816326531}}
{"metric": {"full191f1": 0.288718}}
{"metric": {"full191f1": 0.303963}}
{"metric": {"full191UAR": 0.394481}}
{"metric": {"full191f1": 0.311224}}
{"metric": {"full191": 0.5102040816326531}}
{"metric": {"full191": 0.5102040816326531}}
{"metric": {"full191": 0.5102040816326531}}
{"metric": {"full191": 0.5102040816326531}}
{"metric": {"full191": 0.5102040816326531}}
{"metric": {"full191": 0.5306122448979592}}
{"metric": {"full191UAR": 0.43652}}
{"metric": {"full191f1": 0.361126}}
{"metric": {"full191": 0.5306122448979592}}
{"metric": {"zhong": 0.3469387755102041}}
{"metric": {"zhongUAR": 0.151587}}
{"metric": {"zhongf1": 0.124939}}
{"metric": {"zhongwa": 0.940631}}
{"metric": {"zhongwa": 1.0}}
{"metric": {"zhongUAR": 0.18541}}
{"metric": {"zhongUAR": 0.260073}}
{"metric": {"zhongUAR": 0.272932}}
{"metric": {"zhongf1": 0.146847}}
{"metric": {"zhongUAR": 0.308647}}
{"metric": {"zhongf1": 0.191761}}
{"metric": {"zhongf1": 0.21369}}
{"metric": {"zhong": 0.40816326530612246}}
{"metric": {"zhongf1": 0.268683}}
{"metric": {"zhong": 0.4897959183673469}}
{"metric": {"zhong": 0.5102040816326531}}
{"metric": {"full191": 0.16326530612244897}}
{"metric": {"full191UAR": 0.109914}}
{"metric": {"full191f1": 0.076131}}
{"metric": {"full191wa": 0.338988}}
{"metric": {"full191": 0.24489795918367346}}
{"metric": {"full191wa": 0.752187}}
{"metric": {"full191": 0.2653061224489796}}
{"metric": {"full191f1": 0.088312}}
{"metric": {"full191": 0.32653061224489793}}
{"metric": {"full191UAR": 0.150058}}
{"metric": {"full191f1": 0.145083}}
{"metric": {"full191wa": 0.82335}}
{"metric": {"full191": 0.40816326530612246}}
{"metric": {"full191UAR": 0.313265}}
{"metric": {"full191f1": 0.257143}}
{"metric": {"full191": 0.5306122448979592}}
{"metric": {"full191f1": 0.276242}}
{"metric": {"full191wa": 0.910946}}
{"metric": {"full191UAR": 0.343615}}
{"metric": {"full191f1": 0.279421}}
{"metric": {"full191UAR": 0.479437}}
{"metric": {"full191f1": 0.326226}}
{"metric": {"full191f1": 0.329191}}
{"metric": {"full191": 0.5306122448979592}}
{"metric": {"full191f1": 0.359172}}
{"metric": {"full191UAR": 0.493437}}
{"metric": {"full191f1": 0.36791}}
{"metric": {"full191UAR": 0.518086}}
{"metric": {"full191UAR": 0.518864}}
{"metric": {"full191f1": 0.378554}}
{"metric": {"full191f1": 0.480395}}
{"metric": {"full191": 0.5510204081632653}}
{"metric": {"full191UAR": 0.541758}}
{"metric": {"full191": 0.5510204081632653}}
{"metric": {"full191": 0.5510204081632653}}
{"metric": {"full191UAR": 0.630612}}
{"metric": {"full191f1": 0.559011}}
{"metric": {"full191": 0.5714285714285714}}
{"metric": {"full191": 0.6530612244897959}}
{"metric": {"full191": 0.673469387755102}}
{"metric": {"full191f1": 0.573393}}
{"metric": {"full191": 0.673469387755102}}
{"metric": {"full191UAR": 0.691287}}
{"metric": {"full191f1": 0.638662}}
{"metric": {"zhong": 0.16326530612244897}}
{"metric": {"zhongUAR": 0.101948}}
{"metric": {"zhongf1": 0.082726}}
{"metric": {"zhongwa": 0.925788}}
{"metric": {"zhong": 0.2653061224489796}}
{"metric": {"zhongf1": 0.100994}}
{"metric": {"zhongwa": 1.0}}
{"metric": {"zhong": 0.32653061224489793}}
{"metric": {"zhongUAR": 0.138716}}
{"metric": {"zhongf1": 0.12381}}
{"metric": {"zhongUAR": 0.27483}}
{"metric": {"zhongf1": 0.124456}}
{"metric": {"zhongf1": 0.147315}}
{"metric": {"zhongUAR": 0.420686}}
{"metric": {"zhongf1": 0.225881}}
{"metric": {"zhong": 0.32653061224489793}}
{"metric": {"zhongf1": 0.29092}}
{"metric": {"zhong": 0.3469387755102041}}
{"metric": {"zhongf1": 0.309977}}
{"metric": {"zhong": 0.3673469387755102}}
{"metric": {"zhongf1": 0.318408}}
{"metric": {"zhong": 0.3673469387755102}}
{"metric": {"zhong": 0.40816326530612246}}
{"metric": {"zhongf1": 0.358299}}
{"metric": {"zhong": 0.4489795918367347}}
{"metric": {"zhongUAR": 0.461111}}
{"metric": {"zhongf1": 0.397754}}
{"metric": {"zhong": 0.4489795918367347}}
{"metric": {"zhong": 0.46938775510204084}}
{"metric": {"zhongf1": 0.405916}}
{"metric": {"zhong": 0.46938775510204084}}
