Step:1	{"loss": {"full191train_loss": 0.04787753903588583}, "step": 1}
Step:1	{"loss": {"full191test_loss": 0.0398892237215626}, "step": 1}
Step:2	{"loss": {"full191train_loss": 0.042819488880246184}, "step": 2}
Step:2	{"loss": {"full191test_loss": 0.0400161548536651}, "step": 2}
Step:3	{"loss": {"full191train_loss": 0.041573821112167}, "step": 3}
Step:3	{"loss": {"full191test_loss": 0.04021869143661188}, "step": 3}
Step:4	{"loss": {"full191train_loss": 0.04111090094544167}, "step": 4}
Step:4	{"loss": {"full191test_loss": 0.039819955825805664}, "step": 4}
Step:5	{"loss": {"full191train_loss": 0.03999315028966859}, "step": 5}
Step:5	{"loss": {"full191test_loss": 0.040009333162891625}, "step": 5}
Step:6	{"loss": {"full191train_loss": 0.03655198008515114}, "step": 6}
Step:6	{"loss": {"full191test_loss": 0.03840121687675009}, "step": 6}
Step:7	{"loss": {"full191train_loss": 0.0346704361050628}, "step": 7}
Step:7	{"loss": {"full191test_loss": 0.037219538980600785}, "step": 7}
Step:8	{"loss": {"full191train_loss": 0.033868678780489186}, "step": 8}
Step:8	{"loss": {"full191test_loss": 0.03548707280840192}, "step": 8}
Step:9	{"loss": {"full191train_loss": 0.03277243569839832}, "step": 9}
Step:9	{"loss": {"full191test_loss": 0.036742589911636044}, "step": 9}
Step:10	{"loss": {"full191train_loss": 0.03261446398358012}, "step": 10}
Step:10	{"loss": {"full191test_loss": 0.03779667250964106}, "step": 10}
Step:11	{"loss": {"full191train_loss": 0.03173878858255785}, "step": 11}
Step:11	{"loss": {"full191test_loss": 0.03873223674540617}, "step": 11}
Step:12	{"loss": {"full191train_loss": 0.029487964718840843}, "step": 12}
Step:12	{"loss": {"full191test_loss": 0.04236703989457111}, "step": 12}
Step:13	{"loss": {"full191train_loss": 0.02990432672722395}, "step": 13}
Step:13	{"loss": {"full191test_loss": 0.04405634257258201}, "step": 13}
Step:14	{"loss": {"full191train_loss": 0.030950562898502794}, "step": 14}
Step:14	{"loss": {"full191test_loss": 0.03993315112834074}, "step": 14}
Step:15	{"loss": {"full191train_loss": 0.026594791301461154}, "step": 15}
Step:15	{"loss": {"full191test_loss": 0.03713972471198257}, "step": 15}
Step:16	{"loss": {"full191train_loss": 0.02591729718585347}, "step": 16}
Step:16	{"loss": {"full191test_loss": 0.035140998509465435}, "step": 16}
Step:17	{"loss": {"full191train_loss": 0.025802842406339423}, "step": 17}
Step:17	{"loss": {"full191test_loss": 0.03685590199061802}, "step": 17}
Step:18	{"loss": {"full191train_loss": 0.02452466654223065}, "step": 18}
Step:18	{"loss": {"full191test_loss": 0.037952802619155575}, "step": 18}
Step:19	{"loss": {"full191train_loss": 0.022424038066420446}, "step": 19}
Step:19	{"loss": {"full191test_loss": 0.03948285385053985}, "step": 19}
Step:20	{"loss": {"full191train_loss": 0.022417962551116943}, "step": 20}
Step:20	{"loss": {"full191test_loss": 0.04252272236103914}, "step": 20}
Step:21	{"loss": {"full191train_loss": 0.020451120165891425}, "step": 21}
Step:21	{"loss": {"full191test_loss": 0.045931407383510044}, "step": 21}
Step:22	{"loss": {"full191train_loss": 0.020640267882236215}, "step": 22}
Step:22	{"loss": {"full191test_loss": 0.04492614707168268}, "step": 22}
Step:23	{"loss": {"full191train_loss": 0.019827584887659826}, "step": 23}
Step:23	{"loss": {"full191test_loss": 0.046079513977984994}, "step": 23}
Step:24	{"loss": {"full191train_loss": 0.020769253719684688}, "step": 24}
Step:24	{"loss": {"full191test_loss": 0.04445414153897032}, "step": 24}
Step:25	{"loss": {"full191train_loss": 0.019570559956306636}, "step": 25}
Step:25	{"loss": {"full191test_loss": 0.0490623055672159}, "step": 25}
Step:26	{"loss": {"full191train_loss": 0.019062927989072578}, "step": 26}
Step:26	{"loss": {"full191test_loss": 0.047798351365692764}, "step": 26}
Step:27	{"loss": {"full191train_loss": 0.016403982805651286}, "step": 27}
Step:27	{"loss": {"full191test_loss": 0.047782207021907885}, "step": 27}
Step:28	{"loss": {"full191train_loss": 0.017059711522834246}, "step": 28}
Step:28	{"loss": {"full191test_loss": 0.05083182393288126}, "step": 28}
Step:29	{"loss": {"full191train_loss": 0.0176466329153194}, "step": 29}
Step:29	{"loss": {"full191test_loss": 0.05062947954450335}, "step": 29}
Step:30	{"loss": {"full191train_loss": 0.014435371687245924}, "step": 30}
Step:30	{"loss": {"full191test_loss": 0.05289670399257115}, "step": 30}
Step:31	{"loss": {"full191train_loss": 0.015563655731289885}, "step": 31}
Step:31	{"loss": {"full191test_loss": 0.051926963183344624}, "step": 31}
Step:32	{"loss": {"full191train_loss": 0.014985017998273982}, "step": 32}
Step:32	{"loss": {"full191test_loss": 0.05446395095513792}, "step": 32}
Step:33	{"loss": {"full191train_loss": 0.013728735058806663}, "step": 33}
Step:33	{"loss": {"full191test_loss": 0.05281486803171586}, "step": 33}
Step:34	{"loss": {"full191train_loss": 0.0151033082673716}, "step": 34}
Step:34	{"loss": {"full191test_loss": 0.053254326995538205}, "step": 34}
Step:35	{"loss": {"full191train_loss": 0.013207703135734382}, "step": 35}
Step:35	{"loss": {"full191test_loss": 0.051951437580342194}, "step": 35}
Step:36	{"loss": {"full191train_loss": 0.012186112791992897}, "step": 36}
Step:36	{"loss": {"full191test_loss": 0.05366327811260613}, "step": 36}
Step:37	{"loss": {"full191train_loss": 0.012306751206863758}, "step": 37}
Step:37	{"loss": {"full191test_loss": 0.05254056502361687}, "step": 37}
Step:38	{"loss": {"full191train_loss": 0.012501131656558015}, "step": 38}
Step:38	{"loss": {"full191test_loss": 0.06045000893729074}, "step": 38}
Step:39	{"loss": {"full191train_loss": 0.010689833136491998}, "step": 39}
Step:39	{"loss": {"full191test_loss": 0.06310820579528809}, "step": 39}
Step:40	{"loss": {"full191train_loss": 0.009326732435891794}, "step": 40}
Step:40	{"loss": {"full191test_loss": 0.07566282700519172}, "step": 40}
Step:41	{"loss": {"full191train_loss": 0.009311353051385213}, "step": 41}
Step:41	{"loss": {"full191test_loss": 0.06289355122313207}, "step": 41}
Step:42	{"loss": {"full191train_loss": 0.009324085573817408}, "step": 42}
Step:42	{"loss": {"full191test_loss": 0.07030386827429946}, "step": 42}
Step:43	{"loss": {"full191train_loss": 0.008800827486570491}, "step": 43}
Step:43	{"loss": {"full191test_loss": 0.06791264183667241}, "step": 43}
Step:44	{"loss": {"full191train_loss": 0.006955921649932861}, "step": 44}
Step:44	{"loss": {"full191test_loss": 0.06316061409152283}, "step": 44}
Step:45	{"loss": {"full191train_loss": 0.006832821424617324}, "step": 45}
Step:45	{"loss": {"full191test_loss": 0.06066476568883779}, "step": 45}
Step:46	{"loss": {"full191train_loss": 0.008498209160427714}, "step": 46}
Step:46	{"loss": {"full191test_loss": 0.05527040909747688}, "step": 46}
Step:47	{"loss": {"full191train_loss": 0.0077005382194075475}, "step": 47}
Step:47	{"loss": {"full191test_loss": 0.0655419145311628}, "step": 47}
Step:48	{"loss": {"full191train_loss": 0.004955773436745932}, "step": 48}
Step:48	{"loss": {"full191test_loss": 0.060960394995553155}, "step": 48}
Step:49	{"loss": {"full191train_loss": 0.0045991945405339085}, "step": 49}
Step:49	{"loss": {"full191test_loss": 0.06207377083447515}, "step": 49}
Step:50	{"loss": {"full191train_loss": 0.00603823467742565}, "step": 50}
Step:50	{"loss": {"full191test_loss": 0.06852745036689603}, "step": 50}
Step:51	{"loss": {"full191train_loss": 0.004244540666424951}, "step": 51}
Step:51	{"loss": {"full191test_loss": 0.06407931386208048}, "step": 51}
Step:52	{"loss": {"full191train_loss": 0.0052515503972075704}, "step": 52}
Step:52	{"loss": {"full191test_loss": 0.06472448426849987}, "step": 52}
Step:53	{"loss": {"full191train_loss": 0.004090373599252036}, "step": 53}
Step:53	{"loss": {"full191test_loss": 0.06772525456486916}, "step": 53}
Step:54	{"loss": {"full191train_loss": 0.0034463568482288095}, "step": 54}
Step:54	{"loss": {"full191test_loss": 0.06339415725396604}, "step": 54}
Step:55	{"loss": {"full191train_loss": 0.0037956951662551524}, "step": 55}
Step:55	{"loss": {"full191test_loss": 0.0651375420239507}, "step": 55}
Step:56	{"loss": {"full191train_loss": 0.002657154098499653}, "step": 56}
Step:56	{"loss": {"full191test_loss": 0.07454138386006258}, "step": 56}
Step:57	{"loss": {"full191train_loss": 0.003182022724040719}, "step": 57}
Step:57	{"loss": {"full191test_loss": 0.07228586625079719}, "step": 57}
Step:58	{"loss": {"full191train_loss": 0.002942863938420318}, "step": 58}
Step:58	{"loss": {"full191test_loss": 0.07199287414550781}, "step": 58}
Step:59	{"loss": {"full191train_loss": 0.004620797412340031}, "step": 59}
Step:59	{"loss": {"full191test_loss": 0.06395387649536133}, "step": 59}
Step:60	{"loss": {"full191train_loss": 0.0023562019301015275}, "step": 60}
Step:60	{"loss": {"full191test_loss": 0.06558462065093372}, "step": 60}
Step:61	{"loss": {"full191train_loss": 0.003989140654719153}, "step": 61}
Step:61	{"loss": {"full191test_loss": 0.07368492593570632}, "step": 61}
Step:62	{"loss": {"full191train_loss": 0.0022627695701843086}, "step": 62}
Step:62	{"loss": {"full191test_loss": 0.07446693400947416}, "step": 62}
Step:63	{"loss": {"full191train_loss": 0.001568430731462878}, "step": 63}
Step:63	{"loss": {"full191test_loss": 0.07338638208350357}, "step": 63}
Step:64	{"loss": {"full191train_loss": 0.0021343546551327373}, "step": 64}
Step:64	{"loss": {"full191test_loss": 0.08250955659516003}, "step": 64}
Step:65	{"loss": {"full191train_loss": 0.002868419296519701}, "step": 65}
Step:65	{"loss": {"full191test_loss": 0.08614380505620217}, "step": 65}
Step:66	{"loss": {"full191train_loss": 0.001347797121419463}, "step": 66}
Step:66	{"loss": {"full191test_loss": 0.08045445169721331}, "step": 66}
Step:67	{"loss": {"full191train_loss": 0.0011854798121507778}, "step": 67}
Step:67	{"loss": {"full191test_loss": 0.07287296956899214}, "step": 67}
Step:68	{"loss": {"full191train_loss": 0.0017413193749827008}, "step": 68}
Step:68	{"loss": {"full191test_loss": 0.07430807911619848}, "step": 68}
Step:69	{"loss": {"full191train_loss": 0.00187649387259816}, "step": 69}
Step:69	{"loss": {"full191test_loss": 0.072443387946304}, "step": 69}
Step:70	{"loss": {"full191train_loss": 0.0012585337945195132}, "step": 70}
Step:70	{"loss": {"full191test_loss": 0.07924488612583705}, "step": 70}
Step:71	{"loss": {"full191train_loss": 0.001987977256608564}, "step": 71}
Step:71	{"loss": {"full191test_loss": 0.07263221546095244}, "step": 71}
Step:72	{"loss": {"full191train_loss": 0.0014439387203649032}, "step": 72}
Step:72	{"loss": {"full191test_loss": 0.08233916029638173}, "step": 72}
Step:73	{"loss": {"full191train_loss": 0.0014030054904693781}, "step": 73}
Step:73	{"loss": {"full191test_loss": 0.07756521263901069}, "step": 73}
Step:74	{"loss": {"full191train_loss": 0.0006233818049347678}, "step": 74}
Step:74	{"loss": {"full191test_loss": 0.07675885667606276}, "step": 74}
Step:75	{"loss": {"full191train_loss": 0.0008709597033123638}, "step": 75}
Step:75	{"loss": {"full191test_loss": 0.08777053988709742}, "step": 75}
Step:76	{"loss": {"full191train_loss": 0.0005719697232856307}, "step": 76}
Step:76	{"loss": {"full191test_loss": 0.07888245096012038}, "step": 76}
Step:77	{"loss": {"full191train_loss": 0.0012854516159656437}, "step": 77}
Step:77	{"loss": {"full191test_loss": 0.08157530609442264}, "step": 77}
Step:78	{"loss": {"full191train_loss": 0.0006664150589427283}, "step": 78}
Step:78	{"loss": {"full191test_loss": 0.07709333361411581}, "step": 78}
Step:79	{"loss": {"full191train_loss": 0.0006355672728183657}, "step": 79}
Step:79	{"loss": {"full191test_loss": 0.08074287492401745}, "step": 79}
Step:80	{"loss": {"full191train_loss": 0.0011071421552536099}, "step": 80}
Step:80	{"loss": {"full191test_loss": 0.0818708964756557}, "step": 80}
Step:81	{"loss": {"full191train_loss": 0.0008797850892987362}, "step": 81}
Step:81	{"loss": {"full191test_loss": 0.07952463870145837}, "step": 81}
Step:82	{"loss": {"full191train_loss": 0.00046488088230754054}, "step": 82}
Step:82	{"loss": {"full191test_loss": 0.08119571452238122}, "step": 82}
Step:83	{"loss": {"full191train_loss": 0.000949385381022165}, "step": 83}
Step:83	{"loss": {"full191test_loss": 0.0901930672781808}, "step": 83}
Step:84	{"loss": {"full191train_loss": 0.0005142840795045675}, "step": 84}
Step:84	{"loss": {"full191test_loss": 0.09353279580875319}, "step": 84}
Step:85	{"loss": {"full191train_loss": 0.0008696217176526092}, "step": 85}
Step:85	{"loss": {"full191test_loss": 0.10021793599031409}, "step": 85}
Step:86	{"loss": {"full191train_loss": 0.0008342212369275647}, "step": 86}
Step:86	{"loss": {"full191test_loss": 0.09450278963361468}, "step": 86}
Step:87	{"loss": {"full191train_loss": 0.0002655648561411126}, "step": 87}
Step:87	{"loss": {"full191test_loss": 0.09693228468603017}, "step": 87}
Step:88	{"loss": {"full191train_loss": 0.000259876164586045}, "step": 88}
Step:88	{"loss": {"full191test_loss": 0.0964647896435796}, "step": 88}
Step:89	{"loss": {"full191train_loss": 0.0004600648183462232}, "step": 89}
Step:89	{"loss": {"full191test_loss": 0.09473870725047831}, "step": 89}
Step:90	{"loss": {"full191train_loss": 0.0005492142206707666}, "step": 90}
Step:90	{"loss": {"full191test_loss": 0.08528704545935806}, "step": 90}
Step:91	{"loss": {"full191train_loss": 0.0004261342245478963}, "step": 91}
Step:91	{"loss": {"full191test_loss": 0.1059962778675313}, "step": 91}
Step:92	{"loss": {"full191train_loss": 0.00025382575167472973}, "step": 92}
Step:92	{"loss": {"full191test_loss": 0.09394287576480788}, "step": 92}
Step:93	{"loss": {"full191train_loss": 0.0003412675415707189}, "step": 93}
Step:93	{"loss": {"full191test_loss": 0.09174435479300362}, "step": 93}
Step:94	{"loss": {"full191train_loss": 0.0006351729551720065}, "step": 94}
Step:94	{"loss": {"full191test_loss": 0.09999932075033383}, "step": 94}
Step:95	{"loss": {"full191train_loss": 0.0003948670833609825}, "step": 95}
Step:95	{"loss": {"full191test_loss": 0.09162434753106564}, "step": 95}
Step:96	{"loss": {"full191train_loss": 0.00043800269621749256}, "step": 96}
Step:96	{"loss": {"full191test_loss": 0.09572020355536014}, "step": 96}
Step:97	{"loss": {"full191train_loss": 0.0002360493594477343}, "step": 97}
Step:97	{"loss": {"full191test_loss": 0.0931602497490085}, "step": 97}
Step:98	{"loss": {"full191train_loss": 0.00022624666954195775}, "step": 98}
Step:98	{"loss": {"full191test_loss": 0.0955953208767638}, "step": 98}
Step:99	{"loss": {"full191train_loss": 0.00018547224097473678}, "step": 99}
Step:99	{"loss": {"full191test_loss": 0.1000392485638054}, "step": 99}
Step:100	{"loss": {"full191train_loss": 0.00012954920097145924}, "step": 100}
Step:100	{"loss": {"full191test_loss": 0.1018058037271305}, "step": 100}
Step:1	{"loss": {"zhongtrain_loss": 0.047196055567541785}, "step": 1}
Step:1	{"loss": {"zhongtest_loss": 0.18106633789685309}, "step": 1}
Step:2	{"loss": {"zhongtrain_loss": 0.15875011266664016}, "step": 2}
Step:2	{"loss": {"zhongtest_loss": 0.1847689103107063}, "step": 2}
Step:3	{"loss": {"zhongtrain_loss": 0.1261727865352187}, "step": 3}
Step:3	{"loss": {"zhongtest_loss": 0.15912629146965182}, "step": 3}
Step:4	{"loss": {"zhongtrain_loss": 0.101695692816446}, "step": 4}
Step:4	{"loss": {"zhongtest_loss": 0.10758957570912886}, "step": 4}
Step:5	{"loss": {"zhongtrain_loss": 0.050218083137689634}, "step": 5}
Step:5	{"loss": {"zhongtest_loss": 0.10573820191986706}, "step": 5}
Step:6	{"loss": {"zhongtrain_loss": 0.032556348068769586}, "step": 6}
Step:6	{"loss": {"zhongtest_loss": 0.08979516126671616}, "step": 6}
Step:7	{"loss": {"zhongtrain_loss": 0.006890481294587601}, "step": 7}
Step:7	{"loss": {"zhongtest_loss": 0.09468715044916892}, "step": 7}
Step:8	{"loss": {"zhongtrain_loss": 0.007390783276668814}, "step": 8}
Step:8	{"loss": {"zhongtest_loss": 0.08438295247603436}, "step": 8}
Step:9	{"loss": {"zhongtrain_loss": 0.003335968353027521}, "step": 9}
Step:9	{"loss": {"zhongtest_loss": 0.06953310479923171}, "step": 9}
Step:10	{"loss": {"zhongtrain_loss": 0.0007583903538626294}, "step": 10}
Step:10	{"loss": {"zhongtest_loss": 0.0641465527670724}, "step": 10}
Step:11	{"loss": {"zhongtrain_loss": 0.00021453790886457577}, "step": 11}
Step:11	{"loss": {"zhongtest_loss": 0.06504604281211386}, "step": 11}
Step:12	{"loss": {"zhongtrain_loss": 0.00030234657487896984}, "step": 12}
Step:12	{"loss": {"zhongtest_loss": 0.06577494679665079}, "step": 12}
Step:13	{"loss": {"zhongtrain_loss": 0.00010987941912093828}, "step": 13}
Step:13	{"loss": {"zhongtest_loss": 0.0675283062214754}, "step": 13}
Step:14	{"loss": {"zhongtrain_loss": 7.843647996873356e-05}, "step": 14}
Step:14	{"loss": {"zhongtest_loss": 0.07179475803764498}, "step": 14}
Step:15	{"loss": {"zhongtrain_loss": 4.4669306208921035e-05}, "step": 15}
Step:15	{"loss": {"zhongtest_loss": 0.0775697863831812}, "step": 15}
Step:16	{"loss": {"zhongtrain_loss": 3.869648275593685e-05}, "step": 16}
Step:16	{"loss": {"zhongtest_loss": 0.0831264962955397}, "step": 16}
Step:17	{"loss": {"zhongtrain_loss": 6.147666271169518e-05}, "step": 17}
Step:17	{"loss": {"zhongtest_loss": 0.08797332218715123}, "step": 17}
Step:18	{"loss": {"zhongtrain_loss": 7.384320244539616e-05}, "step": 18}
Step:18	{"loss": {"zhongtest_loss": 0.09148291179112025}, "step": 18}
Step:19	{"loss": {"zhongtrain_loss": 5.948505104454451e-05}, "step": 19}
Step:19	{"loss": {"zhongtest_loss": 0.09370801886733697}, "step": 19}
Step:20	{"loss": {"zhongtrain_loss": 4.242317003826069e-05}, "step": 20}
Step:20	{"loss": {"zhongtest_loss": 0.09514101184144312}, "step": 20}
Step:21	{"loss": {"zhongtrain_loss": 3.116441955573337e-05}, "step": 21}
Step:21	{"loss": {"zhongtest_loss": 0.09589110588540836}, "step": 21}
Step:22	{"loss": {"zhongtrain_loss": 2.509885911591524e-05}, "step": 22}
Step:22	{"loss": {"zhongtest_loss": 0.0961605286111637}, "step": 22}
Step:23	{"loss": {"zhongtrain_loss": 1.978701749426681e-05}, "step": 23}
Step:23	{"loss": {"zhongtest_loss": 0.09621146260475626}, "step": 23}
Step:24	{"loss": {"zhongtrain_loss": 1.509482620370596e-05}, "step": 24}
Step:24	{"loss": {"zhongtest_loss": 0.09624906462066028}, "step": 24}
Step:25	{"loss": {"zhongtrain_loss": 1.1569615940801627e-05}, "step": 25}
Step:25	{"loss": {"zhongtest_loss": 0.09620255840067961}, "step": 25}
Step:26	{"loss": {"zhongtrain_loss": 9.165661880573215e-06}, "step": 26}
Step:26	{"loss": {"zhongtest_loss": 0.09607509690888073}, "step": 26}
Step:27	{"loss": {"zhongtrain_loss": 7.425233867929079e-06}, "step": 27}
Step:27	{"loss": {"zhongtest_loss": 0.09586682611582231}, "step": 27}
Step:28	{"loss": {"zhongtrain_loss": 6.142777639852707e-06}, "step": 28}
Step:28	{"loss": {"zhongtest_loss": 0.09557935169764928}, "step": 28}
Step:29	{"loss": {"zhongtrain_loss": 5.258831024971292e-06}, "step": 29}
Step:29	{"loss": {"zhongtest_loss": 0.0952831677028111}, "step": 29}
Step:30	{"loss": {"zhongtrain_loss": 4.606111297318929e-06}, "step": 30}
Step:30	{"loss": {"zhongtest_loss": 0.0950359227705975}, "step": 30}
Step:31	{"loss": {"zhongtrain_loss": 4.140439180678926e-06}, "step": 31}
Step:31	{"loss": {"zhongtest_loss": 0.0947985941050004}, "step": 31}
Step:32	{"loss": {"zhongtrain_loss": 3.7731701605628397e-06}, "step": 32}
Step:32	{"loss": {"zhongtest_loss": 0.09454414795856086}, "step": 32}
Step:33	{"loss": {"zhongtrain_loss": 3.5010212572118226e-06}, "step": 33}
Step:33	{"loss": {"zhongtest_loss": 0.09428938067689234}, "step": 33}
Step:34	{"loss": {"zhongtrain_loss": 3.279004717072429e-06}, "step": 34}
Step:34	{"loss": {"zhongtest_loss": 0.09407667237885144}, "step": 34}
Step:35	{"loss": {"zhongtrain_loss": 3.1065049602888353e-06}, "step": 35}
Step:35	{"loss": {"zhongtest_loss": 0.093896534978127}, "step": 35}
Step:36	{"loss": {"zhongtrain_loss": 2.943072400359047e-06}, "step": 36}
Step:36	{"loss": {"zhongtest_loss": 0.09380662684537927}, "step": 36}
Step:37	{"loss": {"zhongtrain_loss": 2.810172635119755e-06}, "step": 37}
Step:37	{"loss": {"zhongtest_loss": 0.0937211172921317}, "step": 37}
Step:38	{"loss": {"zhongtrain_loss": 2.6656056180336448e-06}, "step": 38}
Step:38	{"loss": {"zhongtest_loss": 0.09365975126928212}, "step": 38}
Step:39	{"loss": {"zhongtrain_loss": 2.532829882490427e-06}, "step": 39}
Step:39	{"loss": {"zhongtest_loss": 0.09363364200202787}, "step": 39}
Step:40	{"loss": {"zhongtrain_loss": 2.4075935619103528e-06}, "step": 40}
Step:40	{"loss": {"zhongtest_loss": 0.09358095636173171}, "step": 40}
Step:41	{"loss": {"zhongtrain_loss": 2.28165011977517e-06}, "step": 41}
Step:41	{"loss": {"zhongtest_loss": 0.09354053224836077}, "step": 41}
Step:42	{"loss": {"zhongtrain_loss": 2.1709819584218567e-06}, "step": 42}
Step:42	{"loss": {"zhongtest_loss": 0.09352710295696648}, "step": 42}
Step:43	{"loss": {"zhongtrain_loss": 2.0677904357462255e-06}, "step": 43}
Step:43	{"loss": {"zhongtest_loss": 0.09351118243470484}, "step": 43}
Step:44	{"loss": {"zhongtrain_loss": 1.9622804207164187e-06}, "step": 44}
Step:44	{"loss": {"zhongtest_loss": 0.09346599968112244}, "step": 44}
Step:45	{"loss": {"zhongtrain_loss": 1.861602826000646e-06}, "step": 45}
Step:45	{"loss": {"zhongtest_loss": 0.09344809395926339}, "step": 45}
Step:46	{"loss": {"zhongtrain_loss": 1.7598925529286092e-06}, "step": 46}
Step:46	{"loss": {"zhongtest_loss": 0.09344715974768814}, "step": 46}
Step:47	{"loss": {"zhongtrain_loss": 1.666947778281864e-06}, "step": 47}
Step:47	{"loss": {"zhongtest_loss": 0.09347175092113261}, "step": 47}
Step:48	{"loss": {"zhongtrain_loss": 1.5827676560188275e-06}, "step": 48}
Step:48	{"loss": {"zhongtest_loss": 0.0934549448441486}, "step": 48}
Step:49	{"loss": {"zhongtrain_loss": 1.506578904132597e-06}, "step": 49}
Step:49	{"loss": {"zhongtest_loss": 0.09345825351014429}, "step": 49}
Step:50	{"loss": {"zhongtrain_loss": 1.4261997082855467e-06}, "step": 50}
Step:50	{"loss": {"zhongtest_loss": 0.09345079928028341}, "step": 50}
Step:51	{"loss": {"zhongtrain_loss": 1.3556171663452026e-06}, "step": 51}
Step:51	{"loss": {"zhongtest_loss": 0.09346050145674725}, "step": 51}
Step:52	{"loss": {"zhongtrain_loss": 1.2899970813102068e-06}, "step": 52}
Step:52	{"loss": {"zhongtest_loss": 0.09346265208964445}, "step": 52}
Step:53	{"loss": {"zhongtrain_loss": 1.2305643521844908e-06}, "step": 53}
Step:53	{"loss": {"zhongtest_loss": 0.09347576997718032}, "step": 53}
Step:54	{"loss": {"zhongtrain_loss": 1.1742893886633303e-06}, "step": 54}
Step:54	{"loss": {"zhongtest_loss": 0.09346489030487683}, "step": 54}
Step:55	{"loss": {"zhongtrain_loss": 1.1256846381340523e-06}, "step": 55}
Step:55	{"loss": {"zhongtest_loss": 0.09345341701896823}, "step": 55}
Step:56	{"loss": {"zhongtrain_loss": 1.0828814485521857e-06}, "step": 56}
Step:56	{"loss": {"zhongtest_loss": 0.09348083028987962}, "step": 56}
Step:57	{"loss": {"zhongtrain_loss": 1.0405932444819184e-06}, "step": 57}
Step:57	{"loss": {"zhongtest_loss": 0.0934682476277254}, "step": 57}
Step:58	{"loss": {"zhongtrain_loss": 1.00236629382274e-06}, "step": 58}
Step:58	{"loss": {"zhongtest_loss": 0.09348346749130561}, "step": 58}
Step:59	{"loss": {"zhongtrain_loss": 9.650413926994039e-07}, "step": 59}
Step:59	{"loss": {"zhongtest_loss": 0.09347352203057736}, "step": 59}
Step:60	{"loss": {"zhongtrain_loss": 9.340981832369729e-07}, "step": 60}
Step:60	{"loss": {"zhongtest_loss": 0.09350759155896245}, "step": 60}
Step:61	{"loss": {"zhongtrain_loss": 9.04766429177767e-07}, "step": 61}
Step:61	{"loss": {"zhongtest_loss": 0.09349563170452507}, "step": 61}
Step:62	{"loss": {"zhongtrain_loss": 8.818810889605692e-07}, "step": 62}
Step:62	{"loss": {"zhongtest_loss": 0.09349783099427515}, "step": 62}
Step:63	{"loss": {"zhongtrain_loss": 8.594469427196092e-07}, "step": 63}
Step:63	{"loss": {"zhongtest_loss": 0.09349970914879624}, "step": 63}
Step:64	{"loss": {"zhongtrain_loss": 8.390756996705869e-07}, "step": 64}
Step:64	{"loss": {"zhongtest_loss": 0.09351799439410774}, "step": 64}
Step:65	{"loss": {"zhongtrain_loss": 8.196711437343512e-07}, "step": 65}
Step:65	{"loss": {"zhongtest_loss": 0.09352418354579381}, "step": 65}
Step:66	{"loss": {"zhongtrain_loss": 8.007179509826697e-07}, "step": 66}
Step:66	{"loss": {"zhongtest_loss": 0.0935486482114208}, "step": 66}
Step:67	{"loss": {"zhongtrain_loss": 7.83763193054298e-07}, "step": 67}
Step:67	{"loss": {"zhongtest_loss": 0.09354451237892618}, "step": 67}
Step:68	{"loss": {"zhongtrain_loss": 7.679043127884438e-07}, "step": 68}
Step:68	{"loss": {"zhongtest_loss": 0.09356192180088588}, "step": 68}
Step:69	{"loss": {"zhongtrain_loss": 7.519808795498034e-07}, "step": 69}
Step:69	{"loss": {"zhongtest_loss": 0.09356910355237065}, "step": 69}
Step:70	{"loss": {"zhongtrain_loss": 7.36895535103327e-07}, "step": 70}
Step:70	{"loss": {"zhongtest_loss": 0.09356044263255839}, "step": 70}
Step:71	{"loss": {"zhongtrain_loss": 7.240664989546721e-07}, "step": 71}
Step:71	{"loss": {"zhongtest_loss": 0.09355424374950175}, "step": 71}
Step:72	{"loss": {"zhongtrain_loss": 7.107860150173047e-07}, "step": 72}
Step:72	{"loss": {"zhongtest_loss": 0.09356038424433494}, "step": 72}
Step:73	{"loss": {"zhongtrain_loss": 6.987305569901066e-07}, "step": 73}
Step:73	{"loss": {"zhongtest_loss": 0.09356197045773876}, "step": 73}
Step:74	{"loss": {"zhongtrain_loss": 6.880288500999382e-07}, "step": 74}
Step:74	{"loss": {"zhongtest_loss": 0.09355568399234694}, "step": 74}
Step:75	{"loss": {"zhongtrain_loss": 6.752641554136739e-07}, "step": 75}
Step:75	{"loss": {"zhongtest_loss": 0.0935683639682069}, "step": 75}
Step:76	{"loss": {"zhongtrain_loss": 6.641112545472678e-07}, "step": 76}
Step:76	{"loss": {"zhongtest_loss": 0.09357380380435866}, "step": 76}
Step:77	{"loss": {"zhongtrain_loss": 6.536028258567459e-07}, "step": 77}
Step:77	{"loss": {"zhongtest_loss": 0.09356418921022999}, "step": 77}
Step:78	{"loss": {"zhongtrain_loss": 6.430944817703824e-07}, "step": 78}
Step:78	{"loss": {"zhongtest_loss": 0.09356706969592037}, "step": 78}
Step:79	{"loss": {"zhongtrain_loss": 6.347780622173708e-07}, "step": 79}
Step:79	{"loss": {"zhongtest_loss": 0.09356595058830416}, "step": 79}
Step:80	{"loss": {"zhongtrain_loss": 6.257523637032136e-07}, "step": 80}
Step:80	{"loss": {"zhongtest_loss": 0.09357069949714505}, "step": 80}
Step:81	{"loss": {"zhongtrain_loss": 6.16017640040386e-07}, "step": 81}
Step:81	{"loss": {"zhongtest_loss": 0.09357102063237405}, "step": 81}
Step:82	{"loss": {"zhongtrain_loss": 6.09570718573428e-07}, "step": 82}
Step:82	{"loss": {"zhongtest_loss": 0.09356726432333187}, "step": 82}
Step:83	{"loss": {"zhongtrain_loss": 6.024147296557203e-07}, "step": 83}
Step:83	{"loss": {"zhongtest_loss": 0.09356837369957749}, "step": 83}
Step:84	{"loss": {"zhongtrain_loss": 5.957099770163294e-07}, "step": 84}
Step:84	{"loss": {"zhongtest_loss": 0.09357114714019153}, "step": 84}
Step:85	{"loss": {"zhongtrain_loss": 5.895209713259625e-07}, "step": 85}
Step:85	{"loss": {"zhongtest_loss": 0.0935640627024125}, "step": 85}
Step:86	{"loss": {"zhongtrain_loss": 5.830740498590045e-07}, "step": 86}
Step:86	{"loss": {"zhongtest_loss": 0.09357324911623585}, "step": 86}
Step:87	{"loss": {"zhongtrain_loss": 5.777230906587224e-07}, "step": 87}
Step:87	{"loss": {"zhongtest_loss": 0.09357248033796038}, "step": 87}
Step:88	{"loss": {"zhongtrain_loss": 5.723078746002081e-07}, "step": 88}
Step:88	{"loss": {"zhongtest_loss": 0.09356833477409518}, "step": 88}
Step:89	{"loss": {"zhongtrain_loss": 5.673435564033774e-07}, "step": 89}
Step:89	{"loss": {"zhongtest_loss": 0.09356432544941805}, "step": 89}
Step:90	{"loss": {"zhongtrain_loss": 5.618637027679185e-07}, "step": 90}
Step:90	{"loss": {"zhongtest_loss": 0.09356574622952209}, "step": 90}
Step:91	{"loss": {"zhongtrain_loss": 5.570285328187395e-07}, "step": 91}
Step:91	{"loss": {"zhongtest_loss": 0.09356639823135064}, "step": 91}
Step:92	{"loss": {"zhongtrain_loss": 5.518708941201831e-07}, "step": 92}
Step:92	{"loss": {"zhongtest_loss": 0.09355779569976184}, "step": 92}
Step:93	{"loss": {"zhongtrain_loss": 5.474227035910887e-07}, "step": 93}
Step:93	{"loss": {"zhongtest_loss": 0.09355635545691665}, "step": 93}
Step:94	{"loss": {"zhongtrain_loss": 5.409111868492652e-07}, "step": 94}
Step:94	{"loss": {"zhongtest_loss": 0.09354257583618164}, "step": 94}
Step:95	{"loss": {"zhongtrain_loss": 5.360760169000863e-07}, "step": 95}
Step:95	{"loss": {"zhongtest_loss": 0.09353052839940908}, "step": 95}
Step:96	{"loss": {"zhongtrain_loss": 5.317564669936938e-07}, "step": 96}
Step:96	{"loss": {"zhongtest_loss": 0.09353111228164361}, "step": 96}
Step:97	{"loss": {"zhongtrain_loss": 5.267923603072589e-07}, "step": 97}
Step:97	{"loss": {"zhongtest_loss": 0.09352519560833367}, "step": 97}
Step:98	{"loss": {"zhongtrain_loss": 5.220216587267079e-07}, "step": 98}
Step:98	{"loss": {"zhongtest_loss": 0.09353377867718132}, "step": 98}
Step:99	{"loss": {"zhongtrain_loss": 5.179600245969067e-07}, "step": 99}
Step:99	{"loss": {"zhongtest_loss": 0.09353447933586276}, "step": 99}
Step:100	{"loss": {"zhongtrain_loss": 5.136406015967517e-07}, "step": 100}
Step:100	{"loss": {"zhongtest_loss": 0.09352350234985352}, "step": 100}
Step:1	{"loss": {"full191train_loss": 0.03499786981514522}, "step": 1}
Step:1	{"loss": {"full191test_loss": 0.040104788176867426}, "step": 1}
Step:2	{"loss": {"full191train_loss": 0.03334394523075649}, "step": 2}
Step:2	{"loss": {"full191test_loss": 0.03948011446972283}, "step": 2}
Step:3	{"loss": {"full191train_loss": 0.032298030597823005}, "step": 3}
Step:3	{"loss": {"full191test_loss": 0.0378917358359512}, "step": 3}
Step:4	{"loss": {"full191train_loss": 0.03264750114509037}, "step": 4}
Step:4	{"loss": {"full191test_loss": 0.0378689279361647}, "step": 4}
Step:5	{"loss": {"full191train_loss": 0.031137619699750627}, "step": 5}
Step:5	{"loss": {"full191test_loss": 0.03579672745295933}, "step": 5}
Step:6	{"loss": {"full191train_loss": 0.030187313045774187}, "step": 6}
Step:6	{"loss": {"full191test_loss": 0.03460419178009033}, "step": 6}
Step:7	{"loss": {"full191train_loss": 0.02766624093055725}, "step": 7}
Step:7	{"loss": {"full191test_loss": 0.03263463292803083}, "step": 7}
Step:8	{"loss": {"full191train_loss": 0.026879508580480303}, "step": 8}
Step:8	{"loss": {"full191test_loss": 0.031713069701681335}, "step": 8}
Step:9	{"loss": {"full191train_loss": 0.024765723517962863}, "step": 9}
Step:9	{"loss": {"full191test_loss": 0.030674805446546907}, "step": 9}
Step:10	{"loss": {"full191train_loss": 0.024044075182506015}, "step": 10}
Step:10	{"loss": {"full191test_loss": 0.02835114148198342}, "step": 10}
Step:11	{"loss": {"full191train_loss": 0.022178064499582564}, "step": 11}
Step:11	{"loss": {"full191test_loss": 0.027222752571105957}, "step": 11}
Step:12	{"loss": {"full191train_loss": 0.020990622895104543}, "step": 12}
Step:12	{"loss": {"full191test_loss": 0.026535892973140796}, "step": 12}
Step:13	{"loss": {"full191train_loss": 0.019968054124287198}, "step": 13}
Step:13	{"loss": {"full191test_loss": 0.027064046081231564}, "step": 13}
Step:14	{"loss": {"full191train_loss": 0.019487072314534868}, "step": 14}
Step:14	{"loss": {"full191test_loss": 0.025458187473063568}, "step": 14}
Step:15	{"loss": {"full191train_loss": 0.018119841814041138}, "step": 15}
Step:15	{"loss": {"full191test_loss": 0.025116000856672014}, "step": 15}
Step:16	{"loss": {"full191train_loss": 0.017365498202187673}, "step": 16}
Step:16	{"loss": {"full191test_loss": 0.025337097596149057}, "step": 16}
Step:17	{"loss": {"full191train_loss": 0.016421917293752943}, "step": 17}
Step:17	{"loss": {"full191test_loss": 0.023620710080983688}, "step": 17}
Step:18	{"loss": {"full191train_loss": 0.01632218062877655}, "step": 18}
Step:18	{"loss": {"full191test_loss": 0.026129367400188834}, "step": 18}
Step:19	{"loss": {"full191train_loss": 0.014967517129012517}, "step": 19}
Step:19	{"loss": {"full191test_loss": 0.027036418720167512}, "step": 19}
Step:20	{"loss": {"full191train_loss": 0.01517224418265479}, "step": 20}
Step:20	{"loss": {"full191test_loss": 0.026506796175119827}, "step": 20}
Step:21	{"loss": {"full191train_loss": 0.012772118406636375}, "step": 21}
Step:21	{"loss": {"full191test_loss": 0.025988352542020837}, "step": 21}
Step:22	{"loss": {"full191train_loss": 0.012665470795972007}, "step": 22}
Step:22	{"loss": {"full191test_loss": 0.026786174092973982}, "step": 22}
Step:23	{"loss": {"full191train_loss": 0.012076481112412043}, "step": 23}
Step:23	{"loss": {"full191test_loss": 0.025567699451835787}, "step": 23}
Step:24	{"loss": {"full191train_loss": 0.011275292507239751}, "step": 24}
Step:24	{"loss": {"full191test_loss": 0.02750305496916479}, "step": 24}
Step:25	{"loss": {"full191train_loss": 0.011164242667811257}, "step": 25}
Step:25	{"loss": {"full191test_loss": 0.030093258740950604}, "step": 25}
Step:26	{"loss": {"full191train_loss": 0.011689997145107814}, "step": 26}
Step:26	{"loss": {"full191test_loss": 0.029096858842032298}, "step": 26}
Step:27	{"loss": {"full191train_loss": 0.009380319288798742}, "step": 27}
Step:27	{"loss": {"full191test_loss": 0.029447628527271504}, "step": 27}
Step:28	{"loss": {"full191train_loss": 0.010564310210091727}, "step": 28}
Step:28	{"loss": {"full191test_loss": 0.030107507900315886}, "step": 28}
Step:29	{"loss": {"full191train_loss": 0.009724786239010947}, "step": 29}
Step:29	{"loss": {"full191test_loss": 0.027512533324105398}, "step": 29}
Step:30	{"loss": {"full191train_loss": 0.008419023560626166}, "step": 30}
Step:30	{"loss": {"full191test_loss": 0.030556070561311682}, "step": 30}
Step:31	{"loss": {"full191train_loss": 0.0074830704501697}, "step": 31}
Step:31	{"loss": {"full191test_loss": 0.031899274611959655}, "step": 31}
Step:32	{"loss": {"full191train_loss": 0.00783298590353557}, "step": 32}
Step:32	{"loss": {"full191test_loss": 0.03259549092273323}, "step": 32}
Step:33	{"loss": {"full191train_loss": 0.006884385964700154}, "step": 33}
Step:33	{"loss": {"full191test_loss": 0.03200504731158821}, "step": 33}
Step:34	{"loss": {"full191train_loss": 0.006408127823046276}, "step": 34}
Step:34	{"loss": {"full191test_loss": 0.032273728020337164}, "step": 34}
Step:35	{"loss": {"full191train_loss": 0.006617144282375064}, "step": 35}
Step:35	{"loss": {"full191test_loss": 0.03370354126910774}, "step": 35}
Step:36	{"loss": {"full191train_loss": 0.006640196910926274}, "step": 36}
Step:36	{"loss": {"full191test_loss": 0.035581068116791396}, "step": 36}
Step:37	{"loss": {"full191train_loss": 0.0052225009671279365}, "step": 37}
Step:37	{"loss": {"full191test_loss": 0.039182731083461216}, "step": 37}
Step:38	{"loss": {"full191train_loss": 0.005273809390408652}, "step": 38}
Step:38	{"loss": {"full191test_loss": 0.036137347318688215}, "step": 38}
Step:39	{"loss": {"full191train_loss": 0.006168641149997711}, "step": 39}
Step:39	{"loss": {"full191test_loss": 0.03289135134949976}, "step": 39}
Step:40	{"loss": {"full191train_loss": 0.003816443362406322}, "step": 40}
Step:40	{"loss": {"full191test_loss": 0.04187699726649693}, "step": 40}
Step:41	{"loss": {"full191train_loss": 0.005216053021805627}, "step": 41}
Step:41	{"loss": {"full191test_loss": 0.03435847224021445}, "step": 41}
Step:42	{"loss": {"full191train_loss": 0.004375528544187546}, "step": 42}
Step:42	{"loss": {"full191test_loss": 0.04023138357668507}, "step": 42}
Step:43	{"loss": {"full191train_loss": 0.004819778459412711}, "step": 43}
Step:43	{"loss": {"full191test_loss": 0.04359482259166484}, "step": 43}
Step:44	{"loss": {"full191train_loss": 0.004069812861936433}, "step": 44}
Step:44	{"loss": {"full191test_loss": 0.04471100593099789}, "step": 44}
Step:45	{"loss": {"full191train_loss": 0.005323194499526705}, "step": 45}
Step:45	{"loss": {"full191test_loss": 0.039577922042535275}, "step": 45}
Step:46	{"loss": {"full191train_loss": 0.0031525947685752597}, "step": 46}
Step:46	{"loss": {"full191test_loss": 0.03767137624779526}, "step": 46}
Step:47	{"loss": {"full191train_loss": 0.0030275160180670874}, "step": 47}
Step:47	{"loss": {"full191test_loss": 0.04064320301523014}, "step": 47}
Step:48	{"loss": {"full191train_loss": 0.0034091086792094366}, "step": 48}
Step:48	{"loss": {"full191test_loss": 0.040907528935646524}, "step": 48}
Step:49	{"loss": {"full191train_loss": 0.0034258796700409482}, "step": 49}
Step:49	{"loss": {"full191test_loss": 0.037419740034609426}, "step": 49}
Step:50	{"loss": {"full191train_loss": 0.0029235434319291797}, "step": 50}
Step:50	{"loss": {"full191test_loss": 0.03557374769327592}, "step": 50}
Step:51	{"loss": {"full191train_loss": 0.0032001433095761706}, "step": 51}
Step:51	{"loss": {"full191test_loss": 0.0379249417051977}, "step": 51}
Step:52	{"loss": {"full191train_loss": 0.0023555883339473178}, "step": 52}
Step:52	{"loss": {"full191test_loss": 0.04002762570673106}, "step": 52}
Step:53	{"loss": {"full191train_loss": 0.0026779435575008392}, "step": 53}
Step:53	{"loss": {"full191test_loss": 0.04647333767949319}, "step": 53}
Step:54	{"loss": {"full191train_loss": 0.0022244646346994807}, "step": 54}
Step:54	{"loss": {"full191test_loss": 0.04455491961265097}, "step": 54}
Step:55	{"loss": {"full191train_loss": 0.002503010311297008}, "step": 55}
Step:55	{"loss": {"full191test_loss": 0.04144177144887496}, "step": 55}
Step:56	{"loss": {"full191train_loss": 0.0014098274654575757}, "step": 56}
Step:56	{"loss": {"full191test_loss": 0.04505438707312759}, "step": 56}
Step:57	{"loss": {"full191train_loss": 0.002097479599927153}, "step": 57}
Step:57	{"loss": {"full191test_loss": 0.05184023234308982}, "step": 57}
Step:58	{"loss": {"full191train_loss": 0.0026413252843277796}, "step": 58}
Step:58	{"loss": {"full191test_loss": 0.05427022369540468}, "step": 58}
Step:59	{"loss": {"full191train_loss": 0.001806229619043214}, "step": 59}
Step:59	{"loss": {"full191test_loss": 0.0499400265362798}, "step": 59}
Step:60	{"loss": {"full191train_loss": 0.002007290454847472}, "step": 60}
Step:60	{"loss": {"full191test_loss": 0.04060847175364592}, "step": 60}
Step:61	{"loss": {"full191train_loss": 0.001423605451626437}, "step": 61}
Step:61	{"loss": {"full191test_loss": 0.04468306716607542}, "step": 61}
Step:62	{"loss": {"full191train_loss": 0.0014054316229053906}, "step": 62}
Step:62	{"loss": {"full191test_loss": 0.05036054825296207}, "step": 62}
Step:63	{"loss": {"full191train_loss": 0.0016328970502529825}, "step": 63}
Step:63	{"loss": {"full191test_loss": 0.05057674524735431}, "step": 63}
Step:64	{"loss": {"full191train_loss": 0.001576315744646958}, "step": 64}
Step:64	{"loss": {"full191test_loss": 0.0534530902395443}, "step": 64}
Step:65	{"loss": {"full191train_loss": 0.0016392236575484276}, "step": 65}
Step:65	{"loss": {"full191test_loss": 0.04385656726603605}, "step": 65}
Step:66	{"loss": {"full191train_loss": 0.0014316925246800696}, "step": 66}
Step:66	{"loss": {"full191test_loss": 0.04825512730345434}, "step": 66}
Step:67	{"loss": {"full191train_loss": 0.0033883750438690186}, "step": 67}
Step:67	{"loss": {"full191test_loss": 0.04567161384893923}, "step": 67}
Step:68	{"loss": {"full191train_loss": 0.0016179676832897322}, "step": 68}
Step:68	{"loss": {"full191test_loss": 0.04843794083108707}, "step": 68}
Step:69	{"loss": {"full191train_loss": 0.0014356478516544615}, "step": 69}
Step:69	{"loss": {"full191test_loss": 0.04657474342657595}, "step": 69}
Step:70	{"loss": {"full191train_loss": 0.0011237991441573416}, "step": 70}
Step:70	{"loss": {"full191test_loss": 0.04579611700408313}, "step": 70}
Step:71	{"loss": {"full191train_loss": 0.0006117048407239574}, "step": 71}
Step:71	{"loss": {"full191test_loss": 0.05572571559828155}, "step": 71}
Step:72	{"loss": {"full191train_loss": 0.0029199102095195223}, "step": 72}
Step:72	{"loss": {"full191test_loss": 0.05083995449299715}, "step": 72}
Step:73	{"loss": {"full191train_loss": 0.0014886635222605296}, "step": 73}
Step:73	{"loss": {"full191test_loss": 0.047038039382623166}, "step": 73}
Step:74	{"loss": {"full191train_loss": 0.0005390309795205082}, "step": 74}
Step:74	{"loss": {"full191test_loss": 0.05569422488309899}, "step": 74}
Step:75	{"loss": {"full191train_loss": 0.0007952658592590264}, "step": 75}
Step:75	{"loss": {"full191test_loss": 0.04979849834831394}, "step": 75}
Step:76	{"loss": {"full191train_loss": 0.0005166563538036176}, "step": 76}
Step:76	{"loss": {"full191test_loss": 0.054293900120015046}, "step": 76}
Step:77	{"loss": {"full191train_loss": 0.0008100893215409347}, "step": 77}
Step:77	{"loss": {"full191test_loss": 0.05590511341484226}, "step": 77}
Step:78	{"loss": {"full191train_loss": 0.0007013359905353614}, "step": 78}
Step:78	{"loss": {"full191test_loss": 0.05289900546171227}, "step": 78}
Step:79	{"loss": {"full191train_loss": 0.0006819627513842923}, "step": 79}
Step:79	{"loss": {"full191test_loss": 0.04838202437575983}, "step": 79}
Step:80	{"loss": {"full191train_loss": 0.0006679659044103963}, "step": 80}
Step:80	{"loss": {"full191test_loss": 0.04699905551209742}, "step": 80}
Step:81	{"loss": {"full191train_loss": 0.0007489423400589398}, "step": 81}
Step:81	{"loss": {"full191test_loss": 0.05143454123516472}, "step": 81}
Step:82	{"loss": {"full191train_loss": 0.0014823036534445627}, "step": 82}
Step:82	{"loss": {"full191test_loss": 0.05217606194165288}, "step": 82}
Step:83	{"loss": {"full191train_loss": 0.0004285737273416349}, "step": 83}
Step:83	{"loss": {"full191test_loss": 0.04924695832388742}, "step": 83}
Step:84	{"loss": {"full191train_loss": 0.0006650154744940144}, "step": 84}
Step:84	{"loss": {"full191test_loss": 0.05409091346117915}, "step": 84}
Step:85	{"loss": {"full191train_loss": 0.0007520591441009726}, "step": 85}
Step:85	{"loss": {"full191test_loss": 0.050654109643430124}, "step": 85}
Step:86	{"loss": {"full191train_loss": 0.0004969778404171978}, "step": 86}
Step:86	{"loss": {"full191test_loss": 0.05504416446296536}, "step": 86}
Step:87	{"loss": {"full191train_loss": 0.0005992075561412743}, "step": 87}
Step:87	{"loss": {"full191test_loss": 0.05111078340180066}, "step": 87}
Step:88	{"loss": {"full191train_loss": 0.0005568721265132938}, "step": 88}
Step:88	{"loss": {"full191test_loss": 0.05489996014809122}, "step": 88}
Step:89	{"loss": {"full191train_loss": 0.0006040595471858978}, "step": 89}
Step:89	{"loss": {"full191test_loss": 0.05266509737287249}, "step": 89}
Step:90	{"loss": {"full191train_loss": 0.0005439718453479665}, "step": 90}
Step:90	{"loss": {"full191test_loss": 0.05673597296889948}, "step": 90}
Step:91	{"loss": {"full191train_loss": 0.00033995781892112324}, "step": 91}
Step:91	{"loss": {"full191test_loss": 0.051234926496233256}, "step": 91}
Step:92	{"loss": {"full191train_loss": 0.0009251775086990424}, "step": 92}
Step:92	{"loss": {"full191test_loss": 0.04378088639706981}, "step": 92}
Step:93	{"loss": {"full191train_loss": 0.00032093106502933163}, "step": 93}
Step:93	{"loss": {"full191test_loss": 0.04875193809976383}, "step": 93}
Step:94	{"loss": {"full191train_loss": 0.0007683245598205499}, "step": 94}
Step:94	{"loss": {"full191test_loss": 0.04169926837998993}, "step": 94}
Step:95	{"loss": {"full191train_loss": 0.00043602184658604007}, "step": 95}
Step:95	{"loss": {"full191test_loss": 0.046212571007864814}, "step": 95}
Step:96	{"loss": {"full191train_loss": 0.000548992505563157}, "step": 96}
Step:96	{"loss": {"full191test_loss": 0.04682885384073063}, "step": 96}
Step:97	{"loss": {"full191train_loss": 0.00017420290636696985}, "step": 97}
Step:97	{"loss": {"full191test_loss": 0.04762925907057159}, "step": 97}
Step:98	{"loss": {"full191train_loss": 0.0008402480743825436}, "step": 98}
Step:98	{"loss": {"full191test_loss": 0.05753214018685477}, "step": 98}
Step:99	{"loss": {"full191train_loss": 0.00034939354684736045}, "step": 99}
Step:99	{"loss": {"full191test_loss": 0.04971340724400112}, "step": 99}
Step:100	{"loss": {"full191train_loss": 0.0004803260921367577}, "step": 100}
Step:100	{"loss": {"full191test_loss": 0.05042529106140137}, "step": 100}
Step:1	{"loss": {"zhongtrain_loss": 0.036237078053610663}, "step": 1}
Step:1	{"loss": {"zhongtest_loss": 0.16632630873699578}, "step": 1}
Step:2	{"loss": {"zhongtrain_loss": 0.10931942292622157}, "step": 2}
Step:2	{"loss": {"zhongtest_loss": 0.17670759862783003}, "step": 2}
Step:3	{"loss": {"zhongtrain_loss": 0.12818207059587752}, "step": 3}
Step:3	{"loss": {"zhongtest_loss": 0.1815263981721839}, "step": 3}
Step:4	{"loss": {"zhongtrain_loss": 0.14100245067051478}, "step": 4}
Step:4	{"loss": {"zhongtest_loss": 0.15560254272149535}, "step": 4}
Step:5	{"loss": {"zhongtrain_loss": 0.10839659827096122}, "step": 5}
Step:5	{"loss": {"zhongtest_loss": 0.1328757344460001}, "step": 5}
Step:6	{"loss": {"zhongtrain_loss": 0.07340082100459508}, "step": 6}
Step:6	{"loss": {"zhongtest_loss": 0.10721199853079659}, "step": 6}
Step:7	{"loss": {"zhongtrain_loss": 0.05776172450610569}, "step": 7}
Step:7	{"loss": {"zhongtest_loss": 0.0924000545423858}, "step": 7}
Step:8	{"loss": {"zhongtrain_loss": 0.03928192172731672}, "step": 8}
Step:8	{"loss": {"zhongtest_loss": 0.08868557093094806}, "step": 8}
Step:9	{"loss": {"zhongtrain_loss": 0.02079139862741743}, "step": 9}
Step:9	{"loss": {"zhongtest_loss": 0.05763647994216608}, "step": 9}
Step:10	{"loss": {"zhongtrain_loss": 0.0017732948596988405}, "step": 10}
Step:10	{"loss": {"zhongtest_loss": 0.0753232410975865}, "step": 10}
Step:11	{"loss": {"zhongtrain_loss": 0.002848672015326364}, "step": 11}
Step:11	{"loss": {"zhongtest_loss": 0.08285068979068679}, "step": 11}
Step:12	{"loss": {"zhongtrain_loss": 0.0036702906446797507}, "step": 12}
Step:12	{"loss": {"zhongtest_loss": 0.07774119961018465}, "step": 12}
Step:13	{"loss": {"zhongtrain_loss": 0.0011764630409223692}, "step": 13}
Step:13	{"loss": {"zhongtest_loss": 0.06550135904428911}, "step": 13}
Step:14	{"loss": {"zhongtrain_loss": 0.0006451028665261609}, "step": 14}
Step:14	{"loss": {"zhongtest_loss": 0.0560963689064493}, "step": 14}
Step:15	{"loss": {"zhongtrain_loss": 0.0003630304376461676}, "step": 15}
Step:15	{"loss": {"zhongtest_loss": 0.050672774412194074}, "step": 15}
Step:16	{"loss": {"zhongtrain_loss": 0.00021920321575765098}, "step": 16}
Step:16	{"loss": {"zhongtest_loss": 0.048107453754970005}, "step": 16}
Step:17	{"loss": {"zhongtrain_loss": 0.00020034692715853453}, "step": 17}
Step:17	{"loss": {"zhongtest_loss": 0.04590536137016452}, "step": 17}
Step:18	{"loss": {"zhongtrain_loss": 0.00015646340658089945}, "step": 18}
Step:18	{"loss": {"zhongtest_loss": 0.04447178451382384}, "step": 18}
Step:19	{"loss": {"zhongtrain_loss": 0.00011127386408458863}, "step": 19}
Step:19	{"loss": {"zhongtest_loss": 0.04337247050538355}, "step": 19}
Step:20	{"loss": {"zhongtrain_loss": 0.00010806661365287644}, "step": 20}
Step:20	{"loss": {"zhongtest_loss": 0.04273582477958835}, "step": 20}
Step:21	{"loss": {"zhongtrain_loss": 0.0001272382214665413}, "step": 21}
Step:21	{"loss": {"zhongtest_loss": 0.04202035981781629}, "step": 21}
Step:22	{"loss": {"zhongtrain_loss": 0.00012834232932488834}, "step": 22}
Step:22	{"loss": {"zhongtest_loss": 0.041147446145816724}, "step": 22}
Step:23	{"loss": {"zhongtrain_loss": 0.00010025142026799066}, "step": 23}
Step:23	{"loss": {"zhongtest_loss": 0.0404067866656245}, "step": 23}
Step:24	{"loss": {"zhongtrain_loss": 7.311244761305196e-05}, "step": 24}
Step:24	{"loss": {"zhongtest_loss": 0.040128525422543894}, "step": 24}
Step:25	{"loss": {"zhongtrain_loss": 5.5956853819744925e-05}, "step": 25}
Step:25	{"loss": {"zhongtest_loss": 0.04025928584896788}, "step": 25}
Step:26	{"loss": {"zhongtrain_loss": 4.582779365591705e-05}, "step": 26}
Step:26	{"loss": {"zhongtest_loss": 0.04077440865185796}, "step": 26}
Step:27	{"loss": {"zhongtrain_loss": 3.925810285311725e-05}, "step": 27}
Step:27	{"loss": {"zhongtest_loss": 0.041560771513958365}, "step": 27}
Step:28	{"loss": {"zhongtrain_loss": 3.414792133428689e-05}, "step": 28}
Step:28	{"loss": {"zhongtest_loss": 0.04239192787481814}, "step": 28}
Step:29	{"loss": {"zhongtrain_loss": 2.9307245443175945e-05}, "step": 29}
Step:29	{"loss": {"zhongtest_loss": 0.04323665463194555}, "step": 29}
Step:30	{"loss": {"zhongtrain_loss": 2.4742053938098252e-05}, "step": 30}
Step:30	{"loss": {"zhongtest_loss": 0.04390151160103934}, "step": 30}
Step:31	{"loss": {"zhongtrain_loss": 2.0321325532027652e-05}, "step": 31}
Step:31	{"loss": {"zhongtest_loss": 0.04457888311269332}, "step": 31}
Step:32	{"loss": {"zhongtrain_loss": 1.69150298461318e-05}, "step": 32}
Step:32	{"loss": {"zhongtest_loss": 0.04521195742548728}, "step": 32}
Step:33	{"loss": {"zhongtrain_loss": 1.4294005398239409e-05}, "step": 33}
Step:33	{"loss": {"zhongtest_loss": 0.04577108791896275}, "step": 33}
Step:34	{"loss": {"zhongtrain_loss": 1.2445020339717822e-05}, "step": 34}
Step:34	{"loss": {"zhongtest_loss": 0.04631814178155393}, "step": 34}
Step:35	{"loss": {"zhongtrain_loss": 1.10288113189329e-05}, "step": 35}
Step:35	{"loss": {"zhongtest_loss": 0.046794288012446186}, "step": 35}
Step:36	{"loss": {"zhongtrain_loss": 9.8568489192985e-06}, "step": 36}
Step:36	{"loss": {"zhongtest_loss": 0.04723309497443997}, "step": 36}
Step:37	{"loss": {"zhongtrain_loss": 8.879761610712325e-06}, "step": 37}
Step:37	{"loss": {"zhongtest_loss": 0.04759397312086456}, "step": 37}
Step:38	{"loss": {"zhongtrain_loss": 7.964661303308926e-06}, "step": 38}
Step:38	{"loss": {"zhongtest_loss": 0.04790316795816227}, "step": 38}
Step:39	{"loss": {"zhongtrain_loss": 7.11988884307045e-06}, "step": 39}
Step:39	{"loss": {"zhongtest_loss": 0.04815834395739497}, "step": 39}
Step:40	{"loss": {"zhongtrain_loss": 6.364387705356681e-06}, "step": 40}
Step:40	{"loss": {"zhongtest_loss": 0.04838141129941356}, "step": 40}
Step:41	{"loss": {"zhongtrain_loss": 5.662693833333573e-06}, "step": 41}
Step:41	{"loss": {"zhongtest_loss": 0.04848914243737046}, "step": 41}
Step:42	{"loss": {"zhongtrain_loss": 5.166057235328481e-06}, "step": 42}
Step:42	{"loss": {"zhongtest_loss": 0.04860921295321718}, "step": 42}
Step:43	{"loss": {"zhongtrain_loss": 4.731336438063798e-06}, "step": 43}
Step:43	{"loss": {"zhongtest_loss": 0.04869769544017558}, "step": 43}
Step:44	{"loss": {"zhongtrain_loss": 4.342963750657093e-06}, "step": 44}
Step:44	{"loss": {"zhongtest_loss": 0.04872196547839106}, "step": 44}
Step:45	{"loss": {"zhongtrain_loss": 4.000092303613201e-06}, "step": 45}
Step:45	{"loss": {"zhongtest_loss": 0.04875253171336894}, "step": 45}
Step:46	{"loss": {"zhongtrain_loss": 3.6964234563388994e-06}, "step": 46}
Step:46	{"loss": {"zhongtest_loss": 0.04874883865823551}, "step": 46}
Step:47	{"loss": {"zhongtrain_loss": 3.429469870752655e-06}, "step": 47}
Step:47	{"loss": {"zhongtest_loss": 0.048771293795838645}, "step": 47}
Step:48	{"loss": {"zhongtrain_loss": 3.184915060826045e-06}, "step": 48}
Step:48	{"loss": {"zhongtest_loss": 0.048735005514962335}, "step": 48}
Step:49	{"loss": {"zhongtrain_loss": 2.95258204070186e-06}, "step": 49}
Step:49	{"loss": {"zhongtest_loss": 0.04872890881129673}, "step": 49}
Step:50	{"loss": {"zhongtrain_loss": 2.7512032829690725e-06}, "step": 50}
Step:50	{"loss": {"zhongtest_loss": 0.04869095160036671}, "step": 50}
Step:51	{"loss": {"zhongtrain_loss": 2.585117337210769e-06}, "step": 51}
Step:51	{"loss": {"zhongtest_loss": 0.04868993467214156}, "step": 51}
Step:52	{"loss": {"zhongtrain_loss": 2.4277277199351895e-06}, "step": 52}
Step:52	{"loss": {"zhongtest_loss": 0.048668102342255264}, "step": 52}
Step:53	{"loss": {"zhongtrain_loss": 2.292069309208143e-06}, "step": 53}
Step:53	{"loss": {"zhongtest_loss": 0.048644849232264926}, "step": 53}
Step:54	{"loss": {"zhongtrain_loss": 2.169136938131747e-06}, "step": 54}
Step:54	{"loss": {"zhongtest_loss": 0.04864066474291743}, "step": 54}
Step:55	{"loss": {"zhongtrain_loss": 2.0619728664834317e-06}, "step": 55}
Step:55	{"loss": {"zhongtest_loss": 0.04860083910883689}, "step": 55}
Step:56	{"loss": {"zhongtrain_loss": 1.965903330918601e-06}, "step": 56}
Step:56	{"loss": {"zhongtest_loss": 0.0485868113381522}, "step": 56}
Step:57	{"loss": {"zhongtrain_loss": 1.8838927644537762e-06}, "step": 57}
Step:57	{"loss": {"zhongtest_loss": 0.048566341400146484}, "step": 57}
Step:58	{"loss": {"zhongtrain_loss": 1.808569582603273e-06}, "step": 58}
Step:58	{"loss": {"zhongtest_loss": 0.04853379483125648}, "step": 58}
Step:59	{"loss": {"zhongtrain_loss": 1.7424428213936544e-06}, "step": 59}
Step:59	{"loss": {"zhongtest_loss": 0.04850649347110671}, "step": 59}
Step:60	{"loss": {"zhongtrain_loss": 1.682586116658058e-06}, "step": 60}
Step:60	{"loss": {"zhongtest_loss": 0.04850502889983508}, "step": 60}
Step:61	{"loss": {"zhongtrain_loss": 1.6270230064817172e-06}, "step": 61}
Step:61	{"loss": {"zhongtest_loss": 0.048483259823857525}, "step": 61}
Step:62	{"loss": {"zhongtrain_loss": 1.5869285821931304e-06}, "step": 62}
Step:62	{"loss": {"zhongtest_loss": 0.04844529774724221}, "step": 62}
Step:63	{"loss": {"zhongtrain_loss": 1.5452366954247867e-06}, "step": 63}
Step:63	{"loss": {"zhongtest_loss": 0.04846042516280194}, "step": 63}
Step:64	{"loss": {"zhongtrain_loss": 1.5085621011426805e-06}, "step": 64}
Step:64	{"loss": {"zhongtest_loss": 0.04844893727983747}, "step": 64}
Step:65	{"loss": {"zhongtrain_loss": 1.4760290858768194e-06}, "step": 65}
Step:65	{"loss": {"zhongtest_loss": 0.04843445213473573}, "step": 65}
Step:66	{"loss": {"zhongtrain_loss": 1.4440283848671243e-06}, "step": 66}
Step:66	{"loss": {"zhongtest_loss": 0.04842483267492177}, "step": 66}
Step:67	{"loss": {"zhongtrain_loss": 1.4160942945246852e-06}, "step": 67}
Step:67	{"loss": {"zhongtest_loss": 0.048420920663950394}, "step": 67}
Step:68	{"loss": {"zhongtrain_loss": 1.3876656989201104e-06}, "step": 68}
Step:68	{"loss": {"zhongtest_loss": 0.04841050809743453}, "step": 68}
Step:69	{"loss": {"zhongtrain_loss": 1.3585149645223282e-06}, "step": 69}
Step:69	{"loss": {"zhongtest_loss": 0.04839595483273876}, "step": 69}
Step:70	{"loss": {"zhongtrain_loss": 1.334799370462341e-06}, "step": 70}
Step:70	{"loss": {"zhongtest_loss": 0.04840324849498515}, "step": 70}
Step:71	{"loss": {"zhongtrain_loss": 1.3092972689524425e-06}, "step": 71}
Step:71	{"loss": {"zhongtest_loss": 0.048410172365149676}, "step": 71}
Step:72	{"loss": {"zhongtrain_loss": 1.2882419468951412e-06}, "step": 72}
Step:72	{"loss": {"zhongtest_loss": 0.048408951078142436}, "step": 72}
Step:73	{"loss": {"zhongtrain_loss": 1.265248361700547e-06}, "step": 73}
Step:73	{"loss": {"zhongtest_loss": 0.048388617379324775}, "step": 73}
Step:74	{"loss": {"zhongtrain_loss": 1.2444586120961633e-06}, "step": 74}
Step:74	{"loss": {"zhongtest_loss": 0.04839029604074906}, "step": 74}
Step:75	{"loss": {"zhongtrain_loss": 1.2237829391129447e-06}, "step": 75}
Step:75	{"loss": {"zhongtest_loss": 0.048400766995488384}, "step": 75}
Step:76	{"loss": {"zhongtrain_loss": 1.2045894826379872e-06}, "step": 76}
Step:76	{"loss": {"zhongtest_loss": 0.04838986786044374}, "step": 76}
Step:77	{"loss": {"zhongtrain_loss": 1.1850540561551628e-06}, "step": 77}
Step:77	{"loss": {"zhongtest_loss": 0.04840492715640944}, "step": 77}
Step:78	{"loss": {"zhongtrain_loss": 1.1668865097038048e-06}, "step": 78}
Step:78	{"loss": {"zhongtest_loss": 0.04839774540492466}, "step": 78}
Step:79	{"loss": {"zhongtrain_loss": 1.1502393785381822e-06}, "step": 79}
Step:79	{"loss": {"zhongtest_loss": 0.04840352583904656}, "step": 79}
Step:80	{"loss": {"zhongtrain_loss": 1.1342387681777057e-06}, "step": 80}
Step:80	{"loss": {"zhongtest_loss": 0.048407306476515165}, "step": 80}
Step:81	{"loss": {"zhongtrain_loss": 1.117781071765681e-06}, "step": 81}
Step:81	{"loss": {"zhongtest_loss": 0.048415033184752175}, "step": 81}
Step:82	{"loss": {"zhongtrain_loss": 1.1057328655234805e-06}, "step": 82}
Step:82	{"loss": {"zhongtest_loss": 0.04841773850577218}, "step": 82}
Step:83	{"loss": {"zhongtrain_loss": 1.0924684050093804e-06}, "step": 83}
Step:83	{"loss": {"zhongtest_loss": 0.04841578736597178}, "step": 83}
Step:84	{"loss": {"zhongtrain_loss": 1.0792415585975895e-06}, "step": 84}
Step:84	{"loss": {"zhongtest_loss": 0.048404114586966376}, "step": 84}
Step:85	{"loss": {"zhongtrain_loss": 1.0678393534492768e-06}, "step": 85}
Step:85	{"loss": {"zhongtest_loss": 0.04840958361722985}, "step": 85}
Step:86	{"loss": {"zhongtrain_loss": 1.0565890339161603e-06}, "step": 86}
Step:86	{"loss": {"zhongtest_loss": 0.0484097636475855}, "step": 86}
Step:87	{"loss": {"zhongtrain_loss": 1.0460229142544058e-06}, "step": 87}
Step:87	{"loss": {"zhongtest_loss": 0.04841864352323571}, "step": 87}
Step:88	{"loss": {"zhongtrain_loss": 1.035266905091703e-06}, "step": 88}
Step:88	{"loss": {"zhongtest_loss": 0.048415694917951314}, "step": 88}
Step:89	{"loss": {"zhongtrain_loss": 1.0237502335387814e-06}, "step": 89}
Step:89	{"loss": {"zhongtest_loss": 0.04842381574669663}, "step": 89}
Step:90	{"loss": {"zhongtrain_loss": 1.0145143148422773e-06}, "step": 90}
Step:90	{"loss": {"zhongtest_loss": 0.04841345183703364}, "step": 90}
Step:91	{"loss": {"zhongtrain_loss": 1.003910126330863e-06}, "step": 91}
Step:91	{"loss": {"zhongtest_loss": 0.04840459628980987}, "step": 91}
Step:92	{"loss": {"zhongtrain_loss": 9.950922503776383e-07}, "step": 92}
Step:92	{"loss": {"zhongtest_loss": 0.04840950090057996}, "step": 92}
Step:93	{"loss": {"zhongtrain_loss": 9.861223588814028e-07}, "step": 93}
Step:93	{"loss": {"zhongtest_loss": 0.04842019081115723}, "step": 93}
Step:94	{"loss": {"zhongtrain_loss": 9.768103024855788e-07}, "step": 94}
Step:94	{"loss": {"zhongtest_loss": 0.048411554219771405}, "step": 94}
Step:95	{"loss": {"zhongtrain_loss": 9.670040656471559e-07}, "step": 95}
Step:95	{"loss": {"zhongtest_loss": 0.04839995442604532}, "step": 95}
Step:96	{"loss": {"zhongtrain_loss": 9.578061508364044e-07}, "step": 96}
Step:96	{"loss": {"zhongtest_loss": 0.048406800445245236}, "step": 96}
Step:97	{"loss": {"zhongtrain_loss": 9.487982554544163e-07}, "step": 97}
Step:97	{"loss": {"zhongtest_loss": 0.04841032806707888}, "step": 97}
Step:98	{"loss": {"zhongtrain_loss": 9.401701390743256e-07}, "step": 98}
Step:98	{"loss": {"zhongtest_loss": 0.04841010424555564}, "step": 98}
Step:99	{"loss": {"zhongtrain_loss": 9.319983291788958e-07}, "step": 99}
Step:99	{"loss": {"zhongtest_loss": 0.048421441292276185}, "step": 99}
Step:100	{"loss": {"zhongtrain_loss": 9.240924165559201e-07}, "step": 100}
Step:100	{"loss": {"zhongtest_loss": 0.04842175756181989}, "step": 100}
