Step:1	{"metric": {"full19train": {"acc": 0.21495327102803738}}, "step": 1}
Step:1	{"metric": {"full19test": {"acc": 0.21495327102803738}}, "step": 1}
Step:1	{"metric": {"full19test": {"UAR": 0.082156}}, "step": 1}
Step:1	{"metric": {"full19test": {"Macro_F1": 0.066566}}, "step": 1}
Step:1	{"metric": {"full19test": {"wa": 0.814765}}, "step": 1}
Step:2	{"metric": {"full19train": {"acc": 0.25}}, "step": 2}
Step:2	{"metric": {"full19test": {"acc": 0.2523364485981308}}, "step": 2}
Step:2	{"metric": {"full19test": {"UAR": 0.220301}}, "step": 2}
Step:2	{"metric": {"full19test": {"Macro_F1": 0.098725}}, "step": 2}
Step:2	{"metric": {"full19test": {"wa": 0.903852}}, "step": 2}
Step:3	{"metric": {"full19train": {"acc": 0.28738317757009346}}, "step": 3}
Step:3	{"metric": {"full19test": {"acc": 0.35514018691588783}}, "step": 3}
Step:3	{"metric": {"full19test": {"UAR": 0.37873}}, "step": 3}
Step:3	{"metric": {"full19test": {"Macro_F1": 0.234152}}, "step": 3}
Step:3	{"metric": {"full19test": {"wa": 0.795036}}, "step": 3}
Step:4	{"metric": {"full19train": {"acc": 0.34579439252336447}}, "step": 4}
Step:4	{"metric": {"full19test": {"acc": 0.35514018691588783}}, "step": 4}
Step:4	{"metric": {"full19test": {"UAR": 0.212549}}, "step": 4}
Step:4	{"metric": {"full19test": {"Macro_F1": 0.21289}}, "step": 4}
Step:4	{"metric": {"full19test": {"wa": 0.727698}}, "step": 4}
Step:5	{"metric": {"full19train": {"acc": 0.3855140186915888}}, "step": 5}
Step:5	{"metric": {"full19test": {"acc": 0.37383177570093457}}, "step": 5}
Step:5	{"metric": {"full19test": {"UAR": 0.166191}}, "step": 5}
Step:5	{"metric": {"full19test": {"Macro_F1": 0.195219}}, "step": 5}
Step:5	{"metric": {"full19test": {"wa": 0.727273}}, "step": 5}
Step:6	{"metric": {"full19train": {"acc": 0.3855140186915888}}, "step": 6}
Step:6	{"metric": {"full19test": {"acc": 0.34579439252336447}}, "step": 6}
Step:6	{"metric": {"full19test": {"UAR": 0.178972}}, "step": 6}
Step:6	{"metric": {"full19test": {"Macro_F1": 0.206346}}, "step": 6}
Step:6	{"metric": {"full19test": {"wa": 0.619346}}, "step": 6}
Step:7	{"metric": {"full19train": {"acc": 0.4158878504672897}}, "step": 7}
Step:7	{"metric": {"full19test": {"acc": 0.4205607476635514}}, "step": 7}
Step:7	{"metric": {"full19test": {"UAR": 0.425018}}, "step": 7}
Step:7	{"metric": {"full19test": {"Macro_F1": 0.30097}}, "step": 7}
Step:7	{"metric": {"full19test": {"wa": 0.760466}}, "step": 7}
Step:8	{"metric": {"full19train": {"acc": 0.42289719626168226}}, "step": 8}
Step:8	{"metric": {"full19test": {"acc": 0.40186915887850466}}, "step": 8}
Step:8	{"metric": {"full19test": {"UAR": 0.320166}}, "step": 8}
Step:8	{"metric": {"full19test": {"Macro_F1": 0.272936}}, "step": 8}
Step:8	{"metric": {"full19test": {"wa": 0.792127}}, "step": 8}
Step:9	{"metric": {"full19train": {"acc": 0.43457943925233644}}, "step": 9}
Step:9	{"metric": {"full19test": {"acc": 0.4485981308411215}}, "step": 9}
Step:9	{"metric": {"full19test": {"UAR": 0.446977}}, "step": 9}
Step:9	{"metric": {"full19test": {"Macro_F1": 0.332393}}, "step": 9}
Step:9	{"metric": {"full19test": {"wa": 0.77216}}, "step": 9}
Step:10	{"metric": {"full19train": {"acc": 0.45794392523364486}}, "step": 10}
Step:10	{"metric": {"full19test": {"acc": 0.48598130841121495}}, "step": 10}
Step:10	{"metric": {"full19test": {"UAR": 0.431553}}, "step": 10}
Step:10	{"metric": {"full19test": {"Macro_F1": 0.389689}}, "step": 10}
Step:10	{"metric": {"full19test": {"wa": 0.693658}}, "step": 10}
Step:11	{"metric": {"full19train": {"acc": 0.5}}, "step": 11}
Step:11	{"metric": {"full19test": {"acc": 0.5327102803738317}}, "step": 11}
Step:11	{"metric": {"full19test": {"UAR": 0.545444}}, "step": 11}
Step:11	{"metric": {"full19test": {"Macro_F1": 0.461439}}, "step": 11}
Step:11	{"metric": {"full19test": {"wa": 0.732404}}, "step": 11}
Step:12	{"metric": {"full19train": {"acc": 0.5210280373831776}}, "step": 12}
Step:12	{"metric": {"full19test": {"acc": 0.5700934579439252}}, "step": 12}
Step:12	{"metric": {"full19test": {"UAR": 0.563126}}, "step": 12}
Step:12	{"metric": {"full19test": {"Macro_F1": 0.523811}}, "step": 12}
Step:12	{"metric": {"full19test": {"wa": 0.689636}}, "step": 12}
Step:13	{"metric": {"full19train": {"acc": 0.5420560747663551}}, "step": 13}
Step:13	{"metric": {"full19test": {"acc": 0.5514018691588785}}, "step": 13}
Step:13	{"metric": {"full19test": {"UAR": 0.508145}}, "step": 13}
Step:13	{"metric": {"full19test": {"Macro_F1": 0.467567}}, "step": 13}
Step:13	{"metric": {"full19test": {"wa": 0.659615}}, "step": 13}
Step:14	{"metric": {"full19train": {"acc": 0.5887850467289719}}, "step": 14}
Step:14	{"metric": {"full19test": {"acc": 0.514018691588785}}, "step": 14}
Step:14	{"metric": {"full19test": {"UAR": 0.435223}}, "step": 14}
Step:14	{"metric": {"full19test": {"Macro_F1": 0.433862}}, "step": 14}
Step:14	{"metric": {"full19test": {"wa": 0.597985}}, "step": 14}
Step:15	{"metric": {"full19train": {"acc": 0.6144859813084113}}, "step": 15}
Step:15	{"metric": {"full19test": {"acc": 0.5607476635514018}}, "step": 15}
Step:15	{"metric": {"full19test": {"UAR": 0.473296}}, "step": 15}
Step:15	{"metric": {"full19test": {"Macro_F1": 0.486995}}, "step": 15}
Step:15	{"metric": {"full19test": {"wa": 0.657433}}, "step": 15}
Step:16	{"metric": {"full19train": {"acc": 0.5957943925233645}}, "step": 16}
Step:16	{"metric": {"full19test": {"acc": 0.5420560747663551}}, "step": 16}
Step:16	{"metric": {"full19test": {"UAR": 0.447114}}, "step": 16}
Step:16	{"metric": {"full19test": {"Macro_F1": 0.445077}}, "step": 16}
Step:16	{"metric": {"full19test": {"wa": 0.637932}}, "step": 16}
Step:17	{"metric": {"full19train": {"acc": 0.6285046728971962}}, "step": 17}
Step:17	{"metric": {"full19test": {"acc": 0.5420560747663551}}, "step": 17}
Step:17	{"metric": {"full19test": {"UAR": 0.517646}}, "step": 17}
Step:17	{"metric": {"full19test": {"Macro_F1": 0.480147}}, "step": 17}
Step:17	{"metric": {"full19test": {"wa": 0.658252}}, "step": 17}
Step:18	{"metric": {"full19train": {"acc": 0.6939252336448598}}, "step": 18}
Step:18	{"metric": {"full19test": {"acc": 0.6728971962616822}}, "step": 18}
Step:18	{"metric": {"full19test": {"UAR": 0.637622}}, "step": 18}
Step:18	{"metric": {"full19test": {"Macro_F1": 0.635507}}, "step": 18}
Step:18	{"metric": {"full19test": {"wa": 0.707721}}, "step": 18}
Step:19	{"metric": {"full19train": {"acc": 0.6915887850467289}}, "step": 19}
Step:19	{"metric": {"full19test": {"acc": 0.6261682242990654}}, "step": 19}
Step:19	{"metric": {"full19test": {"UAR": 0.614225}}, "step": 19}
Step:19	{"metric": {"full19test": {"Macro_F1": 0.602088}}, "step": 19}
Step:19	{"metric": {"full19test": {"wa": 0.710283}}, "step": 19}
Step:20	{"metric": {"full19train": {"acc": 0.6799065420560748}}, "step": 20}
Step:20	{"metric": {"full19test": {"acc": 0.5887850467289719}}, "step": 20}
Step:20	{"metric": {"full19test": {"UAR": 0.672794}}, "step": 20}
Step:20	{"metric": {"full19test": {"Macro_F1": 0.560927}}, "step": 20}
Step:20	{"metric": {"full19test": {"wa": 0.689547}}, "step": 20}
Step:21	{"metric": {"full19train": {"acc": 0.735981308411215}}, "step": 21}
Step:21	{"metric": {"full19test": {"acc": 0.6355140186915887}}, "step": 21}
Step:21	{"metric": {"full19test": {"UAR": 0.592513}}, "step": 21}
Step:21	{"metric": {"full19test": {"Macro_F1": 0.59154}}, "step": 21}
Step:21	{"metric": {"full19test": {"wa": 0.668728}}, "step": 21}
Step:22	{"metric": {"full19train": {"acc": 0.7429906542056075}}, "step": 22}
Step:22	{"metric": {"full19test": {"acc": 0.6728971962616822}}, "step": 22}
Step:22	{"metric": {"full19test": {"UAR": 0.638547}}, "step": 22}
Step:22	{"metric": {"full19test": {"Macro_F1": 0.633139}}, "step": 22}
Step:22	{"metric": {"full19test": {"wa": 0.708058}}, "step": 22}
Step:23	{"metric": {"full19train": {"acc": 0.735981308411215}}, "step": 23}
Step:23	{"metric": {"full19test": {"acc": 0.7102803738317757}}, "step": 23}
Step:23	{"metric": {"full19test": {"UAR": 0.713778}}, "step": 23}
Step:23	{"metric": {"full19test": {"Macro_F1": 0.705833}}, "step": 23}
Step:23	{"metric": {"full19test": {"wa": 0.74888}}, "step": 23}
Step:24	{"metric": {"full19train": {"acc": 0.8014018691588785}}, "step": 24}
Step:24	{"metric": {"full19test": {"acc": 0.719626168224299}}, "step": 24}
Step:24	{"metric": {"full19test": {"UAR": 0.710303}}, "step": 24}
Step:24	{"metric": {"full19test": {"Macro_F1": 0.679877}}, "step": 24}
Step:24	{"metric": {"full19test": {"wa": 0.785367}}, "step": 24}
Step:25	{"metric": {"full19train": {"acc": 0.7990654205607477}}, "step": 25}
Step:25	{"metric": {"full19test": {"acc": 0.7102803738317757}}, "step": 25}
Step:25	{"metric": {"full19test": {"UAR": 0.690469}}, "step": 25}
Step:25	{"metric": {"full19test": {"Macro_F1": 0.680504}}, "step": 25}
Step:25	{"metric": {"full19test": {"wa": 0.738711}}, "step": 25}
Step:26	{"metric": {"full19train": {"acc": 0.8387850467289719}}, "step": 26}
Step:26	{"metric": {"full19test": {"acc": 0.7383177570093458}}, "step": 26}
Step:26	{"metric": {"full19test": {"UAR": 0.71678}}, "step": 26}
Step:26	{"metric": {"full19test": {"Macro_F1": 0.717446}}, "step": 26}
Step:26	{"metric": {"full19test": {"wa": 0.757406}}, "step": 26}
Step:27	{"metric": {"full19train": {"acc": 0.8551401869158879}}, "step": 27}
Step:27	{"metric": {"full19test": {"acc": 0.719626168224299}}, "step": 27}
Step:27	{"metric": {"full19test": {"UAR": 0.721546}}, "step": 27}
Step:27	{"metric": {"full19test": {"Macro_F1": 0.712247}}, "step": 27}
Step:27	{"metric": {"full19test": {"wa": 0.751258}}, "step": 27}
Step:28	{"metric": {"full19train": {"acc": 0.8317757009345794}}, "step": 28}
Step:28	{"metric": {"full19test": {"acc": 0.7383177570093458}}, "step": 28}
Step:28	{"metric": {"full19test": {"UAR": 0.759508}}, "step": 28}
Step:28	{"metric": {"full19test": {"Macro_F1": 0.739413}}, "step": 28}
Step:28	{"metric": {"full19test": {"wa": 0.76482}}, "step": 28}
Step:29	{"metric": {"full19train": {"acc": 0.8387850467289719}}, "step": 29}
Step:29	{"metric": {"full19test": {"acc": 0.7476635514018691}}, "step": 29}
Step:29	{"metric": {"full19test": {"UAR": 0.744735}}, "step": 29}
Step:29	{"metric": {"full19test": {"Macro_F1": 0.732632}}, "step": 29}
Step:29	{"metric": {"full19test": {"wa": 0.771666}}, "step": 29}
Step:30	{"metric": {"full19train": {"acc": 0.8434579439252337}}, "step": 30}
Step:30	{"metric": {"full19test": {"acc": 0.7663551401869159}}, "step": 30}
Step:30	{"metric": {"full19test": {"UAR": 0.767998}}, "step": 30}
Step:30	{"metric": {"full19test": {"Macro_F1": 0.760463}}, "step": 30}
Step:30	{"metric": {"full19test": {"wa": 0.806825}}, "step": 30}
Step:31	{"metric": {"full19train": {"acc": 0.8621495327102804}}, "step": 31}
Step:31	{"metric": {"full19test": {"acc": 0.8130841121495327}}, "step": 31}
Step:31	{"metric": {"full19test": {"UAR": 0.796979}}, "step": 31}
Step:31	{"metric": {"full19test": {"Macro_F1": 0.811076}}, "step": 31}
Step:31	{"metric": {"full19test": {"wa": 0.825567}}, "step": 31}
Step:32	{"metric": {"full19train": {"acc": 0.8434579439252337}}, "step": 32}
Step:32	{"metric": {"full19test": {"acc": 0.8037383177570093}}, "step": 32}
Step:32	{"metric": {"full19test": {"UAR": 0.793571}}, "step": 32}
Step:32	{"metric": {"full19test": {"Macro_F1": 0.782106}}, "step": 32}
Step:32	{"metric": {"full19test": {"wa": 0.845678}}, "step": 32}
Step:33	{"metric": {"full19train": {"acc": 0.8598130841121495}}, "step": 33}
Step:33	{"metric": {"full19test": {"acc": 0.7850467289719626}}, "step": 33}
Step:33	{"metric": {"full19test": {"UAR": 0.782298}}, "step": 33}
Step:33	{"metric": {"full19test": {"Macro_F1": 0.780258}}, "step": 33}
Step:33	{"metric": {"full19test": {"wa": 0.791125}}, "step": 33}
Step:34	{"metric": {"full19train": {"acc": 0.8878504672897196}}, "step": 34}
Step:34	{"metric": {"full19test": {"acc": 0.7850467289719626}}, "step": 34}
Step:34	{"metric": {"full19test": {"UAR": 0.790388}}, "step": 34}
Step:34	{"metric": {"full19test": {"Macro_F1": 0.785251}}, "step": 34}
Step:34	{"metric": {"full19test": {"wa": 0.801401}}, "step": 34}
Step:35	{"metric": {"full19train": {"acc": 0.8808411214953271}}, "step": 35}
Step:35	{"metric": {"full19test": {"acc": 0.7663551401869159}}, "step": 35}
Step:35	{"metric": {"full19test": {"UAR": 0.763645}}, "step": 35}
Step:35	{"metric": {"full19test": {"Macro_F1": 0.741456}}, "step": 35}
Step:35	{"metric": {"full19test": {"wa": 0.793299}}, "step": 35}
Step:36	{"metric": {"full19train": {"acc": 0.8995327102803738}}, "step": 36}
Step:36	{"metric": {"full19test": {"acc": 0.8130841121495327}}, "step": 36}
Step:36	{"metric": {"full19test": {"UAR": 0.801451}}, "step": 36}
Step:36	{"metric": {"full19test": {"Macro_F1": 0.797478}}, "step": 36}
Step:36	{"metric": {"full19test": {"wa": 0.844399}}, "step": 36}
Step:37	{"metric": {"full19train": {"acc": 0.9042056074766355}}, "step": 37}
Step:37	{"metric": {"full19test": {"acc": 0.7757009345794392}}, "step": 37}
Step:37	{"metric": {"full19test": {"UAR": 0.761232}}, "step": 37}
Step:37	{"metric": {"full19test": {"Macro_F1": 0.764081}}, "step": 37}
Step:37	{"metric": {"full19test": {"wa": 0.799664}}, "step": 37}
Step:38	{"metric": {"full19train": {"acc": 0.9158878504672897}}, "step": 38}
Step:38	{"metric": {"full19test": {"acc": 0.7663551401869159}}, "step": 38}
Step:38	{"metric": {"full19test": {"UAR": 0.75574}}, "step": 38}
Step:38	{"metric": {"full19test": {"Macro_F1": 0.753154}}, "step": 38}
Step:38	{"metric": {"full19test": {"wa": 0.788256}}, "step": 38}
Step:39	{"metric": {"full19train": {"acc": 0.9205607476635514}}, "step": 39}
Step:39	{"metric": {"full19test": {"acc": 0.8037383177570093}}, "step": 39}
Step:39	{"metric": {"full19test": {"UAR": 0.796114}}, "step": 39}
Step:39	{"metric": {"full19test": {"Macro_F1": 0.788581}}, "step": 39}
Step:39	{"metric": {"full19test": {"wa": 0.835816}}, "step": 39}
Step:40	{"metric": {"full19train": {"acc": 0.9205607476635514}}, "step": 40}
Step:40	{"metric": {"full19test": {"acc": 0.8037383177570093}}, "step": 40}
Step:40	{"metric": {"full19test": {"UAR": 0.797845}}, "step": 40}
Step:40	{"metric": {"full19test": {"Macro_F1": 0.797391}}, "step": 40}
Step:40	{"metric": {"full19test": {"wa": 0.824108}}, "step": 40}
Step:41	{"metric": {"full19train": {"acc": 0.9205607476635514}}, "step": 41}
Step:41	{"metric": {"full19test": {"acc": 0.822429906542056}}, "step": 41}
Step:41	{"metric": {"full19test": {"UAR": 0.814332}}, "step": 41}
Step:41	{"metric": {"full19test": {"Macro_F1": 0.806911}}, "step": 41}
Step:41	{"metric": {"full19test": {"wa": 0.838159}}, "step": 41}
Step:42	{"metric": {"full19train": {"acc": 0.9369158878504673}}, "step": 42}
Step:42	{"metric": {"full19test": {"acc": 0.8317757009345794}}, "step": 42}
Step:42	{"metric": {"full19test": {"UAR": 0.822023}}, "step": 42}
Step:42	{"metric": {"full19test": {"Macro_F1": 0.822431}}, "step": 42}
Step:42	{"metric": {"full19test": {"wa": 0.853542}}, "step": 42}
Step:43	{"metric": {"full19train": {"acc": 0.9369158878504673}}, "step": 43}
Step:43	{"metric": {"full19test": {"acc": 0.8504672897196262}}, "step": 43}
Step:43	{"metric": {"full19test": {"UAR": 0.832332}}, "step": 43}
Step:43	{"metric": {"full19test": {"Macro_F1": 0.836129}}, "step": 43}
Step:43	{"metric": {"full19test": {"wa": 0.868796}}, "step": 43}
Step:44	{"metric": {"full19train": {"acc": 0.9485981308411215}}, "step": 44}
Step:44	{"metric": {"full19test": {"acc": 0.8411214953271028}}, "step": 44}
Step:44	{"metric": {"full19test": {"UAR": 0.831824}}, "step": 44}
Step:44	{"metric": {"full19test": {"Macro_F1": 0.839648}}, "step": 44}
Step:44	{"metric": {"full19test": {"wa": 0.8522}}, "step": 44}
Step:45	{"metric": {"full19train": {"acc": 0.9602803738317757}}, "step": 45}
Step:45	{"metric": {"full19test": {"acc": 0.794392523364486}}, "step": 45}
Step:45	{"metric": {"full19test": {"UAR": 0.777322}}, "step": 45}
Step:45	{"metric": {"full19test": {"Macro_F1": 0.778503}}, "step": 45}
Step:45	{"metric": {"full19test": {"wa": 0.803418}}, "step": 45}
Step:46	{"metric": {"full19train": {"acc": 0.9322429906542056}}, "step": 46}
Step:46	{"metric": {"full19test": {"acc": 0.794392523364486}}, "step": 46}
Step:46	{"metric": {"full19test": {"UAR": 0.773229}}, "step": 46}
Step:46	{"metric": {"full19test": {"Macro_F1": 0.773451}}, "step": 46}
Step:46	{"metric": {"full19test": {"wa": 0.814465}}, "step": 46}
Step:47	{"metric": {"full19train": {"acc": 0.9579439252336449}}, "step": 47}
Step:47	{"metric": {"full19test": {"acc": 0.8317757009345794}}, "step": 47}
Step:47	{"metric": {"full19test": {"UAR": 0.810292}}, "step": 47}
Step:47	{"metric": {"full19test": {"Macro_F1": 0.822831}}, "step": 47}
Step:47	{"metric": {"full19test": {"wa": 0.841932}}, "step": 47}
Step:48	{"metric": {"full19train": {"acc": 0.9672897196261683}}, "step": 48}
Step:48	{"metric": {"full19test": {"acc": 0.822429906542056}}, "step": 48}
Step:48	{"metric": {"full19test": {"UAR": 0.807898}}, "step": 48}
Step:48	{"metric": {"full19test": {"Macro_F1": 0.811076}}, "step": 48}
Step:48	{"metric": {"full19test": {"wa": 0.834676}}, "step": 48}
Step:49	{"metric": {"full19train": {"acc": 0.955607476635514}}, "step": 49}
Step:49	{"metric": {"full19test": {"acc": 0.822429906542056}}, "step": 49}
Step:49	{"metric": {"full19test": {"UAR": 0.813083}}, "step": 49}
Step:49	{"metric": {"full19test": {"Macro_F1": 0.807934}}, "step": 49}
Step:49	{"metric": {"full19test": {"wa": 0.835982}}, "step": 49}
Step:50	{"metric": {"full19train": {"acc": 0.9602803738317757}}, "step": 50}
Step:50	{"metric": {"full19test": {"acc": 0.8317757009345794}}, "step": 50}
Step:50	{"metric": {"full19test": {"UAR": 0.80901}}, "step": 50}
Step:50	{"metric": {"full19test": {"Macro_F1": 0.818615}}, "step": 50}
Step:50	{"metric": {"full19test": {"wa": 0.841051}}, "step": 50}
Step:51	{"metric": {"full19train": {"acc": 0.9649532710280374}}, "step": 51}
Step:51	{"metric": {"full19test": {"acc": 0.822429906542056}}, "step": 51}
Step:51	{"metric": {"full19test": {"UAR": 0.815925}}, "step": 51}
Step:51	{"metric": {"full19test": {"Macro_F1": 0.82037}}, "step": 51}
Step:51	{"metric": {"full19test": {"wa": 0.83416}}, "step": 51}
Step:52	{"metric": {"full19train": {"acc": 0.9602803738317757}}, "step": 52}
Step:52	{"metric": {"full19test": {"acc": 0.8504672897196262}}, "step": 52}
Step:52	{"metric": {"full19test": {"UAR": 0.829194}}, "step": 52}
Step:52	{"metric": {"full19test": {"Macro_F1": 0.838891}}, "step": 52}
Step:52	{"metric": {"full19test": {"wa": 0.857594}}, "step": 52}
Step:53	{"metric": {"full19train": {"acc": 0.9579439252336449}}, "step": 53}
Step:53	{"metric": {"full19test": {"acc": 0.794392523364486}}, "step": 53}
Step:53	{"metric": {"full19test": {"UAR": 0.776428}}, "step": 53}
Step:53	{"metric": {"full19test": {"Macro_F1": 0.779727}}, "step": 53}
Step:53	{"metric": {"full19test": {"wa": 0.811592}}, "step": 53}
Step:54	{"metric": {"full19train": {"acc": 0.969626168224299}}, "step": 54}
Step:54	{"metric": {"full19test": {"acc": 0.8037383177570093}}, "step": 54}
Step:54	{"metric": {"full19test": {"UAR": 0.789342}}, "step": 54}
Step:54	{"metric": {"full19test": {"Macro_F1": 0.786954}}, "step": 54}
Step:54	{"metric": {"full19test": {"wa": 0.827794}}, "step": 54}
Step:55	{"metric": {"full19train": {"acc": 0.9579439252336449}}, "step": 55}
Step:55	{"metric": {"full19test": {"acc": 0.8691588785046729}}, "step": 55}
Step:55	{"metric": {"full19test": {"UAR": 0.858798}}, "step": 55}
Step:55	{"metric": {"full19test": {"Macro_F1": 0.859373}}, "step": 55}
Step:55	{"metric": {"full19test": {"wa": 0.87968}}, "step": 55}
Step:56	{"metric": {"full19train": {"acc": 0.9415887850467289}}, "step": 56}
Step:56	{"metric": {"full19test": {"acc": 0.822429906542056}}, "step": 56}
Step:56	{"metric": {"full19test": {"UAR": 0.800837}}, "step": 56}
Step:56	{"metric": {"full19test": {"Macro_F1": 0.800623}}, "step": 56}
Step:56	{"metric": {"full19test": {"wa": 0.835945}}, "step": 56}
Step:57	{"metric": {"full19train": {"acc": 0.9602803738317757}}, "step": 57}
Step:57	{"metric": {"full19test": {"acc": 0.8317757009345794}}, "step": 57}
Step:57	{"metric": {"full19test": {"UAR": 0.817426}}, "step": 57}
Step:57	{"metric": {"full19test": {"Macro_F1": 0.830503}}, "step": 57}
Step:57	{"metric": {"full19test": {"wa": 0.843326}}, "step": 57}
Step:58	{"metric": {"full19train": {"acc": 0.9766355140186916}}, "step": 58}
Step:58	{"metric": {"full19test": {"acc": 0.8411214953271028}}, "step": 58}
Step:58	{"metric": {"full19test": {"UAR": 0.827698}}, "step": 58}
Step:58	{"metric": {"full19test": {"Macro_F1": 0.835227}}, "step": 58}
Step:58	{"metric": {"full19test": {"wa": 0.851009}}, "step": 58}
Step:59	{"metric": {"full19train": {"acc": 0.985981308411215}}, "step": 59}
Step:59	{"metric": {"full19test": {"acc": 0.8411214953271028}}, "step": 59}
Step:59	{"metric": {"full19test": {"UAR": 0.819481}}, "step": 59}
Step:59	{"metric": {"full19test": {"Macro_F1": 0.820726}}, "step": 59}
Step:59	{"metric": {"full19test": {"wa": 0.859847}}, "step": 59}
Step:60	{"metric": {"full19train": {"acc": 0.9766355140186916}}, "step": 60}
Step:60	{"metric": {"full19test": {"acc": 0.8130841121495327}}, "step": 60}
Step:60	{"metric": {"full19test": {"UAR": 0.808409}}, "step": 60}
Step:60	{"metric": {"full19test": {"Macro_F1": 0.793704}}, "step": 60}
Step:60	{"metric": {"full19test": {"wa": 0.859886}}, "step": 60}
Step:61	{"metric": {"full19train": {"acc": 0.9883177570093458}}, "step": 61}
Step:61	{"metric": {"full19test": {"acc": 0.8411214953271028}}, "step": 61}
Step:61	{"metric": {"full19test": {"UAR": 0.831051}}, "step": 61}
Step:61	{"metric": {"full19test": {"Macro_F1": 0.836217}}, "step": 61}
Step:61	{"metric": {"full19test": {"wa": 0.855081}}, "step": 61}
Step:62	{"metric": {"full19train": {"acc": 0.9789719626168224}}, "step": 62}
Step:62	{"metric": {"full19test": {"acc": 0.8317757009345794}}, "step": 62}
Step:62	{"metric": {"full19test": {"UAR": 0.811819}}, "step": 62}
Step:62	{"metric": {"full19test": {"Macro_F1": 0.82305}}, "step": 62}
Step:62	{"metric": {"full19test": {"wa": 0.844783}}, "step": 62}
Step:63	{"metric": {"full19train": {"acc": 0.9906542056074766}}, "step": 63}
Step:63	{"metric": {"full19test": {"acc": 0.8317757009345794}}, "step": 63}
Step:63	{"metric": {"full19test": {"UAR": 0.811442}}, "step": 63}
Step:63	{"metric": {"full19test": {"Macro_F1": 0.819386}}, "step": 63}
Step:63	{"metric": {"full19test": {"wa": 0.843128}}, "step": 63}
Step:64	{"metric": {"full19train": {"acc": 0.9766355140186916}}, "step": 64}
Step:64	{"metric": {"full19test": {"acc": 0.8130841121495327}}, "step": 64}
Step:64	{"metric": {"full19test": {"UAR": 0.814378}}, "step": 64}
Step:64	{"metric": {"full19test": {"Macro_F1": 0.79268}}, "step": 64}
Step:64	{"metric": {"full19test": {"wa": 0.859148}}, "step": 64}
Step:65	{"metric": {"full19train": {"acc": 0.9789719626168224}}, "step": 65}
Step:65	{"metric": {"full19test": {"acc": 0.8411214953271028}}, "step": 65}
Step:65	{"metric": {"full19test": {"UAR": 0.815681}}, "step": 65}
Step:65	{"metric": {"full19test": {"Macro_F1": 0.82372}}, "step": 65}
Step:65	{"metric": {"full19test": {"wa": 0.847438}}, "step": 65}
Step:66	{"metric": {"full19train": {"acc": 0.9742990654205608}}, "step": 66}
Step:66	{"metric": {"full19test": {"acc": 0.8504672897196262}}, "step": 66}
Step:66	{"metric": {"full19test": {"UAR": 0.824741}}, "step": 66}
Step:66	{"metric": {"full19test": {"Macro_F1": 0.833819}}, "step": 66}
Step:66	{"metric": {"full19test": {"wa": 0.858506}}, "step": 66}
Step:67	{"metric": {"full19train": {"acc": 0.9883177570093458}}, "step": 67}
Step:67	{"metric": {"full19test": {"acc": 0.8411214953271028}}, "step": 67}
Step:67	{"metric": {"full19test": {"UAR": 0.830621}}, "step": 67}
Step:67	{"metric": {"full19test": {"Macro_F1": 0.835664}}, "step": 67}
Step:67	{"metric": {"full19test": {"wa": 0.854295}}, "step": 67}
Step:68	{"metric": {"full19train": {"acc": 0.9883177570093458}}, "step": 68}
Step:68	{"metric": {"full19test": {"acc": 0.8317757009345794}}, "step": 68}
Step:68	{"metric": {"full19test": {"UAR": 0.813942}}, "step": 68}
Step:68	{"metric": {"full19test": {"Macro_F1": 0.819769}}, "step": 68}
Step:68	{"metric": {"full19test": {"wa": 0.84374}}, "step": 68}
Step:69	{"metric": {"full19train": {"acc": 0.9976635514018691}}, "step": 69}
Step:69	{"metric": {"full19test": {"acc": 0.822429906542056}}, "step": 69}
Step:69	{"metric": {"full19test": {"UAR": 0.8069}}, "step": 69}
Step:69	{"metric": {"full19test": {"Macro_F1": 0.815718}}, "step": 69}
Step:69	{"metric": {"full19test": {"wa": 0.833883}}, "step": 69}
Step:70	{"metric": {"full19train": {"acc": 0.9836448598130841}}, "step": 70}
Step:70	{"metric": {"full19test": {"acc": 0.822429906542056}}, "step": 70}
Step:70	{"metric": {"full19test": {"UAR": 0.80117}}, "step": 70}
Step:70	{"metric": {"full19test": {"Macro_F1": 0.813366}}, "step": 70}
Step:70	{"metric": {"full19test": {"wa": 0.826913}}, "step": 70}
Step:71	{"metric": {"full19train": {"acc": 0.9883177570093458}}, "step": 71}
Step:71	{"metric": {"full19test": {"acc": 0.8504672897196262}}, "step": 71}
Step:71	{"metric": {"full19test": {"UAR": 0.828417}}, "step": 71}
Step:71	{"metric": {"full19test": {"Macro_F1": 0.835584}}, "step": 71}
Step:71	{"metric": {"full19test": {"wa": 0.860456}}, "step": 71}
Step:72	{"metric": {"full19train": {"acc": 0.9906542056074766}}, "step": 72}
Step:72	{"metric": {"full19test": {"acc": 0.8504672897196262}}, "step": 72}
Step:72	{"metric": {"full19test": {"UAR": 0.836196}}, "step": 72}
Step:72	{"metric": {"full19test": {"Macro_F1": 0.843806}}, "step": 72}
Step:72	{"metric": {"full19test": {"wa": 0.864617}}, "step": 72}
Step:73	{"metric": {"full19train": {"acc": 0.985981308411215}}, "step": 73}
Step:73	{"metric": {"full19test": {"acc": 0.8411214953271028}}, "step": 73}
Step:73	{"metric": {"full19test": {"UAR": 0.81202}}, "step": 73}
Step:73	{"metric": {"full19test": {"Macro_F1": 0.820462}}, "step": 73}
Step:73	{"metric": {"full19test": {"wa": 0.844458}}, "step": 73}
Step:74	{"metric": {"full19train": {"acc": 0.985981308411215}}, "step": 74}
Step:74	{"metric": {"full19test": {"acc": 0.8598130841121495}}, "step": 74}
Step:74	{"metric": {"full19test": {"UAR": 0.833583}}, "step": 74}
Step:74	{"metric": {"full19test": {"Macro_F1": 0.842438}}, "step": 74}
Step:74	{"metric": {"full19test": {"wa": 0.862376}}, "step": 74}
Step:75	{"metric": {"full19train": {"acc": 0.9906542056074766}}, "step": 75}
Step:75	{"metric": {"full19test": {"acc": 0.8785046728971962}}, "step": 75}
Step:75	{"metric": {"full19test": {"UAR": 0.861472}}, "step": 75}
Step:75	{"metric": {"full19test": {"Macro_F1": 0.856395}}, "step": 75}
Step:75	{"metric": {"full19test": {"wa": 0.903985}}, "step": 75}
Step:76	{"metric": {"full19train": {"acc": 0.9953271028037384}}, "step": 76}
Step:76	{"metric": {"full19test": {"acc": 0.8598130841121495}}, "step": 76}
Step:76	{"metric": {"full19test": {"UAR": 0.835641}}, "step": 76}
Step:76	{"metric": {"full19test": {"Macro_F1": 0.84319}}, "step": 76}
Step:76	{"metric": {"full19test": {"wa": 0.878902}}, "step": 76}
Step:77	{"metric": {"full19train": {"acc": 0.985981308411215}}, "step": 77}
Step:77	{"metric": {"full19test": {"acc": 0.822429906542056}}, "step": 77}
Step:77	{"metric": {"full19test": {"UAR": 0.798838}}, "step": 77}
Step:77	{"metric": {"full19test": {"Macro_F1": 0.806465}}, "step": 77}
Step:77	{"metric": {"full19test": {"wa": 0.8336}}, "step": 77}
Step:78	{"metric": {"full19train": {"acc": 0.9906542056074766}}, "step": 78}
Step:78	{"metric": {"full19test": {"acc": 0.8598130841121495}}, "step": 78}
Step:78	{"metric": {"full19test": {"UAR": 0.847447}}, "step": 78}
Step:78	{"metric": {"full19test": {"Macro_F1": 0.848758}}, "step": 78}
Step:78	{"metric": {"full19test": {"wa": 0.876568}}, "step": 78}
Step:79	{"metric": {"full19train": {"acc": 0.9929906542056075}}, "step": 79}
Step:79	{"metric": {"full19test": {"acc": 0.8411214953271028}}, "step": 79}
Step:79	{"metric": {"full19test": {"UAR": 0.817281}}, "step": 79}
Step:79	{"metric": {"full19test": {"Macro_F1": 0.819652}}, "step": 79}
Step:79	{"metric": {"full19test": {"wa": 0.853108}}, "step": 79}
Step:80	{"metric": {"full19train": {"acc": 0.9929906542056075}}, "step": 80}
Step:80	{"metric": {"full19test": {"acc": 0.8504672897196262}}, "step": 80}
Step:80	{"metric": {"full19test": {"UAR": 0.835768}}, "step": 80}
Step:80	{"metric": {"full19test": {"Macro_F1": 0.837486}}, "step": 80}
Step:80	{"metric": {"full19test": {"wa": 0.870571}}, "step": 80}
Step:81	{"metric": {"full19train": {"acc": 0.9929906542056075}}, "step": 81}
Step:81	{"metric": {"full19test": {"acc": 0.8130841121495327}}, "step": 81}
Step:81	{"metric": {"full19test": {"UAR": 0.798406}}, "step": 81}
Step:81	{"metric": {"full19test": {"Macro_F1": 0.800159}}, "step": 81}
Step:81	{"metric": {"full19test": {"wa": 0.835309}}, "step": 81}
Step:82	{"metric": {"full19train": {"acc": 0.9976635514018691}}, "step": 82}
Step:82	{"metric": {"full19test": {"acc": 0.8504672897196262}}, "step": 82}
Step:82	{"metric": {"full19test": {"UAR": 0.833108}}, "step": 82}
Step:82	{"metric": {"full19test": {"Macro_F1": 0.844246}}, "step": 82}
Step:82	{"metric": {"full19test": {"wa": 0.86004}}, "step": 82}
Step:83	{"metric": {"full19train": {"acc": 1.0}}, "step": 83}
Step:83	{"metric": {"full19test": {"acc": 0.8878504672897196}}, "step": 83}
Step:83	{"metric": {"full19test": {"UAR": 0.87726}}, "step": 83}
Step:83	{"metric": {"full19test": {"Macro_F1": 0.879374}}, "step": 83}
Step:83	{"metric": {"full19test": {"wa": 0.901884}}, "step": 83}
Step:84	{"metric": {"full19train": {"acc": 0.9929906542056075}}, "step": 84}
Step:84	{"metric": {"full19test": {"acc": 0.8317757009345794}}, "step": 84}
Step:84	{"metric": {"full19test": {"UAR": 0.806615}}, "step": 84}
Step:84	{"metric": {"full19test": {"Macro_F1": 0.811758}}, "step": 84}
Step:84	{"metric": {"full19test": {"wa": 0.852244}}, "step": 84}
Step:85	{"metric": {"full19train": {"acc": 0.9976635514018691}}, "step": 85}
Step:85	{"metric": {"full19test": {"acc": 0.8504672897196262}}, "step": 85}
Step:85	{"metric": {"full19test": {"UAR": 0.836327}}, "step": 85}
Step:85	{"metric": {"full19test": {"Macro_F1": 0.834006}}, "step": 85}
Step:85	{"metric": {"full19test": {"wa": 0.871074}}, "step": 85}
Step:86	{"metric": {"full19train": {"acc": 0.9929906542056075}}, "step": 86}
Step:86	{"metric": {"full19test": {"acc": 0.8598130841121495}}, "step": 86}
Step:86	{"metric": {"full19test": {"UAR": 0.83641}}, "step": 86}
Step:86	{"metric": {"full19test": {"Macro_F1": 0.840151}}, "step": 86}
Step:86	{"metric": {"full19test": {"wa": 0.870902}}, "step": 86}
Step:87	{"metric": {"full19train": {"acc": 0.9953271028037384}}, "step": 87}
Step:87	{"metric": {"full19test": {"acc": 0.8317757009345794}}, "step": 87}
Step:87	{"metric": {"full19test": {"UAR": 0.816527}}, "step": 87}
Step:87	{"metric": {"full19test": {"Macro_F1": 0.822992}}, "step": 87}
Step:87	{"metric": {"full19test": {"wa": 0.847402}}, "step": 87}
Step:88	{"metric": {"full19train": {"acc": 0.985981308411215}}, "step": 88}
Step:88	{"metric": {"full19test": {"acc": 0.8130841121495327}}, "step": 88}
Step:88	{"metric": {"full19test": {"UAR": 0.796614}}, "step": 88}
Step:88	{"metric": {"full19test": {"Macro_F1": 0.800778}}, "step": 88}
Step:88	{"metric": {"full19test": {"wa": 0.837737}}, "step": 88}
Step:89	{"metric": {"full19train": {"acc": 0.9836448598130841}}, "step": 89}
Step:89	{"metric": {"full19test": {"acc": 0.8411214953271028}}, "step": 89}
Step:89	{"metric": {"full19test": {"UAR": 0.825645}}, "step": 89}
Step:89	{"metric": {"full19test": {"Macro_F1": 0.830526}}, "step": 89}
Step:89	{"metric": {"full19test": {"wa": 0.850033}}, "step": 89}
Step:90	{"metric": {"full19train": {"acc": 0.9883177570093458}}, "step": 90}
Step:90	{"metric": {"full19test": {"acc": 0.822429906542056}}, "step": 90}
Step:90	{"metric": {"full19test": {"UAR": 0.804422}}, "step": 90}
Step:90	{"metric": {"full19test": {"Macro_F1": 0.798921}}, "step": 90}
Step:90	{"metric": {"full19test": {"wa": 0.846662}}, "step": 90}
Step:91	{"metric": {"full19train": {"acc": 0.9929906542056075}}, "step": 91}
Step:91	{"metric": {"full19test": {"acc": 0.8130841121495327}}, "step": 91}
Step:91	{"metric": {"full19test": {"UAR": 0.798305}}, "step": 91}
Step:91	{"metric": {"full19test": {"Macro_F1": 0.797188}}, "step": 91}
Step:91	{"metric": {"full19test": {"wa": 0.827669}}, "step": 91}
Step:92	{"metric": {"full19train": {"acc": 0.985981308411215}}, "step": 92}
Step:92	{"metric": {"full19test": {"acc": 0.8317757009345794}}, "step": 92}
Step:92	{"metric": {"full19test": {"UAR": 0.80485}}, "step": 92}
Step:92	{"metric": {"full19test": {"Macro_F1": 0.812152}}, "step": 92}
Step:92	{"metric": {"full19test": {"wa": 0.842084}}, "step": 92}
Step:93	{"metric": {"full19train": {"acc": 0.9883177570093458}}, "step": 93}
Step:93	{"metric": {"full19test": {"acc": 0.8598130841121495}}, "step": 93}
Step:93	{"metric": {"full19test": {"UAR": 0.845855}}, "step": 93}
Step:93	{"metric": {"full19test": {"Macro_F1": 0.853217}}, "step": 93}
Step:93	{"metric": {"full19test": {"wa": 0.8646}}, "step": 93}
Step:94	{"metric": {"full19train": {"acc": 0.9789719626168224}}, "step": 94}
Step:94	{"metric": {"full19test": {"acc": 0.8691588785046729}}, "step": 94}
Step:94	{"metric": {"full19test": {"UAR": 0.853626}}, "step": 94}
Step:94	{"metric": {"full19test": {"Macro_F1": 0.862194}}, "step": 94}
Step:94	{"metric": {"full19test": {"wa": 0.880016}}, "step": 94}
Step:95	{"metric": {"full19train": {"acc": 0.9953271028037384}}, "step": 95}
Step:95	{"metric": {"full19test": {"acc": 0.8317757009345794}}, "step": 95}
Step:95	{"metric": {"full19test": {"UAR": 0.804819}}, "step": 95}
Step:95	{"metric": {"full19test": {"Macro_F1": 0.814784}}, "step": 95}
Step:95	{"metric": {"full19test": {"wa": 0.844561}}, "step": 95}
Step:96	{"metric": {"full19train": {"acc": 0.985981308411215}}, "step": 96}
Step:96	{"metric": {"full19test": {"acc": 0.8504672897196262}}, "step": 96}
Step:96	{"metric": {"full19test": {"UAR": 0.831563}}, "step": 96}
Step:96	{"metric": {"full19test": {"Macro_F1": 0.836509}}, "step": 96}
Step:96	{"metric": {"full19test": {"wa": 0.86778}}, "step": 96}
Step:97	{"metric": {"full19train": {"acc": 0.9953271028037384}}, "step": 97}
Step:97	{"metric": {"full19test": {"acc": 0.8130841121495327}}, "step": 97}
Step:97	{"metric": {"full19test": {"UAR": 0.820794}}, "step": 97}
Step:97	{"metric": {"full19test": {"Macro_F1": 0.818236}}, "step": 97}
Step:97	{"metric": {"full19test": {"wa": 0.82939}}, "step": 97}
Step:98	{"metric": {"full19train": {"acc": 0.9836448598130841}}, "step": 98}
Step:98	{"metric": {"full19test": {"acc": 0.8411214953271028}}, "step": 98}
Step:98	{"metric": {"full19test": {"UAR": 0.818978}}, "step": 98}
Step:98	{"metric": {"full19test": {"Macro_F1": 0.824199}}, "step": 98}
Step:98	{"metric": {"full19test": {"wa": 0.848563}}, "step": 98}
Step:99	{"metric": {"full19train": {"acc": 0.9976635514018691}}, "step": 99}
Step:99	{"metric": {"full19test": {"acc": 0.8691588785046729}}, "step": 99}
Step:99	{"metric": {"full19test": {"UAR": 0.857271}}, "step": 99}
Step:99	{"metric": {"full19test": {"Macro_F1": 0.865567}}, "step": 99}
Step:99	{"metric": {"full19test": {"wa": 0.876171}}, "step": 99}
Step:100	{"metric": {"full19train": {"acc": 1.0}}, "step": 100}
Step:100	{"metric": {"full19test": {"acc": 0.8504672897196262}}, "step": 100}
Step:100	{"metric": {"full19test": {"UAR": 0.841546}}, "step": 100}
Step:100	{"metric": {"full19test": {"Macro_F1": 0.835922}}, "step": 100}
Step:100	{"metric": {"full19test": {"wa": 0.86804}}, "step": 100}
