{"metric": {"full191": 0.16326530612244897}}
{"metric": {"full191UAR": 0.194398}}
{"metric": {"full191f1": 0.098124}}
{"metric": {"full191wa": 0.37172}}
{"metric": {"full191": 0.16326530612244897}}
{"metric": {"full191wa": 0.614577}}
{"metric": {"full191": 0.24489795918367346}}
{"metric": {"full191UAR": 0.280136}}
{"metric": {"full191f1": 0.139909}}
{"metric": {"full191wa": 0.618367}}
{"metric": {"full191": 0.2857142857142857}}
{"metric": {"full191f1": 0.168112}}
{"metric": {"full191": 0.2857142857142857}}
{"metric": {"full191wa": 0.630824}}
{"metric": {"full191wa": 0.739067}}
{"metric": {"full191": 0.2857142857142857}}
{"metric": {"full191": 0.2857142857142857}}
{"metric": {"full191": 0.30612244897959184}}
{"metric": {"full191": 0.30612244897959184}}
{"metric": {"full191": 0.30612244897959184}}
{"metric": {"full191f1": 0.17341}}
{"metric": {"full191": 0.30612244897959184}}
{"metric": {"full191": 0.30612244897959184}}
{"metric": {"full191": 0.3469387755102041}}
{"metric": {"full191UAR": 0.289189}}
{"metric": {"full191f1": 0.192768}}
{"metric": {"full191": 0.3673469387755102}}
{"metric": {"full191wa": 0.802968}}
{"metric": {"full191UAR": 0.306122}}
{"metric": {"full191wa": 0.832653}}
{"metric": {"full191": 0.3673469387755102}}
{"metric": {"full191": 0.40816326530612246}}
{"metric": {"full191UAR": 0.368056}}
{"metric": {"full191f1": 0.230277}}
{"metric": {"zhong": 0.24489795918367346}}
{"metric": {"zhongUAR": 0.118631}}
{"metric": {"zhongf1": 0.150688}}
{"metric": {"zhongwa": 0.551895}}
{"metric": {"zhong": 0.24489795918367346}}
{"metric": {"zhongUAR": 0.136621}}
{"metric": {"zhongf1": 0.165761}}
{"metric": {"zhong": 0.3877551020408163}}
{"metric": {"zhongUAR": 0.282313}}
{"metric": {"zhongf1": 0.243258}}
{"metric": {"zhongwa": 0.581182}}
{"metric": {"zhongwa": 0.70872}}
{"metric": {"zhongwa": 0.716141}}
{"metric": {"zhongwa": 0.725682}}
{"metric": {"zhong": 0.3877551020408163}}
{"metric": {"zhongwa": 0.803472}}
{"metric": {"zhong": 0.40816326530612246}}
{"metric": {"zhong": 0.42857142857142855}}
{"metric": {"zhongwa": 0.834084}}
{"metric": {"zhong": 0.4489795918367347}}
{"metric": {"zhongwa": 0.856348}}
{"metric": {"zhong": 0.46938775510204084}}
{"metric": {"zhongUAR": 0.411204}}
{"metric": {"zhong": 0.4897959183673469}}
{"metric": {"zhongUAR": 0.413503}}
{"metric": {"zhongf1": 0.263658}}
{"metric": {"zhong": 0.5918367346938775}}
{"metric": {"zhongUAR": 0.432941}}
{"metric": {"zhongf1": 0.373807}}
{"metric": {"zhong": 0.7142857142857143}}
{"metric": {"zhongUAR": 0.747024}}
{"metric": {"zhongf1": 0.571243}}
{"metric": {"zhong": 0.7551020408163265}}
{"metric": {"zhongUAR": 0.757049}}
{"metric": {"zhongf1": 0.601979}}
{"metric": {"zhongwa": 0.865849}}
{"metric": {"zhong": 0.7959183673469388}}
{"metric": {"zhongUAR": 0.773109}}
{"metric": {"zhongf1": 0.642112}}
{"metric": {"zhongwa": 0.893679}}
{"metric": {"zhong": 0.8367346938775511}}
{"metric": {"zhongUAR": 0.784314}}
{"metric": {"zhongf1": 0.707898}}
{"metric": {"zhongwa": 0.900451}}
{"metric": {"zhong": 0.9183673469387755}}
{"metric": {"zhongUAR": 0.817007}}
{"metric": {"zhongf1": 0.787804}}
{"metric": {"zhongwa": 0.950875}}
{"metric": {"zhong": 0.9387755102040817}}
{"metric": {"zhongUAR": 0.825641}}
{"metric": {"zhongf1": 0.808915}}
{"metric": {"zhongwa": 0.967201}}
{"metric": {"zhong": 0.9387755102040817}}
{"metric": {"zhong": 0.9591836734693877}}
{"metric": {"zhongUAR": 0.835714}}
{"metric": {"zhongf1": 0.825597}}
{"metric": {"zhongwa": 0.984694}}
{"metric": {"zhong": 0.9591836734693877}}
{"metric": {"zhong": 0.9591836734693877}}
{"metric": {"zhong": 0.9591836734693877}}
{"metric": {"zhong": 0.9795918367346939}}
{"metric": {"zhongUAR": 0.845238}}
{"metric": {"zhongf1": 0.850932}}
{"metric": {"zhongwa": 1.0}}
{"metric": {"zhong": 0.9795918367346939}}
{"metric": {"zhong": 0.9795918367346939}}
{"metric": {"zhong": 0.9795918367346939}}
{"metric": {"zhong": 0.9795918367346939}}
{"metric": {"zhong": 0.9795918367346939}}
{"metric": {"zhong": 0.9795918367346939}}
{"metric": {"zhong": 0.9795918367346939}}
{"metric": {"zhong": 0.9795918367346939}}
{"metric": {"zhong": 0.9795918367346939}}
{"metric": {"zhong": 0.9795918367346939}}
{"metric": {"zhong": 1.0}}
{"metric": {"zhongUAR": 1.0}}
{"metric": {"zhongf1": 1.0}}
{"metric": {"zhong": 1.0}}
{"metric": {"zhong": 1.0}}
{"metric": {"zhong": 1.0}}
{"metric": {"zhong": 1.0}}
{"metric": {"zhong": 1.0}}
{"metric": {"zhong": 1.0}}
{"metric": {"zhong": 1.0}}
{"metric": {"zhong": 1.0}}
{"metric": {"zhong": 1.0}}
{"metric": {"zhong": 1.0}}
{"metric": {"zhong": 1.0}}
{"metric": {"zhong": 1.0}}
{"metric": {"zhong": 1.0}}
{"metric": {"zhong": 1.0}}
{"metric": {"zhong": 1.0}}
{"metric": {"zhong": 1.0}}
{"metric": {"zhong": 1.0}}
{"metric": {"zhong": 1.0}}
{"metric": {"zhong": 1.0}}
{"metric": {"zhong": 1.0}}
{"metric": {"zhong": 1.0}}
{"metric": {"zhong": 1.0}}
{"metric": {"zhong": 1.0}}
{"metric": {"zhong": 1.0}}
{"metric": {"zhong": 1.0}}
{"metric": {"zhong": 1.0}}
{"metric": {"zhong": 1.0}}
{"metric": {"zhong": 1.0}}
{"metric": {"zhong": 1.0}}
{"metric": {"zhong": 1.0}}
{"metric": {"zhong": 1.0}}
{"metric": {"zhong": 1.0}}
{"metric": {"zhong": 1.0}}
{"metric": {"zhong": 1.0}}
{"metric": {"zhong": 1.0}}
{"metric": {"zhong": 1.0}}
{"metric": {"zhong": 1.0}}
{"metric": {"zhong": 1.0}}
{"metric": {"zhong": 1.0}}
{"metric": {"zhong": 1.0}}
{"metric": {"zhong": 1.0}}
{"metric": {"zhong": 1.0}}
{"metric": {"zhong": 1.0}}
{"metric": {"zhong": 1.0}}
{"metric": {"zhong": 1.0}}
{"metric": {"zhong": 1.0}}
{"metric": {"zhong": 1.0}}
{"metric": {"zhong": 1.0}}
{"metric": {"zhong": 1.0}}
{"metric": {"zhong": 1.0}}
{"metric": {"zhong": 1.0}}
{"metric": {"zhong": 1.0}}
{"metric": {"zhong": 1.0}}
{"metric": {"zhong": 1.0}}
{"metric": {"zhong": 1.0}}
{"metric": {"zhong": 1.0}}
{"metric": {"zhong": 1.0}}
{"metric": {"zhong": 1.0}}
{"metric": {"zhong": 1.0}}
{"metric": {"zhong": 1.0}}
{"metric": {"zhong": 1.0}}
{"metric": {"zhong": 1.0}}
{"metric": {"zhong": 1.0}}
{"metric": {"full191": 0.1836734693877551}}
{"metric": {"full191UAR": 0.133409}}
{"metric": {"full191f1": 0.096408}}
{"metric": {"full191wa": 0.400212}}
{"metric": {"full191": 0.20408163265306123}}
{"metric": {"full191f1": 0.09916}}
{"metric": {"full191wa": 0.473761}}
{"metric": {"full191wa": 0.600583}}
{"metric": {"full191": 0.22448979591836735}}
{"metric": {"full191f1": 0.102041}}
{"metric": {"full191UAR": 0.164286}}
{"metric": {"full191": 0.22448979591836735}}
{"metric": {"full191UAR": 0.215007}}
{"metric": {"full191f1": 0.141523}}
{"metric": {"full191UAR": 0.235799}}
{"metric": {"full191UAR": 0.27551}}
{"metric": {"full191": 0.24489795918367346}}
{"metric": {"full191f1": 0.164694}}
{"metric": {"full191": 0.2857142857142857}}
{"metric": {"full191f1": 0.178941}}
{"metric": {"full191UAR": 0.288889}}
{"metric": {"full191": 0.2857142857142857}}
{"metric": {"full191f1": 0.18547}}
{"metric": {"full191f1": 0.205854}}
{"metric": {"full191UAR": 0.297785}}
{"metric": {"zhong": 0.14285714285714285}}
{"metric": {"zhongUAR": 0.061813}}
{"metric": {"zhongf1": 0.087755}}
{"metric": {"zhongwa": 0.51895}}
{"metric": {"zhong": 0.20408163265306123}}
{"metric": {"zhongUAR": 0.156985}}
{"metric": {"zhongf1": 0.158059}}
{"metric": {"zhong": 0.3469387755102041}}
{"metric": {"zhongUAR": 0.222283}}
{"metric": {"zhongf1": 0.239763}}
{"metric": {"zhong": 0.3673469387755102}}
{"metric": {"zhongwa": 0.592261}}
{"metric": {"zhong": 0.3673469387755102}}
{"metric": {"zhong": 0.3673469387755102}}
{"metric": {"zhong": 0.3877551020408163}}
{"metric": {"zhongUAR": 0.298979}}
{"metric": {"zhongf1": 0.288333}}
{"metric": {"zhong": 0.3877551020408163}}
{"metric": {"zhong": 0.3877551020408163}}
{"metric": {"zhong": 0.3877551020408163}}
{"metric": {"zhong": 0.3877551020408163}}
{"metric": {"zhong": 0.3877551020408163}}
{"metric": {"zhong": 0.42857142857142855}}
{"metric": {"zhongUAR": 0.299686}}
{"metric": {"zhongf1": 0.301681}}
