Step:1	{"loss": {"full191train_loss": 0.04299848420279367}, "step": 1}
Step:1	{"loss": {"full191test_loss": 0.0423814666514494}, "step": 1}
Step:2	{"loss": {"full191train_loss": 0.042334206250249126}, "step": 2}
Step:2	{"loss": {"full191test_loss": 0.042724945107284855}, "step": 2}
Step:3	{"loss": {"full191train_loss": 0.042177419273220766}, "step": 3}
Step:3	{"loss": {"full191test_loss": 0.043012142181396484}, "step": 3}
Step:4	{"loss": {"full191train_loss": 0.042238167354038784}, "step": 4}
Step:4	{"loss": {"full191test_loss": 0.04302188328334263}, "step": 4}
Step:5	{"loss": {"full191train_loss": 0.04150872327843491}, "step": 5}
Step:5	{"loss": {"full191test_loss": 0.0414092443427261}, "step": 5}
Step:6	{"loss": {"full191train_loss": 0.04180569064860441}, "step": 6}
Step:6	{"loss": {"full191test_loss": 0.04112349237714495}, "step": 6}
Step:7	{"loss": {"full191train_loss": 0.04168089555234325}, "step": 7}
Step:7	{"loss": {"full191test_loss": 0.040869313843396246}, "step": 7}
Step:8	{"loss": {"full191train_loss": 0.04197232577265525}, "step": 8}
Step:8	{"loss": {"full191test_loss": 0.04121648535436513}, "step": 8}
Step:9	{"loss": {"full191train_loss": 0.042072130709278344}, "step": 9}
Step:9	{"loss": {"full191test_loss": 0.04096612151788206}, "step": 9}
Step:10	{"loss": {"full191train_loss": 0.04193242228761011}, "step": 10}
Step:10	{"loss": {"full191test_loss": 0.039823113655557435}, "step": 10}
Step:11	{"loss": {"full191train_loss": 0.04050601988422627}, "step": 11}
Step:11	{"loss": {"full191test_loss": 0.040094378043194205}, "step": 11}
Step:12	{"loss": {"full191train_loss": 0.04154548353078414}, "step": 12}
Step:12	{"loss": {"full191test_loss": 0.042414699281964986}, "step": 12}
Step:13	{"loss": {"full191train_loss": 0.04113153535492566}, "step": 13}
Step:13	{"loss": {"full191test_loss": 0.0394369193485805}, "step": 13}
Step:14	{"loss": {"full191train_loss": 0.040161198499251385}, "step": 14}
Step:14	{"loss": {"full191test_loss": 0.04051711607952507}, "step": 14}
Step:15	{"loss": {"full191train_loss": 0.04016580387037628}, "step": 15}
Step:15	{"loss": {"full191test_loss": 0.03994786252780837}, "step": 15}
Step:16	{"loss": {"full191train_loss": 0.040407514085575025}, "step": 16}
Step:16	{"loss": {"full191test_loss": 0.04013624483225297}, "step": 16}
Step:17	{"loss": {"full191train_loss": 0.040699372486192355}, "step": 17}
Step:17	{"loss": {"full191test_loss": 0.041328269608166754}, "step": 17}
Step:18	{"loss": {"full191train_loss": 0.04109973810156997}, "step": 18}
Step:18	{"loss": {"full191test_loss": 0.0399592044402142}, "step": 18}
Step:19	{"loss": {"full191train_loss": 0.0403978240733244}, "step": 19}
Step:19	{"loss": {"full191test_loss": 0.03960596298684879}, "step": 19}
Step:20	{"loss": {"full191train_loss": 0.04016707138139374}, "step": 20}
Step:20	{"loss": {"full191test_loss": 0.03900802135467529}, "step": 20}
Step:21	{"loss": {"full191train_loss": 0.04031152141337492}, "step": 21}
Step:21	{"loss": {"full191test_loss": 0.039655269408712585}, "step": 21}
Step:22	{"loss": {"full191train_loss": 0.03934663412522296}, "step": 22}
Step:22	{"loss": {"full191test_loss": 0.04102280675148477}, "step": 22}
Step:23	{"loss": {"full191train_loss": 0.04063897960040034}, "step": 23}
Step:23	{"loss": {"full191test_loss": 0.03909559152564224}, "step": 23}
Step:24	{"loss": {"full191train_loss": 0.03983399089501829}, "step": 24}
Step:24	{"loss": {"full191test_loss": 0.04068118942027189}, "step": 24}
Step:25	{"loss": {"full191train_loss": 0.04120240892682757}, "step": 25}
Step:25	{"loss": {"full191test_loss": 0.03865114766724256}, "step": 25}
Step:26	{"loss": {"full191train_loss": 0.039748736790248325}, "step": 26}
Step:26	{"loss": {"full191test_loss": 0.04053186153878971}, "step": 26}
Step:27	{"loss": {"full191train_loss": 0.03966325643111249}, "step": 27}
Step:27	{"loss": {"full191test_loss": 0.040572417025663415}, "step": 27}
Step:28	{"loss": {"full191train_loss": 0.040188380650111606}, "step": 28}
Step:28	{"loss": {"full191test_loss": 0.03912238442167944}, "step": 28}
Step:29	{"loss": {"full191train_loss": 0.04007574733422727}, "step": 29}
Step:29	{"loss": {"full191test_loss": 0.03953963639784833}, "step": 29}
Step:30	{"loss": {"full191train_loss": 0.04006371449451057}, "step": 30}
Step:30	{"loss": {"full191test_loss": 0.03921702929905483}, "step": 30}
Step:31	{"loss": {"full191train_loss": 0.039795024054391046}, "step": 31}
Step:31	{"loss": {"full191test_loss": 0.03894848239665129}, "step": 31}
Step:32	{"loss": {"full191train_loss": 0.03922069072723389}, "step": 32}
Step:32	{"loss": {"full191test_loss": 0.03925758721877118}, "step": 32}
Step:33	{"loss": {"full191train_loss": 0.04000332647440385}, "step": 33}
Step:33	{"loss": {"full191test_loss": 0.038530661135303734}, "step": 33}
Step:34	{"loss": {"full191train_loss": 0.03953003396793288}, "step": 34}
Step:34	{"loss": {"full191test_loss": 0.0394392694745745}, "step": 34}
Step:35	{"loss": {"full191train_loss": 0.03912047220736134}, "step": 35}
Step:35	{"loss": {"full191test_loss": 0.03985406671251569}, "step": 35}
Step:36	{"loss": {"full191train_loss": 0.03892661600696797}, "step": 36}
Step:36	{"loss": {"full191test_loss": 0.03834153924669538}, "step": 36}
Step:37	{"loss": {"full191train_loss": 0.03880802465944874}, "step": 37}
Step:37	{"loss": {"full191test_loss": 0.039545579832427354}, "step": 37}
Step:38	{"loss": {"full191train_loss": 0.03885819474045111}, "step": 38}
Step:38	{"loss": {"full191test_loss": 0.03888721368750747}, "step": 38}
Step:39	{"loss": {"full191train_loss": 0.039286941898112396}, "step": 39}
Step:39	{"loss": {"full191test_loss": 0.039017285619463236}, "step": 39}
Step:40	{"loss": {"full191train_loss": 0.03836705246750189}, "step": 40}
Step:40	{"loss": {"full191test_loss": 0.038824254152726154}, "step": 40}
Step:41	{"loss": {"full191train_loss": 0.03826142573843197}, "step": 41}
Step:41	{"loss": {"full191test_loss": 0.03910285599377691}, "step": 41}
Step:42	{"loss": {"full191train_loss": 0.038969806262425015}, "step": 42}
Step:42	{"loss": {"full191test_loss": 0.039932540484837124}, "step": 42}
Step:43	{"loss": {"full191train_loss": 0.03869135525761819}, "step": 43}
Step:43	{"loss": {"full191test_loss": 0.03885117112373819}, "step": 43}
Step:44	{"loss": {"full191train_loss": 0.038585283318344425}, "step": 44}
Step:44	{"loss": {"full191test_loss": 0.03852526995600486}, "step": 44}
Step:45	{"loss": {"full191train_loss": 0.038338602805624206}, "step": 45}
Step:45	{"loss": {"full191test_loss": 0.03901065369041599}, "step": 45}
Step:46	{"loss": {"full191train_loss": 0.038066309325549066}, "step": 46}
Step:46	{"loss": {"full191test_loss": 0.03890973694470464}, "step": 46}
Step:47	{"loss": {"full191train_loss": 0.0381097817907528}, "step": 47}
Step:47	{"loss": {"full191test_loss": 0.03901258050178995}, "step": 47}
Step:48	{"loss": {"full191train_loss": 0.03803659215265391}, "step": 48}
Step:48	{"loss": {"full191test_loss": 0.03834047609446}, "step": 48}
Step:49	{"loss": {"full191train_loss": 0.039649578989768515}, "step": 49}
Step:49	{"loss": {"full191test_loss": 0.03815477964829425}, "step": 49}
Step:50	{"loss": {"full191train_loss": 0.03801393995479661}, "step": 50}
Step:50	{"loss": {"full191test_loss": 0.038102184023175924}, "step": 50}
Step:51	{"loss": {"full191train_loss": 0.039204213084006796}, "step": 51}
Step:51	{"loss": {"full191test_loss": 0.038909882915263275}, "step": 51}
Step:52	{"loss": {"full191train_loss": 0.038159779139927456}, "step": 52}
Step:52	{"loss": {"full191test_loss": 0.03733822277614048}, "step": 52}
Step:53	{"loss": {"full191train_loss": 0.039137039865766256}, "step": 53}
Step:53	{"loss": {"full191test_loss": 0.039214229097171704}, "step": 53}
Step:54	{"loss": {"full191train_loss": 0.037883534723398636}, "step": 54}
Step:54	{"loss": {"full191test_loss": 0.03760043942198461}, "step": 54}
Step:55	{"loss": {"full191train_loss": 0.03848764604451705}, "step": 55}
Step:55	{"loss": {"full191test_loss": 0.037880931581769674}, "step": 55}
Step:56	{"loss": {"full191train_loss": 0.03926421914781843}, "step": 56}
Step:56	{"loss": {"full191test_loss": 0.037828104836600165}, "step": 56}
Step:57	{"loss": {"full191train_loss": 0.038019044058663506}, "step": 57}
Step:57	{"loss": {"full191test_loss": 0.0383252173053975}, "step": 57}
Step:58	{"loss": {"full191train_loss": 0.03751636038021165}, "step": 58}
Step:58	{"loss": {"full191test_loss": 0.039384669187117596}, "step": 58}
Step:59	{"loss": {"full191train_loss": 0.039207441466195245}, "step": 59}
Step:59	{"loss": {"full191test_loss": 0.039059653574106644}, "step": 59}
Step:60	{"loss": {"full191train_loss": 0.03778176648276193}, "step": 60}
Step:60	{"loss": {"full191test_loss": 0.03818415135753398}, "step": 60}
Step:61	{"loss": {"full191train_loss": 0.03642910597275714}, "step": 61}
Step:61	{"loss": {"full191test_loss": 0.03912442557665766}, "step": 61}
Step:62	{"loss": {"full191train_loss": 0.03817559018427012}, "step": 62}
Step:62	{"loss": {"full191test_loss": 0.037789213414094885}, "step": 62}
Step:63	{"loss": {"full191train_loss": 0.03831141092339341}, "step": 63}
Step:63	{"loss": {"full191test_loss": 0.037742573387768805}, "step": 63}
Step:64	{"loss": {"full191train_loss": 0.038621077732164034}, "step": 64}
Step:64	{"loss": {"full191test_loss": 0.036384305175469846}, "step": 64}
Step:65	{"loss": {"full191train_loss": 0.03822979391837607}, "step": 65}
Step:65	{"loss": {"full191test_loss": 0.03852895327976772}, "step": 65}
Step:66	{"loss": {"full191train_loss": 0.037455094103910486}, "step": 66}
Step:66	{"loss": {"full191test_loss": 0.038553337661587465}, "step": 66}
Step:67	{"loss": {"full191train_loss": 0.038111234197811206}, "step": 67}
Step:67	{"loss": {"full191test_loss": 0.03750878450821857}, "step": 67}
Step:68	{"loss": {"full191train_loss": 0.03898268329853914}, "step": 68}
Step:68	{"loss": {"full191test_loss": 0.038066294728493204}, "step": 68}
Step:69	{"loss": {"full191train_loss": 0.037689072745186944}, "step": 69}
Step:69	{"loss": {"full191test_loss": 0.03780595623717016}, "step": 69}
Step:70	{"loss": {"full191train_loss": 0.03807126989169997}, "step": 70}
Step:70	{"loss": {"full191test_loss": 0.03803412768305564}, "step": 70}
Step:71	{"loss": {"full191train_loss": 0.03804653274769686}, "step": 71}
Step:71	{"loss": {"full191test_loss": 0.03651901167266223}, "step": 71}
Step:72	{"loss": {"full191train_loss": 0.03775545528956822}, "step": 72}
Step:72	{"loss": {"full191test_loss": 0.0384125076994604}, "step": 72}
Step:73	{"loss": {"full191train_loss": 0.036771097961737186}, "step": 73}
Step:73	{"loss": {"full191test_loss": 0.03916515866104437}, "step": 73}
Step:74	{"loss": {"full191train_loss": 0.03756845727258799}, "step": 74}
Step:74	{"loss": {"full191test_loss": 0.03661971189537827}, "step": 74}
Step:75	{"loss": {"full191train_loss": 0.037230897922905126}, "step": 75}
Step:75	{"loss": {"full191test_loss": 0.03782732875979677}, "step": 75}
Step:76	{"loss": {"full191train_loss": 0.03748014021892937}, "step": 76}
Step:76	{"loss": {"full191test_loss": 0.037310714624365984}, "step": 76}
Step:77	{"loss": {"full191train_loss": 0.03707538088973688}, "step": 77}
Step:77	{"loss": {"full191test_loss": 0.036705720181367835}, "step": 77}
Step:78	{"loss": {"full191train_loss": 0.03657058793671277}, "step": 78}
Step:78	{"loss": {"full191test_loss": 0.03752734953043412}, "step": 78}
Step:79	{"loss": {"full191train_loss": 0.03701942307608468}, "step": 79}
Step:79	{"loss": {"full191test_loss": 0.0359255245753697}, "step": 79}
Step:80	{"loss": {"full191train_loss": 0.03687752266319431}, "step": 80}
Step:80	{"loss": {"full191test_loss": 0.03763347012656076}, "step": 80}
Step:81	{"loss": {"full191train_loss": 0.037801467642492176}, "step": 81}
Step:81	{"loss": {"full191test_loss": 0.03658441134861538}, "step": 81}
Step:82	{"loss": {"full191train_loss": 0.037405612517376334}, "step": 82}
Step:82	{"loss": {"full191test_loss": 0.03667546778309102}, "step": 82}
Step:83	{"loss": {"full191train_loss": 0.03737064527005565}, "step": 83}
Step:83	{"loss": {"full191test_loss": 0.03747624767069914}, "step": 83}
Step:84	{"loss": {"full191train_loss": 0.03759121164983632}, "step": 84}
Step:84	{"loss": {"full191test_loss": 0.03611534468981684}, "step": 84}
Step:85	{"loss": {"full191train_loss": 0.03701112708266901}, "step": 85}
Step:85	{"loss": {"full191test_loss": 0.037958334903327784}, "step": 85}
Step:86	{"loss": {"full191train_loss": 0.03742597784314837}, "step": 86}
Step:86	{"loss": {"full191test_loss": 0.03864412891621492}, "step": 86}
Step:87	{"loss": {"full191train_loss": 0.036892966348297744}, "step": 87}
Step:87	{"loss": {"full191test_loss": 0.03650130787674261}, "step": 87}
Step:88	{"loss": {"full191train_loss": 0.03748272876350247}, "step": 88}
Step:88	{"loss": {"full191test_loss": 0.03751510260056476}, "step": 88}
Step:89	{"loss": {"full191train_loss": 0.036769356046404154}, "step": 89}
Step:89	{"loss": {"full191test_loss": 0.03730811391557966}, "step": 89}
Step:90	{"loss": {"full191train_loss": 0.037286785184120645}, "step": 90}
Step:90	{"loss": {"full191test_loss": 0.036824822425842285}, "step": 90}
Step:91	{"loss": {"full191train_loss": 0.03775957895784962}, "step": 91}
Step:91	{"loss": {"full191test_loss": 0.0365700575770164}, "step": 91}
Step:92	{"loss": {"full191train_loss": 0.03715463317170435}, "step": 92}
Step:92	{"loss": {"full191test_loss": 0.035513834077484756}, "step": 92}
Step:93	{"loss": {"full191train_loss": 0.0373682367558382}, "step": 93}
Step:93	{"loss": {"full191test_loss": 0.036510881112546335}, "step": 93}
Step:94	{"loss": {"full191train_loss": 0.03683814467216025}, "step": 94}
Step:94	{"loss": {"full191test_loss": 0.035930490007205884}, "step": 94}
Step:95	{"loss": {"full191train_loss": 0.03627154535176803}, "step": 95}
Step:95	{"loss": {"full191test_loss": 0.03619332946076685}, "step": 95}
Step:96	{"loss": {"full191train_loss": 0.03635596742435378}, "step": 96}
Step:96	{"loss": {"full191test_loss": 0.03654913999596421}, "step": 96}
Step:97	{"loss": {"full191train_loss": 0.03636506139015665}, "step": 97}
Step:97	{"loss": {"full191test_loss": 0.03774025002304388}, "step": 97}
Step:98	{"loss": {"full191train_loss": 0.036052679528995435}, "step": 98}
Step:98	{"loss": {"full191test_loss": 0.03573197248030682}, "step": 98}
Step:99	{"loss": {"full191train_loss": 0.037566124176492494}, "step": 99}
Step:99	{"loss": {"full191test_loss": 0.03621580406111114}, "step": 99}
Step:100	{"loss": {"full191train_loss": 0.03813459921856316}, "step": 100}
Step:100	{"loss": {"full191test_loss": 0.035846771026144225}, "step": 100}
Step:1	{"loss": {"zhongtrain_loss": 0.041779338097085755}, "step": 1}
Step:1	{"loss": {"zhongtest_loss": 0.03930737534347845}, "step": 1}
Step:2	{"loss": {"zhongtrain_loss": 0.03930737047779317}, "step": 2}
Step:2	{"loss": {"zhongtest_loss": 0.037282809919240524}, "step": 2}
Step:3	{"loss": {"zhongtrain_loss": 0.03728280748639788}, "step": 3}
Step:3	{"loss": {"zhongtest_loss": 0.035679121406710874}, "step": 3}
Step:4	{"loss": {"zhongtrain_loss": 0.03567912627239617}, "step": 4}
Step:4	{"loss": {"zhongtest_loss": 0.03441486309985725}, "step": 4}
Step:5	{"loss": {"zhongtrain_loss": 0.03441486309985725}, "step": 5}
Step:5	{"loss": {"zhongtest_loss": 0.03339104506434226}, "step": 5}
Step:6	{"loss": {"zhongtrain_loss": 0.03339104749718491}, "step": 6}
Step:6	{"loss": {"zhongtest_loss": 0.03250512541556845}, "step": 6}
Step:7	{"loss": {"zhongtrain_loss": 0.03250512541556845}, "step": 7}
Step:7	{"loss": {"zhongtest_loss": 0.031680472043095806}, "step": 7}
Step:8	{"loss": {"zhongtrain_loss": 0.03168046474456787}, "step": 8}
Step:8	{"loss": {"zhongtest_loss": 0.03085914923220265}, "step": 8}
Step:9	{"loss": {"zhongtrain_loss": 0.030859146799360002}, "step": 9}
Step:9	{"loss": {"zhongtest_loss": 0.030019726072038923}, "step": 9}
Step:10	{"loss": {"zhongtrain_loss": 0.030019726072038923}, "step": 10}
Step:10	{"loss": {"zhongtest_loss": 0.029158353805541992}, "step": 10}
Step:11	{"loss": {"zhongtrain_loss": 0.02915835137269935}, "step": 11}
Step:11	{"loss": {"zhongtest_loss": 0.028283481695214097}, "step": 11}
Step:12	{"loss": {"zhongtrain_loss": 0.02828348412805674}, "step": 12}
Step:12	{"loss": {"zhongtest_loss": 0.027407030670010313}, "step": 12}
Step:13	{"loss": {"zhongtrain_loss": 0.027407030670010313}, "step": 13}
Step:13	{"loss": {"zhongtest_loss": 0.026542573559040925}, "step": 13}
Step:14	{"loss": {"zhongtrain_loss": 0.026542571126198282}, "step": 14}
Step:14	{"loss": {"zhongtest_loss": 0.025697985473944217}, "step": 14}
Step:15	{"loss": {"zhongtrain_loss": 0.025697985473944217}, "step": 15}
Step:15	{"loss": {"zhongtest_loss": 0.024894794639275998}, "step": 15}
Step:16	{"loss": {"zhongtrain_loss": 0.024894794639275998}, "step": 16}
Step:16	{"loss": {"zhongtest_loss": 0.024124729390047034}, "step": 16}
Step:17	{"loss": {"zhongtrain_loss": 0.024124736688574965}, "step": 17}
Step:17	{"loss": {"zhongtest_loss": 0.023392888964438925}, "step": 17}
Step:18	{"loss": {"zhongtrain_loss": 0.023392884098753636}, "step": 18}
Step:18	{"loss": {"zhongtest_loss": 0.022692872553455586}, "step": 18}
Step:19	{"loss": {"zhongtrain_loss": 0.022692872553455586}, "step": 19}
Step:19	{"loss": {"zhongtest_loss": 0.022014386799870705}, "step": 19}
Step:20	{"loss": {"zhongtrain_loss": 0.022014389232713347}, "step": 20}
Step:20	{"loss": {"zhongtest_loss": 0.021352198659157266}, "step": 20}
Step:21	{"loss": {"zhongtrain_loss": 0.021352196226314624}, "step": 21}
Step:21	{"loss": {"zhongtest_loss": 0.020786253773436254}, "step": 21}
Step:22	{"loss": {"zhongtrain_loss": 0.020786253773436254}, "step": 22}
Step:22	{"loss": {"zhongtest_loss": 0.02022585698536464}, "step": 22}
Step:23	{"loss": {"zhongtrain_loss": 0.02022585576894332}, "step": 23}
Step:23	{"loss": {"zhongtest_loss": 0.019665989340568076}, "step": 23}
Step:24	{"loss": {"zhongtrain_loss": 0.019665985691304108}, "step": 24}
Step:24	{"loss": {"zhongtest_loss": 0.01910861657590282}, "step": 24}
Step:25	{"loss": {"zhongtrain_loss": 0.01910861657590282}, "step": 25}
Step:25	{"loss": {"zhongtest_loss": 0.018559787954602922}, "step": 25}
Step:26	{"loss": {"zhongtrain_loss": 0.01855978552176028}, "step": 26}
Step:26	{"loss": {"zhongtest_loss": 0.018017302970496977}, "step": 26}
Step:27	{"loss": {"zhongtrain_loss": 0.018017298104811688}, "step": 27}
Step:27	{"loss": {"zhongtest_loss": 0.017485175813947405}, "step": 27}
Step:28	{"loss": {"zhongtrain_loss": 0.017485175813947405}, "step": 28}
Step:28	{"loss": {"zhongtest_loss": 0.016970645408241117}, "step": 28}
Step:29	{"loss": {"zhongtrain_loss": 0.01697065392319037}, "step": 29}
Step:29	{"loss": {"zhongtest_loss": 0.01646719660077776}, "step": 29}
Step:30	{"loss": {"zhongtrain_loss": 0.016467197817199086}, "step": 30}
Step:30	{"loss": {"zhongtest_loss": 0.0159802643620238}, "step": 30}
Step:31	{"loss": {"zhongtrain_loss": 0.01598026314560248}, "step": 31}
Step:31	{"loss": {"zhongtest_loss": 0.015506169017480344}, "step": 31}
Step:32	{"loss": {"zhongtrain_loss": 0.015506167801059022}, "step": 32}
Step:32	{"loss": {"zhongtest_loss": 0.015045108843822869}, "step": 32}
Step:33	{"loss": {"zhongtrain_loss": 0.015045108843822869}, "step": 33}
Step:33	{"loss": {"zhongtest_loss": 0.0145935878461721}, "step": 33}
Step:34	{"loss": {"zhongtrain_loss": 0.0145935878461721}, "step": 34}
Step:34	{"loss": {"zhongtest_loss": 0.014160370340152663}, "step": 34}
Step:35	{"loss": {"zhongtrain_loss": 0.01416036912373134}, "step": 35}
Step:35	{"loss": {"zhongtest_loss": 0.013732252072314826}, "step": 35}
Step:36	{"loss": {"zhongtrain_loss": 0.01373225450515747}, "step": 36}
Step:36	{"loss": {"zhongtest_loss": 0.013313246016599695}, "step": 36}
Step:37	{"loss": {"zhongtrain_loss": 0.013313246016599695}, "step": 37}
Step:37	{"loss": {"zhongtest_loss": 0.012907464893496767}, "step": 37}
Step:38	{"loss": {"zhongtrain_loss": 0.012907466109918088}, "step": 38}
Step:38	{"loss": {"zhongtest_loss": 0.012510679206069636}, "step": 38}
Step:39	{"loss": {"zhongtrain_loss": 0.012510679206069636}, "step": 39}
Step:39	{"loss": {"zhongtest_loss": 0.01212422580135112}, "step": 39}
Step:40	{"loss": {"zhongtrain_loss": 0.012124227017772441}, "step": 40}
Step:40	{"loss": {"zhongtest_loss": 0.011751481464930944}, "step": 40}
Step:41	{"loss": {"zhongtrain_loss": 0.01175148024850962}, "step": 41}
Step:41	{"loss": {"zhongtest_loss": 0.011440228442756497}, "step": 41}
Step:42	{"loss": {"zhongtrain_loss": 0.011440228442756497}, "step": 42}
Step:42	{"loss": {"zhongtest_loss": 0.011136405322016502}, "step": 42}
Step:43	{"loss": {"zhongtrain_loss": 0.011136405322016502}, "step": 43}
Step:43	{"loss": {"zhongtest_loss": 0.010843655284570188}, "step": 43}
Step:44	{"loss": {"zhongtrain_loss": 0.010843654068148866}, "step": 44}
Step:44	{"loss": {"zhongtest_loss": 0.010557386339927206}, "step": 44}
Step:45	{"loss": {"zhongtrain_loss": 0.010557386339927206}, "step": 45}
Step:45	{"loss": {"zhongtest_loss": 0.01028006903979243}, "step": 45}
Step:46	{"loss": {"zhongtrain_loss": 0.01028006903979243}, "step": 46}
Step:46	{"loss": {"zhongtest_loss": 0.01001130926365755}, "step": 46}
Step:47	{"loss": {"zhongtrain_loss": 0.01001130987186821}, "step": 47}
Step:47	{"loss": {"zhongtest_loss": 0.009749073155072271}, "step": 47}
Step:48	{"loss": {"zhongtrain_loss": 0.009749071330440288}, "step": 48}
Step:48	{"loss": {"zhongtest_loss": 0.009496130505386663}, "step": 48}
Step:49	{"loss": {"zhongtrain_loss": 0.009496131113597326}, "step": 49}
Step:49	{"loss": {"zhongtest_loss": 0.009250355010129968}, "step": 49}
Step:50	{"loss": {"zhongtrain_loss": 0.009250355010129968}, "step": 50}
Step:50	{"loss": {"zhongtest_loss": 0.00901104601062074}, "step": 50}
Step:51	{"loss": {"zhongtrain_loss": 0.009011044185988757}, "step": 51}
Step:51	{"loss": {"zhongtest_loss": 0.008780036653791155}, "step": 51}
Step:52	{"loss": {"zhongtrain_loss": 0.008780034829159173}, "step": 52}
Step:52	{"loss": {"zhongtest_loss": 0.008554238445904791}, "step": 52}
Step:53	{"loss": {"zhongtrain_loss": 0.008554240270536773}, "step": 53}
Step:53	{"loss": {"zhongtest_loss": 0.008335362891761624}, "step": 53}
Step:54	{"loss": {"zhongtrain_loss": 0.008335362891761624}, "step": 54}
Step:54	{"loss": {"zhongtest_loss": 0.008123976843697684}, "step": 54}
Step:55	{"loss": {"zhongtrain_loss": 0.008123976235487024}, "step": 55}
Step:55	{"loss": {"zhongtest_loss": 0.007918859014705735}, "step": 55}
Step:56	{"loss": {"zhongtrain_loss": 0.007918856581863093}, "step": 56}
Step:56	{"loss": {"zhongtest_loss": 0.007718723039237821}, "step": 56}
Step:57	{"loss": {"zhongtrain_loss": 0.007718723647448481}, "step": 57}
Step:57	{"loss": {"zhongtest_loss": 0.007525481739822699}, "step": 57}
Step:58	{"loss": {"zhongtrain_loss": 0.007525481739822699}, "step": 58}
Step:58	{"loss": {"zhongtest_loss": 0.007338076221699618}, "step": 58}
Step:59	{"loss": {"zhongtrain_loss": 0.007338076829910278}, "step": 59}
Step:59	{"loss": {"zhongtest_loss": 0.007158076276584547}, "step": 59}
Step:60	{"loss": {"zhongtrain_loss": 0.007158076884795209}, "step": 60}
Step:60	{"loss": {"zhongtest_loss": 0.0069819573236971485}, "step": 60}
Step:61	{"loss": {"zhongtrain_loss": 0.0069819573236971485}, "step": 61}
Step:61	{"loss": {"zhongtest_loss": 0.006836253769543706}, "step": 61}
Step:62	{"loss": {"zhongtrain_loss": 0.0068362531613330455}, "step": 62}
Step:62	{"loss": {"zhongtest_loss": 0.006692819449366356}, "step": 62}
Step:63	{"loss": {"zhongtrain_loss": 0.006692820665787677}, "step": 63}
Step:63	{"loss": {"zhongtest_loss": 0.006554126739501953}, "step": 63}
Step:64	{"loss": {"zhongtrain_loss": 0.006554125523080631}, "step": 64}
Step:64	{"loss": {"zhongtest_loss": 0.006418883800506592}, "step": 64}
Step:65	{"loss": {"zhongtrain_loss": 0.006418883192295931}, "step": 65}
Step:65	{"loss": {"zhongtest_loss": 0.006287206800616518}, "step": 65}
Step:66	{"loss": {"zhongtrain_loss": 0.006287205584195195}, "step": 66}
Step:66	{"loss": {"zhongtest_loss": 0.006160762845253458}, "step": 66}
Step:67	{"loss": {"zhongtrain_loss": 0.0061607616288321355}, "step": 67}
Step:67	{"loss": {"zhongtest_loss": 0.0060357457521010415}, "step": 67}
Step:68	{"loss": {"zhongtrain_loss": 0.006035745143890381}, "step": 68}
Step:68	{"loss": {"zhongtest_loss": 0.005915284156799316}, "step": 68}
Step:69	{"loss": {"zhongtrain_loss": 0.005915284156799316}, "step": 69}
Step:69	{"loss": {"zhongtest_loss": 0.005798052160107359}, "step": 69}
Step:70	{"loss": {"zhongtrain_loss": 0.005798052160107359}, "step": 70}
Step:70	{"loss": {"zhongtest_loss": 0.005683487775374432}, "step": 70}
Step:71	{"loss": {"zhongtrain_loss": 0.005683488383585093}, "step": 71}
Step:71	{"loss": {"zhongtest_loss": 0.005572809856765124}, "step": 71}
Step:72	{"loss": {"zhongtrain_loss": 0.005572809248554463}, "step": 72}
Step:72	{"loss": {"zhongtest_loss": 0.005463906696864537}, "step": 72}
Step:73	{"loss": {"zhongtrain_loss": 0.005463906696864537}, "step": 73}
Step:73	{"loss": {"zhongtest_loss": 0.005357900444342166}, "step": 73}
Step:74	{"loss": {"zhongtrain_loss": 0.005357901052552827}, "step": 74}
Step:74	{"loss": {"zhongtest_loss": 0.005254977211660268}, "step": 74}
Step:75	{"loss": {"zhongtrain_loss": 0.005254976603449608}, "step": 75}
Step:75	{"loss": {"zhongtest_loss": 0.005155391839085793}, "step": 75}
Step:76	{"loss": {"zhongtrain_loss": 0.005155391230875132}, "step": 76}
Step:76	{"loss": {"zhongtest_loss": 0.005058855426554777}, "step": 76}
Step:77	{"loss": {"zhongtrain_loss": 0.0050588551224494465}, "step": 77}
Step:77	{"loss": {"zhongtest_loss": 0.0049627027949508355}, "step": 77}
Step:78	{"loss": {"zhongtrain_loss": 0.0049627027949508355}, "step": 78}
Step:78	{"loss": {"zhongtest_loss": 0.004870594764242367}, "step": 78}
Step:79	{"loss": {"zhongtrain_loss": 0.004870594764242367}, "step": 79}
Step:79	{"loss": {"zhongtest_loss": 0.004780936910181629}, "step": 79}
Step:80	{"loss": {"zhongtrain_loss": 0.004780936910181629}, "step": 80}
Step:80	{"loss": {"zhongtest_loss": 0.004692863748998058}, "step": 80}
Step:81	{"loss": {"zhongtrain_loss": 0.004692861620260745}, "step": 81}
Step:81	{"loss": {"zhongtest_loss": 0.004619745879757161}, "step": 81}
Step:82	{"loss": {"zhongtrain_loss": 0.004619745879757161}, "step": 82}
Step:82	{"loss": {"zhongtest_loss": 0.004547774183506869}, "step": 82}
Step:83	{"loss": {"zhongtrain_loss": 0.004547774183506869}, "step": 83}
Step:83	{"loss": {"zhongtest_loss": 0.004477891690877019}, "step": 83}
Step:84	{"loss": {"zhongtrain_loss": 0.004477892603193011}, "step": 84}
Step:84	{"loss": {"zhongtest_loss": 0.004407733374712419}, "step": 84}
Step:85	{"loss": {"zhongtrain_loss": 0.004407733678817749}, "step": 85}
Step:85	{"loss": {"zhongtest_loss": 0.004341132178598521}, "step": 85}
Step:86	{"loss": {"zhongtrain_loss": 0.004341132786809181}, "step": 86}
Step:86	{"loss": {"zhongtest_loss": 0.004275362406458173}, "step": 86}
Step:87	{"loss": {"zhongtrain_loss": 0.004275362102352843}, "step": 87}
Step:87	{"loss": {"zhongtest_loss": 0.00421117580666834}, "step": 87}
Step:88	{"loss": {"zhongtrain_loss": 0.00421117580666834}, "step": 88}
Step:88	{"loss": {"zhongtest_loss": 0.0041477485578887315}, "step": 88}
Step:89	{"loss": {"zhongtrain_loss": 0.0041477485578887315}, "step": 89}
Step:89	{"loss": {"zhongtest_loss": 0.004086965809063036}, "step": 89}
Step:90	{"loss": {"zhongtrain_loss": 0.0040869664172736965}, "step": 90}
Step:90	{"loss": {"zhongtest_loss": 0.004026668716450126}, "step": 90}
Step:91	{"loss": {"zhongtrain_loss": 0.004026667500028805}, "step": 91}
Step:91	{"loss": {"zhongtest_loss": 0.003968367467121202}, "step": 91}
Step:92	{"loss": {"zhongtrain_loss": 0.003968367467121202}, "step": 92}
Step:92	{"loss": {"zhongtest_loss": 0.003910216445825538}, "step": 92}
Step:93	{"loss": {"zhongtrain_loss": 0.003910214317088224}, "step": 93}
Step:93	{"loss": {"zhongtest_loss": 0.003853734050478254}, "step": 93}
Step:94	{"loss": {"zhongtrain_loss": 0.003853734050478254}, "step": 94}
Step:94	{"loss": {"zhongtest_loss": 0.0037980110061411956}, "step": 94}
Step:95	{"loss": {"zhongtrain_loss": 0.0037980100938252042}, "step": 95}
Step:95	{"loss": {"zhongtest_loss": 0.003744433729016051}, "step": 95}
Step:96	{"loss": {"zhongtrain_loss": 0.00374443312080539}, "step": 96}
Step:96	{"loss": {"zhongtest_loss": 0.003690965321599221}, "step": 96}
Step:97	{"loss": {"zhongtrain_loss": 0.00369096501749389}, "step": 97}
Step:97	{"loss": {"zhongtest_loss": 0.003638923168182373}, "step": 97}
Step:98	{"loss": {"zhongtrain_loss": 0.003638923776393034}, "step": 98}
Step:98	{"loss": {"zhongtest_loss": 0.00358863965589173}, "step": 98}
Step:99	{"loss": {"zhongtrain_loss": 0.003588638743575738}, "step": 99}
Step:99	{"loss": {"zhongtest_loss": 0.00353828315832177}, "step": 99}
Step:100	{"loss": {"zhongtrain_loss": 0.0035382834624271002}, "step": 100}
Step:100	{"loss": {"zhongtest_loss": 0.0034893541311731145}, "step": 100}
Step:1	{"loss": {"full191train_loss": 0.033337346843031586}, "step": 1}
Step:1	{"loss": {"full191test_loss": 0.03951721288719956}, "step": 1}
Step:2	{"loss": {"full191train_loss": 0.032939144822417714}, "step": 2}
Step:2	{"loss": {"full191test_loss": 0.040270163088428734}, "step": 2}
Step:3	{"loss": {"full191train_loss": 0.03320953494212667}, "step": 3}
Step:3	{"loss": {"full191test_loss": 0.0390023017416195}, "step": 3}
Step:4	{"loss": {"full191train_loss": 0.033027519945238455}, "step": 4}
Step:4	{"loss": {"full191test_loss": 0.040235468319484165}, "step": 4}
Step:5	{"loss": {"full191train_loss": 0.033736150772845155}, "step": 5}
Step:5	{"loss": {"full191test_loss": 0.0408150103627419}, "step": 5}
Step:6	{"loss": {"full191train_loss": 0.03412840405448538}, "step": 6}
Step:6	{"loss": {"full191test_loss": 0.04007422680757484}, "step": 6}
Step:7	{"loss": {"full191train_loss": 0.03386959482411869}, "step": 7}
Step:7	{"loss": {"full191test_loss": 0.04120442332053671}, "step": 7}
Step:8	{"loss": {"full191train_loss": 0.0327887378755163}, "step": 8}
Step:8	{"loss": {"full191test_loss": 0.03917432317928392}, "step": 8}
Step:9	{"loss": {"full191train_loss": 0.032346741097872375}, "step": 9}
Step:9	{"loss": {"full191test_loss": 0.03981992906453658}, "step": 9}
Step:10	{"loss": {"full191train_loss": 0.033800168115584575}, "step": 10}
Step:10	{"loss": {"full191test_loss": 0.04079721411880182}, "step": 10}
Step:11	{"loss": {"full191train_loss": 0.032340895934183087}, "step": 11}
Step:11	{"loss": {"full191test_loss": 0.03923375265938895}, "step": 11}
Step:12	{"loss": {"full191train_loss": 0.033124822085020975}, "step": 12}
Step:12	{"loss": {"full191test_loss": 0.04069456762197066}, "step": 12}
Step:13	{"loss": {"full191train_loss": 0.03172875036958788}, "step": 13}
Step:13	{"loss": {"full191test_loss": 0.03969634065822679}, "step": 13}
Step:14	{"loss": {"full191train_loss": 0.033318554768796825}, "step": 14}
Step:14	{"loss": {"full191test_loss": 0.04097896692704181}, "step": 14}
Step:15	{"loss": {"full191train_loss": 0.03384866089117332}, "step": 15}
Step:15	{"loss": {"full191test_loss": 0.040932110377720425}, "step": 15}
Step:16	{"loss": {"full191train_loss": 0.03368201021288262}, "step": 16}
Step:16	{"loss": {"full191test_loss": 0.03936085409047652}, "step": 16}
Step:17	{"loss": {"full191train_loss": 0.03292460519759381}, "step": 17}
Step:17	{"loss": {"full191test_loss": 0.04125373217524314}, "step": 17}
Step:18	{"loss": {"full191train_loss": 0.03332983079503794}, "step": 18}
Step:18	{"loss": {"full191test_loss": 0.040458474840436666}, "step": 18}
Step:19	{"loss": {"full191train_loss": 0.03327755459019395}, "step": 19}
Step:19	{"loss": {"full191test_loss": 0.03963855334690639}, "step": 19}
Step:20	{"loss": {"full191train_loss": 0.0330951135666644}, "step": 20}
Step:20	{"loss": {"full191test_loss": 0.040565743738291214}, "step": 20}
Step:21	{"loss": {"full191train_loss": 0.032866477966308594}, "step": 21}
Step:21	{"loss": {"full191test_loss": 0.040802174684952716}, "step": 21}
Step:22	{"loss": {"full191train_loss": 0.03215044443724585}, "step": 22}
Step:22	{"loss": {"full191test_loss": 0.03849742850478815}, "step": 22}
Step:23	{"loss": {"full191train_loss": 0.032842002931188365}, "step": 23}
Step:23	{"loss": {"full191test_loss": 0.04034168136363127}, "step": 23}
Step:24	{"loss": {"full191train_loss": 0.03250951649712735}, "step": 24}
Step:24	{"loss": {"full191test_loss": 0.04041836456376679}, "step": 24}
Step:25	{"loss": {"full191train_loss": 0.03344563187145796}, "step": 25}
Step:25	{"loss": {"full191test_loss": 0.04075358838451152}, "step": 25}
Step:26	{"loss": {"full191train_loss": 0.03270728666274274}, "step": 26}
Step:26	{"loss": {"full191test_loss": 0.04143405933769382}, "step": 26}
Step:27	{"loss": {"full191train_loss": 0.03260504026881984}, "step": 27}
Step:27	{"loss": {"full191test_loss": 0.038907846625970334}, "step": 27}
Step:28	{"loss": {"full191train_loss": 0.033777397187029726}, "step": 28}
Step:28	{"loss": {"full191test_loss": 0.03969333853040423}, "step": 28}
Step:29	{"loss": {"full191train_loss": 0.03314587327300525}, "step": 29}
Step:29	{"loss": {"full191test_loss": 0.040274359741989445}, "step": 29}
Step:30	{"loss": {"full191train_loss": 0.032624127434902506}, "step": 30}
Step:30	{"loss": {"full191test_loss": 0.041092147632521024}, "step": 30}
Step:31	{"loss": {"full191train_loss": 0.032800776059510275}, "step": 31}
Step:31	{"loss": {"full191test_loss": 0.04077175442053347}, "step": 31}
Step:32	{"loss": {"full191train_loss": 0.031914257612384735}, "step": 32}
Step:32	{"loss": {"full191test_loss": 0.03888143082054294}, "step": 32}
Step:33	{"loss": {"full191train_loss": 0.032470736347261026}, "step": 33}
Step:33	{"loss": {"full191test_loss": 0.03965368076246612}, "step": 33}
Step:34	{"loss": {"full191train_loss": 0.03174322941264168}, "step": 34}
Step:34	{"loss": {"full191test_loss": 0.038810109605594556}, "step": 34}
Step:35	{"loss": {"full191train_loss": 0.032874814799574555}, "step": 35}
Step:35	{"loss": {"full191test_loss": 0.0406281802119041}, "step": 35}
Step:36	{"loss": {"full191train_loss": 0.03264915747720687}, "step": 36}
Step:36	{"loss": {"full191test_loss": 0.04129673996750189}, "step": 36}
Step:37	{"loss": {"full191train_loss": 0.033536653049656605}, "step": 37}
Step:37	{"loss": {"full191test_loss": 0.03890356239007444}, "step": 37}
Step:38	{"loss": {"full191train_loss": 0.03215263906072398}, "step": 38}
Step:38	{"loss": {"full191test_loss": 0.03999521780987175}, "step": 38}
Step:39	{"loss": {"full191train_loss": 0.032841752787105376}, "step": 39}
Step:39	{"loss": {"full191test_loss": 0.03903625206071503}, "step": 39}
Step:40	{"loss": {"full191train_loss": 0.03231093727174352}, "step": 40}
Step:40	{"loss": {"full191test_loss": 0.039250213272717535}, "step": 40}
Step:41	{"loss": {"full191train_loss": 0.03297174954023518}, "step": 41}
Step:41	{"loss": {"full191test_loss": 0.03966114472369758}, "step": 41}
Step:42	{"loss": {"full191train_loss": 0.032743530195267476}, "step": 42}
Step:42	{"loss": {"full191test_loss": 0.03988000568078489}, "step": 42}
Step:43	{"loss": {"full191train_loss": 0.03210600282325119}, "step": 43}
Step:43	{"loss": {"full191test_loss": 0.03983319048978844}, "step": 43}
Step:44	{"loss": {"full191train_loss": 0.03112736295481197}, "step": 44}
Step:44	{"loss": {"full191test_loss": 0.039036176642593075}, "step": 44}
Step:45	{"loss": {"full191train_loss": 0.032143966096346496}, "step": 45}
Step:45	{"loss": {"full191test_loss": 0.038759647583474915}, "step": 45}
Step:46	{"loss": {"full191train_loss": 0.03223271643529173}, "step": 46}
Step:46	{"loss": {"full191test_loss": 0.04111318199002013}, "step": 46}
Step:47	{"loss": {"full191train_loss": 0.03197602756687852}, "step": 47}
Step:47	{"loss": {"full191test_loss": 0.039913401311757614}, "step": 47}
Step:48	{"loss": {"full191train_loss": 0.03191842016626577}, "step": 48}
Step:48	{"loss": {"full191test_loss": 0.040712558493322254}, "step": 48}
Step:49	{"loss": {"full191train_loss": 0.0319226472104182}, "step": 49}
Step:49	{"loss": {"full191test_loss": 0.040128102107923856}, "step": 49}
Step:50	{"loss": {"full191train_loss": 0.032757551943669555}, "step": 50}
Step:50	{"loss": {"full191test_loss": 0.038712370152376135}, "step": 50}
Step:51	{"loss": {"full191train_loss": 0.03335565817160684}, "step": 51}
Step:51	{"loss": {"full191test_loss": 0.03965385835997912}, "step": 51}
Step:52	{"loss": {"full191train_loss": 0.03199406530036301}, "step": 52}
Step:52	{"loss": {"full191test_loss": 0.03887369194809271}, "step": 52}
Step:53	{"loss": {"full191train_loss": 0.0323124107767324}, "step": 53}
Step:53	{"loss": {"full191test_loss": 0.03998638172538913}, "step": 53}
Step:54	{"loss": {"full191train_loss": 0.0315555920366381}, "step": 54}
Step:54	{"loss": {"full191test_loss": 0.03948150119002985}, "step": 54}
Step:55	{"loss": {"full191train_loss": 0.03268766598623307}, "step": 55}
Step:55	{"loss": {"full191test_loss": 0.038171274321419854}, "step": 55}
Step:56	{"loss": {"full191train_loss": 0.03229926257837014}, "step": 56}
Step:56	{"loss": {"full191test_loss": 0.03909867150442941}, "step": 56}
Step:57	{"loss": {"full191train_loss": 0.03216126707733655}, "step": 57}
Step:57	{"loss": {"full191test_loss": 0.040361725554174305}, "step": 57}
Step:58	{"loss": {"full191train_loss": 0.03145830553086078}, "step": 58}
Step:58	{"loss": {"full191test_loss": 0.03928768878080407}, "step": 58}
Step:59	{"loss": {"full191train_loss": 0.03202408063607138}, "step": 59}
Step:59	{"loss": {"full191test_loss": 0.03880576941431785}, "step": 59}
Step:60	{"loss": {"full191train_loss": 0.032054277717090046}, "step": 60}
Step:60	{"loss": {"full191test_loss": 0.03982778228059107}, "step": 60}
Step:61	{"loss": {"full191train_loss": 0.032077222573952596}, "step": 61}
Step:61	{"loss": {"full191test_loss": 0.039952813362588685}, "step": 61}
Step:62	{"loss": {"full191train_loss": 0.03289532661437988}, "step": 62}
Step:62	{"loss": {"full191test_loss": 0.03929290722827522}, "step": 62}
Step:63	{"loss": {"full191train_loss": 0.031206682080128154}, "step": 63}
Step:63	{"loss": {"full191test_loss": 0.040067507296192406}, "step": 63}
Step:64	{"loss": {"full191train_loss": 0.03173101143758805}, "step": 64}
Step:64	{"loss": {"full191test_loss": 0.03980381878054872}, "step": 64}
Step:65	{"loss": {"full191train_loss": 0.03196290281952405}, "step": 65}
Step:65	{"loss": {"full191test_loss": 0.04029251361379818}, "step": 65}
Step:66	{"loss": {"full191train_loss": 0.031461764554508394}, "step": 66}
Step:66	{"loss": {"full191test_loss": 0.04019914841165348}, "step": 66}
Step:67	{"loss": {"full191train_loss": 0.03160801481028072}, "step": 67}
Step:67	{"loss": {"full191test_loss": 0.03900601912517937}, "step": 67}
Step:68	{"loss": {"full191train_loss": 0.03237433120852611}, "step": 68}
Step:68	{"loss": {"full191test_loss": 0.040270386909951966}, "step": 68}
Step:69	{"loss": {"full191train_loss": 0.033024952059886495}, "step": 69}
Step:69	{"loss": {"full191test_loss": 0.040926480779842456}, "step": 69}
Step:70	{"loss": {"full191train_loss": 0.031212929819451004}, "step": 70}
Step:70	{"loss": {"full191test_loss": 0.0384304766752282}, "step": 70}
Step:71	{"loss": {"full191train_loss": 0.031181143932655208}, "step": 71}
Step:71	{"loss": {"full191test_loss": 0.040066665532637616}, "step": 71}
Step:72	{"loss": {"full191train_loss": 0.03182675994810511}, "step": 72}
Step:72	{"loss": {"full191test_loss": 0.03967214360529063}, "step": 72}
Step:73	{"loss": {"full191train_loss": 0.03132478917231325}, "step": 73}
Step:73	{"loss": {"full191test_loss": 0.039944522234858296}, "step": 73}
Step:74	{"loss": {"full191train_loss": 0.031698205431953806}, "step": 74}
Step:74	{"loss": {"full191test_loss": 0.04058226760552854}, "step": 74}
Step:75	{"loss": {"full191train_loss": 0.031209023272404907}, "step": 75}
Step:75	{"loss": {"full191test_loss": 0.04004953345473932}, "step": 75}
Step:76	{"loss": {"full191train_loss": 0.031769691920671306}, "step": 76}
Step:76	{"loss": {"full191test_loss": 0.03980612024968984}, "step": 76}
Step:77	{"loss": {"full191train_loss": 0.03209291911516033}, "step": 77}
Step:77	{"loss": {"full191test_loss": 0.03847665689429458}, "step": 77}
Step:78	{"loss": {"full191train_loss": 0.030866394277478826}, "step": 78}
Step:78	{"loss": {"full191test_loss": 0.03874430364491988}, "step": 78}
Step:79	{"loss": {"full191train_loss": 0.031371849482176736}, "step": 79}
Step:79	{"loss": {"full191test_loss": 0.03983100093140894}, "step": 79}
Step:80	{"loss": {"full191train_loss": 0.032357254966360625}, "step": 80}
Step:80	{"loss": {"full191test_loss": 0.0395101041209941}, "step": 80}
Step:81	{"loss": {"full191train_loss": 0.03151015766331407}, "step": 81}
Step:81	{"loss": {"full191test_loss": 0.03858823922215676}, "step": 81}
Step:82	{"loss": {"full191train_loss": 0.031892858567785044}, "step": 82}
Step:82	{"loss": {"full191test_loss": 0.03931158416125239}, "step": 82}
Step:83	{"loss": {"full191train_loss": 0.033100968501606924}, "step": 83}
Step:83	{"loss": {"full191test_loss": 0.03979255715195013}, "step": 83}
Step:84	{"loss": {"full191train_loss": 0.03237910544286009}, "step": 84}
Step:84	{"loss": {"full191test_loss": 0.03967344517610511}, "step": 84}
Step:85	{"loss": {"full191train_loss": 0.030890752057560155}, "step": 85}
Step:85	{"loss": {"full191test_loss": 0.039519536251924475}, "step": 85}
Step:86	{"loss": {"full191train_loss": 0.031734876945370534}, "step": 86}
Step:86	{"loss": {"full191test_loss": 0.03937345864821454}, "step": 86}
Step:87	{"loss": {"full191train_loss": 0.031304062389936604}, "step": 87}
Step:87	{"loss": {"full191test_loss": 0.03945076952175218}, "step": 87}
Step:88	{"loss": {"full191train_loss": 0.0310915864881922}, "step": 88}
Step:88	{"loss": {"full191test_loss": 0.03832439013889858}, "step": 88}
Step:89	{"loss": {"full191train_loss": 0.03175052072181076}, "step": 89}
Step:89	{"loss": {"full191test_loss": 0.03906395483990105}, "step": 89}
Step:90	{"loss": {"full191train_loss": 0.0320345085175311}, "step": 90}
Step:90	{"loss": {"full191test_loss": 0.039247705011951683}, "step": 90}
Step:91	{"loss": {"full191train_loss": 0.03173925837532419}, "step": 91}
Step:91	{"loss": {"full191test_loss": 0.038486872400556295}, "step": 91}
Step:92	{"loss": {"full191train_loss": 0.03239762392200408}, "step": 92}
Step:92	{"loss": {"full191test_loss": 0.03884775784550881}, "step": 92}
Step:93	{"loss": {"full191train_loss": 0.03132497482612485}, "step": 93}
Step:93	{"loss": {"full191test_loss": 0.0392104873851854}, "step": 93}
Step:94	{"loss": {"full191train_loss": 0.03125874331740082}, "step": 94}
Step:94	{"loss": {"full191test_loss": 0.03860166121502312}, "step": 94}
Step:95	{"loss": {"full191train_loss": 0.032762609544347544}, "step": 95}
Step:95	{"loss": {"full191test_loss": 0.039240820067269463}, "step": 95}
Step:96	{"loss": {"full191train_loss": 0.030685426758938147}, "step": 96}
Step:96	{"loss": {"full191test_loss": 0.04015952713635503}, "step": 96}
Step:97	{"loss": {"full191train_loss": 0.03162028359585121}, "step": 97}
Step:97	{"loss": {"full191test_loss": 0.0395142886103416}, "step": 97}
Step:98	{"loss": {"full191train_loss": 0.03128650344786097}, "step": 98}
Step:98	{"loss": {"full191test_loss": 0.03963764103091493}, "step": 98}
Step:99	{"loss": {"full191train_loss": 0.031115162568014176}, "step": 99}
Step:99	{"loss": {"full191test_loss": 0.0388107494432099}, "step": 99}
Step:100	{"loss": {"full191train_loss": 0.031322010227891266}, "step": 100}
Step:100	{"loss": {"full191test_loss": 0.04000477401577696}, "step": 100}
Step:1	{"loss": {"zhongtrain_loss": 0.034635285862156605}, "step": 1}
Step:1	{"loss": {"zhongtest_loss": 0.040399283778910736}, "step": 1}
Step:2	{"loss": {"zhongtrain_loss": 0.03304828972112937}, "step": 2}
Step:2	{"loss": {"zhongtest_loss": 0.03959897586277553}, "step": 2}
Step:3	{"loss": {"zhongtrain_loss": 0.03169408000883509}, "step": 3}
Step:3	{"loss": {"zhongtest_loss": 0.0390614027879676}, "step": 3}
Step:4	{"loss": {"zhongtrain_loss": 0.030525090264492346}, "step": 4}
Step:4	{"loss": {"zhongtest_loss": 0.03871635028294155}, "step": 4}
Step:5	{"loss": {"zhongtrain_loss": 0.02949844618312648}, "step": 5}
Step:5	{"loss": {"zhongtest_loss": 0.03850644461962641}, "step": 5}
Step:6	{"loss": {"zhongtrain_loss": 0.028576794217844478}, "step": 6}
Step:6	{"loss": {"zhongtest_loss": 0.038395317233338645}, "step": 6}
Step:7	{"loss": {"zhongtrain_loss": 0.027729095005598225}, "step": 7}
Step:7	{"loss": {"zhongtest_loss": 0.03833248420637481}, "step": 7}
Step:8	{"loss": {"zhongtrain_loss": 0.026928628077272507}, "step": 8}
Step:8	{"loss": {"zhongtest_loss": 0.03829891341073172}, "step": 8}
Step:9	{"loss": {"zhongtrain_loss": 0.02615631799228856}, "step": 9}
Step:9	{"loss": {"zhongtest_loss": 0.03826386344676115}, "step": 9}
Step:10	{"loss": {"zhongtrain_loss": 0.02539261833566134}, "step": 10}
Step:10	{"loss": {"zhongtest_loss": 0.038206037209958445}, "step": 10}
Step:11	{"loss": {"zhongtrain_loss": 0.02462928412390537}, "step": 11}
Step:11	{"loss": {"zhongtest_loss": 0.03813290839292565}, "step": 11}
Step:12	{"loss": {"zhongtrain_loss": 0.02387042905463547}, "step": 12}
Step:12	{"loss": {"zhongtest_loss": 0.03803675758595369}, "step": 12}
Step:13	{"loss": {"zhongtrain_loss": 0.02311090367739318}, "step": 13}
Step:13	{"loss": {"zhongtest_loss": 0.037931167349523426}, "step": 13}
Step:14	{"loss": {"zhongtrain_loss": 0.022358661792317373}, "step": 14}
Step:14	{"loss": {"zhongtest_loss": 0.03781510859119649}, "step": 14}
Step:15	{"loss": {"zhongtrain_loss": 0.02162003517150879}, "step": 15}
Step:15	{"loss": {"zhongtest_loss": 0.03770423665338633}, "step": 15}
Step:16	{"loss": {"zhongtrain_loss": 0.020895418573598393}, "step": 16}
Step:16	{"loss": {"zhongtest_loss": 0.03759901620903794}, "step": 16}
Step:17	{"loss": {"zhongtrain_loss": 0.020189291141072256}, "step": 17}
Step:17	{"loss": {"zhongtest_loss": 0.037496469458755184}, "step": 17}
Step:18	{"loss": {"zhongtrain_loss": 0.019500124649923355}, "step": 18}
Step:18	{"loss": {"zhongtest_loss": 0.03741027627672468}, "step": 18}
Step:19	{"loss": {"zhongtrain_loss": 0.018832195000570328}, "step": 19}
Step:19	{"loss": {"zhongtest_loss": 0.03733066150120327}, "step": 19}
Step:20	{"loss": {"zhongtrain_loss": 0.01818025893852359}, "step": 20}
Step:20	{"loss": {"zhongtest_loss": 0.03725819198452696}, "step": 20}
Step:21	{"loss": {"zhongtrain_loss": 0.01754643096298468}, "step": 21}
Step:21	{"loss": {"zhongtest_loss": 0.037204623222351074}, "step": 21}
Step:22	{"loss": {"zhongtrain_loss": 0.01701842761430584}, "step": 22}
Step:22	{"loss": {"zhongtest_loss": 0.037153029928402026}, "step": 22}
Step:23	{"loss": {"zhongtrain_loss": 0.016498346797755508}, "step": 23}
Step:23	{"loss": {"zhongtest_loss": 0.037107465218524545}, "step": 23}
Step:24	{"loss": {"zhongtrain_loss": 0.015992192948450806}, "step": 24}
Step:24	{"loss": {"zhongtest_loss": 0.03706675402972163}, "step": 24}
Step:25	{"loss": {"zhongtrain_loss": 0.015500697933259557}, "step": 25}
Step:25	{"loss": {"zhongtest_loss": 0.037026509946706344}, "step": 25}
Step:26	{"loss": {"zhongtrain_loss": 0.015020085162803775}, "step": 26}
Step:26	{"loss": {"zhongtest_loss": 0.03699318243532765}, "step": 26}
Step:27	{"loss": {"zhongtrain_loss": 0.014553239111040459}, "step": 27}
Step:27	{"loss": {"zhongtest_loss": 0.03695177058784329}, "step": 27}
Step:28	{"loss": {"zhongtrain_loss": 0.014096461358617564}, "step": 28}
Step:28	{"loss": {"zhongtest_loss": 0.036915202530062925}, "step": 28}
Step:29	{"loss": {"zhongtrain_loss": 0.013654319966425662}, "step": 29}
Step:29	{"loss": {"zhongtest_loss": 0.03688268028959936}, "step": 29}
Step:30	{"loss": {"zhongtrain_loss": 0.013221588291105677}, "step": 30}
Step:30	{"loss": {"zhongtest_loss": 0.03684194477237001}, "step": 30}
Step:31	{"loss": {"zhongtrain_loss": 0.012802038036408971}, "step": 31}
Step:31	{"loss": {"zhongtest_loss": 0.03680283682686942}, "step": 31}
Step:32	{"loss": {"zhongtrain_loss": 0.01239209683215032}, "step": 32}
Step:32	{"loss": {"zhongtest_loss": 0.03676494286984813}, "step": 32}
Step:33	{"loss": {"zhongtrain_loss": 0.011994292501543389}, "step": 33}
Step:33	{"loss": {"zhongtest_loss": 0.036720733253323305}, "step": 33}
Step:34	{"loss": {"zhongtrain_loss": 0.011606199819533551}, "step": 34}
Step:34	{"loss": {"zhongtest_loss": 0.03668372728386704}, "step": 34}
Step:35	{"loss": {"zhongtrain_loss": 0.011229681186988706}, "step": 35}
Step:35	{"loss": {"zhongtest_loss": 0.036641466374299964}, "step": 35}
Step:36	{"loss": {"zhongtrain_loss": 0.010865465539400695}, "step": 36}
Step:36	{"loss": {"zhongtest_loss": 0.03659507936360885}, "step": 36}
Step:37	{"loss": {"zhongtrain_loss": 0.010510250193173767}, "step": 37}
Step:37	{"loss": {"zhongtest_loss": 0.036553570202418735}, "step": 37}
Step:38	{"loss": {"zhongtrain_loss": 0.010168206496316879}, "step": 38}
Step:38	{"loss": {"zhongtest_loss": 0.03650581106847646}, "step": 38}
Step:39	{"loss": {"zhongtrain_loss": 0.00983665126268981}, "step": 39}
Step:39	{"loss": {"zhongtest_loss": 0.036460100388040345}, "step": 39}
Step:40	{"loss": {"zhongtrain_loss": 0.009515505345141301}, "step": 40}
Step:40	{"loss": {"zhongtest_loss": 0.03641135108714201}, "step": 40}
Step:41	{"loss": {"zhongtrain_loss": 0.009207216442608442}, "step": 41}
Step:41	{"loss": {"zhongtest_loss": 0.03636906341630585}, "step": 41}
Step:42	{"loss": {"zhongtrain_loss": 0.008949180118373184}, "step": 42}
Step:42	{"loss": {"zhongtest_loss": 0.03632924751359589}, "step": 42}
Step:43	{"loss": {"zhongtrain_loss": 0.008698949071227527}, "step": 43}
Step:43	{"loss": {"zhongtest_loss": 0.03628483110544633}, "step": 43}
Step:44	{"loss": {"zhongtrain_loss": 0.00845798312640581}, "step": 44}
Step:44	{"loss": {"zhongtest_loss": 0.03624014951744858}, "step": 44}
Step:45	{"loss": {"zhongtrain_loss": 0.00822242166175217}, "step": 45}
Step:45	{"loss": {"zhongtest_loss": 0.03620036767453563}, "step": 45}
Step:46	{"loss": {"zhongtrain_loss": 0.00799597189074657}, "step": 46}
Step:46	{"loss": {"zhongtest_loss": 0.03615765425623679}, "step": 46}
Step:47	{"loss": {"zhongtrain_loss": 0.007775317450038722}, "step": 47}
Step:47	{"loss": {"zhongtest_loss": 0.03611684575372813}, "step": 47}
Step:48	{"loss": {"zhongtrain_loss": 0.007562454118103278}, "step": 48}
Step:48	{"loss": {"zhongtest_loss": 0.036080963757573345}, "step": 48}
Step:49	{"loss": {"zhongtrain_loss": 0.007354942501568404}, "step": 49}
Step:49	{"loss": {"zhongtest_loss": 0.03604705966248804}, "step": 49}
Step:50	{"loss": {"zhongtrain_loss": 0.007155399830614934}, "step": 50}
Step:50	{"loss": {"zhongtest_loss": 0.03601434036177032}, "step": 50}
Step:51	{"loss": {"zhongtrain_loss": 0.006961553800301474}, "step": 51}
Step:51	{"loss": {"zhongtest_loss": 0.03598722876334677}, "step": 51}
Step:52	{"loss": {"zhongtrain_loss": 0.006772994017991863}, "step": 52}
Step:52	{"loss": {"zhongtest_loss": 0.03596129952644815}, "step": 52}
Step:53	{"loss": {"zhongtrain_loss": 0.006591153926536685}, "step": 53}
Step:53	{"loss": {"zhongtest_loss": 0.03594058630417804}, "step": 53}
Step:54	{"loss": {"zhongtrain_loss": 0.006416072610948906}, "step": 54}
Step:54	{"loss": {"zhongtest_loss": 0.03592511829064817}, "step": 54}
Step:55	{"loss": {"zhongtrain_loss": 0.006245554959187742}, "step": 55}
Step:55	{"loss": {"zhongtest_loss": 0.03590551687746632}, "step": 55}
Step:56	{"loss": {"zhongtrain_loss": 0.006081088155996604}, "step": 56}
Step:56	{"loss": {"zhongtest_loss": 0.0358933550970895}, "step": 56}
Step:57	{"loss": {"zhongtrain_loss": 0.005921003759884444}, "step": 57}
Step:57	{"loss": {"zhongtest_loss": 0.035882027781739524}, "step": 57}
Step:58	{"loss": {"zhongtrain_loss": 0.005767454866503105}, "step": 58}
Step:58	{"loss": {"zhongtest_loss": 0.0358715008716194}, "step": 58}
Step:59	{"loss": {"zhongtrain_loss": 0.005617727021702001}, "step": 59}
Step:59	{"loss": {"zhongtest_loss": 0.035859246643222105}, "step": 59}
Step:60	{"loss": {"zhongtrain_loss": 0.005472623911060271}, "step": 60}
Step:60	{"loss": {"zhongtest_loss": 0.03585087523168447}, "step": 60}
Step:61	{"loss": {"zhongtrain_loss": 0.005333214998245239}, "step": 61}
Step:61	{"loss": {"zhongtest_loss": 0.035838900780191224}, "step": 61}
Step:62	{"loss": {"zhongtrain_loss": 0.005215780656845843}, "step": 62}
Step:62	{"loss": {"zhongtest_loss": 0.03583343661561304}, "step": 62}
Step:63	{"loss": {"zhongtrain_loss": 0.005103459612267916}, "step": 63}
Step:63	{"loss": {"zhongtest_loss": 0.035825065204075406}, "step": 63}
Step:64	{"loss": {"zhongtrain_loss": 0.004994430991469837}, "step": 64}
Step:64	{"loss": {"zhongtest_loss": 0.03581338269369943}, "step": 64}
Step:65	{"loss": {"zhongtrain_loss": 0.004887673209925167}, "step": 65}
Step:65	{"loss": {"zhongtest_loss": 0.035801053047180176}, "step": 65}
Step:66	{"loss": {"zhongtrain_loss": 0.004783417846335739}, "step": 66}
Step:66	{"loss": {"zhongtest_loss": 0.03578844848944216}, "step": 66}
Step:67	{"loss": {"zhongtrain_loss": 0.004682863833474331}, "step": 67}
Step:67	{"loss": {"zhongtest_loss": 0.03577949076282735}, "step": 67}
Step:68	{"loss": {"zhongtrain_loss": 0.004585878770859515}, "step": 68}
Step:68	{"loss": {"zhongtest_loss": 0.035763448598433514}, "step": 68}
Step:69	{"loss": {"zhongtrain_loss": 0.004490568989613017}, "step": 69}
Step:69	{"loss": {"zhongtest_loss": 0.03574838200393988}, "step": 69}
Step:70	{"loss": {"zhongtrain_loss": 0.004397961448450558}, "step": 70}
Step:70	{"loss": {"zhongtest_loss": 0.03573273396005436}, "step": 70}
Step:71	{"loss": {"zhongtrain_loss": 0.00430892041472138}, "step": 71}
Step:71	{"loss": {"zhongtest_loss": 0.03571509585088613}, "step": 71}
Step:72	{"loss": {"zhongtrain_loss": 0.004221082222266275}, "step": 72}
Step:72	{"loss": {"zhongtest_loss": 0.035697929713190815}, "step": 72}
Step:73	{"loss": {"zhongtrain_loss": 0.004136596546798456}, "step": 73}
Step:73	{"loss": {"zhongtest_loss": 0.035680174827575684}, "step": 73}
Step:74	{"loss": {"zhongtrain_loss": 0.004054086618736142}, "step": 74}
Step:74	{"loss": {"zhongtest_loss": 0.03566434432049187}, "step": 74}
Step:75	{"loss": {"zhongtrain_loss": 0.003974045397805386}, "step": 75}
Step:75	{"loss": {"zhongtest_loss": 0.03564436338385757}, "step": 75}
Step:76	{"loss": {"zhongtrain_loss": 0.0038955719744572874}, "step": 76}
Step:76	{"loss": {"zhongtest_loss": 0.03562936490895797}, "step": 76}
Step:77	{"loss": {"zhongtrain_loss": 0.0038198440289888224}, "step": 77}
Step:77	{"loss": {"zhongtest_loss": 0.03561340302837138}, "step": 77}
Step:78	{"loss": {"zhongtrain_loss": 0.0037461851463943233}, "step": 78}
Step:78	{"loss": {"zhongtest_loss": 0.035597414386515716}, "step": 78}
Step:79	{"loss": {"zhongtrain_loss": 0.003674143161930022}, "step": 79}
Step:79	{"loss": {"zhongtest_loss": 0.035583673691263}, "step": 79}
Step:80	{"loss": {"zhongtrain_loss": 0.0036048451896573677}, "step": 80}
Step:80	{"loss": {"zhongtest_loss": 0.03556757313864572}, "step": 80}
Step:81	{"loss": {"zhongtrain_loss": 0.0035365495036859982}, "step": 81}
Step:81	{"loss": {"zhongtest_loss": 0.03555130958557129}, "step": 81}
Step:82	{"loss": {"zhongtrain_loss": 0.0034796551602785703}, "step": 82}
Step:82	{"loss": {"zhongtest_loss": 0.03553659575326102}, "step": 82}
Step:83	{"loss": {"zhongtrain_loss": 0.0034236700319852987}, "step": 83}
Step:83	{"loss": {"zhongtest_loss": 0.0355229985957243}, "step": 83}
Step:84	{"loss": {"zhongtrain_loss": 0.003369680437885347}, "step": 84}
Step:84	{"loss": {"zhongtest_loss": 0.035514434989617795}, "step": 84}
Step:85	{"loss": {"zhongtrain_loss": 0.0033164808496100005}, "step": 85}
Step:85	{"loss": {"zhongtest_loss": 0.03550297630076506}, "step": 85}
Step:86	{"loss": {"zhongtrain_loss": 0.003264767224671411}, "step": 86}
Step:86	{"loss": {"zhongtest_loss": 0.035490247668052206}, "step": 86}
Step:87	{"loss": {"zhongtrain_loss": 0.0032141848665768985}, "step": 87}
Step:87	{"loss": {"zhongtest_loss": 0.03547778664803018}, "step": 87}
Step:88	{"loss": {"zhongtrain_loss": 0.0031647867843753}, "step": 88}
Step:88	{"loss": {"zhongtest_loss": 0.035469699879081884}, "step": 88}
Step:89	{"loss": {"zhongtrain_loss": 0.0031162385569244136}, "step": 89}
Step:89	{"loss": {"zhongtest_loss": 0.03546169825962612}, "step": 89}
Step:90	{"loss": {"zhongtrain_loss": 0.0030691689643703524}, "step": 90}
Step:90	{"loss": {"zhongtest_loss": 0.03545223206889873}, "step": 90}
Step:91	{"loss": {"zhongtrain_loss": 0.003023083581299078}, "step": 91}
Step:91	{"loss": {"zhongtest_loss": 0.03544268802720673}, "step": 91}
Step:92	{"loss": {"zhongtrain_loss": 0.002977796509617665}, "step": 92}
Step:92	{"loss": {"zhongtest_loss": 0.0354353700365339}, "step": 92}
Step:93	{"loss": {"zhongtrain_loss": 0.00293385811516496}, "step": 93}
Step:93	{"loss": {"zhongtest_loss": 0.03542668235545256}, "step": 93}
Step:94	{"loss": {"zhongtrain_loss": 0.0028906276480096284}, "step": 94}
Step:94	{"loss": {"zhongtest_loss": 0.03541238697207704}, "step": 94}
Step:95	{"loss": {"zhongtrain_loss": 0.002847961226447684}, "step": 95}
Step:95	{"loss": {"zhongtest_loss": 0.03540531469851124}, "step": 95}
Step:96	{"loss": {"zhongtrain_loss": 0.002807100288203505}, "step": 96}
Step:96	{"loss": {"zhongtest_loss": 0.03539761961722861}, "step": 96}
Step:97	{"loss": {"zhongtrain_loss": 0.00276633584108509}, "step": 97}
Step:97	{"loss": {"zhongtest_loss": 0.03538821181472467}, "step": 97}
Step:98	{"loss": {"zhongtrain_loss": 0.002726733195977133}, "step": 98}
Step:98	{"loss": {"zhongtest_loss": 0.035378475578463804}, "step": 98}
Step:99	{"loss": {"zhongtrain_loss": 0.0026879606188320725}, "step": 99}
Step:99	{"loss": {"zhongtest_loss": 0.03537177552982253}, "step": 99}
Step:100	{"loss": {"zhongtrain_loss": 0.002649865922380666}, "step": 100}
Step:100	{"loss": {"zhongtest_loss": 0.03536549636295864}, "step": 100}
